Array length: 1130
Number of log files for MCOD: 60
Number of log files for RTOD: 71
[s_stk_50000.log] is checked
[s_tao_1000.log] is checked
[s_gau_10000.log] is checked
[r_gau_.007.log] is checked
mcod outlier: 1131
rtod outlier: 1130
log_file=k_tao_100.log, mcod_outliers[371]=31, rtod_outliers[370]=32
[k_tao_100.log] is checked
[w_tao_1000.log] is checked
[w_tao_20000.log] is checked
[k_gau_70.log] is checked
mcod outlier: 190
rtod outlier: 189
log_file=k_stk_100.log, mcod_outliers[2]=589, rtod_outliers[1]=590
[k_stk_100.log] is checked
[r_stk_.450.log] is checked
[s_gau_5000.log] is checked
[s_stk_5000.log] is checked
mcod outlier: 181
rtod outlier: 180
log_file=k_gau_100.log, mcod_outliers[2]=2756, rtod_outliers[1]=2754
[k_gau_100.log] is checked
[r_gau_.028.log] is checked
[k_stk_30.log] is checked
[s_tao_2000.log] is checked
[w_tao_5000.log] is checked
[w_tao_10000.log] is checked
[w_stk_10000.log] is checked
[w_stk_200000.log] is checked
[k_tao_50.log] is checked
[s_gau_20000.log] is checked
[s_tao_10000.log] is checked
[k_tao_70.log] is checked
[k_tao_10.log] is checked
[w_tao_15000.log] is checked
[r_gau_.140.log] is checked
[w_gau_200000.log] is checked
[s_stk_20000.log] is checked
[r_stk_.225.log] is checked
[w_stk_100000.log] is checked
[w_gau_150000.log] is checked
mcod outlier: 190
rtod outlier: 189
log_file=r_stk_4.500.log, mcod_outliers[79]=22, rtod_outliers[78]=24
[r_stk_4.500.log] is checked
[r_tao_.95.log] is checked
[r_tao_19.00.log] is checked
[w_gau_100000.log] is checked
[k_gau_30.log] is checked
[w_gau_10000.log] is checked
[r_gau_.280.log] is checked
[s_stk_100000.log] is checked
[k_tao_30.log] is checked
[w_gau_50000.log] is checked
[k_stk_10.log] is checked
[k_gau_10.log] is checked
mcod outlier: 190
rtod outlier: 189
log_file=r_stk_2.250.log, mcod_outliers[16]=37, rtod_outliers[15]=38
[r_stk_2.250.log] is checked
mcod outlier: 190
rtod outlier: 189
log_file=k_stk_70.log, mcod_outliers[55]=617, rtod_outliers[54]=618
[k_stk_70.log] is checked
[w_stk_50000.log] is checked
[s_gau_100000.log] is checked
[s_tao_5000.log] is checked
[k_gau_50.log] is checked
[s_gau_50000.log] is checked
[r_gau_.014.log] is checked
[r_tao_1.90.log] is checked
[r_stk_.1125.log] is checked
[k_stk_50.log] is checked
[w_stk_150000.log] is checked
[s_stk_10000.log] is checked
mcod outlier: 1131
rtod outlier: 1130
log_file=r_tao_.475.log, mcod_outliers[7]=1269, rtod_outliers[6]=1270
[r_tao_.475.log] is checked
[r_tao_9.50.log] is checked
[s_tao_500.log] is checked
