src/mtree/MTree.java:756: è­¦å‘Š: '_' ç”¨ä½œæ ‡è¯†ç¬¦
				IndexItem _ = thisNode.children.remove(child.data);
				          ^
  (Java SE 8 ä¹‹åçš„å‘è¡Œç‰ˆä¸­å¯èƒ½ä¸æ”¯æŒprocessing tao, vary window, window = 20000
.java:757: è­¦å‘Š: '_' ç”¨ä½œæ ‡è¯†ç¬¦
				assert _ != null;
				       ^
  (Java SE 8 ä¹‹åçš„å‘è¡Œç‰ˆä¸­å¯èƒ½ä¸æ”¯æŒä½¿ç”¨ '_' ä½œä¸ºæ ‡è¯†ç¬¦)
src/mtree/MTree.java:804: è­¦å‘Š: '_' ç”¨ä½œæ ‡è¯†ç¬¦
						IndexItem _ = thisNode.children.remove(existingChild.data);
						          ^
  (Java SE 8 ä¹‹åçš„å‘è¡Œç‰ˆä¸­å¯èƒ½ä¸æ”¯æŒä½¿ç”¨ '_' ä½œä¸ºæ ‡è¯†ç¬¦)
src/mtree/MTree.java:805: è­¦å‘Š: '_' ç”¨ä½œæ ‡è¯†ç¬¦
						assert _ != null;
						       ^
  (Java SE 8 ä¹‹åçš„å‘è¡Œç‰ˆä¸­å¯èƒ½ä¸æ”¯æŒä½¿ç”¨ '_' ä½œä¸ºæ ‡è¯†ç¬¦)
src/mtree/MTree.java:906: è­¦å‘Š: '_' ç”¨ä½œæ ‡è¯†ç¬¦
				IndexItem _ = nearestDonor.children.remove(nearestGrandchild.data);
				          ^
  (Java SE 8 ä¹‹åçš„å‘è¡Œç‰ˆä¸­å¯èƒ½ä¸æ”¯æŒä½¿ç”¨ '_' ä½œä¸ºæ ‡è¯†ç¬¦)
src/mtree/MTree.java:907: è­¦å‘Š: '_' ç”¨ä½œæ ‡è¯†ç¬¦
				assert _ != null;
				       ^
  (Java SE 8 ä¹‹åçš„å‘è¡Œç‰ˆä¸­å¯èƒ½ä¸æ”¯æŒä½¿ç”¨ '_' ä½œä¸ºæ ‡è¯†ç¬¦)
æ³¨: src/mtree/tests/MTTest.javaä½¿ç”¨æˆ–è¦†ç›–äº†å·²è¿‡æ—¶çš„ APIã€‚
æ³¨: æœ‰å…³è¯¦ç»†ä¿¡æ¯, è¯·ä½¿ç”¨ -Xlint:deprecation é‡æ–°ç¼–è¯‘ã€‚
6 ä¸ªè­¦å‘Š
processing tao, vary window, window = 1000
processing tao, vary window, window = 5000
processing tao, vary window, window = 10000
processing tao, vary window, window = 15000
Exception in thread "main" java.lang.IllegalArgumentException: fromIndex(575500) > toIndex(575468)
	at java.util.ArrayList.subListRangeCheck(ArrayList.java:1016)
	at java.util.ArrayList.subList(ArrayList.java:1006)
	at mtree.tests.Stream.getIncomingData(Stream.java:38)
	at mtree.tests.MTTest.main(MTTest.java:43)
vary_params.sh: ç¬¬ 17 è¡Œï¼š 201668 å·²æ€æ­»               java -cp out mtree.tests.MTTest --algorithm microCluster --W ${w} --slide 500 --R 1.9 --k 50 --datafile tao.txt --numberWindow 1130 > ${dir_path}/w_tao_${w}.log
processing tao, vary window, window = 20000
Exception in thread "main" java.lang.IllegalArgumentException: fromIndex(575500) > toIndex(575468)
	at java.util.ArrayList.subListRangeCheck(ArrayList.java:1016)
	at java.util.ArrayList.subList(ArrayList.java:1006)
	at mtree.tests.Stream.getIncomingData(Stream.java:38)
	at mtree.tests.MTTest.main(MTTest.java:43)
