#window: 1
Total #outliers: 254
Average Time: 0.0
Peak memory: 84.58647918701172
Time index, remove data from structure: 0.0
Time for querying: 0.0
Time for new slide: 0.0
Time for expired slide: 0.0
------------------------------------
Number clusters = 0.0
Max  Number points in event queue = 0.0
Avg number points in clusters= 0.0
Avg Rmc size = 0.0
Avg Length exps= 0.0
#window: 2
Total #outliers: 257
Average Time: 0.052664785
Peak memory: 84.58647918701172
Time index, remove data from structure: 0.001285725
Time for querying: 0.0
Time for new slide: 0.042971988
Time for expired slide: 0.009690628
------------------------------------
Number clusters = 0.0
Max  Number points in event queue = 0.0
Avg number points in clusters= 0.0
Avg Rmc size = 0.0
Avg Length exps= 0.0
#window: 3
Total #outliers: 257
Average Time: 0.06795151733333334
Peak memory: 84.58647918701172
Time index, remove data from structure: 0.0013722496666666668
Time for querying: 0.0
Time for new slide: 0.05620525166666667
Time for expired slide: 0.011743772666666666
------------------------------------
Number clusters = 0.0
Max  Number points in event queue = 0.0
Avg number points in clusters= 0.0
Avg Rmc size = 0.0
Avg Length exps= 0.0
#window: 4
Total #outliers: 260
Average Time: 0.0747932595
Peak memory: 84.58647918701172
Time index, remove data from structure: 0.00139042775
Time for querying: 0.0
Time for new slide: 0.06208424575
Time for expired slide: 0.012706321
------------------------------------
Number clusters = 0.0
Max  Number points in event queue = 0.0
Avg number points in clusters= 0.0
Avg Rmc size = 0.0
Avg Length exps= 0.0
#window: 5
Total #outliers: 260
Average Time: 0.0786984776
Peak memory: 84.58647918701172
Time index, remove data from structure: 0.0014020842000000001
Time for querying: 0.0
Time for new slide: 0.0655789874
Time for expired slide: 0.013116818799999999
------------------------------------
Number clusters = 0.0
Max  Number points in event queue = 0.0
Avg number points in clusters= 0.0
Avg Rmc size = 0.0
Avg Length exps= 0.0
#window: 6
Total #outliers: 249
Average Time: 0.08093129816666667
Peak memory: 84.58647918701172
Time index, remove data from structure: 0.0014212378333333334
Time for querying: 0.0
Time for new slide: 0.06751777283333334
Time for expired slide: 0.013410870166666667
------------------------------------
Number clusters = 0.0
Max  Number points in event queue = 0.0
Avg number points in clusters= 0.0
Avg Rmc size = 0.0
Avg Length exps= 0.0
#window: 7
Total #outliers: 252
Average Time: 0.08345853357142856
Peak memory: 84.58647918701172
Time index, remove data from structure: 0.00150764
Time for querying: 0.0
Time for new slide: 0.06940068871428572
Time for expired slide: 0.0140552
------------------------------------
Number clusters = 0.0
Max  Number points in event queue = 0.0
Avg number points in clusters= 0.0
Avg Rmc size = 0.0
Avg Length exps= 0.0
#window: 8
Total #outliers: 249
Average Time: 0.08493200299999999
Peak memory: 84.58647918701172
Time index, remove data from structure: 0.001526555125
Time for querying: 0.0
Time for new slide: 0.070716782125
Time for expired slide: 0.014212565375
------------------------------------
Number clusters = 0.0
Max  Number points in event queue = 0.0
Avg number points in clusters= 0.0
Avg Rmc size = 0.0
Avg Length exps= 0.0
#window: 9
Total #outliers: 242
Average Time: 0.085915326
Peak memory: 84.58647918701172
Time index, remove data from structure: 0.001531145
Time for querying: 0.0
Time for new slide: 0.07135060822222222
Time for expired slide: 0.014562060222222221
------------------------------------
Number clusters = 0.0
Max  Number points in event queue = 0.0
Avg number points in clusters= 0.0
Avg Rmc size = 0.0
Avg Length exps= 0.0
#window: 10
Total #outliers: 235
Average Time: 0.0863694939
Peak memory: 84.58647918701172
Time index, remove data from structure: 0.0015313272
Time for querying: 0.0
Time for new slide: 0.071766002
Time for expired slide: 0.0146008654
------------------------------------
Number clusters = 0.0
Max  Number points in event queue = 0.0
Avg number points in clusters= 0.0
Avg Rmc size = 0.0
Avg Length exps= 0.0
#window: 11
Total #outliers: 244
Average Time: 0.08681127336363635
Peak memory: 84.58647918701172
Time index, remove data from structure: 0.0015395929090909093
Time for querying: 0.0
Time for new slide: 0.0721780360909091
Time for expired slide: 0.014630612909090908
------------------------------------
Number clusters = 0.0
Max  Number points in event queue = 0.0
Avg number points in clusters= 0.0
Avg Rmc size = 0.0
Avg Length exps= 0.0
#window: 12
Total #outliers: 247
Average Time: 0.08740571599999998
Peak memory: 84.58647918701172
Time index, remove data from structure: 0.001552722
Time for querying: 0.0
Time for new slide: 0.07262011583333333
Time for expired slide: 0.01478299425
------------------------------------
Number clusters = 0.0
Max  Number points in event queue = 0.0
Avg number points in clusters= 0.0
Avg Rmc size = 0.0
Avg Length exps= 0.0
#window: 13
Total #outliers: 252
Average Time: 0.08792458915384614
Peak memory: 84.58647918701172
Time index, remove data from structure: 0.0015605622307692307
Time for querying: 0.0
Time for new slide: 0.07301334376923077
Time for expired slide: 0.014908626
------------------------------------
Number clusters = 0.0
Max  Number points in event queue = 0.0
Avg number points in clusters= 0.0
Avg Rmc size = 0.0
Avg Length exps= 0.0
#window: 14
Total #outliers: 245
Average Time: 0.0882685177142857
Peak memory: 84.58647918701172
Time index, remove data from structure: 0.0015651327142857142
Time for querying: 0.0
Time for new slide: 0.0732670417142857
Time for expired slide: 0.014998836714285714
------------------------------------
Number clusters = 0.0
Max  Number points in event queue = 0.0
Avg number points in clusters= 0.0
Avg Rmc size = 0.0
Avg Length exps= 0.0
#window: 15
Total #outliers: 249
Average Time: 0.08837286626666667
Peak memory: 84.58647918701172
Time index, remove data from structure: 0.0015543035333333332
Time for querying: 0.0
Time for new slide: 0.07339659013333333
Time for expired slide: 0.014973023266666666
------------------------------------
Number clusters = 0.0
Max  Number points in event queue = 0.0
Avg number points in clusters= 0.0
Avg Rmc size = 0.0
Avg Length exps= 0.0
#window: 16
Total #outliers: 253
Average Time: 0.08847518224999999
Peak memory: 84.58647918701172
Time index, remove data from structure: 0.00154630475
Time for querying: 0.0
Time for new slide: 0.073510944
Time for expired slide: 0.0149609946875
------------------------------------
Number clusters = 0.0
Max  Number points in event queue = 0.0
Avg number points in clusters= 0.0
Avg Rmc size = 0.0
Avg Length exps= 0.0
#window: 17
Total #outliers: 243
Average Time: 0.08857817952941176
Peak memory: 84.58647918701172
Time index, remove data from structure: 0.001537829705882353
Time for querying: 0.0
Time for new slide: 0.07363412558823529
Time for expired slide: 0.014940799176470588
------------------------------------
Number clusters = 0.0
Max  Number points in event queue = 0.0
Avg number points in clusters= 0.0
Avg Rmc size = 0.0
Avg Length exps= 0.0
#window: 18
Total #outliers: 253
Average Time: 0.08871513866666667
Peak memory: 84.58647918701172
Time index, remove data from structure: 0.0015324735555555555
Time for querying: 0.0
Time for new slide: 0.07373607894444445
Time for expired slide: 0.014975813333333334
------------------------------------
Number clusters = 0.0
Max  Number points in event queue = 0.0
Avg number points in clusters= 0.0
Avg Rmc size = 0.0
Avg Length exps= 0.0
#window: 19
Total #outliers: 245
Average Time: 0.08877327831578948
Peak memory: 84.58647918701172
Time index, remove data from structure: 0.0015264371052631578
Time for querying: 0.0
Time for new slide: 0.07379851457894737
Time for expired slide: 0.014971538000000001
------------------------------------
Number clusters = 0.0
Max  Number points in event queue = 0.0
Avg number points in clusters= 0.0
Avg Rmc size = 0.0
Avg Length exps= 0.0
#window: 20
Total #outliers: 258
Average Time: 0.08880433985
Peak memory: 84.58647918701172
Time index, remove data from structure: 0.00151982485
Time for querying: 0.0
Time for new slide: 0.0738683966
Time for expired slide: 0.014932735050000001
------------------------------------
Number clusters = 0.0
Max  Number points in event queue = 0.0
Avg number points in clusters= 0.0
Avg Rmc size = 0.0
Avg Length exps= 0.0
#window: 21
Total #outliers: 260
Average Time: 0.08888435433333333
Peak memory: 84.58647918701172
Time index, remove data from structure: 0.0015093997142857142
Time for querying: 0.0
Time for new slide: 0.07396296214285714
Time for expired slide: 0.014918214190476191
------------------------------------
Number clusters = 0.0
Max  Number points in event queue = 0.0
Avg number points in clusters= 0.0
Avg Rmc size = 0.0
Avg Length exps= 0.0
#window: 22
Total #outliers: 250
Average Time: 0.08897441218181817
Peak memory: 84.58647918701172
Time index, remove data from structure: 0.0015077124545454547
Time for querying: 0.0
Time for new slide: 0.074041447
Time for expired slide: 0.014929799636363638
------------------------------------
Number clusters = 0.0
Max  Number points in event queue = 0.0
Avg number points in clusters= 0.0
Avg Rmc size = 0.0
Avg Length exps= 0.0
#window: 23
Total #outliers: 258
Average Time: 0.08908853604347824
Peak memory: 84.58647918701172
Time index, remove data from structure: 0.0015062332173913044
Time for querying: 0.0
Time for new slide: 0.07412929382608695
Time for expired slide: 0.014956069565217391
------------------------------------
Number clusters = 0.0
Max  Number points in event queue = 0.0
Avg number points in clusters= 0.0
Avg Rmc size = 0.0
Avg Length exps= 0.0
#window: 24
Total #outliers: 255
Average Time: 0.08917609016666665
Peak memory: 84.58647918701172
Time index, remove data from structure: 0.0014979355416666668
Time for querying: 0.0
Time for new slide: 0.07420905162500001
Time for expired slide: 0.014963684583333333
------------------------------------
Number clusters = 0.0
Max  Number points in event queue = 0.0
Avg number points in clusters= 0.0
Avg Rmc size = 0.0
Avg Length exps= 0.0
#window: 25
Total #outliers: 262
Average Time: 0.08918799675999999
Peak memory: 84.58647918701172
Time index, remove data from structure: 0.00149202232
Time for querying: 0.0
Time for new slide: 0.07422520868
Time for expired slide: 0.014959455399999998
------------------------------------
Number clusters = 0.0
Max  Number points in event queue = 0.0
Avg number points in clusters= 0.0
Avg Rmc size = 0.0
Avg Length exps= 0.0
#window: 26
Total #outliers: 256
Average Time: 0.08931039099999999
Peak memory: 84.58647918701172
Time index, remove data from structure: 0.0014880096538461539
Time for querying: 0.0
Time for new slide: 0.07437732919230769
Time for expired slide: 0.014929737
------------------------------------
Number clusters = 0.0
Max  Number points in event queue = 0.0
Avg number points in clusters= 0.0
Avg Rmc size = 0.0
Avg Length exps= 0.0
#window: 27
Total #outliers: 252
Average Time: 0.08937364025925924
Peak memory: 84.58647918701172
Time index, remove data from structure: 0.0014832193703703703
Time for querying: 0.0
Time for new slide: 0.0744456418888889
Time for expired slide: 0.014924700629629629
------------------------------------
Number clusters = 0.0
Max  Number points in event queue = 0.0
Avg number points in clusters= 0.0
Avg Rmc size = 0.0
Avg Length exps= 0.0
#window: 28
Total #outliers: 259
Average Time: 0.08940577339285713
Peak memory: 84.58647918701172
Time index, remove data from structure: 0.0014786616071428573
Time for querying: 0.0
Time for new slide: 0.07449164885714286
Time for expired slide: 0.014910845285714286
------------------------------------
Number clusters = 0.0
Max  Number points in event queue = 0.0
Avg number points in clusters= 0.0
Avg Rmc size = 0.0
Avg Length exps= 0.0
#window: 29
Total #outliers: 264
Average Time: 0.08943668503448274
Peak memory: 84.58647918701172
Time index, remove data from structure: 0.001472067379310345
Time for querying: 0.0
Time for new slide: 0.07455632755172413
Time for expired slide: 0.014877101
------------------------------------
Number clusters = 0.0
Max  Number points in event queue = 0.0
Avg number points in clusters= 0.0
Avg Rmc size = 0.0
Avg Length exps= 0.0
#window: 30
Total #outliers: 262
Average Time: 0.08947810523333331
Peak memory: 84.58647918701172
Time index, remove data from structure: 0.0014668131
Time for querying: 0.0
Time for new slide: 0.07462082973333332
Time for expired slide: 0.014854031533333334
------------------------------------
Number clusters = 0.0
Max  Number points in event queue = 0.0
Avg number points in clusters= 0.0
Avg Rmc size = 0.0
Avg Length exps= 0.0
#window: 31
Total #outliers: 265
Average Time: 0.08946933183870966
Peak memory: 84.58647918701172
Time index, remove data from structure: 0.0014624675483870966
Time for querying: 0.0
Time for new slide: 0.07462930851612903
Time for expired slide: 0.014836813645161291
------------------------------------
Number clusters = 0.0
Max  Number points in event queue = 0.0
Avg number points in clusters= 0.0
Avg Rmc size = 0.0
Avg Length exps= 0.0
#window: 32
Total #outliers: 253
Average Time: 0.08940841112499998
Peak memory: 84.58647918701172
Time index, remove data from structure: 0.0014545294375
Time for querying: 0.0
Time for new slide: 0.0745954345
Time for expired slide: 0.01480978734375
------------------------------------
Number clusters = 0.0
Max  Number points in event queue = 0.0
Avg number points in clusters= 0.0
Avg Rmc size = 0.0
Avg Length exps= 0.0
#window: 33
Total #outliers: 251
Average Time: 0.08938768524242423
Peak memory: 84.58647918701172
Time index, remove data from structure: 0.0014468872727272728
Time for querying: 0.0
Time for new slide: 0.07459207348484849
Time for expired slide: 0.014792435424242424
------------------------------------
Number clusters = 0.0
Max  Number points in event queue = 0.0
Avg number points in clusters= 0.0
Avg Rmc size = 0.0
Avg Length exps= 0.0
#window: 34
Total #outliers: 254
Average Time: 0.08931119497058822
Peak memory: 84.58647918701172
Time index, remove data from structure: 0.0014461051764705882
Time for querying: 0.0
Time for new slide: 0.0745158506764706
Time for expired slide: 0.014792171529411764
------------------------------------
Number clusters = 0.0
Max  Number points in event queue = 0.0
Avg number points in clusters= 0.0
Avg Rmc size = 0.0
Avg Length exps= 0.0
#window: 35
Total #outliers: 255
Average Time: 0.08926507665714284
Peak memory: 84.58647918701172
Time index, remove data from structure: 0.0014410188571428572
Time for querying: 0.0
Time for new slide: 0.07449473111428571
Time for expired slide: 0.014767183742857142
------------------------------------
Number clusters = 0.0
Max  Number points in event queue = 0.0
Avg number points in clusters= 0.0
Avg Rmc size = 0.0
Avg Length exps= 0.0
#window: 36
Total #outliers: 249
Average Time: 0.0892085162222222
Peak memory: 84.58647918701172
Time index, remove data from structure: 0.0014367396944444445
Time for querying: 0.0
Time for new slide: 0.07444603863888889
Time for expired slide: 0.014759328861111112
------------------------------------
Number clusters = 0.0
Max  Number points in event queue = 0.0
Avg number points in clusters= 0.0
Avg Rmc size = 0.0
Avg Length exps= 0.0
#window: 37
Total #outliers: 252
Average Time: 0.08920233845945945
Peak memory: 84.58647918701172
Time index, remove data from structure: 0.0014316836756756758
Time for querying: 0.0
Time for new slide: 0.07445375081081082
Time for expired slide: 0.014745447054054055
------------------------------------
Number clusters = 0.0
Max  Number points in event queue = 0.0
Avg number points in clusters= 0.0
Avg Rmc size = 0.0
Avg Length exps= 0.0
#window: 38
Total #outliers: 255
Average Time: 0.08916768184210526
Peak memory: 84.58647918701172
Time index, remove data from structure: 0.001425331552631579
Time for querying: 0.0
Time for new slide: 0.07443961789473684
Time for expired slide: 0.014724934263157895
------------------------------------
Number clusters = 0.0
Max  Number points in event queue = 0.0
Avg number points in clusters= 0.0
Avg Rmc size = 0.0
Avg Length exps= 0.0
#window: 39
Total #outliers: 259
Average Time: 0.0891680997948718
Peak memory: 84.58647918701172
Time index, remove data from structure: 0.0014241877692307693
Time for querying: 0.0
Time for new slide: 0.07443896917948718
Time for expired slide: 0.014726006538461539
------------------------------------
Number clusters = 0.0
Max  Number points in event queue = 0.0
Avg number points in clusters= 0.0
Avg Rmc size = 0.0
Avg Length exps= 0.0
#window: 40
Total #outliers: 261
Average Time: 0.08916591175
Peak memory: 84.58647918701172
Time index, remove data from structure: 0.0014189549500000002
Time for querying: 0.0
Time for new slide: 0.07444890309999999
Time for expired slide: 0.014713899775
------------------------------------
Number clusters = 0.0
Max  Number points in event queue = 0.0
Avg number points in clusters= 0.0
Avg Rmc size = 0.0
Avg Length exps= 0.0
#window: 41
Total #outliers: 254
Average Time: 0.08920760999999999
Peak memory: 84.58647918701172
Time index, remove data from structure: 0.0014162283414634147
Time for querying: 0.0
Time for new slide: 0.07449331439024391
Time for expired slide: 0.014711200609756097
------------------------------------
Number clusters = 0.0
Max  Number points in event queue = 0.0
Avg number points in clusters= 0.0
Avg Rmc size = 0.0
Avg Length exps= 0.0
#window: 42
Total #outliers: 261
Average Time: 0.08925127509523809
Peak memory: 84.58647918701172
Time index, remove data from structure: 0.001414646119047619
Time for querying: 0.0
Time for new slide: 0.07453160907142857
Time for expired slide: 0.014716576571428571
------------------------------------
Number clusters = 0.0
Max  Number points in event queue = 0.0
Avg number points in clusters= 0.0
Avg Rmc size = 0.0
Avg Length exps= 0.0
#window: 43
Total #outliers: 262
Average Time: 0.08929191576744185
Peak memory: 84.58647918701172
Time index, remove data from structure: 0.0014113874186046512
Time for querying: 0.0
Time for new slide: 0.07455917669767442
Time for expired slide: 0.014729642348837209
------------------------------------
Number clusters = 0.0
Max  Number points in event queue = 0.0
Avg number points in clusters= 0.0
Avg Rmc size = 0.0
Avg Length exps= 0.0
#window: 44
Total #outliers: 256
Average Time: 0.08933196188636362
Peak memory: 84.58647918701172
Time index, remove data from structure: 0.0014062377499999999
Time for querying: 0.0
Time for new slide: 0.0746105811590909
Time for expired slide: 0.014718287272727271
------------------------------------
Number clusters = 0.0
Max  Number points in event queue = 0.0
Avg number points in clusters= 0.0
Avg Rmc size = 0.0
Avg Length exps= 0.0
#window: 45
Total #outliers: 254
Average Time: 0.08943814551111111
Peak memory: 84.58647918701172
Time index, remove data from structure: 0.0014069222444444446
Time for querying: 0.0
Time for new slide: 0.07467418853333334
Time for expired slide: 0.014760867933333333
------------------------------------
Number clusters = 0.0
Max  Number points in event queue = 0.0
Avg number points in clusters= 0.0
Avg Rmc size = 0.0
Avg Length exps= 0.0
#window: 46
Total #outliers: 254
Average Time: 0.08949262726086957
Peak memory: 84.58647918701172
Time index, remove data from structure: 0.0014060515434782608
Time for querying: 0.0
Time for new slide: 0.07472932445652174
Time for expired slide: 0.014760208739130434
------------------------------------
Number clusters = 0.0
Max  Number points in event queue = 0.0
Avg number points in clusters= 0.0
Avg Rmc size = 0.0
Avg Length exps= 0.0
#window: 47
Total #outliers: 249
Average Time: 0.08957804682978723
Peak memory: 84.58647918701172
Time index, remove data from structure: 0.0014040061702127662
Time for querying: 0.0
Time for new slide: 0.07481202568085106
Time for expired slide: 0.014762924276595745
------------------------------------
Number clusters = 0.0
Max  Number points in event queue = 0.0
Avg number points in clusters= 0.0
Avg Rmc size = 0.0
Avg Length exps= 0.0
#window: 48
Total #outliers: 242
Average Time: 0.089643061625
Peak memory: 84.58647918701172
Time index, remove data from structure: 0.001402249375
Time for querying: 0.0
Time for new slide: 0.07486771389583334
Time for expired slide: 0.014772251416666667
------------------------------------
Number clusters = 0.0
Max  Number points in event queue = 0.0
Avg number points in clusters= 0.0
Avg Rmc size = 0.0
Avg Length exps= 0.0
#window: 49
Total #outliers: 248
Average Time: 0.08970160665306122
Peak memory: 84.58647918701172
Time index, remove data from structure: 0.0014010860000000002
Time for querying: 0.0
Time for new slide: 0.07493189193877552
Time for expired slide: 0.01476662512244898
------------------------------------
Number clusters = 0.0
Max  Number points in event queue = 0.0
Avg number points in clusters= 0.0
Avg Rmc size = 0.0
Avg Length exps= 0.0
#window: 50
Total #outliers: 240
Average Time: 0.08976477127999999
Peak memory: 84.58647918701172
Time index, remove data from structure: 0.0013993925199999998
Time for querying: 0.0
Time for new slide: 0.07498926342
Time for expired slide: 0.01477242228
------------------------------------
Number clusters = 0.0
Max  Number points in event queue = 0.0
Avg number points in clusters= 0.0
Avg Rmc size = 0.0
Avg Length exps= 0.0
#window: 51
Total #outliers: 234
Average Time: 0.08982195233333333
Peak memory: 84.58647918701172
Time index, remove data from structure: 0.0013958356862745097
Time for querying: 0.0
Time for new slide: 0.07504728723529412
Time for expired slide: 0.014771583235294117
------------------------------------
Number clusters = 0.0
Max  Number points in event queue = 0.0
Avg number points in clusters= 0.0
Avg Rmc size = 0.0
Avg Length exps= 0.0
#window: 52
Total #outliers: 230
Average Time: 0.08987028921153846
Peak memory: 84.58647918701172
Time index, remove data from structure: 0.0013924090192307692
Time for querying: 0.0
Time for new slide: 0.07509882826923077
Time for expired slide: 0.014768391788461538
------------------------------------
Number clusters = 0.0
Max  Number points in event queue = 0.0
Avg number points in clusters= 0.0
Avg Rmc size = 0.0
Avg Length exps= 0.0
#window: 53
Total #outliers: 236
Average Time: 0.08990840769811322
Peak memory: 84.58647918701172
Time index, remove data from structure: 0.0013907261886792453
Time for querying: 0.0
Time for new slide: 0.07513744166037736
Time for expired slide: 0.014767898188679246
------------------------------------
Number clusters = 0.0
Max  Number points in event queue = 0.0
Avg number points in clusters= 0.0
Avg Rmc size = 0.0
Avg Length exps= 0.0
#window: 54
Total #outliers: 234
Average Time: 0.08997102850000001
Peak memory: 84.58647918701172
Time index, remove data from structure: 0.001388675740740741
Time for querying: 0.0
Time for new slide: 0.07519329322222222
Time for expired slide: 0.014774683703703703
------------------------------------
Number clusters = 0.0
Max  Number points in event queue = 0.0
Avg number points in clusters= 0.0
Avg Rmc size = 0.0
Avg Length exps= 0.0
#window: 55
Total #outliers: 237
Average Time: 0.09003692027272728
Peak memory: 84.58647918701172
Time index, remove data from structure: 0.001388945909090909
Time for querying: 0.0
Time for new slide: 0.0752458598909091
Time for expired slide: 0.014788014854545456
------------------------------------
Number clusters = 0.0
Max  Number points in event queue = 0.0
Avg number points in clusters= 0.0
Avg Rmc size = 0.0
Avg Length exps= 0.0
#window: 56
Total #outliers: 239
Average Time: 0.09008459271428572
Peak memory: 84.58647918701172
Time index, remove data from structure: 0.0013887357678571428
Time for querying: 0.0
Time for new slide: 0.075280320125
Time for expired slide: 0.014801232892857143
------------------------------------
Number clusters = 0.0
Max  Number points in event queue = 0.0
Avg number points in clusters= 0.0
Avg Rmc size = 0.0
Avg Length exps= 0.0
#window: 57
Total #outliers: 244
Average Time: 0.09060293845614036
Peak memory: 84.58647918701172
Time index, remove data from structure: 0.0013873757368421053
Time for querying: 0.0
Time for new slide: 0.07580323128070175
Time for expired slide: 0.014796670245614036
------------------------------------
Number clusters = 0.0
Max  Number points in event queue = 0.0
Avg number points in clusters= 0.0
Avg Rmc size = 0.0
Avg Length exps= 0.0
#window: 58
Total #outliers: 246
Average Time: 0.0914365497586207
Peak memory: 84.58647918701172
Time index, remove data from structure: 0.001396381896551724
Time for querying: 0.0
Time for new slide: 0.07641590960344828
Time for expired slide: 0.015017598965517241
------------------------------------
Number clusters = 0.0
Max  Number points in event queue = 0.0
Avg number points in clusters= 0.0
Avg Rmc size = 0.0
Avg Length exps= 0.0
#window: 59
Total #outliers: 233
Average Time: 0.09143411233898306
Peak memory: 84.58647918701172
Time index, remove data from structure: 0.0013936367118644068
Time for querying: 0.0
Time for new slide: 0.07642126933898306
Time for expired slide: 0.015009810372881356
------------------------------------
Number clusters = 0.0
Max  Number points in event queue = 0.0
Avg number points in clusters= 0.0
Avg Rmc size = 0.0
Avg Length exps= 0.0
#window: 60
Total #outliers: 228
Average Time: 0.09142537006666668
Peak memory: 84.58647918701172
Time index, remove data from structure: 0.0013932839166666668
Time for querying: 0.0
Time for new slide: 0.07641447205
Time for expired slide: 0.015007874483333333
------------------------------------
Number clusters = 0.0
Max  Number points in event queue = 0.0
Avg number points in clusters= 0.0
Avg Rmc size = 0.0
Avg Length exps= 0.0
#window: 61
Total #outliers: 236
Average Time: 0.09146181186885247
Peak memory: 84.58647918701172
Time index, remove data from structure: 0.0013917847704918032
Time for querying: 0.0
Time for new slide: 0.07644109632786886
Time for expired slide: 0.015017693409836065
------------------------------------
Number clusters = 0.0
Max  Number points in event queue = 0.0
Avg number points in clusters= 0.0
Avg Rmc size = 0.0
Avg Length exps= 0.0
#window: 62
Total #outliers: 236
Average Time: 0.09148030237096774
Peak memory: 84.58647918701172
Time index, remove data from structure: 0.0013911695161290324
Time for querying: 0.0
Time for new slide: 0.07645567069354839
Time for expired slide: 0.015021623467741935
------------------------------------
Number clusters = 0.0
Max  Number points in event queue = 0.0
Avg number points in clusters= 0.0
Avg Rmc size = 0.0
Avg Length exps= 0.0
#window: 63
Total #outliers: 232
Average Time: 0.09148321522222223
Peak memory: 84.58647918701172
Time index, remove data from structure: 0.0013890816666666667
Time for querying: 0.0
Time for new slide: 0.07646882226984127
Time for expired slide: 0.015011394523809524
------------------------------------
Number clusters = 0.0
Max  Number points in event queue = 0.0
Avg number points in clusters= 0.0
Avg Rmc size = 0.0
Avg Length exps= 0.0
#window: 64
Total #outliers: 242
Average Time: 0.091494427640625
Peak memory: 84.58647918701172
Time index, remove data from structure: 0.001387125296875
Time for querying: 0.0
Time for new slide: 0.07648613596875
Time for expired slide: 0.01500529196875
------------------------------------
Number clusters = 0.0
Max  Number points in event queue = 0.0
Avg number points in clusters= 0.0
Avg Rmc size = 0.0
Avg Length exps= 0.0
#window: 65
Total #outliers: 243
Average Time: 0.0914937986923077
Peak memory: 84.58647918701172
Time index, remove data from structure: 0.0013869706000000002
Time for querying: 0.0
Time for new slide: 0.07648508135384616
Time for expired slide: 0.015005714430769231
------------------------------------
Number clusters = 0.0
Max  Number points in event queue = 0.0
Avg number points in clusters= 0.0
Avg Rmc size = 0.0
Avg Length exps= 0.0
#window: 66
Total #outliers: 252
Average Time: 0.09149707051515152
Peak memory: 84.58647918701172
Time index, remove data from structure: 0.0013851774090909092
Time for querying: 0.0
Time for new slide: 0.07648958278787879
Time for expired slide: 0.01500448140909091
------------------------------------
Number clusters = 0.0
Max  Number points in event queue = 0.0
Avg number points in clusters= 0.0
Avg Rmc size = 0.0
Avg Length exps= 0.0
#window: 67
Total #outliers: 259
Average Time: 0.09152217752238806
Peak memory: 84.58647918701172
Time index, remove data from structure: 0.001383849
Time for querying: 0.0
Time for new slide: 0.07651272298507462
Time for expired slide: 0.015006450149253732
------------------------------------
Number clusters = 0.0
Max  Number points in event queue = 0.0
Avg number points in clusters= 0.0
Avg Rmc size = 0.0
Avg Length exps= 0.0
#window: 68
Total #outliers: 247
Average Time: 0.0915347918235294
Peak memory: 84.58647918701172
Time index, remove data from structure: 0.0013830054264705883
Time for querying: 0.0
Time for new slide: 0.07652414026470589
Time for expired slide: 0.015007649573529413
------------------------------------
Number clusters = 0.0
Max  Number points in event queue = 0.0
Avg number points in clusters= 0.0
Avg Rmc size = 0.0
Avg Length exps= 0.0
#window: 69
Total #outliers: 242
Average Time: 0.09154918434782608
Peak memory: 84.58647918701172
Time index, remove data from structure: 0.0013827469275362319
Time for querying: 0.0
Time for new slide: 0.07654256962318841
Time for expired slide: 0.015003614101449276
------------------------------------
Number clusters = 0.0
Max  Number points in event queue = 0.0
Avg number points in clusters= 0.0
Avg Rmc size = 0.0
Avg Length exps= 0.0
#window: 70
Total #outliers: 239
Average Time: 0.09156382065714286
Peak memory: 84.58647918701172
Time index, remove data from structure: 0.001381127042857143
Time for querying: 0.0
Time for new slide: 0.07656563504285714
Time for expired slide: 0.014995187742857142
------------------------------------
Number clusters = 0.0
Max  Number points in event queue = 0.0
Avg number points in clusters= 0.0
Avg Rmc size = 0.0
Avg Length exps= 0.0
#window: 71
Total #outliers: 250
Average Time: 0.09157096891549296
Peak memory: 84.58647918701172
Time index, remove data from structure: 0.0013802764366197184
Time for querying: 0.0
Time for new slide: 0.07657353669014084
Time for expired slide: 0.014994437323943661
------------------------------------
Number clusters = 0.0
Max  Number points in event queue = 0.0
Avg number points in clusters= 0.0
Avg Rmc size = 0.0
Avg Length exps= 0.0
#window: 72
Total #outliers: 253
Average Time: 0.09157566166666667
Peak memory: 84.58647918701172
Time index, remove data from structure: 0.00137987675
Time for querying: 0.0
Time for new slide: 0.07658600848611112
Time for expired slide: 0.014986662277777778
------------------------------------
Number clusters = 0.0
Max  Number points in event queue = 0.0
Avg number points in clusters= 0.0
Avg Rmc size = 0.0
Avg Length exps= 0.0
#window: 73
Total #outliers: 249
Average Time: 0.09156849917808219
Peak memory: 84.58647918701172
Time index, remove data from structure: 0.0013788952465753424
Time for querying: 0.0
Time for new slide: 0.0765883905890411
Time for expired slide: 0.01497712408219178
------------------------------------
Number clusters = 0.0
Max  Number points in event queue = 0.0
Avg number points in clusters= 0.0
Avg Rmc size = 0.0
Avg Length exps= 0.0
#window: 74
Total #outliers: 256
Average Time: 0.0915272684054054
Peak memory: 84.58647918701172
Time index, remove data from structure: 0.0013788343108108107
Time for querying: 0.0
Time for new slide: 0.07655669548648648
Time for expired slide: 0.014967595378378377
------------------------------------
Number clusters = 0.0
Max  Number points in event queue = 0.0
Avg number points in clusters= 0.0
Avg Rmc size = 0.0
Avg Length exps= 0.0
#window: 75
Total #outliers: 261
Average Time: 0.09152649109333333
Peak memory: 84.58647918701172
Time index, remove data from structure: 0.0013774704133333335
Time for querying: 0.0
Time for new slide: 0.07655694434666667
Time for expired slide: 0.014966577973333332
------------------------------------
Number clusters = 0.0
Max  Number points in event queue = 0.0
Avg number points in clusters= 0.0
Avg Rmc size = 0.0
Avg Length exps= 0.0
#window: 76
Total #outliers: 267
Average Time: 0.09153061014473685
Peak memory: 84.58647918701172
Time index, remove data from structure: 0.0013769018157894736
Time for querying: 0.0
Time for new slide: 0.07656501440789473
Time for expired slide: 0.014962631960526315
------------------------------------
Number clusters = 0.0
Max  Number points in event queue = 0.0
Avg number points in clusters= 0.0
Avg Rmc size = 0.0
Avg Length exps= 0.0
#window: 77
Total #outliers: 274
Average Time: 0.09151124588311689
Peak memory: 84.58647918701172
Time index, remove data from structure: 0.0013773576363636365
Time for querying: 0.0
Time for new slide: 0.07654068901298702
Time for expired slide: 0.01496759564935065
------------------------------------
Number clusters = 0.0
Max  Number points in event queue = 0.0
Avg number points in clusters= 0.0
Avg Rmc size = 0.0
Avg Length exps= 0.0
#window: 78
Total #outliers: 277
Average Time: 0.09152164092307692
Peak memory: 84.58647918701172
Time index, remove data from structure: 0.0013763131282051283
Time for querying: 0.0
Time for new slide: 0.07655285125641026
Time for expired slide: 0.014965826987179486
------------------------------------
Number clusters = 0.0
Max  Number points in event queue = 0.0
Avg number points in clusters= 0.0
Avg Rmc size = 0.0
Avg Length exps= 0.0
#window: 79
Total #outliers: 274
Average Time: 0.09153250434177215
Peak memory: 84.58647918701172
Time index, remove data from structure: 0.001375888253164557
Time for querying: 0.0
Time for new slide: 0.07656426878481012
Time for expired slide: 0.014965052911392406
------------------------------------
Number clusters = 0.0
Max  Number points in event queue = 0.0
Avg number points in clusters= 0.0
Avg Rmc size = 0.0
Avg Length exps= 0.0
#window: 80
Total #outliers: 282
Average Time: 0.09150445515
Peak memory: 84.58647918701172
Time index, remove data from structure: 0.00137420775
Time for querying: 0.0
Time for new slide: 0.07654277312499999
Time for expired slide: 0.014958505675
------------------------------------
Number clusters = 0.0
Max  Number points in event queue = 0.0
Avg number points in clusters= 0.0
Avg Rmc size = 0.0
Avg Length exps= 0.0
#window: 81
Total #outliers: 287
Average Time: 0.09151341497530863
Peak memory: 84.58647918701172
Time index, remove data from structure: 0.0013732234691358025
Time for querying: 0.0
Time for new slide: 0.07655851843209877
Time for expired slide: 0.014951724222222223
------------------------------------
Number clusters = 0.0
Max  Number points in event queue = 0.0
Avg number points in clusters= 0.0
Avg Rmc size = 0.0
Avg Length exps= 0.0
#window: 82
Total #outliers: 267
Average Time: 0.09151577682926829
Peak memory: 84.58647918701172
Time index, remove data from structure: 0.0013718664268292683
Time for querying: 0.0
Time for new slide: 0.0765665447195122
Time for expired slide: 0.01494606337804878
------------------------------------
Number clusters = 0.0
Max  Number points in event queue = 0.0
Avg number points in clusters= 0.0
Avg Rmc size = 0.0
Avg Length exps= 0.0
#window: 83
Total #outliers: 278
Average Time: 0.09153415474698794
Peak memory: 84.58647918701172
Time index, remove data from structure: 0.0013710591807228915
Time for querying: 0.0
Time for new slide: 0.07658818296385542
Time for expired slide: 0.014942808337349397
------------------------------------
Number clusters = 0.0
Max  Number points in event queue = 0.0
Avg number points in clusters= 0.0
Avg Rmc size = 0.0
Avg Length exps= 0.0
#window: 84
Total #outliers: 276
Average Time: 0.09153113496428571
Peak memory: 84.58647918701172
Time index, remove data from structure: 0.0013696910595238096
Time for querying: 0.0
Time for new slide: 0.07658979810714286
Time for expired slide: 0.014938178142857143
------------------------------------
Number clusters = 0.0
Max  Number points in event queue = 0.0
Avg number points in clusters= 0.0
Avg Rmc size = 0.0
Avg Length exps= 0.0
#window: 85
Total #outliers: 270
Average Time: 0.09152950419999999
Peak memory: 84.58647918701172
Time index, remove data from structure: 0.0013683442235294118
Time for querying: 0.0
Time for new slide: 0.07659493389411764
Time for expired slide: 0.014931415788235295
------------------------------------
Number clusters = 0.0
Max  Number points in event queue = 0.0
Avg number points in clusters= 0.0
Avg Rmc size = 0.0
Avg Length exps= 0.0
#window: 86
Total #outliers: 270
Average Time: 0.09153475305813953
Peak memory: 84.58647918701172
Time index, remove data from structure: 0.0013670609186046511
Time for querying: 0.0
Time for new slide: 0.07660522655813953
Time for expired slide: 0.014926376220930234
------------------------------------
Number clusters = 0.0
Max  Number points in event queue = 0.0
Avg number points in clusters= 0.0
Avg Rmc size = 0.0
Avg Length exps= 0.0
#window: 87
Total #outliers: 259
Average Time: 0.09154244995402298
Peak memory: 84.58647918701172
Time index, remove data from structure: 0.0013667950344827585
Time for querying: 0.0
Time for new slide: 0.07661177239080459
Time for expired slide: 0.014927530068965517
------------------------------------
Number clusters = 0.0
Max  Number points in event queue = 0.0
Avg number points in clusters= 0.0
Avg Rmc size = 0.0
Avg Length exps= 0.0
#window: 88
Total #outliers: 268
Average Time: 0.09154946648863636
Peak memory: 84.58647918701172
Time index, remove data from structure: 0.0013657896022727272
Time for querying: 0.0
Time for new slide: 0.07662221234090909
Time for expired slide: 0.014924108272727271
------------------------------------
Number clusters = 0.0
Max  Number points in event queue = 0.0
Avg number points in clusters= 0.0
Avg Rmc size = 0.0
Avg Length exps= 0.0
#window: 89
Total #outliers: 270
Average Time: 0.09156436778651686
Peak memory: 84.58647918701172
Time index, remove data from structure: 0.0013651043146067415
Time for querying: 0.0
Time for new slide: 0.07663622158426966
Time for expired slide: 0.01492500306741573
------------------------------------
Number clusters = 0.0
Max  Number points in event queue = 0.0
Avg number points in clusters= 0.0
Avg Rmc size = 0.0
Avg Length exps= 0.0
#window: 90
Total #outliers: 268
Average Time: 0.09158756927777778
Peak memory: 84.58647918701172
Time index, remove data from structure: 0.0013646452777777778
Time for querying: 0.0
Time for new slide: 0.07665412554444444
Time for expired slide: 0.014930302055555556
------------------------------------
Number clusters = 0.0
Max  Number points in event queue = 0.0
Avg number points in clusters= 0.0
Avg Rmc size = 0.0
Avg Length exps= 0.0
#window: 91
Total #outliers: 265
Average Time: 0.09159223976923078
Peak memory: 84.58647918701172
Time index, remove data from structure: 0.0013629195604395604
Time for querying: 0.0
Time for new slide: 0.07666402874725275
Time for expired slide: 0.0149250751978022
------------------------------------
Number clusters = 0.0
Max  Number points in event queue = 0.0
Avg number points in clusters= 0.0
Avg Rmc size = 0.0
Avg Length exps= 0.0
#window: 92
Total #outliers: 265
Average Time: 0.09160295371739133
Peak memory: 84.58647918701172
Time index, remove data from structure: 0.0013619462391304348
Time for querying: 0.0
Time for new slide: 0.07667376502173913
Time for expired slide: 0.014926052097826086
------------------------------------
Number clusters = 0.0
Max  Number points in event queue = 0.0
Avg number points in clusters= 0.0
Avg Rmc size = 0.0
Avg Length exps= 0.0
#window: 93
Total #outliers: 272
Average Time: 0.09160918236559142
Peak memory: 84.58647918701172
Time index, remove data from structure: 0.0013606313333333333
Time for querying: 0.0
Time for new slide: 0.07668003480645161
Time for expired slide: 0.01492601435483871
------------------------------------
Number clusters = 0.0
Max  Number points in event queue = 0.0
Avg number points in clusters= 0.0
Avg Rmc size = 0.0
Avg Length exps= 0.0
#window: 94
Total #outliers: 280
Average Time: 0.09162341914893618
Peak memory: 84.58647918701172
Time index, remove data from structure: 0.0013617044361702128
Time for querying: 0.0
Time for new slide: 0.07668757394680852
Time for expired slide: 0.014932711095744679
------------------------------------
Number clusters = 0.0
Max  Number points in event queue = 0.0
Avg number points in clusters= 0.0
Avg Rmc size = 0.0
Avg Length exps= 0.0
#window: 95
Total #outliers: 279
Average Time: 0.09162744168421054
Peak memory: 84.58647918701172
Time index, remove data from structure: 0.0013617213263157895
Time for querying: 0.0
Time for new slide: 0.07669370375789474
Time for expired slide: 0.01493060532631579
------------------------------------
Number clusters = 0.0
Max  Number points in event queue = 0.0
Avg number points in clusters= 0.0
Avg Rmc size = 0.0
Avg Length exps= 0.0
#window: 96
Total #outliers: 280
Average Time: 0.09163283686458334
Peak memory: 84.58647918701172
Time index, remove data from structure: 0.0013609582499999999
Time for querying: 0.0
Time for new slide: 0.07670174041666666
Time for expired slide: 0.0149279684375
------------------------------------
Number clusters = 0.0
Max  Number points in event queue = 0.0
Avg number points in clusters= 0.0
Avg Rmc size = 0.0
Avg Length exps= 0.0
#window: 97
Total #outliers: 281
Average Time: 0.09165624945360827
Peak memory: 84.58647918701172
Time index, remove data from structure: 0.001360377907216495
Time for querying: 0.0
Time for new slide: 0.07672644507216496
Time for expired slide: 0.01492668112371134
------------------------------------
Number clusters = 0.0
Max  Number points in event queue = 0.0
Avg number points in clusters= 0.0
Avg Rmc size = 0.0
Avg Length exps= 0.0
#window: 98
Total #outliers: 271
Average Time: 0.0916620890102041
Peak memory: 84.58647918701172
Time index, remove data from structure: 0.001358968030612245
Time for querying: 0.0
Time for new slide: 0.07673318839795919
Time for expired slide: 0.014925785714285716
------------------------------------
Number clusters = 0.0
Max  Number points in event queue = 0.0
Avg number points in clusters= 0.0
Avg Rmc size = 0.0
Avg Length exps= 0.0
#window: 99
Total #outliers: 268
Average Time: 0.09169052994949498
Peak memory: 84.58647918701172
Time index, remove data from structure: 0.0013585480606060608
Time for querying: 0.0
Time for new slide: 0.07675728219191918
Time for expired slide: 0.014930138151515152
------------------------------------
Number clusters = 0.0
Max  Number points in event queue = 0.0
Avg number points in clusters= 0.0
Avg Rmc size = 0.0
Avg Length exps= 0.0
#window: 100
Total #outliers: 274
Average Time: 0.09170562886000003
Peak memory: 84.58647918701172
Time index, remove data from structure: 0.00135774762
Time for querying: 0.0
Time for new slide: 0.07677151272999999
Time for expired slide: 0.01493101507
------------------------------------
Number clusters = 0.0
Max  Number points in event queue = 0.0
Avg number points in clusters= 0.0
Avg Rmc size = 0.0
Avg Length exps= 0.0
#window: 101
Total #outliers: 277
Average Time: 0.09171987636633665
Peak memory: 84.58647918701172
Time index, remove data from structure: 0.0013570866534653467
Time for querying: 0.0
Time for new slide: 0.07678531684158416
Time for expired slide: 0.014931463495049506
------------------------------------
Number clusters = 0.0
Max  Number points in event queue = 0.0
Avg number points in clusters= 0.0
Avg Rmc size = 0.0
Avg Length exps= 0.0
#window: 102
Total #outliers: 281
Average Time: 0.09173919693137257
Peak memory: 84.58647918701172
Time index, remove data from structure: 0.0013562373823529413
Time for querying: 0.0
Time for new slide: 0.07680031064705883
Time for expired slide: 0.014935792549019607
------------------------------------
Number clusters = 0.0
Max  Number points in event queue = 0.0
Avg number points in clusters= 0.0
Avg Rmc size = 0.0
Avg Length exps= 0.0
#window: 103
Total #outliers: 279
Average Time: 0.09175592654368935
Peak memory: 84.58647918701172
Time index, remove data from structure: 0.0013568310000000002
Time for querying: 0.0
Time for new slide: 0.0768102668737864
Time for expired slide: 0.014942567893203884
------------------------------------
Number clusters = 0.0
Max  Number points in event queue = 0.0
Avg number points in clusters= 0.0
Avg Rmc size = 0.0
Avg Length exps= 0.0
#window: 104
Total #outliers: 279
Average Time: 0.09177217003846157
Peak memory: 84.58647918701172
Time index, remove data from structure: 0.0013555950769230769
Time for querying: 0.0
Time for new slide: 0.07682361427884615
Time for expired slide: 0.014945463711538461
------------------------------------
Number clusters = 0.0
Max  Number points in event queue = 0.0
Avg number points in clusters= 0.0
Avg Rmc size = 0.0
Avg Length exps= 0.0
#window: 105
Total #outliers: 280
Average Time: 0.09179221031428575
Peak memory: 84.58647918701172
Time index, remove data from structure: 0.0013547240285714285
Time for querying: 0.0
Time for new slide: 0.07684466561904763
Time for expired slide: 0.014944454619047618
------------------------------------
Number clusters = 0.0
Max  Number points in event queue = 0.0
Avg number points in clusters= 0.0
Avg Rmc size = 0.0
Avg Length exps= 0.0
#window: 106
Total #outliers: 278
Average Time: 0.09180925254716985
Peak memory: 84.58647918701172
Time index, remove data from structure: 0.0013538016698113207
Time for querying: 0.0
Time for new slide: 0.07686242121698113
Time for expired slide: 0.014943738650943396
------------------------------------
Number clusters = 0.0
Max  Number points in event queue = 0.0
Avg number points in clusters= 0.0
Avg Rmc size = 0.0
Avg Length exps= 0.0
#window: 107
Total #outliers: 275
Average Time: 0.09183562065420564
Peak memory: 84.58647918701172
Time index, remove data from structure: 0.001353116
Time for querying: 0.0
Time for new slide: 0.0768808093364486
Time for expired slide: 0.014951715962616822
------------------------------------
Number clusters = 0.0
Max  Number points in event queue = 0.0
Avg number points in clusters= 0.0
Avg Rmc size = 0.0
Avg Length exps= 0.0
#window: 108
Total #outliers: 268
Average Time: 0.09186431993518523
Peak memory: 84.58647918701172
Time index, remove data from structure: 0.0013524989537037038
Time for querying: 0.0
Time for new slide: 0.07690670791666666
Time for expired slide: 0.014954518120370372
------------------------------------
Number clusters = 0.0
Max  Number points in event queue = 0.0
Avg number points in clusters= 0.0
Avg Rmc size = 0.0
Avg Length exps= 0.0
#window: 109
Total #outliers: 271
Average Time: 0.09188584858715601
Peak memory: 84.58647918701172
Time index, remove data from structure: 0.0013510649449541283
Time for querying: 0.0
Time for new slide: 0.07692729687155964
Time for expired slide: 0.014955460633027523
------------------------------------
Number clusters = 0.0
Max  Number points in event queue = 0.0
Avg number points in clusters= 0.0
Avg Rmc size = 0.0
Avg Length exps= 0.0
#window: 110
Total #outliers: 276
Average Time: 0.09190313820909096
Peak memory: 84.58647918701172
Time index, remove data from structure: 0.0013504599090909091
Time for querying: 0.0
Time for new slide: 0.07694145965454545
Time for expired slide: 0.014958590463636363
------------------------------------
Number clusters = 0.0
Max  Number points in event queue = 0.0
Avg number points in clusters= 0.0
Avg Rmc size = 0.0
Avg Length exps= 0.0
#window: 111
Total #outliers: 264
Average Time: 0.0919181737477478
Peak memory: 84.58647918701172
Time index, remove data from structure: 0.0013497657747747749
Time for querying: 0.0
Time for new slide: 0.07695366338738739
Time for expired slide: 0.014961425171171171
------------------------------------
Number clusters = 0.0
Max  Number points in event queue = 0.0
Avg number points in clusters= 0.0
Avg Rmc size = 0.0
Avg Length exps= 0.0
#window: 112
Total #outliers: 266
Average Time: 0.09193169032142863
Peak memory: 84.58647918701172
Time index, remove data from structure: 0.0013489419732142858
Time for querying: 0.0
Time for new slide: 0.076967710875
Time for expired slide: 0.014960895357142857
------------------------------------
Number clusters = 0.0
Max  Number points in event queue = 0.0
Avg number points in clusters= 0.0
Avg Rmc size = 0.0
Avg Length exps= 0.0
#window: 113
Total #outliers: 266
Average Time: 0.09194203760176997
Peak memory: 84.58647918701172
Time index, remove data from structure: 0.0013482252654867257
Time for querying: 0.0
Time for new slide: 0.07698003995575221
Time for expired slide: 0.01495891668141593
------------------------------------
Number clusters = 0.0
Max  Number points in event queue = 0.0
Avg number points in clusters= 0.0
Avg Rmc size = 0.0
Avg Length exps= 0.0
#window: 114
Total #outliers: 248
Average Time: 0.09195620857894743
Peak memory: 84.58647918701172
Time index, remove data from structure: 0.0013477574736842106
Time for querying: 0.0
Time for new slide: 0.07699178434210527
Time for expired slide: 0.014961348815789473
------------------------------------
Number clusters = 0.0
Max  Number points in event queue = 0.0
Avg number points in clusters= 0.0
Avg Rmc size = 0.0
Avg Length exps= 0.0
#window: 115
Total #outliers: 242
Average Time: 0.09196928962608701
Peak memory: 84.58647918701172
Time index, remove data from structure: 0.0013476144695652175
Time for querying: 0.0
Time for new slide: 0.07700390813913044
Time for expired slide: 0.014962311069565217
------------------------------------
Number clusters = 0.0
Max  Number points in event queue = 0.0
Avg number points in clusters= 0.0
Avg Rmc size = 0.0
Avg Length exps= 0.0
#window: 116
Total #outliers: 240
Average Time: 0.09198427984482764
Peak memory: 84.58647918701172
Time index, remove data from structure: 0.0013470133793103448
Time for querying: 0.0
Time for new slide: 0.0770170496551724
Time for expired slide: 0.014964166336206897
------------------------------------
Number clusters = 0.0
Max  Number points in event queue = 0.0
Avg number points in clusters= 0.0
Avg Rmc size = 0.0
Avg Length exps= 0.0
#window: 117
Total #outliers: 249
Average Time: 0.09198877877777782
Peak memory: 84.58647918701172
Time index, remove data from structure: 0.0013468922478632479
Time for querying: 0.0
Time for new slide: 0.07701944217094017
Time for expired slide: 0.014966276222222222
------------------------------------
Number clusters = 0.0
Max  Number points in event queue = 0.0
Avg number points in clusters= 0.0
Avg Rmc size = 0.0
Avg Length exps= 0.0
#window: 118
Total #outliers: 252
Average Time: 0.09199446116949157
Peak memory: 84.58647918701172
Time index, remove data from structure: 0.001346775245762712
Time for querying: 0.0
Time for new slide: 0.0770214010338983
Time for expired slide: 0.014970001211864406
------------------------------------
Number clusters = 0.0
Max  Number points in event queue = 0.0
Avg number points in clusters= 0.0
Avg Rmc size = 0.0
Avg Length exps= 0.0
#window: 119
Total #outliers: 244
Average Time: 0.09200863007563029
Peak memory: 84.58647918701172
Time index, remove data from structure: 0.001347352462184874
Time for querying: 0.0
Time for new slide: 0.07703060027731093
Time for expired slide: 0.014974966521008404
------------------------------------
Number clusters = 0.0
Max  Number points in event queue = 0.0
Avg number points in clusters= 0.0
Avg Rmc size = 0.0
Avg Length exps= 0.0
#window: 120
Total #outliers: 244
Average Time: 0.09201632250000004
Peak memory: 84.58647918701172
Time index, remove data from structure: 0.0013466165333333334
Time for querying: 0.0
Time for new slide: 0.077039121775
Time for expired slide: 0.014974135708333334
------------------------------------
Number clusters = 0.0
Max  Number points in event queue = 0.0
Avg number points in clusters= 0.0
Avg Rmc size = 0.0
Avg Length exps= 0.0
#window: 121
Total #outliers: 234
Average Time: 0.09202830297520664
Peak memory: 84.58647918701172
Time index, remove data from structure: 0.0013463306198347107
Time for querying: 0.0
Time for new slide: 0.07705344285950413
Time for expired slide: 0.014971794132231405
------------------------------------
Number clusters = 0.0
Max  Number points in event queue = 0.0
Avg number points in clusters= 0.0
Avg Rmc size = 0.0
Avg Length exps= 0.0
#window: 122
Total #outliers: 240
Average Time: 0.09203380909836067
Peak memory: 84.58647918701172
Time index, remove data from structure: 0.001345340918032787
Time for querying: 0.0
Time for new slide: 0.07706154331147541
Time for expired slide: 0.014969194368852459
------------------------------------
Number clusters = 0.0
Max  Number points in event queue = 0.0
Avg number points in clusters= 0.0
Avg Rmc size = 0.0
Avg Length exps= 0.0
#window: 123
Total #outliers: 241
Average Time: 0.09204054447967483
Peak memory: 84.58647918701172
Time index, remove data from structure: 0.0013446402195121951
Time for querying: 0.0
Time for new slide: 0.07706780019512195
Time for expired slide: 0.014969674406504065
------------------------------------
Number clusters = 0.0
Max  Number points in event queue = 0.0
Avg number points in clusters= 0.0
Avg Rmc size = 0.0
Avg Length exps= 0.0
#window: 124
Total #outliers: 246
Average Time: 0.09205089195967746
Peak memory: 84.58647918701172
Time index, remove data from structure: 0.0013438843467741936
Time for querying: 0.0
Time for new slide: 0.07708037110483872
Time for expired slide: 0.01496745060483871
------------------------------------
Number clusters = 0.0
Max  Number points in event queue = 0.0
Avg number points in clusters= 0.0
Avg Rmc size = 0.0
Avg Length exps= 0.0
#window: 125
Total #outliers: 233
Average Time: 0.09205960507200003
Peak memory: 84.58647918701172
Time index, remove data from structure: 0.001342721088
Time for querying: 0.0
Time for new slide: 0.077090377928
Time for expired slide: 0.014966156288
------------------------------------
Number clusters = 0.0
Max  Number points in event queue = 0.0
Avg number points in clusters= 0.0
Avg Rmc size = 0.0
Avg Length exps= 0.0
#window: 126
Total #outliers: 233
Average Time: 0.09206986081746035
Peak memory: 84.58647918701172
Time index, remove data from structure: 0.0013423677222222223
Time for querying: 0.0
Time for new slide: 0.07710013566666667
Time for expired slide: 0.014966656230158729
------------------------------------
Number clusters = 0.0
Max  Number points in event queue = 0.0
Avg number points in clusters= 0.0
Avg Rmc size = 0.0
Avg Length exps= 0.0
#window: 127
Total #outliers: 237
Average Time: 0.09209196516535437
Peak memory: 84.58647918701172
Time index, remove data from structure: 0.0013420444409448819
Time for querying: 0.0
Time for new slide: 0.07711926591338582
Time for expired slide: 0.014969634031496062
------------------------------------
Number clusters = 0.0
Max  Number points in event queue = 0.0
Avg number points in clusters= 0.0
Avg Rmc size = 0.0
Avg Length exps= 0.0
#window: 128
Total #outliers: 239
Average Time: 0.09210819660937504
Peak memory: 84.58647918701172
Time index, remove data from structure: 0.00134158284375
Time for querying: 0.0
Time for new slide: 0.077135724140625
Time for expired slide: 0.014969405203125
------------------------------------
Number clusters = 0.0
Max  Number points in event queue = 0.0
Avg number points in clusters= 0.0
Avg Rmc size = 0.0
Avg Length exps= 0.0
#window: 129
Total #outliers: 240
Average Time: 0.09212494652713182
Peak memory: 84.58647918701172
Time index, remove data from structure: 0.0013408879224806201
Time for querying: 0.0
Time for new slide: 0.07715120180620155
Time for expired slide: 0.014970677147286822
------------------------------------
Number clusters = 0.0
Max  Number points in event queue = 0.0
Avg number points in clusters= 0.0
Avg Rmc size = 0.0
Avg Length exps= 0.0
#window: 130
Total #outliers: 248
Average Time: 0.09214199890769235
Peak memory: 84.58647918701172
Time index, remove data from structure: 0.001340529046153846
Time for querying: 0.0
Time for new slide: 0.07716391547692307
Time for expired slide: 0.014975020446153847
------------------------------------
Number clusters = 0.0
Max  Number points in event queue = 0.0
Avg number points in clusters= 0.0
Avg Rmc size = 0.0
Avg Length exps= 0.0
#window: 131
Total #outliers: 247
Average Time: 0.09215130619083974
Peak memory: 84.58647918701172
Time index, remove data from structure: 0.001340696030534351
Time for querying: 0.0
Time for new slide: 0.07717156704580153
Time for expired slide: 0.014976576648854961
------------------------------------
Number clusters = 0.0
Max  Number points in event queue = 0.0
Avg number points in clusters= 0.0
Avg Rmc size = 0.0
Avg Length exps= 0.0
#window: 132
Total #outliers: 248
Average Time: 0.09216445456060611
Peak memory: 84.58647918701172
Time index, remove data from structure: 0.0013407392045454544
Time for querying: 0.0
Time for new slide: 0.07717534238636363
Time for expired slide: 0.014985953606060606
------------------------------------
Number clusters = 0.0
Max  Number points in event queue = 0.0
Avg number points in clusters= 0.0
Avg Rmc size = 0.0
Avg Length exps= 0.0
#window: 133
Total #outliers: 259
Average Time: 0.0921874716165414
Peak memory: 84.58647918701172
Time index, remove data from structure: 0.0013411787894736843
Time for querying: 0.0
Time for new slide: 0.07718207388721805
Time for expired slide: 0.015002237511278195
------------------------------------
Number clusters = 0.0
Max  Number points in event queue = 0.0
Avg number points in clusters= 0.0
Avg Rmc size = 0.0
Avg Length exps= 0.0
#window: 134
Total #outliers: 260
Average Time: 0.09219461361194034
Peak memory: 84.58647918701172
Time index, remove data from structure: 0.0013410384402985074
Time for querying: 0.0
Time for new slide: 0.07718673574626866
Time for expired slide: 0.015004717082089553
------------------------------------
Number clusters = 0.0
Max  Number points in event queue = 0.0
Avg number points in clusters= 0.0
Avg Rmc size = 0.0
Avg Length exps= 0.0
#window: 135
Total #outliers: 277
Average Time: 0.09220572829629634
Peak memory: 84.58647918701172
Time index, remove data from structure: 0.001341238762962963
Time for querying: 0.0
Time for new slide: 0.07719206267407408
Time for expired slide: 0.015010505066666667
------------------------------------
Number clusters = 0.0
Max  Number points in event queue = 0.0
Avg number points in clusters= 0.0
Avg Rmc size = 0.0
Avg Length exps= 0.0
#window: 136
Total #outliers: 290
Average Time: 0.09221233921323534
Peak memory: 84.58647918701172
Time index, remove data from structure: 0.001340510661764706
Time for querying: 0.0
Time for new slide: 0.07719932044117647
Time for expired slide: 0.01500986092647059
------------------------------------
Number clusters = 0.0
Max  Number points in event queue = 0.0
Avg number points in clusters= 0.0
Avg Rmc size = 0.0
Avg Length exps= 0.0
#window: 137
Total #outliers: 269
Average Time: 0.09222742475912413
Peak memory: 84.58647918701172
Time index, remove data from structure: 0.0013401803430656935
Time for querying: 0.0
Time for new slide: 0.07721401478832117
Time for expired slide: 0.01501025174452555
------------------------------------
Number clusters = 0.0
Max  Number points in event queue = 0.0
Avg number points in clusters= 0.0
Avg Rmc size = 0.0
Avg Length exps= 0.0
#window: 138
Total #outliers: 265
Average Time: 0.09223544640579714
Peak memory: 84.58647918701172
Time index, remove data from structure: 0.0013394642173913045
Time for querying: 0.0
Time for new slide: 0.0772235372826087
Time for expired slide: 0.01500875179710145
------------------------------------
Number clusters = 0.0
Max  Number points in event queue = 0.0
Avg number points in clusters= 0.0
Avg Rmc size = 0.0
Avg Length exps= 0.0
#window: 139
Total #outliers: 279
Average Time: 0.09225140536690651
Peak memory: 84.58647918701172
Time index, remove data from structure: 0.0013390235539568346
Time for querying: 0.0
Time for new slide: 0.07723681304316547
Time for expired slide: 0.01501143892086331
------------------------------------
Number clusters = 0.0
Max  Number points in event queue = 0.0
Avg number points in clusters= 0.0
Avg Rmc size = 0.0
Avg Length exps= 0.0
#window: 140
Total #outliers: 282
Average Time: 0.09226619048571434
Peak memory: 84.58647918701172
Time index, remove data from structure: 0.0013381109071428571
Time for querying: 0.0
Time for new slide: 0.07725237281428571
Time for expired slide: 0.015010667757142855
------------------------------------
Number clusters = 0.0
Max  Number points in event queue = 0.0
Avg number points in clusters= 0.0
Avg Rmc size = 0.0
Avg Length exps= 0.0
#window: 141
Total #outliers: 281
Average Time: 0.09227702502836885
Peak memory: 84.58647918701172
Time index, remove data from structure: 0.0013370532198581561
Time for querying: 0.0
Time for new slide: 0.07726288623404255
Time for expired slide: 0.015010991283687942
------------------------------------
Number clusters = 0.0
Max  Number points in event queue = 0.0
Avg number points in clusters= 0.0
Avg Rmc size = 0.0
Avg Length exps= 0.0
#window: 142
Total #outliers: 292
Average Time: 0.09229570331690146
Peak memory: 84.58647918701172
Time index, remove data from structure: 0.0013363353028169015
Time for querying: 0.0
Time for new slide: 0.07728115392253522
Time for expired slide: 0.015011403154929576
------------------------------------
Number clusters = 0.0
Max  Number points in event queue = 0.0
Avg number points in clusters= 0.0
Avg Rmc size = 0.0
Avg Length exps= 0.0
#window: 143
Total #outliers: 290
Average Time: 0.09230872553846159
Peak memory: 84.58647918701172
Time index, remove data from structure: 0.0013359551048951048
Time for querying: 0.0
Time for new slide: 0.07729177802097902
Time for expired slide: 0.015013804678321679
------------------------------------
Number clusters = 0.0
Max  Number points in event queue = 0.0
Avg number points in clusters= 0.0
Avg Rmc size = 0.0
Avg Length exps= 0.0
#window: 144
Total #outliers: 293
Average Time: 0.0923164954930556
Peak memory: 84.58647918701172
Time index, remove data from structure: 0.001335342125
Time for querying: 0.0
Time for new slide: 0.07729940984722222
Time for expired slide: 0.015013947215277776
------------------------------------
Number clusters = 0.0
Max  Number points in event queue = 0.0
Avg number points in clusters= 0.0
Avg Rmc size = 0.0
Avg Length exps= 0.0
#window: 145
Total #outliers: 288
Average Time: 0.09232598922758625
Peak memory: 84.58647918701172
Time index, remove data from structure: 0.001334794027586207
Time for querying: 0.0
Time for new slide: 0.07730853754482758
Time for expired slide: 0.015014317613793104
------------------------------------
Number clusters = 0.0
Max  Number points in event queue = 0.0
Avg number points in clusters= 0.0
Avg Rmc size = 0.0
Avg Length exps= 0.0
#window: 146
Total #outliers: 294
Average Time: 0.09233702879452059
Peak memory: 84.58647918701172
Time index, remove data from structure: 0.0013345338424657534
Time for querying: 0.0
Time for new slide: 0.07731920511643836
Time for expired slide: 0.01501469559589041
------------------------------------
Number clusters = 0.0
Max  Number points in event queue = 0.0
Avg number points in clusters= 0.0
Avg Rmc size = 0.0
Avg Length exps= 0.0
#window: 147
Total #outliers: 280
Average Time: 0.09234619538095243
Peak memory: 84.58647918701172
Time index, remove data from structure: 0.0013339692176870747
Time for querying: 0.0
Time for new slide: 0.07732654046258504
Time for expired slide: 0.01501653337414966
------------------------------------
Number clusters = 0.0
Max  Number points in event queue = 0.0
Avg number points in clusters= 0.0
Avg Rmc size = 0.0
Avg Length exps= 0.0
#window: 148
Total #outliers: 294
Average Time: 0.09235398823648652
Peak memory: 84.58647918701172
Time index, remove data from structure: 0.0013339131148648647
Time for querying: 0.0
Time for new slide: 0.07732777454729729
Time for expired slide: 0.015023094574324323
------------------------------------
Number clusters = 0.0
Max  Number points in event queue = 0.0
Avg number points in clusters= 0.0
Avg Rmc size = 0.0
Avg Length exps= 0.0
#window: 149
Total #outliers: 286
Average Time: 0.09235946666442957
Peak memory: 84.58647918701172
Time index, remove data from structure: 0.001333340610738255
Time for querying: 0.0
Time for new slide: 0.07733287180536913
Time for expired slide: 0.015023478046979868
------------------------------------
Number clusters = 0.0
Max  Number points in event queue = 0.0
Avg number points in clusters= 0.0
Avg Rmc size = 0.0
Avg Length exps= 0.0
#window: 150
Total #outliers: 290
Average Time: 0.09237268223333338
Peak memory: 84.58647918701172
Time index, remove data from structure: 0.0013330659466666667
Time for querying: 0.0
Time for new slide: 0.07734451960666666
Time for expired slide: 0.01502504754
------------------------------------
Number clusters = 0.0
Max  Number points in event queue = 0.0
Avg number points in clusters= 0.0
Avg Rmc size = 0.0
Avg Length exps= 0.0
#window: 151
Total #outliers: 287
Average Time: 0.09238790633774839
Peak memory: 84.58647918701172
Time index, remove data from structure: 0.0013328373708609272
Time for querying: 0.0
Time for new slide: 0.07735632405298012
Time for expired slide: 0.015028470529801323
------------------------------------
Number clusters = 0.0
Max  Number points in event queue = 0.0
Avg number points in clusters= 0.0
Avg Rmc size = 0.0
Avg Length exps= 0.0
#window: 152
Total #outliers: 281
Average Time: 0.09238271756578953
Peak memory: 84.58647918701172
Time index, remove data from structure: 0.001331768677631579
Time for querying: 0.0
Time for new slide: 0.07735358752631578
Time for expired slide: 0.015026017157894738
------------------------------------
Number clusters = 0.0
Max  Number points in event queue = 0.0
Avg number points in clusters= 0.0
Avg Rmc size = 0.0
Avg Length exps= 0.0
#window: 153
Total #outliers: 267
Average Time: 0.0923880625947713
Peak memory: 84.58647918701172
Time index, remove data from structure: 0.0013312533071895424
Time for querying: 0.0
Time for new slide: 0.07735849322222223
Time for expired slide: 0.015026456967320263
------------------------------------
Number clusters = 0.0
Max  Number points in event queue = 0.0
Avg number points in clusters= 0.0
Avg Rmc size = 0.0
Avg Length exps= 0.0
#window: 154
Total #outliers: 266
Average Time: 0.0923907110389611
Peak memory: 84.58647918701172
Time index, remove data from structure: 0.0013308098441558443
Time for querying: 0.0
Time for new slide: 0.07736389509090909
Time for expired slide: 0.015023706396103897
------------------------------------
Number clusters = 0.0
Max  Number points in event queue = 0.0
Avg number points in clusters= 0.0
Avg Rmc size = 0.0
Avg Length exps= 0.0
#window: 155
Total #outliers: 265
Average Time: 0.09238884434838715
Peak memory: 84.58647918701172
Time index, remove data from structure: 0.001330060529032258
Time for querying: 0.0
Time for new slide: 0.07736426518064517
Time for expired slide: 0.015021469787096774
------------------------------------
Number clusters = 0.0
Max  Number points in event queue = 0.0
Avg number points in clusters= 0.0
Avg Rmc size = 0.0
Avg Length exps= 0.0
#window: 156
Total #outliers: 267
Average Time: 0.09239223558333338
Peak memory: 84.58647918701172
Time index, remove data from structure: 0.0013295052564102562
Time for querying: 0.0
Time for new slide: 0.07736970330128205
Time for expired slide: 0.01501942353205128
------------------------------------
Number clusters = 0.0
Max  Number points in event queue = 0.0
Avg number points in clusters= 0.0
Avg Rmc size = 0.0
Avg Length exps= 0.0
#window: 157
Total #outliers: 274
Average Time: 0.09240063241401279
Peak memory: 84.58647918701172
Time index, remove data from structure: 0.0013290053121019108
Time for querying: 0.0
Time for new slide: 0.07737915682802547
Time for expired slide: 0.01501836784713376
------------------------------------
Number clusters = 0.0
Max  Number points in event queue = 0.0
Avg number points in clusters= 0.0
Avg Rmc size = 0.0
Avg Length exps= 0.0
#window: 158
Total #outliers: 279
Average Time: 0.09240219066455702
Peak memory: 84.58647918701172
Time index, remove data from structure: 0.0013281090569620252
Time for querying: 0.0
Time for new slide: 0.07738279118987341
Time for expired slide: 0.015016294867088609
------------------------------------
Number clusters = 0.0
Max  Number points in event queue = 0.0
Avg number points in clusters= 0.0
Avg Rmc size = 0.0
Avg Length exps= 0.0
#window: 159
Total #outliers: 279
Average Time: 0.09241518602515729
Peak memory: 84.58647918701172
Time index, remove data from structure: 0.0013278088742138363
Time for querying: 0.0
Time for new slide: 0.07739477422012578
Time for expired slide: 0.015017310113207548
------------------------------------
Number clusters = 0.0
Max  Number points in event queue = 0.0
Avg number points in clusters= 0.0
Avg Rmc size = 0.0
Avg Length exps= 0.0
#window: 160
Total #outliers: 277
Average Time: 0.09242743959375005
Peak memory: 84.58647918701172
Time index, remove data from structure: 0.001327211125
Time for querying: 0.0
Time for new slide: 0.07740835905625
Time for expired slide: 0.01501598220625
------------------------------------
Number clusters = 0.0
Max  Number points in event queue = 0.0
Avg number points in clusters= 0.0
Avg Rmc size = 0.0
Avg Length exps= 0.0
#window: 161
Total #outliers: 264
Average Time: 0.09243334005590068
Peak memory: 84.58647918701172
Time index, remove data from structure: 0.0013269471614906832
Time for querying: 0.0
Time for new slide: 0.07741271963354038
Time for expired slide: 0.015017524906832298
------------------------------------
Number clusters = 0.0
Max  Number points in event queue = 0.0
Avg number points in clusters= 0.0
Avg Rmc size = 0.0
Avg Length exps= 0.0
#window: 162
Total #outliers: 270
Average Time: 0.09242502648765437
Peak memory: 84.58647918701172
Time index, remove data from structure: 0.0013268095185185185
Time for querying: 0.0
Time for new slide: 0.07740588772222223
Time for expired slide: 0.015016047691358024
------------------------------------
Number clusters = 0.0
Max  Number points in event queue = 0.0
Avg number points in clusters= 0.0
Avg Rmc size = 0.0
Avg Length exps= 0.0
#window: 163
Total #outliers: 265
Average Time: 0.09243095690184054
Peak memory: 84.58647918701172
Time index, remove data from structure: 0.001326194472392638
Time for querying: 0.0
Time for new slide: 0.07741159126380369
Time for expired slide: 0.015016278466257669
------------------------------------
Number clusters = 0.0
Max  Number points in event queue = 0.0
Avg number points in clusters= 0.0
Avg Rmc size = 0.0
Avg Length exps= 0.0
#window: 164
Total #outliers: 259
Average Time: 0.09243497742682932
Peak memory: 84.58647918701172
Time index, remove data from structure: 0.0013255551951219513
Time for querying: 0.0
Time for new slide: 0.07741654014024389
Time for expired slide: 0.015015352676829269
------------------------------------
Number clusters = 0.0
Max  Number points in event queue = 0.0
Avg number points in clusters= 0.0
Avg Rmc size = 0.0
Avg Length exps= 0.0
#window: 165
Total #outliers: 249
Average Time: 0.09244108427878793
Peak memory: 84.58647918701172
Time index, remove data from structure: 0.0013252539272727273
Time for querying: 0.0
Time for new slide: 0.07742158863030303
Time for expired slide: 0.015016409987878787
------------------------------------
Number clusters = 0.0
Max  Number points in event queue = 0.0
Avg number points in clusters= 0.0
Avg Rmc size = 0.0
Avg Length exps= 0.0
#window: 166
Total #outliers: 249
Average Time: 0.09244765534939764
Peak memory: 84.58647918701172
Time index, remove data from structure: 0.0013249554277108434
Time for querying: 0.0
Time for new slide: 0.07742680128313253
Time for expired slide: 0.015017767078313253
------------------------------------
Number clusters = 0.0
Max  Number points in event queue = 0.0
Avg number points in clusters= 0.0
Avg Rmc size = 0.0
Avg Length exps= 0.0
#window: 167
Total #outliers: 252
Average Time: 0.09245807226946114
Peak memory: 84.58647918701172
Time index, remove data from structure: 0.0013245578023952096
Time for querying: 0.0
Time for new slide: 0.07743666007185629
Time for expired slide: 0.015018324934131737
------------------------------------
Number clusters = 0.0
Max  Number points in event queue = 0.0
Avg number points in clusters= 0.0
Avg Rmc size = 0.0
Avg Length exps= 0.0
#window: 168
Total #outliers: 253
Average Time: 0.09246982200595244
Peak memory: 84.58647918701172
Time index, remove data from structure: 0.001324955875
Time for querying: 0.0
Time for new slide: 0.07744725116071428
Time for expired slide: 0.015019483541666667
------------------------------------
Number clusters = 0.0
Max  Number points in event queue = 0.0
Avg number points in clusters= 0.0
Avg Rmc size = 0.0
Avg Length exps= 0.0
#window: 169
Total #outliers: 262
Average Time: 0.09247470668639059
Peak memory: 84.58647918701172
Time index, remove data from structure: 0.0013250283905325445
Time for querying: 0.0
Time for new slide: 0.07744969688757397
Time for expired slide: 0.015021922502958581
------------------------------------
Number clusters = 0.0
Max  Number points in event queue = 0.0
Avg number points in clusters= 0.0
Avg Rmc size = 0.0
Avg Length exps= 0.0
#window: 170
Total #outliers: 253
Average Time: 0.09247595444705888
Peak memory: 84.58647918701172
Time index, remove data from structure: 0.0013246488294117648
Time for querying: 0.0
Time for new slide: 0.07745353673529412
Time for expired slide: 0.015019330647058824
------------------------------------
Number clusters = 0.0
Max  Number points in event queue = 0.0
Avg number points in clusters= 0.0
Avg Rmc size = 0.0
Avg Length exps= 0.0
#window: 171
Total #outliers: 255
Average Time: 0.09248843623391817
Peak memory: 84.58647918701172
Time index, remove data from structure: 0.001324250760233918
Time for querying: 0.0
Time for new slide: 0.07746620873684211
Time for expired slide: 0.015019141900584796
------------------------------------
Number clusters = 0.0
Max  Number points in event queue = 0.0
Avg number points in clusters= 0.0
Avg Rmc size = 0.0
Avg Length exps= 0.0
#window: 172
Total #outliers: 260
Average Time: 0.09248613799418609
Peak memory: 84.58647918701172
Time index, remove data from structure: 0.0013239225290697675
Time for querying: 0.0
Time for new slide: 0.0774670098372093
Time for expired slide: 0.015016045558139535
------------------------------------
Number clusters = 0.0
Max  Number points in event queue = 0.0
Avg number points in clusters= 0.0
Avg Rmc size = 0.0
Avg Length exps= 0.0
#window: 173
Total #outliers: 260
Average Time: 0.09248982005202316
Peak memory: 84.58647918701172
Time index, remove data from structure: 0.00132325212716763
Time for querying: 0.0
Time for new slide: 0.07747319601156069
Time for expired slide: 0.01501354501734104
------------------------------------
Number clusters = 0.0
Max  Number points in event queue = 0.0
Avg number points in clusters= 0.0
Avg Rmc size = 0.0
Avg Length exps= 0.0
#window: 174
Total #outliers: 262
Average Time: 0.09249641550574716
Peak memory: 84.58647918701172
Time index, remove data from structure: 0.0013226690459770115
Time for querying: 0.0
Time for new slide: 0.07748064414942529
Time for expired slide: 0.015012694293103448
------------------------------------
Number clusters = 0.0
Max  Number points in event queue = 0.0
Avg number points in clusters= 0.0
Avg Rmc size = 0.0
Avg Length exps= 0.0
#window: 175
Total #outliers: 263
Average Time: 0.09250134403428575
Peak memory: 84.58647918701172
Time index, remove data from structure: 0.001322380377142857
Time for querying: 0.0
Time for new slide: 0.07748751592
Time for expired slide: 0.015010753725714285
------------------------------------
Number clusters = 0.0
Max  Number points in event queue = 0.0
Avg number points in clusters= 0.0
Avg Rmc size = 0.0
Avg Length exps= 0.0
#window: 176
Total #outliers: 259
Average Time: 0.09250840914204549
Peak memory: 84.58647918701172
Time index, remove data from structure: 0.0013219384375
Time for querying: 0.0
Time for new slide: 0.07749402990340909
Time for expired slide: 0.015011308329545454
------------------------------------
Number clusters = 0.0
Max  Number points in event queue = 0.0
Avg number points in clusters= 0.0
Avg Rmc size = 0.0
Avg Length exps= 0.0
#window: 177
Total #outliers: 252
Average Time: 0.09251414980225993
Peak memory: 84.58647918701172
Time index, remove data from structure: 0.0013222226610169491
Time for querying: 0.0
Time for new slide: 0.07749776492655366
Time for expired slide: 0.015013318073446328
------------------------------------
Number clusters = 0.0
Max  Number points in event queue = 0.0
Avg number points in clusters= 0.0
Avg Rmc size = 0.0
Avg Length exps= 0.0
#window: 178
Total #outliers: 251
Average Time: 0.09251493803932588
Peak memory: 84.58647918701172
Time index, remove data from structure: 0.0013217777808988765
Time for querying: 0.0
Time for new slide: 0.07749956158426967
Time for expired slide: 0.0150123097247191
------------------------------------
Number clusters = 0.0
Max  Number points in event queue = 0.0
Avg number points in clusters= 0.0
Avg Rmc size = 0.0
Avg Length exps= 0.0
#window: 179
Total #outliers: 248
Average Time: 0.09251647934636874
Peak memory: 84.58647918701172
Time index, remove data from structure: 0.0013217962011173184
Time for querying: 0.0
Time for new slide: 0.07749903805027933
Time for expired slide: 0.015014275999999998
------------------------------------
Number clusters = 0.0
Max  Number points in event queue = 0.0
Avg number points in clusters= 0.0
Avg Rmc size = 0.0
Avg Length exps= 0.0
#window: 180
Total #outliers: 258
Average Time: 0.09251484511111115
Peak memory: 84.58647918701172
Time index, remove data from structure: 0.0013214458166666667
Time for querying: 0.0
Time for new slide: 0.07749719936666666
Time for expired slide: 0.015014480683333333
------------------------------------
Number clusters = 0.0
Max  Number points in event queue = 0.0
Avg number points in clusters= 0.0
Avg Rmc size = 0.0
Avg Length exps= 0.0
#window: 181
Total #outliers: 271
Average Time: 0.09251513126519341
Peak memory: 84.58647918701172
Time index, remove data from structure: 0.0013209016132596685
Time for querying: 0.0
Time for new slide: 0.07749800994475138
Time for expired slide: 0.015013952453038673
------------------------------------
Number clusters = 0.0
Max  Number points in event queue = 0.0
Avg number points in clusters= 0.0
Avg Rmc size = 0.0
Avg Length exps= 0.0
Average Time for a slide: 92.515131 ms
Peak memory: 84.58647918701172
Average CPU time: 0.09251513126519341
