#window: 1
Total #outliers: 804
Average Time: 0.0
Peak memory: 123.4629898071289
Time index, remove data from structure: 0.0
Time for querying: 0.0
Time for new slide: 0.0
Time for expired slide: 0.0
------------------------------------
Number clusters = 0.0
Max  Number points in event queue = 0.0
Avg number points in clusters= 0.0
Avg Rmc size = 0.0
Avg Length exps= 0.0
#window: 2
Total #outliers: 788
Average Time: 0.113669081
Peak memory: 124.50041198730469
Time index, remove data from structure: 0.002232882
Time for querying: 0.0
Time for new slide: 0.10173984
Time for expired slide: 0.011927132
------------------------------------
Number clusters = 0.0
Max  Number points in event queue = 0.0
Avg number points in clusters= 0.0
Avg Rmc size = 0.0
Avg Length exps= 0.0
#window: 3
Total #outliers: 807
Average Time: 0.14394972
Peak memory: 124.50041198730469
Time index, remove data from structure: 0.0023660946666666668
Time for querying: 0.0
Time for new slide: 0.13019816366666667
Time for expired slide: 0.013748855333333332
------------------------------------
Number clusters = 0.0
Max  Number points in event queue = 0.0
Avg number points in clusters= 0.0
Avg Rmc size = 0.0
Avg Length exps= 0.0
#window: 4
Total #outliers: 791
Average Time: 0.15953827575
Peak memory: 124.50041198730469
Time index, remove data from structure: 0.0023785785
Time for querying: 0.0
Time for new slide: 0.145269011
Time for expired slide: 0.01426648375
------------------------------------
Number clusters = 0.0
Max  Number points in event queue = 0.0
Avg number points in clusters= 0.0
Avg Rmc size = 0.0
Avg Length exps= 0.0
#window: 5
Total #outliers: 804
Average Time: 0.1654363382
Peak memory: 124.50041198730469
Time index, remove data from structure: 0.0023579236
Time for querying: 0.0
Time for new slide: 0.1508000666
Time for expired slide: 0.0146334658
------------------------------------
Number clusters = 0.0
Max  Number points in event queue = 0.0
Avg number points in clusters= 0.0
Avg Rmc size = 0.0
Avg Length exps= 0.0
#window: 6
Total #outliers: 749
Average Time: 0.16867944
Peak memory: 124.50041198730469
Time index, remove data from structure: 0.0023462043333333333
Time for querying: 0.0
Time for new slide: 0.15392850983333334
Time for expired slide: 0.014748018666666666
------------------------------------
Number clusters = 0.0
Max  Number points in event queue = 0.0
Avg number points in clusters= 0.0
Avg Rmc size = 0.0
Avg Length exps= 0.0
#window: 7
Total #outliers: 743
Average Time: 0.174483213
Peak memory: 124.50041198730469
Time index, remove data from structure: 0.0024629854285714288
Time for querying: 0.0
Time for new slide: 0.15644341014285715
Time for expired slide: 0.018036903285714286
------------------------------------
Number clusters = 0.0
Max  Number points in event queue = 0.0
Avg number points in clusters= 0.0
Avg Rmc size = 0.0
Avg Length exps= 0.0
#window: 8
Total #outliers: 763
Average Time: 0.17571327412499999
Peak memory: 124.50041198730469
Time index, remove data from structure: 0.002491426125
Time for querying: 0.0
Time for new slide: 0.15794838175
Time for expired slide: 0.0177619735
------------------------------------
Number clusters = 0.0
Max  Number points in event queue = 0.0
Avg number points in clusters= 0.0
Avg Rmc size = 0.0
Avg Length exps= 0.0
#window: 9
Total #outliers: 778
Average Time: 0.17453221077777775
Peak memory: 124.50041198730469
Time index, remove data from structure: 0.002503391111111111
Time for querying: 0.0
Time for new slide: 0.15694372022222222
Time for expired slide: 0.017585538444444444
------------------------------------
Number clusters = 0.0
Max  Number points in event queue = 0.0
Avg number points in clusters= 0.0
Avg Rmc size = 0.0
Avg Length exps= 0.0
#window: 10
Total #outliers: 792
Average Time: 0.1742340128
Peak memory: 124.50041198730469
Time index, remove data from structure: 0.0025015954
Time for querying: 0.0
Time for new slide: 0.15635404530000002
Time for expired slide: 0.0178769614
------------------------------------
Number clusters = 0.0
Max  Number points in event queue = 0.0
Avg number points in clusters= 0.0
Avg Rmc size = 0.0
Avg Length exps= 0.0
#window: 11
Total #outliers: 783
Average Time: 0.17346019000000001
Peak memory: 124.50041198730469
Time index, remove data from structure: 0.0024919711818181815
Time for querying: 0.0
Time for new slide: 0.15530752636363634
Time for expired slide: 0.01814956518181818
------------------------------------
Number clusters = 0.0
Max  Number points in event queue = 0.0
Avg number points in clusters= 0.0
Avg Rmc size = 0.0
Avg Length exps= 0.0
#window: 12
Total #outliers: 772
Average Time: 0.17293667416666667
Peak memory: 124.50041198730469
Time index, remove data from structure: 0.00251691225
Time for querying: 0.0
Time for new slide: 0.15427486791666667
Time for expired slide: 0.01865871025
------------------------------------
Number clusters = 0.0
Max  Number points in event queue = 0.0
Avg number points in clusters= 0.0
Avg Rmc size = 0.0
Avg Length exps= 0.0
#window: 13
Total #outliers: 823
Average Time: 0.1735160016153846
Peak memory: 124.50041198730469
Time index, remove data from structure: 0.002532183230769231
Time for querying: 0.0
Time for new slide: 0.15422298730769232
Time for expired slide: 0.019289903846153846
------------------------------------
Number clusters = 0.0
Max  Number points in event queue = 0.0
Avg number points in clusters= 0.0
Avg Rmc size = 0.0
Avg Length exps= 0.0
#window: 14
Total #outliers: 784
Average Time: 0.17332458692857142
Peak memory: 124.50041198730469
Time index, remove data from structure: 0.0025549925714285714
Time for querying: 0.0
Time for new slide: 0.1542428395
Time for expired slide: 0.019078597928571427
------------------------------------
Number clusters = 0.0
Max  Number points in event queue = 0.0
Avg number points in clusters= 0.0
Avg Rmc size = 0.0
Avg Length exps= 0.0
#window: 15
Total #outliers: 812
Average Time: 0.17314365793333333
Peak memory: 124.50041198730469
Time index, remove data from structure: 0.0025518450666666666
Time for querying: 0.0
Time for new slide: 0.1539046148
Time for expired slide: 0.019234056399999998
------------------------------------
Number clusters = 0.0
Max  Number points in event queue = 0.0
Avg number points in clusters= 0.0
Avg Rmc size = 0.0
Avg Length exps= 0.0
#window: 16
Total #outliers: 823
Average Time: 0.17267046425000002
Peak memory: 124.50041198730469
Time index, remove data from structure: 0.00254126375
Time for querying: 0.0
Time for new slide: 0.1537011201875
Time for expired slide: 0.018964424875
------------------------------------
Number clusters = 0.0
Max  Number points in event queue = 0.0
Avg number points in clusters= 0.0
Avg Rmc size = 0.0
Avg Length exps= 0.0
#window: 17
Total #outliers: 784
Average Time: 0.1721638108235294
Peak memory: 124.50041198730469
Time index, remove data from structure: 0.0025265717647058824
Time for querying: 0.0
Time for new slide: 0.15344372505882353
Time for expired slide: 0.01871525394117647
------------------------------------
Number clusters = 0.0
Max  Number points in event queue = 0.0
Avg number points in clusters= 0.0
Avg Rmc size = 0.0
Avg Length exps= 0.0
#window: 18
Total #outliers: 811
Average Time: 0.17234116216666667
Peak memory: 124.50041198730469
Time index, remove data from structure: 0.0025240521666666667
Time for querying: 0.0
Time for new slide: 0.15320891255555555
Time for expired slide: 0.01912746477777778
------------------------------------
Number clusters = 0.0
Max  Number points in event queue = 0.0
Avg number points in clusters= 0.0
Avg Rmc size = 0.0
Avg Length exps= 0.0
#window: 19
Total #outliers: 779
Average Time: 0.17162495726315788
Peak memory: 124.50041198730469
Time index, remove data from structure: 0.002526782
Time for querying: 0.0
Time for new slide: 0.15266914015789473
Time for expired slide: 0.018951090210526315
------------------------------------
Number clusters = 0.0
Max  Number points in event queue = 0.0
Avg number points in clusters= 0.0
Avg Rmc size = 0.0
Avg Length exps= 0.0
#window: 20
Total #outliers: 770
Average Time: 0.17131412785
Peak memory: 124.50041198730469
Time index, remove data from structure: 0.0025214749500000002
Time for querying: 0.0
Time for new slide: 0.152470485
Time for expired slide: 0.0188389583
------------------------------------
Number clusters = 0.0
Max  Number points in event queue = 0.0
Avg number points in clusters= 0.0
Avg Rmc size = 0.0
Avg Length exps= 0.0
#window: 21
Total #outliers: 770
Average Time: 0.171300841
Peak memory: 124.50041198730469
Time index, remove data from structure: 0.0025309609523809524
Time for querying: 0.0
Time for new slide: 0.151902499
Time for expired slide: 0.019393697571428573
------------------------------------
Number clusters = 0.0
Max  Number points in event queue = 0.0
Avg number points in clusters= 0.0
Avg Rmc size = 0.0
Avg Length exps= 0.0
#window: 22
Total #outliers: 794
Average Time: 0.17117886204545454
Peak memory: 124.50041198730469
Time index, remove data from structure: 0.002528651409090909
Time for querying: 0.0
Time for new slide: 0.1517160400909091
Time for expired slide: 0.019458201545454547
------------------------------------
Number clusters = 0.0
Max  Number points in event queue = 0.0
Avg number points in clusters= 0.0
Avg Rmc size = 0.0
Avg Length exps= 0.0
#window: 23
Total #outliers: 769
Average Time: 0.17111892395652176
Peak memory: 124.50041198730469
Time index, remove data from structure: 0.0025210340869565215
Time for querying: 0.0
Time for new slide: 0.15161441082608695
Time for expired slide: 0.019499954608695653
------------------------------------
Number clusters = 0.0
Max  Number points in event queue = 0.0
Avg number points in clusters= 0.0
Avg Rmc size = 0.0
Avg Length exps= 0.0
#window: 24
Total #outliers: 758
Average Time: 0.17080571758333332
Peak memory: 124.50041198730469
Time index, remove data from structure: 0.0025123546666666664
Time for querying: 0.0
Time for new slide: 0.15149763995833335
Time for expired slide: 0.019303300458333335
------------------------------------
Number clusters = 0.0
Max  Number points in event queue = 0.0
Avg number points in clusters= 0.0
Avg Rmc size = 0.0
Avg Length exps= 0.0
#window: 25
Total #outliers: 733
Average Time: 0.170697098
Peak memory: 124.50041198730469
Time index, remove data from structure: 0.0025064287200000004
Time for querying: 0.0
Time for new slide: 0.15110985756
Time for expired slide: 0.01958248608
------------------------------------
Number clusters = 0.0
Max  Number points in event queue = 0.0
Avg number points in clusters= 0.0
Avg Rmc size = 0.0
Avg Length exps= 0.0
#window: 26
Total #outliers: 742
Average Time: 0.170381393
Peak memory: 124.50041198730469
Time index, remove data from structure: 0.0024975341538461537
Time for querying: 0.0
Time for new slide: 0.15077640803846154
Time for expired slide: 0.01960030861538462
------------------------------------
Number clusters = 0.0
Max  Number points in event queue = 0.0
Avg number points in clusters= 0.0
Avg Rmc size = 0.0
Avg Length exps= 0.0
#window: 27
Total #outliers: 721
Average Time: 0.1704259912222222
Peak memory: 124.50041198730469
Time index, remove data from structure: 0.002489561148148148
Time for querying: 0.0
Time for new slide: 0.15041975807407407
Time for expired slide: 0.02000160277777778
------------------------------------
Number clusters = 0.0
Max  Number points in event queue = 0.0
Avg number points in clusters= 0.0
Avg Rmc size = 0.0
Avg Length exps= 0.0
#window: 28
Total #outliers: 717
Average Time: 0.16976575932142857
Peak memory: 124.50041198730469
Time index, remove data from structure: 0.0024836467857142857
Time for querying: 0.0
Time for new slide: 0.14995391442857145
Time for expired slide: 0.01980725757142857
------------------------------------
Number clusters = 0.0
Max  Number points in event queue = 0.0
Avg number points in clusters= 0.0
Avg Rmc size = 0.0
Avg Length exps= 0.0
#window: 29
Total #outliers: 716
Average Time: 0.16978525437931033
Peak memory: 124.50041198730469
Time index, remove data from structure: 0.002474775551724138
Time for querying: 0.0
Time for new slide: 0.1497766768275862
Time for expired slide: 0.020004057793103446
------------------------------------
Number clusters = 0.0
Max  Number points in event queue = 0.0
Avg number points in clusters= 0.0
Avg Rmc size = 0.0
Avg Length exps= 0.0
#window: 30
Total #outliers: 700
Average Time: 0.16937160469999998
Peak memory: 124.50041198730469
Time index, remove data from structure: 0.002472875133333333
Time for querying: 0.0
Time for new slide: 0.1493497761333333
Time for expired slide: 0.02001734993333333
------------------------------------
Number clusters = 0.0
Max  Number points in event queue = 0.0
Avg number points in clusters= 0.0
Avg Rmc size = 0.0
Avg Length exps= 0.0
#window: 31
Total #outliers: 723
Average Time: 0.16906755258064515
Peak memory: 124.50041198730469
Time index, remove data from structure: 0.0024716599032258064
Time for querying: 0.0
Time for new slide: 0.1492064030967742
Time for expired slide: 0.019856706387096777
------------------------------------
Number clusters = 0.0
Max  Number points in event queue = 0.0
Avg number points in clusters= 0.0
Avg Rmc size = 0.0
Avg Length exps= 0.0
#window: 32
Total #outliers: 729
Average Time: 0.16910924053124998
Peak memory: 124.50041198730469
Time index, remove data from structure: 0.00246868809375
Time for querying: 0.0
Time for new slide: 0.149010685875
Time for expired slide: 0.02009413996875
------------------------------------
Number clusters = 0.0
Max  Number points in event queue = 0.0
Avg number points in clusters= 0.0
Avg Rmc size = 0.0
Avg Length exps= 0.0
#window: 33
Total #outliers: 744
Average Time: 0.16898338633333332
Peak memory: 124.50041198730469
Time index, remove data from structure: 0.0024724233333333332
Time for querying: 0.0
Time for new slide: 0.1486999158787879
Time for expired slide: 0.02027908212121212
------------------------------------
Number clusters = 0.0
Max  Number points in event queue = 0.0
Avg number points in clusters= 0.0
Avg Rmc size = 0.0
Avg Length exps= 0.0
#window: 34
Total #outliers: 759
Average Time: 0.16890184461764704
Peak memory: 124.50041198730469
Time index, remove data from structure: 0.0024777547352941177
Time for querying: 0.0
Time for new slide: 0.14844785458823528
Time for expired slide: 0.020449634823529413
------------------------------------
Number clusters = 0.0
Max  Number points in event queue = 0.0
Avg number points in clusters= 0.0
Avg Rmc size = 0.0
Avg Length exps= 0.0
#window: 35
Total #outliers: 767
Average Time: 0.1685437001428571
Peak memory: 124.50041198730469
Time index, remove data from structure: 0.0024742062857142856
Time for querying: 0.0
Time for new slide: 0.1482499928
Time for expired slide: 0.020289372885714287
------------------------------------
Number clusters = 0.0
Max  Number points in event queue = 0.0
Avg number points in clusters= 0.0
Avg Rmc size = 0.0
Avg Length exps= 0.0
#window: 36
Total #outliers: 777
Average Time: 0.1681798062222222
Peak memory: 124.50041198730469
Time index, remove data from structure: 0.0024722741944444445
Time for querying: 0.0
Time for new slide: 0.14804443491666666
Time for expired slide: 0.020131049444444445
------------------------------------
Number clusters = 0.0
Max  Number points in event queue = 0.0
Avg number points in clusters= 0.0
Avg Rmc size = 0.0
Avg Length exps= 0.0
#window: 37
Total #outliers: 768
Average Time: 0.16795274254054052
Peak memory: 124.50041198730469
Time index, remove data from structure: 0.0024700128918918917
Time for querying: 0.0
Time for new slide: 0.14781295702702701
Time for expired slide: 0.020135496
------------------------------------
Number clusters = 0.0
Max  Number points in event queue = 0.0
Avg number points in clusters= 0.0
Avg Rmc size = 0.0
Avg Length exps= 0.0
#window: 38
Total #outliers: 768
Average Time: 0.16769563665789472
Peak memory: 124.50041198730469
Time index, remove data from structure: 0.002474412736842105
Time for querying: 0.0
Time for new slide: 0.14752161292105262
Time for expired slide: 0.020169761789473686
------------------------------------
Number clusters = 0.0
Max  Number points in event queue = 0.0
Avg number points in clusters= 0.0
Avg Rmc size = 0.0
Avg Length exps= 0.0
#window: 39
Total #outliers: 797
Average Time: 0.16765656276923074
Peak memory: 124.50041198730469
Time index, remove data from structure: 0.0024666061025641027
Time for querying: 0.0
Time for new slide: 0.14732376987179488
Time for expired slide: 0.020328566153846154
------------------------------------
Number clusters = 0.0
Max  Number points in event queue = 0.0
Avg number points in clusters= 0.0
Avg Rmc size = 0.0
Avg Length exps= 0.0
#window: 40
Total #outliers: 784
Average Time: 0.16720033617499996
Peak memory: 124.50041198730469
Time index, remove data from structure: 0.0024648882
Time for querying: 0.0
Time for new slide: 0.14700633365
Time for expired slide: 0.020189789625
------------------------------------
Number clusters = 0.0
Max  Number points in event queue = 0.0
Avg number points in clusters= 0.0
Avg Rmc size = 0.0
Avg Length exps= 0.0
#window: 41
Total #outliers: 770
Average Time: 0.16732174129268287
Peak memory: 124.50041198730469
Time index, remove data from structure: 0.0024576535853658536
Time for querying: 0.0
Time for new slide: 0.1468839677804878
Time for expired slide: 0.020433568634146342
------------------------------------
Number clusters = 0.0
Max  Number points in event queue = 0.0
Avg number points in clusters= 0.0
Avg Rmc size = 0.0
Avg Length exps= 0.0
#window: 42
Total #outliers: 769
Average Time: 0.16727495119047614
Peak memory: 124.50041198730469
Time index, remove data from structure: 0.0024548525
Time for querying: 0.0
Time for new slide: 0.14669271552380952
Time for expired slide: 0.020578057
------------------------------------
Number clusters = 0.0
Max  Number points in event queue = 0.0
Avg number points in clusters= 0.0
Avg Rmc size = 0.0
Avg Length exps= 0.0
#window: 43
Total #outliers: 785
Average Time: 0.1672968049069767
Peak memory: 124.50041198730469
Time index, remove data from structure: 0.0024550531627906976
Time for querying: 0.0
Time for new slide: 0.1466218823023256
Time for expired slide: 0.020670752488372093
------------------------------------
Number clusters = 0.0
Max  Number points in event queue = 0.0
Avg number points in clusters= 0.0
Avg Rmc size = 0.0
Avg Length exps= 0.0
#window: 44
Total #outliers: 792
Average Time: 0.16718769188636362
Peak memory: 124.50041198730469
Time index, remove data from structure: 0.002450960545454545
Time for querying: 0.0
Time for new slide: 0.1463861155
Time for expired slide: 0.020797399295454547
------------------------------------
Number clusters = 0.0
Max  Number points in event queue = 0.0
Avg number points in clusters= 0.0
Avg Rmc size = 0.0
Avg Length exps= 0.0
#window: 45
Total #outliers: 818
Average Time: 0.16715898924444442
Peak memory: 124.50041198730469
Time index, remove data from structure: 0.0024492233555555554
Time for querying: 0.0
Time for new slide: 0.14626609613333333
Time for expired slide: 0.020888749999999998
------------------------------------
Number clusters = 0.0
Max  Number points in event queue = 0.0
Avg number points in clusters= 0.0
Avg Rmc size = 0.0
Avg Length exps= 0.0
#window: 46
Total #outliers: 838
Average Time: 0.16679418189130432
Peak memory: 124.50041198730469
Time index, remove data from structure: 0.0024461737391304346
Time for querying: 0.0
Time for new slide: 0.14602588373913045
Time for expired slide: 0.020764165130434782
------------------------------------
Number clusters = 0.0
Max  Number points in event queue = 0.0
Avg number points in clusters= 0.0
Avg Rmc size = 0.0
Avg Length exps= 0.0
#window: 47
Total #outliers: 877
Average Time: 0.16662301219148934
Peak memory: 124.50041198730469
Time index, remove data from structure: 0.002442853829787234
Time for querying: 0.0
Time for new slide: 0.14597799965957448
Time for expired slide: 0.020640903680851065
------------------------------------
Number clusters = 0.0
Max  Number points in event queue = 0.0
Avg number points in clusters= 0.0
Avg Rmc size = 0.0
Avg Length exps= 0.0
#window: 48
Total #outliers: 861
Average Time: 0.16646178047916665
Peak memory: 124.50041198730469
Time index, remove data from structure: 0.0024376433125
Time for querying: 0.0
Time for new slide: 0.14593157843750001
Time for expired slide: 0.020526106604166667
------------------------------------
Number clusters = 0.0
Max  Number points in event queue = 0.0
Avg number points in clusters= 0.0
Avg Rmc size = 0.0
Avg Length exps= 0.0
#window: 49
Total #outliers: 856
Average Time: 0.16633696497959183
Peak memory: 124.50041198730469
Time index, remove data from structure: 0.002435013020408163
Time for querying: 0.0
Time for new slide: 0.14579667775510202
Time for expired slide: 0.02053620875510204
------------------------------------
Number clusters = 0.0
Max  Number points in event queue = 0.0
Avg number points in clusters= 0.0
Avg Rmc size = 0.0
Avg Length exps= 0.0
#window: 50
Total #outliers: 867
Average Time: 0.16608758734
Peak memory: 124.50041198730469
Time index, remove data from structure: 0.00243014962
Time for querying: 0.0
Time for new slide: 0.1456597803
Time for expired slide: 0.0204237314
------------------------------------
Number clusters = 0.0
Max  Number points in event queue = 0.0
Avg number points in clusters= 0.0
Avg Rmc size = 0.0
Avg Length exps= 0.0
#window: 51
Total #outliers: 861
Average Time: 0.1660206529803922
Peak memory: 124.50041198730469
Time index, remove data from structure: 0.002426527549019608
Time for querying: 0.0
Time for new slide: 0.14556989462745099
Time for expired slide: 0.020446692509803924
------------------------------------
Number clusters = 0.0
Max  Number points in event queue = 0.0
Avg number points in clusters= 0.0
Avg Rmc size = 0.0
Avg Length exps= 0.0
#window: 52
Total #outliers: 868
Average Time: 0.16579887678846156
Peak memory: 124.50041198730469
Time index, remove data from structure: 0.002421283019230769
Time for querying: 0.0
Time for new slide: 0.1453595584423077
Time for expired slide: 0.020435277326923077
------------------------------------
Number clusters = 0.0
Max  Number points in event queue = 0.0
Avg number points in clusters= 0.0
Avg Rmc size = 0.0
Avg Length exps= 0.0
#window: 53
Total #outliers: 846
Average Time: 0.16582107920754718
Peak memory: 124.50041198730469
Time index, remove data from structure: 0.0024205425849056603
Time for querying: 0.0
Time for new slide: 0.14529227098113207
Time for expired slide: 0.020524776603773585
------------------------------------
Number clusters = 0.0
Max  Number points in event queue = 0.0
Avg number points in clusters= 0.0
Avg Rmc size = 0.0
Avg Length exps= 0.0
#window: 54
Total #outliers: 871
Average Time: 0.16570137944444444
Peak memory: 124.50041198730469
Time index, remove data from structure: 0.0024152695555555554
Time for querying: 0.0
Time for new slide: 0.1451837595
Time for expired slide: 0.02051360448148148
------------------------------------
Number clusters = 0.0
Max  Number points in event queue = 0.0
Avg number points in clusters= 0.0
Avg Rmc size = 0.0
Avg Length exps= 0.0
#window: 55
Total #outliers: 867
Average Time: 0.16565801543636363
Peak memory: 124.50041198730469
Time index, remove data from structure: 0.00241141
Time for querying: 0.0
Time for new slide: 0.1450470028
Time for expired slide: 0.020607004
------------------------------------
Number clusters = 0.0
Max  Number points in event queue = 0.0
Avg number points in clusters= 0.0
Avg Rmc size = 0.0
Avg Length exps= 0.0
#window: 56
Total #outliers: 867
Average Time: 0.16558353423214284
Peak memory: 124.50041198730469
Time index, remove data from structure: 0.002407911803571428
Time for querying: 0.0
Time for new slide: 0.144957403
Time for expired slide: 0.02062213308928571
------------------------------------
Number clusters = 0.0
Max  Number points in event queue = 0.0
Avg number points in clusters= 0.0
Avg Rmc size = 0.0
Avg Length exps= 0.0
#window: 57
Total #outliers: 862
Average Time: 0.16538929824561402
Peak memory: 124.50041198730469
Time index, remove data from structure: 0.0024067839824561403
Time for querying: 0.0
Time for new slide: 0.1447509672631579
Time for expired slide: 0.020634357859649125
------------------------------------
Number clusters = 0.0
Max  Number points in event queue = 0.0
Avg number points in clusters= 0.0
Avg Rmc size = 0.0
Avg Length exps= 0.0
#window: 58
Total #outliers: 858
Average Time: 0.1652844140862069
Peak memory: 124.50041198730469
Time index, remove data from structure: 0.0024039540862068965
Time for querying: 0.0
Time for new slide: 0.1446580285862069
Time for expired slide: 0.020622418913793104
------------------------------------
Number clusters = 0.0
Max  Number points in event queue = 0.0
Avg number points in clusters= 0.0
Avg Rmc size = 0.0
Avg Length exps= 0.0
#window: 59
Total #outliers: 817
Average Time: 0.16499719644067798
Peak memory: 124.50041198730469
Time index, remove data from structure: 0.0024008253050847458
Time for querying: 0.0
Time for new slide: 0.1444679365762712
Time for expired slide: 0.02052531966101695
------------------------------------
Number clusters = 0.0
Max  Number points in event queue = 0.0
Avg number points in clusters= 0.0
Avg Rmc size = 0.0
Avg Length exps= 0.0
#window: 60
Total #outliers: 843
Average Time: 0.16486659748333335
Peak memory: 124.50041198730469
Time index, remove data from structure: 0.002394708183333333
Time for querying: 0.0
Time for new slide: 0.14433922105
Time for expired slide: 0.020523447583333333
------------------------------------
Number clusters = 0.0
Max  Number points in event queue = 0.0
Avg number points in clusters= 0.0
Avg Rmc size = 0.0
Avg Length exps= 0.0
#window: 61
Total #outliers: 829
Average Time: 0.16466742132786885
Peak memory: 124.50041198730469
Time index, remove data from structure: 0.0023920226065573774
Time for querying: 0.0
Time for new slide: 0.1441505087704918
Time for expired slide: 0.0205130018852459
------------------------------------
Number clusters = 0.0
Max  Number points in event queue = 0.0
Avg number points in clusters= 0.0
Avg Rmc size = 0.0
Avg Length exps= 0.0
#window: 62
Total #outliers: 844
Average Time: 0.164401351
Peak memory: 124.50041198730469
Time index, remove data from structure: 0.002385035258064516
Time for querying: 0.0
Time for new slide: 0.14398475982258063
Time for expired slide: 0.020412689419354837
------------------------------------
Number clusters = 0.0
Max  Number points in event queue = 0.0
Avg number points in clusters= 0.0
Avg Rmc size = 0.0
Avg Length exps= 0.0
#window: 63
Total #outliers: 838
Average Time: 0.1643131006984127
Peak memory: 124.50041198730469
Time index, remove data from structure: 0.0023822715238095236
Time for querying: 0.0
Time for new slide: 0.1438199239047619
Time for expired slide: 0.020489295365079364
------------------------------------
Number clusters = 0.0
Max  Number points in event queue = 0.0
Avg number points in clusters= 0.0
Avg Rmc size = 0.0
Avg Length exps= 0.0
#window: 64
Total #outliers: 854
Average Time: 0.16405283876562501
Peak memory: 124.50041198730469
Time index, remove data from structure: 0.0023776648125
Time for querying: 0.0
Time for new slide: 0.143575807328125
Time for expired slide: 0.020473155671875
------------------------------------
Number clusters = 0.0
Max  Number points in event queue = 0.0
Avg number points in clusters= 0.0
Avg Rmc size = 0.0
Avg Length exps= 0.0
#window: 65
Total #outliers: 843
Average Time: 0.16392314230769234
Peak memory: 124.50041198730469
Time index, remove data from structure: 0.002375930584615385
Time for querying: 0.0
Time for new slide: 0.14343934044615383
Time for expired slide: 0.020479935723076922
------------------------------------
Number clusters = 0.0
Max  Number points in event queue = 0.0
Avg number points in clusters= 0.0
Avg Rmc size = 0.0
Avg Length exps= 0.0
#window: 66
Total #outliers: 833
Average Time: 0.16367317651515154
Peak memory: 124.50041198730469
Time index, remove data from structure: 0.0023719400606060604
Time for querying: 0.0
Time for new slide: 0.14327527606060605
Time for expired slide: 0.020394035606060606
------------------------------------
Number clusters = 0.0
Max  Number points in event queue = 0.0
Avg number points in clusters= 0.0
Avg Rmc size = 0.0
Avg Length exps= 0.0
#window: 67
Total #outliers: 833
Average Time: 0.16353927837313434
Peak memory: 124.50041198730469
Time index, remove data from structure: 0.002368472
Time for querying: 0.0
Time for new slide: 0.14314413531343284
Time for expired slide: 0.020391277358208955
------------------------------------
Number clusters = 0.0
Max  Number points in event queue = 0.0
Avg number points in clusters= 0.0
Avg Rmc size = 0.0
Avg Length exps= 0.0
#window: 68
Total #outliers: 836
Average Time: 0.16335056017647062
Peak memory: 124.50041198730469
Time index, remove data from structure: 0.0023665423235294117
Time for querying: 0.0
Time for new slide: 0.14303598350000002
Time for expired slide: 0.020310716794117646
------------------------------------
Number clusters = 0.0
Max  Number points in event queue = 0.0
Avg number points in clusters= 0.0
Avg Rmc size = 0.0
Avg Length exps= 0.0
#window: 69
Total #outliers: 822
Average Time: 0.16306257263768117
Peak memory: 124.50041198730469
Time index, remove data from structure: 0.0023645196811594204
Time for querying: 0.0
Time for new slide: 0.1428204589710145
Time for expired slide: 0.02023825924637681
------------------------------------
Number clusters = 0.0
Max  Number points in event queue = 0.0
Avg number points in clusters= 0.0
Avg Rmc size = 0.0
Avg Length exps= 0.0
#window: 70
Total #outliers: 822
Average Time: 0.16281142510000002
Peak memory: 124.50041198730469
Time index, remove data from structure: 0.0023593981142857145
Time for querying: 0.0
Time for new slide: 0.1426449253
Time for expired slide: 0.020162649271428572
------------------------------------
Number clusters = 0.0
Max  Number points in event queue = 0.0
Avg number points in clusters= 0.0
Avg Rmc size = 0.0
Avg Length exps= 0.0
#window: 71
Total #outliers: 831
Average Time: 0.16258807305633804
Peak memory: 124.50041198730469
Time index, remove data from structure: 0.002354718267605634
Time for querying: 0.0
Time for new slide: 0.14249928785915492
Time for expired slide: 0.02008494566197183
------------------------------------
Number clusters = 0.0
Max  Number points in event queue = 0.0
Avg number points in clusters= 0.0
Avg Rmc size = 0.0
Avg Length exps= 0.0
#window: 72
Total #outliers: 820
Average Time: 0.1623790495555556
Peak memory: 124.50041198730469
Time index, remove data from structure: 0.002348779125
Time for querying: 0.0
Time for new slide: 0.142362878625
Time for expired slide: 0.020012339444444444
------------------------------------
Number clusters = 0.0
Max  Number points in event queue = 0.0
Avg number points in clusters= 0.0
Avg Rmc size = 0.0
Avg Length exps= 0.0
#window: 73
Total #outliers: 812
Average Time: 0.16235801158904112
Peak memory: 124.50041198730469
Time index, remove data from structure: 0.0023465300136986302
Time for querying: 0.0
Time for new slide: 0.1422500805890411
Time for expired slide: 0.020104103315068494
------------------------------------
Number clusters = 0.0
Max  Number points in event queue = 0.0
Avg number points in clusters= 0.0
Avg Rmc size = 0.0
Avg Length exps= 0.0
#window: 74
Total #outliers: 832
Average Time: 0.16208216754054056
Peak memory: 124.50041198730469
Time index, remove data from structure: 0.0023431032432432433
Time for querying: 0.0
Time for new slide: 0.14204457631081083
Time for expired slide: 0.020033773054054054
------------------------------------
Number clusters = 0.0
Max  Number points in event queue = 0.0
Avg number points in clusters= 0.0
Avg Rmc size = 0.0
Avg Length exps= 0.0
#window: 75
Total #outliers: 824
Average Time: 0.16197639858666668
Peak memory: 124.50041198730469
Time index, remove data from structure: 0.0023405290266666668
Time for querying: 0.0
Time for new slide: 0.14192777796
Time for expired slide: 0.020044808333333334
------------------------------------
Number clusters = 0.0
Max  Number points in event queue = 0.0
Avg number points in clusters= 0.0
Avg Rmc size = 0.0
Avg Length exps= 0.0
#window: 76
Total #outliers: 824
Average Time: 0.16189409744736843
Peak memory: 124.50041198730469
Time index, remove data from structure: 0.002338982394736842
Time for querying: 0.0
Time for new slide: 0.14178040313157894
Time for expired slide: 0.020109887460526315
------------------------------------
Number clusters = 0.0
Max  Number points in event queue = 0.0
Avg number points in clusters= 0.0
Avg Rmc size = 0.0
Avg Length exps= 0.0
#window: 77
Total #outliers: 792
Average Time: 0.16168588763636366
Peak memory: 124.50041198730469
Time index, remove data from structure: 0.0023337162597402597
Time for querying: 0.0
Time for new slide: 0.14164300016883116
Time for expired slide: 0.02003909018181818
------------------------------------
Number clusters = 0.0
Max  Number points in event queue = 0.0
Avg number points in clusters= 0.0
Avg Rmc size = 0.0
Avg Length exps= 0.0
#window: 78
Total #outliers: 841
Average Time: 0.16152633934615385
Peak memory: 124.50041198730469
Time index, remove data from structure: 0.002330839782051282
Time for querying: 0.0
Time for new slide: 0.14154900133333334
Time for expired slide: 0.019973544205128205
------------------------------------
Number clusters = 0.0
Max  Number points in event queue = 0.0
Avg number points in clusters= 0.0
Avg Rmc size = 0.0
Avg Length exps= 0.0
#window: 79
Total #outliers: 845
Average Time: 0.16133384943037973
Peak memory: 124.50041198730469
Time index, remove data from structure: 0.0023274218860759492
Time for querying: 0.0
Time for new slide: 0.1414195064050633
Time for expired slide: 0.019910561670886076
------------------------------------
Number clusters = 0.0
Max  Number points in event queue = 0.0
Avg number points in clusters= 0.0
Avg Rmc size = 0.0
Avg Length exps= 0.0
#window: 80
Total #outliers: 839
Average Time: 0.16115364005
Peak memory: 124.50041198730469
Time index, remove data from structure: 0.0023240077875
Time for querying: 0.0
Time for new slide: 0.14122110908750002
Time for expired slide: 0.019928755824999998
------------------------------------
Number clusters = 0.0
Max  Number points in event queue = 0.0
Avg number points in clusters= 0.0
Avg Rmc size = 0.0
Avg Length exps= 0.0
#window: 81
Total #outliers: 861
Average Time: 0.16098271460493827
Peak memory: 124.50041198730469
Time index, remove data from structure: 0.0023203014567901234
Time for querying: 0.0
Time for new slide: 0.14111194374074074
Time for expired slide: 0.019867008098765432
------------------------------------
Number clusters = 0.0
Max  Number points in event queue = 0.0
Avg number points in clusters= 0.0
Avg Rmc size = 0.0
Avg Length exps= 0.0
#window: 82
Total #outliers: 882
Average Time: 0.16100408137804878
Peak memory: 124.50041198730469
Time index, remove data from structure: 0.002318049524390244
Time for querying: 0.0
Time for new slide: 0.141043848
Time for expired slide: 0.01995647762195122
------------------------------------
Number clusters = 0.0
Max  Number points in event queue = 0.0
Avg number points in clusters= 0.0
Avg Rmc size = 0.0
Avg Length exps= 0.0
#window: 83
Total #outliers: 918
Average Time: 0.16085587926506023
Peak memory: 124.50041198730469
Time index, remove data from structure: 0.0023131333493975905
Time for querying: 0.0
Time for new slide: 0.14095219244578314
Time for expired slide: 0.01989993095180723
------------------------------------
Number clusters = 0.0
Max  Number points in event queue = 0.0
Avg number points in clusters= 0.0
Avg Rmc size = 0.0
Avg Length exps= 0.0
#window: 84
Total #outliers: 894
Average Time: 0.16072307745238096
Peak memory: 124.50041198730469
Time index, remove data from structure: 0.002308310261904762
Time for querying: 0.0
Time for new slide: 0.14087709980952381
Time for expired slide: 0.019842227988095238
------------------------------------
Number clusters = 0.0
Max  Number points in event queue = 0.0
Avg number points in clusters= 0.0
Avg Rmc size = 0.0
Avg Length exps= 0.0
#window: 85
Total #outliers: 895
Average Time: 0.1607013064352941
Peak memory: 124.50041198730469
Time index, remove data from structure: 0.0023052654352941175
Time for querying: 0.0
Time for new slide: 0.14084325485882354
Time for expired slide: 0.019854308588235295
------------------------------------
Number clusters = 0.0
Max  Number points in event queue = 0.0
Avg number points in clusters= 0.0
Avg Rmc size = 0.0
Avg Length exps= 0.0
#window: 86
Total #outliers: 920
Average Time: 0.16056940213953486
Peak memory: 124.50041198730469
Time index, remove data from structure: 0.0023022076976744184
Time for querying: 0.0
Time for new slide: 0.14076559047674417
Time for expired slide: 0.01980007284883721
------------------------------------
Number clusters = 0.0
Max  Number points in event queue = 0.0
Avg number points in clusters= 0.0
Avg Rmc size = 0.0
Avg Length exps= 0.0
#window: 87
Total #outliers: 927
Average Time: 0.16055403051724138
Peak memory: 124.50041198730469
Time index, remove data from structure: 0.002298032448275862
Time for querying: 0.0
Time for new slide: 0.14071777637931035
Time for expired slide: 0.019832513356321836
------------------------------------
Number clusters = 0.0
Max  Number points in event queue = 0.0
Avg number points in clusters= 0.0
Avg Rmc size = 0.0
Avg Length exps= 0.0
#window: 88
Total #outliers: 922
Average Time: 0.1605946481931818
Peak memory: 124.50041198730469
Time index, remove data from structure: 0.002296147431818182
Time for querying: 0.0
Time for new slide: 0.14069545239772727
Time for expired slide: 0.01989546455681818
------------------------------------
Number clusters = 0.0
Max  Number points in event queue = 0.0
Avg number points in clusters= 0.0
Avg Rmc size = 0.0
Avg Length exps= 0.0
#window: 89
Total #outliers: 919
Average Time: 0.16054048305617977
Peak memory: 124.50041198730469
Time index, remove data from structure: 0.002292507741573034
Time for querying: 0.0
Time for new slide: 0.14061944173033708
Time for expired slide: 0.019917318573033707
------------------------------------
Number clusters = 0.0
Max  Number points in event queue = 0.0
Avg number points in clusters= 0.0
Avg Rmc size = 0.0
Avg Length exps= 0.0
#window: 90
Total #outliers: 912
Average Time: 0.16051750101111112
Peak memory: 124.50041198730469
Time index, remove data from structure: 0.002291268966666667
Time for querying: 0.0
Time for new slide: 0.1405754251
Time for expired slide: 0.019938361377777776
------------------------------------
Number clusters = 0.0
Max  Number points in event queue = 0.0
Avg number points in clusters= 0.0
Avg Rmc size = 0.0
Avg Length exps= 0.0
#window: 91
Total #outliers: 935
Average Time: 0.16040323835164835
Peak memory: 124.50041198730469
Time index, remove data from structure: 0.002289574120879121
Time for querying: 0.0
Time for new slide: 0.14050694232967031
Time for expired slide: 0.01989258097802198
------------------------------------
Number clusters = 0.0
Max  Number points in event queue = 0.0
Avg number points in clusters= 0.0
Avg Rmc size = 0.0
Avg Length exps= 0.0
#window: 92
Total #outliers: 920
Average Time: 0.16042779261956522
Peak memory: 124.50041198730469
Time index, remove data from structure: 0.0022866042608695653
Time for querying: 0.0
Time for new slide: 0.14046373872826087
Time for expired slide: 0.019960346054347825
------------------------------------
Number clusters = 0.0
Max  Number points in event queue = 0.0
Avg number points in clusters= 0.0
Avg Rmc size = 0.0
Avg Length exps= 0.0
#window: 93
Total #outliers: 903
Average Time: 0.16034986015053762
Peak memory: 124.50041198730469
Time index, remove data from structure: 0.002285362440860215
Time for querying: 0.0
Time for new slide: 0.14038344277419354
Time for expired slide: 0.019962714311827955
------------------------------------
Number clusters = 0.0
Max  Number points in event queue = 0.0
Avg number points in clusters= 0.0
Avg Rmc size = 0.0
Avg Length exps= 0.0
#window: 94
Total #outliers: 893
Average Time: 0.16022596317021276
Peak memory: 124.50041198730469
Time index, remove data from structure: 0.0022828538723404256
Time for querying: 0.0
Time for new slide: 0.1403080974361702
Time for expired slide: 0.019914164680851065
------------------------------------
Number clusters = 0.0
Max  Number points in event queue = 0.0
Avg number points in clusters= 0.0
Avg Rmc size = 0.0
Avg Length exps= 0.0
#window: 95
Total #outliers: 885
Average Time: 0.1600827284736842
Peak memory: 124.50041198730469
Time index, remove data from structure: 0.0022818854
Time for querying: 0.0
Time for new slide: 0.14021543062105263
Time for expired slide: 0.01986359948421053
------------------------------------
Number clusters = 0.0
Max  Number points in event queue = 0.0
Avg number points in clusters= 0.0
Avg Rmc size = 0.0
Avg Length exps= 0.0
#window: 96
Total #outliers: 868
Average Time: 0.15994324726041667
Peak memory: 124.50041198730469
Time index, remove data from structure: 0.0022794460520833334
Time for querying: 0.0
Time for new slide: 0.14007945486458334
Time for expired slide: 0.01986009009375
------------------------------------
Number clusters = 0.0
Max  Number points in event queue = 0.0
Avg number points in clusters= 0.0
Avg Rmc size = 0.0
Avg Length exps= 0.0
#window: 97
Total #outliers: 884
Average Time: 0.15989887
Peak memory: 124.50041198730469
Time index, remove data from structure: 0.002278506443298969
Time for querying: 0.0
Time for new slide: 0.13998373693814434
Time for expired slide: 0.01991128556701031
------------------------------------
Number clusters = 0.0
Max  Number points in event queue = 0.0
Avg number points in clusters= 0.0
Avg Rmc size = 0.0
Avg Length exps= 0.0
#window: 98
Total #outliers: 861
Average Time: 0.1597755723469388
Peak memory: 124.50041198730469
Time index, remove data from structure: 0.0022778328163265307
Time for querying: 0.0
Time for new slide: 0.13983936323469387
Time for expired slide: 0.019932364265306122
------------------------------------
Number clusters = 0.0
Max  Number points in event queue = 0.0
Avg number points in clusters= 0.0
Avg Rmc size = 0.0
Avg Length exps= 0.0
#window: 99
Total #outliers: 886
Average Time: 0.15967216811111112
Peak memory: 124.50041198730469
Time index, remove data from structure: 0.0022770185353535354
Time for querying: 0.0
Time for new slide: 0.13973077795959596
Time for expired slide: 0.019937549282828284
------------------------------------
Number clusters = 0.0
Max  Number points in event queue = 0.0
Avg number points in clusters= 0.0
Avg Rmc size = 0.0
Avg Length exps= 0.0
#window: 100
Total #outliers: 899
Average Time: 0.15960928256999998
Peak memory: 124.50041198730469
Time index, remove data from structure: 0.00227475632
Time for querying: 0.0
Time for new slide: 0.13965992035
Time for expired slide: 0.01994552018
------------------------------------
Number clusters = 0.0
Max  Number points in event queue = 0.0
Avg number points in clusters= 0.0
Avg Rmc size = 0.0
Avg Length exps= 0.0
#window: 101
Total #outliers: 913
Average Time: 0.15955986626732674
Peak memory: 124.50041198730469
Time index, remove data from structure: 0.002272973188118812
Time for querying: 0.0
Time for new slide: 0.1396001417128713
Time for expired slide: 0.019955885623762375
------------------------------------
Number clusters = 0.0
Max  Number points in event queue = 0.0
Avg number points in clusters= 0.0
Avg Rmc size = 0.0
Avg Length exps= 0.0
#window: 102
Total #outliers: 875
Average Time: 0.15947743170588236
Peak memory: 124.50041198730469
Time index, remove data from structure: 0.0022715078725490194
Time for querying: 0.0
Time for new slide: 0.13949980670588236
Time for expired slide: 0.019973788794117646
------------------------------------
Number clusters = 0.0
Max  Number points in event queue = 0.0
Avg number points in clusters= 0.0
Avg Rmc size = 0.0
Avg Length exps= 0.0
#window: 103
Total #outliers: 861
Average Time: 0.15937519026213592
Peak memory: 124.50041198730469
Time index, remove data from structure: 0.0022680526990291263
Time for querying: 0.0
Time for new slide: 0.13944667130097085
Time for expired slide: 0.0199246849223301
------------------------------------
Number clusters = 0.0
Max  Number points in event queue = 0.0
Avg number points in clusters= 0.0
Avg Rmc size = 0.0
Avg Length exps= 0.0
#window: 104
Total #outliers: 853
Average Time: 0.15928418978846154
Peak memory: 124.50041198730469
Time index, remove data from structure: 0.0022668150480769232
Time for querying: 0.0
Time for new slide: 0.13934910415384616
Time for expired slide: 0.019931247778846153
------------------------------------
Number clusters = 0.0
Max  Number points in event queue = 0.0
Avg number points in clusters= 0.0
Avg Rmc size = 0.0
Avg Length exps= 0.0
#window: 105
Total #outliers: 837
Average Time: 0.15910617684761905
Peak memory: 124.50041198730469
Time index, remove data from structure: 0.0022654817904761903
Time for querying: 0.0
Time for new slide: 0.13921950207619047
Time for expired slide: 0.019882840476190475
------------------------------------
Number clusters = 0.0
Max  Number points in event queue = 0.0
Avg number points in clusters= 0.0
Avg Rmc size = 0.0
Avg Length exps= 0.0
#window: 106
Total #outliers: 772
Average Time: 0.15905824654716982
Peak memory: 124.50041198730469
Time index, remove data from structure: 0.0022643621981132075
Time for querying: 0.0
Time for new slide: 0.13910192309433964
Time for expired slide: 0.019952489518867928
------------------------------------
Number clusters = 0.0
Max  Number points in event queue = 0.0
Avg number points in clusters= 0.0
Avg Rmc size = 0.0
Avg Length exps= 0.0
#window: 107
Total #outliers: 771
Average Time: 0.1589471100186916
Peak memory: 124.50041198730469
Time index, remove data from structure: 0.00226285076635514
Time for querying: 0.0
Time for new slide: 0.13899600049532712
Time for expired slide: 0.019947277355140184
------------------------------------
Number clusters = 0.0
Max  Number points in event queue = 0.0
Avg number points in clusters= 0.0
Avg Rmc size = 0.0
Avg Length exps= 0.0
#window: 108
Total #outliers: 778
Average Time: 0.15873475113888894
Peak memory: 124.50041198730469
Time index, remove data from structure: 0.002260979101851852
Time for querying: 0.0
Time for new slide: 0.13883332269444446
Time for expired slide: 0.01989760701851852
------------------------------------
Number clusters = 0.0
Max  Number points in event queue = 0.0
Avg number points in clusters= 0.0
Avg Rmc size = 0.0
Avg Length exps= 0.0
#window: 109
Total #outliers: 765
Average Time: 0.15855329367889914
Peak memory: 124.50041198730469
Time index, remove data from structure: 0.0022587178165137615
Time for querying: 0.0
Time for new slide: 0.13870038997247705
Time for expired slide: 0.01984908891743119
------------------------------------
Number clusters = 0.0
Max  Number points in event queue = 0.0
Avg number points in clusters= 0.0
Avg Rmc size = 0.0
Avg Length exps= 0.0
#window: 110
Total #outliers: 775
Average Time: 0.15837588029090913
Peak memory: 124.50041198730469
Time index, remove data from structure: 0.0022574552363636364
Time for querying: 0.0
Time for new slide: 0.13856913723636363
Time for expired slide: 0.01980292730909091
------------------------------------
Number clusters = 0.0
Max  Number points in event queue = 0.0
Avg number points in clusters= 0.0
Avg Rmc size = 0.0
Avg Length exps= 0.0
#window: 111
Total #outliers: 781
Average Time: 0.15828405926126132
Peak memory: 124.50041198730469
Time index, remove data from structure: 0.002255842423423423
Time for querying: 0.0
Time for new slide: 0.13847325983783784
Time for expired slide: 0.0198069833963964
------------------------------------
Number clusters = 0.0
Max  Number points in event queue = 0.0
Avg number points in clusters= 0.0
Avg Rmc size = 0.0
Avg Length exps= 0.0
#window: 112
Total #outliers: 792
Average Time: 0.15815324489285718
Peak memory: 124.50041198730469
Time index, remove data from structure: 0.002252811294642857
Time for querying: 0.0
Time for new slide: 0.13834237976785715
Time for expired slide: 0.019807052160714288
------------------------------------
Number clusters = 0.0
Max  Number points in event queue = 0.0
Avg number points in clusters= 0.0
Avg Rmc size = 0.0
Avg Length exps= 0.0
#window: 113
Total #outliers: 772
Average Time: 0.158254163300885
Peak memory: 124.50041198730469
Time index, remove data from structure: 0.002252845221238938
Time for querying: 0.0
Time for new slide: 0.13829207196460178
Time for expired slide: 0.019958282973451327
------------------------------------
Number clusters = 0.0
Max  Number points in event queue = 0.0
Avg number points in clusters= 0.0
Avg Rmc size = 0.0
Avg Length exps= 0.0
#window: 114
Total #outliers: 753
Average Time: 0.15814047438596496
Peak memory: 124.50041198730469
Time index, remove data from structure: 0.00225249699122807
Time for querying: 0.0
Time for new slide: 0.13818371028070175
Time for expired slide: 0.01995295851754386
------------------------------------
Number clusters = 0.0
Max  Number points in event queue = 0.0
Avg number points in clusters= 0.0
Avg Rmc size = 0.0
Avg Length exps= 0.0
#window: 115
Total #outliers: 766
Average Time: 0.15802113360869569
Peak memory: 124.50041198730469
Time index, remove data from structure: 0.0022534543739130435
Time for querying: 0.0
Time for new slide: 0.13805038431304348
Time for expired slide: 0.019966944713043475
------------------------------------
Number clusters = 0.0
Max  Number points in event queue = 0.0
Avg number points in clusters= 0.0
Avg Rmc size = 0.0
Avg Length exps= 0.0
#window: 116
Total #outliers: 794
Average Time: 0.15800853497413794
Peak memory: 124.50041198730469
Time index, remove data from structure: 0.0022528983448275863
Time for querying: 0.0
Time for new slide: 0.137956791637931
Time for expired slide: 0.02004794445689655
------------------------------------
Number clusters = 0.0
Max  Number points in event queue = 0.0
Avg number points in clusters= 0.0
Avg Rmc size = 0.0
Avg Length exps= 0.0
#window: 117
Total #outliers: 800
Average Time: 0.15790165880341883
Peak memory: 124.50041198730469
Time index, remove data from structure: 0.0022542579487179488
Time for querying: 0.0
Time for new slide: 0.1378440020940171
Time for expired slide: 0.020053858128205128
------------------------------------
Number clusters = 0.0
Max  Number points in event queue = 0.0
Avg number points in clusters= 0.0
Avg Rmc size = 0.0
Avg Length exps= 0.0
#window: 118
Total #outliers: 824
Average Time: 0.15775174599152544
Peak memory: 124.50041198730469
Time index, remove data from structure: 0.0022513976779661017
Time for querying: 0.0
Time for new slide: 0.13774128981355932
Time for expired slide: 0.02000666207627119
------------------------------------
Number clusters = 0.0
Max  Number points in event queue = 0.0
Avg number points in clusters= 0.0
Avg Rmc size = 0.0
Avg Length exps= 0.0
#window: 119
Total #outliers: 777
Average Time: 0.15761815245378155
Peak memory: 124.50041198730469
Time index, remove data from structure: 0.0022513258571428573
Time for querying: 0.0
Time for new slide: 0.13764881092436973
Time for expired slide: 0.01996554579831933
------------------------------------
Number clusters = 0.0
Max  Number points in event queue = 0.0
Avg number points in clusters= 0.0
Avg Rmc size = 0.0
Avg Length exps= 0.0
#window: 120
Total #outliers: 768
Average Time: 0.1574929149083334
Peak memory: 124.50041198730469
Time index, remove data from structure: 0.0022508613833333332
Time for querying: 0.0
Time for new slide: 0.13752169444166668
Time for expired slide: 0.019967431033333333
------------------------------------
Number clusters = 0.0
Max  Number points in event queue = 0.0
Avg number points in clusters= 0.0
Avg Rmc size = 0.0
Avg Length exps= 0.0
#window: 121
Total #outliers: 748
Average Time: 0.1574154968760331
Peak memory: 124.50041198730469
Time index, remove data from structure: 0.0022512702975206614
Time for querying: 0.0
Time for new slide: 0.13744211075206614
Time for expired slide: 0.01996960274380165
------------------------------------
Number clusters = 0.0
Max  Number points in event queue = 0.0
Avg number points in clusters= 0.0
Avg Rmc size = 0.0
Avg Length exps= 0.0
#window: 122
Total #outliers: 771
Average Time: 0.15730570645901645
Peak memory: 124.50041198730469
Time index, remove data from structure: 0.0022500350573770493
Time for querying: 0.0
Time for new slide: 0.1373344131229508
Time for expired slide: 0.01996751263934426
------------------------------------
Number clusters = 0.0
Max  Number points in event queue = 0.0
Avg number points in clusters= 0.0
Avg Rmc size = 0.0
Avg Length exps= 0.0
#window: 123
Total #outliers: 801
Average Time: 0.15720579026829273
Peak memory: 124.50041198730469
Time index, remove data from structure: 0.0022498153414634145
Time for querying: 0.0
Time for new slide: 0.13723696900813007
Time for expired slide: 0.019965046113821137
------------------------------------
Number clusters = 0.0
Max  Number points in event queue = 0.0
Avg number points in clusters= 0.0
Avg Rmc size = 0.0
Avg Length exps= 0.0
#window: 124
Total #outliers: 863
Average Time: 0.1571037320806452
Peak memory: 124.50041198730469
Time index, remove data from structure: 0.002248115298387097
Time for querying: 0.0
Time for new slide: 0.13717510944354838
Time for expired slide: 0.01992484970967742
------------------------------------
Number clusters = 0.0
Max  Number points in event queue = 0.0
Avg number points in clusters= 0.0
Avg Rmc size = 0.0
Avg Length exps= 0.0
#window: 125
Total #outliers: 858
Average Time: 0.15699599793600003
Peak memory: 124.50041198730469
Time index, remove data from structure: 0.002247050864
Time for querying: 0.0
Time for new slide: 0.137104627968
Time for expired slide: 0.019887599136
------------------------------------
Number clusters = 0.0
Max  Number points in event queue = 0.0
Avg number points in clusters= 0.0
Avg Rmc size = 0.0
Avg Length exps= 0.0
#window: 126
Total #outliers: 894
Average Time: 0.15689507208730163
Peak memory: 124.50041198730469
Time index, remove data from structure: 0.002246579396825397
Time for querying: 0.0
Time for new slide: 0.13703772211111112
Time for expired slide: 0.019853576182539683
------------------------------------
Number clusters = 0.0
Max  Number points in event queue = 0.0
Avg number points in clusters= 0.0
Avg Rmc size = 0.0
Avg Length exps= 0.0
#window: 127
Total #outliers: 900
Average Time: 0.15681969276377958
Peak memory: 124.50041198730469
Time index, remove data from structure: 0.0022454704251968502
Time for querying: 0.0
Time for new slide: 0.13696171708661417
Time for expired slide: 0.019854204913385826
------------------------------------
Number clusters = 0.0
Max  Number points in event queue = 0.0
Avg number points in clusters= 0.0
Avg Rmc size = 0.0
Avg Length exps= 0.0
#window: 128
Total #outliers: 916
Average Time: 0.15673183720312506
Peak memory: 124.50041198730469
Time index, remove data from structure: 0.002244481765625
Time for querying: 0.0
Time for new slide: 0.136873670203125
Time for expired slide: 0.0198543931796875
------------------------------------
Number clusters = 0.0
Max  Number points in event queue = 0.0
Avg number points in clusters= 0.0
Avg Rmc size = 0.0
Avg Length exps= 0.0
#window: 129
Total #outliers: 938
Average Time: 0.15667472774418612
Peak memory: 124.50041198730469
Time index, remove data from structure: 0.0022430243333333333
Time for querying: 0.0
Time for new slide: 0.13681477813953488
Time for expired slide: 0.019856177255813953
------------------------------------
Number clusters = 0.0
Max  Number points in event queue = 0.0
Avg number points in clusters= 0.0
Avg Rmc size = 0.0
Avg Length exps= 0.0
#window: 130
Total #outliers: 914
Average Time: 0.15667609296923082
Peak memory: 124.50041198730469
Time index, remove data from structure: 0.0022435590076923077
Time for querying: 0.0
Time for new slide: 0.13676481652307693
Time for expired slide: 0.01990750466923077
------------------------------------
Number clusters = 0.0
Max  Number points in event queue = 0.0
Avg number points in clusters= 0.0
Avg Rmc size = 0.0
Avg Length exps= 0.0
#window: 131
Total #outliers: 876
Average Time: 0.1566259716106871
Peak memory: 124.50041198730469
Time index, remove data from structure: 0.002243705900763359
Time for querying: 0.0
Time for new slide: 0.13670881552671754
Time for expired slide: 0.01991338752671756
------------------------------------
Number clusters = 0.0
Max  Number points in event queue = 0.0
Avg number points in clusters= 0.0
Avg Rmc size = 0.0
Avg Length exps= 0.0
#window: 132
Total #outliers: 872
Average Time: 0.15656680567424247
Peak memory: 124.50041198730469
Time index, remove data from structure: 0.0022422175151515155
Time for querying: 0.0
Time for new slide: 0.13664573723484846
Time for expired slide: 0.01991730184090909
------------------------------------
Number clusters = 0.0
Max  Number points in event queue = 0.0
Avg number points in clusters= 0.0
Avg Rmc size = 0.0
Avg Length exps= 0.0
#window: 133
Total #outliers: 883
Average Time: 0.15655790581203013
Peak memory: 124.50041198730469
Time index, remove data from structure: 0.0022426554511278196
Time for querying: 0.0
Time for new slide: 0.13659662741353384
Time for expired slide: 0.019957514112781953
------------------------------------
Number clusters = 0.0
Max  Number points in event queue = 0.0
Avg number points in clusters= 0.0
Avg Rmc size = 0.0
Avg Length exps= 0.0
#window: 134
Total #outliers: 883
Average Time: 0.15650741040298513
Peak memory: 124.50041198730469
Time index, remove data from structure: 0.0022419308731343283
Time for querying: 0.0
Time for new slide: 0.13653752463432836
Time for expired slide: 0.019966123141791043
------------------------------------
Number clusters = 0.0
Max  Number points in event queue = 0.0
Avg number points in clusters= 0.0
Avg Rmc size = 0.0
Avg Length exps= 0.0
#window: 135
Total #outliers: 889
Average Time: 0.15638433301481489
Peak memory: 124.50041198730469
Time index, remove data from structure: 0.002239949059259259
Time for querying: 0.0
Time for new slide: 0.13645114159259258
Time for expired slide: 0.019929432585185185
------------------------------------
Number clusters = 0.0
Max  Number points in event queue = 0.0
Avg number points in clusters= 0.0
Avg Rmc size = 0.0
Avg Length exps= 0.0
#window: 136
Total #outliers: 883
Average Time: 0.15628875928676478
Peak memory: 124.50041198730469
Time index, remove data from structure: 0.002238952286764706
Time for querying: 0.0
Time for new slide: 0.13638869595588235
Time for expired slide: 0.019896306830882355
------------------------------------
Number clusters = 0.0
Max  Number points in event queue = 0.0
Avg number points in clusters= 0.0
Avg Rmc size = 0.0
Avg Length exps= 0.0
#window: 137
Total #outliers: 877
Average Time: 0.15621439751824823
Peak memory: 124.50041198730469
Time index, remove data from structure: 0.0022378675109489053
Time for querying: 0.0
Time for new slide: 0.13630482313138687
Time for expired slide: 0.01990582108759124
------------------------------------
Number clusters = 0.0
Max  Number points in event queue = 0.0
Avg number points in clusters= 0.0
Avg Rmc size = 0.0
Avg Length exps= 0.0
#window: 138
Total #outliers: 877
Average Time: 0.15611268734057976
Peak memory: 124.50041198730469
Time index, remove data from structure: 0.0022354575507246375
Time for querying: 0.0
Time for new slide: 0.1362390890362319
Time for expired slide: 0.019869851123188405
------------------------------------
Number clusters = 0.0
Max  Number points in event queue = 0.0
Avg number points in clusters= 0.0
Avg Rmc size = 0.0
Avg Length exps= 0.0
#window: 139
Total #outliers: 921
Average Time: 0.1560464571726619
Peak memory: 124.50041198730469
Time index, remove data from structure: 0.0022338345323741006
Time for querying: 0.0
Time for new slide: 0.13617380605755397
Time for expired slide: 0.01986890438848921
------------------------------------
Number clusters = 0.0
Max  Number points in event queue = 0.0
Avg number points in clusters= 0.0
Avg Rmc size = 0.0
Avg Length exps= 0.0
#window: 140
Total #outliers: 915
Average Time: 0.15595543798571432
Peak memory: 124.50041198730469
Time index, remove data from structure: 0.0022313420499999997
Time for querying: 0.0
Time for new slide: 0.13611726831428572
Time for expired slide: 0.019834428821428572
------------------------------------
Number clusters = 0.0
Max  Number points in event queue = 0.0
Avg number points in clusters= 0.0
Avg Rmc size = 0.0
Avg Length exps= 0.0
#window: 141
Total #outliers: 925
Average Time: 0.15588891182978729
Peak memory: 124.50041198730469
Time index, remove data from structure: 0.0022318991276595746
Time for querying: 0.0
Time for new slide: 0.13606713885815602
Time for expired slide: 0.01981803360283688
------------------------------------
Number clusters = 0.0
Max  Number points in event queue = 0.0
Avg number points in clusters= 0.0
Avg Rmc size = 0.0
Avg Length exps= 0.0
#window: 142
Total #outliers: 956
Average Time: 0.1558355526126761
Peak memory: 124.50041198730469
Time index, remove data from structure: 0.00223018011971831
Time for querying: 0.0
Time for new slide: 0.1360140806056338
Time for expired slide: 0.019817736232394367
------------------------------------
Number clusters = 0.0
Max  Number points in event queue = 0.0
Avg number points in clusters= 0.0
Avg Rmc size = 0.0
Avg Length exps= 0.0
#window: 143
Total #outliers: 937
Average Time: 0.15573389722377626
Peak memory: 124.50041198730469
Time index, remove data from structure: 0.002229071181818182
Time for querying: 0.0
Time for new slide: 0.1359407663916084
Time for expired slide: 0.019789396384615382
------------------------------------
Number clusters = 0.0
Max  Number points in event queue = 0.0
Avg number points in clusters= 0.0
Avg Rmc size = 0.0
Avg Length exps= 0.0
#window: 144
Total #outliers: 919
Average Time: 0.1556535313680556
Peak memory: 124.50041198730469
Time index, remove data from structure: 0.0022264809305555557
Time for querying: 0.0
Time for new slide: 0.13586301771527778
Time for expired slide: 0.019786781319444443
------------------------------------
Number clusters = 0.0
Max  Number points in event queue = 0.0
Avg number points in clusters= 0.0
Avg Rmc size = 0.0
Avg Length exps= 0.0
#window: 145
Total #outliers: 934
Average Time: 0.15553804077931038
Peak memory: 124.50041198730469
Time index, remove data from structure: 0.0022248792896551726
Time for querying: 0.0
Time for new slide: 0.13577906386206898
Time for expired slide: 0.019755250020689653
------------------------------------
Number clusters = 0.0
Max  Number points in event queue = 0.0
Avg number points in clusters= 0.0
Avg Rmc size = 0.0
Avg Length exps= 0.0
#window: 146
Total #outliers: 933
Average Time: 0.15552680726712334
Peak memory: 124.50041198730469
Time index, remove data from structure: 0.0022236184657534247
Time for querying: 0.0
Time for new slide: 0.13572767489726026
Time for expired slide: 0.01979541076027397
------------------------------------
Number clusters = 0.0
Max  Number points in event queue = 0.0
Avg number points in clusters= 0.0
Avg Rmc size = 0.0
Avg Length exps= 0.0
#window: 147
Total #outliers: 942
Average Time: 0.15540847916326536
Peak memory: 124.50041198730469
Time index, remove data from structure: 0.0022225981020408164
Time for querying: 0.0
Time for new slide: 0.13563989587755101
Time for expired slide: 0.01976486623129252
------------------------------------
Number clusters = 0.0
Max  Number points in event queue = 0.0
Avg number points in clusters= 0.0
Avg Rmc size = 0.0
Avg Length exps= 0.0
#window: 148
Total #outliers: 935
Average Time: 0.15532076250000004
Peak memory: 124.50041198730469
Time index, remove data from structure: 0.0022206672162162163
Time for querying: 0.0
Time for new slide: 0.13558339883108106
Time for expired slide: 0.019733649824324323
------------------------------------
Number clusters = 0.0
Max  Number points in event queue = 0.0
Avg number points in clusters= 0.0
Avg Rmc size = 0.0
Avg Length exps= 0.0
#window: 149
Total #outliers: 913
Average Time: 0.1553923502348994
Peak memory: 124.50041198730469
Time index, remove data from structure: 0.0022196561073825503
Time for querying: 0.0
Time for new slide: 0.1355768445033557
Time for expired slide: 0.019811794221476508
------------------------------------
Number clusters = 0.0
Max  Number points in event queue = 0.0
Avg number points in clusters= 0.0
Avg Rmc size = 0.0
Avg Length exps= 0.0
#window: 150
Total #outliers: 930
Average Time: 0.15529484659333337
Peak memory: 124.50041198730469
Time index, remove data from structure: 0.00221926542
Time for querying: 0.0
Time for new slide: 0.13550900091333332
Time for expired slide: 0.01978213737333333
------------------------------------
Number clusters = 0.0
Max  Number points in event queue = 0.0
Avg number points in clusters= 0.0
Avg Rmc size = 0.0
Avg Length exps= 0.0
#window: 151
Total #outliers: 929
Average Time: 0.15526441991390733
Peak memory: 124.50041198730469
Time index, remove data from structure: 0.0022179320132450333
Time for querying: 0.0
Time for new slide: 0.13551058082119205
Time for expired slide: 0.01975013213245033
------------------------------------
Number clusters = 0.0
Max  Number points in event queue = 0.0
Avg number points in clusters= 0.0
Avg Rmc size = 0.0
Avg Length exps= 0.0
#window: 152
Total #outliers: 912
Average Time: 0.15520564445394738
Peak memory: 124.50041198730469
Time index, remove data from structure: 0.0022166202894736845
Time for querying: 0.0
Time for new slide: 0.13548183601315789
Time for expired slide: 0.019720103217105264
------------------------------------
Number clusters = 0.0
Max  Number points in event queue = 0.0
Avg number points in clusters= 0.0
Avg Rmc size = 0.0
Avg Length exps= 0.0
#window: 153
Total #outliers: 935
Average Time: 0.1551325950522876
Peak memory: 124.50041198730469
Time index, remove data from structure: 0.0022148177843137255
Time for querying: 0.0
Time for new slide: 0.13543953810457515
Time for expired slide: 0.019689357183006538
------------------------------------
Number clusters = 0.0
Max  Number points in event queue = 0.0
Avg number points in clusters= 0.0
Avg Rmc size = 0.0
Avg Length exps= 0.0
#window: 154
Total #outliers: 935
Average Time: 0.1551368391753247
Peak memory: 124.50041198730469
Time index, remove data from structure: 0.002214245701298701
Time for querying: 0.0
Time for new slide: 0.13540465548701297
Time for expired slide: 0.019728484493506494
------------------------------------
Number clusters = 0.0
Max  Number points in event queue = 0.0
Avg number points in clusters= 0.0
Avg Rmc size = 0.0
Avg Length exps= 0.0
#window: 155
Total #outliers: 917
Average Time: 0.15504485586451616
Peak memory: 124.50041198730469
Time index, remove data from structure: 0.002212005374193548
Time for querying: 0.0
Time for new slide: 0.13534322747096775
Time for expired slide: 0.019697931387096773
------------------------------------
Number clusters = 0.0
Max  Number points in event queue = 0.0
Avg number points in clusters= 0.0
Avg Rmc size = 0.0
Avg Length exps= 0.0
#window: 156
Total #outliers: 896
Average Time: 0.15502189328205132
Peak memory: 124.50041198730469
Time index, remove data from structure: 0.0022112198012820515
Time for querying: 0.0
Time for new slide: 0.13531218781410256
Time for expired slide: 0.01970600566666667
------------------------------------
Number clusters = 0.0
Max  Number points in event queue = 0.0
Avg number points in clusters= 0.0
Avg Rmc size = 0.0
Avg Length exps= 0.0
#window: 157
Total #outliers: 909
Average Time: 0.15502036535031852
Peak memory: 124.50041198730469
Time index, remove data from structure: 0.0022101983248407646
Time for querying: 0.0
Time for new slide: 0.1353105633057325
Time for expired slide: 0.01970610766878981
------------------------------------
Number clusters = 0.0
Max  Number points in event queue = 0.0
Avg number points in clusters= 0.0
Avg Rmc size = 0.0
Avg Length exps= 0.0
#window: 158
Total #outliers: 902
Average Time: 0.15498322906329118
Peak memory: 124.50041198730469
Time index, remove data from structure: 0.0022093999746835443
Time for querying: 0.0
Time for new slide: 0.1352711768227848
Time for expired slide: 0.019708355455696203
------------------------------------
Number clusters = 0.0
Max  Number points in event queue = 0.0
Avg number points in clusters= 0.0
Avg Rmc size = 0.0
Avg Length exps= 0.0
#window: 159
Total #outliers: 872
Average Time: 0.15493333984905663
Peak memory: 124.50041198730469
Time index, remove data from structure: 0.0022082173207547172
Time for querying: 0.0
Time for new slide: 0.13522097902515723
Time for expired slide: 0.01970866565408805
------------------------------------
Number clusters = 0.0
Max  Number points in event queue = 0.0
Avg number points in clusters= 0.0
Avg Rmc size = 0.0
Avg Length exps= 0.0
#window: 160
Total #outliers: 835
Average Time: 0.15488895289375001
Peak memory: 124.50041198730469
Time index, remove data from structure: 0.00220817191875
Time for querying: 0.0
Time for new slide: 0.135143417975
Time for expired slide: 0.01974183865625
------------------------------------
Number clusters = 0.0
Max  Number points in event queue = 0.0
Avg number points in clusters= 0.0
Avg Rmc size = 0.0
Avg Length exps= 0.0
#window: 161
Total #outliers: 820
Average Time: 0.15484047016149072
Peak memory: 124.50041198730469
Time index, remove data from structure: 0.0022070737826086957
Time for querying: 0.0
Time for new slide: 0.13509145816770185
Time for expired slide: 0.01974531798136646
------------------------------------
Number clusters = 0.0
Max  Number points in event queue = 0.0
Avg number points in clusters= 0.0
Avg Rmc size = 0.0
Avg Length exps= 0.0
#window: 162
Total #outliers: 827
Average Time: 0.15478379128395064
Peak memory: 124.50041198730469
Time index, remove data from structure: 0.002207486364197531
Time for querying: 0.0
Time for new slide: 0.13506232969135804
Time for expired slide: 0.019717768098765433
------------------------------------
Number clusters = 0.0
Max  Number points in event queue = 0.0
Avg number points in clusters= 0.0
Avg Rmc size = 0.0
Avg Length exps= 0.0
#window: 163
Total #outliers: 816
Average Time: 0.15470483636196322
Peak memory: 124.50041198730469
Time index, remove data from structure: 0.0022063120429447855
Time for querying: 0.0
Time for new slide: 0.13501475292638038
Time for expired slide: 0.019686392797546012
------------------------------------
Number clusters = 0.0
Max  Number points in event queue = 0.0
Avg number points in clusters= 0.0
Avg Rmc size = 0.0
Avg Length exps= 0.0
#window: 164
Total #outliers: 793
Average Time: 0.15460527415853662
Peak memory: 124.50041198730469
Time index, remove data from structure: 0.002204922256097561
Time for querying: 0.0
Time for new slide: 0.13494519863414633
Time for expired slide: 0.01965638969512195
------------------------------------
Number clusters = 0.0
Max  Number points in event queue = 0.0
Avg number points in clusters= 0.0
Avg Rmc size = 0.0
Avg Length exps= 0.0
#window: 165
Total #outliers: 781
Average Time: 0.15449742321212123
Peak memory: 124.50041198730469
Time index, remove data from structure: 0.0022034416
Time for querying: 0.0
Time for new slide: 0.13486797832121214
Time for expired slide: 0.019625758284848485
------------------------------------
Number clusters = 0.0
Max  Number points in event queue = 0.0
Avg number points in clusters= 0.0
Avg Rmc size = 0.0
Avg Length exps= 0.0
#window: 166
Total #outliers: 761
Average Time: 0.1543931220240964
Peak memory: 124.50041198730469
Time index, remove data from structure: 0.0022019146506024097
Time for querying: 0.0
Time for new slide: 0.1347939436385542
Time for expired slide: 0.019595492903614457
------------------------------------
Number clusters = 0.0
Max  Number points in event queue = 0.0
Avg number points in clusters= 0.0
Avg Rmc size = 0.0
Avg Length exps= 0.0
#window: 167
Total #outliers: 769
Average Time: 0.15436563295808384
Peak memory: 124.50041198730469
Time index, remove data from structure: 0.0022005692035928144
Time for querying: 0.0
Time for new slide: 0.13470518749101798
Time for expired slide: 0.01965676043712575
------------------------------------
Number clusters = 0.0
Max  Number points in event queue = 0.0
Avg number points in clusters= 0.0
Avg Rmc size = 0.0
Avg Length exps= 0.0
#window: 168
Total #outliers: 799
Average Time: 0.1543368425297619
Peak memory: 124.50041198730469
Time index, remove data from structure: 0.002199469976190476
Time for querying: 0.0
Time for new slide: 0.13465029801785713
Time for expired slide: 0.019682860791666666
------------------------------------
Number clusters = 0.0
Max  Number points in event queue = 0.0
Avg number points in clusters= 0.0
Avg Rmc size = 0.0
Avg Length exps= 0.0
#window: 169
Total #outliers: 800
Average Time: 0.15430993523076925
Peak memory: 124.50041198730469
Time index, remove data from structure: 0.002200382846153846
Time for querying: 0.0
Time for new slide: 0.13461351098816568
Time for expired slide: 0.01969274105325444
------------------------------------
Number clusters = 0.0
Max  Number points in event queue = 0.0
Avg number points in clusters= 0.0
Avg Rmc size = 0.0
Avg Length exps= 0.0
#window: 170
Total #outliers: 765
Average Time: 0.15421577072941178
Peak memory: 124.50041198730469
Time index, remove data from structure: 0.0021988568470588236
Time for querying: 0.0
Time for new slide: 0.1345179869117647
Time for expired slide: 0.019694102535294116
------------------------------------
Number clusters = 0.0
Max  Number points in event queue = 0.0
Avg number points in clusters= 0.0
Avg Rmc size = 0.0
Avg Length exps= 0.0
#window: 171
Total #outliers: 799
Average Time: 0.15410368124561405
Peak memory: 124.50041198730469
Time index, remove data from structure: 0.0021977850994152046
Time for querying: 0.0
Time for new slide: 0.13443547190643274
Time for expired slide: 0.01966453042105263
------------------------------------
Number clusters = 0.0
Max  Number points in event queue = 0.0
Avg number points in clusters= 0.0
Avg Rmc size = 0.0
Avg Length exps= 0.0
#window: 172
Total #outliers: 765
Average Time: 0.15404527341279073
Peak memory: 124.50041198730469
Time index, remove data from structure: 0.002196549145348837
Time for querying: 0.0
Time for new slide: 0.13435281918023256
Time for expired slide: 0.019688777994186047
------------------------------------
Number clusters = 0.0
Max  Number points in event queue = 0.0
Avg number points in clusters= 0.0
Avg Rmc size = 0.0
Avg Length exps= 0.0
#window: 173
Total #outliers: 761
Average Time: 0.15392337395375724
Peak memory: 124.50041198730469
Time index, remove data from structure: 0.002195332867052023
Time for querying: 0.0
Time for new slide: 0.13426071656069366
Time for expired slide: 0.019658981971098263
------------------------------------
Number clusters = 0.0
Max  Number points in event queue = 0.0
Avg number points in clusters= 0.0
Avg Rmc size = 0.0
Avg Length exps= 0.0
#window: 174
Total #outliers: 777
Average Time: 0.1538692514482759
Peak memory: 124.50041198730469
Time index, remove data from structure: 0.0021953393965517243
Time for querying: 0.0
Time for new slide: 0.13420641733908045
Time for expired slide: 0.019659159235632183
------------------------------------
Number clusters = 0.0
Max  Number points in event queue = 0.0
Avg number points in clusters= 0.0
Avg Rmc size = 0.0
Avg Length exps= 0.0
#window: 175
Total #outliers: 783
Average Time: 0.15386871258285717
Peak memory: 124.50041198730469
Time index, remove data from structure: 0.002193490291428571
Time for querying: 0.0
Time for new slide: 0.13423423552
Time for expired slide: 0.019630805714285715
------------------------------------
Number clusters = 0.0
Max  Number points in event queue = 0.0
Avg number points in clusters= 0.0
Avg Rmc size = 0.0
Avg Length exps= 0.0
#window: 176
Total #outliers: 791
Average Time: 0.15381773228409093
Peak memory: 124.50041198730469
Time index, remove data from structure: 0.0021941490454545453
Time for querying: 0.0
Time for new slide: 0.13417468821022727
Time for expired slide: 0.01963937265909091
------------------------------------
Number clusters = 0.0
Max  Number points in event queue = 0.0
Avg number points in clusters= 0.0
Avg Rmc size = 0.0
Avg Length exps= 0.0
#window: 177
Total #outliers: 792
Average Time: 0.15378755629943505
Peak memory: 124.50041198730469
Time index, remove data from structure: 0.0021941760169491525
Time for querying: 0.0
Time for new slide: 0.1340934129661017
Time for expired slide: 0.01969047420338983
------------------------------------
Number clusters = 0.0
Max  Number points in event queue = 0.0
Avg number points in clusters= 0.0
Avg Rmc size = 0.0
Avg Length exps= 0.0
#window: 178
Total #outliers: 781
Average Time: 0.15375174369662925
Peak memory: 124.50041198730469
Time index, remove data from structure: 0.002193444426966292
Time for querying: 0.0
Time for new slide: 0.1340538512022472
Time for expired slide: 0.01969422241011236
------------------------------------
Number clusters = 0.0
Max  Number points in event queue = 0.0
Avg number points in clusters= 0.0
Avg Rmc size = 0.0
Avg Length exps= 0.0
#window: 179
Total #outliers: 772
Average Time: 0.1536595238603352
Peak memory: 124.50041198730469
Time index, remove data from structure: 0.0021925231061452515
Time for querying: 0.0
Time for new slide: 0.13396458323463686
Time for expired slide: 0.019691271966480448
------------------------------------
Number clusters = 0.0
Max  Number points in event queue = 0.0
Avg number points in clusters= 0.0
Avg Rmc size = 0.0
Avg Length exps= 0.0
#window: 180
Total #outliers: 798
Average Time: 0.1535800308277778
Peak memory: 124.50041198730469
Time index, remove data from structure: 0.002191377838888889
Time for querying: 0.0
Time for new slide: 0.13391268843333334
Time for expired slide: 0.019663678733333332
------------------------------------
Number clusters = 0.0
Max  Number points in event queue = 0.0
Avg number points in clusters= 0.0
Avg Rmc size = 0.0
Avg Length exps= 0.0
#window: 181
Total #outliers: 808
Average Time: 0.15357211825966854
Peak memory: 124.50041198730469
Time index, remove data from structure: 0.0021913981049723756
Time for querying: 0.0
Time for new slide: 0.1338771985469613
Time for expired slide: 0.019691259082872926
------------------------------------
Number clusters = 0.0
Max  Number points in event queue = 0.0
Avg number points in clusters= 0.0
Avg Rmc size = 0.0
Avg Length exps= 0.0
Average Time for a slide: 153.572118 ms
Peak memory: 124.50041198730469
Average CPU time: 0.15357211825966854
