#window: 1
Total #outliers: 2720
Average Time: 0.0
Peak memory: 134.9529571533203
Time index, remove data from structure: 0.0
Time for querying: 0.0
Time for new slide: 0.0
Time for expired slide: 0.0
------------------------------------
Number clusters = 0.0
Max  Number points in event queue = 0.0
Avg number points in clusters= 0.0
Avg Rmc size = 0.0
Avg Length exps= 0.0
#window: 2
Total #outliers: 2762
Average Time: 0.829211513
Peak memory: 134.9529571533203
Time index, remove data from structure: 0.0046247455
Time for querying: 0.0
Time for new slide: 0.7873193195
Time for expired slide: 0.041890233
------------------------------------
Number clusters = 0.0
Max  Number points in event queue = 0.0
Avg number points in clusters= 0.0
Avg Rmc size = 0.0
Avg Length exps= 0.0
#window: 3
Total #outliers: 2739
Average Time: 1.0772803056666667
Peak memory: 134.9529571533203
Time index, remove data from structure: 0.0050338990000000005
Time for querying: 0.0
Time for new slide: 1.0258656516666667
Time for expired slide: 0.051411934666666666
------------------------------------
Number clusters = 0.0
Max  Number points in event queue = 0.0
Avg number points in clusters= 0.0
Avg Rmc size = 0.0
Avg Length exps= 0.0
#window: 4
Total #outliers: 2743
Average Time: 1.222350651
Peak memory: 134.9529571533203
Time index, remove data from structure: 0.0052121315
Time for querying: 0.0
Time for new slide: 1.160156257
Time for expired slide: 0.06219153125
------------------------------------
Number clusters = 0.0
Max  Number points in event queue = 0.0
Avg number points in clusters= 0.0
Avg Rmc size = 0.0
Avg Length exps= 0.0
#window: 5
Total #outliers: 2698
Average Time: 1.255081583
Peak memory: 134.9529571533203
Time index, remove data from structure: 0.0053495478
Time for querying: 0.0
Time for new slide: 1.1919143666
Time for expired slide: 0.0631642432
------------------------------------
Number clusters = 0.0
Max  Number points in event queue = 0.0
Avg number points in clusters= 0.0
Avg Rmc size = 0.0
Avg Length exps= 0.0
#window: 6
Total #outliers: 2703
Average Time: 1.2672982785
Peak memory: 134.9529571533203
Time index, remove data from structure: 0.005373518833333334
Time for querying: 0.0
Time for new slide: 1.1980773646666667
Time for expired slide: 0.069217871
------------------------------------
Number clusters = 0.0
Max  Number points in event queue = 0.0
Avg number points in clusters= 0.0
Avg Rmc size = 0.0
Avg Length exps= 0.0
#window: 7
Total #outliers: 2801
Average Time: 1.2771569944285714
Peak memory: 134.9529571533203
Time index, remove data from structure: 0.005407637857142857
Time for querying: 0.0
Time for new slide: 1.2004639941428572
Time for expired slide: 0.07668996857142858
------------------------------------
Number clusters = 0.0
Max  Number points in event queue = 0.0
Avg number points in clusters= 0.0
Avg Rmc size = 0.0
Avg Length exps= 0.0
#window: 8
Total #outliers: 2890
Average Time: 1.2843554495
Peak memory: 134.9529571533203
Time index, remove data from structure: 0.0054861685
Time for querying: 0.0
Time for new slide: 1.20210143425
Time for expired slide: 0.082250959
------------------------------------
Number clusters = 0.0
Max  Number points in event queue = 0.0
Avg number points in clusters= 0.0
Avg Rmc size = 0.0
Avg Length exps= 0.0
#window: 9
Total #outliers: 2822
Average Time: 1.286926041888889
Peak memory: 134.9529571533203
Time index, remove data from structure: 0.005559301777777778
Time for querying: 0.0
Time for new slide: 1.2012429904444444
Time for expired slide: 0.08568000566666667
------------------------------------
Number clusters = 0.0
Max  Number points in event queue = 0.0
Avg number points in clusters= 0.0
Avg Rmc size = 0.0
Avg Length exps= 0.0
#window: 10
Total #outliers: 2878
Average Time: 1.2885593732
Peak memory: 134.9529571533203
Time index, remove data from structure: 0.005583350900000001
Time for querying: 0.0
Time for new slide: 1.1998965127
Time for expired slide: 0.08865982310000001
------------------------------------
Number clusters = 0.0
Max  Number points in event queue = 0.0
Avg number points in clusters= 0.0
Avg Rmc size = 0.0
Avg Length exps= 0.0
#window: 11
Total #outliers: 2847
Average Time: 1.2985774350909092
Peak memory: 134.9529571533203
Time index, remove data from structure: 0.005622690454545455
Time for querying: 0.0
Time for new slide: 1.1994261509090909
Time for expired slide: 0.09914822518181818
------------------------------------
Number clusters = 0.0
Max  Number points in event queue = 0.0
Avg number points in clusters= 0.0
Avg Rmc size = 0.0
Avg Length exps= 0.0
#window: 12
Total #outliers: 2775
Average Time: 1.2934132564166667
Peak memory: 134.9529571533203
Time index, remove data from structure: 0.005732360833333333
Time for querying: 0.0
Time for new slide: 1.19265561275
Time for expired slide: 0.10075454225000001
------------------------------------
Number clusters = 0.0
Max  Number points in event queue = 0.0
Avg number points in clusters= 0.0
Avg Rmc size = 0.0
Avg Length exps= 0.0
#window: 13
Total #outliers: 2756
Average Time: 1.2904404713846156
Peak memory: 134.9529571533203
Time index, remove data from structure: 0.005783321923076923
Time for querying: 0.0
Time for new slide: 1.1820142747692306
Time for expired slide: 0.10842312076923077
------------------------------------
Number clusters = 0.0
Max  Number points in event queue = 0.0
Avg number points in clusters= 0.0
Avg Rmc size = 0.0
Avg Length exps= 0.0
#window: 14
Total #outliers: 2745
Average Time: 1.2872972902142858
Peak memory: 134.9529571533203
Time index, remove data from structure: 0.005842591357142857
Time for querying: 0.0
Time for new slide: 1.1767642509285714
Time for expired slide: 0.11052995164285714
------------------------------------
Number clusters = 0.0
Max  Number points in event queue = 0.0
Avg number points in clusters= 0.0
Avg Rmc size = 0.0
Avg Length exps= 0.0
#window: 15
Total #outliers: 2710
Average Time: 1.292488249866667
Peak memory: 134.9529571533203
Time index, remove data from structure: 0.005920339333333333
Time for querying: 0.0
Time for new slide: 1.1794966686666666
Time for expired slide: 0.11298646626666667
------------------------------------
Number clusters = 0.0
Max  Number points in event queue = 0.0
Avg number points in clusters= 0.0
Avg Rmc size = 0.0
Avg Length exps= 0.0
#window: 16
Total #outliers: 2714
Average Time: 1.2945366311875002
Peak memory: 134.9529571533203
Time index, remove data from structure: 0.006011921125
Time for querying: 0.0
Time for new slide: 1.180844325125
Time for expired slide: 0.113687281875
------------------------------------
Number clusters = 0.0
Max  Number points in event queue = 0.0
Avg number points in clusters= 0.0
Avg Rmc size = 0.0
Avg Length exps= 0.0
#window: 17
Total #outliers: 2719
Average Time: 1.2974641672941178
Peak memory: 134.9529571533203
Time index, remove data from structure: 0.006080524882352941
Time for querying: 0.0
Time for new slide: 1.1792245472941176
Time for expired slide: 0.11823466729411765
------------------------------------
Number clusters = 0.0
Max  Number points in event queue = 0.0
Avg number points in clusters= 0.0
Avg Rmc size = 0.0
Avg Length exps= 0.0
#window: 18
Total #outliers: 2688
Average Time: 1.2975829486666668
Peak memory: 134.9529571533203
Time index, remove data from structure: 0.006137719444444445
Time for querying: 0.0
Time for new slide: 1.177959171611111
Time for expired slide: 0.11961887927777777
------------------------------------
Number clusters = 0.0
Max  Number points in event queue = 0.0
Avg number points in clusters= 0.0
Avg Rmc size = 0.0
Avg Length exps= 0.0
#window: 19
Total #outliers: 2680
Average Time: 1.2997481622105265
Peak memory: 134.9529571533203
Time index, remove data from structure: 0.006211217631578948
Time for querying: 0.0
Time for new slide: 1.1797037640526316
Time for expired slide: 0.12003956268421052
------------------------------------
Number clusters = 0.0
Max  Number points in event queue = 0.0
Avg number points in clusters= 0.0
Avg Rmc size = 0.0
Avg Length exps= 0.0
#window: 20
Total #outliers: 2669
Average Time: 1.2994980547500004
Peak memory: 134.9529571533203
Time index, remove data from structure: 0.00623273385
Time for querying: 0.0
Time for new slide: 1.1794079370500001
Time for expired slide: 0.12008531250000001
------------------------------------
Number clusters = 0.0
Max  Number points in event queue = 0.0
Avg number points in clusters= 0.0
Avg Rmc size = 0.0
Avg Length exps= 0.0
#window: 21
Total #outliers: 2714
Average Time: 1.3020935790000003
Peak memory: 134.9529571533203
Time index, remove data from structure: 0.006306418428571429
Time for querying: 0.0
Time for new slide: 1.1814389016666667
Time for expired slide: 0.12064991119047619
------------------------------------
Number clusters = 0.0
Max  Number points in event queue = 0.0
Avg number points in clusters= 0.0
Avg Rmc size = 0.0
Avg Length exps= 0.0
#window: 22
Total #outliers: 2717
Average Time: 1.302723677954546
Peak memory: 134.9529571533203
Time index, remove data from structure: 0.00632137440909091
Time for querying: 0.0
Time for new slide: 1.184619474909091
Time for expired slide: 0.11809948327272726
------------------------------------
Number clusters = 0.0
Max  Number points in event queue = 0.0
Avg number points in clusters= 0.0
Avg Rmc size = 0.0
Avg Length exps= 0.0
#window: 23
Total #outliers: 2730
Average Time: 1.298900538782609
Peak memory: 134.9529571533203
Time index, remove data from structure: 0.006351778434782608
Time for querying: 0.0
Time for new slide: 1.1814223585652173
Time for expired slide: 0.11747345595652173
------------------------------------
Number clusters = 0.0
Max  Number points in event queue = 0.0
Avg number points in clusters= 0.0
Avg Rmc size = 0.0
Avg Length exps= 0.0
#window: 24
Total #outliers: 2714
Average Time: 1.298347843291667
Peak memory: 134.9529571533203
Time index, remove data from structure: 0.006349927250000001
Time for querying: 0.0
Time for new slide: 1.17757346975
Time for expired slide: 0.120769540125
------------------------------------
Number clusters = 0.0
Max  Number points in event queue = 0.0
Avg number points in clusters= 0.0
Avg Rmc size = 0.0
Avg Length exps= 0.0
#window: 25
Total #outliers: 2766
Average Time: 1.2998722456400003
Peak memory: 134.9529571533203
Time index, remove data from structure: 0.0063437625600000005
Time for querying: 0.0
Time for new slide: 1.17843185884
Time for expired slide: 0.12143560476
------------------------------------
Number clusters = 0.0
Max  Number points in event queue = 0.0
Avg number points in clusters= 0.0
Avg Rmc size = 0.0
Avg Length exps= 0.0
#window: 26
Total #outliers: 2765
Average Time: 1.2973886981538465
Peak memory: 134.9529571533203
Time index, remove data from structure: 0.00632287573076923
Time for querying: 0.0
Time for new slide: 1.176029125346154
Time for expired slide: 0.12135486011538463
------------------------------------
Number clusters = 0.0
Max  Number points in event queue = 0.0
Avg number points in clusters= 0.0
Avg Rmc size = 0.0
Avg Length exps= 0.0
#window: 27
Total #outliers: 2746
Average Time: 1.3025780978148152
Peak memory: 134.9529571533203
Time index, remove data from structure: 0.006372451629629629
Time for querying: 0.0
Time for new slide: 1.1785367705185186
Time for expired slide: 0.12403666848148148
------------------------------------
Number clusters = 0.0
Max  Number points in event queue = 0.0
Avg number points in clusters= 0.0
Avg Rmc size = 0.0
Avg Length exps= 0.0
#window: 28
Total #outliers: 2772
Average Time: 1.3046149083571432
Peak memory: 134.9529571533203
Time index, remove data from structure: 0.0063984889642857146
Time for querying: 0.0
Time for new slide: 1.1805727565714286
Time for expired slide: 0.12403752542857142
------------------------------------
Number clusters = 0.0
Max  Number points in event queue = 0.0
Avg number points in clusters= 0.0
Avg Rmc size = 0.0
Avg Length exps= 0.0
#window: 29
Total #outliers: 2832
Average Time: 1.3033666097241383
Peak memory: 134.9529571533203
Time index, remove data from structure: 0.006387927724137931
Time for querying: 0.0
Time for new slide: 1.1797980042068965
Time for expired slide: 0.1235640271724138
------------------------------------
Number clusters = 0.0
Max  Number points in event queue = 0.0
Avg number points in clusters= 0.0
Avg Rmc size = 0.0
Avg Length exps= 0.0
#window: 30
Total #outliers: 2828
Average Time: 1.303723462166667
Peak memory: 134.9529571533203
Time index, remove data from structure: 0.006373082266666667
Time for querying: 0.0
Time for new slide: 1.1814407953666666
Time for expired slide: 0.12227813903333334
------------------------------------
Number clusters = 0.0
Max  Number points in event queue = 0.0
Avg number points in clusters= 0.0
Avg Rmc size = 0.0
Avg Length exps= 0.0
#window: 31
Total #outliers: 2800
Average Time: 1.3050071726129036
Peak memory: 134.9529571533203
Time index, remove data from structure: 0.006374907645161291
Time for querying: 0.0
Time for new slide: 1.183699947935484
Time for expired slide: 0.1213027393548387
------------------------------------
Number clusters = 0.0
Max  Number points in event queue = 0.0
Avg number points in clusters= 0.0
Avg Rmc size = 0.0
Avg Length exps= 0.0
#window: 32
Total #outliers: 2852
Average Time: 1.3047698172500004
Peak memory: 134.9529571533203
Time index, remove data from structure: 0.0063703444375
Time for querying: 0.0
Time for new slide: 1.18265473796875
Time for expired slide: 0.12211064178125
------------------------------------
Number clusters = 0.0
Max  Number points in event queue = 0.0
Avg number points in clusters= 0.0
Avg Rmc size = 0.0
Avg Length exps= 0.0
#window: 33
Total #outliers: 2785
Average Time: 1.3072159958181822
Peak memory: 134.9529571533203
Time index, remove data from structure: 0.006388395272727273
Time for querying: 0.0
Time for new slide: 1.1827775438484847
Time for expired slide: 0.1244340593939394
------------------------------------
Number clusters = 0.0
Max  Number points in event queue = 0.0
Avg number points in clusters= 0.0
Avg Rmc size = 0.0
Avg Length exps= 0.0
#window: 34
Total #outliers: 2786
Average Time: 1.3143482425000004
Peak memory: 134.9529571533203
Time index, remove data from structure: 0.006411972735294117
Time for querying: 0.0
Time for new slide: 1.1890014555
Time for expired slide: 0.1253424173235294
------------------------------------
Number clusters = 0.0
Max  Number points in event queue = 0.0
Avg number points in clusters= 0.0
Avg Rmc size = 0.0
Avg Length exps= 0.0
#window: 35
Total #outliers: 2743
Average Time: 1.319526854171429
Peak memory: 134.9529571533203
Time index, remove data from structure: 0.006439922971428571
Time for querying: 0.0
Time for new slide: 1.1937664433428572
Time for expired slide: 0.12575606694285715
------------------------------------
Number clusters = 0.0
Max  Number points in event queue = 0.0
Avg number points in clusters= 0.0
Avg Rmc size = 0.0
Avg Length exps= 0.0
#window: 36
Total #outliers: 2727
Average Time: 1.3258465789444447
Peak memory: 134.9529571533203
Time index, remove data from structure: 0.006484233027777777
Time for querying: 0.0
Time for new slide: 1.1976134489444443
Time for expired slide: 0.12822880805555556
------------------------------------
Number clusters = 0.0
Max  Number points in event queue = 0.0
Avg number points in clusters= 0.0
Avg Rmc size = 0.0
Avg Length exps= 0.0
#window: 37
Total #outliers: 2686
Average Time: 1.3282340552972975
Peak memory: 134.9529571533203
Time index, remove data from structure: 0.006500135783783784
Time for querying: 0.0
Time for new slide: 1.1991810869189188
Time for expired slide: 0.1290486834864865
------------------------------------
Number clusters = 0.0
Max  Number points in event queue = 0.0
Avg number points in clusters= 0.0
Avg Rmc size = 0.0
Avg Length exps= 0.0
#window: 38
Total #outliers: 2648
Average Time: 1.3278756697105265
Peak memory: 134.9529571533203
Time index, remove data from structure: 0.006512069789473684
Time for querying: 0.0
Time for new slide: 1.1992187421052631
Time for expired slide: 0.12865267418421053
------------------------------------
Number clusters = 0.0
Max  Number points in event queue = 0.0
Avg number points in clusters= 0.0
Avg Rmc size = 0.0
Avg Length exps= 0.0
#window: 39
Total #outliers: 2669
Average Time: 1.327367895102564
Peak memory: 134.9529571533203
Time index, remove data from structure: 0.006513047282051283
Time for querying: 0.0
Time for new slide: 1.1986179262307692
Time for expired slide: 0.1287457451025641
------------------------------------
Number clusters = 0.0
Max  Number points in event queue = 0.0
Avg number points in clusters= 0.0
Avg Rmc size = 0.0
Avg Length exps= 0.0
#window: 40
Total #outliers: 2734
Average Time: 1.3292693772750002
Peak memory: 134.9529571533203
Time index, remove data from structure: 0.006508136374999999
Time for querying: 0.0
Time for new slide: 1.199784240125
Time for expired slide: 0.12948092522500002
------------------------------------
Number clusters = 0.0
Max  Number points in event queue = 0.0
Avg number points in clusters= 0.0
Avg Rmc size = 0.0
Avg Length exps= 0.0
#window: 41
Total #outliers: 2730
Average Time: 1.331493514292683
Peak memory: 134.9529571533203
Time index, remove data from structure: 0.00651819256097561
Time for querying: 0.0
Time for new slide: 1.2017682542439023
Time for expired slide: 0.12972106239024392
------------------------------------
Number clusters = 0.0
Max  Number points in event queue = 0.0
Avg number points in clusters= 0.0
Avg Rmc size = 0.0
Avg Length exps= 0.0
#window: 42
Total #outliers: 2750
Average Time: 1.3321728362857144
Peak memory: 134.9529571533203
Time index, remove data from structure: 0.00653102069047619
Time for querying: 0.0
Time for new slide: 1.2023047374047617
Time for expired slide: 0.12986391426190474
------------------------------------
Number clusters = 0.0
Max  Number points in event queue = 0.0
Avg number points in clusters= 0.0
Avg Rmc size = 0.0
Avg Length exps= 0.0
#window: 43
Total #outliers: 2771
Average Time: 1.3352801551162792
Peak memory: 134.9529571533203
Time index, remove data from structure: 0.006547981976744185
Time for querying: 0.0
Time for new slide: 1.2042809349069767
Time for expired slide: 0.13099506539534883
------------------------------------
Number clusters = 0.0
Max  Number points in event queue = 0.0
Avg number points in clusters= 0.0
Avg Rmc size = 0.0
Avg Length exps= 0.0
#window: 44
Total #outliers: 2744
Average Time: 1.3377478334318182
Peak memory: 134.9529571533203
Time index, remove data from structure: 0.006561540795454545
Time for querying: 0.0
Time for new slide: 1.2061663951590909
Time for expired slide: 0.13157730086363637
------------------------------------
Number clusters = 0.0
Max  Number points in event queue = 0.0
Avg number points in clusters= 0.0
Avg Rmc size = 0.0
Avg Length exps= 0.0
#window: 45
Total #outliers: 2708
Average Time: 1.3376769688222223
Peak memory: 134.9529571533203
Time index, remove data from structure: 0.006579963133333333
Time for querying: 0.0
Time for new slide: 1.2054830024444445
Time for expired slide: 0.13218983997777778
------------------------------------
Number clusters = 0.0
Max  Number points in event queue = 0.0
Avg number points in clusters= 0.0
Avg Rmc size = 0.0
Avg Length exps= 0.0
#window: 46
Total #outliers: 2746
Average Time: 1.3346551146956522
Peak memory: 134.9529571533203
Time index, remove data from structure: 0.006564192999999999
Time for querying: 0.0
Time for new slide: 1.2034802418043478
Time for expired slide: 0.13117076863043478
------------------------------------
Number clusters = 0.0
Max  Number points in event queue = 0.0
Avg number points in clusters= 0.0
Avg Rmc size = 0.0
Avg Length exps= 0.0
#window: 47
Total #outliers: 2755
Average Time: 1.33521087106383
Peak memory: 134.9529571533203
Time index, remove data from structure: 0.00656324470212766
Time for querying: 0.0
Time for new slide: 1.2030457001276595
Time for expired slide: 0.13216108017021275
------------------------------------
Number clusters = 0.0
Max  Number points in event queue = 0.0
Avg number points in clusters= 0.0
Avg Rmc size = 0.0
Avg Length exps= 0.0
#window: 48
Total #outliers: 2714
Average Time: 1.3335201387500002
Peak memory: 134.9529571533203
Time index, remove data from structure: 0.006556673833333333
Time for querying: 0.0
Time for new slide: 1.2014743086875
Time for expired slide: 0.13204175808333332
------------------------------------
Number clusters = 0.0
Max  Number points in event queue = 0.0
Avg number points in clusters= 0.0
Avg Rmc size = 0.0
Avg Length exps= 0.0
#window: 49
Total #outliers: 2677
Average Time: 1.3323280068367351
Peak memory: 134.9529571533203
Time index, remove data from structure: 0.006549673632653061
Time for querying: 0.0
Time for new slide: 1.200758571244898
Time for expired slide: 0.13156538191836734
------------------------------------
Number clusters = 0.0
Max  Number points in event queue = 0.0
Avg number points in clusters= 0.0
Avg Rmc size = 0.0
Avg Length exps= 0.0
#window: 50
Total #outliers: 2680
Average Time: 1.3320887686600003
Peak memory: 134.9529571533203
Time index, remove data from structure: 0.0065425000399999995
Time for querying: 0.0
Time for new slide: 1.2002765041399999
Time for expired slide: 0.13180822244
------------------------------------
Number clusters = 0.0
Max  Number points in event queue = 0.0
Avg number points in clusters= 0.0
Avg Rmc size = 0.0
Avg Length exps= 0.0
#window: 51
Total #outliers: 2714
Average Time: 1.3319402665882356
Peak memory: 134.9529571533203
Time index, remove data from structure: 0.006532972980392157
Time for querying: 0.0
Time for new slide: 1.1998561756666666
Time for expired slide: 0.13208006407843137
------------------------------------
Number clusters = 0.0
Max  Number points in event queue = 0.0
Avg number points in clusters= 0.0
Avg Rmc size = 0.0
Avg Length exps= 0.0
#window: 52
Total #outliers: 2707
Average Time: 1.3317350493846156
Peak memory: 134.9529571533203
Time index, remove data from structure: 0.00651597725
Time for querying: 0.0
Time for new slide: 1.198829159923077
Time for expired slide: 0.13290187436538461
------------------------------------
Number clusters = 0.0
Max  Number points in event queue = 0.0
Avg number points in clusters= 0.0
Avg Rmc size = 0.0
Avg Length exps= 0.0
#window: 53
Total #outliers: 2704
Average Time: 1.3315352534339626
Peak memory: 134.9529571533203
Time index, remove data from structure: 0.006518708
Time for querying: 0.0
Time for new slide: 1.1985488190377358
Time for expired slide: 0.13298243673584906
------------------------------------
Number clusters = 0.0
Max  Number points in event queue = 0.0
Avg number points in clusters= 0.0
Avg Rmc size = 0.0
Avg Length exps= 0.0
#window: 54
Total #outliers: 2755
Average Time: 1.331124577166667
Peak memory: 134.9529571533203
Time index, remove data from structure: 0.006513506037037037
Time for querying: 0.0
Time for new slide: 1.1974543712592594
Time for expired slide: 0.13366621757407407
------------------------------------
Number clusters = 0.0
Max  Number points in event queue = 0.0
Avg number points in clusters= 0.0
Avg Rmc size = 0.0
Avg Length exps= 0.0
#window: 55
Total #outliers: 2800
Average Time: 1.330546312036364
Peak memory: 134.9529571533203
Time index, remove data from structure: 0.006518022818181818
Time for querying: 0.0
Time for new slide: 1.196503199
Time for expired slide: 0.13403914076363635
------------------------------------
Number clusters = 0.0
Max  Number points in event queue = 0.0
Avg number points in clusters= 0.0
Avg Rmc size = 0.0
Avg Length exps= 0.0
#window: 56
Total #outliers: 2856
Average Time: 1.3307825311071433
Peak memory: 134.9529571533203
Time index, remove data from structure: 0.006520077589285715
Time for querying: 0.0
Time for new slide: 1.1961314479107144
Time for expired slide: 0.1346471219107143
------------------------------------
Number clusters = 0.0
Max  Number points in event queue = 0.0
Avg number points in clusters= 0.0
Avg Rmc size = 0.0
Avg Length exps= 0.0
#window: 57
Total #outliers: 2896
Average Time: 1.3321166009649128
Peak memory: 134.9529571533203
Time index, remove data from structure: 0.006518865456140351
Time for querying: 0.0
Time for new slide: 1.1956139431403507
Time for expired slide: 0.13649870321052632
------------------------------------
Number clusters = 0.0
Max  Number points in event queue = 0.0
Avg number points in clusters= 0.0
Avg Rmc size = 0.0
Avg Length exps= 0.0
#window: 58
Total #outliers: 2869
Average Time: 1.3338068847758626
Peak memory: 134.9529571533203
Time index, remove data from structure: 0.006530281206896552
Time for querying: 0.0
Time for new slide: 1.1962097130172413
Time for expired slide: 0.13759323260344827
------------------------------------
Number clusters = 0.0
Max  Number points in event queue = 0.0
Avg number points in clusters= 0.0
Avg Rmc size = 0.0
Avg Length exps= 0.0
#window: 59
Total #outliers: 2832
Average Time: 1.3332572136779666
Peak memory: 134.9529571533203
Time index, remove data from structure: 0.006544244576271186
Time for querying: 0.0
Time for new slide: 1.1963800738135595
Time for expired slide: 0.13687320137288136
------------------------------------
Number clusters = 0.0
Max  Number points in event queue = 0.0
Avg number points in clusters= 0.0
Avg Rmc size = 0.0
Avg Length exps= 0.0
#window: 60
Total #outliers: 2814
Average Time: 1.3314307713000002
Peak memory: 134.9529571533203
Time index, remove data from structure: 0.0065406040833333335
Time for querying: 0.0
Time for new slide: 1.1954015017833333
Time for expired slide: 0.13602533651666665
------------------------------------
Number clusters = 0.0
Max  Number points in event queue = 0.0
Avg number points in clusters= 0.0
Avg Rmc size = 0.0
Avg Length exps= 0.0
#window: 61
Total #outliers: 2868
Average Time: 1.33154010247541
Peak memory: 134.9529571533203
Time index, remove data from structure: 0.00654012431147541
Time for querying: 0.0
Time for new slide: 1.1955859942786884
Time for expired slide: 0.13595019293442623
------------------------------------
Number clusters = 0.0
Max  Number points in event queue = 0.0
Avg number points in clusters= 0.0
Avg Rmc size = 0.0
Avg Length exps= 0.0
#window: 62
Total #outliers: 2865
Average Time: 1.3328898721774196
Peak memory: 134.9529571533203
Time index, remove data from structure: 0.006550799758064516
Time for querying: 0.0
Time for new slide: 1.1969194632258064
Time for expired slide: 0.13596650103225807
------------------------------------
Number clusters = 0.0
Max  Number points in event queue = 0.0
Avg number points in clusters= 0.0
Avg Rmc size = 0.0
Avg Length exps= 0.0
#window: 63
Total #outliers: 2902
Average Time: 1.3332889861428574
Peak memory: 134.9529571533203
Time index, remove data from structure: 0.006552790571428571
Time for querying: 0.0
Time for new slide: 1.1975967299047618
Time for expired slide: 0.13568834426984128
------------------------------------
Number clusters = 0.0
Max  Number points in event queue = 0.0
Avg number points in clusters= 0.0
Avg Rmc size = 0.0
Avg Length exps= 0.0
#window: 64
Total #outliers: 2918
Average Time: 1.3336932562031252
Peak memory: 134.9529571533203
Time index, remove data from structure: 0.00654763665625
Time for querying: 0.0
Time for new slide: 1.19831067003125
Time for expired slide: 0.135378688171875
------------------------------------
Number clusters = 0.0
Max  Number points in event queue = 0.0
Avg number points in clusters= 0.0
Avg Rmc size = 0.0
Avg Length exps= 0.0
#window: 65
Total #outliers: 2906
Average Time: 1.3358759663846156
Peak memory: 134.9529571533203
Time index, remove data from structure: 0.0065397452
Time for querying: 0.0
Time for new slide: 1.198972389923077
Time for expired slide: 0.13689968206153846
------------------------------------
Number clusters = 0.0
Max  Number points in event queue = 0.0
Avg number points in clusters= 0.0
Avg Rmc size = 0.0
Avg Length exps= 0.0
#window: 66
Total #outliers: 2881
Average Time: 1.335933325075758
Peak memory: 134.9529571533203
Time index, remove data from structure: 0.006538726363636364
Time for querying: 0.0
Time for new slide: 1.1993348522727272
Time for expired slide: 0.13659458681818182
------------------------------------
Number clusters = 0.0
Max  Number points in event queue = 0.0
Avg number points in clusters= 0.0
Avg Rmc size = 0.0
Avg Length exps= 0.0
#window: 67
Total #outliers: 2845
Average Time: 1.3378294918955227
Peak memory: 134.9529571533203
Time index, remove data from structure: 0.00654169776119403
Time for querying: 0.0
Time for new slide: 1.200530510761194
Time for expired slide: 0.13729510559701494
------------------------------------
Number clusters = 0.0
Max  Number points in event queue = 0.0
Avg number points in clusters= 0.0
Avg Rmc size = 0.0
Avg Length exps= 0.0
#window: 68
Total #outliers: 2781
Average Time: 1.3377569672500003
Peak memory: 134.9529571533203
Time index, remove data from structure: 0.006541885426470588
Time for querying: 0.0
Time for new slide: 1.2009990943970588
Time for expired slide: 0.13675400075000002
------------------------------------
Number clusters = 0.0
Max  Number points in event queue = 0.0
Avg number points in clusters= 0.0
Avg Rmc size = 0.0
Avg Length exps= 0.0
#window: 69
Total #outliers: 2777
Average Time: 1.3383099089855075
Peak memory: 134.9529571533203
Time index, remove data from structure: 0.006550106942028985
Time for querying: 0.0
Time for new slide: 1.2012446525797102
Time for expired slide: 0.13706138723188405
------------------------------------
Number clusters = 0.0
Max  Number points in event queue = 0.0
Avg number points in clusters= 0.0
Avg Rmc size = 0.0
Avg Length exps= 0.0
#window: 70
Total #outliers: 2853
Average Time: 1.340554032857143
Peak memory: 134.9529571533203
Time index, remove data from structure: 0.0065508937714285715
Time for querying: 0.0
Time for new slide: 1.2021965794
Time for expired slide: 0.13835359241428571
------------------------------------
Number clusters = 0.0
Max  Number points in event queue = 0.0
Avg number points in clusters= 0.0
Avg Rmc size = 0.0
Avg Length exps= 0.0
#window: 71
Total #outliers: 2796
Average Time: 1.341377319690141
Peak memory: 134.9529571533203
Time index, remove data from structure: 0.006561126718309859
Time for querying: 0.0
Time for new slide: 1.2019349212112675
Time for expired slide: 0.139438545971831
------------------------------------
Number clusters = 0.0
Max  Number points in event queue = 0.0
Avg number points in clusters= 0.0
Avg Rmc size = 0.0
Avg Length exps= 0.0
#window: 72
Total #outliers: 2835
Average Time: 1.3403136632222226
Peak memory: 134.9529571533203
Time index, remove data from structure: 0.0065615898472222225
Time for querying: 0.0
Time for new slide: 1.201887998
Time for expired slide: 0.1384218150138889
------------------------------------
Number clusters = 0.0
Max  Number points in event queue = 0.0
Avg number points in clusters= 0.0
Avg Rmc size = 0.0
Avg Length exps= 0.0
#window: 73
Total #outliers: 2776
Average Time: 1.33998415190411
Peak memory: 134.9529571533203
Time index, remove data from structure: 0.006561477164383561
Time for querying: 0.0
Time for new slide: 1.201389223479452
Time for expired slide: 0.13859109302739725
------------------------------------
Number clusters = 0.0
Max  Number points in event queue = 0.0
Avg number points in clusters= 0.0
Avg Rmc size = 0.0
Avg Length exps= 0.0
#window: 74
Total #outliers: 2741
Average Time: 1.338382568810811
Peak memory: 134.9529571533203
Time index, remove data from structure: 0.006553420445945946
Time for querying: 0.0
Time for new slide: 1.2005213747162162
Time for expired slide: 0.13785736386486488
------------------------------------
Number clusters = 0.0
Max  Number points in event queue = 0.0
Avg number points in clusters= 0.0
Avg Rmc size = 0.0
Avg Length exps= 0.0
#window: 75
Total #outliers: 2798
Average Time: 1.3387929513733337
Peak memory: 134.9529571533203
Time index, remove data from structure: 0.006549628533333333
Time for querying: 0.0
Time for new slide: 1.20093344072
Time for expired slide: 0.13785568438666668
------------------------------------
Number clusters = 0.0
Max  Number points in event queue = 0.0
Avg number points in clusters= 0.0
Avg Rmc size = 0.0
Avg Length exps= 0.0
#window: 76
Total #outliers: 2783
Average Time: 1.3376948743552635
Peak memory: 134.9529571533203
Time index, remove data from structure: 0.006541124960526316
Time for querying: 0.0
Time for new slide: 1.200479797631579
Time for expired slide: 0.13721124394736842
------------------------------------
Number clusters = 0.0
Max  Number points in event queue = 0.0
Avg number points in clusters= 0.0
Avg Rmc size = 0.0
Avg Length exps= 0.0
#window: 77
Total #outliers: 2801
Average Time: 1.3359123302597404
Peak memory: 134.9529571533203
Time index, remove data from structure: 0.0065295061688311696
Time for querying: 0.0
Time for new slide: 1.1996415383506494
Time for expired slide: 0.13626696544155845
------------------------------------
Number clusters = 0.0
Max  Number points in event queue = 0.0
Avg number points in clusters= 0.0
Avg Rmc size = 0.0
Avg Length exps= 0.0
#window: 78
Total #outliers: 2784
Average Time: 1.3363871167307695
Peak memory: 134.9529571533203
Time index, remove data from structure: 0.006522827846153847
Time for querying: 0.0
Time for new slide: 1.1993598565384616
Time for expired slide: 0.137023440474359
------------------------------------
Number clusters = 0.0
Max  Number points in event queue = 0.0
Avg number points in clusters= 0.0
Avg Rmc size = 0.0
Avg Length exps= 0.0
#window: 79
Total #outliers: 2768
Average Time: 1.3354176220759497
Peak memory: 134.9529571533203
Time index, remove data from structure: 0.0065082680379746835
Time for querying: 0.0
Time for new slide: 1.198823413443038
Time for expired slide: 0.13659039972151898
------------------------------------
Number clusters = 0.0
Max  Number points in event queue = 0.0
Avg number points in clusters= 0.0
Avg Rmc size = 0.0
Avg Length exps= 0.0
#window: 80
Total #outliers: 2791
Average Time: 1.3374663580250004
Peak memory: 134.9529571533203
Time index, remove data from structure: 0.0065075527625
Time for querying: 0.0
Time for new slide: 1.1989416259
Time for expired slide: 0.13852092261249999
------------------------------------
Number clusters = 0.0
Max  Number points in event queue = 0.0
Avg number points in clusters= 0.0
Avg Rmc size = 0.0
Avg Length exps= 0.0
#window: 81
Total #outliers: 2777
Average Time: 1.3377149639506176
Peak memory: 134.9529571533203
Time index, remove data from structure: 0.006509205728395061
Time for querying: 0.0
Time for new slide: 1.1994824225679013
Time for expired slide: 0.13822873385185186
------------------------------------
Number clusters = 0.0
Max  Number points in event queue = 0.0
Avg number points in clusters= 0.0
Avg Rmc size = 0.0
Avg Length exps= 0.0
#window: 82
Total #outliers: 2806
Average Time: 1.3371879604390247
Peak memory: 134.9529571533203
Time index, remove data from structure: 0.006504338
Time for querying: 0.0
Time for new slide: 1.1992047765853657
Time for expired slide: 0.13797938225609757
------------------------------------
Number clusters = 0.0
Max  Number points in event queue = 0.0
Avg number points in clusters= 0.0
Avg Rmc size = 0.0
Avg Length exps= 0.0
#window: 83
Total #outliers: 2821
Average Time: 1.335933786614458
Peak memory: 134.9529571533203
Time index, remove data from structure: 0.006500761457831325
Time for querying: 0.0
Time for new slide: 1.198018574746988
Time for expired slide: 0.13791142048192773
------------------------------------
Number clusters = 0.0
Max  Number points in event queue = 0.0
Avg number points in clusters= 0.0
Avg Rmc size = 0.0
Avg Length exps= 0.0
#window: 84
Total #outliers: 2697
Average Time: 1.3345912752738098
Peak memory: 134.9529571533203
Time index, remove data from structure: 0.006491628000000001
Time for querying: 0.0
Time for new slide: 1.1967906039880953
Time for expired slide: 0.13779688713095237
------------------------------------
Number clusters = 0.0
Max  Number points in event queue = 0.0
Avg number points in clusters= 0.0
Avg Rmc size = 0.0
Avg Length exps= 0.0
#window: 85
Total #outliers: 2793
Average Time: 1.3338324441411766
Peak memory: 134.9529571533203
Time index, remove data from structure: 0.006477375294117647
Time for querying: 0.0
Time for new slide: 1.1959380971529412
Time for expired slide: 0.13789056970588234
------------------------------------
Number clusters = 0.0
Max  Number points in event queue = 0.0
Avg number points in clusters= 0.0
Avg Rmc size = 0.0
Avg Length exps= 0.0
#window: 86
Total #outliers: 2813
Average Time: 1.332267118883721
Peak memory: 134.9529571533203
Time index, remove data from structure: 0.006464938604651162
Time for querying: 0.0
Time for new slide: 1.1947407682093023
Time for expired slide: 0.13752258533720932
------------------------------------
Number clusters = 0.0
Max  Number points in event queue = 0.0
Avg number points in clusters= 0.0
Avg Rmc size = 0.0
Avg Length exps= 0.0
#window: 87
Total #outliers: 2803
Average Time: 1.330687806448276
Peak memory: 134.9529571533203
Time index, remove data from structure: 0.006453407379310346
Time for querying: 0.0
Time for new slide: 1.193505282505747
Time for expired slide: 0.13717876770114942
------------------------------------
Number clusters = 0.0
Max  Number points in event queue = 0.0
Avg number points in clusters= 0.0
Avg Rmc size = 0.0
Avg Length exps= 0.0
#window: 88
Total #outliers: 2838
Average Time: 1.3291933064431818
Peak memory: 134.9529571533203
Time index, remove data from structure: 0.00644225315909091
Time for querying: 0.0
Time for new slide: 1.192394207875
Time for expired slide: 0.13679534580681818
------------------------------------
Number clusters = 0.0
Max  Number points in event queue = 0.0
Avg number points in clusters= 0.0
Avg Rmc size = 0.0
Avg Length exps= 0.0
#window: 89
Total #outliers: 2908
Average Time: 1.3274923359213484
Peak memory: 134.9529571533203
Time index, remove data from structure: 0.006426445550561798
Time for querying: 0.0
Time for new slide: 1.191047177775281
Time for expired slide: 0.13644141330337078
------------------------------------
Number clusters = 0.0
Max  Number points in event queue = 0.0
Avg number points in clusters= 0.0
Avg Rmc size = 0.0
Avg Length exps= 0.0
#window: 90
Total #outliers: 2923
Average Time: 1.327137489877778
Peak memory: 134.9529571533203
Time index, remove data from structure: 0.006417044355555556
Time for querying: 0.0
Time for new slide: 1.1905322586555556
Time for expired slide: 0.13660149612222222
------------------------------------
Number clusters = 0.0
Max  Number points in event queue = 0.0
Avg number points in clusters= 0.0
Avg Rmc size = 0.0
Avg Length exps= 0.0
#window: 91
Total #outliers: 2864
Average Time: 1.3260013815934069
Peak memory: 134.9529571533203
Time index, remove data from structure: 0.00640244267032967
Time for querying: 0.0
Time for new slide: 1.1897321290439562
Time for expired slide: 0.13626552364835165
------------------------------------
Number clusters = 0.0
Max  Number points in event queue = 0.0
Avg number points in clusters= 0.0
Avg Rmc size = 0.0
Avg Length exps= 0.0
#window: 92
Total #outliers: 2853
Average Time: 1.3241471384456525
Peak memory: 134.9529571533203
Time index, remove data from structure: 0.006390486978260869
Time for querying: 0.0
Time for new slide: 1.1884316837934783
Time for expired slide: 0.1357117325
------------------------------------
Number clusters = 0.0
Max  Number points in event queue = 0.0
Avg number points in clusters= 0.0
Avg Rmc size = 0.0
Avg Length exps= 0.0
#window: 93
Total #outliers: 2901
Average Time: 1.3229022786236562
Peak memory: 134.9529571533203
Time index, remove data from structure: 0.006376877064516129
Time for querying: 0.0
Time for new slide: 1.1875297923333332
Time for expired slide: 0.13536876643010753
------------------------------------
Number clusters = 0.0
Max  Number points in event queue = 0.0
Avg number points in clusters= 0.0
Avg Rmc size = 0.0
Avg Length exps= 0.0
#window: 94
Total #outliers: 2839
Average Time: 1.3221520301595746
Peak memory: 134.9529571533203
Time index, remove data from structure: 0.006372455531914894
Time for querying: 0.0
Time for new slide: 1.1864367261914894
Time for expired slide: 0.13571159034042554
------------------------------------
Number clusters = 0.0
Max  Number points in event queue = 0.0
Avg number points in clusters= 0.0
Avg Rmc size = 0.0
Avg Length exps= 0.0
#window: 95
Total #outliers: 2822
Average Time: 1.3217891636526318
Peak memory: 134.9529571533203
Time index, remove data from structure: 0.006362902252631579
Time for querying: 0.0
Time for new slide: 1.1857066614105263
Time for expired slide: 0.13607879532631578
------------------------------------
Number clusters = 0.0
Max  Number points in event queue = 0.0
Avg number points in clusters= 0.0
Avg Rmc size = 0.0
Avg Length exps= 0.0
#window: 96
Total #outliers: 2912
Average Time: 1.3213983492812502
Peak memory: 134.9529571533203
Time index, remove data from structure: 0.0063572286145833325
Time for querying: 0.0
Time for new slide: 1.1852124275312501
Time for expired slide: 0.13618222063541666
------------------------------------
Number clusters = 0.0
Max  Number points in event queue = 0.0
Avg number points in clusters= 0.0
Avg Rmc size = 0.0
Avg Length exps= 0.0
#window: 97
Total #outliers: 2861
Average Time: 1.3203923347113402
Peak memory: 134.9529571533203
Time index, remove data from structure: 0.006351338041237113
Time for querying: 0.0
Time for new slide: 1.1844630306185566
Time for expired slide: 0.13592560863917527
------------------------------------
Number clusters = 0.0
Max  Number points in event queue = 0.0
Avg number points in clusters= 0.0
Avg Rmc size = 0.0
Avg Length exps= 0.0
#window: 98
Total #outliers: 2897
Average Time: 1.3198766059693878
Peak memory: 134.9529571533203
Time index, remove data from structure: 0.006347631091836734
Time for querying: 0.0
Time for new slide: 1.183827522397959
Time for expired slide: 0.13604539408163263
------------------------------------
Number clusters = 0.0
Max  Number points in event queue = 0.0
Avg number points in clusters= 0.0
Avg Rmc size = 0.0
Avg Length exps= 0.0
#window: 99
Total #outliers: 2875
Average Time: 1.3196852854444445
Peak memory: 134.9529571533203
Time index, remove data from structure: 0.006341213656565657
Time for querying: 0.0
Time for new slide: 1.1835125384545455
Time for expired slide: 0.13616906182828284
------------------------------------
Number clusters = 0.0
Max  Number points in event queue = 0.0
Avg number points in clusters= 0.0
Avg Rmc size = 0.0
Avg Length exps= 0.0
#window: 100
Total #outliers: 2810
Average Time: 1.3188068750800002
Peak memory: 134.9529571533203
Time index, remove data from structure: 0.00633437842
Time for querying: 0.0
Time for new slide: 1.18289779897
Time for expired slide: 0.13590539195
------------------------------------
Number clusters = 0.0
Max  Number points in event queue = 0.0
Avg number points in clusters= 0.0
Avg Rmc size = 0.0
Avg Length exps= 0.0
#window: 101
Total #outliers: 2815
Average Time: 1.3184254290594062
Peak memory: 134.9529571533203
Time index, remove data from structure: 0.006329194128712871
Time for querying: 0.0
Time for new slide: 1.1824140205643565
Time for expired slide: 0.1360077333267327
------------------------------------
Number clusters = 0.0
Max  Number points in event queue = 0.0
Avg number points in clusters= 0.0
Avg Rmc size = 0.0
Avg Length exps= 0.0
#window: 102
Total #outliers: 2843
Average Time: 1.316814816294118
Peak memory: 134.9529571533203
Time index, remove data from structure: 0.006323863196078432
Time for querying: 0.0
Time for new slide: 1.1815140850980392
Time for expired slide: 0.13529705929411764
------------------------------------
Number clusters = 0.0
Max  Number points in event queue = 0.0
Avg number points in clusters= 0.0
Avg Rmc size = 0.0
Avg Length exps= 0.0
#window: 103
Total #outliers: 2782
Average Time: 1.3156273845825248
Peak memory: 134.9529571533203
Time index, remove data from structure: 0.006316953485436893
Time for querying: 0.0
Time for new slide: 1.180409805378641
Time for expired slide: 0.13521390888349513
------------------------------------
Number clusters = 0.0
Max  Number points in event queue = 0.0
Avg number points in clusters= 0.0
Avg Rmc size = 0.0
Avg Length exps= 0.0
#window: 104
Total #outliers: 2789
Average Time: 1.3141998586923083
Peak memory: 134.9529571533203
Time index, remove data from structure: 0.0063066560288461545
Time for querying: 0.0
Time for new slide: 1.1790831359134617
Time for expired slide: 0.13511305547115385
------------------------------------
Number clusters = 0.0
Max  Number points in event queue = 0.0
Avg number points in clusters= 0.0
Avg Rmc size = 0.0
Avg Length exps= 0.0
#window: 105
Total #outliers: 2764
Average Time: 1.3142257622000004
Peak memory: 134.9529571533203
Time index, remove data from structure: 0.006298825228571429
Time for querying: 0.0
Time for new slide: 1.178169497952381
Time for expired slide: 0.13605260214285714
------------------------------------
Number clusters = 0.0
Max  Number points in event queue = 0.0
Avg number points in clusters= 0.0
Avg Rmc size = 0.0
Avg Length exps= 0.0
#window: 106
Total #outliers: 2745
Average Time: 1.3131080795283023
Peak memory: 134.9529571533203
Time index, remove data from structure: 0.006298653113207547
Time for querying: 0.0
Time for new slide: 1.1769646199056605
Time for expired slide: 0.13613980491509434
------------------------------------
Number clusters = 0.0
Max  Number points in event queue = 0.0
Avg number points in clusters= 0.0
Avg Rmc size = 0.0
Avg Length exps= 0.0
#window: 107
Total #outliers: 2752
Average Time: 1.3119697224392526
Peak memory: 134.9529571533203
Time index, remove data from structure: 0.006296688700934579
Time for querying: 0.0
Time for new slide: 1.1759336527570095
Time for expired slide: 0.13603242186915887
------------------------------------
Number clusters = 0.0
Max  Number points in event queue = 0.0
Avg number points in clusters= 0.0
Avg Rmc size = 0.0
Avg Length exps= 0.0
#window: 108
Total #outliers: 2781
Average Time: 1.311144890527778
Peak memory: 134.9529571533203
Time index, remove data from structure: 0.006293891083333333
Time for querying: 0.0
Time for new slide: 1.1750678742962963
Time for expired slide: 0.1360733713888889
------------------------------------
Number clusters = 0.0
Max  Number points in event queue = 0.0
Avg number points in clusters= 0.0
Avg Rmc size = 0.0
Avg Length exps= 0.0
#window: 109
Total #outliers: 2786
Average Time: 1.3105045239541289
Peak memory: 134.9529571533203
Time index, remove data from structure: 0.006290207605504587
Time for querying: 0.0
Time for new slide: 1.174334748972477
Time for expired slide: 0.13616613025688074
------------------------------------
Number clusters = 0.0
Max  Number points in event queue = 0.0
Avg number points in clusters= 0.0
Avg Rmc size = 0.0
Avg Length exps= 0.0
#window: 110
Total #outliers: 2835
Average Time: 1.3102741752000004
Peak memory: 134.9529571533203
Time index, remove data from structure: 0.0062918514545454544
Time for querying: 0.0
Time for new slide: 1.1735555251727272
Time for expired slide: 0.1367150110090909
------------------------------------
Number clusters = 0.0
Max  Number points in event queue = 0.0
Avg number points in clusters= 0.0
Avg Rmc size = 0.0
Avg Length exps= 0.0
#window: 111
Total #outliers: 2889
Average Time: 1.3093526046576582
Peak memory: 134.9529571533203
Time index, remove data from structure: 0.00628593809009009
Time for querying: 0.0
Time for new slide: 1.1729536526216215
Time for expired slide: 0.13639531626126125
------------------------------------
Number clusters = 0.0
Max  Number points in event queue = 0.0
Avg number points in clusters= 0.0
Avg Rmc size = 0.0
Avg Length exps= 0.0
#window: 112
Total #outliers: 2832
Average Time: 1.308514601008929
Peak memory: 134.9529571533203
Time index, remove data from structure: 0.0062845328125
Time for querying: 0.0
Time for new slide: 1.1721831060089285
Time for expired slide: 0.13632786175892858
------------------------------------
Number clusters = 0.0
Max  Number points in event queue = 0.0
Avg number points in clusters= 0.0
Avg Rmc size = 0.0
Avg Length exps= 0.0
#window: 113
Total #outliers: 2821
Average Time: 1.3074669115840714
Peak memory: 134.9529571533203
Time index, remove data from structure: 0.006285979584070796
Time for querying: 0.0
Time for new slide: 1.1716307402743362
Time for expired slide: 0.1358325425575221
------------------------------------
Number clusters = 0.0
Max  Number points in event queue = 0.0
Avg number points in clusters= 0.0
Avg Rmc size = 0.0
Avg Length exps= 0.0
#window: 114
Total #outliers: 2866
Average Time: 1.307019249035088
Peak memory: 134.9529571533203
Time index, remove data from structure: 0.006286777728070175
Time for querying: 0.0
Time for new slide: 1.1712251355438597
Time for expired slide: 0.1357904839736842
------------------------------------
Number clusters = 0.0
Max  Number points in event queue = 0.0
Avg number points in clusters= 0.0
Avg Rmc size = 0.0
Avg Length exps= 0.0
#window: 115
Total #outliers: 2853
Average Time: 1.3070958936000003
Peak memory: 134.9529571533203
Time index, remove data from structure: 0.006285092965217391
Time for querying: 0.0
Time for new slide: 1.1706621627391305
Time for expired slide: 0.13643010486086957
------------------------------------
Number clusters = 0.0
Max  Number points in event queue = 0.0
Avg number points in clusters= 0.0
Avg Rmc size = 0.0
Avg Length exps= 0.0
#window: 116
Total #outliers: 2869
Average Time: 1.306450791646552
Peak memory: 134.9529571533203
Time index, remove data from structure: 0.006283390672413793
Time for querying: 0.0
Time for new slide: 1.1700904903017242
Time for expired slide: 0.13635667745689656
------------------------------------
Number clusters = 0.0
Max  Number points in event queue = 0.0
Avg number points in clusters= 0.0
Avg Rmc size = 0.0
Avg Length exps= 0.0
#window: 117
Total #outliers: 2845
Average Time: 1.3059350275384618
Peak memory: 134.9529571533203
Time index, remove data from structure: 0.006280124401709402
Time for querying: 0.0
Time for new slide: 1.169603919247863
Time for expired slide: 0.1363274863931624
------------------------------------
Number clusters = 0.0
Max  Number points in event queue = 0.0
Avg number points in clusters= 0.0
Avg Rmc size = 0.0
Avg Length exps= 0.0
#window: 118
Total #outliers: 2818
Average Time: 1.305474997008475
Peak memory: 134.9529571533203
Time index, remove data from structure: 0.006275443830508475
Time for querying: 0.0
Time for new slide: 1.1689786292881357
Time for expired slide: 0.1364927499237288
------------------------------------
Number clusters = 0.0
Max  Number points in event queue = 0.0
Avg number points in clusters= 0.0
Avg Rmc size = 0.0
Avg Length exps= 0.0
#window: 119
Total #outliers: 2802
Average Time: 1.304474283689076
Peak memory: 134.9529571533203
Time index, remove data from structure: 0.006271223210084034
Time for querying: 0.0
Time for new slide: 1.1682006444117647
Time for expired slide: 0.13627002450420167
------------------------------------
Number clusters = 0.0
Max  Number points in event queue = 0.0
Avg number points in clusters= 0.0
Avg Rmc size = 0.0
Avg Length exps= 0.0
#window: 120
Total #outliers: 2802
Average Time: 1.3041870428916669
Peak memory: 134.9529571533203
Time index, remove data from structure: 0.006275324941666666
Time for querying: 0.0
Time for new slide: 1.1676038548333334
Time for expired slide: 0.13657957595833334
------------------------------------
Number clusters = 0.0
Max  Number points in event queue = 0.0
Avg number points in clusters= 0.0
Avg Rmc size = 0.0
Avg Length exps= 0.0
#window: 121
Total #outliers: 2767
Average Time: 1.3030593917685953
Peak memory: 134.9529571533203
Time index, remove data from structure: 0.006272615396694214
Time for querying: 0.0
Time for new slide: 1.1669016483140495
Time for expired slide: 0.13615412965289256
------------------------------------
Number clusters = 0.0
Max  Number points in event queue = 0.0
Avg number points in clusters= 0.0
Avg Rmc size = 0.0
Avg Length exps= 0.0
#window: 122
Total #outliers: 2808
Average Time: 1.3031033405491805
Peak memory: 134.9529571533203
Time index, remove data from structure: 0.006273046221311475
Time for querying: 0.0
Time for new slide: 1.166679184262295
Time for expired slide: 0.13642054696721312
------------------------------------
Number clusters = 0.0
Max  Number points in event queue = 0.0
Avg number points in clusters= 0.0
Avg Rmc size = 0.0
Avg Length exps= 0.0
#window: 123
Total #outliers: 2853
Average Time: 1.3024254705934961
Peak memory: 134.9529571533203
Time index, remove data from structure: 0.006266891178861788
Time for querying: 0.0
Time for new slide: 1.1662785480000002
Time for expired slide: 0.13614331063414634
------------------------------------
Number clusters = 0.0
Max  Number points in event queue = 0.0
Avg number points in clusters= 0.0
Avg Rmc size = 0.0
Avg Length exps= 0.0
#window: 124
Total #outliers: 2797
Average Time: 1.301909198354839
Peak memory: 134.9529571533203
Time index, remove data from structure: 0.006260543387096774
Time for querying: 0.0
Time for new slide: 1.1658258400080643
Time for expired slide: 0.13607975179032258
------------------------------------
Number clusters = 0.0
Max  Number points in event queue = 0.0
Avg number points in clusters= 0.0
Avg Rmc size = 0.0
Avg Length exps= 0.0
#window: 125
Total #outliers: 2739
Average Time: 1.30140420772
Peak memory: 134.9529571533203
Time index, remove data from structure: 0.006258068136000001
Time for querying: 0.0
Time for new slide: 1.16536568612
Time for expired slide: 0.13603491492
------------------------------------
Number clusters = 0.0
Max  Number points in event queue = 0.0
Avg number points in clusters= 0.0
Avg Rmc size = 0.0
Avg Length exps= 0.0
#window: 126
Total #outliers: 2751
Average Time: 1.3004390612063494
Peak memory: 134.9529571533203
Time index, remove data from structure: 0.006254350396825396
Time for querying: 0.0
Time for new slide: 1.1645252766269842
Time for expired slide: 0.13591018012698414
------------------------------------
Number clusters = 0.0
Max  Number points in event queue = 0.0
Avg number points in clusters= 0.0
Avg Rmc size = 0.0
Avg Length exps= 0.0
#window: 127
Total #outliers: 2723
Average Time: 1.299251951464567
Peak memory: 134.9529571533203
Time index, remove data from structure: 0.006251600708661417
Time for querying: 0.0
Time for new slide: 1.1635772981889765
Time for expired slide: 0.13567105401574803
------------------------------------
Number clusters = 0.0
Max  Number points in event queue = 0.0
Avg number points in clusters= 0.0
Avg Rmc size = 0.0
Avg Length exps= 0.0
#window: 128
Total #outliers: 2816
Average Time: 1.2984357329062501
Peak memory: 134.9529571533203
Time index, remove data from structure: 0.00624810275
Time for querying: 0.0
Time for new slide: 1.1628290661171874
Time for expired slide: 0.135603068921875
------------------------------------
Number clusters = 0.0
Max  Number points in event queue = 0.0
Avg number points in clusters= 0.0
Avg Rmc size = 0.0
Avg Length exps= 0.0
#window: 129
Total #outliers: 2801
Average Time: 1.2983916645038762
Peak memory: 134.9529571533203
Time index, remove data from structure: 0.006246383992248062
Time for querying: 0.0
Time for new slide: 1.1619703112868218
Time for expired slide: 0.1364177536511628
------------------------------------
Number clusters = 0.0
Max  Number points in event queue = 0.0
Avg number points in clusters= 0.0
Avg Rmc size = 0.0
Avg Length exps= 0.0
#window: 130
Total #outliers: 2797
Average Time: 1.2986467023615387
Peak memory: 134.9529571533203
Time index, remove data from structure: 0.006246604361538462
Time for querying: 0.0
Time for new slide: 1.1616137709153846
Time for expired slide: 0.1370293322769231
------------------------------------
Number clusters = 0.0
Max  Number points in event queue = 0.0
Avg number points in clusters= 0.0
Avg Rmc size = 0.0
Avg Length exps= 0.0
#window: 131
Total #outliers: 2760
Average Time: 1.2986703399618322
Peak memory: 134.9529571533203
Time index, remove data from structure: 0.006249169992366412
Time for querying: 0.0
Time for new slide: 1.1613973676946565
Time for expired slide: 0.13726937361068703
------------------------------------
Number clusters = 0.0
Max  Number points in event queue = 0.0
Avg number points in clusters= 0.0
Avg Rmc size = 0.0
Avg Length exps= 0.0
#window: 132
Total #outliers: 2776
Average Time: 1.2979928342651517
Peak memory: 134.9529571533203
Time index, remove data from structure: 0.006253159522727272
Time for querying: 0.0
Time for new slide: 1.1607798193560608
Time for expired slide: 0.1372094153939394
------------------------------------
Number clusters = 0.0
Max  Number points in event queue = 0.0
Avg number points in clusters= 0.0
Avg Rmc size = 0.0
Avg Length exps= 0.0
#window: 133
Total #outliers: 2791
Average Time: 1.297502878601504
Peak memory: 134.9529571533203
Time index, remove data from structure: 0.006256250511278195
Time for querying: 0.0
Time for new slide: 1.160509890969925
Time for expired slide: 0.13698939028571427
------------------------------------
Number clusters = 0.0
Max  Number points in event queue = 0.0
Avg number points in clusters= 0.0
Avg Rmc size = 0.0
Avg Length exps= 0.0
#window: 134
Total #outliers: 2804
Average Time: 1.2966335877089556
Peak memory: 134.9529571533203
Time index, remove data from structure: 0.006259020343283582
Time for querying: 0.0
Time for new slide: 1.1598603366417912
Time for expired slide: 0.13676965440298508
------------------------------------
Number clusters = 0.0
Max  Number points in event queue = 0.0
Avg number points in clusters= 0.0
Avg Rmc size = 0.0
Avg Length exps= 0.0
#window: 135
Total #outliers: 2741
Average Time: 1.2962006632888892
Peak memory: 134.9529571533203
Time index, remove data from structure: 0.006258025281481482
Time for querying: 0.0
Time for new slide: 1.1591466654814815
Time for expired slide: 0.1370504031111111
------------------------------------
Number clusters = 0.0
Max  Number points in event queue = 0.0
Avg number points in clusters= 0.0
Avg Rmc size = 0.0
Avg Length exps= 0.0
#window: 136
Total #outliers: 2705
Average Time: 1.2954095420735299
Peak memory: 134.9529571533203
Time index, remove data from structure: 0.006257955455882353
Time for querying: 0.0
Time for new slide: 1.158452759735294
Time for expired slide: 0.1369531882647059
------------------------------------
Number clusters = 0.0
Max  Number points in event queue = 0.0
Avg number points in clusters= 0.0
Avg Rmc size = 0.0
Avg Length exps= 0.0
#window: 137
Total #outliers: 2769
Average Time: 1.294337559284672
Peak memory: 134.9529571533203
Time index, remove data from structure: 0.00625370697080292
Time for querying: 0.0
Time for new slide: 1.1579279765474453
Time for expired slide: 0.1364059918029197
------------------------------------
Number clusters = 0.0
Max  Number points in event queue = 0.0
Avg number points in clusters= 0.0
Avg Rmc size = 0.0
Avg Length exps= 0.0
#window: 138
Total #outliers: 2795
Average Time: 1.2940658719420295
Peak memory: 134.9529571533203
Time index, remove data from structure: 0.00625195797826087
Time for querying: 0.0
Time for new slide: 1.1574075494492755
Time for expired slide: 0.13665473436231884
------------------------------------
Number clusters = 0.0
Max  Number points in event queue = 0.0
Avg number points in clusters= 0.0
Avg Rmc size = 0.0
Avg Length exps= 0.0
#window: 139
Total #outliers: 2784
Average Time: 1.293428741424461
Peak memory: 134.9529571533203
Time index, remove data from structure: 0.00624634164028777
Time for querying: 0.0
Time for new slide: 1.1568287145971223
Time for expired slide: 0.13659643901438848
------------------------------------
Number clusters = 0.0
Max  Number points in event queue = 0.0
Avg number points in clusters= 0.0
Avg Rmc size = 0.0
Avg Length exps= 0.0
#window: 140
Total #outliers: 2797
Average Time: 1.292903317428572
Peak memory: 134.9529571533203
Time index, remove data from structure: 0.006241704742857143
Time for querying: 0.0
Time for new slide: 1.1562561876500002
Time for expired slide: 0.13664354404285714
------------------------------------
Number clusters = 0.0
Max  Number points in event queue = 0.0
Avg number points in clusters= 0.0
Avg Rmc size = 0.0
Avg Length exps= 0.0
#window: 141
Total #outliers: 2787
Average Time: 1.291892493297873
Peak memory: 134.9529571533203
Time index, remove data from structure: 0.006233844843971632
Time for querying: 0.0
Time for new slide: 1.1556083961489363
Time for expired slide: 0.13628051432624114
------------------------------------
Number clusters = 0.0
Max  Number points in event queue = 0.0
Avg number points in clusters= 0.0
Avg Rmc size = 0.0
Avg Length exps= 0.0
#window: 142
Total #outliers: 2804
Average Time: 1.2907151454788737
Peak memory: 134.9529571533203
Time index, remove data from structure: 0.006230425330985916
Time for querying: 0.0
Time for new slide: 1.1549414778802818
Time for expired slide: 0.1357700826197183
------------------------------------
Number clusters = 0.0
Max  Number points in event queue = 0.0
Avg number points in clusters= 0.0
Avg Rmc size = 0.0
Avg Length exps= 0.0
#window: 143
Total #outliers: 2843
Average Time: 1.2906004819300705
Peak memory: 134.9529571533203
Time index, remove data from structure: 0.0062242283986013985
Time for querying: 0.0
Time for new slide: 1.154143068839161
Time for expired slide: 0.1364538270979021
------------------------------------
Number clusters = 0.0
Max  Number points in event queue = 0.0
Avg number points in clusters= 0.0
Avg Rmc size = 0.0
Avg Length exps= 0.0
#window: 144
Total #outliers: 2860
Average Time: 1.290160746881945
Peak memory: 134.9529571533203
Time index, remove data from structure: 0.006218058541666667
Time for querying: 0.0
Time for new slide: 1.153627153125
Time for expired slide: 0.13653001068055556
------------------------------------
Number clusters = 0.0
Max  Number points in event queue = 0.0
Avg number points in clusters= 0.0
Avg Rmc size = 0.0
Avg Length exps= 0.0
#window: 145
Total #outliers: 2891
Average Time: 1.2900384013862072
Peak memory: 134.9529571533203
Time index, remove data from structure: 0.006218866696551724
Time for querying: 0.0
Time for new slide: 1.153431145262069
Time for expired slide: 0.13660367572413795
------------------------------------
Number clusters = 0.0
Max  Number points in event queue = 0.0
Avg number points in clusters= 0.0
Avg Rmc size = 0.0
Avg Length exps= 0.0
#window: 146
Total #outliers: 2930
Average Time: 1.2897382409726033
Peak memory: 134.9529571533203
Time index, remove data from structure: 0.00621919351369863
Time for querying: 0.0
Time for new slide: 1.152888646308219
Time for expired slide: 0.1368460153150685
------------------------------------
Number clusters = 0.0
Max  Number points in event queue = 0.0
Avg number points in clusters= 0.0
Avg Rmc size = 0.0
Avg Length exps= 0.0
#window: 147
Total #outliers: 2946
Average Time: 1.2900125915646263
Peak memory: 134.9529571533203
Time index, remove data from structure: 0.006223407183673469
Time for querying: 0.0
Time for new slide: 1.152613302027211
Time for expired slide: 0.13739571217006802
------------------------------------
Number clusters = 0.0
Max  Number points in event queue = 0.0
Avg number points in clusters= 0.0
Avg Rmc size = 0.0
Avg Length exps= 0.0
#window: 148
Total #outliers: 2931
Average Time: 1.2898863930675681
Peak memory: 134.9529571533203
Time index, remove data from structure: 0.006224385628378379
Time for querying: 0.0
Time for new slide: 1.1524320057837838
Time for expired slide: 0.1374508064527027
------------------------------------
Number clusters = 0.0
Max  Number points in event queue = 0.0
Avg number points in clusters= 0.0
Avg Rmc size = 0.0
Avg Length exps= 0.0
#window: 149
Total #outliers: 2860
Average Time: 1.2896618513825509
Peak memory: 134.9529571533203
Time index, remove data from structure: 0.006223227067114093
Time for querying: 0.0
Time for new slide: 1.152530487167785
Time for expired slide: 0.13712778661744968
------------------------------------
Number clusters = 0.0
Max  Number points in event queue = 0.0
Avg number points in clusters= 0.0
Avg Rmc size = 0.0
Avg Length exps= 0.0
#window: 150
Total #outliers: 2905
Average Time: 1.2899850659466672
Peak memory: 134.9529571533203
Time index, remove data from structure: 0.006227594566666667
Time for querying: 0.0
Time for new slide: 1.15250663148
Time for expired slide: 0.13747485927333333
------------------------------------
Number clusters = 0.0
Max  Number points in event queue = 0.0
Avg number points in clusters= 0.0
Avg Rmc size = 0.0
Avg Length exps= 0.0
#window: 151
Total #outliers: 2900
Average Time: 1.2902052740860932
Peak memory: 134.9529571533203
Time index, remove data from structure: 0.006233649172185431
Time for querying: 0.0
Time for new slide: 1.1526073571125828
Time for expired slide: 0.13759434042384106
------------------------------------
Number clusters = 0.0
Max  Number points in event queue = 0.0
Avg number points in clusters= 0.0
Avg Rmc size = 0.0
Avg Length exps= 0.0
#window: 152
Total #outliers: 2956
Average Time: 1.2903854209473689
Peak memory: 134.9529571533203
Time index, remove data from structure: 0.006238066407894737
Time for querying: 0.0
Time for new slide: 1.1528059590000002
Time for expired slide: 0.13757588312500002
------------------------------------
Number clusters = 0.0
Max  Number points in event queue = 0.0
Avg number points in clusters= 0.0
Avg Rmc size = 0.0
Avg Length exps= 0.0
#window: 153
Total #outliers: 2872
Average Time: 1.2902902092352946
Peak memory: 134.9529571533203
Time index, remove data from structure: 0.0062427111111111105
Time for querying: 0.0
Time for new slide: 1.1528790670784312
Time for expired slide: 0.13740756347058825
------------------------------------
Number clusters = 0.0
Max  Number points in event queue = 0.0
Avg number points in clusters= 0.0
Avg Rmc size = 0.0
Avg Length exps= 0.0
#window: 154
Total #outliers: 2876
Average Time: 1.2901187318636367
Peak memory: 134.9529571533203
Time index, remove data from structure: 0.006242474896103896
Time for querying: 0.0
Time for new slide: 1.1529287662142857
Time for expired slide: 0.13718638655844156
------------------------------------
Number clusters = 0.0
Max  Number points in event queue = 0.0
Avg number points in clusters= 0.0
Avg Rmc size = 0.0
Avg Length exps= 0.0
#window: 155
Total #outliers: 2945
Average Time: 1.2905980619935487
Peak memory: 134.9529571533203
Time index, remove data from structure: 0.006243283161290323
Time for querying: 0.0
Time for new slide: 1.1530189610129031
Time for expired slide: 0.1375755232451613
------------------------------------
Number clusters = 0.0
Max  Number points in event queue = 0.0
Avg number points in clusters= 0.0
Avg Rmc size = 0.0
Avg Length exps= 0.0
#window: 156
Total #outliers: 2893
Average Time: 1.290634029865385
Peak memory: 134.9529571533203
Time index, remove data from structure: 0.006247259948717949
Time for querying: 0.0
Time for new slide: 1.152929638153846
Time for expired slide: 0.13770081521153846
------------------------------------
Number clusters = 0.0
Max  Number points in event queue = 0.0
Avg number points in clusters= 0.0
Avg Rmc size = 0.0
Avg Length exps= 0.0
#window: 157
Total #outliers: 2909
Average Time: 1.2902329442165608
Peak memory: 134.9529571533203
Time index, remove data from structure: 0.006250042566878981
Time for querying: 0.0
Time for new slide: 1.152700894910828
Time for expired slide: 0.13752847296815288
------------------------------------
Number clusters = 0.0
Max  Number points in event queue = 0.0
Avg number points in clusters= 0.0
Avg Rmc size = 0.0
Avg Length exps= 0.0
#window: 158
Total #outliers: 2966
Average Time: 1.2900379143797471
Peak memory: 134.9529571533203
Time index, remove data from structure: 0.006248309474683545
Time for querying: 0.0
Time for new slide: 1.1525439336898733
Time for expired slide: 0.13749040758227848
------------------------------------
Number clusters = 0.0
Max  Number points in event queue = 0.0
Avg number points in clusters= 0.0
Avg Rmc size = 0.0
Avg Length exps= 0.0
#window: 159
Total #outliers: 2948
Average Time: 1.2901497629056606
Peak memory: 134.9529571533203
Time index, remove data from structure: 0.006249082238993711
Time for querying: 0.0
Time for new slide: 1.1522856203584906
Time for expired slide: 0.13786057102515722
------------------------------------
Number clusters = 0.0
Max  Number points in event queue = 0.0
Avg number points in clusters= 0.0
Avg Rmc size = 0.0
Avg Length exps= 0.0
#window: 160
Total #outliers: 3023
Average Time: 1.2902572036250002
Peak memory: 134.9529571533203
Time index, remove data from structure: 0.0062488395375
Time for querying: 0.0
Time for new slide: 1.1524260864062499
Time for expired slide: 0.13782754754999998
------------------------------------
Number clusters = 0.0
Max  Number points in event queue = 0.0
Avg number points in clusters= 0.0
Avg Rmc size = 0.0
Avg Length exps= 0.0
#window: 161
Total #outliers: 2938
Average Time: 1.2896552484720498
Peak memory: 134.9529571533203
Time index, remove data from structure: 0.0062483720310559
Time for querying: 0.0
Time for new slide: 1.1521268871118011
Time for expired slide: 0.13752479368944098
------------------------------------
Number clusters = 0.0
Max  Number points in event queue = 0.0
Avg number points in clusters= 0.0
Avg Rmc size = 0.0
Avg Length exps= 0.0
#window: 162
Total #outliers: 2865
Average Time: 1.2891385865679015
Peak memory: 134.9529571533203
Time index, remove data from structure: 0.006245305685185185
Time for querying: 0.0
Time for new slide: 1.1518059059753087
Time for expired slide: 0.1373291122962963
------------------------------------
Number clusters = 0.0
Max  Number points in event queue = 0.0
Avg number points in clusters= 0.0
Avg Rmc size = 0.0
Avg Length exps= 0.0
#window: 163
Total #outliers: 2848
Average Time: 1.2885160720674849
Peak memory: 134.9529571533203
Time index, remove data from structure: 0.006244839337423313
Time for querying: 0.0
Time for new slide: 1.1513461409386503
Time for expired slide: 0.13716636331288343
------------------------------------
Number clusters = 0.0
Max  Number points in event queue = 0.0
Avg number points in clusters= 0.0
Avg Rmc size = 0.0
Avg Length exps= 0.0
#window: 164
Total #outliers: 2847
Average Time: 1.2877863695121954
Peak memory: 134.9529571533203
Time index, remove data from structure: 0.0062429262073170734
Time for querying: 0.0
Time for new slide: 1.1507947928414635
Time for expired slide: 0.13698801145121953
------------------------------------
Number clusters = 0.0
Max  Number points in event queue = 0.0
Avg number points in clusters= 0.0
Avg Rmc size = 0.0
Avg Length exps= 0.0
#window: 165
Total #outliers: 2821
Average Time: 1.2872166691696971
Peak memory: 134.9529571533203
Time index, remove data from structure: 0.006237222824242424
Time for querying: 0.0
Time for new slide: 1.1502947437878788
Time for expired slide: 0.13691836044848485
------------------------------------
Number clusters = 0.0
Max  Number points in event queue = 0.0
Avg number points in clusters= 0.0
Avg Rmc size = 0.0
Avg Length exps= 0.0
#window: 166
Total #outliers: 2830
Average Time: 1.2867003385662654
Peak memory: 134.9529571533203
Time index, remove data from structure: 0.006232547686746989
Time for querying: 0.0
Time for new slide: 1.1498461090060241
Time for expired slide: 0.13685066300602408
------------------------------------
Number clusters = 0.0
Max  Number points in event queue = 0.0
Avg number points in clusters= 0.0
Avg Rmc size = 0.0
Avg Length exps= 0.0
#window: 167
Total #outliers: 2868
Average Time: 1.285953731419162
Peak memory: 134.9529571533203
Time index, remove data from structure: 0.006229113413173652
Time for querying: 0.0
Time for new slide: 1.1494047756287427
Time for expired slide: 0.13654538936526947
------------------------------------
Number clusters = 0.0
Max  Number points in event queue = 0.0
Avg number points in clusters= 0.0
Avg Rmc size = 0.0
Avg Length exps= 0.0
#window: 168
Total #outliers: 2917
Average Time: 1.2854799927023812
Peak memory: 134.9529571533203
Time index, remove data from structure: 0.006222882172619047
Time for querying: 0.0
Time for new slide: 1.1488660679821427
Time for expired slide: 0.1366103572202381
------------------------------------
Number clusters = 0.0
Max  Number points in event queue = 0.0
Avg number points in clusters= 0.0
Avg Rmc size = 0.0
Avg Length exps= 0.0
#window: 169
Total #outliers: 2949
Average Time: 1.2851735743609471
Peak memory: 134.9529571533203
Time index, remove data from structure: 0.006221148934911243
Time for querying: 0.0
Time for new slide: 1.148728080147929
Time for expired slide: 0.13644192559171597
------------------------------------
Number clusters = 0.0
Max  Number points in event queue = 0.0
Avg number points in clusters= 0.0
Avg Rmc size = 0.0
Avg Length exps= 0.0
#window: 170
Total #outliers: 2874
Average Time: 1.2849044686882356
Peak memory: 134.9529571533203
Time index, remove data from structure: 0.006219687594117646
Time for querying: 0.0
Time for new slide: 1.1483605745647059
Time for expired slide: 0.13654032555882353
------------------------------------
Number clusters = 0.0
Max  Number points in event queue = 0.0
Avg number points in clusters= 0.0
Avg Rmc size = 0.0
Avg Length exps= 0.0
#window: 171
Total #outliers: 2914
Average Time: 1.2850156268128659
Peak memory: 134.9529571533203
Time index, remove data from structure: 0.006220965625730995
Time for querying: 0.0
Time for new slide: 1.1480165051754385
Time for expired slide: 0.13699555291812868
------------------------------------
Number clusters = 0.0
Max  Number points in event queue = 0.0
Avg number points in clusters= 0.0
Avg Rmc size = 0.0
Avg Length exps= 0.0
#window: 172
Total #outliers: 2950
Average Time: 1.2849363408837213
Peak memory: 134.9529571533203
Time index, remove data from structure: 0.006221631319767441
Time for querying: 0.0
Time for new slide: 1.147685303255814
Time for expired slide: 0.13724746819767442
------------------------------------
Number clusters = 0.0
Max  Number points in event queue = 0.0
Avg number points in clusters= 0.0
Avg Rmc size = 0.0
Avg Length exps= 0.0
#window: 173
Total #outliers: 2926
Average Time: 1.2857152429595378
Peak memory: 134.9529571533203
Time index, remove data from structure: 0.0062239178208092485
Time for querying: 0.0
Time for new slide: 1.1475654560751445
Time for expired slide: 0.13814621609826588
------------------------------------
Number clusters = 0.0
Max  Number points in event queue = 0.0
Avg number points in clusters= 0.0
Avg Rmc size = 0.0
Avg Length exps= 0.0
#window: 174
Total #outliers: 2915
Average Time: 1.2857802470172415
Peak memory: 134.9529571533203
Time index, remove data from structure: 0.006226467833333333
Time for querying: 0.0
Time for new slide: 1.1475165929367817
Time for expired slide: 0.13826008262068964
------------------------------------
Number clusters = 0.0
Max  Number points in event queue = 0.0
Avg number points in clusters= 0.0
Avg Rmc size = 0.0
Avg Length exps= 0.0
#window: 175
Total #outliers: 2876
Average Time: 1.2855479885085717
Peak memory: 134.9529571533203
Time index, remove data from structure: 0.006228348399999999
Time for querying: 0.0
Time for new slide: 1.1474147601485716
Time for expired slide: 0.13812965644
------------------------------------
Number clusters = 0.0
Max  Number points in event queue = 0.0
Avg number points in clusters= 0.0
Avg Rmc size = 0.0
Avg Length exps= 0.0
#window: 176
Total #outliers: 2943
Average Time: 1.285436988034091
Peak memory: 134.9529571533203
Time index, remove data from structure: 0.006227841113636363
Time for querying: 0.0
Time for new slide: 1.1473426106988638
Time for expired slide: 0.138090803625
------------------------------------
Number clusters = 0.0
Max  Number points in event queue = 0.0
Avg number points in clusters= 0.0
Avg Rmc size = 0.0
Avg Length exps= 0.0
#window: 177
Total #outliers: 2915
Average Time: 1.2855487523898308
Peak memory: 134.9529571533203
Time index, remove data from structure: 0.006228163474576271
Time for querying: 0.0
Time for new slide: 1.1472063327005648
Time for expired slide: 0.13833884536158192
------------------------------------
Number clusters = 0.0
Max  Number points in event queue = 0.0
Avg number points in clusters= 0.0
Avg Rmc size = 0.0
Avg Length exps= 0.0
#window: 178
Total #outliers: 2862
Average Time: 1.2852736565393261
Peak memory: 134.9529571533203
Time index, remove data from structure: 0.006225704213483146
Time for querying: 0.0
Time for new slide: 1.1470580598089888
Time for expired slide: 0.13821202300561797
------------------------------------
Number clusters = 0.0
Max  Number points in event queue = 0.0
Avg number points in clusters= 0.0
Avg Rmc size = 0.0
Avg Length exps= 0.0
#window: 179
Total #outliers: 2974
Average Time: 1.2854767220670393
Peak memory: 134.9529571533203
Time index, remove data from structure: 0.0062274969832402235
Time for querying: 0.0
Time for new slide: 1.1470796140670392
Time for expired slide: 0.13839353616759778
------------------------------------
Number clusters = 0.0
Max  Number points in event queue = 0.0
Avg number points in clusters= 0.0
Avg Rmc size = 0.0
Avg Length exps= 0.0
#window: 180
Total #outliers: 2864
Average Time: 1.285005227888889
Peak memory: 134.9529571533203
Time index, remove data from structure: 0.0062270479777777775
Time for querying: 0.0
Time for new slide: 1.1468704951111113
Time for expired slide: 0.13813115994444444
------------------------------------
Number clusters = 0.0
Max  Number points in event queue = 0.0
Avg number points in clusters= 0.0
Avg Rmc size = 0.0
Avg Length exps= 0.0
#window: 181
Total #outliers: 2961
Average Time: 1.284717421049724
Peak memory: 134.9529571533203
Time index, remove data from structure: 0.006225988022099447
Time for querying: 0.0
Time for new slide: 1.1466405069060774
Time for expired slide: 0.13807334220441989
------------------------------------
Number clusters = 0.0
Max  Number points in event queue = 0.0
Avg number points in clusters= 0.0
Avg Rmc size = 0.0
Avg Length exps= 0.0
Peak memory: 134.9529571533203 MB
Average CPU time: 1284.7174210497242 ms
