#window: 1
Total #outliers: 20
Average Time: 0.0
Peak memory: 85.83123016357422
Time index, remove data from structure: 0.0
Time for querying: 0.0
Time for new slide: 0.0
Time for expired slide: 0.0
------------------------------------
Number clusters = 0.0
Max  Number points in event queue = 0.0
Avg number points in clusters= 0.0
Avg Rmc size = 0.0
Avg Length exps= 0.0
#window: 2
Total #outliers: 20
Average Time: 0.127894405
Peak memory: 85.83123016357422
Time index, remove data from structure: 0.0048271305
Time for querying: 0.0
Time for new slide: 0.121194245
Time for expired slide: 0.006697713
------------------------------------
Number clusters = 0.0
Max  Number points in event queue = 0.0
Avg number points in clusters= 0.0
Avg Rmc size = 0.0
Avg Length exps= 0.0
#window: 3
Total #outliers: 20
Average Time: 0.16957257599999997
Peak memory: 85.83123016357422
Time index, remove data from structure: 0.005762288
Time for querying: 0.0
Time for new slide: 0.16189277133333332
Time for expired slide: 0.007676496666666667
------------------------------------
Number clusters = 0.0
Max  Number points in event queue = 0.0
Avg number points in clusters= 0.0
Avg Rmc size = 0.0
Avg Length exps= 0.0
#window: 4
Total #outliers: 18
Average Time: 0.19256616799999998
Peak memory: 85.83123016357422
Time index, remove data from structure: 0.00634626725
Time for querying: 0.0
Time for new slide: 0.18426674875
Time for expired slide: 0.00829590625
------------------------------------
Number clusters = 0.0
Max  Number points in event queue = 0.0
Avg number points in clusters= 0.0
Avg Rmc size = 0.0
Avg Length exps= 0.0
#window: 5
Total #outliers: 16
Average Time: 0.20855878899999997
Peak memory: 85.83123016357422
Time index, remove data from structure: 0.0064593154
Time for querying: 0.0
Time for new slide: 0.20013829560000002
Time for expired slide: 0.008417196200000001
------------------------------------
Number clusters = 0.0
Max  Number points in event queue = 0.0
Avg number points in clusters= 0.0
Avg Rmc size = 0.0
Avg Length exps= 0.0
#window: 6
Total #outliers: 18
Average Time: 0.21832309233333333
Peak memory: 85.83123016357422
Time index, remove data from structure: 0.006512518333333334
Time for querying: 0.0
Time for new slide: 0.20932784883333333
Time for expired slide: 0.0089918195
------------------------------------
Number clusters = 0.0
Max  Number points in event queue = 0.0
Avg number points in clusters= 0.0
Avg Rmc size = 0.0
Avg Length exps= 0.0
#window: 7
Total #outliers: 14
Average Time: 0.22841410485714286
Peak memory: 85.83123016357422
Time index, remove data from structure: 0.006844145
Time for querying: 0.0
Time for new slide: 0.21915492957142857
Time for expired slide: 0.009255750714285716
------------------------------------
Number clusters = 0.0
Max  Number points in event queue = 0.0
Avg number points in clusters= 0.0
Avg Rmc size = 0.0
Avg Length exps= 0.0
#window: 8
Total #outliers: 13
Average Time: 0.23649578375000002
Peak memory: 85.83123016357422
Time index, remove data from structure: 0.007054323375
Time for querying: 0.0
Time for new slide: 0.227080474875
Time for expired slide: 0.009411868125
------------------------------------
Number clusters = 0.0
Max  Number points in event queue = 0.0
Avg number points in clusters= 0.0
Avg Rmc size = 0.0
Avg Length exps= 0.0
#window: 9
Total #outliers: 12
Average Time: 0.24711777755555556
Peak memory: 85.83123016357422
Time index, remove data from structure: 0.007348179888888889
Time for querying: 0.0
Time for new slide: 0.2374434692222222
Time for expired slide: 0.009670858333333332
------------------------------------
Number clusters = 0.0
Max  Number points in event queue = 0.0
Avg number points in clusters= 0.0
Avg Rmc size = 0.0
Avg Length exps= 0.0
#window: 10
Total #outliers: 11
Average Time: 0.2504689729
Peak memory: 85.83123016357422
Time index, remove data from structure: 0.0075195018
Time for querying: 0.0
Time for new slide: 0.24062685579999998
Time for expired slide: 0.0098386103
------------------------------------
Number clusters = 0.0
Max  Number points in event queue = 0.0
Avg number points in clusters= 0.0
Avg Rmc size = 0.0
Avg Length exps= 0.0
#window: 11
Total #outliers: 12
Average Time: 0.2550901092727273
Peak memory: 85.83123016357422
Time index, remove data from structure: 0.007604800454545454
Time for querying: 0.0
Time for new slide: 0.24518375536363637
Time for expired slide: 0.009902842545454545
------------------------------------
Number clusters = 0.0
Max  Number points in event queue = 0.0
Avg number points in clusters= 0.0
Avg Rmc size = 0.0
Avg Length exps= 0.0
#window: 12
Total #outliers: 11
Average Time: 0.2598425578333333
Peak memory: 85.83123016357422
Time index, remove data from structure: 0.0075633737500000004
Time for querying: 0.0
Time for new slide: 0.2500109891666667
Time for expired slide: 0.00982800075
------------------------------------
Number clusters = 0.0
Max  Number points in event queue = 0.0
Avg number points in clusters= 0.0
Avg Rmc size = 0.0
Avg Length exps= 0.0
#window: 13
Total #outliers: 11
Average Time: 0.2627807943846154
Peak memory: 85.83123016357422
Time index, remove data from structure: 0.007696295076923077
Time for querying: 0.0
Time for new slide: 0.2528322079230769
Time for expired slide: 0.009945025153846154
------------------------------------
Number clusters = 0.0
Max  Number points in event queue = 0.0
Avg number points in clusters= 0.0
Avg Rmc size = 0.0
Avg Length exps= 0.0
#window: 14
Total #outliers: 13
Average Time: 0.2620430459285714
Peak memory: 85.83123016357422
Time index, remove data from structure: 0.007937829928571428
Time for querying: 0.0
Time for new slide: 0.25186497157142856
Time for expired slide: 0.010174470785714287
------------------------------------
Number clusters = 0.0
Max  Number points in event queue = 0.0
Avg number points in clusters= 0.0
Avg Rmc size = 0.0
Avg Length exps= 0.0
#window: 15
Total #outliers: 13
Average Time: 0.25887428046666666
Peak memory: 85.83123016357422
Time index, remove data from structure: 0.0080856026
Time for querying: 0.0
Time for new slide: 0.2485831942
Time for expired slide: 0.0102867254
------------------------------------
Number clusters = 0.0
Max  Number points in event queue = 0.0
Avg number points in clusters= 0.0
Avg Rmc size = 0.0
Avg Length exps= 0.0
#window: 16
Total #outliers: 13
Average Time: 0.256111956125
Peak memory: 85.83123016357422
Time index, remove data from structure: 0.008231753375
Time for querying: 0.0
Time for new slide: 0.245712310875
Time for expired slide: 0.010395305875
------------------------------------
Number clusters = 0.0
Max  Number points in event queue = 0.0
Avg number points in clusters= 0.0
Avg Rmc size = 0.0
Avg Length exps= 0.0
#window: 17
Total #outliers: 13
Average Time: 0.2534230661764706
Peak memory: 85.83123016357422
Time index, remove data from structure: 0.008251343647058824
Time for querying: 0.0
Time for new slide: 0.24303649664705884
Time for expired slide: 0.010382294352941177
------------------------------------
Number clusters = 0.0
Max  Number points in event queue = 0.0
Avg number points in clusters= 0.0
Avg Rmc size = 0.0
Avg Length exps= 0.0
#window: 18
Total #outliers: 13
Average Time: 0.2541327808333333
Peak memory: 85.83123016357422
Time index, remove data from structure: 0.008242351333333333
Time for querying: 0.0
Time for new slide: 0.24378394322222224
Time for expired slide: 0.010344594388888888
------------------------------------
Number clusters = 0.0
Max  Number points in event queue = 0.0
Avg number points in clusters= 0.0
Avg Rmc size = 0.0
Avg Length exps= 0.0
#window: 19
Total #outliers: 13
Average Time: 0.25551982810526314
Peak memory: 85.83123016357422
Time index, remove data from structure: 0.008340456789473684
Time for querying: 0.0
Time for new slide: 0.2450989422105263
Time for expired slide: 0.010416644315789474
------------------------------------
Number clusters = 0.0
Max  Number points in event queue = 0.0
Avg number points in clusters= 0.0
Avg Rmc size = 0.0
Avg Length exps= 0.0
#window: 20
Total #outliers: 12
Average Time: 0.25801983509999993
Peak memory: 85.83123016357422
Time index, remove data from structure: 0.0083945341
Time for querying: 0.0
Time for new slide: 0.24756782945000003
Time for expired slide: 0.01044777
------------------------------------
Number clusters = 0.0
Max  Number points in event queue = 0.0
Avg number points in clusters= 0.0
Avg Rmc size = 0.0
Avg Length exps= 0.0
#window: 21
Total #outliers: 11
Average Time: 0.2616967054285714
Peak memory: 85.83123016357422
Time index, remove data from structure: 0.008393231714285715
Time for querying: 0.0
Time for new slide: 0.2512670791428572
Time for expired slide: 0.010425407285714287
------------------------------------
Number clusters = 0.0
Max  Number points in event queue = 0.0
Avg number points in clusters= 0.0
Avg Rmc size = 0.0
Avg Length exps= 0.0
#window: 22
Total #outliers: 11
Average Time: 0.26526452749999996
Peak memory: 85.83123016357422
Time index, remove data from structure: 0.008467541045454545
Time for querying: 0.0
Time for new slide: 0.25478134572727273
Time for expired slide: 0.01047897309090909
------------------------------------
Number clusters = 0.0
Max  Number points in event queue = 0.0
Avg number points in clusters= 0.0
Avg Rmc size = 0.0
Avg Length exps= 0.0
#window: 23
Total #outliers: 12
Average Time: 0.2688964816521739
Peak memory: 85.83123016357422
Time index, remove data from structure: 0.008615363130434784
Time for querying: 0.0
Time for new slide: 0.2582765409130435
Time for expired slide: 0.010615731826086956
------------------------------------
Number clusters = 0.0
Max  Number points in event queue = 0.0
Avg number points in clusters= 0.0
Avg Rmc size = 0.0
Avg Length exps= 0.0
#window: 24
Total #outliers: 12
Average Time: 0.27235034554166665
Peak memory: 85.83123016357422
Time index, remove data from structure: 0.008726993291666667
Time for querying: 0.0
Time for new slide: 0.261640704
Time for expired slide: 0.010705164833333334
------------------------------------
Number clusters = 0.0
Max  Number points in event queue = 0.0
Avg number points in clusters= 0.0
Avg Rmc size = 0.0
Avg Length exps= 0.0
#window: 25
Total #outliers: 12
Average Time: 0.27524672359999997
Peak memory: 85.83123016357422
Time index, remove data from structure: 0.00882383552
Time for querying: 0.0
Time for new slide: 0.2644628226
Time for expired slide: 0.01077946584
------------------------------------
Number clusters = 0.0
Max  Number points in event queue = 0.0
Avg number points in clusters= 0.0
Avg Rmc size = 0.0
Avg Length exps= 0.0
#window: 26
Total #outliers: 12
Average Time: 0.2790681365384615
Peak memory: 85.83123016357422
Time index, remove data from structure: 0.0088869115
Time for querying: 0.0
Time for new slide: 0.2682397679230769
Time for expired slide: 0.010823958615384616
------------------------------------
Number clusters = 0.0
Max  Number points in event queue = 0.0
Avg number points in clusters= 0.0
Avg Rmc size = 0.0
Avg Length exps= 0.0
#window: 27
Total #outliers: 12
Average Time: 0.2824552628148148
Peak memory: 85.83123016357422
Time index, remove data from structure: 0.008938704777777777
Time for querying: 0.0
Time for new slide: 0.2715974247037037
Time for expired slide: 0.010853435592592593
------------------------------------
Number clusters = 0.0
Max  Number points in event queue = 0.0
Avg number points in clusters= 0.0
Avg Rmc size = 0.0
Avg Length exps= 0.0
#window: 28
Total #outliers: 9
Average Time: 0.28492514575
Peak memory: 85.83123016357422
Time index, remove data from structure: 0.009034248178571428
Time for querying: 0.0
Time for new slide: 0.27385582178571427
Time for expired slide: 0.011064950785714286
------------------------------------
Number clusters = 0.0
Max  Number points in event queue = 0.0
Avg number points in clusters= 0.0
Avg Rmc size = 0.0
Avg Length exps= 0.0
#window: 29
Total #outliers: 9
Average Time: 0.28705672341379307
Peak memory: 85.83123016357422
Time index, remove data from structure: 0.009193600862068965
Time for querying: 0.0
Time for new slide: 0.27583587293103445
Time for expired slide: 0.011216022724137931
------------------------------------
Number clusters = 0.0
Max  Number points in event queue = 0.0
Avg number points in clusters= 0.0
Avg Rmc size = 0.0
Avg Length exps= 0.0
#window: 30
Total #outliers: 11
Average Time: 0.28949512973333325
Peak memory: 85.83123016357422
Time index, remove data from structure: 0.0093126637
Time for querying: 0.0
Time for new slide: 0.27815290736666665
Time for expired slide: 0.0113373959
------------------------------------
Number clusters = 0.0
Max  Number points in event queue = 0.0
Avg number points in clusters= 0.0
Avg Rmc size = 0.0
Avg Length exps= 0.0
#window: 31
Total #outliers: 10
Average Time: 0.2922283610967741
Peak memory: 85.83123016357422
Time index, remove data from structure: 0.009421250129032258
Time for querying: 0.0
Time for new slide: 0.2807890462903226
Time for expired slide: 0.011434511548387098
------------------------------------
Number clusters = 0.0
Max  Number points in event queue = 0.0
Avg number points in clusters= 0.0
Avg Rmc size = 0.0
Avg Length exps= 0.0
#window: 32
Total #outliers: 13
Average Time: 0.29478472459374994
Peak memory: 85.83123016357422
Time index, remove data from structure: 0.0095434135
Time for querying: 0.0
Time for new slide: 0.28323266796875
Time for expired slide: 0.01154727034375
------------------------------------
Number clusters = 0.0
Max  Number points in event queue = 0.0
Avg number points in clusters= 0.0
Avg Rmc size = 0.0
Avg Length exps= 0.0
#window: 33
Total #outliers: 16
Average Time: 0.29735335818181813
Peak memory: 85.83123016357422
Time index, remove data from structure: 0.009654431696969697
Time for querying: 0.0
Time for new slide: 0.2856801446060606
Time for expired slide: 0.01166844312121212
------------------------------------
Number clusters = 0.0
Max  Number points in event queue = 0.0
Avg number points in clusters= 0.0
Avg Rmc size = 0.0
Avg Length exps= 0.0
#window: 34
Total #outliers: 15
Average Time: 0.29917306341176464
Peak memory: 85.83123016357422
Time index, remove data from structure: 0.009722350264705882
Time for querying: 0.0
Time for new slide: 0.28744208094117646
Time for expired slide: 0.01172625511764706
------------------------------------
Number clusters = 0.0
Max  Number points in event queue = 0.0
Avg number points in clusters= 0.0
Avg Rmc size = 0.0
Avg Length exps= 0.0
#window: 35
Total #outliers: 16
Average Time: 0.2989349065142856
Peak memory: 85.83123016357422
Time index, remove data from structure: 0.009751065057142858
Time for querying: 0.0
Time for new slide: 0.2871867570857143
Time for expired slide: 0.0117434384
------------------------------------
Number clusters = 0.0
Max  Number points in event queue = 0.0
Avg number points in clusters= 0.0
Avg Rmc size = 0.0
Avg Length exps= 0.0
#window: 36
Total #outliers: 19
Average Time: 0.29952453116666655
Peak memory: 85.83123016357422
Time index, remove data from structure: 0.009761412444444444
Time for querying: 0.0
Time for new slide: 0.2877526578611111
Time for expired slide: 0.011767174472222221
------------------------------------
Number clusters = 0.0
Max  Number points in event queue = 0.0
Avg number points in clusters= 0.0
Avg Rmc size = 0.0
Avg Length exps= 0.0
#window: 37
Total #outliers: 29
Average Time: 0.29995289175675666
Peak memory: 85.83123016357422
Time index, remove data from structure: 0.00974777418918919
Time for querying: 0.0
Time for new slide: 0.28820479683783784
Time for expired slide: 0.011743408027027027
------------------------------------
Number clusters = 0.0
Max  Number points in event queue = 0.0
Avg number points in clusters= 0.0
Avg Rmc size = 0.0
Avg Length exps= 0.0
#window: 38
Total #outliers: 38
Average Time: 0.30095744331578933
Peak memory: 85.83123016357422
Time index, remove data from structure: 0.00978886855263158
Time for querying: 0.0
Time for new slide: 0.2891762971578947
Time for expired slide: 0.011776475921052632
------------------------------------
Number clusters = 0.0
Max  Number points in event queue = 0.0
Avg number points in clusters= 0.0
Avg Rmc size = 0.0
Avg Length exps= 0.0
#window: 39
Total #outliers: 45
Average Time: 0.3021409249487178
Peak memory: 85.83123016357422
Time index, remove data from structure: 0.009819288923076923
Time for querying: 0.0
Time for new slide: 0.29033170771794875
Time for expired slide: 0.011804546384615386
------------------------------------
Number clusters = 0.0
Max  Number points in event queue = 0.0
Avg number points in clusters= 0.0
Avg Rmc size = 0.0
Avg Length exps= 0.0
#window: 40
Total #outliers: 26
Average Time: 0.3021476157499999
Peak memory: 85.83123016357422
Time index, remove data from structure: 0.00988492405
Time for querying: 0.0
Time for new slide: 0.29027845282500003
Time for expired slide: 0.01186450335
------------------------------------
Number clusters = 0.0
Max  Number points in event queue = 0.0
Avg number points in clusters= 0.0
Avg Rmc size = 0.0
Avg Length exps= 0.0
#window: 41
Total #outliers: 21
Average Time: 0.3006824440243901
Peak memory: 85.83123016357422
Time index, remove data from structure: 0.00997875463414634
Time for querying: 0.0
Time for new slide: 0.2887246533170732
Time for expired slide: 0.01195314375609756
------------------------------------
Number clusters = 0.0
Max  Number points in event queue = 0.0
Avg number points in clusters= 0.0
Avg Rmc size = 0.0
Avg Length exps= 0.0
#window: 42
Total #outliers: 18
Average Time: 0.3003574343333332
Peak memory: 85.83123016357422
Time index, remove data from structure: 0.010045600547619047
Time for querying: 0.0
Time for new slide: 0.28834062416666667
Time for expired slide: 0.012012163095238095
------------------------------------
Number clusters = 0.0
Max  Number points in event queue = 0.0
Avg number points in clusters= 0.0
Avg Rmc size = 0.0
Avg Length exps= 0.0
#window: 43
Total #outliers: 16
Average Time: 0.29975938937209284
Peak memory: 85.83123016357422
Time index, remove data from structure: 0.01010735134883721
Time for querying: 0.0
Time for new slide: 0.28768844632558144
Time for expired slide: 0.012066323162790698
------------------------------------
Number clusters = 0.0
Max  Number points in event queue = 0.0
Avg number points in clusters= 0.0
Avg Rmc size = 0.0
Avg Length exps= 0.0
#window: 44
Total #outliers: 11
Average Time: 0.2989035532727271
Peak memory: 85.83123016357422
Time index, remove data from structure: 0.010165456022727273
Time for querying: 0.0
Time for new slide: 0.28677180738636365
Time for expired slide: 0.012127137227272728
------------------------------------
Number clusters = 0.0
Max  Number points in event queue = 0.0
Avg number points in clusters= 0.0
Avg Rmc size = 0.0
Avg Length exps= 0.0
#window: 45
Total #outliers: 9
Average Time: 0.2980451885777776
Peak memory: 85.83123016357422
Time index, remove data from structure: 0.010211204955555555
Time for querying: 0.0
Time for new slide: 0.2858536721777778
Time for expired slide: 0.012186926044444444
------------------------------------
Number clusters = 0.0
Max  Number points in event queue = 0.0
Avg number points in clusters= 0.0
Avg Rmc size = 0.0
Avg Length exps= 0.0
#window: 46
Total #outliers: 12
Average Time: 0.29744951245652157
Peak memory: 85.83123016357422
Time index, remove data from structure: 0.010269072152173913
Time for querying: 0.0
Time for new slide: 0.2852059217173913
Time for expired slide: 0.012239001608695652
------------------------------------
Number clusters = 0.0
Max  Number points in event queue = 0.0
Avg number points in clusters= 0.0
Avg Rmc size = 0.0
Avg Length exps= 0.0
#window: 47
Total #outliers: 20
Average Time: 0.29621423844680833
Peak memory: 85.83123016357422
Time index, remove data from structure: 0.01031382710638298
Time for querying: 0.0
Time for new slide: 0.2839334660851064
Time for expired slide: 0.012276187191489362
------------------------------------
Number clusters = 0.0
Max  Number points in event queue = 0.0
Avg number points in clusters= 0.0
Avg Rmc size = 0.0
Avg Length exps= 0.0
#window: 48
Total #outliers: 27
Average Time: 0.2951565798749998
Peak memory: 85.83123016357422
Time index, remove data from structure: 0.010333333104166667
Time for querying: 0.0
Time for new slide: 0.2828618694583333
Time for expired slide: 0.012290127229166668
------------------------------------
Number clusters = 0.0
Max  Number points in event queue = 0.0
Avg number points in clusters= 0.0
Avg Rmc size = 0.0
Avg Length exps= 0.0
#window: 49
Total #outliers: 24
Average Time: 0.2942981939183672
Peak memory: 85.83123016357422
Time index, remove data from structure: 0.010333228346938774
Time for querying: 0.0
Time for new slide: 0.28201461875510203
Time for expired slide: 0.012278951530612245
------------------------------------
Number clusters = 0.0
Max  Number points in event queue = 0.0
Avg number points in clusters= 0.0
Avg Rmc size = 0.0
Avg Length exps= 0.0
#window: 50
Total #outliers: 24
Average Time: 0.29275427035999985
Peak memory: 85.83123016357422
Time index, remove data from structure: 0.01033597848
Time for querying: 0.0
Time for new slide: 0.28047796932
Time for expired slide: 0.01227170312
------------------------------------
Number clusters = 0.0
Max  Number points in event queue = 0.0
Avg number points in clusters= 0.0
Avg Rmc size = 0.0
Avg Length exps= 0.0
#window: 51
Total #outliers: 4
Average Time: 0.2890537980588234
Peak memory: 85.83123016357422
Time index, remove data from structure: 0.010344665098039217
Time for querying: 0.0
Time for new slide: 0.2767750210588235
Time for expired slide: 0.012274190823529412
------------------------------------
Number clusters = 0.0
Max  Number points in event queue = 0.0
Avg number points in clusters= 0.0
Avg Rmc size = 0.0
Avg Length exps= 0.0
#window: 52
Total #outliers: 4
Average Time: 0.2857320338076922
Peak memory: 85.83123016357422
Time index, remove data from structure: 0.010341211538461539
Time for querying: 0.0
Time for new slide: 0.27346380717307694
Time for expired slide: 0.012263656519230769
------------------------------------
Number clusters = 0.0
Max  Number points in event queue = 0.0
Avg number points in clusters= 0.0
Avg Rmc size = 0.0
Avg Length exps= 0.0
#window: 53
Total #outliers: 4
Average Time: 0.28265073252830175
Peak memory: 85.83123016357422
Time index, remove data from structure: 0.010333847509433962
Time for querying: 0.0
Time for new slide: 0.2703992481886793
Time for expired slide: 0.012246940547169812
------------------------------------
Number clusters = 0.0
Max  Number points in event queue = 0.0
Avg number points in clusters= 0.0
Avg Rmc size = 0.0
Avg Length exps= 0.0
#window: 54
Total #outliers: 3
Average Time: 0.2797898716666665
Peak memory: 85.83123016357422
Time index, remove data from structure: 0.010303880351851853
Time for querying: 0.0
Time for new slide: 0.2675776623518519
Time for expired slide: 0.012207688685185184
------------------------------------
Number clusters = 0.0
Max  Number points in event queue = 0.0
Avg number points in clusters= 0.0
Avg Rmc size = 0.0
Avg Length exps= 0.0
#window: 55
Total #outliers: 4
Average Time: 0.27765606858181807
Peak memory: 85.83123016357422
Time index, remove data from structure: 0.010247733327272726
Time for querying: 0.0
Time for new slide: 0.2655077868727273
Time for expired slide: 0.01214376861818182
------------------------------------
Number clusters = 0.0
Max  Number points in event queue = 0.0
Avg number points in clusters= 0.0
Avg Rmc size = 0.0
Avg Length exps= 0.0
#window: 56
Total #outliers: 7
Average Time: 0.2762493349642856
Peak memory: 85.83123016357422
Time index, remove data from structure: 0.0102027535
Time for querying: 0.0
Time for new slide: 0.2641442175357143
Time for expired slide: 0.012100618910714286
------------------------------------
Number clusters = 0.0
Max  Number points in event queue = 0.0
Avg number points in clusters= 0.0
Avg Rmc size = 0.0
Avg Length exps= 0.0
#window: 57
Total #outliers: 18
Average Time: 0.2740723947192982
Peak memory: 85.83123016357422
Time index, remove data from structure: 0.010155994280701753
Time for querying: 0.0
Time for new slide: 0.262018618877193
Time for expired slide: 0.012049296614035088
------------------------------------
Number clusters = 0.0
Max  Number points in event queue = 0.0
Avg number points in clusters= 0.0
Avg Rmc size = 0.0
Avg Length exps= 0.0
#window: 58
Total #outliers: 10
Average Time: 0.2717677861896551
Peak memory: 85.83123016357422
Time index, remove data from structure: 0.010110682137931034
Time for querying: 0.0
Time for new slide: 0.25976669920689655
Time for expired slide: 0.011996617706896551
------------------------------------
Number clusters = 0.0
Max  Number points in event queue = 0.0
Avg number points in clusters= 0.0
Avg Rmc size = 0.0
Avg Length exps= 0.0
#window: 59
Total #outliers: 34
Average Time: 0.26913023791525414
Peak memory: 85.83123016357422
Time index, remove data from structure: 0.010064285355932203
Time for querying: 0.0
Time for new slide: 0.25718263457627116
Time for expired slide: 0.011943156271186441
------------------------------------
Number clusters = 0.0
Max  Number points in event queue = 0.0
Avg number points in clusters= 0.0
Avg Rmc size = 0.0
Avg Length exps= 0.0
#window: 60
Total #outliers: 21
Average Time: 0.26612070908333324
Peak memory: 85.83123016357422
Time index, remove data from structure: 0.010004940016666667
Time for querying: 0.0
Time for new slide: 0.25423791836666665
Time for expired slide: 0.011878354833333334
------------------------------------
Number clusters = 0.0
Max  Number points in event queue = 0.0
Avg number points in clusters= 0.0
Avg Rmc size = 0.0
Avg Length exps= 0.0
#window: 61
Total #outliers: 21
Average Time: 0.26375172004918024
Peak memory: 85.83123016357422
Time index, remove data from structure: 0.009936230114754098
Time for querying: 0.0
Time for new slide: 0.25194490036065575
Time for expired slide: 0.011802395524590165
------------------------------------
Number clusters = 0.0
Max  Number points in event queue = 0.0
Avg number points in clusters= 0.0
Avg Rmc size = 0.0
Avg Length exps= 0.0
#window: 62
Total #outliers: 21
Average Time: 0.26153599127419347
Peak memory: 85.83123016357422
Time index, remove data from structure: 0.009874507370967742
Time for querying: 0.0
Time for new slide: 0.249796661
Time for expired slide: 0.011734922725806451
------------------------------------
Number clusters = 0.0
Max  Number points in event queue = 0.0
Avg number points in clusters= 0.0
Avg Rmc size = 0.0
Avg Length exps= 0.0
#window: 63
Total #outliers: 21
Average Time: 0.2592612016031745
Peak memory: 85.83123016357422
Time index, remove data from structure: 0.009808363587301588
Time for querying: 0.0
Time for new slide: 0.24759348122222222
Time for expired slide: 0.011663327650793651
------------------------------------
Number clusters = 0.0
Max  Number points in event queue = 0.0
Avg number points in clusters= 0.0
Avg Rmc size = 0.0
Avg Length exps= 0.0
#window: 64
Total #outliers: 21
Average Time: 0.2571801296249999
Peak memory: 85.83123016357422
Time index, remove data from structure: 0.009736063578125
Time for querying: 0.0
Time for new slide: 0.245589365765625
Time for expired slide: 0.011586381859375
------------------------------------
Number clusters = 0.0
Max  Number points in event queue = 0.0
Avg number points in clusters= 0.0
Avg Rmc size = 0.0
Avg Length exps= 0.0
#window: 65
Total #outliers: 22
Average Time: 0.2551916209384615
Peak memory: 85.83123016357422
Time index, remove data from structure: 0.009661157738461539
Time for querying: 0.0
Time for new slide: 0.24368130996923076
Time for expired slide: 0.011505929446153846
------------------------------------
Number clusters = 0.0
Max  Number points in event queue = 0.0
Avg number points in clusters= 0.0
Avg Rmc size = 0.0
Avg Length exps= 0.0
#window: 66
Total #outliers: 20
Average Time: 0.2534403956666666
Peak memory: 86.46754455566406
Time index, remove data from structure: 0.00959998518181818
Time for querying: 0.0
Time for new slide: 0.24177505824242426
Time for expired slide: 0.01166095656060606
------------------------------------
Number clusters = 0.0
Max  Number points in event queue = 0.0
Avg number points in clusters= 0.0
Avg Rmc size = 0.0
Avg Length exps= 0.0
#window: 67
Total #outliers: 20
Average Time: 0.25151216459701486
Peak memory: 88.21559143066406
Time index, remove data from structure: 0.009546829343283582
Time for querying: 0.0
Time for new slide: 0.23990947231343285
Time for expired slide: 0.011598339701492539
------------------------------------
Number clusters = 0.0
Max  Number points in event queue = 0.0
Avg number points in clusters= 0.0
Avg Rmc size = 0.0
Avg Length exps= 0.0
#window: 68
Total #outliers: 20
Average Time: 0.24978226882352933
Peak memory: 88.21559143066406
Time index, remove data from structure: 0.009495183397058824
Time for querying: 0.0
Time for new slide: 0.2382365562352941
Time for expired slide: 0.011541365779411766
------------------------------------
Number clusters = 0.0
Max  Number points in event queue = 0.0
Avg number points in clusters= 0.0
Avg Rmc size = 0.0
Avg Length exps= 0.0
#window: 69
Total #outliers: 20
Average Time: 0.24806271862318832
Peak memory: 88.21559143066406
Time index, remove data from structure: 0.009441917898550724
Time for querying: 0.0
Time for new slide: 0.23657919889855072
Time for expired slide: 0.011479177188405798
------------------------------------
Number clusters = 0.0
Max  Number points in event queue = 0.0
Avg number points in clusters= 0.0
Avg Rmc size = 0.0
Avg Length exps= 0.0
#window: 70
Total #outliers: 21
Average Time: 0.24630843484285703
Peak memory: 88.64940643310547
Time index, remove data from structure: 0.009382394214285715
Time for querying: 0.0
Time for new slide: 0.23489317125714285
Time for expired slide: 0.011410932942857142
------------------------------------
Number clusters = 0.0
Max  Number points in event queue = 0.0
Avg number points in clusters= 0.0
Avg Rmc size = 0.0
Avg Length exps= 0.0
#window: 71
Total #outliers: 21
Average Time: 0.2445957459718309
Peak memory: 91.22367858886719
Time index, remove data from structure: 0.009304713394366197
Time for querying: 0.0
Time for new slide: 0.2332666916056338
Time for expired slide: 0.011324738929577464
------------------------------------
Number clusters = 0.0
Max  Number points in event queue = 0.0
Avg number points in clusters= 0.0
Avg Rmc size = 0.0
Avg Length exps= 0.0
#window: 72
Total #outliers: 21
Average Time: 0.24282152913888877
Peak memory: 91.22367858886719
Time index, remove data from structure: 0.009233207472222222
Time for querying: 0.0
Time for new slide: 0.2315727385
Time for expired slide: 0.011244489986111111
------------------------------------
Number clusters = 0.0
Max  Number points in event queue = 0.0
Avg number points in clusters= 0.0
Avg Rmc size = 0.0
Avg Length exps= 0.0
#window: 73
Total #outliers: 21
Average Time: 0.24129137057534233
Peak memory: 91.22367858886719
Time index, remove data from structure: 0.009166884424657535
Time for querying: 0.0
Time for new slide: 0.23011652
Time for expired slide: 0.01117055593150685
------------------------------------
Number clusters = 0.0
Max  Number points in event queue = 0.0
Avg number points in clusters= 0.0
Avg Rmc size = 0.0
Avg Length exps= 0.0
#window: 74
Total #outliers: 22
Average Time: 0.2397456048108107
Peak memory: 91.22367858886719
Time index, remove data from structure: 0.009102810378378378
Time for querying: 0.0
Time for new slide: 0.22864248171621623
Time for expired slide: 0.011098833675675676
------------------------------------
Number clusters = 0.0
Max  Number points in event queue = 0.0
Avg number points in clusters= 0.0
Avg Rmc size = 0.0
Avg Length exps= 0.0
#window: 75
Total #outliers: 22
Average Time: 0.2382751675999999
Peak memory: 91.22367858886719
Time index, remove data from structure: 0.009050543706666666
Time for querying: 0.0
Time for new slide: 0.22723057169333336
Time for expired slide: 0.011040315653333334
------------------------------------
Number clusters = 0.0
Max  Number points in event queue = 0.0
Avg number points in clusters= 0.0
Avg Rmc size = 0.0
Avg Length exps= 0.0
#window: 76
Total #outliers: 20
Average Time: 0.2368352195131578
Peak memory: 91.22367858886719
Time index, remove data from structure: 0.00900971507894737
Time for querying: 0.0
Time for new slide: 0.22581543084210526
Time for expired slide: 0.01101552277631579
------------------------------------
Number clusters = 0.0
Max  Number points in event queue = 0.0
Avg number points in clusters= 0.0
Avg Rmc size = 0.0
Avg Length exps= 0.0
#window: 77
Total #outliers: 23
Average Time: 0.23538849667532458
Peak memory: 91.22367858886719
Time index, remove data from structure: 0.008952257701298701
Time for querying: 0.0
Time for new slide: 0.224433048987013
Time for expired slide: 0.010951192753246753
------------------------------------
Number clusters = 0.0
Max  Number points in event queue = 0.0
Avg number points in clusters= 0.0
Avg Rmc size = 0.0
Avg Length exps= 0.0
#window: 78
Total #outliers: 25
Average Time: 0.23402384848717941
Peak memory: 91.22367858886719
Time index, remove data from structure: 0.008890776653846154
Time for querying: 0.0
Time for new slide: 0.22313613341025643
Time for expired slide: 0.010883476743589745
------------------------------------
Number clusters = 0.0
Max  Number points in event queue = 0.0
Avg number points in clusters= 0.0
Avg Rmc size = 0.0
Avg Length exps= 0.0
#window: 79
Total #outliers: 22
Average Time: 0.23276688591139233
Peak memory: 91.22367858886719
Time index, remove data from structure: 0.008823785544303797
Time for querying: 0.0
Time for new slide: 0.2219510962658228
Time for expired slide: 0.010811563506329114
------------------------------------
Number clusters = 0.0
Max  Number points in event queue = 0.0
Avg number points in clusters= 0.0
Avg Rmc size = 0.0
Avg Length exps= 0.0
#window: 80
Total #outliers: 22
Average Time: 0.2315781951124999
Peak memory: 91.22367858886719
Time index, remove data from structure: 0.0087502455
Time for querying: 0.0
Time for new slide: 0.22083765691249999
Time for expired slide: 0.010736324475
------------------------------------
Number clusters = 0.0
Max  Number points in event queue = 0.0
Avg number points in clusters= 0.0
Avg Rmc size = 0.0
Avg Length exps= 0.0
#window: 81
Total #outliers: 45
Average Time: 0.230502805765432
Peak memory: 91.22367858886719
Time index, remove data from structure: 0.008688617456790122
Time for querying: 0.0
Time for new slide: 0.21982970844444444
Time for expired slide: 0.010668891
------------------------------------
Number clusters = 0.0
Max  Number points in event queue = 0.0
Avg number points in clusters= 0.0
Avg Rmc size = 0.0
Avg Length exps= 0.0
#window: 82
Total #outliers: 65
Average Time: 0.2295628827804877
Peak memory: 91.22367858886719
Time index, remove data from structure: 0.008630614731707316
Time for querying: 0.0
Time for new slide: 0.2189491517195122
Time for expired slide: 0.010609537902439023
------------------------------------
Number clusters = 0.0
Max  Number points in event queue = 0.0
Avg number points in clusters= 0.0
Avg Rmc size = 0.0
Avg Length exps= 0.0
#window: 83
Total #outliers: 84
Average Time: 0.22873810166265052
Peak memory: 91.22367858886719
Time index, remove data from structure: 0.008572798626506024
Time for querying: 0.0
Time for new slide: 0.21818284056626505
Time for expired slide: 0.010551074855421687
------------------------------------
Number clusters = 0.0
Max  Number points in event queue = 0.0
Avg number points in clusters= 0.0
Avg Rmc size = 0.0
Avg Length exps= 0.0
#window: 84
Total #outliers: 53
Average Time: 0.2280368702857142
Peak memory: 91.22367858886719
Time index, remove data from structure: 0.008519378547619047
Time for querying: 0.0
Time for new slide: 0.21753365935714286
Time for expired slide: 0.010499046285714285
------------------------------------
Number clusters = 0.0
Max  Number points in event queue = 0.0
Avg number points in clusters= 0.0
Avg Rmc size = 0.0
Avg Length exps= 0.0
#window: 85
Total #outliers: 45
Average Time: 0.22743007388235287
Peak memory: 91.22367858886719
Time index, remove data from structure: 0.008471861364705882
Time for querying: 0.0
Time for new slide: 0.2169786771529412
Time for expired slide: 0.010447234964705883
------------------------------------
Number clusters = 0.0
Max  Number points in event queue = 0.0
Avg number points in clusters= 0.0
Avg Rmc size = 0.0
Avg Length exps= 0.0
#window: 86
Total #outliers: 43
Average Time: 0.2268704767674418
Peak memory: 91.22367858886719
Time index, remove data from structure: 0.008431186081395349
Time for querying: 0.0
Time for new slide: 0.2164660100232558
Time for expired slide: 0.010400314476744187
------------------------------------
Number clusters = 0.0
Max  Number points in event queue = 0.0
Avg number points in clusters= 0.0
Avg Rmc size = 0.0
Avg Length exps= 0.0
#window: 87
Total #outliers: 39
Average Time: 0.22644779551724134
Peak memory: 91.22367858886719
Time index, remove data from structure: 0.008395968310344828
Time for querying: 0.0
Time for new slide: 0.21608453426436783
Time for expired slide: 0.010359113011494253
------------------------------------
Number clusters = 0.0
Max  Number points in event queue = 0.0
Avg number points in clusters= 0.0
Avg Rmc size = 0.0
Avg Length exps= 0.0
#window: 88
Total #outliers: 42
Average Time: 0.2260415961931818
Peak memory: 91.22367858886719
Time index, remove data from structure: 0.008362713102272728
Time for querying: 0.0
Time for new slide: 0.21570980184090907
Time for expired slide: 0.010327653113636363
------------------------------------
Number clusters = 0.0
Max  Number points in event queue = 0.0
Avg number points in clusters= 0.0
Avg Rmc size = 0.0
Avg Length exps= 0.0
#window: 89
Total #outliers: 56
Average Time: 0.22569347449438198
Peak memory: 91.22367858886719
Time index, remove data from structure: 0.008329677325842697
Time for querying: 0.0
Time for new slide: 0.2154003571235955
Time for expired slide: 0.010288983056179776
------------------------------------
Number clusters = 0.0
Max  Number points in event queue = 0.0
Avg number points in clusters= 0.0
Avg Rmc size = 0.0
Avg Length exps= 0.0
#window: 90
Total #outliers: 87
Average Time: 0.2254172401333333
Peak memory: 91.22367858886719
Time index, remove data from structure: 0.008294117422222223
Time for querying: 0.0
Time for new slide: 0.21516415456666668
Time for expired slide: 0.01024896131111111
------------------------------------
Number clusters = 0.0
Max  Number points in event queue = 0.0
Avg number points in clusters= 0.0
Avg Rmc size = 0.0
Avg Length exps= 0.0
#window: 91
Total #outliers: 66
Average Time: 0.2238489177252747
Peak memory: 91.22367858886719
Time index, remove data from structure: 0.008261399472527473
Time for querying: 0.0
Time for new slide: 0.21362535608791208
Time for expired slide: 0.010219440802197801
------------------------------------
Number clusters = 0.0
Max  Number points in event queue = 0.0
Avg number points in clusters= 0.0
Avg Rmc size = 0.0
Avg Length exps= 0.0
#window: 92
Total #outliers: 66
Average Time: 0.2230117085217391
Peak memory: 91.22367858886719
Time index, remove data from structure: 0.008231955934782608
Time for querying: 0.0
Time for new slide: 0.2128213136847826
Time for expired slide: 0.010186277673913044
------------------------------------
Number clusters = 0.0
Max  Number points in event queue = 0.0
Avg number points in clusters= 0.0
Avg Rmc size = 0.0
Avg Length exps= 0.0
#window: 93
Total #outliers: 65
Average Time: 0.2228726712580645
Peak memory: 91.22367858886719
Time index, remove data from structure: 0.008205803344086021
Time for querying: 0.0
Time for new slide: 0.21271276617204302
Time for expired slide: 0.01015579576344086
------------------------------------
Number clusters = 0.0
Max  Number points in event queue = 0.0
Avg number points in clusters= 0.0
Avg Rmc size = 0.0
Avg Length exps= 0.0
#window: 94
Total #outliers: 58
Average Time: 0.22274544331914894
Peak memory: 91.22367858886719
Time index, remove data from structure: 0.008181660585106382
Time for querying: 0.0
Time for new slide: 0.21260466930851066
Time for expired slide: 0.010136665670212765
------------------------------------
Number clusters = 0.0
Max  Number points in event queue = 0.0
Avg number points in clusters= 0.0
Avg Rmc size = 0.0
Avg Length exps= 0.0
#window: 95
Total #outliers: 64
Average Time: 0.22266651634736842
Peak memory: 91.41275024414062
Time index, remove data from structure: 0.0081521228
Time for querying: 0.0
Time for new slide: 0.21255983525263156
Time for expired slide: 0.01010257992631579
------------------------------------
Number clusters = 0.0
Max  Number points in event queue = 0.0
Avg number points in clusters= 0.0
Avg Rmc size = 0.0
Avg Length exps= 0.0
#window: 96
Total #outliers: 83
Average Time: 0.222676972625
Peak memory: 95.81009674072266
Time index, remove data from structure: 0.008126958239583334
Time for querying: 0.0
Time for new slide: 0.21257740059375
Time for expired slide: 0.010095470979166667
------------------------------------
Number clusters = 0.0
Max  Number points in event queue = 0.0
Avg number points in clusters= 0.0
Avg Rmc size = 0.0
Avg Length exps= 0.0
#window: 97
Total #outliers: 97
Average Time: 0.22269962732989693
Peak memory: 97.11821746826172
Time index, remove data from structure: 0.008110517793814434
Time for querying: 0.0
Time for new slide: 0.21261899752577318
Time for expired slide: 0.010076534969072164
------------------------------------
Number clusters = 0.0
Max  Number points in event queue = 0.0
Avg number points in clusters= 0.0
Avg Rmc size = 0.0
Avg Length exps= 0.0
#window: 98
Total #outliers: 107
Average Time: 0.2226942646632653
Peak memory: 98.85233306884766
Time index, remove data from structure: 0.008100533959183673
Time for querying: 0.0
Time for new slide: 0.2126255800102041
Time for expired slide: 0.010064588255102041
------------------------------------
Number clusters = 0.0
Max  Number points in event queue = 0.0
Avg number points in clusters= 0.0
Avg Rmc size = 0.0
Avg Length exps= 0.0
#window: 99
Total #outliers: 110
Average Time: 0.22278752562626264
Peak memory: 99.29926300048828
Time index, remove data from structure: 0.00808432112121212
Time for querying: 0.0
Time for new slide: 0.21273744807070707
Time for expired slide: 0.010045988131313131
------------------------------------
Number clusters = 0.0
Max  Number points in event queue = 0.0
Avg number points in clusters= 0.0
Avg Rmc size = 0.0
Avg Length exps= 0.0
#window: 100
Total #outliers: 111
Average Time: 0.22285614035999998
Peak memory: 101.2696304321289
Time index, remove data from structure: 0.00807217162
Time for querying: 0.0
Time for new slide: 0.21281852662999998
Time for expired slide: 0.01003352103
------------------------------------
Number clusters = 0.0
Max  Number points in event queue = 0.0
Avg number points in clusters= 0.0
Avg Rmc size = 0.0
Avg Length exps= 0.0
#window: 101
Total #outliers: 109
Average Time: 0.22296830995049505
Peak memory: 102.62287139892578
Time index, remove data from structure: 0.00806759788118812
Time for querying: 0.0
Time for new slide: 0.21293768303960398
Time for expired slide: 0.010026540831683167
------------------------------------
Number clusters = 0.0
Max  Number points in event queue = 0.0
Avg number points in clusters= 0.0
Avg Rmc size = 0.0
Avg Length exps= 0.0
#window: 102
Total #outliers: 75
Average Time: 0.2231201177352941
Peak memory: 104.09445190429688
Time index, remove data from structure: 0.008066240549019608
Time for querying: 0.0
Time for new slide: 0.2130932574607843
Time for expired slide: 0.010022778852941177
------------------------------------
Number clusters = 0.0
Max  Number points in event queue = 0.0
Avg number points in clusters= 0.0
Avg Rmc size = 0.0
Avg Length exps= 0.0
#window: 103
Total #outliers: 78
Average Time: 0.2228659910485437
Peak memory: 104.09445190429688
Time index, remove data from structure: 0.008059122834951455
Time for querying: 0.0
Time for new slide: 0.2128467606699029
Time for expired slide: 0.010015148932038835
------------------------------------
Number clusters = 0.0
Max  Number points in event queue = 0.0
Avg number points in clusters= 0.0
Avg Rmc size = 0.0
Avg Length exps= 0.0
#window: 104
Total #outliers: 78
Average Time: 0.22253765472115386
Peak memory: 104.09445190429688
Time index, remove data from structure: 0.008056196663461539
Time for querying: 0.0
Time for new slide: 0.21252256007692308
Time for expired slide: 0.010011009961538463
------------------------------------
Number clusters = 0.0
Max  Number points in event queue = 0.0
Avg number points in clusters= 0.0
Avg Rmc size = 0.0
Avg Length exps= 0.0
#window: 105
Total #outliers: 78
Average Time: 0.22224905012380952
Peak memory: 104.09445190429688
Time index, remove data from structure: 0.008050008647619048
Time for querying: 0.0
Time for new slide: 0.21224340705714287
Time for expired slide: 0.010001555561904763
------------------------------------
Number clusters = 0.0
Max  Number points in event queue = 0.0
Avg number points in clusters= 0.0
Avg Rmc size = 0.0
Avg Length exps= 0.0
#window: 106
Total #outliers: 74
Average Time: 0.2219390943490566
Peak memory: 104.09445190429688
Time index, remove data from structure: 0.008042530566037737
Time for querying: 0.0
Time for new slide: 0.21194471131132075
Time for expired slide: 0.00999029446226415
------------------------------------
Number clusters = 0.0
Max  Number points in event queue = 0.0
Avg number points in clusters= 0.0
Avg Rmc size = 0.0
Avg Length exps= 0.0
#window: 107
Total #outliers: 71
Average Time: 0.2216247877850467
Peak memory: 104.09445190429688
Time index, remove data from structure: 0.008034329168224299
Time for querying: 0.0
Time for new slide: 0.2116422458411215
Time for expired slide: 0.009978450299065422
------------------------------------
Number clusters = 0.0
Max  Number points in event queue = 0.0
Avg number points in clusters= 0.0
Avg Rmc size = 0.0
Avg Length exps= 0.0
#window: 108
Total #outliers: 62
Average Time: 0.22133022271296296
Peak memory: 104.09445190429688
Time index, remove data from structure: 0.00801904687962963
Time for querying: 0.0
Time for new slide: 0.21136701474074074
Time for expired slide: 0.009959118935185186
------------------------------------
Number clusters = 0.0
Max  Number points in event queue = 0.0
Avg number points in clusters= 0.0
Avg Rmc size = 0.0
Avg Length exps= 0.0
#window: 109
Total #outliers: 69
Average Time: 0.22097762398165138
Peak memory: 104.09445190429688
Time index, remove data from structure: 0.008005798990825689
Time for querying: 0.0
Time for new slide: 0.21103165219266054
Time for expired slide: 0.009941883899082569
------------------------------------
Number clusters = 0.0
Max  Number points in event queue = 0.0
Avg number points in clusters= 0.0
Avg Rmc size = 0.0
Avg Length exps= 0.0
#window: 110
Total #outliers: 76
Average Time: 0.22053222623636362
Peak memory: 104.09445190429688
Time index, remove data from structure: 0.007998895718181818
Time for querying: 0.0
Time for new slide: 0.21059377766363635
Time for expired slide: 0.009934353000000002
------------------------------------
Number clusters = 0.0
Max  Number points in event queue = 0.0
Avg number points in clusters= 0.0
Avg Rmc size = 0.0
Avg Length exps= 0.0
#window: 111
Total #outliers: 76
Average Time: 0.22005259455855855
Peak memory: 104.09445190429688
Time index, remove data from structure: 0.007958040594594594
Time for querying: 0.0
Time for new slide: 0.21015623236036035
Time for expired slide: 0.009892264504504505
------------------------------------
Number clusters = 0.0
Max  Number points in event queue = 0.0
Avg number points in clusters= 0.0
Avg Rmc size = 0.0
Avg Length exps= 0.0
#window: 112
Total #outliers: 74
Average Time: 0.2196680030892857
Peak memory: 104.09445190429688
Time index, remove data from structure: 0.007928460723214285
Time for querying: 0.0
Time for new slide: 0.20980384705357144
Time for expired slide: 0.009860056866071429
------------------------------------
Number clusters = 0.0
Max  Number points in event queue = 0.0
Avg number points in clusters= 0.0
Avg Rmc size = 0.0
Avg Length exps= 0.0
#window: 113
Total #outliers: 75
Average Time: 0.21919316527433627
Peak memory: 104.09445190429688
Time index, remove data from structure: 0.007918541938053098
Time for querying: 0.0
Time for new slide: 0.20934222000884956
Time for expired slide: 0.009846852203539822
------------------------------------
Number clusters = 0.0
Max  Number points in event queue = 0.0
Avg number points in clusters= 0.0
Avg Rmc size = 0.0
Avg Length exps= 0.0
#window: 114
Total #outliers: 75
Average Time: 0.21879285637719295
Peak memory: 104.09445190429688
Time index, remove data from structure: 0.00790995942982456
Time for querying: 0.0
Time for new slide: 0.20895325745614035
Time for expired slide: 0.009835503929824562
------------------------------------
Number clusters = 0.0
Max  Number points in event queue = 0.0
Avg number points in clusters= 0.0
Avg Rmc size = 0.0
Avg Length exps= 0.0
#window: 115
Total #outliers: 66
Average Time: 0.2185734786173913
Peak memory: 104.09445190429688
Time index, remove data from structure: 0.007904926095652173
Time for querying: 0.0
Time for new slide: 0.20874219337391306
Time for expired slide: 0.009827189095652174
------------------------------------
Number clusters = 0.0
Max  Number points in event queue = 0.0
Avg number points in clusters= 0.0
Avg Rmc size = 0.0
Avg Length exps= 0.0
#window: 116
Total #outliers: 62
Average Time: 0.21836454411206893
Peak memory: 104.09445190429688
Time index, remove data from structure: 0.00789787825
Time for querying: 0.0
Time for new slide: 0.20854413752586207
Time for expired slide: 0.009816313120689656
------------------------------------
Number clusters = 0.0
Max  Number points in event queue = 0.0
Avg number points in clusters= 0.0
Avg Rmc size = 0.0
Avg Length exps= 0.0
#window: 117
Total #outliers: 117
Average Time: 0.21809405858119654
Peak memory: 104.09445190429688
Time index, remove data from structure: 0.007889932675213675
Time for querying: 0.0
Time for new slide: 0.20828551114529914
Time for expired slide: 0.009804460598290599
------------------------------------
Number clusters = 0.0
Max  Number points in event queue = 0.0
Avg number points in clusters= 0.0
Avg Rmc size = 0.0
Avg Length exps= 0.0
#window: 118
Total #outliers: 38
Average Time: 0.21777817198305083
Peak memory: 104.09445190429688
Time index, remove data from structure: 0.007875342669491525
Time for querying: 0.0
Time for new slide: 0.20798649769491526
Time for expired slide: 0.009787587669491525
------------------------------------
Number clusters = 0.0
Max  Number points in event queue = 0.0
Avg number points in clusters= 0.0
Avg Rmc size = 0.0
Avg Length exps= 0.0
#window: 119
Total #outliers: 39
Average Time: 0.21749533400840332
Peak memory: 104.09445190429688
Time index, remove data from structure: 0.007860288016806723
Time for querying: 0.0
Time for new slide: 0.20771526447899158
Time for expired slide: 0.009775983168067227
------------------------------------
Number clusters = 0.0
Max  Number points in event queue = 0.0
Avg number points in clusters= 0.0
Avg Rmc size = 0.0
Avg Length exps= 0.0
#window: 120
Total #outliers: 28
Average Time: 0.21727291080833327
Peak memory: 104.09445190429688
Time index, remove data from structure: 0.007847634575
Time for querying: 0.0
Time for new slide: 0.20750947825
Time for expired slide: 0.009759350816666667
------------------------------------
Number clusters = 0.0
Max  Number points in event queue = 0.0
Avg number points in clusters= 0.0
Avg Rmc size = 0.0
Avg Length exps= 0.0
#window: 121
Total #outliers: 28
Average Time: 0.21694420923140492
Peak memory: 104.09445190429688
Time index, remove data from structure: 0.007843550231404959
Time for querying: 0.0
Time for new slide: 0.20718912931404956
Time for expired slide: 0.009750999099173553
------------------------------------
Number clusters = 0.0
Max  Number points in event queue = 0.0
Avg number points in clusters= 0.0
Avg Rmc size = 0.0
Avg Length exps= 0.0
#window: 122
Total #outliers: 46
Average Time: 0.21675444754098358
Peak memory: 104.09445190429688
Time index, remove data from structure: 0.007838366786885246
Time for querying: 0.0
Time for new slide: 0.2070083097704918
Time for expired slide: 0.00974205325409836
------------------------------------
Number clusters = 0.0
Max  Number points in event queue = 0.0
Avg number points in clusters= 0.0
Avg Rmc size = 0.0
Avg Length exps= 0.0
#window: 123
Total #outliers: 45
Average Time: 0.21650961518699183
Peak memory: 104.09445190429688
Time index, remove data from structure: 0.007830423073170731
Time for querying: 0.0
Time for new slide: 0.20677492004878048
Time for expired slide: 0.009730614967479675
------------------------------------
Number clusters = 0.0
Max  Number points in event queue = 0.0
Avg number points in clusters= 0.0
Avg Rmc size = 0.0
Avg Length exps= 0.0
#window: 124
Total #outliers: 45
Average Time: 0.21638263310483868
Peak memory: 104.09445190429688
Time index, remove data from structure: 0.007819460185483872
Time for querying: 0.0
Time for new slide: 0.20666199472580643
Time for expired slide: 0.009716563048387096
------------------------------------
Number clusters = 0.0
Max  Number points in event queue = 0.0
Avg number points in clusters= 0.0
Avg Rmc size = 0.0
Avg Length exps= 0.0
#window: 125
Total #outliers: 49
Average Time: 0.21627893614399998
Peak memory: 104.09445190429688
Time index, remove data from structure: 0.007808492512
Time for querying: 0.0
Time for new slide: 0.206572474048
Time for expired slide: 0.009702393600000001
------------------------------------
Number clusters = 0.0
Max  Number points in event queue = 0.0
Avg number points in clusters= 0.0
Avg Rmc size = 0.0
Avg Length exps= 0.0
#window: 126
Total #outliers: 46
Average Time: 0.216137966047619
Peak memory: 104.09445190429688
Time index, remove data from structure: 0.007800883007936508
Time for querying: 0.0
Time for new slide: 0.20644187715873014
Time for expired slide: 0.009692024507936508
------------------------------------
Number clusters = 0.0
Max  Number points in event queue = 0.0
Avg number points in clusters= 0.0
Avg Rmc size = 0.0
Avg Length exps= 0.0
#window: 127
Total #outliers: 37
Average Time: 0.21586282899212594
Peak memory: 104.09445190429688
Time index, remove data from structure: 0.0077911471259842525
Time for querying: 0.0
Time for new slide: 0.2061791881023622
Time for expired slide: 0.009679581307086614
------------------------------------
Number clusters = 0.0
Max  Number points in event queue = 0.0
Avg number points in clusters= 0.0
Avg Rmc size = 0.0
Avg Length exps= 0.0
#window: 128
Total #outliers: 30
Average Time: 0.21564437339843745
Peak memory: 104.09445190429688
Time index, remove data from structure: 0.007780428
Time for querying: 0.0
Time for new slide: 0.20597453740625
Time for expired slide: 0.009665776234375
------------------------------------
Number clusters = 0.0
Max  Number points in event queue = 0.0
Avg number points in clusters= 0.0
Avg Rmc size = 0.0
Avg Length exps= 0.0
#window: 129
Total #outliers: 21
Average Time: 0.21550598503875965
Peak memory: 104.09445190429688
Time index, remove data from structure: 0.007773224100775193
Time for querying: 0.0
Time for new slide: 0.2058461973875969
Time for expired slide: 0.009655727844961241
------------------------------------
Number clusters = 0.0
Max  Number points in event queue = 0.0
Avg number points in clusters= 0.0
Avg Rmc size = 0.0
Avg Length exps= 0.0
#window: 130
Total #outliers: 22
Average Time: 0.2154232180230769
Peak memory: 104.09445190429688
Time index, remove data from structure: 0.007770529946153845
Time for querying: 0.0
Time for new slide: 0.20576929846153846
Time for expired slide: 0.009649858892307692
------------------------------------
Number clusters = 0.0
Max  Number points in event queue = 0.0
Avg number points in clusters= 0.0
Avg Rmc size = 0.0
Avg Length exps= 0.0
#window: 131
Total #outliers: 22
Average Time: 0.21525056774045798
Peak memory: 104.09445190429688
Time index, remove data from structure: 0.007768941763358779
Time for querying: 0.0
Time for new slide: 0.20560163532824427
Time for expired slide: 0.00964486923664122
------------------------------------
Number clusters = 0.0
Max  Number points in event queue = 0.0
Avg number points in clusters= 0.0
Avg Rmc size = 0.0
Avg Length exps= 0.0
#window: 132
Total #outliers: 25
Average Time: 0.21497945361363635
Peak memory: 104.09445190429688
Time index, remove data from structure: 0.007762631803030304
Time for querying: 0.0
Time for new slide: 0.20533226440909091
Time for expired slide: 0.009643127598484848
------------------------------------
Number clusters = 0.0
Max  Number points in event queue = 0.0
Avg number points in clusters= 0.0
Avg Rmc size = 0.0
Avg Length exps= 0.0
#window: 133
Total #outliers: 25
Average Time: 0.21450877186466163
Peak memory: 104.09445190429688
Time index, remove data from structure: 0.007748268593984963
Time for querying: 0.0
Time for new slide: 0.20487919090977444
Time for expired slide: 0.00962551547368421
------------------------------------
Number clusters = 0.0
Max  Number points in event queue = 0.0
Avg number points in clusters= 0.0
Avg Rmc size = 0.0
Avg Length exps= 0.0
#window: 134
Total #outliers: 27
Average Time: 0.21411787225373133
Peak memory: 104.09445190429688
Time index, remove data from structure: 0.007737770246268656
Time for querying: 0.0
Time for new slide: 0.20450185135820897
Time for expired slide: 0.009611954298507462
------------------------------------
Number clusters = 0.0
Max  Number points in event queue = 0.0
Avg number points in clusters= 0.0
Avg Rmc size = 0.0
Avg Length exps= 0.0
#window: 135
Total #outliers: 26
Average Time: 0.21375091557037035
Peak memory: 104.09445190429688
Time index, remove data from structure: 0.007723621985185185
Time for querying: 0.0
Time for new slide: 0.20415263552592594
Time for expired slide: 0.00959421817037037
------------------------------------
Number clusters = 0.0
Max  Number points in event queue = 0.0
Avg number points in clusters= 0.0
Avg Rmc size = 0.0
Avg Length exps= 0.0
#window: 136
Total #outliers: 10
Average Time: 0.21335113050735294
Peak memory: 104.09445190429688
Time index, remove data from structure: 0.0077105960147058825
Time for querying: 0.0
Time for new slide: 0.20376904635294116
Time for expired slide: 0.009578023367647058
------------------------------------
Number clusters = 0.0
Max  Number points in event queue = 0.0
Avg number points in clusters= 0.0
Avg Rmc size = 0.0
Avg Length exps= 0.0
#window: 137
Total #outliers: 10
Average Time: 0.21296947933576643
Peak memory: 104.09445190429688
Time index, remove data from structure: 0.007699588883211679
Time for querying: 0.0
Time for new slide: 0.20340172369343065
Time for expired slide: 0.009563697313868613
------------------------------------
Number clusters = 0.0
Max  Number points in event queue = 0.0
Avg number points in clusters= 0.0
Avg Rmc size = 0.0
Avg Length exps= 0.0
#window: 138
Total #outliers: 8
Average Time: 0.2126116598695652
Peak memory: 104.09445190429688
Time index, remove data from structure: 0.007692300601449275
Time for querying: 0.0
Time for new slide: 0.20305464421014494
Time for expired slide: 0.009552959688405797
------------------------------------
Number clusters = 0.0
Max  Number points in event queue = 0.0
Avg number points in clusters= 0.0
Avg Rmc size = 0.0
Avg Length exps= 0.0
#window: 139
Total #outliers: 11
Average Time: 0.2122774239208633
Peak memory: 104.09445190429688
Time index, remove data from structure: 0.0076822046906474825
Time for querying: 0.0
Time for new slide: 0.20273403074100718
Time for expired slide: 0.009539338604316546
------------------------------------
Number clusters = 0.0
Max  Number points in event queue = 0.0
Avg number points in clusters= 0.0
Avg Rmc size = 0.0
Avg Length exps= 0.0
#window: 140
Total #outliers: 20
Average Time: 0.21195590528571429
Peak memory: 104.09445190429688
Time index, remove data from structure: 0.007673377885714286
Time for querying: 0.0
Time for new slide: 0.20242437587142859
Time for expired slide: 0.009527480442857143
------------------------------------
Number clusters = 0.0
Max  Number points in event queue = 0.0
Avg number points in clusters= 0.0
Avg Rmc size = 0.0
Avg Length exps= 0.0
#window: 141
Total #outliers: 28
Average Time: 0.2116273244822695
Peak memory: 104.09445190429688
Time index, remove data from structure: 0.007663355730496453
Time for querying: 0.0
Time for new slide: 0.2021071589219858
Time for expired slide: 0.009516115964539006
------------------------------------
Number clusters = 0.0
Max  Number points in event queue = 0.0
Avg number points in clusters= 0.0
Avg Rmc size = 0.0
Avg Length exps= 0.0
#window: 142
Total #outliers: 28
Average Time: 0.21136784291549296
Peak memory: 104.09445190429688
Time index, remove data from structure: 0.007655124126760564
Time for querying: 0.0
Time for new slide: 0.20185881141549297
Time for expired slide: 0.009504985725352112
------------------------------------
Number clusters = 0.0
Max  Number points in event queue = 0.0
Avg number points in clusters= 0.0
Avg Rmc size = 0.0
Avg Length exps= 0.0
#window: 143
Total #outliers: 25
Average Time: 0.21107394656643358
Peak memory: 104.09445190429688
Time index, remove data from structure: 0.007643790412587412
Time for querying: 0.0
Time for new slide: 0.20157902095104896
Time for expired slide: 0.009490874958041958
------------------------------------
Number clusters = 0.0
Max  Number points in event queue = 0.0
Avg number points in clusters= 0.0
Avg Rmc size = 0.0
Avg Length exps= 0.0
#window: 144
Total #outliers: 25
Average Time: 0.2109437999652778
Peak memory: 104.09445190429688
Time index, remove data from structure: 0.0076348364375000005
Time for querying: 0.0
Time for new slide: 0.20146098679861113
Time for expired slide: 0.00947876932638889
------------------------------------
Number clusters = 0.0
Max  Number points in event queue = 0.0
Avg number points in clusters= 0.0
Avg Rmc size = 0.0
Avg Length exps= 0.0
#window: 145
Total #outliers: 26
Average Time: 0.21074442020689657
Peak memory: 104.09445190429688
Time index, remove data from structure: 0.0076215976689655174
Time for querying: 0.0
Time for new slide: 0.20127782262758623
Time for expired slide: 0.009462552006896552
------------------------------------
Number clusters = 0.0
Max  Number points in event queue = 0.0
Avg number points in clusters= 0.0
Avg Rmc size = 0.0
Avg Length exps= 0.0
#window: 146
Total #outliers: 33
Average Time: 0.21051221963013697
Peak memory: 104.09445190429688
Time index, remove data from structure: 0.007604992143835616
Time for querying: 0.0
Time for new slide: 0.20106542397945204
Time for expired slide: 0.009442747232876712
------------------------------------
Number clusters = 0.0
Max  Number points in event queue = 0.0
Avg number points in clusters= 0.0
Avg Rmc size = 0.0
Avg Length exps= 0.0
#window: 147
Total #outliers: 33
Average Time: 0.21018627163945577
Peak memory: 104.09445190429688
Time index, remove data from structure: 0.007588966707482994
Time for querying: 0.0
Time for new slide: 0.20075819459183675
Time for expired slide: 0.00942403131292517
------------------------------------
Number clusters = 0.0
Max  Number points in event queue = 0.0
Avg number points in clusters= 0.0
Avg Rmc size = 0.0
Avg Length exps= 0.0
#window: 148
Total #outliers: 38
Average Time: 0.20991859049324324
Peak memory: 104.09445190429688
Time index, remove data from structure: 0.007574272344594595
Time for querying: 0.0
Time for new slide: 0.2005079415608108
Time for expired slide: 0.009406601493243244
------------------------------------
Number clusters = 0.0
Max  Number points in event queue = 0.0
Avg number points in clusters= 0.0
Avg Rmc size = 0.0
Avg Length exps= 0.0
#window: 149
Total #outliers: 52
Average Time: 0.20965884142953017
Peak memory: 104.09445190429688
Time index, remove data from structure: 0.007563762617449664
Time for querying: 0.0
Time for new slide: 0.2002594572885906
Time for expired slide: 0.009395334174496645
------------------------------------
Number clusters = 0.0
Max  Number points in event queue = 0.0
Avg number points in clusters= 0.0
Avg Rmc size = 0.0
Avg Length exps= 0.0
#window: 150
Total #outliers: 53
Average Time: 0.20937363236666665
Peak memory: 104.09445190429688
Time index, remove data from structure: 0.007551386639999999
Time for querying: 0.0
Time for new slide: 0.19998838430666666
Time for expired slide: 0.00938120142
------------------------------------
Number clusters = 0.0
Max  Number points in event queue = 0.0
Avg number points in clusters= 0.0
Avg Rmc size = 0.0
Avg Length exps= 0.0
#window: 151
Total #outliers: 55
Average Time: 0.2091548366092715
Peak memory: 104.09445190429688
Time index, remove data from structure: 0.007538189019867549
Time for querying: 0.0
Time for new slide: 0.19978497290066224
Time for expired slide: 0.009365817754966888
------------------------------------
Number clusters = 0.0
Max  Number points in event queue = 0.0
Avg number points in clusters= 0.0
Avg Rmc size = 0.0
Avg Length exps= 0.0
#window: 152
Total #outliers: 57
Average Time: 0.2089543846644737
Peak memory: 104.09445190429688
Time index, remove data from structure: 0.007524170328947369
Time for querying: 0.0
Time for new slide: 0.19960070857236842
Time for expired slide: 0.00934962575
------------------------------------
Number clusters = 0.0
Max  Number points in event queue = 0.0
Avg number points in clusters= 0.0
Avg Rmc size = 0.0
Avg Length exps= 0.0
#window: 153
Total #outliers: 54
Average Time: 0.20874838292810458
Peak memory: 104.09445190429688
Time index, remove data from structure: 0.007513407764705882
Time for querying: 0.0
Time for new slide: 0.19940709106535948
Time for expired slide: 0.009337243379084969
------------------------------------
Number clusters = 0.0
Max  Number points in event queue = 0.0
Avg number points in clusters= 0.0
Avg Rmc size = 0.0
Avg Length exps= 0.0
#window: 154
Total #outliers: 53
Average Time: 0.2085939479025974
Peak memory: 104.09445190429688
Time index, remove data from structure: 0.0075073217662337665
Time for querying: 0.0
Time for new slide: 0.19926051654545454
Time for expired slide: 0.009329381376623378
------------------------------------
Number clusters = 0.0
Max  Number points in event queue = 0.0
Avg number points in clusters= 0.0
Avg Rmc size = 0.0
Avg Length exps= 0.0
#window: 155
Total #outliers: 55
Average Time: 0.20857571441935482
Peak memory: 104.09445190429688
Time index, remove data from structure: 0.007503362193548386
Time for querying: 0.0
Time for new slide: 0.19924778601935483
Time for expired slide: 0.009323876567741935
------------------------------------
Number clusters = 0.0
Max  Number points in event queue = 0.0
Avg number points in clusters= 0.0
Avg Rmc size = 0.0
Avg Length exps= 0.0
#window: 156
Total #outliers: 44
Average Time: 0.20851118010897432
Peak memory: 104.09445190429688
Time index, remove data from structure: 0.007497669634615385
Time for querying: 0.0
Time for new slide: 0.1991906289294872
Time for expired slide: 0.00931649883974359
------------------------------------
Number clusters = 0.0
Max  Number points in event queue = 0.0
Avg number points in clusters= 0.0
Avg Rmc size = 0.0
Avg Length exps= 0.0
#window: 157
Total #outliers: 21
Average Time: 0.20846615258598722
Peak memory: 104.09445190429688
Time index, remove data from structure: 0.007490119197452229
Time for querying: 0.0
Time for new slide: 0.19915501374522293
Time for expired slide: 0.00930708625477707
------------------------------------
Number clusters = 0.0
Max  Number points in event queue = 0.0
Avg number points in clusters= 0.0
Avg Rmc size = 0.0
Avg Length exps= 0.0
#window: 158
Total #outliers: 20
Average Time: 0.2083270917025316
Peak memory: 104.09445190429688
Time index, remove data from structure: 0.007486087037974684
Time for querying: 0.0
Time for new slide: 0.19902192991772152
Time for expired slide: 0.009301110455696203
------------------------------------
Number clusters = 0.0
Max  Number points in event queue = 0.0
Avg number points in clusters= 0.0
Avg Rmc size = 0.0
Avg Length exps= 0.0
#window: 159
Total #outliers: 18
Average Time: 0.20805994352201254
Peak memory: 104.09445190429688
Time index, remove data from structure: 0.00748271348427673
Time for querying: 0.0
Time for new slide: 0.19875943419496855
Time for expired slide: 0.009296458679245284
------------------------------------
Number clusters = 0.0
Max  Number points in event queue = 0.0
Avg number points in clusters= 0.0
Avg Rmc size = 0.0
Avg Length exps= 0.0
#window: 160
Total #outliers: 21
Average Time: 0.20778888022499994
Peak memory: 104.09445190429688
Time index, remove data from structure: 0.007476858825
Time for querying: 0.0
Time for new slide: 0.19849602058125
Time for expired slide: 0.00928870708125
------------------------------------
Number clusters = 0.0
Max  Number points in event queue = 0.0
Avg number points in clusters= 0.0
Avg Rmc size = 0.0
Avg Length exps= 0.0
#window: 161
Total #outliers: 20
Average Time: 0.20749529300621114
Peak memory: 104.09445190429688
Time index, remove data from structure: 0.007468165881987577
Time for querying: 0.0
Time for new slide: 0.19821289036024844
Time for expired slide: 0.009278254447204969
------------------------------------
Number clusters = 0.0
Max  Number points in event queue = 0.0
Avg number points in clusters= 0.0
Avg Rmc size = 0.0
Avg Length exps= 0.0
#window: 162
Total #outliers: 28
Average Time: 0.20701025654320984
Peak memory: 104.09445190429688
Time index, remove data from structure: 0.007460323925925927
Time for querying: 0.0
Time for new slide: 0.19773054070370372
Time for expired slide: 0.009275569018518517
------------------------------------
Number clusters = 0.0
Max  Number points in event queue = 0.0
Avg number points in clusters= 0.0
Avg Rmc size = 0.0
Avg Length exps= 0.0
#window: 163
Total #outliers: 23
Average Time: 0.20641698376073617
Peak memory: 104.09445190429688
Time index, remove data from structure: 0.007451180361963189
Time for querying: 0.0
Time for new slide: 0.19714468196319018
Time for expired slide: 0.009268154570552148
------------------------------------
Number clusters = 0.0
Max  Number points in event queue = 0.0
Avg number points in clusters= 0.0
Avg Rmc size = 0.0
Avg Length exps= 0.0
#window: 164
Total #outliers: 16
Average Time: 0.20586806848170727
Peak memory: 104.09445190429688
Time index, remove data from structure: 0.007443825067073171
Time for querying: 0.0
Time for new slide: 0.19660524127439027
Time for expired slide: 0.009258680719512195
------------------------------------
Number clusters = 0.0
Max  Number points in event queue = 0.0
Avg number points in clusters= 0.0
Avg Rmc size = 0.0
Avg Length exps= 0.0
#window: 165
Total #outliers: 16
Average Time: 0.20540065923030298
Peak memory: 104.09445190429688
Time index, remove data from structure: 0.00743221369090909
Time for querying: 0.0
Time for new slide: 0.1961486081878788
Time for expired slide: 0.009247902757575758
------------------------------------
Number clusters = 0.0
Max  Number points in event queue = 0.0
Avg number points in clusters= 0.0
Avg Rmc size = 0.0
Avg Length exps= 0.0
#window: 166
Total #outliers: 22
Average Time: 0.20489781549397587
Peak memory: 104.09445190429688
Time index, remove data from structure: 0.007421661692771085
Time for querying: 0.0
Time for new slide: 0.19565892242771085
Time for expired slide: 0.009234751373493976
------------------------------------
Number clusters = 0.0
Max  Number points in event queue = 0.0
Avg number points in clusters= 0.0
Avg Rmc size = 0.0
Avg Length exps= 0.0
#window: 167
Total #outliers: 16
Average Time: 0.2044465351377245
Peak memory: 104.09445190429688
Time index, remove data from structure: 0.007411215790419161
Time for querying: 0.0
Time for new slide: 0.19522035528742515
Time for expired slide: 0.009222037137724551
------------------------------------
Number clusters = 0.0
Max  Number points in event queue = 0.0
Avg number points in clusters= 0.0
Avg Rmc size = 0.0
Avg Length exps= 0.0
#window: 168
Total #outliers: 13
Average Time: 0.20400263799999993
Peak memory: 104.09445190429688
Time index, remove data from structure: 0.007401768982142857
Time for querying: 0.0
Time for new slide: 0.19478833057738096
Time for expired slide: 0.009210165958333334
------------------------------------
Number clusters = 0.0
Max  Number points in event queue = 0.0
Avg number points in clusters= 0.0
Avg Rmc size = 0.0
Avg Length exps= 0.0
#window: 169
Total #outliers: 12
Average Time: 0.20357565958579873
Peak memory: 104.09445190429688
Time index, remove data from structure: 0.007393842461538462
Time for querying: 0.0
Time for new slide: 0.19436862902366864
Time for expired slide: 0.009202895053254438
------------------------------------
Number clusters = 0.0
Max  Number points in event queue = 0.0
Avg number points in clusters= 0.0
Avg Rmc size = 0.0
Avg Length exps= 0.0
#window: 170
Total #outliers: 16
Average Time: 0.20314035451176463
Peak memory: 104.09445190429688
Time index, remove data from structure: 0.007383745294117647
Time for querying: 0.0
Time for new slide: 0.1939459100882353
Time for expired slide: 0.00919031142352941
------------------------------------
Number clusters = 0.0
Max  Number points in event queue = 0.0
Avg number points in clusters= 0.0
Avg Rmc size = 0.0
Avg Length exps= 0.0
#window: 171
Total #outliers: 31
Average Time: 0.20270609938011686
Peak memory: 104.09445190429688
Time index, remove data from structure: 0.007373176918128655
Time for querying: 0.0
Time for new slide: 0.19352475188304094
Time for expired slide: 0.009177213713450292
------------------------------------
Number clusters = 0.0
Max  Number points in event queue = 0.0
Avg number points in clusters= 0.0
Avg Rmc size = 0.0
Avg Length exps= 0.0
#window: 172
Total #outliers: 27
Average Time: 0.2022279371744185
Peak memory: 104.09445190429688
Time index, remove data from structure: 0.007360246488372093
Time for querying: 0.0
Time for new slide: 0.19306201677906978
Time for expired slide: 0.00916178808139535
------------------------------------
Number clusters = 0.0
Max  Number points in event queue = 0.0
Avg number points in clusters= 0.0
Avg Rmc size = 0.0
Avg Length exps= 0.0
#window: 173
Total #outliers: 36
Average Time: 0.2017746874450866
Peak memory: 104.09445190429688
Time index, remove data from structure: 0.007347330676300578
Time for querying: 0.0
Time for new slide: 0.192624063433526
Time for expired slide: 0.009146491485549134
------------------------------------
Number clusters = 0.0
Max  Number points in event queue = 0.0
Avg number points in clusters= 0.0
Avg Rmc size = 0.0
Avg Length exps= 0.0
#window: 174
Total #outliers: 47
Average Time: 0.2013961367988505
Peak memory: 104.09445190429688
Time index, remove data from structure: 0.0073332723275862065
Time for querying: 0.0
Time for new slide: 0.19225651436206898
Time for expired slide: 0.009135490540229885
------------------------------------
Number clusters = 0.0
Max  Number points in event queue = 0.0
Avg number points in clusters= 0.0
Avg Rmc size = 0.0
Avg Length exps= 0.0
#window: 175
Total #outliers: 67
Average Time: 0.20103770501714277
Peak memory: 104.09445190429688
Time index, remove data from structure: 0.007317389594285714
Time for querying: 0.0
Time for new slide: 0.19191525685142855
Time for expired slide: 0.009118319114285714
------------------------------------
Number clusters = 0.0
Max  Number points in event queue = 0.0
Avg number points in clusters= 0.0
Avg Rmc size = 0.0
Avg Length exps= 0.0
#window: 176
Total #outliers: 64
Average Time: 0.2007022066874999
Peak memory: 104.09445190429688
Time index, remove data from structure: 0.007301402051136364
Time for querying: 0.0
Time for new slide: 0.19159708285227273
Time for expired slide: 0.009100996147727273
------------------------------------
Number clusters = 0.0
Max  Number points in event queue = 0.0
Avg number points in clusters= 0.0
Avg Rmc size = 0.0
Avg Length exps= 0.0
#window: 177
Total #outliers: 65
Average Time: 0.20036204412994343
Peak memory: 104.09445190429688
Time index, remove data from structure: 0.007284485248587571
Time for querying: 0.0
Time for new slide: 0.1912755793220339
Time for expired slide: 0.009082342638418079
------------------------------------
Number clusters = 0.0
Max  Number points in event queue = 0.0
Avg number points in clusters= 0.0
Avg Rmc size = 0.0
Avg Length exps= 0.0
#window: 178
Total #outliers: 71
Average Time: 0.20001084970224714
Peak memory: 104.09445190429688
Time index, remove data from structure: 0.007270132207865169
Time for querying: 0.0
Time for new slide: 0.19094051299438203
Time for expired slide: 0.009066215235955057
------------------------------------
Number clusters = 0.0
Max  Number points in event queue = 0.0
Avg number points in clusters= 0.0
Avg Rmc size = 0.0
Avg Length exps= 0.0
#window: 179
Total #outliers: 69
Average Time: 0.19965098913966475
Peak memory: 104.09445190429688
Time index, remove data from structure: 0.007257239832402234
Time for querying: 0.0
Time for new slide: 0.1905951493519553
Time for expired slide: 0.009051720837988827
------------------------------------
Number clusters = 0.0
Max  Number points in event queue = 0.0
Avg number points in clusters= 0.0
Avg Rmc size = 0.0
Avg Length exps= 0.0
#window: 180
Total #outliers: 74
Average Time: 0.1993461216777777
Peak memory: 104.09445190429688
Time index, remove data from structure: 0.007245030488888889
Time for querying: 0.0
Time for new slide: 0.19030423039444447
Time for expired slide: 0.009037774733333333
------------------------------------
Number clusters = 0.0
Max  Number points in event queue = 0.0
Avg number points in clusters= 0.0
Avg Rmc size = 0.0
Avg Length exps= 0.0
#window: 181
Total #outliers: 68
Average Time: 0.19903934366298337
Peak memory: 104.09445190429688
Time index, remove data from structure: 0.007232842928176796
Time for querying: 0.0
Time for new slide: 0.19001141994475138
Time for expired slide: 0.009023808624309392
------------------------------------
Number clusters = 0.0
Max  Number points in event queue = 0.0
Avg number points in clusters= 0.0
Avg Rmc size = 0.0
Avg Length exps= 0.0
#window: 182
Total #outliers: 60
Average Time: 0.19868533803846147
Peak memory: 104.09445190429688
Time index, remove data from structure: 0.007218942021978022
Time for querying: 0.0
Time for new slide: 0.18967283478021976
Time for expired slide: 0.009008389774725276
------------------------------------
Number clusters = 0.0
Max  Number points in event queue = 0.0
Avg number points in clusters= 0.0
Avg Rmc size = 0.0
Avg Length exps= 0.0
#window: 183
Total #outliers: 58
Average Time: 0.19833881563387973
Peak memory: 104.09445190429688
Time index, remove data from structure: 0.0072020089234972684
Time for querying: 0.0
Time for new slide: 0.18934489504918034
Time for expired slide: 0.008989806535519125
------------------------------------
Number clusters = 0.0
Max  Number points in event queue = 0.0
Avg number points in clusters= 0.0
Avg Rmc size = 0.0
Avg Length exps= 0.0
#window: 184
Total #outliers: 66
Average Time: 0.19796602530978252
Peak memory: 104.09445190429688
Time index, remove data from structure: 0.007186919858695653
Time for querying: 0.0
Time for new slide: 0.18898660176086957
Time for expired slide: 0.008975310266304349
------------------------------------
Number clusters = 0.0
Max  Number points in event queue = 0.0
Avg number points in clusters= 0.0
Avg Rmc size = 0.0
Avg Length exps= 0.0
#window: 185
Total #outliers: 76
Average Time: 0.19760230637297288
Peak memory: 104.09445190429688
Time index, remove data from structure: 0.007172461778378378
Time for querying: 0.0
Time for new slide: 0.18863802735675678
Time for expired slide: 0.008960169345945946
------------------------------------
Number clusters = 0.0
Max  Number points in event queue = 0.0
Avg number points in clusters= 0.0
Avg Rmc size = 0.0
Avg Length exps= 0.0
#window: 186
Total #outliers: 72
Average Time: 0.1972770119623655
Peak memory: 104.09445190429688
Time index, remove data from structure: 0.007157030059139785
Time for querying: 0.0
Time for new slide: 0.18832896572580646
Time for expired slide: 0.008943936112903226
------------------------------------
Number clusters = 0.0
Max  Number points in event queue = 0.0
Avg number points in clusters= 0.0
Avg Rmc size = 0.0
Avg Length exps= 0.0
#window: 187
Total #outliers: 75
Average Time: 0.19696068280213894
Peak memory: 104.09445190429688
Time index, remove data from structure: 0.007142315935828877
Time for querying: 0.0
Time for new slide: 0.18802788022994651
Time for expired slide: 0.008928692951871658
------------------------------------
Number clusters = 0.0
Max  Number points in event queue = 0.0
Avg number points in clusters= 0.0
Avg Rmc size = 0.0
Avg Length exps= 0.0
#window: 188
Total #outliers: 79
Average Time: 0.1966238088138297
Peak memory: 104.09445190429688
Time index, remove data from structure: 0.007126881622340426
Time for querying: 0.0
Time for new slide: 0.18770734763829788
Time for expired slide: 0.008912349877659573
------------------------------------
Number clusters = 0.0
Max  Number points in event queue = 0.0
Avg number points in clusters= 0.0
Avg Rmc size = 0.0
Avg Length exps= 0.0
#window: 189
Total #outliers: 82
Average Time: 0.1963405029788359
Peak memory: 104.09445190429688
Time index, remove data from structure: 0.007111413058201058
Time for querying: 0.0
Time for new slide: 0.18744005843386244
Time for expired slide: 0.008896333814814816
------------------------------------
Number clusters = 0.0
Max  Number points in event queue = 0.0
Avg number points in clusters= 0.0
Avg Rmc size = 0.0
Avg Length exps= 0.0
#window: 190
Total #outliers: 84
Average Time: 0.19604906499473676
Peak memory: 104.09445190429688
Time index, remove data from structure: 0.007096913768421052
Time for querying: 0.0
Time for new slide: 0.18716411185263157
Time for expired slide: 0.008880838536842106
------------------------------------
Number clusters = 0.0
Max  Number points in event queue = 0.0
Avg number points in clusters= 0.0
Avg Rmc size = 0.0
Avg Length exps= 0.0
Average Time for a slide: 196.049065 ms
Peak memory: 104.09445190429688
Average CPU time: 0.19604906499473676
