#window: 1
Total #outliers: 391
Average Time: 0.0
Peak memory: 89.98519897460938
Time index, remove data from structure: 0.0
Time for querying: 0.0
Time for new slide: 0.0
Time for expired slide: 0.0
------------------------------------
Number clusters = 0.0
Max  Number points in event queue = 0.0
Avg number points in clusters= 0.0
Avg Rmc size = 0.0
Avg Length exps= 0.0
#window: 2
Total #outliers: 383
Average Time: 0.033121873
Peak memory: 94.45271301269531
Time index, remove data from structure: 0.0014710945
Time for querying: 0.0
Time for new slide: 0.0287179525
Time for expired slide: 0.004401739
------------------------------------
Number clusters = 0.0
Max  Number points in event queue = 0.0
Avg number points in clusters= 0.0
Avg Rmc size = 0.0
Avg Length exps= 0.0
#window: 3
Total #outliers: 359
Average Time: 0.037794986
Peak memory: 94.45271301269531
Time index, remove data from structure: 0.0017472516666666665
Time for querying: 0.0
Time for new slide: 0.032422158666666666
Time for expired slide: 0.005370051
------------------------------------
Number clusters = 0.0
Max  Number points in event queue = 0.0
Avg number points in clusters= 0.0
Avg Rmc size = 0.0
Avg Length exps= 0.0
#window: 4
Total #outliers: 339
Average Time: 0.0426240255
Peak memory: 94.45271301269531
Time index, remove data from structure: 0.00189050975
Time for querying: 0.0
Time for new slide: 0.0369586865
Time for expired slide: 0.0056623445
------------------------------------
Number clusters = 0.0
Max  Number points in event queue = 0.0
Avg number points in clusters= 0.0
Avg Rmc size = 0.0
Avg Length exps= 0.0
#window: 5
Total #outliers: 330
Average Time: 0.04682485160000001
Peak memory: 94.45271301269531
Time index, remove data from structure: 0.0019430896
Time for querying: 0.0
Time for new slide: 0.041084001999999994
Time for expired slide: 0.0057378516
------------------------------------
Number clusters = 0.0
Max  Number points in event queue = 0.0
Avg number points in clusters= 0.0
Avg Rmc size = 0.0
Avg Length exps= 0.0
#window: 6
Total #outliers: 345
Average Time: 0.050875470000000006
Peak memory: 94.45271301269531
Time index, remove data from structure: 0.0020664818333333335
Time for querying: 0.0
Time for new slide: 0.0436203785
Time for expired slide: 0.007251984166666666
------------------------------------
Number clusters = 0.0
Max  Number points in event queue = 0.0
Avg number points in clusters= 0.0
Avg Rmc size = 0.0
Avg Length exps= 0.0
#window: 7
Total #outliers: 332
Average Time: 0.055804475428571435
Peak memory: 94.45271301269531
Time index, remove data from structure: 0.002238048857142857
Time for querying: 0.0
Time for new slide: 0.047814386714285714
Time for expired slide: 0.007986634285714287
------------------------------------
Number clusters = 0.0
Max  Number points in event queue = 0.0
Avg number points in clusters= 0.0
Avg Rmc size = 0.0
Avg Length exps= 0.0
#window: 8
Total #outliers: 332
Average Time: 0.05943006512500001
Peak memory: 94.45271301269531
Time index, remove data from structure: 0.0023280485
Time for querying: 0.0
Time for new slide: 0.051224744125
Time for expired slide: 0.008201620125
------------------------------------
Number clusters = 0.0
Max  Number points in event queue = 0.0
Avg number points in clusters= 0.0
Avg Rmc size = 0.0
Avg Length exps= 0.0
#window: 9
Total #outliers: 320
Average Time: 0.06131278666666667
Peak memory: 94.45271301269531
Time index, remove data from structure: 0.0024191267777777777
Time for querying: 0.0
Time for new slide: 0.052951089111111106
Time for expired slide: 0.00835799011111111
------------------------------------
Number clusters = 0.0
Max  Number points in event queue = 0.0
Avg number points in clusters= 0.0
Avg Rmc size = 0.0
Avg Length exps= 0.0
#window: 10
Total #outliers: 331
Average Time: 0.060003448
Peak memory: 94.45271301269531
Time index, remove data from structure: 0.0023792593
Time for querying: 0.0
Time for new slide: 0.0518965466
Time for expired slide: 0.0081032059
------------------------------------
Number clusters = 0.0
Max  Number points in event queue = 0.0
Avg number points in clusters= 0.0
Avg Rmc size = 0.0
Avg Length exps= 0.0
#window: 11
Total #outliers: 317
Average Time: 0.059515075909090914
Peak memory: 94.45271301269531
Time index, remove data from structure: 0.0023495454545454544
Time for querying: 0.0
Time for new slide: 0.05162177672727273
Time for expired slide: 0.007889613272727273
------------------------------------
Number clusters = 0.0
Max  Number points in event queue = 0.0
Avg number points in clusters= 0.0
Avg Rmc size = 0.0
Avg Length exps= 0.0
#window: 12
Total #outliers: 340
Average Time: 0.05973361783333334
Peak memory: 94.45271301269531
Time index, remove data from structure: 0.0023220335
Time for querying: 0.0
Time for new slide: 0.051644193750000005
Time for expired slide: 0.008085741083333334
------------------------------------
Number clusters = 0.0
Max  Number points in event queue = 0.0
Avg number points in clusters= 0.0
Avg Rmc size = 0.0
Avg Length exps= 0.0
#window: 13
Total #outliers: 379
Average Time: 0.05951032223076924
Peak memory: 94.45271301269531
Time index, remove data from structure: 0.0023119962307692307
Time for querying: 0.0
Time for new slide: 0.051389896461538465
Time for expired slide: 0.008116759923076923
------------------------------------
Number clusters = 0.0
Max  Number points in event queue = 0.0
Avg number points in clusters= 0.0
Avg Rmc size = 0.0
Avg Length exps= 0.0
#window: 14
Total #outliers: 374
Average Time: 0.059586463428571435
Peak memory: 94.45271301269531
Time index, remove data from structure: 0.0023003012142857144
Time for querying: 0.0
Time for new slide: 0.051401378
Time for expired slide: 0.008181400357142857
------------------------------------
Number clusters = 0.0
Max  Number points in event queue = 0.0
Avg number points in clusters= 0.0
Avg Rmc size = 0.0
Avg Length exps= 0.0
#window: 15
Total #outliers: 347
Average Time: 0.05954385706666667
Peak memory: 94.45271301269531
Time index, remove data from structure: 0.002288180266666667
Time for querying: 0.0
Time for new slide: 0.05151523053333333
Time for expired slide: 0.008024412933333332
------------------------------------
Number clusters = 0.0
Max  Number points in event queue = 0.0
Avg number points in clusters= 0.0
Avg Rmc size = 0.0
Avg Length exps= 0.0
#window: 16
Total #outliers: 330
Average Time: 0.059461643562500006
Peak memory: 94.45271301269531
Time index, remove data from structure: 0.0022815830625
Time for querying: 0.0
Time for new slide: 0.051581186375
Time for expired slide: 0.0078763064375
------------------------------------
Number clusters = 0.0
Max  Number points in event queue = 0.0
Avg number points in clusters= 0.0
Avg Rmc size = 0.0
Avg Length exps= 0.0
#window: 17
Total #outliers: 329
Average Time: 0.059061206000000005
Peak memory: 94.45271301269531
Time index, remove data from structure: 0.0022629802941176473
Time for querying: 0.0
Time for new slide: 0.05133717411764706
Time for expired slide: 0.007719882764705882
------------------------------------
Number clusters = 0.0
Max  Number points in event queue = 0.0
Avg number points in clusters= 0.0
Avg Rmc size = 0.0
Avg Length exps= 0.0
#window: 18
Total #outliers: 302
Average Time: 0.05897623461111111
Peak memory: 94.45271301269531
Time index, remove data from structure: 0.0022404281666666666
Time for querying: 0.0
Time for new slide: 0.05139677427777778
Time for expired slide: 0.007575348444444445
------------------------------------
Number clusters = 0.0
Max  Number points in event queue = 0.0
Avg number points in clusters= 0.0
Avg Rmc size = 0.0
Avg Length exps= 0.0
#window: 19
Total #outliers: 291
Average Time: 0.05867246989473684
Peak memory: 94.45271301269531
Time index, remove data from structure: 0.0022239663157894735
Time for querying: 0.0
Time for new slide: 0.05121715321052631
Time for expired slide: 0.007451223894736843
------------------------------------
Number clusters = 0.0
Max  Number points in event queue = 0.0
Avg number points in clusters= 0.0
Avg Rmc size = 0.0
Avg Length exps= 0.0
#window: 20
Total #outliers: 298
Average Time: 0.05874309814999999
Peak memory: 94.45271301269531
Time index, remove data from structure: 0.00222029005
Time for querying: 0.0
Time for new slide: 0.05126731329999999
Time for expired slide: 0.00747170645
------------------------------------
Number clusters = 0.0
Max  Number points in event queue = 0.0
Avg number points in clusters= 0.0
Avg Rmc size = 0.0
Avg Length exps= 0.0
#window: 21
Total #outliers: 283
Average Time: 0.058828323333333335
Peak memory: 94.45271301269531
Time index, remove data from structure: 0.0022006591428571426
Time for querying: 0.0
Time for new slide: 0.05145983528571428
Time for expired slide: 0.0073643705714285706
------------------------------------
Number clusters = 0.0
Max  Number points in event queue = 0.0
Avg number points in clusters= 0.0
Avg Rmc size = 0.0
Avg Length exps= 0.0
#window: 22
Total #outliers: 320
Average Time: 0.05905457281818182
Peak memory: 94.45271301269531
Time index, remove data from structure: 0.002195287590909091
Time for querying: 0.0
Time for new slide: 0.05167459331818181
Time for expired slide: 0.007375851181818182
------------------------------------
Number clusters = 0.0
Max  Number points in event queue = 0.0
Avg number points in clusters= 0.0
Avg Rmc size = 0.0
Avg Length exps= 0.0
#window: 23
Total #outliers: 339
Average Time: 0.05925665743478261
Peak memory: 94.45271301269531
Time index, remove data from structure: 0.0021900822608695654
Time for querying: 0.0
Time for new slide: 0.05194444486956522
Time for expired slide: 0.007308076260869566
------------------------------------
Number clusters = 0.0
Max  Number points in event queue = 0.0
Avg number points in clusters= 0.0
Avg Rmc size = 0.0
Avg Length exps= 0.0
#window: 24
Total #outliers: 378
Average Time: 0.059489652000000004
Peak memory: 94.45271301269531
Time index, remove data from structure: 0.002184991166666667
Time for querying: 0.0
Time for new slide: 0.052150110874999996
Time for expired slide: 0.007335175708333333
------------------------------------
Number clusters = 0.0
Max  Number points in event queue = 0.0
Avg number points in clusters= 0.0
Avg Rmc size = 0.0
Avg Length exps= 0.0
#window: 25
Total #outliers: 391
Average Time: 0.05970732656
Peak memory: 94.45271301269531
Time index, remove data from structure: 0.00218951648
Time for querying: 0.0
Time for new slide: 0.052341615839999994
Time for expired slide: 0.007361355000000001
------------------------------------
Number clusters = 0.0
Max  Number points in event queue = 0.0
Avg number points in clusters= 0.0
Avg Rmc size = 0.0
Avg Length exps= 0.0
#window: 26
Total #outliers: 378
Average Time: 0.06009215892307692
Peak memory: 94.45271301269531
Time index, remove data from structure: 0.0021937219615384617
Time for querying: 0.0
Time for new slide: 0.052678433000000004
Time for expired slide: 0.0074093751923076925
------------------------------------
Number clusters = 0.0
Max  Number points in event queue = 0.0
Avg number points in clusters= 0.0
Avg Rmc size = 0.0
Avg Length exps= 0.0
#window: 27
Total #outliers: 362
Average Time: 0.06027555874074074
Peak memory: 94.45271301269531
Time index, remove data from structure: 0.0021853747037037037
Time for querying: 0.0
Time for new slide: 0.052954968000000005
Time for expired slide: 0.007316263703703704
------------------------------------
Number clusters = 0.0
Max  Number points in event queue = 0.0
Avg number points in clusters= 0.0
Avg Rmc size = 0.0
Avg Length exps= 0.0
#window: 28
Total #outliers: 278
Average Time: 0.06050467407142857
Peak memory: 94.45271301269531
Time index, remove data from structure: 0.0021861767142857145
Time for querying: 0.0
Time for new slide: 0.053122494357142856
Time for expired slide: 0.007377869392857143
------------------------------------
Number clusters = 0.0
Max  Number points in event queue = 0.0
Avg number points in clusters= 0.0
Avg Rmc size = 0.0
Avg Length exps= 0.0
#window: 29
Total #outliers: 263
Average Time: 0.0607497991724138
Peak memory: 94.45271301269531
Time index, remove data from structure: 0.00218566175862069
Time for querying: 0.0
Time for new slide: 0.053418979931034484
Time for expired slide: 0.007326524655172414
------------------------------------
Number clusters = 0.0
Max  Number points in event queue = 0.0
Avg number points in clusters= 0.0
Avg Rmc size = 0.0
Avg Length exps= 0.0
#window: 30
Total #outliers: 249
Average Time: 0.06094626023333334
Peak memory: 94.45271301269531
Time index, remove data from structure: 0.0021910993
Time for querying: 0.0
Time for new slide: 0.053577031633333334
Time for expired slide: 0.007364962966666667
------------------------------------
Number clusters = 0.0
Max  Number points in event queue = 0.0
Avg number points in clusters= 0.0
Avg Rmc size = 0.0
Avg Length exps= 0.0
#window: 31
Total #outliers: 224
Average Time: 0.06106404267741936
Peak memory: 94.45271301269531
Time index, remove data from structure: 0.002191305387096774
Time for querying: 0.0
Time for new slide: 0.053705834741935486
Time for expired slide: 0.007353941193548387
------------------------------------
Number clusters = 0.0
Max  Number points in event queue = 0.0
Avg number points in clusters= 0.0
Avg Rmc size = 0.0
Avg Length exps= 0.0
#window: 32
Total #outliers: 211
Average Time: 0.06116987996875001
Peak memory: 94.45271301269531
Time index, remove data from structure: 0.0021910379375
Time for querying: 0.0
Time for new slide: 0.05386316846875
Time for expired slide: 0.007302452875
------------------------------------
Number clusters = 0.0
Max  Number points in event queue = 0.0
Avg number points in clusters= 0.0
Avg Rmc size = 0.0
Avg Length exps= 0.0
#window: 33
Total #outliers: 245
Average Time: 0.06129981790909091
Peak memory: 94.45271301269531
Time index, remove data from structure: 0.0021941220606060607
Time for querying: 0.0
Time for new slide: 0.054034942333333336
Time for expired slide: 0.007260626666666667
------------------------------------
Number clusters = 0.0
Max  Number points in event queue = 0.0
Avg number points in clusters= 0.0
Avg Rmc size = 0.0
Avg Length exps= 0.0
#window: 34
Total #outliers: 306
Average Time: 0.06136803052941177
Peak memory: 94.45271301269531
Time index, remove data from structure: 0.0021903834117647063
Time for querying: 0.0
Time for new slide: 0.05417793723529412
Time for expired slide: 0.007185871470588236
------------------------------------
Number clusters = 0.0
Max  Number points in event queue = 0.0
Avg number points in clusters= 0.0
Avg Rmc size = 0.0
Avg Length exps= 0.0
#window: 35
Total #outliers: 290
Average Time: 0.061160804285714285
Peak memory: 94.45271301269531
Time index, remove data from structure: 0.0021836659714285713
Time for querying: 0.0
Time for new slide: 0.05403740997142857
Time for expired slide: 0.007119181085714285
------------------------------------
Number clusters = 0.0
Max  Number points in event queue = 0.0
Avg number points in clusters= 0.0
Avg Rmc size = 0.0
Avg Length exps= 0.0
#window: 36
Total #outliers: 326
Average Time: 0.061110273166666666
Peak memory: 94.45271301269531
Time index, remove data from structure: 0.002181008083333333
Time for querying: 0.0
Time for new slide: 0.05400760416666667
Time for expired slide: 0.007098448194444444
------------------------------------
Number clusters = 0.0
Max  Number points in event queue = 0.0
Avg number points in clusters= 0.0
Avg Rmc size = 0.0
Avg Length exps= 0.0
#window: 37
Total #outliers: 319
Average Time: 0.06105172137837838
Peak memory: 94.45271301269531
Time index, remove data from structure: 0.0021759325945945943
Time for querying: 0.0
Time for new slide: 0.05398381332432432
Time for expired slide: 0.007063692594594594
------------------------------------
Number clusters = 0.0
Max  Number points in event queue = 0.0
Avg number points in clusters= 0.0
Avg Rmc size = 0.0
Avg Length exps= 0.0
#window: 38
Total #outliers: 330
Average Time: 0.0609518142631579
Peak memory: 94.45271301269531
Time index, remove data from structure: 0.0021726529736842103
Time for querying: 0.0
Time for new slide: 0.053941473842105264
Time for expired slide: 0.007006133552631579
------------------------------------
Number clusters = 0.0
Max  Number points in event queue = 0.0
Avg number points in clusters= 0.0
Avg Rmc size = 0.0
Avg Length exps= 0.0
#window: 39
Total #outliers: 326
Average Time: 0.060907794948717946
Peak memory: 94.45271301269531
Time index, remove data from structure: 0.002172365717948718
Time for querying: 0.0
Time for new slide: 0.053945352794871795
Time for expired slide: 0.006958225461538461
------------------------------------
Number clusters = 0.0
Max  Number points in event queue = 0.0
Avg number points in clusters= 0.0
Avg Rmc size = 0.0
Avg Length exps= 0.0
#window: 40
Total #outliers: 373
Average Time: 0.061072044949999994
Peak memory: 94.45271301269531
Time index, remove data from structure: 0.0021717264
Time for querying: 0.0
Time for new slide: 0.05415392255
Time for expired slide: 0.0069139079
------------------------------------
Number clusters = 0.0
Max  Number points in event queue = 0.0
Avg number points in clusters= 0.0
Avg Rmc size = 0.0
Avg Length exps= 0.0
#window: 41
Total #outliers: 403
Average Time: 0.06126458892682926
Peak memory: 94.45271301269531
Time index, remove data from structure: 0.002176304048780488
Time for querying: 0.0
Time for new slide: 0.054320513463414634
Time for expired slide: 0.006939863658536586
------------------------------------
Number clusters = 0.0
Max  Number points in event queue = 0.0
Avg number points in clusters= 0.0
Avg Rmc size = 0.0
Avg Length exps= 0.0
#window: 42
Total #outliers: 433
Average Time: 0.06135825766666666
Peak memory: 94.45271301269531
Time index, remove data from structure: 0.002178524857142857
Time for querying: 0.0
Time for new slide: 0.05441752854761905
Time for expired slide: 0.006936530238095239
------------------------------------
Number clusters = 0.0
Max  Number points in event queue = 0.0
Avg number points in clusters= 0.0
Avg Rmc size = 0.0
Avg Length exps= 0.0
#window: 43
Total #outliers: 481
Average Time: 0.06151080076744186
Peak memory: 94.45271301269531
Time index, remove data from structure: 0.002177356604651163
Time for querying: 0.0
Time for new slide: 0.05456725227906977
Time for expired slide: 0.006939349581395349
------------------------------------
Number clusters = 0.0
Max  Number points in event queue = 0.0
Avg number points in clusters= 0.0
Avg Rmc size = 0.0
Avg Length exps= 0.0
#window: 44
Total #outliers: 440
Average Time: 0.06155320949999999
Peak memory: 94.45271301269531
Time index, remove data from structure: 0.002178654
Time for querying: 0.0
Time for new slide: 0.05462898352272727
Time for expired slide: 0.006920019772727273
------------------------------------
Number clusters = 0.0
Max  Number points in event queue = 0.0
Avg number points in clusters= 0.0
Avg Rmc size = 0.0
Avg Length exps= 0.0
#window: 45
Total #outliers: 425
Average Time: 0.06156191693333332
Peak memory: 94.45271301269531
Time index, remove data from structure: 0.002178236088888889
Time for querying: 0.0
Time for new slide: 0.054651754200000006
Time for expired slide: 0.006905955733333333
------------------------------------
Number clusters = 0.0
Max  Number points in event queue = 0.0
Avg number points in clusters= 0.0
Avg Rmc size = 0.0
Avg Length exps= 0.0
#window: 46
Total #outliers: 414
Average Time: 0.06159918199999999
Peak memory: 94.45271301269531
Time index, remove data from structure: 0.0021826930869565217
Time for querying: 0.0
Time for new slide: 0.05471093667391304
Time for expired slide: 0.006884034195652173
------------------------------------
Number clusters = 0.0
Max  Number points in event queue = 0.0
Avg number points in clusters= 0.0
Avg Rmc size = 0.0
Avg Length exps= 0.0
#window: 47
Total #outliers: 352
Average Time: 0.06158685763829786
Peak memory: 94.45271301269531
Time index, remove data from structure: 0.0021837780425531914
Time for querying: 0.0
Time for new slide: 0.054727347489361707
Time for expired slide: 0.0068553052340425535
------------------------------------
Number clusters = 0.0
Max  Number points in event queue = 0.0
Avg number points in clusters= 0.0
Avg Rmc size = 0.0
Avg Length exps= 0.0
#window: 48
Total #outliers: 337
Average Time: 0.06158447383333333
Peak memory: 94.45271301269531
Time index, remove data from structure: 0.0021814034791666666
Time for querying: 0.0
Time for new slide: 0.0547599483125
Time for expired slide: 0.00682034275
------------------------------------
Number clusters = 0.0
Max  Number points in event queue = 0.0
Avg number points in clusters= 0.0
Avg Rmc size = 0.0
Avg Length exps= 0.0
#window: 49
Total #outliers: 278
Average Time: 0.061611878918367335
Peak memory: 94.45271301269531
Time index, remove data from structure: 0.0021786048979591834
Time for querying: 0.0
Time for new slide: 0.05482015951020408
Time for expired slide: 0.006787540367346938
------------------------------------
Number clusters = 0.0
Max  Number points in event queue = 0.0
Avg number points in clusters= 0.0
Avg Rmc size = 0.0
Avg Length exps= 0.0
#window: 50
Total #outliers: 399
Average Time: 0.061499618359999994
Peak memory: 94.45271301269531
Time index, remove data from structure: 0.0021774318200000003
Time for querying: 0.0
Time for new slide: 0.054740632180000005
Time for expired slide: 0.00675482166
------------------------------------
Number clusters = 0.0
Max  Number points in event queue = 0.0
Avg number points in clusters= 0.0
Avg Rmc size = 0.0
Avg Length exps= 0.0
#window: 51
Total #outliers: 457
Average Time: 0.061774991039215674
Peak memory: 94.45271301269531
Time index, remove data from structure: 0.0021745663529411765
Time for querying: 0.0
Time for new slide: 0.055041031
Time for expired slide: 0.006729827156862745
------------------------------------
Number clusters = 0.0
Max  Number points in event queue = 0.0
Avg number points in clusters= 0.0
Avg Rmc size = 0.0
Avg Length exps= 0.0
#window: 52
Total #outliers: 436
Average Time: 0.06180382226923076
Peak memory: 94.45271301269531
Time index, remove data from structure: 0.0021722010769230768
Time for querying: 0.0
Time for new slide: 0.05508494963461538
Time for expired slide: 0.006714757153846154
------------------------------------
Number clusters = 0.0
Max  Number points in event queue = 0.0
Avg number points in clusters= 0.0
Avg Rmc size = 0.0
Avg Length exps= 0.0
#window: 53
Total #outliers: 429
Average Time: 0.061636420415094324
Peak memory: 94.45271301269531
Time index, remove data from structure: 0.002170084962264151
Time for querying: 0.0
Time for new slide: 0.054929437452830195
Time for expired slide: 0.006702888207547169
------------------------------------
Number clusters = 0.0
Max  Number points in event queue = 0.0
Avg number points in clusters= 0.0
Avg Rmc size = 0.0
Avg Length exps= 0.0
#window: 54
Total #outliers: 366
Average Time: 0.06137207622222221
Peak memory: 94.45271301269531
Time index, remove data from structure: 0.0021650037962962962
Time for querying: 0.0
Time for new slide: 0.054680430796296295
Time for expired slide: 0.006687561777777778
------------------------------------
Number clusters = 0.0
Max  Number points in event queue = 0.0
Avg number points in clusters= 0.0
Avg Rmc size = 0.0
Avg Length exps= 0.0
#window: 55
Total #outliers: 420
Average Time: 0.06109636769090908
Peak memory: 94.45271301269531
Time index, remove data from structure: 0.0021571628909090907
Time for querying: 0.0
Time for new slide: 0.05442885376363637
Time for expired slide: 0.006663437563636363
------------------------------------
Number clusters = 0.0
Max  Number points in event queue = 0.0
Avg number points in clusters= 0.0
Avg Rmc size = 0.0
Avg Length exps= 0.0
#window: 56
Total #outliers: 385
Average Time: 0.06094606958928571
Peak memory: 94.45271301269531
Time index, remove data from structure: 0.0021491278749999998
Time for querying: 0.0
Time for new slide: 0.054297489857142854
Time for expired slide: 0.006644505571428571
------------------------------------
Number clusters = 0.0
Max  Number points in event queue = 0.0
Avg number points in clusters= 0.0
Avg Rmc size = 0.0
Avg Length exps= 0.0
#window: 57
Total #outliers: 321
Average Time: 0.06074872484210526
Peak memory: 94.45271301269531
Time index, remove data from structure: 0.002141552
Time for querying: 0.0
Time for new slide: 0.05412184524561404
Time for expired slide: 0.006622807245614036
------------------------------------
Number clusters = 0.0
Max  Number points in event queue = 0.0
Avg number points in clusters= 0.0
Avg Rmc size = 0.0
Avg Length exps= 0.0
#window: 58
Total #outliers: 307
Average Time: 0.06072718239655172
Peak memory: 94.45271301269531
Time index, remove data from structure: 0.0021332237586206898
Time for querying: 0.0
Time for new slide: 0.054127275741379315
Time for expired slide: 0.006595848913793103
------------------------------------
Number clusters = 0.0
Max  Number points in event queue = 0.0
Avg number points in clusters= 0.0
Avg Rmc size = 0.0
Avg Length exps= 0.0
#window: 59
Total #outliers: 483
Average Time: 0.06079995677966102
Peak memory: 94.45271301269531
Time index, remove data from structure: 0.0021263006440677967
Time for querying: 0.0
Time for new slide: 0.05421009561016949
Time for expired slide: 0.006585825050847458
------------------------------------
Number clusters = 0.0
Max  Number points in event queue = 0.0
Avg number points in clusters= 0.0
Avg Rmc size = 0.0
Avg Length exps= 0.0
#window: 60
Total #outliers: 389
Average Time: 0.061248473666666664
Peak memory: 94.45271301269531
Time index, remove data from structure: 0.0021169362833333336
Time for querying: 0.0
Time for new slide: 0.05466577605
Time for expired slide: 0.006578682216666667
------------------------------------
Number clusters = 0.0
Max  Number points in event queue = 0.0
Avg number points in clusters= 0.0
Avg Rmc size = 0.0
Avg Length exps= 0.0
#window: 61
Total #outliers: 310
Average Time: 0.06128866263934426
Peak memory: 94.45271301269531
Time index, remove data from structure: 0.0021092402295081964
Time for querying: 0.0
Time for new slide: 0.054709771245901644
Time for expired slide: 0.006574886868852459
------------------------------------
Number clusters = 0.0
Max  Number points in event queue = 0.0
Avg number points in clusters= 0.0
Avg Rmc size = 0.0
Avg Length exps= 0.0
#window: 62
Total #outliers: 314
Average Time: 0.061189292629032256
Peak memory: 94.45271301269531
Time index, remove data from structure: 0.002102228483870968
Time for querying: 0.0
Time for new slide: 0.05462414093548387
Time for expired slide: 0.006561163887096774
------------------------------------
Number clusters = 0.0
Max  Number points in event queue = 0.0
Avg number points in clusters= 0.0
Avg Rmc size = 0.0
Avg Length exps= 0.0
#window: 63
Total #outliers: 321
Average Time: 0.061202574190476186
Peak memory: 94.45271301269531
Time index, remove data from structure: 0.0021029241904761907
Time for querying: 0.0
Time for new slide: 0.054543441619047624
Time for expired slide: 0.006655157063492063
------------------------------------
Number clusters = 0.0
Max  Number points in event queue = 0.0
Avg number points in clusters= 0.0
Avg Rmc size = 0.0
Avg Length exps= 0.0
#window: 64
Total #outliers: 446
Average Time: 0.06118949873437499
Peak memory: 94.45271301269531
Time index, remove data from structure: 0.002102782109375
Time for querying: 0.0
Time for new slide: 0.054465505203125
Time for expired slide: 0.00672003125
------------------------------------
Number clusters = 0.0
Max  Number points in event queue = 0.0
Avg number points in clusters= 0.0
Avg Rmc size = 0.0
Avg Length exps= 0.0
#window: 65
Total #outliers: 418
Average Time: 0.06105520539999999
Peak memory: 94.45271301269531
Time index, remove data from structure: 0.0021009695384615387
Time for querying: 0.0
Time for new slide: 0.05431359863076923
Time for expired slide: 0.006737659107692307
------------------------------------
Number clusters = 0.0
Max  Number points in event queue = 0.0
Avg number points in clusters= 0.0
Avg Rmc size = 0.0
Avg Length exps= 0.0
#window: 66
Total #outliers: 439
Average Time: 0.060879952030303025
Peak memory: 94.45271301269531
Time index, remove data from structure: 0.0020955509848484847
Time for querying: 0.0
Time for new slide: 0.05412132066666667
Time for expired slide: 0.006754690606060606
------------------------------------
Number clusters = 0.0
Max  Number points in event queue = 0.0
Avg number points in clusters= 0.0
Avg Rmc size = 0.0
Avg Length exps= 0.0
#window: 67
Total #outliers: 447
Average Time: 0.06075047810447761
Peak memory: 94.45271301269531
Time index, remove data from structure: 0.0020867506865671643
Time for querying: 0.0
Time for new slide: 0.054002834731343284
Time for expired slide: 0.006743715686567164
------------------------------------
Number clusters = 0.0
Max  Number points in event queue = 0.0
Avg number points in clusters= 0.0
Avg Rmc size = 0.0
Avg Length exps= 0.0
#window: 68
Total #outliers: 451
Average Time: 0.06068817074999999
Peak memory: 94.45271301269531
Time index, remove data from structure: 0.0020785899411764706
Time for querying: 0.0
Time for new slide: 0.05395143588235294
Time for expired slide: 0.006732809911764706
------------------------------------
Number clusters = 0.0
Max  Number points in event queue = 0.0
Avg number points in clusters= 0.0
Avg Rmc size = 0.0
Avg Length exps= 0.0
#window: 69
Total #outliers: 452
Average Time: 0.060630564043478254
Peak memory: 94.45271301269531
Time index, remove data from structure: 0.0020708763478260866
Time for querying: 0.0
Time for new slide: 0.05390453550724638
Time for expired slide: 0.006722117449275362
------------------------------------
Number clusters = 0.0
Max  Number points in event queue = 0.0
Avg number points in clusters= 0.0
Avg Rmc size = 0.0
Avg Length exps= 0.0
#window: 70
Total #outliers: 472
Average Time: 0.06054807852857142
Peak memory: 94.45271301269531
Time index, remove data from structure: 0.0020656408857142854
Time for querying: 0.0
Time for new slide: 0.053763062771428574
Time for expired slide: 0.006781105128571429
------------------------------------
Number clusters = 0.0
Max  Number points in event queue = 0.0
Avg number points in clusters= 0.0
Avg Rmc size = 0.0
Avg Length exps= 0.0
#window: 71
Total #outliers: 484
Average Time: 0.060345931830985904
Peak memory: 94.45271301269531
Time index, remove data from structure: 0.0020544491549295773
Time for querying: 0.0
Time for new slide: 0.05356936128169014
Time for expired slide: 0.006772667676056338
------------------------------------
Number clusters = 0.0
Max  Number points in event queue = 0.0
Avg number points in clusters= 0.0
Avg Rmc size = 0.0
Avg Length exps= 0.0
#window: 72
Total #outliers: 496
Average Time: 0.06017994409722221
Peak memory: 94.45271301269531
Time index, remove data from structure: 0.002044219388888889
Time for querying: 0.0
Time for new slide: 0.053408932444444446
Time for expired slide: 0.006767109944444444
------------------------------------
Number clusters = 0.0
Max  Number points in event queue = 0.0
Avg number points in clusters= 0.0
Avg Rmc size = 0.0
Avg Length exps= 0.0
#window: 73
Total #outliers: 504
Average Time: 0.060075427027397245
Peak memory: 94.45271301269531
Time index, remove data from structure: 0.002034394835616438
Time for querying: 0.0
Time for new slide: 0.053308534301369864
Time for expired slide: 0.006762998315068493
------------------------------------
Number clusters = 0.0
Max  Number points in event queue = 0.0
Avg number points in clusters= 0.0
Avg Rmc size = 0.0
Avg Length exps= 0.0
#window: 74
Total #outliers: 509
Average Time: 0.05995041413513511
Peak memory: 94.45271301269531
Time index, remove data from structure: 0.0020257492702702704
Time for querying: 0.0
Time for new slide: 0.053185949121621626
Time for expired slide: 0.006760577432432432
------------------------------------
Number clusters = 0.0
Max  Number points in event queue = 0.0
Avg number points in clusters= 0.0
Avg Rmc size = 0.0
Avg Length exps= 0.0
#window: 75
Total #outliers: 465
Average Time: 0.059801119173333306
Peak memory: 94.45271301269531
Time index, remove data from structure: 0.0020181442
Time for querying: 0.0
Time for new slide: 0.05304199450666667
Time for expired slide: 0.006755243466666667
------------------------------------
Number clusters = 0.0
Max  Number points in event queue = 0.0
Avg number points in clusters= 0.0
Avg Rmc size = 0.0
Avg Length exps= 0.0
#window: 76
Total #outliers: 308
Average Time: 0.059667099394736814
Peak memory: 94.45271301269531
Time index, remove data from structure: 0.0020122854210526315
Time for querying: 0.0
Time for new slide: 0.052920511118421054
Time for expired slide: 0.00674271675
------------------------------------
Number clusters = 0.0
Max  Number points in event queue = 0.0
Avg number points in clusters= 0.0
Avg Rmc size = 0.0
Avg Length exps= 0.0
#window: 77
Total #outliers: 318
Average Time: 0.05958976351948049
Peak memory: 94.45271301269531
Time index, remove data from structure: 0.0020043655844155846
Time for querying: 0.0
Time for new slide: 0.05285859445454545
Time for expired slide: 0.0067273085714285715
------------------------------------
Number clusters = 0.0
Max  Number points in event queue = 0.0
Avg number points in clusters= 0.0
Avg Rmc size = 0.0
Avg Length exps= 0.0
#window: 78
Total #outliers: 346
Average Time: 0.059500784115384585
Peak memory: 94.45271301269531
Time index, remove data from structure: 0.0019969903205128204
Time for querying: 0.0
Time for new slide: 0.052778198666666665
Time for expired slide: 0.006718730615384616
------------------------------------
Number clusters = 0.0
Max  Number points in event queue = 0.0
Avg number points in clusters= 0.0
Avg Rmc size = 0.0
Avg Length exps= 0.0
#window: 79
Total #outliers: 343
Average Time: 0.059410151341772126
Peak memory: 94.45271301269531
Time index, remove data from structure: 0.0019899248734177215
Time for querying: 0.0
Time for new slide: 0.052654662632911395
Time for expired slide: 0.00675164293670886
------------------------------------
Number clusters = 0.0
Max  Number points in event queue = 0.0
Avg number points in clusters= 0.0
Avg Rmc size = 0.0
Avg Length exps= 0.0
#window: 80
Total #outliers: 354
Average Time: 0.05960417212499998
Peak memory: 94.45271301269531
Time index, remove data from structure: 0.0019911858875
Time for querying: 0.0
Time for new slide: 0.0526491320125
Time for expired slide: 0.006951199475
------------------------------------
Number clusters = 0.0
Max  Number points in event queue = 0.0
Avg number points in clusters= 0.0
Avg Rmc size = 0.0
Avg Length exps= 0.0
#window: 81
Total #outliers: 596
Average Time: 0.05966289687654319
Peak memory: 94.45271301269531
Time index, remove data from structure: 0.0019895556666666664
Time for querying: 0.0
Time for new slide: 0.05267341243209876
Time for expired slide: 0.006985655259259259
------------------------------------
Number clusters = 0.0
Max  Number points in event queue = 0.0
Avg number points in clusters= 0.0
Avg Rmc size = 0.0
Avg Length exps= 0.0
#window: 82
Total #outliers: 505
Average Time: 0.0595939401219512
Peak memory: 94.45271301269531
Time index, remove data from structure: 0.0019848878658536586
Time for querying: 0.0
Time for new slide: 0.05260756343902438
Time for expired slide: 0.006982555939024391
------------------------------------
Number clusters = 0.0
Max  Number points in event queue = 0.0
Avg number points in clusters= 0.0
Avg Rmc size = 0.0
Avg Length exps= 0.0
#window: 83
Total #outliers: 391
Average Time: 0.05959841459036143
Peak memory: 94.45271301269531
Time index, remove data from structure: 0.0019863810120481925
Time for querying: 0.0
Time for new slide: 0.052537504915662656
Time for expired slide: 0.00705685778313253
------------------------------------
Number clusters = 0.0
Max  Number points in event queue = 0.0
Avg number points in clusters= 0.0
Avg Rmc size = 0.0
Avg Length exps= 0.0
#window: 84
Total #outliers: 313
Average Time: 0.059492970785714264
Peak memory: 94.45271301269531
Time index, remove data from structure: 0.0019821891785714286
Time for querying: 0.0
Time for new slide: 0.05243425142857143
Time for expired slide: 0.0070546804880952385
------------------------------------
Number clusters = 0.0
Max  Number points in event queue = 0.0
Avg number points in clusters= 0.0
Avg Rmc size = 0.0
Avg Length exps= 0.0
#window: 85
Total #outliers: 311
Average Time: 0.05944313123529409
Peak memory: 94.45271301269531
Time index, remove data from structure: 0.001977727411764706
Time for querying: 0.0
Time for new slide: 0.052395283411764706
Time for expired slide: 0.007043817752941176
------------------------------------
Number clusters = 0.0
Max  Number points in event queue = 0.0
Avg number points in clusters= 0.0
Avg Rmc size = 0.0
Avg Length exps= 0.0
#window: 86
Total #outliers: 300
Average Time: 0.05932702581395346
Peak memory: 94.45271301269531
Time index, remove data from structure: 0.001972742453488372
Time for querying: 0.0
Time for new slide: 0.05230510490697674
Time for expired slide: 0.007017898558139535
------------------------------------
Number clusters = 0.0
Max  Number points in event queue = 0.0
Avg number points in clusters= 0.0
Avg Rmc size = 0.0
Avg Length exps= 0.0
#window: 87
Total #outliers: 301
Average Time: 0.0592718012873563
Peak memory: 94.45271301269531
Time index, remove data from structure: 0.001971267436781609
Time for querying: 0.0
Time for new slide: 0.05222836748275862
Time for expired slide: 0.007039416172413793
------------------------------------
Number clusters = 0.0
Max  Number points in event queue = 0.0
Avg number points in clusters= 0.0
Avg Rmc size = 0.0
Avg Length exps= 0.0
#window: 88
Total #outliers: 323
Average Time: 0.05926618913636361
Peak memory: 94.45271301269531
Time index, remove data from structure: 0.0019679267272727273
Time for querying: 0.0
Time for new slide: 0.05223581115909091
Time for expired slide: 0.007026367625000001
------------------------------------
Number clusters = 0.0
Max  Number points in event queue = 0.0
Avg number points in clusters= 0.0
Avg Rmc size = 0.0
Avg Length exps= 0.0
#window: 89
Total #outliers: 374
Average Time: 0.059235939123595475
Peak memory: 94.45271301269531
Time index, remove data from structure: 0.00196535597752809
Time for querying: 0.0
Time for new slide: 0.05218866382022472
Time for expired slide: 0.007043265213483146
------------------------------------
Number clusters = 0.0
Max  Number points in event queue = 0.0
Avg number points in clusters= 0.0
Avg Rmc size = 0.0
Avg Length exps= 0.0
#window: 90
Total #outliers: 451
Average Time: 0.05920297056666664
Peak memory: 94.45271301269531
Time index, remove data from structure: 0.0019622541444444443
Time for querying: 0.0
Time for new slide: 0.052141473744444444
Time for expired slide: 0.007057498622222222
------------------------------------
Number clusters = 0.0
Max  Number points in event queue = 0.0
Avg number points in clusters= 0.0
Avg Rmc size = 0.0
Avg Length exps= 0.0
#window: 91
Total #outliers: 369
Average Time: 0.05909584924175821
Peak memory: 94.45271301269531
Time index, remove data from structure: 0.0019587187582417584
Time for querying: 0.0
Time for new slide: 0.05202429797802198
Time for expired slide: 0.007067560846153846
------------------------------------
Number clusters = 0.0
Max  Number points in event queue = 0.0
Avg number points in clusters= 0.0
Avg Rmc size = 0.0
Avg Length exps= 0.0
#window: 92
Total #outliers: 348
Average Time: 0.05901126710869562
Peak memory: 94.45271301269531
Time index, remove data from structure: 0.0019561990217391305
Time for querying: 0.0
Time for new slide: 0.05190799209782609
Time for expired slide: 0.0070992975543478255
------------------------------------
Number clusters = 0.0
Max  Number points in event queue = 0.0
Avg number points in clusters= 0.0
Avg Rmc size = 0.0
Avg Length exps= 0.0
#window: 93
Total #outliers: 428
Average Time: 0.05898552197849459
Peak memory: 94.45271301269531
Time index, remove data from structure: 0.001953170021505376
Time for querying: 0.0
Time for new slide: 0.05189850312903226
Time for expired slide: 0.007083051387096775
------------------------------------
Number clusters = 0.0
Max  Number points in event queue = 0.0
Avg number points in clusters= 0.0
Avg Rmc size = 0.0
Avg Length exps= 0.0
#window: 94
Total #outliers: 427
Average Time: 0.059007446265957414
Peak memory: 94.45271301269531
Time index, remove data from structure: 0.0019497109574468086
Time for querying: 0.0
Time for new slide: 0.05191605296808511
Time for expired slide: 0.007087437
------------------------------------
Number clusters = 0.0
Max  Number points in event queue = 0.0
Avg number points in clusters= 0.0
Avg Rmc size = 0.0
Avg Length exps= 0.0
#window: 95
Total #outliers: 393
Average Time: 0.05893783083157891
Peak memory: 94.45271301269531
Time index, remove data from structure: 0.0019454572000000001
Time for querying: 0.0
Time for new slide: 0.05186419327368421
Time for expired slide: 0.0070696858
------------------------------------
Number clusters = 0.0
Max  Number points in event queue = 0.0
Avg number points in clusters= 0.0
Avg Rmc size = 0.0
Avg Length exps= 0.0
#window: 96
Total #outliers: 403
Average Time: 0.058932270854166635
Peak memory: 94.45271301269531
Time index, remove data from structure: 0.0019412731145833334
Time for querying: 0.0
Time for new slide: 0.05186324377083334
Time for expired slide: 0.0070650871458333335
------------------------------------
Number clusters = 0.0
Max  Number points in event queue = 0.0
Avg number points in clusters= 0.0
Avg Rmc size = 0.0
Avg Length exps= 0.0
#window: 97
Total #outliers: 409
Average Time: 0.05891120439175254
Peak memory: 94.45271301269531
Time index, remove data from structure: 0.0019375387731958762
Time for querying: 0.0
Time for new slide: 0.051861576319587634
Time for expired slide: 0.007045694917525773
------------------------------------
Number clusters = 0.0
Max  Number points in event queue = 0.0
Avg number points in clusters= 0.0
Avg Rmc size = 0.0
Avg Length exps= 0.0
#window: 98
Total #outliers: 528
Average Time: 0.05888045764285711
Peak memory: 94.45271301269531
Time index, remove data from structure: 0.0019340775612244898
Time for querying: 0.0
Time for new slide: 0.051848523316326535
Time for expired slide: 0.007028010040816326
------------------------------------
Number clusters = 0.0
Max  Number points in event queue = 0.0
Avg number points in clusters= 0.0
Avg Rmc size = 0.0
Avg Length exps= 0.0
#window: 99
Total #outliers: 527
Average Time: 0.058859776686868655
Peak memory: 94.45271301269531
Time index, remove data from structure: 0.0019311317575757575
Time for querying: 0.0
Time for new slide: 0.051817829050505054
Time for expired slide: 0.0070380260101010105
------------------------------------
Number clusters = 0.0
Max  Number points in event queue = 0.0
Avg number points in clusters= 0.0
Avg Rmc size = 0.0
Avg Length exps= 0.0
#window: 100
Total #outliers: 535
Average Time: 0.05882665498999997
Peak memory: 94.45271301269531
Time index, remove data from structure: 0.00193030493
Time for querying: 0.0
Time for new slide: 0.051792847909999995
Time for expired slide: 0.00702988341
------------------------------------
Number clusters = 0.0
Max  Number points in event queue = 0.0
Avg number points in clusters= 0.0
Avg Rmc size = 0.0
Avg Length exps= 0.0
#window: 101
Total #outliers: 521
Average Time: 0.05882364653465343
Peak memory: 94.45271301269531
Time index, remove data from structure: 0.0019290052475247526
Time for querying: 0.0
Time for new slide: 0.051798738465346536
Time for expired slide: 0.007020981396039604
------------------------------------
Number clusters = 0.0
Max  Number points in event queue = 0.0
Avg number points in clusters= 0.0
Avg Rmc size = 0.0
Avg Length exps= 0.0
#window: 102
Total #outliers: 546
Average Time: 0.05888160750980389
Peak memory: 94.45271301269531
Time index, remove data from structure: 0.0019264952156862745
Time for querying: 0.0
Time for new slide: 0.05186438717647059
Time for expired slide: 0.00701329444117647
------------------------------------
Number clusters = 0.0
Max  Number points in event queue = 0.0
Avg number points in clusters= 0.0
Avg Rmc size = 0.0
Avg Length exps= 0.0
#window: 103
Total #outliers: 544
Average Time: 0.058954336854368905
Peak memory: 94.45271301269531
Time index, remove data from structure: 0.0019245654077669904
Time for querying: 0.0
Time for new slide: 0.05192568921359224
Time for expired slide: 0.0070247259611650485
------------------------------------
Number clusters = 0.0
Max  Number points in event queue = 0.0
Avg number points in clusters= 0.0
Avg Rmc size = 0.0
Avg Length exps= 0.0
#window: 104
Total #outliers: 559
Average Time: 0.059016107298076895
Peak memory: 94.45271301269531
Time index, remove data from structure: 0.0019230850096153848
Time for querying: 0.0
Time for new slide: 0.051994708298076925
Time for expired slide: 0.007017480740384616
------------------------------------
Number clusters = 0.0
Max  Number points in event queue = 0.0
Avg number points in clusters= 0.0
Avg Rmc size = 0.0
Avg Length exps= 0.0
#window: 105
Total #outliers: 552
Average Time: 0.059084543809523785
Peak memory: 94.45271301269531
Time index, remove data from structure: 0.0019196875523809524
Time for querying: 0.0
Time for new slide: 0.05207225247619048
Time for expired slide: 0.007008378419047619
------------------------------------
Number clusters = 0.0
Max  Number points in event queue = 0.0
Avg number points in clusters= 0.0
Avg Rmc size = 0.0
Avg Length exps= 0.0
#window: 106
Total #outliers: 555
Average Time: 0.05907344439622639
Peak memory: 94.45271301269531
Time index, remove data from structure: 0.0019170878867924529
Time for querying: 0.0
Time for new slide: 0.05207097301886793
Time for expired slide: 0.0069985565754716985
------------------------------------
Number clusters = 0.0
Max  Number points in event queue = 0.0
Avg number points in clusters= 0.0
Avg Rmc size = 0.0
Avg Length exps= 0.0
#window: 107
Total #outliers: 573
Average Time: 0.05902748390654203
Peak memory: 94.45271301269531
Time index, remove data from structure: 0.0019143748785046728
Time for querying: 0.0
Time for new slide: 0.05203465295327103
Time for expired slide: 0.0069889211588785045
------------------------------------
Number clusters = 0.0
Max  Number points in event queue = 0.0
Avg number points in clusters= 0.0
Avg Rmc size = 0.0
Avg Length exps= 0.0
#window: 108
Total #outliers: 519
Average Time: 0.05895103883333331
Peak memory: 94.45271301269531
Time index, remove data from structure: 0.0019127359074074075
Time for querying: 0.0
Time for new slide: 0.05195473612962963
Time for expired slide: 0.006992393944444445
------------------------------------
Number clusters = 0.0
Max  Number points in event queue = 0.0
Avg number points in clusters= 0.0
Avg Rmc size = 0.0
Avg Length exps= 0.0
#window: 109
Total #outliers: 492
Average Time: 0.058884794339449514
Peak memory: 94.45271301269531
Time index, remove data from structure: 0.0019110731834862385
Time for querying: 0.0
Time for new slide: 0.05187770606422018
Time for expired slide: 0.007003188761467889
------------------------------------
Number clusters = 0.0
Max  Number points in event queue = 0.0
Avg number points in clusters= 0.0
Avg Rmc size = 0.0
Avg Length exps= 0.0
#window: 110
Total #outliers: 474
Average Time: 0.05882921740909088
Peak memory: 94.45271301269531
Time index, remove data from structure: 0.0019099376090909092
Time for querying: 0.0
Time for new slide: 0.05181893497272727
Time for expired slide: 0.0070063901
------------------------------------
Number clusters = 0.0
Max  Number points in event queue = 0.0
Avg number points in clusters= 0.0
Avg Rmc size = 0.0
Avg Length exps= 0.0
#window: 111
Total #outliers: 452
Average Time: 0.05875305927027024
Peak memory: 94.45271301269531
Time index, remove data from structure: 0.001904827873873874
Time for querying: 0.0
Time for new slide: 0.05174922881081081
Time for expired slide: 0.0069999397477477476
------------------------------------
Number clusters = 0.0
Max  Number points in event queue = 0.0
Avg number points in clusters= 0.0
Avg Rmc size = 0.0
Avg Length exps= 0.0
#window: 112
Total #outliers: 458
Average Time: 0.05868320022321426
Peak memory: 94.45271301269531
Time index, remove data from structure: 0.0019023461339285712
Time for querying: 0.0
Time for new slide: 0.05167616534821429
Time for expired slide: 0.007003148571428572
------------------------------------
Number clusters = 0.0
Max  Number points in event queue = 0.0
Avg number points in clusters= 0.0
Avg Rmc size = 0.0
Avg Length exps= 0.0
#window: 113
Total #outliers: 425
Average Time: 0.05860636219469023
Peak memory: 94.45271301269531
Time index, remove data from structure: 0.0019023806902654869
Time for querying: 0.0
Time for new slide: 0.05160834259292035
Time for expired slide: 0.006994128345132743
------------------------------------
Number clusters = 0.0
Max  Number points in event queue = 0.0
Avg number points in clusters= 0.0
Avg Rmc size = 0.0
Avg Length exps= 0.0
#window: 114
Total #outliers: 437
Average Time: 0.05853258593859646
Peak memory: 94.45271301269531
Time index, remove data from structure: 0.0019008659473684212
Time for querying: 0.0
Time for new slide: 0.05154720021052631
Time for expired slide: 0.006981487350877193
------------------------------------
Number clusters = 0.0
Max  Number points in event queue = 0.0
Avg number points in clusters= 0.0
Avg Rmc size = 0.0
Avg Length exps= 0.0
#window: 115
Total #outliers: 409
Average Time: 0.058508249382608665
Peak memory: 94.45271301269531
Time index, remove data from structure: 0.0018996061130434783
Time for querying: 0.0
Time for new slide: 0.05151075979130435
Time for expired slide: 0.006993600826086956
------------------------------------
Number clusters = 0.0
Max  Number points in event queue = 0.0
Avg number points in clusters= 0.0
Avg Rmc size = 0.0
Avg Length exps= 0.0
#window: 116
Total #outliers: 387
Average Time: 0.05844769532758618
Peak memory: 94.45271301269531
Time index, remove data from structure: 0.0018982511293103447
Time for querying: 0.0
Time for new slide: 0.05145654772413793
Time for expired slide: 0.006987264405172414
------------------------------------
Number clusters = 0.0
Max  Number points in event queue = 0.0
Avg number points in clusters= 0.0
Avg Rmc size = 0.0
Avg Length exps= 0.0
#window: 117
Total #outliers: 404
Average Time: 0.058411502982905955
Peak memory: 94.45271301269531
Time index, remove data from structure: 0.0018977328717948718
Time for querying: 0.0
Time for new slide: 0.0514129254957265
Time for expired slide: 0.006994699965811966
------------------------------------
Number clusters = 0.0
Max  Number points in event queue = 0.0
Avg number points in clusters= 0.0
Avg Rmc size = 0.0
Avg Length exps= 0.0
#window: 118
Total #outliers: 437
Average Time: 0.058380720296610136
Peak memory: 94.45271301269531
Time index, remove data from structure: 0.0018973627711864405
Time for querying: 0.0
Time for new slide: 0.05135206437288136
Time for expired slide: 0.007024775025423729
------------------------------------
Number clusters = 0.0
Max  Number points in event queue = 0.0
Avg number points in clusters= 0.0
Avg Rmc size = 0.0
Avg Length exps= 0.0
#window: 119
Total #outliers: 432
Average Time: 0.0583604522773109
Peak memory: 94.45271301269531
Time index, remove data from structure: 0.0018978438739495798
Time for querying: 0.0
Time for new slide: 0.051286372008403365
Time for expired slide: 0.007070194924369748
------------------------------------
Number clusters = 0.0
Max  Number points in event queue = 0.0
Avg number points in clusters= 0.0
Avg Rmc size = 0.0
Avg Length exps= 0.0
#window: 120
Total #outliers: 501
Average Time: 0.05828022822499997
Peak memory: 94.45271301269531
Time index, remove data from structure: 0.001897724125
Time for querying: 0.0
Time for new slide: 0.051210063325
Time for expired slide: 0.0070662539
------------------------------------
Number clusters = 0.0
Max  Number points in event queue = 0.0
Avg number points in clusters= 0.0
Avg Rmc size = 0.0
Avg Length exps= 0.0
#window: 121
Total #outliers: 566
Average Time: 0.0582282365950413
Peak memory: 94.45271301269531
Time index, remove data from structure: 0.001896825297520661
Time for querying: 0.0
Time for new slide: 0.05116057198347107
Time for expired slide: 0.007063763512396694
------------------------------------
Number clusters = 0.0
Max  Number points in event queue = 0.0
Avg number points in clusters= 0.0
Avg Rmc size = 0.0
Avg Length exps= 0.0
#window: 122
Total #outliers: 585
Average Time: 0.0581658642786885
Peak memory: 94.45271301269531
Time index, remove data from structure: 0.0018955986885245903
Time for querying: 0.0
Time for new slide: 0.05110072137704918
Time for expired slide: 0.007061245434426229
------------------------------------
Number clusters = 0.0
Max  Number points in event queue = 0.0
Avg number points in clusters= 0.0
Avg Rmc size = 0.0
Avg Length exps= 0.0
#window: 123
Total #outliers: 602
Average Time: 0.05815313006504062
Peak memory: 94.45271301269531
Time index, remove data from structure: 0.0018941336585365854
Time for querying: 0.0
Time for new slide: 0.051073177162601624
Time for expired slide: 0.007076061739837398
------------------------------------
Number clusters = 0.0
Max  Number points in event queue = 0.0
Avg number points in clusters= 0.0
Avg Rmc size = 0.0
Avg Length exps= 0.0
#window: 124
Total #outliers: 617
Average Time: 0.05812032724193546
Peak memory: 94.45271301269531
Time index, remove data from structure: 0.001891955
Time for querying: 0.0
Time for new slide: 0.05104750537096774
Time for expired slide: 0.007068930758064517
------------------------------------
Number clusters = 0.0
Max  Number points in event queue = 0.0
Avg number points in clusters= 0.0
Avg Rmc size = 0.0
Avg Length exps= 0.0
#window: 125
Total #outliers: 651
Average Time: 0.058107190615999976
Peak memory: 94.45271301269531
Time index, remove data from structure: 0.0018905859840000002
Time for querying: 0.0
Time for new slide: 0.051040519103999996
Time for expired slide: 0.00706277784
------------------------------------
Number clusters = 0.0
Max  Number points in event queue = 0.0
Avg number points in clusters= 0.0
Avg Rmc size = 0.0
Avg Length exps= 0.0
#window: 126
Total #outliers: 690
Average Time: 0.05813974115079363
Peak memory: 94.45271301269531
Time index, remove data from structure: 0.0018888414603174604
Time for querying: 0.0
Time for new slide: 0.051078271801587305
Time for expired slide: 0.007057581158730159
------------------------------------
Number clusters = 0.0
Max  Number points in event queue = 0.0
Avg number points in clusters= 0.0
Avg Rmc size = 0.0
Avg Length exps= 0.0
#window: 127
Total #outliers: 651
Average Time: 0.05813775227559053
Peak memory: 94.45271301269531
Time index, remove data from structure: 0.0018867133622047245
Time for querying: 0.0
Time for new slide: 0.051080831220472446
Time for expired slide: 0.007053038692913386
------------------------------------
Number clusters = 0.0
Max  Number points in event queue = 0.0
Avg number points in clusters= 0.0
Avg Rmc size = 0.0
Avg Length exps= 0.0
#window: 128
Total #outliers: 665
Average Time: 0.058135257265624976
Peak memory: 94.45271301269531
Time index, remove data from structure: 0.00188439996875
Time for querying: 0.0
Time for new slide: 0.0510853573359375
Time for expired slide: 0.007046015234375
------------------------------------
Number clusters = 0.0
Max  Number points in event queue = 0.0
Avg number points in clusters= 0.0
Avg Rmc size = 0.0
Avg Length exps= 0.0
#window: 129
Total #outliers: 653
Average Time: 0.05815056654263564
Peak memory: 94.45271301269531
Time index, remove data from structure: 0.001882531503875969
Time for querying: 0.0
Time for new slide: 0.05110330752713178
Time for expired slide: 0.007043373759689922
------------------------------------
Number clusters = 0.0
Max  Number points in event queue = 0.0
Avg number points in clusters= 0.0
Avg Rmc size = 0.0
Avg Length exps= 0.0
#window: 130
Total #outliers: 611
Average Time: 0.058191966938461515
Peak memory: 94.45271301269531
Time index, remove data from structure: 0.001881352730769231
Time for querying: 0.0
Time for new slide: 0.05115071386153846
Time for expired slide: 0.007037370392307693
------------------------------------
Number clusters = 0.0
Max  Number points in event queue = 0.0
Avg number points in clusters= 0.0
Avg Rmc size = 0.0
Avg Length exps= 0.0
#window: 131
Total #outliers: 596
Average Time: 0.058166357748091584
Peak memory: 94.45271301269531
Time index, remove data from structure: 0.0018790250152671756
Time for querying: 0.0
Time for new slide: 0.051133607381679394
Time for expired slide: 0.007028874022900764
------------------------------------
Number clusters = 0.0
Max  Number points in event queue = 0.0
Avg number points in clusters= 0.0
Avg Rmc size = 0.0
Avg Length exps= 0.0
#window: 132
Total #outliers: 576
Average Time: 0.058143055674242404
Peak memory: 94.45271301269531
Time index, remove data from structure: 0.0018769709015151515
Time for querying: 0.0
Time for new slide: 0.05111908833333333
Time for expired slide: 0.007020092598484849
------------------------------------
Number clusters = 0.0
Max  Number points in event queue = 0.0
Avg number points in clusters= 0.0
Avg Rmc size = 0.0
Avg Length exps= 0.0
#window: 133
Total #outliers: 583
Average Time: 0.05804644903759396
Peak memory: 94.45271301269531
Time index, remove data from structure: 0.001875179992481203
Time for querying: 0.0
Time for new slide: 0.05102974245112782
Time for expired slide: 0.007012836436090225
------------------------------------
Number clusters = 0.0
Max  Number points in event queue = 0.0
Avg number points in clusters= 0.0
Avg Rmc size = 0.0
Avg Length exps= 0.0
#window: 134
Total #outliers: 567
Average Time: 0.0579298012686567
Peak memory: 94.45271301269531
Time index, remove data from structure: 0.001872690828358209
Time for querying: 0.0
Time for new slide: 0.05092156263432836
Time for expired slide: 0.007004373723880597
------------------------------------
Number clusters = 0.0
Max  Number points in event queue = 0.0
Avg number points in clusters= 0.0
Avg Rmc size = 0.0
Avg Length exps= 0.0
#window: 135
Total #outliers: 574
Average Time: 0.0578141919185185
Peak memory: 94.45271301269531
Time index, remove data from structure: 0.0018703855999999998
Time for querying: 0.0
Time for new slide: 0.050814892155555555
Time for expired slide: 0.006995441266666666
------------------------------------
Number clusters = 0.0
Max  Number points in event queue = 0.0
Avg number points in clusters= 0.0
Avg Rmc size = 0.0
Avg Length exps= 0.0
#window: 136
Total #outliers: 588
Average Time: 0.057713699963235277
Peak memory: 94.45271301269531
Time index, remove data from structure: 0.001869276536764706
Time for querying: 0.0
Time for new slide: 0.05072119538235294
Time for expired slide: 0.006988650551470588
------------------------------------
Number clusters = 0.0
Max  Number points in event queue = 0.0
Avg number points in clusters= 0.0
Avg Rmc size = 0.0
Avg Length exps= 0.0
#window: 137
Total #outliers: 577
Average Time: 0.0576395168978102
Peak memory: 94.45271301269531
Time index, remove data from structure: 0.0018666080437956204
Time for querying: 0.0
Time for new slide: 0.05065426926277372
Time for expired slide: 0.006981397927007299
------------------------------------
Number clusters = 0.0
Max  Number points in event queue = 0.0
Avg number points in clusters= 0.0
Avg Rmc size = 0.0
Avg Length exps= 0.0
#window: 138
Total #outliers: 494
Average Time: 0.05759784510869564
Peak memory: 94.45271301269531
Time index, remove data from structure: 0.001864149615942029
Time for querying: 0.0
Time for new slide: 0.050619805
Time for expired slide: 0.006974192956521739
------------------------------------
Number clusters = 0.0
Max  Number points in event queue = 0.0
Avg number points in clusters= 0.0
Avg Rmc size = 0.0
Avg Length exps= 0.0
#window: 139
Total #outliers: 539
Average Time: 0.05751906701438848
Peak memory: 94.45271301269531
Time index, remove data from structure: 0.0018622082733812952
Time for querying: 0.0
Time for new slide: 0.05055016532374101
Time for expired slide: 0.006965057316546763
------------------------------------
Number clusters = 0.0
Max  Number points in event queue = 0.0
Avg number points in clusters= 0.0
Avg Rmc size = 0.0
Avg Length exps= 0.0
#window: 140
Total #outliers: 476
Average Time: 0.05747236504285713
Peak memory: 94.45271301269531
Time index, remove data from structure: 0.001860200157142857
Time for querying: 0.0
Time for new slide: 0.05051105701428572
Time for expired slide: 0.006957471192857143
------------------------------------
Number clusters = 0.0
Max  Number points in event queue = 0.0
Avg number points in clusters= 0.0
Avg Rmc size = 0.0
Avg Length exps= 0.0
#window: 141
Total #outliers: 491
Average Time: 0.05742499404255318
Peak memory: 94.45271301269531
Time index, remove data from structure: 0.0018584743120567374
Time for querying: 0.0
Time for new slide: 0.05047084589361702
Time for expired slide: 0.006950316546099291
------------------------------------
Number clusters = 0.0
Max  Number points in event queue = 0.0
Avg number points in clusters= 0.0
Avg Rmc size = 0.0
Avg Length exps= 0.0
#window: 142
Total #outliers: 514
Average Time: 0.057409765725352106
Peak memory: 94.45271301269531
Time index, remove data from structure: 0.0018565713732394368
Time for querying: 0.0
Time for new slide: 0.05046430294366197
Time for expired slide: 0.00694163752112676
------------------------------------
Number clusters = 0.0
Max  Number points in event queue = 0.0
Avg number points in clusters= 0.0
Avg Rmc size = 0.0
Avg Length exps= 0.0
#window: 143
Total #outliers: 485
Average Time: 0.057384660258741255
Peak memory: 94.45271301269531
Time index, remove data from structure: 0.0018546695664335663
Time for querying: 0.0
Time for new slide: 0.050446217776223774
Time for expired slide: 0.006934624356643357
------------------------------------
Number clusters = 0.0
Max  Number points in event queue = 0.0
Avg number points in clusters= 0.0
Avg Rmc size = 0.0
Avg Length exps= 0.0
#window: 144
Total #outliers: 523
Average Time: 0.057339327791666665
Peak memory: 94.45271301269531
Time index, remove data from structure: 0.0018521416250000002
Time for querying: 0.0
Time for new slide: 0.050409225583333335
Time for expired slide: 0.0069262867291666665
------------------------------------
Number clusters = 0.0
Max  Number points in event queue = 0.0
Avg number points in clusters= 0.0
Avg Rmc size = 0.0
Avg Length exps= 0.0
#window: 145
Total #outliers: 551
Average Time: 0.057279229558620685
Peak memory: 94.45271301269531
Time index, remove data from structure: 0.0018496617448275864
Time for querying: 0.0
Time for new slide: 0.05035707971724138
Time for expired slide: 0.006918336703448276
------------------------------------
Number clusters = 0.0
Max  Number points in event queue = 0.0
Avg number points in clusters= 0.0
Avg Rmc size = 0.0
Avg Length exps= 0.0
#window: 146
Total #outliers: 552
Average Time: 0.057255342547945204
Peak memory: 94.45271301269531
Time index, remove data from structure: 0.0018471207671232877
Time for querying: 0.0
Time for new slide: 0.05034003878767124
Time for expired slide: 0.006911489965753425
------------------------------------
Number clusters = 0.0
Max  Number points in event queue = 0.0
Avg number points in clusters= 0.0
Avg Rmc size = 0.0
Avg Length exps= 0.0
#window: 147
Total #outliers: 506
Average Time: 0.05719672529251701
Peak memory: 94.45271301269531
Time index, remove data from structure: 0.0018447888095238093
Time for querying: 0.0
Time for new slide: 0.05028778859863946
Time for expired slide: 0.00690512874829932
------------------------------------
Number clusters = 0.0
Max  Number points in event queue = 0.0
Avg number points in clusters= 0.0
Avg Rmc size = 0.0
Avg Length exps= 0.0
#window: 148
Total #outliers: 542
Average Time: 0.057176170966216217
Peak memory: 94.45271301269531
Time index, remove data from structure: 0.001842826918918919
Time for querying: 0.0
Time for new slide: 0.05025131769594594
Time for expired slide: 0.006921050006756756
------------------------------------
Number clusters = 0.0
Max  Number points in event queue = 0.0
Avg number points in clusters= 0.0
Avg Rmc size = 0.0
Avg Length exps= 0.0
#window: 149
Total #outliers: 531
Average Time: 0.05713551021476511
Peak memory: 94.45271301269531
Time index, remove data from structure: 0.0018406836107382552
Time for querying: 0.0
Time for new slide: 0.05021865720134228
Time for expired slide: 0.006913054939597315
------------------------------------
Number clusters = 0.0
Max  Number points in event queue = 0.0
Avg number points in clusters= 0.0
Avg Rmc size = 0.0
Avg Length exps= 0.0
#window: 150
Total #outliers: 519
Average Time: 0.05710648910000001
Peak memory: 94.45271301269531
Time index, remove data from structure: 0.00183878098
Time for querying: 0.0
Time for new slide: 0.05017421553333334
Time for expired slide: 0.006928474519999999
------------------------------------
Number clusters = 0.0
Max  Number points in event queue = 0.0
Avg number points in clusters= 0.0
Avg Rmc size = 0.0
Avg Length exps= 0.0
#window: 151
Total #outliers: 526
Average Time: 0.057093342410596035
Peak memory: 94.45271301269531
Time index, remove data from structure: 0.0018369568741721852
Time for querying: 0.0
Time for new slide: 0.05014274605298013
Time for expired slide: 0.006946799463576159
------------------------------------
Number clusters = 0.0
Max  Number points in event queue = 0.0
Avg number points in clusters= 0.0
Avg Rmc size = 0.0
Avg Length exps= 0.0
#window: 152
Total #outliers: 585
Average Time: 0.05707861451973685
Peak memory: 94.45271301269531
Time index, remove data from structure: 0.0018354220263157894
Time for querying: 0.0
Time for new slide: 0.0501080125131579
Time for expired slide: 0.006966805111842105
------------------------------------
Number clusters = 0.0
Max  Number points in event queue = 0.0
Avg number points in clusters= 0.0
Avg Rmc size = 0.0
Avg Length exps= 0.0
#window: 153
Total #outliers: 594
Average Time: 0.05706916013071896
Peak memory: 94.45271301269531
Time index, remove data from structure: 0.0018341307777777777
Time for querying: 0.0
Time for new slide: 0.05009362297385621
Time for expired slide: 0.006971740392156863
------------------------------------
Number clusters = 0.0
Max  Number points in event queue = 0.0
Avg number points in clusters= 0.0
Avg Rmc size = 0.0
Avg Length exps= 0.0
#window: 154
Total #outliers: 551
Average Time: 0.05703496048051949
Peak memory: 94.45271301269531
Time index, remove data from structure: 0.0018328398896103896
Time for querying: 0.0
Time for new slide: 0.05006232347402598
Time for expired slide: 0.006968844032467532
------------------------------------
Number clusters = 0.0
Max  Number points in event queue = 0.0
Avg number points in clusters= 0.0
Avg Rmc size = 0.0
Avg Length exps= 0.0
#window: 155
Total #outliers: 549
Average Time: 0.057043732425806466
Peak memory: 94.45271301269531
Time index, remove data from structure: 0.0018320663419354839
Time for querying: 0.0
Time for new slide: 0.05007631215483871
Time for expired slide: 0.006963624980645161
------------------------------------
Number clusters = 0.0
Max  Number points in event queue = 0.0
Avg number points in clusters= 0.0
Avg Rmc size = 0.0
Avg Length exps= 0.0
#window: 156
Total #outliers: 569
Average Time: 0.05706227918589745
Peak memory: 94.45271301269531
Time index, remove data from structure: 0.0018361225192307694
Time for querying: 0.0
Time for new slide: 0.05007375585256411
Time for expired slide: 0.006984717903846154
------------------------------------
Number clusters = 0.0
Max  Number points in event queue = 0.0
Avg number points in clusters= 0.0
Avg Rmc size = 0.0
Avg Length exps= 0.0
#window: 157
Total #outliers: 567
Average Time: 0.05703764671974525
Peak memory: 94.45271301269531
Time index, remove data from structure: 0.001835209127388535
Time for querying: 0.0
Time for new slide: 0.0500437787388535
Time for expired slide: 0.006990062815286625
------------------------------------
Number clusters = 0.0
Max  Number points in event queue = 0.0
Avg number points in clusters= 0.0
Avg Rmc size = 0.0
Avg Length exps= 0.0
#window: 158
Total #outliers: 597
Average Time: 0.05700902071518989
Peak memory: 94.45271301269531
Time index, remove data from structure: 0.001834521993670886
Time for querying: 0.0
Time for new slide: 0.050006119867088604
Time for expired slide: 0.006999098373417721
------------------------------------
Number clusters = 0.0
Max  Number points in event queue = 0.0
Avg number points in clusters= 0.0
Avg Rmc size = 0.0
Avg Length exps= 0.0
#window: 159
Total #outliers: 590
Average Time: 0.05698540308805033
Peak memory: 94.45271301269531
Time index, remove data from structure: 0.0018334065597484276
Time for querying: 0.0
Time for new slide: 0.04998707550314466
Time for expired slide: 0.006994524339622641
------------------------------------
Number clusters = 0.0
Max  Number points in event queue = 0.0
Avg number points in clusters= 0.0
Avg Rmc size = 0.0
Avg Length exps= 0.0
#window: 160
Total #outliers: 538
Average Time: 0.05696766860000002
Peak memory: 94.45271301269531
Time index, remove data from structure: 0.0018323074375000002
Time for querying: 0.0
Time for new slide: 0.049964256743750005
Time for expired slide: 0.006999610587500001
------------------------------------
Number clusters = 0.0
Max  Number points in event queue = 0.0
Avg number points in clusters= 0.0
Avg Rmc size = 0.0
Avg Length exps= 0.0
#window: 161
Total #outliers: 534
Average Time: 0.05695594531055903
Peak memory: 94.45271301269531
Time index, remove data from structure: 0.001830849559006211
Time for querying: 0.0
Time for new slide: 0.04994700373291926
Time for expired slide: 0.00700514497515528
------------------------------------
Number clusters = 0.0
Max  Number points in event queue = 0.0
Avg number points in clusters= 0.0
Avg Rmc size = 0.0
Avg Length exps= 0.0
#window: 162
Total #outliers: 495
Average Time: 0.05694595474691361
Peak memory: 94.45271301269531
Time index, remove data from structure: 0.0018300219197530864
Time for querying: 0.0
Time for new slide: 0.04992175112345679
Time for expired slide: 0.0070204136358024685
------------------------------------
Number clusters = 0.0
Max  Number points in event queue = 0.0
Avg number points in clusters= 0.0
Avg Rmc size = 0.0
Avg Length exps= 0.0
#window: 163
Total #outliers: 570
Average Time: 0.056942451380368124
Peak memory: 94.45271301269531
Time index, remove data from structure: 0.001829289171779141
Time for querying: 0.0
Time for new slide: 0.049902606092024536
Time for expired slide: 0.007036059527607361
------------------------------------
Number clusters = 0.0
Max  Number points in event queue = 0.0
Avg number points in clusters= 0.0
Avg Rmc size = 0.0
Avg Length exps= 0.0
#window: 164
Total #outliers: 484
Average Time: 0.05690036203658539
Peak memory: 94.45271301269531
Time index, remove data from structure: 0.001827961225609756
Time for querying: 0.0
Time for new slide: 0.04986611718292682
Time for expired slide: 0.007030460749999999
------------------------------------
Number clusters = 0.0
Max  Number points in event queue = 0.0
Avg number points in clusters= 0.0
Avg Rmc size = 0.0
Avg Length exps= 0.0
#window: 165
Total #outliers: 395
Average Time: 0.056873554515151546
Peak memory: 94.45271301269531
Time index, remove data from structure: 0.0018260356363636364
Time for querying: 0.0
Time for new slide: 0.04983740583030303
Time for expired slide: 0.0070323675454545456
------------------------------------
Number clusters = 0.0
Max  Number points in event queue = 0.0
Avg number points in clusters= 0.0
Avg Rmc size = 0.0
Avg Length exps= 0.0
#window: 166
Total #outliers: 464
Average Time: 0.05687001843975907
Peak memory: 94.45271301269531
Time index, remove data from structure: 0.0018252573493975903
Time for querying: 0.0
Time for new slide: 0.04983673075301205
Time for expired slide: 0.0070295091506024105
------------------------------------
Number clusters = 0.0
Max  Number points in event queue = 0.0
Avg number points in clusters= 0.0
Avg Rmc size = 0.0
Avg Length exps= 0.0
#window: 167
Total #outliers: 462
Average Time: 0.05682778710778447
Peak memory: 94.45271301269531
Time index, remove data from structure: 0.0018247590299401196
Time for querying: 0.0
Time for new slide: 0.04978085758083832
Time for expired slide: 0.007043152982035928
------------------------------------
Number clusters = 0.0
Max  Number points in event queue = 0.0
Avg number points in clusters= 0.0
Avg Rmc size = 0.0
Avg Length exps= 0.0
#window: 168
Total #outliers: 471
Average Time: 0.0567897415416667
Peak memory: 94.45271301269531
Time index, remove data from structure: 0.00182313475
Time for querying: 0.0
Time for new slide: 0.04975136808333333
Time for expired slide: 0.007034600178571428
------------------------------------
Number clusters = 0.0
Max  Number points in event queue = 0.0
Avg number points in clusters= 0.0
Avg Rmc size = 0.0
Avg Length exps= 0.0
#window: 169
Total #outliers: 465
Average Time: 0.05677613944378702
Peak memory: 94.45271301269531
Time index, remove data from structure: 0.0018220706331360946
Time for querying: 0.0
Time for new slide: 0.04973212032544379
Time for expired slide: 0.007040251686390533
------------------------------------
Number clusters = 0.0
Max  Number points in event queue = 0.0
Avg number points in clusters= 0.0
Avg Rmc size = 0.0
Avg Length exps= 0.0
#window: 170
Total #outliers: 491
Average Time: 0.05673952740000004
Peak memory: 94.45271301269531
Time index, remove data from structure: 0.0018204475705882353
Time for querying: 0.0
Time for new slide: 0.04969395132352941
Time for expired slide: 0.007041815347058823
------------------------------------
Number clusters = 0.0
Max  Number points in event queue = 0.0
Avg number points in clusters= 0.0
Avg Rmc size = 0.0
Avg Length exps= 0.0
#window: 171
Total #outliers: 503
Average Time: 0.056681439251462025
Peak memory: 94.45271301269531
Time index, remove data from structure: 0.0018186022280701755
Time for querying: 0.0
Time for new slide: 0.049642975467836255
Time for expired slide: 0.007034707690058479
------------------------------------
Number clusters = 0.0
Max  Number points in event queue = 0.0
Avg number points in clusters= 0.0
Avg Rmc size = 0.0
Avg Length exps= 0.0
#window: 172
Total #outliers: 505
Average Time: 0.05663120911046515
Peak memory: 94.45271301269531
Time index, remove data from structure: 0.0018166686337209303
Time for querying: 0.0
Time for new slide: 0.04959989336627907
Time for expired slide: 0.007027565174418604
------------------------------------
Number clusters = 0.0
Max  Number points in event queue = 0.0
Avg number points in clusters= 0.0
Avg Rmc size = 0.0
Avg Length exps= 0.0
#window: 173
Total #outliers: 525
Average Time: 0.056606155445086744
Peak memory: 94.45271301269531
Time index, remove data from structure: 0.001815387289017341
Time for querying: 0.0
Time for new slide: 0.049570524080924855
Time for expired slide: 0.007031879838150289
------------------------------------
Number clusters = 0.0
Max  Number points in event queue = 0.0
Avg number points in clusters= 0.0
Avg Rmc size = 0.0
Avg Length exps= 0.0
#window: 174
Total #outliers: 556
Average Time: 0.056601314988505784
Peak memory: 94.45271301269531
Time index, remove data from structure: 0.0018140772931034485
Time for querying: 0.0
Time for new slide: 0.049556375005747125
Time for expired slide: 0.007041193534482759
------------------------------------
Number clusters = 0.0
Max  Number points in event queue = 0.0
Avg number points in clusters= 0.0
Avg Rmc size = 0.0
Avg Length exps= 0.0
#window: 175
Total #outliers: 603
Average Time: 0.05657242142857146
Peak memory: 94.45271301269531
Time index, remove data from structure: 0.0018128099942857144
Time for querying: 0.0
Time for new slide: 0.049499365200000006
Time for expired slide: 0.007069314685714286
------------------------------------
Number clusters = 0.0
Max  Number points in event queue = 0.0
Avg number points in clusters= 0.0
Avg Rmc size = 0.0
Avg Length exps= 0.0
#window: 176
Total #outliers: 648
Average Time: 0.05652156004545458
Peak memory: 94.45271301269531
Time index, remove data from structure: 0.0018109519943181817
Time for querying: 0.0
Time for new slide: 0.04945387760227273
Time for expired slide: 0.0070639436761363635
------------------------------------
Number clusters = 0.0
Max  Number points in event queue = 0.0
Avg number points in clusters= 0.0
Avg Rmc size = 0.0
Avg Length exps= 0.0
#window: 177
Total #outliers: 676
Average Time: 0.05646606757627123
Peak memory: 94.45271301269531
Time index, remove data from structure: 0.0018093023559322035
Time for querying: 0.0
Time for new slide: 0.04939400818644068
Time for expired slide: 0.007068324909604519
------------------------------------
Number clusters = 0.0
Max  Number points in event queue = 0.0
Avg number points in clusters= 0.0
Avg Rmc size = 0.0
Avg Length exps= 0.0
#window: 178
Total #outliers: 681
Average Time: 0.05645046802247195
Peak memory: 94.45271301269531
Time index, remove data from structure: 0.0018075125730337078
Time for querying: 0.0
Time for new slide: 0.049382540505617974
Time for expired slide: 0.007064199438202246
------------------------------------
Number clusters = 0.0
Max  Number points in event queue = 0.0
Avg number points in clusters= 0.0
Avg Rmc size = 0.0
Avg Length exps= 0.0
#window: 179
Total #outliers: 661
Average Time: 0.056426303396648086
Peak memory: 94.45271301269531
Time index, remove data from structure: 0.0018061344581005586
Time for querying: 0.0
Time for new slide: 0.04935143005027933
Time for expired slide: 0.007071147178770949
------------------------------------
Number clusters = 0.0
Max  Number points in event queue = 0.0
Avg number points in clusters= 0.0
Avg Rmc size = 0.0
Avg Length exps= 0.0
#window: 180
Total #outliers: 690
Average Time: 0.05641521300000005
Peak memory: 94.45271301269531
Time index, remove data from structure: 0.0018052904444444443
Time for querying: 0.0
Time for new slide: 0.049330124116666665
Time for expired slide: 0.007081364872222223
------------------------------------
Number clusters = 0.0
Max  Number points in event queue = 0.0
Avg number points in clusters= 0.0
Avg Rmc size = 0.0
Avg Length exps= 0.0
#window: 181
Total #outliers: 785
Average Time: 0.056390707453038716
Peak memory: 94.45271301269531
Time index, remove data from structure: 0.0018046963867403315
Time for querying: 0.0
Time for new slide: 0.04930366683425414
Time for expired slide: 0.007083318071823204
------------------------------------
Number clusters = 0.0
Max  Number points in event queue = 0.0
Avg number points in clusters= 0.0
Avg Rmc size = 0.0
Avg Length exps= 0.0
#window: 182
Total #outliers: 819
Average Time: 0.05638760753846159
Peak memory: 94.45271301269531
Time index, remove data from structure: 0.0018035330989010989
Time for querying: 0.0
Time for new slide: 0.0492839233076923
Time for expired slide: 0.007099961697802198
------------------------------------
Number clusters = 0.0
Max  Number points in event queue = 0.0
Avg number points in clusters= 0.0
Avg Rmc size = 0.0
Avg Length exps= 0.0
#window: 183
Total #outliers: 860
Average Time: 0.05636773786338802
Peak memory: 94.45271301269531
Time index, remove data from structure: 0.0018020212513661202
Time for querying: 0.0
Time for new slide: 0.04926283520765028
Time for expired slide: 0.00710118143715847
------------------------------------
Number clusters = 0.0
Max  Number points in event queue = 0.0
Avg number points in clusters= 0.0
Avg Rmc size = 0.0
Avg Length exps= 0.0
#window: 184
Total #outliers: 871
Average Time: 0.056362961201087
Peak memory: 94.45271301269531
Time index, remove data from structure: 0.001800986054347826
Time for querying: 0.0
Time for new slide: 0.04922418477717391
Time for expired slide: 0.007135054625000001
------------------------------------
Number clusters = 0.0
Max  Number points in event queue = 0.0
Avg number points in clusters= 0.0
Avg Rmc size = 0.0
Avg Length exps= 0.0
#window: 185
Total #outliers: 877
Average Time: 0.05638761775135139
Peak memory: 94.45271301269531
Time index, remove data from structure: 0.0017995290756756756
Time for querying: 0.0
Time for new slide: 0.049245730221621625
Time for expired slide: 0.007138167227027027
------------------------------------
Number clusters = 0.0
Max  Number points in event queue = 0.0
Avg number points in clusters= 0.0
Avg Rmc size = 0.0
Avg Length exps= 0.0
#window: 186
Total #outliers: 881
Average Time: 0.05644299819354843
Peak memory: 94.45271301269531
Time index, remove data from structure: 0.0017992620376344084
Time for querying: 0.0
Time for new slide: 0.04924756741935484
Time for expired slide: 0.007191711435483871
------------------------------------
Number clusters = 0.0
Max  Number points in event queue = 0.0
Avg number points in clusters= 0.0
Avg Rmc size = 0.0
Avg Length exps= 0.0
#window: 187
Total #outliers: 867
Average Time: 0.056490468058823566
Peak memory: 94.45271301269531
Time index, remove data from structure: 0.0017982229679144384
Time for querying: 0.0
Time for new slide: 0.04926831609090909
Time for expired slide: 0.007218436737967914
------------------------------------
Number clusters = 0.0
Max  Number points in event queue = 0.0
Avg number points in clusters= 0.0
Avg Rmc size = 0.0
Avg Length exps= 0.0
#window: 188
Total #outliers: 859
Average Time: 0.056513513250000036
Peak memory: 94.45271301269531
Time index, remove data from structure: 0.001796345074468085
Time for querying: 0.0
Time for new slide: 0.04929066305851064
Time for expired slide: 0.007219136611702128
------------------------------------
Number clusters = 0.0
Max  Number points in event queue = 0.0
Avg number points in clusters= 0.0
Avg Rmc size = 0.0
Avg Length exps= 0.0
#window: 189
Total #outliers: 843
Average Time: 0.0564931368624339
Peak memory: 94.45271301269531
Time index, remove data from structure: 0.0017943526296296296
Time for querying: 0.0
Time for new slide: 0.049270494465608466
Time for expired slide: 0.0072189306984126985
------------------------------------
Number clusters = 0.0
Max  Number points in event queue = 0.0
Avg number points in clusters= 0.0
Avg Rmc size = 0.0
Avg Length exps= 0.0
#window: 190
Total #outliers: 808
Average Time: 0.056473763852631614
Peak memory: 94.45271301269531
Time index, remove data from structure: 0.0017924072947368421
Time for querying: 0.0
Time for new slide: 0.04924206949473685
Time for expired slide: 0.007227987357894737
------------------------------------
Number clusters = 0.0
Max  Number points in event queue = 0.0
Avg number points in clusters= 0.0
Avg Rmc size = 0.0
Avg Length exps= 0.0
Average Time for a slide: 56.473764 ms
Peak memory: 94.45271301269531
Average CPU time: 0.056473763852631614
