#window: 1
Total #outliers: 169
Average Time: 0.0
Peak memory: 51.421669006347656
Time index, remove data from structure: 0.0
Time for querying: 0.0
Time for new slide: 0.0
Time for expired slide: 0.0
------------------------------------
Number clusters = 0.0
Max  Number points in event queue = 0.0
Avg number points in clusters= 0.0
Avg Rmc size = 0.0
Avg Length exps= 0.0
#window: 2
Total #outliers: 151
Average Time: 0.046898997
Peak memory: 56.26873779296875
Time index, remove data from structure: 0.003023608
Time for querying: 0.0
Time for new slide: 0.0407548895
Time for expired slide: 0.006142123
------------------------------------
Number clusters = 0.0
Max  Number points in event queue = 0.0
Avg number points in clusters= 0.0
Avg Rmc size = 0.0
Avg Length exps= 0.0
#window: 3
Total #outliers: 37
Average Time: 0.064815297
Peak memory: 56.26873779296875
Time index, remove data from structure: 0.0030902023333333334
Time for querying: 0.0
Time for new slide: 0.058320821333333335
Time for expired slide: 0.006492156666666666
------------------------------------
Number clusters = 0.0
Max  Number points in event queue = 0.0
Avg number points in clusters= 0.0
Avg Rmc size = 0.0
Avg Length exps= 0.0
#window: 4
Total #outliers: 29
Average Time: 0.069886282
Peak memory: 56.26873779296875
Time index, remove data from structure: 0.00299225975
Time for querying: 0.0
Time for new slide: 0.063548291
Time for expired slide: 0.0063355325
------------------------------------
Number clusters = 0.0
Max  Number points in event queue = 0.0
Avg number points in clusters= 0.0
Avg Rmc size = 0.0
Avg Length exps= 0.0
#window: 5
Total #outliers: 20
Average Time: 0.0676648604
Peak memory: 56.26873779296875
Time index, remove data from structure: 0.0029574073999999997
Time for querying: 0.0
Time for new slide: 0.0612202574
Time for expired slide: 0.006442089199999999
------------------------------------
Number clusters = 0.0
Max  Number points in event queue = 0.0
Avg number points in clusters= 0.0
Avg Rmc size = 0.0
Avg Length exps= 0.0
#window: 6
Total #outliers: 72
Average Time: 0.0709066895
Peak memory: 56.26873779296875
Time index, remove data from structure: 0.0029429293333333335
Time for querying: 0.0
Time for new slide: 0.06439184016666667
Time for expired slide: 0.006512232166666666
------------------------------------
Number clusters = 0.0
Max  Number points in event queue = 0.0
Avg number points in clusters= 0.0
Avg Rmc size = 0.0
Avg Length exps= 0.0
#window: 7
Total #outliers: 111
Average Time: 0.07278919057142856
Peak memory: 56.26873779296875
Time index, remove data from structure: 0.0029300227142857144
Time for querying: 0.0
Time for new slide: 0.06626273928571429
Time for expired slide: 0.0065237671428571425
------------------------------------
Number clusters = 0.0
Max  Number points in event queue = 0.0
Avg number points in clusters= 0.0
Avg Rmc size = 0.0
Avg Length exps= 0.0
#window: 8
Total #outliers: 24
Average Time: 0.06777462875
Peak memory: 56.26873779296875
Time index, remove data from structure: 0.00291548975
Time for querying: 0.0
Time for new slide: 0.061235771875
Time for expired slide: 0.006536091875
------------------------------------
Number clusters = 0.0
Max  Number points in event queue = 0.0
Avg number points in clusters= 0.0
Avg Rmc size = 0.0
Avg Length exps= 0.0
#window: 9
Total #outliers: 44
Average Time: 0.06871866533333332
Peak memory: 56.26873779296875
Time index, remove data from structure: 0.002858440111111111
Time for querying: 0.0
Time for new slide: 0.06230684
Time for expired slide: 0.006408394222222222
------------------------------------
Number clusters = 0.0
Max  Number points in event queue = 0.0
Avg number points in clusters= 0.0
Avg Rmc size = 0.0
Avg Length exps= 0.0
#window: 10
Total #outliers: 27
Average Time: 0.0665830526
Peak memory: 56.26873779296875
Time index, remove data from structure: 0.0027972024
Time for querying: 0.0
Time for new slide: 0.0603188591
Time for expired slide: 0.006260805899999999
------------------------------------
Number clusters = 0.0
Max  Number points in event queue = 0.0
Avg number points in clusters= 0.0
Avg Rmc size = 0.0
Avg Length exps= 0.0
#window: 11
Total #outliers: 27
Average Time: 0.06514610718181818
Peak memory: 56.26873779296875
Time index, remove data from structure: 0.0027488716363636362
Time for querying: 0.0
Time for new slide: 0.058962867545454545
Time for expired slide: 0.00617984290909091
------------------------------------
Number clusters = 0.0
Max  Number points in event queue = 0.0
Avg number points in clusters= 0.0
Avg Rmc size = 0.0
Avg Length exps= 0.0
#window: 12
Total #outliers: 84
Average Time: 0.0665182075
Peak memory: 56.26873779296875
Time index, remove data from structure: 0.0027211366666666666
Time for querying: 0.0
Time for new slide: 0.060374945000000006
Time for expired slide: 0.006139910333333334
------------------------------------
Number clusters = 0.0
Max  Number points in event queue = 0.0
Avg number points in clusters= 0.0
Avg Rmc size = 0.0
Avg Length exps= 0.0
#window: 13
Total #outliers: 184
Average Time: 0.06706320499999999
Peak memory: 56.26873779296875
Time index, remove data from structure: 0.0027175464615384615
Time for querying: 0.0
Time for new slide: 0.06092319630769231
Time for expired slide: 0.006136614307692307
------------------------------------
Number clusters = 0.0
Max  Number points in event queue = 0.0
Avg number points in clusters= 0.0
Avg Rmc size = 0.0
Avg Length exps= 0.0
#window: 14
Total #outliers: 61
Average Time: 0.0673121845
Peak memory: 56.26873779296875
Time index, remove data from structure: 0.0026851034285714287
Time for querying: 0.0
Time for new slide: 0.06119288021428571
Time for expired slide: 0.0061157488571428565
------------------------------------
Number clusters = 0.0
Max  Number points in event queue = 0.0
Avg number points in clusters= 0.0
Avg Rmc size = 0.0
Avg Length exps= 0.0
#window: 15
Total #outliers: 46
Average Time: 0.0669045044
Peak memory: 56.26873779296875
Time index, remove data from structure: 0.0026667644
Time for querying: 0.0
Time for new slide: 0.06081298413333334
Time for expired slide: 0.0060880101333333336
------------------------------------
Number clusters = 0.0
Max  Number points in event queue = 0.0
Avg number points in clusters= 0.0
Avg Rmc size = 0.0
Avg Length exps= 0.0
#window: 16
Total #outliers: 62
Average Time: 0.06656717462499999
Peak memory: 56.26873779296875
Time index, remove data from structure: 0.0026324524375
Time for querying: 0.0
Time for new slide: 0.0605716325
Time for expired slide: 0.0059920558125
------------------------------------
Number clusters = 0.0
Max  Number points in event queue = 0.0
Avg number points in clusters= 0.0
Avg Rmc size = 0.0
Avg Length exps= 0.0
#window: 17
Total #outliers: 97
Average Time: 0.06677882305882352
Peak memory: 56.26873779296875
Time index, remove data from structure: 0.002607555705882353
Time for querying: 0.0
Time for new slide: 0.06083067129411764
Time for expired slide: 0.005944674647058824
------------------------------------
Number clusters = 0.0
Max  Number points in event queue = 0.0
Avg number points in clusters= 0.0
Avg Rmc size = 0.0
Avg Length exps= 0.0
#window: 18
Total #outliers: 42
Average Time: 0.06583039211111111
Peak memory: 56.26873779296875
Time index, remove data from structure: 0.0025827896666666666
Time for querying: 0.0
Time for new slide: 0.059930016555555556
Time for expired slide: 0.005896944388888889
------------------------------------
Number clusters = 0.0
Max  Number points in event queue = 0.0
Avg number points in clusters= 0.0
Avg Rmc size = 0.0
Avg Length exps= 0.0
#window: 19
Total #outliers: 17
Average Time: 0.06458707163157895
Peak memory: 56.26873779296875
Time index, remove data from structure: 0.0025580534736842106
Time for querying: 0.0
Time for new slide: 0.058760889578947366
Time for expired slide: 0.0058227869473684215
------------------------------------
Number clusters = 0.0
Max  Number points in event queue = 0.0
Avg number points in clusters= 0.0
Avg Rmc size = 0.0
Avg Length exps= 0.0
#window: 20
Total #outliers: 50
Average Time: 0.06441513455
Peak memory: 56.26873779296875
Time index, remove data from structure: 0.0025400530500000002
Time for querying: 0.0
Time for new slide: 0.0586317238
Time for expired slide: 0.0057800378
------------------------------------
Number clusters = 0.0
Max  Number points in event queue = 0.0
Avg number points in clusters= 0.0
Avg Rmc size = 0.0
Avg Length exps= 0.0
#window: 21
Total #outliers: 26
Average Time: 0.06489556585714286
Peak memory: 56.26873779296875
Time index, remove data from structure: 0.0025212170952380953
Time for querying: 0.0
Time for new slide: 0.05917779242857143
Time for expired slide: 0.005714432
------------------------------------
Number clusters = 0.0
Max  Number points in event queue = 0.0
Avg number points in clusters= 0.0
Avg Rmc size = 0.0
Avg Length exps= 0.0
#window: 22
Total #outliers: 1
Average Time: 0.06412787009090909
Peak memory: 56.26873779296875
Time index, remove data from structure: 0.002502881727272727
Time for querying: 0.0
Time for new slide: 0.058443793545454543
Time for expired slide: 0.005680737954545455
------------------------------------
Number clusters = 0.0
Max  Number points in event queue = 0.0
Avg number points in clusters= 0.0
Avg Rmc size = 0.0
Avg Length exps= 0.0
#window: 23
Total #outliers: 1
Average Time: 0.06366165960869566
Peak memory: 56.26873779296875
Time index, remove data from structure: 0.002484613260869565
Time for querying: 0.0
Time for new slide: 0.05802188643478261
Time for expired slide: 0.005636444695652174
------------------------------------
Number clusters = 0.0
Max  Number points in event queue = 0.0
Avg number points in clusters= 0.0
Avg Rmc size = 0.0
Avg Length exps= 0.0
#window: 24
Total #outliers: 32
Average Time: 0.06372216816666668
Peak memory: 56.26873779296875
Time index, remove data from structure: 0.0024706642916666665
Time for querying: 0.0
Time for new slide: 0.058117359
Time for expired slide: 0.005601497208333334
------------------------------------
Number clusters = 0.0
Max  Number points in event queue = 0.0
Avg number points in clusters= 0.0
Avg Rmc size = 0.0
Avg Length exps= 0.0
#window: 25
Total #outliers: 53
Average Time: 0.06436961768
Peak memory: 56.26873779296875
Time index, remove data from structure: 0.00250339736
Time for querying: 0.0
Time for new slide: 0.058690440600000005
Time for expired slide: 0.00567583932
------------------------------------
Number clusters = 0.0
Max  Number points in event queue = 0.0
Avg number points in clusters= 0.0
Avg Rmc size = 0.0
Avg Length exps= 0.0
#window: 26
Total #outliers: 20
Average Time: 0.0647709061923077
Peak memory: 58.21412658691406
Time index, remove data from structure: 0.002486703923076923
Time for querying: 0.0
Time for new slide: 0.059123336692307696
Time for expired slide: 0.005644262115384616
------------------------------------
Number clusters = 0.0
Max  Number points in event queue = 0.0
Avg number points in clusters= 0.0
Avg Rmc size = 0.0
Avg Length exps= 0.0
#window: 27
Total #outliers: 12
Average Time: 0.06432656396296298
Peak memory: 58.21412658691406
Time index, remove data from structure: 0.00247599362962963
Time for querying: 0.0
Time for new slide: 0.05871820344444444
Time for expired slide: 0.005605086962962963
------------------------------------
Number clusters = 0.0
Max  Number points in event queue = 0.0
Avg number points in clusters= 0.0
Avg Rmc size = 0.0
Avg Length exps= 0.0
#window: 28
Total #outliers: 94
Average Time: 0.06470919642857144
Peak memory: 58.21412658691406
Time index, remove data from structure: 0.0024633940000000003
Time for querying: 0.0
Time for new slide: 0.05912544628571429
Time for expired slide: 0.00558048725
------------------------------------
Number clusters = 0.0
Max  Number points in event queue = 0.0
Avg number points in clusters= 0.0
Avg Rmc size = 0.0
Avg Length exps= 0.0
#window: 29
Total #outliers: 45
Average Time: 0.06528123768965517
Peak memory: 58.21412658691406
Time index, remove data from structure: 0.002453192172413793
Time for querying: 0.0
Time for new slide: 0.05972721927586207
Time for expired slide: 0.0055507771379310344
------------------------------------
Number clusters = 0.0
Max  Number points in event queue = 0.0
Avg number points in clusters= 0.0
Avg Rmc size = 0.0
Avg Length exps= 0.0
#window: 30
Total #outliers: 37
Average Time: 0.06515462456666667
Peak memory: 58.21412658691406
Time index, remove data from structure: 0.002443924133333333
Time for querying: 0.0
Time for new slide: 0.05963416836666667
Time for expired slide: 0.0055172331666666664
------------------------------------
Number clusters = 0.0
Max  Number points in event queue = 0.0
Avg number points in clusters= 0.0
Avg Rmc size = 0.0
Avg Length exps= 0.0
#window: 31
Total #outliers: 44
Average Time: 0.06547114658064515
Peak memory: 58.21412658691406
Time index, remove data from structure: 0.002429823
Time for querying: 0.0
Time for new slide: 0.0599674164516129
Time for expired slide: 0.005500504387096774
------------------------------------
Number clusters = 0.0
Max  Number points in event queue = 0.0
Avg number points in clusters= 0.0
Avg Rmc size = 0.0
Avg Length exps= 0.0
#window: 32
Total #outliers: 38
Average Time: 0.06556235409375
Peak memory: 58.21412658691406
Time index, remove data from structure: 0.00242097146875
Time for querying: 0.0
Time for new slide: 0.06007903321875
Time for expired slide: 0.00548010975
------------------------------------
Number clusters = 0.0
Max  Number points in event queue = 0.0
Avg number points in clusters= 0.0
Avg Rmc size = 0.0
Avg Length exps= 0.0
#window: 33
Total #outliers: 95
Average Time: 0.06604443284848485
Peak memory: 61.628868103027344
Time index, remove data from structure: 0.002415807484848485
Time for querying: 0.0
Time for new slide: 0.060580441969696974
Time for expired slide: 0.005460791363636364
------------------------------------
Number clusters = 0.0
Max  Number points in event queue = 0.0
Avg number points in clusters= 0.0
Avg Rmc size = 0.0
Avg Length exps= 0.0
#window: 34
Total #outliers: 59
Average Time: 0.06540875388235294
Peak memory: 61.628868103027344
Time index, remove data from structure: 0.0024182023235294115
Time for querying: 0.0
Time for new slide: 0.05995397135294118
Time for expired slide: 0.0054515927058823525
------------------------------------
Number clusters = 0.0
Max  Number points in event queue = 0.0
Avg number points in clusters= 0.0
Avg Rmc size = 0.0
Avg Length exps= 0.0
#window: 35
Total #outliers: 58
Average Time: 0.0650595911142857
Peak memory: 61.628868103027344
Time index, remove data from structure: 0.002409726742857143
Time for querying: 0.0
Time for new slide: 0.05962304505714285
Time for expired slide: 0.005433366914285714
------------------------------------
Number clusters = 0.0
Max  Number points in event queue = 0.0
Avg number points in clusters= 0.0
Avg Rmc size = 0.0
Avg Length exps= 0.0
#window: 36
Total #outliers: 82
Average Time: 0.06478063522222222
Peak memory: 61.628868103027344
Time index, remove data from structure: 0.002401235527777778
Time for querying: 0.0
Time for new slide: 0.059363146222222225
Time for expired slide: 0.0054143265
------------------------------------
Number clusters = 0.0
Max  Number points in event queue = 0.0
Avg number points in clusters= 0.0
Avg Rmc size = 0.0
Avg Length exps= 0.0
#window: 37
Total #outliers: 92
Average Time: 0.06486849245945944
Peak memory: 61.628868103027344
Time index, remove data from structure: 0.0023956924054054055
Time for querying: 0.0
Time for new slide: 0.059461891729729724
Time for expired slide: 0.005403442351351351
------------------------------------
Number clusters = 0.0
Max  Number points in event queue = 0.0
Avg number points in clusters= 0.0
Avg Rmc size = 0.0
Avg Length exps= 0.0
#window: 38
Total #outliers: 73
Average Time: 0.06523232918421051
Peak memory: 63.23645782470703
Time index, remove data from structure: 0.002388705052631579
Time for querying: 0.0
Time for new slide: 0.05984631052631579
Time for expired slide: 0.005382871315789474
------------------------------------
Number clusters = 0.0
Max  Number points in event queue = 0.0
Avg number points in clusters= 0.0
Avg Rmc size = 0.0
Avg Length exps= 0.0
#window: 39
Total #outliers: 144
Average Time: 0.06549621710256408
Peak memory: 63.23645782470703
Time index, remove data from structure: 0.0023872868461538464
Time for querying: 0.0
Time for new slide: 0.06012031366666667
Time for expired slide: 0.005372764923076923
------------------------------------
Number clusters = 0.0
Max  Number points in event queue = 0.0
Avg number points in clusters= 0.0
Avg Rmc size = 0.0
Avg Length exps= 0.0
#window: 40
Total #outliers: 47
Average Time: 0.06587307077499999
Peak memory: 63.23645782470703
Time index, remove data from structure: 0.00238730485
Time for querying: 0.0
Time for new slide: 0.060490401250000006
Time for expired slide: 0.00537953235
------------------------------------
Number clusters = 0.0
Max  Number points in event queue = 0.0
Avg number points in clusters= 0.0
Avg Rmc size = 0.0
Avg Length exps= 0.0
#window: 41
Total #outliers: 21
Average Time: 0.06576683982926827
Peak memory: 63.23645782470703
Time index, remove data from structure: 0.002382532804878049
Time for querying: 0.0
Time for new slide: 0.060396753439024384
Time for expired slide: 0.005366951097560976
------------------------------------
Number clusters = 0.0
Max  Number points in event queue = 0.0
Avg number points in clusters= 0.0
Avg Rmc size = 0.0
Avg Length exps= 0.0
#window: 42
Total #outliers: 37
Average Time: 0.0659998002142857
Peak memory: 63.23645782470703
Time index, remove data from structure: 0.002375430738095238
Time for querying: 0.0
Time for new slide: 0.060650362666666666
Time for expired slide: 0.005346310833333333
------------------------------------
Number clusters = 0.0
Max  Number points in event queue = 0.0
Avg number points in clusters= 0.0
Avg Rmc size = 0.0
Avg Length exps= 0.0
#window: 43
Total #outliers: 82
Average Time: 0.06671229423255812
Peak memory: 63.23645782470703
Time index, remove data from structure: 0.002374201581395349
Time for querying: 0.0
Time for new slide: 0.061360181744186046
Time for expired slide: 0.005348971604651163
------------------------------------
Number clusters = 0.0
Max  Number points in event queue = 0.0
Avg number points in clusters= 0.0
Avg Rmc size = 0.0
Avg Length exps= 0.0
#window: 44
Total #outliers: 52
Average Time: 0.06681220052272725
Peak memory: 63.23645782470703
Time index, remove data from structure: 0.0023758164090909094
Time for querying: 0.0
Time for new slide: 0.06145501063636363
Time for expired slide: 0.0053540412727272725
------------------------------------
Number clusters = 0.0
Max  Number points in event queue = 0.0
Avg number points in clusters= 0.0
Avg Rmc size = 0.0
Avg Length exps= 0.0
#window: 45
Total #outliers: 28
Average Time: 0.06694624866666665
Peak memory: 63.23645782470703
Time index, remove data from structure: 0.0023776310444444445
Time for querying: 0.0
Time for new slide: 0.06160048842222222
Time for expired slide: 0.005342608955555555
------------------------------------
Number clusters = 0.0
Max  Number points in event queue = 0.0
Avg number points in clusters= 0.0
Avg Rmc size = 0.0
Avg Length exps= 0.0
#window: 46
Total #outliers: 71
Average Time: 0.06760772482608694
Peak memory: 63.23645782470703
Time index, remove data from structure: 0.0023738722391304346
Time for querying: 0.0
Time for new slide: 0.06228088452173913
Time for expired slide: 0.005323696760869565
------------------------------------
Number clusters = 0.0
Max  Number points in event queue = 0.0
Avg number points in clusters= 0.0
Avg Rmc size = 0.0
Avg Length exps= 0.0
#window: 47
Total #outliers: 105
Average Time: 0.06859596134042552
Peak memory: 63.23645782470703
Time index, remove data from structure: 0.0023726161914893614
Time for querying: 0.0
Time for new slide: 0.06327929180851063
Time for expired slide: 0.005313516744680851
------------------------------------
Number clusters = 0.0
Max  Number points in event queue = 0.0
Avg number points in clusters= 0.0
Avg Rmc size = 0.0
Avg Length exps= 0.0
#window: 48
Total #outliers: 195
Average Time: 0.06920765118749998
Peak memory: 63.23645782470703
Time index, remove data from structure: 0.0023774843333333336
Time for querying: 0.0
Time for new slide: 0.06389138202083333
Time for expired slide: 0.005313125791666667
------------------------------------
Number clusters = 0.0
Max  Number points in event queue = 0.0
Avg number points in clusters= 0.0
Avg Rmc size = 0.0
Avg Length exps= 0.0
#window: 49
Total #outliers: 250
Average Time: 0.07074007624489795
Peak memory: 63.23645782470703
Time index, remove data from structure: 0.002379548897959184
Time for querying: 0.0
Time for new slide: 0.06542095934693877
Time for expired slide: 0.005315970775510204
------------------------------------
Number clusters = 0.0
Max  Number points in event queue = 0.0
Avg number points in clusters= 0.0
Avg Rmc size = 0.0
Avg Length exps= 0.0
#window: 50
Total #outliers: 0
Average Time: 0.07073195631999998
Peak memory: 63.23645782470703
Time index, remove data from structure: 0.00237854056
Time for querying: 0.0
Time for new slide: 0.06541673474000001
Time for expired slide: 0.00531208848
------------------------------------
Number clusters = 0.0
Max  Number points in event queue = 0.0
Avg number points in clusters= 0.0
Avg Rmc size = 0.0
Avg Length exps= 0.0
#window: 51
Total #outliers: 25
Average Time: 0.07041765119607842
Peak memory: 63.23645782470703
Time index, remove data from structure: 0.002377405843137255
Time for querying: 0.0
Time for new slide: 0.06510207470588235
Time for expired slide: 0.005312454294117646
------------------------------------
Number clusters = 0.0
Max  Number points in event queue = 0.0
Avg number points in clusters= 0.0
Avg Rmc size = 0.0
Avg Length exps= 0.0
#window: 52
Total #outliers: 17
Average Time: 0.06975778059615383
Peak memory: 63.23645782470703
Time index, remove data from structure: 0.0023719414807692307
Time for querying: 0.0
Time for new slide: 0.06445708890384615
Time for expired slide: 0.005297577076923077
------------------------------------
Number clusters = 0.0
Max  Number points in event queue = 0.0
Avg number points in clusters= 0.0
Avg Rmc size = 0.0
Avg Length exps= 0.0
#window: 53
Total #outliers: 13
Average Time: 0.06959507266037734
Peak memory: 63.23645782470703
Time index, remove data from structure: 0.0023692050188679247
Time for querying: 0.0
Time for new slide: 0.0643057293773585
Time for expired slide: 0.005286242358490566
------------------------------------
Number clusters = 0.0
Max  Number points in event queue = 0.0
Avg number points in clusters= 0.0
Avg Rmc size = 0.0
Avg Length exps= 0.0
#window: 54
Total #outliers: 115
Average Time: 0.07040564083333332
Peak memory: 63.23645782470703
Time index, remove data from structure: 0.0023722466666666665
Time for querying: 0.0
Time for new slide: 0.06513080816666666
Time for expired slide: 0.005271731518518519
------------------------------------
Number clusters = 0.0
Max  Number points in event queue = 0.0
Avg number points in clusters= 0.0
Avg Rmc size = 0.0
Avg Length exps= 0.0
#window: 55
Total #outliers: 56
Average Time: 0.07037520981818181
Peak memory: 63.23645782470703
Time index, remove data from structure: 0.002376053072727273
Time for querying: 0.0
Time for new slide: 0.06510516005454546
Time for expired slide: 0.0052669478363636365
------------------------------------
Number clusters = 0.0
Max  Number points in event queue = 0.0
Avg number points in clusters= 0.0
Avg Rmc size = 0.0
Avg Length exps= 0.0
#window: 56
Total #outliers: 29
Average Time: 0.07041986642857143
Peak memory: 63.23645782470703
Time index, remove data from structure: 0.0023719091249999997
Time for querying: 0.0
Time for new slide: 0.06515558423214286
Time for expired slide: 0.005261183714285715
------------------------------------
Number clusters = 0.0
Max  Number points in event queue = 0.0
Avg number points in clusters= 0.0
Avg Rmc size = 0.0
Avg Length exps= 0.0
#window: 57
Total #outliers: 12
Average Time: 0.07000443343859648
Peak memory: 63.23645782470703
Time index, remove data from structure: 0.0023712050175438595
Time for querying: 0.0
Time for new slide: 0.06473800612280702
Time for expired slide: 0.005263333333333333
------------------------------------
Number clusters = 0.0
Max  Number points in event queue = 0.0
Avg number points in clusters= 0.0
Avg Rmc size = 0.0
Avg Length exps= 0.0
Average Time for a slide: 70.004433 ms
Peak memory: 63.23645782470703
Average CPU time: 0.07000443343859648
