#window: 1
Total #outliers: 871
Average Time: 0.0
Peak memory: 131.67052459716797
Time index, remove data from structure: 0.0
Time for querying: 0.0
Time for new slide: 0.0
Time for expired slide: 0.0
------------------------------------
Number clusters = 0.0
Max  Number points in event queue = 0.0
Avg number points in clusters= 0.0
Avg Rmc size = 0.0
Avg Length exps= 0.0
#window: 2
Total #outliers: 855
Average Time: 0.109930402
Peak memory: 131.67052459716797
Time index, remove data from structure: 0.002042663
Time for querying: 0.0
Time for new slide: 0.09791022
Time for expired slide: 0.012018281
------------------------------------
Number clusters = 0.0
Max  Number points in event queue = 0.0
Avg number points in clusters= 0.0
Avg Rmc size = 0.0
Avg Length exps= 0.0
#window: 3
Total #outliers: 879
Average Time: 0.14806022366666668
Peak memory: 131.67052459716797
Time index, remove data from structure: 0.002240977
Time for querying: 0.0
Time for new slide: 0.13365114033333333
Time for expired slide: 0.014406707
------------------------------------
Number clusters = 0.0
Max  Number points in event queue = 0.0
Avg number points in clusters= 0.0
Avg Rmc size = 0.0
Avg Length exps= 0.0
#window: 4
Total #outliers: 858
Average Time: 0.16485496675
Peak memory: 131.67052459716797
Time index, remove data from structure: 0.002197878
Time for querying: 0.0
Time for new slide: 0.1496013065
Time for expired slide: 0.015251079
------------------------------------
Number clusters = 0.0
Max  Number points in event queue = 0.0
Avg number points in clusters= 0.0
Avg Rmc size = 0.0
Avg Length exps= 0.0
#window: 5
Total #outliers: 862
Average Time: 0.172666412
Peak memory: 131.67052459716797
Time index, remove data from structure: 0.002188462
Time for querying: 0.0
Time for new slide: 0.1569164904
Time for expired slide: 0.0157472456
------------------------------------
Number clusters = 0.0
Max  Number points in event queue = 0.0
Avg number points in clusters= 0.0
Avg Rmc size = 0.0
Avg Length exps= 0.0
#window: 6
Total #outliers: 862
Average Time: 0.17759330249999997
Peak memory: 131.67052459716797
Time index, remove data from structure: 0.002188862
Time for querying: 0.0
Time for new slide: 0.1615750435
Time for expired slide: 0.016015499666666665
------------------------------------
Number clusters = 0.0
Max  Number points in event queue = 0.0
Avg number points in clusters= 0.0
Avg Rmc size = 0.0
Avg Length exps= 0.0
#window: 7
Total #outliers: 840
Average Time: 0.18210036785714284
Peak memory: 131.67052459716797
Time index, remove data from structure: 0.0022345624285714286
Time for querying: 0.0
Time for new slide: 0.16487641728571428
Time for expired slide: 0.017221147285714285
------------------------------------
Number clusters = 0.0
Max  Number points in event queue = 0.0
Avg number points in clusters= 0.0
Avg Rmc size = 0.0
Avg Length exps= 0.0
#window: 8
Total #outliers: 836
Average Time: 0.18449193525
Peak memory: 131.67052459716797
Time index, remove data from structure: 0.0022335735
Time for querying: 0.0
Time for new slide: 0.16724663725
Time for expired slide: 0.01724245475
------------------------------------
Number clusters = 0.0
Max  Number points in event queue = 0.0
Avg number points in clusters= 0.0
Avg Rmc size = 0.0
Avg Length exps= 0.0
#window: 9
Total #outliers: 837
Average Time: 0.18590886222222222
Peak memory: 131.67052459716797
Time index, remove data from structure: 0.0022612774444444443
Time for querying: 0.0
Time for new slide: 0.16724079011111112
Time for expired slide: 0.01866517911111111
------------------------------------
Number clusters = 0.0
Max  Number points in event queue = 0.0
Avg number points in clusters= 0.0
Avg Rmc size = 0.0
Avg Length exps= 0.0
#window: 10
Total #outliers: 846
Average Time: 0.1862901234
Peak memory: 131.67052459716797
Time index, remove data from structure: 0.0022540175
Time for querying: 0.0
Time for new slide: 0.16776192809999999
Time for expired slide: 0.018525282400000002
------------------------------------
Number clusters = 0.0
Max  Number points in event queue = 0.0
Avg number points in clusters= 0.0
Avg Rmc size = 0.0
Avg Length exps= 0.0
#window: 11
Total #outliers: 822
Average Time: 0.18699160672727275
Peak memory: 131.67052459716797
Time index, remove data from structure: 0.002252300818181818
Time for querying: 0.0
Time for new slide: 0.16753181827272726
Time for expired slide: 0.019456818545454543
------------------------------------
Number clusters = 0.0
Max  Number points in event queue = 0.0
Avg number points in clusters= 0.0
Avg Rmc size = 0.0
Avg Length exps= 0.0
#window: 12
Total #outliers: 834
Average Time: 0.18690085816666668
Peak memory: 131.67052459716797
Time index, remove data from structure: 0.002258594333333333
Time for querying: 0.0
Time for new slide: 0.16763448758333332
Time for expired slide: 0.019263353333333334
------------------------------------
Number clusters = 0.0
Max  Number points in event queue = 0.0
Avg number points in clusters= 0.0
Avg Rmc size = 0.0
Avg Length exps= 0.0
#window: 13
Total #outliers: 813
Average Time: 0.1870564407692308
Peak memory: 131.67052459716797
Time index, remove data from structure: 0.0022746196923076924
Time for querying: 0.0
Time for new slide: 0.16752953738461537
Time for expired slide: 0.019523895461538463
------------------------------------
Number clusters = 0.0
Max  Number points in event queue = 0.0
Avg number points in clusters= 0.0
Avg Rmc size = 0.0
Avg Length exps= 0.0
#window: 14
Total #outliers: 809
Average Time: 0.18748019885714287
Peak memory: 131.67052459716797
Time index, remove data from structure: 0.0022954577857142856
Time for querying: 0.0
Time for new slide: 0.16763244635714286
Time for expired slide: 0.019844767571428574
------------------------------------
Number clusters = 0.0
Max  Number points in event queue = 0.0
Avg number points in clusters= 0.0
Avg Rmc size = 0.0
Avg Length exps= 0.0
#window: 15
Total #outliers: 808
Average Time: 0.18703770086666668
Peak memory: 131.67052459716797
Time index, remove data from structure: 0.0022942195333333333
Time for querying: 0.0
Time for new slide: 0.16735606653333335
Time for expired slide: 0.01967767186666667
------------------------------------
Number clusters = 0.0
Max  Number points in event queue = 0.0
Avg number points in clusters= 0.0
Avg Rmc size = 0.0
Avg Length exps= 0.0
#window: 16
Total #outliers: 814
Average Time: 0.18641988006250002
Peak memory: 131.67052459716797
Time index, remove data from structure: 0.002309048125
Time for querying: 0.0
Time for new slide: 0.166882667375
Time for expired slide: 0.019533246875
------------------------------------
Number clusters = 0.0
Max  Number points in event queue = 0.0
Avg number points in clusters= 0.0
Avg Rmc size = 0.0
Avg Length exps= 0.0
#window: 17
Total #outliers: 818
Average Time: 0.18628799323529413
Peak memory: 131.67052459716797
Time index, remove data from structure: 0.002302764705882353
Time for querying: 0.0
Time for new slide: 0.16661342441176472
Time for expired slide: 0.01967062564705882
------------------------------------
Number clusters = 0.0
Max  Number points in event queue = 0.0
Avg number points in clusters= 0.0
Avg Rmc size = 0.0
Avg Length exps= 0.0
#window: 18
Total #outliers: 828
Average Time: 0.1859215776111111
Peak memory: 131.67052459716797
Time index, remove data from structure: 0.0023048673333333335
Time for querying: 0.0
Time for new slide: 0.16612417933333334
Time for expired slide: 0.019793484444444443
------------------------------------
Number clusters = 0.0
Max  Number points in event queue = 0.0
Avg number points in clusters= 0.0
Avg Rmc size = 0.0
Avg Length exps= 0.0
#window: 19
Total #outliers: 835
Average Time: 0.1858234207894737
Peak memory: 131.67052459716797
Time index, remove data from structure: 0.002292223421052632
Time for querying: 0.0
Time for new slide: 0.16621839600000002
Time for expired slide: 0.019601164157894736
------------------------------------
Number clusters = 0.0
Max  Number points in event queue = 0.0
Avg number points in clusters= 0.0
Avg Rmc size = 0.0
Avg Length exps= 0.0
#window: 20
Total #outliers: 832
Average Time: 0.1852407804
Peak memory: 131.67052459716797
Time index, remove data from structure: 0.00228397765
Time for querying: 0.0
Time for new slide: 0.16581009545
Time for expired slide: 0.0194268518
------------------------------------
Number clusters = 0.0
Max  Number points in event queue = 0.0
Avg number points in clusters= 0.0
Avg Rmc size = 0.0
Avg Length exps= 0.0
#window: 21
Total #outliers: 844
Average Time: 0.18474515123809523
Peak memory: 131.67052459716797
Time index, remove data from structure: 0.0022873702380952383
Time for querying: 0.0
Time for new slide: 0.16542132423809525
Time for expired slide: 0.019319963285714288
------------------------------------
Number clusters = 0.0
Max  Number points in event queue = 0.0
Avg number points in clusters= 0.0
Avg Rmc size = 0.0
Avg Length exps= 0.0
#window: 22
Total #outliers: 819
Average Time: 0.18426999745454545
Peak memory: 131.67052459716797
Time index, remove data from structure: 0.002281458090909091
Time for querying: 0.0
Time for new slide: 0.1650746175
Time for expired slide: 0.019191527863636364
------------------------------------
Number clusters = 0.0
Max  Number points in event queue = 0.0
Avg number points in clusters= 0.0
Avg Rmc size = 0.0
Avg Length exps= 0.0
#window: 23
Total #outliers: 827
Average Time: 0.1837162565652174
Peak memory: 131.67052459716797
Time index, remove data from structure: 0.002280173
Time for querying: 0.0
Time for new slide: 0.16463463186956523
Time for expired slide: 0.019077800260869564
------------------------------------
Number clusters = 0.0
Max  Number points in event queue = 0.0
Avg number points in clusters= 0.0
Avg Rmc size = 0.0
Avg Length exps= 0.0
#window: 24
Total #outliers: 814
Average Time: 0.18341887104166665
Peak memory: 131.67052459716797
Time index, remove data from structure: 0.0022794113333333334
Time for querying: 0.0
Time for new slide: 0.16422792066666667
Time for expired slide: 0.01918699595833333
------------------------------------
Number clusters = 0.0
Max  Number points in event queue = 0.0
Avg number points in clusters= 0.0
Avg Rmc size = 0.0
Avg Length exps= 0.0
#window: 25
Total #outliers: 818
Average Time: 0.183154256
Peak memory: 131.67052459716797
Time index, remove data from structure: 0.0022757575599999997
Time for querying: 0.0
Time for new slide: 0.16382619408
Time for expired slide: 0.0193241368
------------------------------------
Number clusters = 0.0
Max  Number points in event queue = 0.0
Avg number points in clusters= 0.0
Avg Rmc size = 0.0
Avg Length exps= 0.0
#window: 26
Total #outliers: 816
Average Time: 0.18298731030769227
Peak memory: 131.67052459716797
Time index, remove data from structure: 0.002269538769230769
Time for querying: 0.0
Time for new slide: 0.16359526988461537
Time for expired slide: 0.0193881585
------------------------------------
Number clusters = 0.0
Max  Number points in event queue = 0.0
Avg number points in clusters= 0.0
Avg Rmc size = 0.0
Avg Length exps= 0.0
#window: 27
Total #outliers: 822
Average Time: 0.18234630459259257
Peak memory: 131.67052459716797
Time index, remove data from structure: 0.0022599405185185183
Time for querying: 0.0
Time for new slide: 0.16308831596296297
Time for expired slide: 0.019254154259259262
------------------------------------
Number clusters = 0.0
Max  Number points in event queue = 0.0
Avg number points in clusters= 0.0
Avg Rmc size = 0.0
Avg Length exps= 0.0
#window: 28
Total #outliers: 821
Average Time: 0.18200179539285713
Peak memory: 131.67052459716797
Time index, remove data from structure: 0.0022569808571428576
Time for querying: 0.0
Time for new slide: 0.16285787485714284
Time for expired slide: 0.019140104071428573
------------------------------------
Number clusters = 0.0
Max  Number points in event queue = 0.0
Avg number points in clusters= 0.0
Avg Rmc size = 0.0
Avg Length exps= 0.0
#window: 29
Total #outliers: 839
Average Time: 0.1821504594827586
Peak memory: 131.67052459716797
Time index, remove data from structure: 0.002257268827586207
Time for querying: 0.0
Time for new slide: 0.1625887915172414
Time for expired slide: 0.019557867068965517
------------------------------------
Number clusters = 0.0
Max  Number points in event queue = 0.0
Avg number points in clusters= 0.0
Avg Rmc size = 0.0
Avg Length exps= 0.0
#window: 30
Total #outliers: 853
Average Time: 0.18192857579999996
Peak memory: 131.67052459716797
Time index, remove data from structure: 0.0022524786333333333
Time for querying: 0.0
Time for new slide: 0.1622924176
Time for expired slide: 0.0196323851
------------------------------------
Number clusters = 0.0
Max  Number points in event queue = 0.0
Avg number points in clusters= 0.0
Avg Rmc size = 0.0
Avg Length exps= 0.0
#window: 31
Total #outliers: 858
Average Time: 0.18156450367741933
Peak memory: 131.67052459716797
Time index, remove data from structure: 0.002248207064516129
Time for querying: 0.0
Time for new slide: 0.16204292816129032
Time for expired slide: 0.019517834903225804
------------------------------------
Number clusters = 0.0
Max  Number points in event queue = 0.0
Avg number points in clusters= 0.0
Avg Rmc size = 0.0
Avg Length exps= 0.0
#window: 32
Total #outliers: 860
Average Time: 0.18137736131249996
Peak memory: 131.67052459716797
Time index, remove data from structure: 0.0022405598125
Time for querying: 0.0
Time for new slide: 0.16176970659375
Time for expired slide: 0.0196039354375
------------------------------------
Number clusters = 0.0
Max  Number points in event queue = 0.0
Avg number points in clusters= 0.0
Avg Rmc size = 0.0
Avg Length exps= 0.0
#window: 33
Total #outliers: 866
Average Time: 0.18166552618181814
Peak memory: 131.67052459716797
Time index, remove data from structure: 0.0022469435454545456
Time for querying: 0.0
Time for new slide: 0.1615024983030303
Time for expired slide: 0.02015932387878788
------------------------------------
Number clusters = 0.0
Max  Number points in event queue = 0.0
Avg number points in clusters= 0.0
Avg Rmc size = 0.0
Avg Length exps= 0.0
#window: 34
Total #outliers: 861
Average Time: 0.18143831417647052
Peak memory: 131.67052459716797
Time index, remove data from structure: 0.0022523723235294115
Time for querying: 0.0
Time for new slide: 0.16121650161764706
Time for expired slide: 0.02021812138235294
------------------------------------
Number clusters = 0.0
Max  Number points in event queue = 0.0
Avg number points in clusters= 0.0
Avg Rmc size = 0.0
Avg Length exps= 0.0
#window: 35
Total #outliers: 839
Average Time: 0.1811967727714285
Peak memory: 131.67052459716797
Time index, remove data from structure: 0.0022459017714285714
Time for querying: 0.0
Time for new slide: 0.16091823502857144
Time for expired slide: 0.020274865514285714
------------------------------------
Number clusters = 0.0
Max  Number points in event queue = 0.0
Avg number points in clusters= 0.0
Avg Rmc size = 0.0
Avg Length exps= 0.0
#window: 36
Total #outliers: 837
Average Time: 0.1808099213055555
Peak memory: 131.67052459716797
Time index, remove data from structure: 0.0022403585555555556
Time for querying: 0.0
Time for new slide: 0.1606471442777778
Time for expired slide: 0.020159123805555554
------------------------------------
Number clusters = 0.0
Max  Number points in event queue = 0.0
Avg number points in clusters= 0.0
Avg Rmc size = 0.0
Avg Length exps= 0.0
#window: 37
Total #outliers: 832
Average Time: 0.18057809867567562
Peak memory: 131.67052459716797
Time index, remove data from structure: 0.0022414834324324326
Time for querying: 0.0
Time for new slide: 0.16036472597297297
Time for expired slide: 0.020209730081081078
------------------------------------
Number clusters = 0.0
Max  Number points in event queue = 0.0
Avg number points in clusters= 0.0
Avg Rmc size = 0.0
Avg Length exps= 0.0
#window: 38
Total #outliers: 807
Average Time: 0.1801899461315789
Peak memory: 131.67052459716797
Time index, remove data from structure: 0.0022402492631578945
Time for querying: 0.0
Time for new slide: 0.16008217563157895
Time for expired slide: 0.020104144105263157
------------------------------------
Number clusters = 0.0
Max  Number points in event queue = 0.0
Avg number points in clusters= 0.0
Avg Rmc size = 0.0
Avg Length exps= 0.0
#window: 39
Total #outliers: 823
Average Time: 0.1797438153333333
Peak memory: 131.67052459716797
Time index, remove data from structure: 0.0022353390512820513
Time for querying: 0.0
Time for new slide: 0.15974353020512821
Time for expired slide: 0.01999665541025641
------------------------------------
Number clusters = 0.0
Max  Number points in event queue = 0.0
Avg number points in clusters= 0.0
Avg Rmc size = 0.0
Avg Length exps= 0.0
#window: 40
Total #outliers: 811
Average Time: 0.17956796962499996
Peak memory: 131.67052459716797
Time index, remove data from structure: 0.0022370589
Time for querying: 0.0
Time for new slide: 0.159425043175
Time for expired slide: 0.02013931115
------------------------------------
Number clusters = 0.0
Max  Number points in event queue = 0.0
Avg number points in clusters= 0.0
Avg Rmc size = 0.0
Avg Length exps= 0.0
#window: 41
Total #outliers: 833
Average Time: 0.17937794526829265
Peak memory: 131.67052459716797
Time index, remove data from structure: 0.002232861731707317
Time for querying: 0.0
Time for new slide: 0.15922443192682928
Time for expired slide: 0.020149918268292683
------------------------------------
Number clusters = 0.0
Max  Number points in event queue = 0.0
Avg number points in clusters= 0.0
Avg Rmc size = 0.0
Avg Length exps= 0.0
#window: 42
Total #outliers: 815
Average Time: 0.17892230090476188
Peak memory: 131.67052459716797
Time index, remove data from structure: 0.0022305712380952377
Time for querying: 0.0
Time for new slide: 0.15885753223809523
Time for expired slide: 0.020061197547619047
------------------------------------
Number clusters = 0.0
Max  Number points in event queue = 0.0
Avg number points in clusters= 0.0
Avg Rmc size = 0.0
Avg Length exps= 0.0
#window: 43
Total #outliers: 855
Average Time: 0.17889567676744184
Peak memory: 131.67052459716797
Time index, remove data from structure: 0.002228965488372093
Time for querying: 0.0
Time for new slide: 0.1588057746511628
Time for expired slide: 0.020086338162790696
------------------------------------
Number clusters = 0.0
Max  Number points in event queue = 0.0
Avg number points in clusters= 0.0
Avg Rmc size = 0.0
Avg Length exps= 0.0
#window: 44
Total #outliers: 868
Average Time: 0.17872118470454543
Peak memory: 131.67052459716797
Time index, remove data from structure: 0.0022284096136363637
Time for querying: 0.0
Time for new slide: 0.15871695018181817
Time for expired slide: 0.020000677204545455
------------------------------------
Number clusters = 0.0
Max  Number points in event queue = 0.0
Avg number points in clusters= 0.0
Avg Rmc size = 0.0
Avg Length exps= 0.0
#window: 45
Total #outliers: 869
Average Time: 0.17854372097777776
Peak memory: 131.67052459716797
Time index, remove data from structure: 0.0022226729555555554
Time for querying: 0.0
Time for new slide: 0.15862422906666665
Time for expired slide: 0.01991595008888889
------------------------------------
Number clusters = 0.0
Max  Number points in event queue = 0.0
Avg number points in clusters= 0.0
Avg Rmc size = 0.0
Avg Length exps= 0.0
#window: 46
Total #outliers: 844
Average Time: 0.17831937193478256
Peak memory: 131.67052459716797
Time index, remove data from structure: 0.0022195116304347825
Time for querying: 0.0
Time for new slide: 0.15847166054347825
Time for expired slide: 0.01984417684782609
------------------------------------
Number clusters = 0.0
Max  Number points in event queue = 0.0
Avg number points in clusters= 0.0
Avg Rmc size = 0.0
Avg Length exps= 0.0
#window: 47
Total #outliers: 875
Average Time: 0.17803712476595743
Peak memory: 131.67052459716797
Time index, remove data from structure: 0.002218996936170213
Time for querying: 0.0
Time for new slide: 0.15825709538297872
Time for expired slide: 0.019776486829787235
------------------------------------
Number clusters = 0.0
Max  Number points in event queue = 0.0
Avg number points in clusters= 0.0
Avg Rmc size = 0.0
Avg Length exps= 0.0
#window: 48
Total #outliers: 848
Average Time: 0.1778315887083333
Peak memory: 131.67052459716797
Time index, remove data from structure: 0.002215536520833333
Time for querying: 0.0
Time for new slide: 0.1581254480625
Time for expired slide: 0.019702612958333334
------------------------------------
Number clusters = 0.0
Max  Number points in event queue = 0.0
Avg number points in clusters= 0.0
Avg Rmc size = 0.0
Avg Length exps= 0.0
#window: 49
Total #outliers: 864
Average Time: 0.17768632969387754
Peak memory: 131.67052459716797
Time index, remove data from structure: 0.0022138626326530615
Time for querying: 0.0
Time for new slide: 0.15795440281632653
Time for expired slide: 0.019728404510204082
------------------------------------
Number clusters = 0.0
Max  Number points in event queue = 0.0
Avg number points in clusters= 0.0
Avg Rmc size = 0.0
Avg Length exps= 0.0
#window: 50
Total #outliers: 839
Average Time: 0.17757628599999997
Peak memory: 131.67052459716797
Time index, remove data from structure: 0.0022139741600000003
Time for querying: 0.0
Time for new slide: 0.15781028304
Time for expired slide: 0.01976247808
------------------------------------
Number clusters = 0.0
Max  Number points in event queue = 0.0
Avg number points in clusters= 0.0
Avg Rmc size = 0.0
Avg Length exps= 0.0
#window: 51
Total #outliers: 826
Average Time: 0.17736647758823526
Peak memory: 131.67052459716797
Time index, remove data from structure: 0.002208342705882353
Time for querying: 0.0
Time for new slide: 0.15767074488235294
Time for expired slide: 0.019692224980392158
------------------------------------
Number clusters = 0.0
Max  Number points in event queue = 0.0
Avg number points in clusters= 0.0
Avg Rmc size = 0.0
Avg Length exps= 0.0
#window: 52
Total #outliers: 857
Average Time: 0.17731377549999994
Peak memory: 131.67052459716797
Time index, remove data from structure: 0.0022056952692307693
Time for querying: 0.0
Time for new slide: 0.15748898390384614
Time for expired slide: 0.01982129851923077
------------------------------------
Number clusters = 0.0
Max  Number points in event queue = 0.0
Avg number points in clusters= 0.0
Avg Rmc size = 0.0
Avg Length exps= 0.0
#window: 53
Total #outliers: 862
Average Time: 0.17707765430188674
Peak memory: 131.67052459716797
Time index, remove data from structure: 0.002202180735849057
Time for querying: 0.0
Time for new slide: 0.15731792526415092
Time for expired slide: 0.019756236981132075
------------------------------------
Number clusters = 0.0
Max  Number points in event queue = 0.0
Avg number points in clusters= 0.0
Avg Rmc size = 0.0
Avg Length exps= 0.0
#window: 54
Total #outliers: 869
Average Time: 0.176907140537037
Peak memory: 131.67052459716797
Time index, remove data from structure: 0.002198678759259259
Time for querying: 0.0
Time for new slide: 0.15710818551851854
Time for expired slide: 0.019795469111111113
------------------------------------
Number clusters = 0.0
Max  Number points in event queue = 0.0
Avg number points in clusters= 0.0
Avg Rmc size = 0.0
Avg Length exps= 0.0
#window: 55
Total #outliers: 881
Average Time: 0.17683243719999994
Peak memory: 131.67052459716797
Time index, remove data from structure: 0.0021950612545454545
Time for querying: 0.0
Time for new slide: 0.15696531530909089
Time for expired slide: 0.019863353072727272
------------------------------------
Number clusters = 0.0
Max  Number points in event queue = 0.0
Avg number points in clusters= 0.0
Avg Rmc size = 0.0
Avg Length exps= 0.0
#window: 56
Total #outliers: 878
Average Time: 0.17678541207142853
Peak memory: 131.67052459716797
Time index, remove data from structure: 0.0021914491964285716
Time for querying: 0.0
Time for new slide: 0.15680621005357143
Time for expired slide: 0.019975443732142856
------------------------------------
Number clusters = 0.0
Max  Number points in event queue = 0.0
Avg number points in clusters= 0.0
Avg Rmc size = 0.0
Avg Length exps= 0.0
#window: 57
Total #outliers: 877
Average Time: 0.17659870791228066
Peak memory: 131.67052459716797
Time index, remove data from structure: 0.002185476842105263
Time for querying: 0.0
Time for new slide: 0.15668338
Time for expired slide: 0.019911576719298243
------------------------------------
Number clusters = 0.0
Max  Number points in event queue = 0.0
Avg number points in clusters= 0.0
Avg Rmc size = 0.0
Avg Length exps= 0.0
#window: 58
Total #outliers: 894
Average Time: 0.1764480157931034
Peak memory: 131.67052459716797
Time index, remove data from structure: 0.002182793327586207
Time for querying: 0.0
Time for new slide: 0.1565934037586207
Time for expired slide: 0.01985087017241379
------------------------------------
Number clusters = 0.0
Max  Number points in event queue = 0.0
Avg number points in clusters= 0.0
Avg Rmc size = 0.0
Avg Length exps= 0.0
#window: 59
Total #outliers: 879
Average Time: 0.17617138879661012
Peak memory: 131.67052459716797
Time index, remove data from structure: 0.0021793009152542373
Time for querying: 0.0
Time for new slide: 0.15638057894915253
Time for expired slide: 0.01978707425423729
------------------------------------
Number clusters = 0.0
Max  Number points in event queue = 0.0
Avg number points in clusters= 0.0
Avg Rmc size = 0.0
Avg Length exps= 0.0
#window: 60
Total #outliers: 885
Average Time: 0.1760946419666666
Peak memory: 131.67052459716797
Time index, remove data from structure: 0.0021762067333333333
Time for querying: 0.0
Time for new slide: 0.15624292495
Time for expired slide: 0.019847977783333335
------------------------------------
Number clusters = 0.0
Max  Number points in event queue = 0.0
Avg number points in clusters= 0.0
Avg Rmc size = 0.0
Avg Length exps= 0.0
#window: 61
Total #outliers: 885
Average Time: 0.17599654336065568
Peak memory: 131.67052459716797
Time index, remove data from structure: 0.002173319836065574
Time for querying: 0.0
Time for new slide: 0.1562064292295082
Time for expired slide: 0.019786382295081967
------------------------------------
Number clusters = 0.0
Max  Number points in event queue = 0.0
Avg number points in clusters= 0.0
Avg Rmc size = 0.0
Avg Length exps= 0.0
#window: 62
Total #outliers: 857
Average Time: 0.17602826225806448
Peak memory: 131.67052459716797
Time index, remove data from structure: 0.002170456709677419
Time for querying: 0.0
Time for new slide: 0.15629164291935482
Time for expired slide: 0.019732894903225807
------------------------------------
Number clusters = 0.0
Max  Number points in event queue = 0.0
Avg number points in clusters= 0.0
Avg Rmc size = 0.0
Avg Length exps= 0.0
#window: 63
Total #outliers: 822
Average Time: 0.17602277695238092
Peak memory: 131.67052459716797
Time index, remove data from structure: 0.002168518523809524
Time for querying: 0.0
Time for new slide: 0.15633996079365078
Time for expired slide: 0.019679094555555558
------------------------------------
Number clusters = 0.0
Max  Number points in event queue = 0.0
Avg number points in clusters= 0.0
Avg Rmc size = 0.0
Avg Length exps= 0.0
#window: 64
Total #outliers: 834
Average Time: 0.17628089339062497
Peak memory: 131.67052459716797
Time index, remove data from structure: 0.002170137328125
Time for querying: 0.0
Time for new slide: 0.156404964171875
Time for expired slide: 0.019872211671875
------------------------------------
Number clusters = 0.0
Max  Number points in event queue = 0.0
Avg number points in clusters= 0.0
Avg Rmc size = 0.0
Avg Length exps= 0.0
#window: 65
Total #outliers: 824
Average Time: 0.17624259095384612
Peak memory: 131.67052459716797
Time index, remove data from structure: 0.0021675827692307693
Time for querying: 0.0
Time for new slide: 0.15642496433846154
Time for expired slide: 0.01981391930769231
------------------------------------
Number clusters = 0.0
Max  Number points in event queue = 0.0
Avg number points in clusters= 0.0
Avg Rmc size = 0.0
Avg Length exps= 0.0
#window: 66
Total #outliers: 799
Average Time: 0.1762465094393939
Peak memory: 131.67052459716797
Time index, remove data from structure: 0.0021649282272727275
Time for querying: 0.0
Time for new slide: 0.15648458583333333
Time for expired slide: 0.019758223469696967
------------------------------------
Number clusters = 0.0
Max  Number points in event queue = 0.0
Avg number points in clusters= 0.0
Avg Rmc size = 0.0
Avg Length exps= 0.0
#window: 67
Total #outliers: 821
Average Time: 0.17624545789552234
Peak memory: 131.67052459716797
Time index, remove data from structure: 0.0021637301492537313
Time for querying: 0.0
Time for new slide: 0.15647060262686566
Time for expired slide: 0.019771163
------------------------------------
Number clusters = 0.0
Max  Number points in event queue = 0.0
Avg number points in clusters= 0.0
Avg Rmc size = 0.0
Avg Length exps= 0.0
#window: 68
Total #outliers: 821
Average Time: 0.1763481532794117
Peak memory: 131.67052459716797
Time index, remove data from structure: 0.002165694132352941
Time for querying: 0.0
Time for new slide: 0.15652993086764708
Time for expired slide: 0.019814536352941177
------------------------------------
Number clusters = 0.0
Max  Number points in event queue = 0.0
Avg number points in clusters= 0.0
Avg Rmc size = 0.0
Avg Length exps= 0.0
#window: 69
Total #outliers: 815
Average Time: 0.17640808186956516
Peak memory: 131.67052459716797
Time index, remove data from structure: 0.0021652828115942026
Time for querying: 0.0
Time for new slide: 0.15657761349275362
Time for expired slide: 0.019826789492753624
------------------------------------
Number clusters = 0.0
Max  Number points in event queue = 0.0
Avg number points in clusters= 0.0
Avg Rmc size = 0.0
Avg Length exps= 0.0
#window: 70
Total #outliers: 810
Average Time: 0.17638653142857136
Peak memory: 131.67052459716797
Time index, remove data from structure: 0.0021612543857142856
Time for querying: 0.0
Time for new slide: 0.1566089621
Time for expired slide: 0.019773900385714284
------------------------------------
Number clusters = 0.0
Max  Number points in event queue = 0.0
Avg number points in clusters= 0.0
Avg Rmc size = 0.0
Avg Length exps= 0.0
#window: 71
Total #outliers: 804
Average Time: 0.17635270846478865
Peak memory: 131.67052459716797
Time index, remove data from structure: 0.0021594663380281693
Time for querying: 0.0
Time for new slide: 0.15662569036619717
Time for expired slide: 0.019723361830985917
------------------------------------
Number clusters = 0.0
Max  Number points in event queue = 0.0
Avg number points in clusters= 0.0
Avg Rmc size = 0.0
Avg Length exps= 0.0
#window: 72
Total #outliers: 826
Average Time: 0.17635610022222215
Peak memory: 131.67052459716797
Time index, remove data from structure: 0.002157496277777778
Time for querying: 0.0
Time for new slide: 0.1566756837361111
Time for expired slide: 0.019676769583333333
------------------------------------
Number clusters = 0.0
Max  Number points in event queue = 0.0
Avg number points in clusters= 0.0
Avg Rmc size = 0.0
Avg Length exps= 0.0
#window: 73
Total #outliers: 821
Average Time: 0.17638588087671225
Peak memory: 131.67052459716797
Time index, remove data from structure: 0.002157655479452055
Time for querying: 0.0
Time for new slide: 0.1566588774109589
Time for expired slide: 0.019723358547945206
------------------------------------
Number clusters = 0.0
Max  Number points in event queue = 0.0
Avg number points in clusters= 0.0
Avg Rmc size = 0.0
Avg Length exps= 0.0
#window: 74
Total #outliers: 841
Average Time: 0.17651105851351342
Peak memory: 131.67052459716797
Time index, remove data from structure: 0.002156834648648649
Time for querying: 0.0
Time for new slide: 0.15676137105405408
Time for expired slide: 0.019746048040540542
------------------------------------
Number clusters = 0.0
Max  Number points in event queue = 0.0
Avg number points in clusters= 0.0
Avg Rmc size = 0.0
Avg Length exps= 0.0
#window: 75
Total #outliers: 831
Average Time: 0.17654005407999993
Peak memory: 131.67052459716797
Time index, remove data from structure: 0.0021533918
Time for querying: 0.0
Time for new slide: 0.15683916466666667
Time for expired slide: 0.019697259533333334
------------------------------------
Number clusters = 0.0
Max  Number points in event queue = 0.0
Avg number points in clusters= 0.0
Avg Rmc size = 0.0
Avg Length exps= 0.0
#window: 76
Total #outliers: 854
Average Time: 0.17671108422368415
Peak memory: 131.67052459716797
Time index, remove data from structure: 0.0021530823289473686
Time for querying: 0.0
Time for new slide: 0.15690612117105263
Time for expired slide: 0.019801346934210526
------------------------------------
Number clusters = 0.0
Max  Number points in event queue = 0.0
Avg number points in clusters= 0.0
Avg Rmc size = 0.0
Avg Length exps= 0.0
#window: 77
Total #outliers: 832
Average Time: 0.1766896456753246
Peak memory: 131.67052459716797
Time index, remove data from structure: 0.002152193051948052
Time for querying: 0.0
Time for new slide: 0.15693099236363636
Time for expired slide: 0.01975504242857143
------------------------------------
Number clusters = 0.0
Max  Number points in event queue = 0.0
Avg number points in clusters= 0.0
Avg Rmc size = 0.0
Avg Length exps= 0.0
#window: 78
Total #outliers: 856
Average Time: 0.17673558444871787
Peak memory: 131.67052459716797
Time index, remove data from structure: 0.0021526217307692307
Time for querying: 0.0
Time for new slide: 0.15701742671794872
Time for expired slide: 0.019714537358974358
------------------------------------
Number clusters = 0.0
Max  Number points in event queue = 0.0
Avg number points in clusters= 0.0
Avg Rmc size = 0.0
Avg Length exps= 0.0
#window: 79
Total #outliers: 827
Average Time: 0.17673202813924044
Peak memory: 131.67052459716797
Time index, remove data from structure: 0.0021534384303797467
Time for querying: 0.0
Time for new slide: 0.15705121265822786
Time for expired slide: 0.019677199101265825
------------------------------------
Number clusters = 0.0
Max  Number points in event queue = 0.0
Avg number points in clusters= 0.0
Avg Rmc size = 0.0
Avg Length exps= 0.0
#window: 80
Total #outliers: 855
Average Time: 0.17680737554999992
Peak memory: 131.67052459716797
Time index, remove data from structure: 0.0021530874625000002
Time for querying: 0.0
Time for new slide: 0.157100268525
Time for expired slide: 0.0197034980875
------------------------------------
Number clusters = 0.0
Max  Number points in event queue = 0.0
Avg number points in clusters= 0.0
Avg Rmc size = 0.0
Avg Length exps= 0.0
#window: 81
Total #outliers: 854
Average Time: 0.1767610195432098
Peak memory: 131.67052459716797
Time index, remove data from structure: 0.0021521537160493825
Time for querying: 0.0
Time for new slide: 0.15709647559259257
Time for expired slide: 0.019660941271604938
------------------------------------
Number clusters = 0.0
Max  Number points in event queue = 0.0
Avg number points in clusters= 0.0
Avg Rmc size = 0.0
Avg Length exps= 0.0
#window: 82
Total #outliers: 828
Average Time: 0.17675729202439017
Peak memory: 131.67052459716797
Time index, remove data from structure: 0.002151828792682927
Time for querying: 0.0
Time for new slide: 0.15712859579268293
Time for expired slide: 0.019625098487804877
------------------------------------
Number clusters = 0.0
Max  Number points in event queue = 0.0
Avg number points in clusters= 0.0
Avg Rmc size = 0.0
Avg Length exps= 0.0
#window: 83
Total #outliers: 836
Average Time: 0.17676487497590354
Peak memory: 131.67052459716797
Time index, remove data from structure: 0.0021506682289156626
Time for querying: 0.0
Time for new slide: 0.15717768096385543
Time for expired slide: 0.019583602337349397
------------------------------------
Number clusters = 0.0
Max  Number points in event queue = 0.0
Avg number points in clusters= 0.0
Avg Rmc size = 0.0
Avg Length exps= 0.0
#window: 84
Total #outliers: 832
Average Time: 0.17683091473809517
Peak memory: 131.67052459716797
Time index, remove data from structure: 0.0021484085714285716
Time for querying: 0.0
Time for new slide: 0.15722266160714288
Time for expired slide: 0.019604667369047618
------------------------------------
Number clusters = 0.0
Max  Number points in event queue = 0.0
Avg number points in clusters= 0.0
Avg Rmc size = 0.0
Avg Length exps= 0.0
#window: 85
Total #outliers: 822
Average Time: 0.17685938217647051
Peak memory: 131.67052459716797
Time index, remove data from structure: 0.002146585117647059
Time for querying: 0.0
Time for new slide: 0.1572337932117647
Time for expired slide: 0.01962200882352941
------------------------------------
Number clusters = 0.0
Max  Number points in event queue = 0.0
Avg number points in clusters= 0.0
Avg Rmc size = 0.0
Avg Length exps= 0.0
#window: 86
Total #outliers: 822
Average Time: 0.17681796970930225
Peak memory: 131.67052459716797
Time index, remove data from structure: 0.002145985941860465
Time for querying: 0.0
Time for new slide: 0.15723063225581396
Time for expired slide: 0.019583762744186047
------------------------------------
Number clusters = 0.0
Max  Number points in event queue = 0.0
Avg number points in clusters= 0.0
Avg Rmc size = 0.0
Avg Length exps= 0.0
#window: 87
Total #outliers: 835
Average Time: 0.17681816241379303
Peak memory: 131.67052459716797
Time index, remove data from structure: 0.0021438937011494254
Time for querying: 0.0
Time for new slide: 0.1572626662183908
Time for expired slide: 0.019551914574712642
------------------------------------
Number clusters = 0.0
Max  Number points in event queue = 0.0
Avg number points in clusters= 0.0
Avg Rmc size = 0.0
Avg Length exps= 0.0
#window: 88
Total #outliers: 853
Average Time: 0.17677513360227268
Peak memory: 131.67052459716797
Time index, remove data from structure: 0.0021420876136363635
Time for querying: 0.0
Time for new slide: 0.15725517272727274
Time for expired slide: 0.019516380579545453
------------------------------------
Number clusters = 0.0
Max  Number points in event queue = 0.0
Avg number points in clusters= 0.0
Avg Rmc size = 0.0
Avg Length exps= 0.0
#window: 89
Total #outliers: 845
Average Time: 0.17686024986516846
Peak memory: 131.67052459716797
Time index, remove data from structure: 0.0021389939887640447
Time for querying: 0.0
Time for new slide: 0.15732434494382022
Time for expired slide: 0.01953232693258427
------------------------------------
Number clusters = 0.0
Max  Number points in event queue = 0.0
Avg number points in clusters= 0.0
Avg Rmc size = 0.0
Avg Length exps= 0.0
#window: 90
Total #outliers: 843
Average Time: 0.17686566061111103
Peak memory: 131.67052459716797
Time index, remove data from structure: 0.002137575622222222
Time for querying: 0.0
Time for new slide: 0.15736694138888888
Time for expired slide: 0.019495144955555554
------------------------------------
Number clusters = 0.0
Max  Number points in event queue = 0.0
Avg number points in clusters= 0.0
Avg Rmc size = 0.0
Avg Length exps= 0.0
#window: 91
Total #outliers: 849
Average Time: 0.17688223914285706
Peak memory: 131.67052459716797
Time index, remove data from structure: 0.002139164912087912
Time for querying: 0.0
Time for new slide: 0.1574128868241758
Time for expired slide: 0.019465775714285715
------------------------------------
Number clusters = 0.0
Max  Number points in event queue = 0.0
Avg number points in clusters= 0.0
Avg Rmc size = 0.0
Avg Length exps= 0.0
#window: 92
Total #outliers: 848
Average Time: 0.17688617067391296
Peak memory: 131.67052459716797
Time index, remove data from structure: 0.0021371545543478264
Time for querying: 0.0
Time for new slide: 0.1574509757173913
Time for expired slide: 0.01943162215217391
------------------------------------
Number clusters = 0.0
Max  Number points in event queue = 0.0
Avg number points in clusters= 0.0
Avg Rmc size = 0.0
Avg Length exps= 0.0
#window: 93
Total #outliers: 861
Average Time: 0.17696541860215043
Peak memory: 131.67052459716797
Time index, remove data from structure: 0.0021373195913978495
Time for querying: 0.0
Time for new slide: 0.15750118275268818
Time for expired slide: 0.019460668655913976
------------------------------------
Number clusters = 0.0
Max  Number points in event queue = 0.0
Avg number points in clusters= 0.0
Avg Rmc size = 0.0
Avg Length exps= 0.0
#window: 94
Total #outliers: 869
Average Time: 0.17695868863829778
Peak memory: 131.67052459716797
Time index, remove data from structure: 0.0021355200319148936
Time for querying: 0.0
Time for new slide: 0.15752932425531915
Time for expired slide: 0.01942580295744681
------------------------------------
Number clusters = 0.0
Max  Number points in event queue = 0.0
Avg number points in clusters= 0.0
Avg Rmc size = 0.0
Avg Length exps= 0.0
#window: 95
Total #outliers: 902
Average Time: 0.17703162568421044
Peak memory: 131.67052459716797
Time index, remove data from structure: 0.0021348666947368423
Time for querying: 0.0
Time for new slide: 0.15757728001052632
Time for expired slide: 0.01945078894736842
------------------------------------
Number clusters = 0.0
Max  Number points in event queue = 0.0
Avg number points in clusters= 0.0
Avg Rmc size = 0.0
Avg Length exps= 0.0
#window: 96
Total #outliers: 896
Average Time: 0.17707482444791658
Peak memory: 131.67052459716797
Time index, remove data from structure: 0.002134743614583333
Time for querying: 0.0
Time for new slide: 0.15764740622916668
Time for expired slide: 0.019423860739583333
------------------------------------
Number clusters = 0.0
Max  Number points in event queue = 0.0
Avg number points in clusters= 0.0
Avg Rmc size = 0.0
Avg Length exps= 0.0
#window: 97
Total #outliers: 888
Average Time: 0.17719535941237105
Peak memory: 131.67052459716797
Time index, remove data from structure: 0.002133070618556701
Time for querying: 0.0
Time for new slide: 0.1577433779896907
Time for expired slide: 0.019448426288659792
------------------------------------
Number clusters = 0.0
Max  Number points in event queue = 0.0
Avg number points in clusters= 0.0
Avg Rmc size = 0.0
Avg Length exps= 0.0
#window: 98
Total #outliers: 895
Average Time: 0.17719321903061216
Peak memory: 131.67052459716797
Time index, remove data from structure: 0.0021325167346938774
Time for querying: 0.0
Time for new slide: 0.15777191198979593
Time for expired slide: 0.019417756775510206
------------------------------------
Number clusters = 0.0
Max  Number points in event queue = 0.0
Avg number points in clusters= 0.0
Avg Rmc size = 0.0
Avg Length exps= 0.0
#window: 99
Total #outliers: 905
Average Time: 0.17727639769696962
Peak memory: 131.67052459716797
Time index, remove data from structure: 0.0021316980606060605
Time for querying: 0.0
Time for new slide: 0.15783048006060607
Time for expired slide: 0.019442375151515152
------------------------------------
Number clusters = 0.0
Max  Number points in event queue = 0.0
Avg number points in clusters= 0.0
Avg Rmc size = 0.0
Avg Length exps= 0.0
#window: 100
Total #outliers: 908
Average Time: 0.17737698820999992
Peak memory: 131.67052459716797
Time index, remove data from structure: 0.00213091883
Time for querying: 0.0
Time for new slide: 0.15790873511
Time for expired slide: 0.019464715610000002
------------------------------------
Number clusters = 0.0
Max  Number points in event queue = 0.0
Avg number points in clusters= 0.0
Avg Rmc size = 0.0
Avg Length exps= 0.0
#window: 101
Total #outliers: 916
Average Time: 0.1773520868217821
Peak memory: 131.67052459716797
Time index, remove data from structure: 0.0021291087326732673
Time for querying: 0.0
Time for new slide: 0.15791102306930693
Time for expired slide: 0.019437530227722773
------------------------------------
Number clusters = 0.0
Max  Number points in event queue = 0.0
Avg number points in clusters= 0.0
Avg Rmc size = 0.0
Avg Length exps= 0.0
#window: 102
Total #outliers: 917
Average Time: 0.17729514888235287
Peak memory: 131.67052459716797
Time index, remove data from structure: 0.002129809568627451
Time for querying: 0.0
Time for new slide: 0.15782239999019607
Time for expired slide: 0.019469218019607843
------------------------------------
Number clusters = 0.0
Max  Number points in event queue = 0.0
Avg number points in clusters= 0.0
Avg Rmc size = 0.0
Avg Length exps= 0.0
#window: 103
Total #outliers: 922
Average Time: 0.17723971247572806
Peak memory: 131.67052459716797
Time index, remove data from structure: 0.0021275036407766993
Time for querying: 0.0
Time for new slide: 0.15779556565048541
Time for expired slide: 0.019440620271844657
------------------------------------
Number clusters = 0.0
Max  Number points in event queue = 0.0
Avg number points in clusters= 0.0
Avg Rmc size = 0.0
Avg Length exps= 0.0
#window: 104
Total #outliers: 904
Average Time: 0.17720436007692297
Peak memory: 131.67052459716797
Time index, remove data from structure: 0.002126636634615385
Time for querying: 0.0
Time for new slide: 0.15773807911538462
Time for expired slide: 0.019462761932692307
------------------------------------
Number clusters = 0.0
Max  Number points in event queue = 0.0
Avg number points in clusters= 0.0
Avg Rmc size = 0.0
Avg Length exps= 0.0
#window: 105
Total #outliers: 907
Average Time: 0.1771095853047618
Peak memory: 131.67052459716797
Time index, remove data from structure: 0.0021262549714285714
Time for querying: 0.0
Time for new slide: 0.15766878038095236
Time for expired slide: 0.019437287695238094
------------------------------------
Number clusters = 0.0
Max  Number points in event queue = 0.0
Avg number points in clusters= 0.0
Avg Rmc size = 0.0
Avg Length exps= 0.0
#window: 106
Total #outliers: 902
Average Time: 0.17702902333962256
Peak memory: 131.67052459716797
Time index, remove data from structure: 0.0021240685943396224
Time for querying: 0.0
Time for new slide: 0.15761599134905663
Time for expired slide: 0.01940951758490566
------------------------------------
Number clusters = 0.0
Max  Number points in event queue = 0.0
Avg number points in clusters= 0.0
Avg Rmc size = 0.0
Avg Length exps= 0.0
#window: 107
Total #outliers: 928
Average Time: 0.17693873441121488
Peak memory: 131.67052459716797
Time index, remove data from structure: 0.0021229225420560747
Time for querying: 0.0
Time for new slide: 0.1575539702149533
Time for expired slide: 0.019381257177570096
------------------------------------
Number clusters = 0.0
Max  Number points in event queue = 0.0
Avg number points in clusters= 0.0
Avg Rmc size = 0.0
Avg Length exps= 0.0
#window: 108
Total #outliers: 923
Average Time: 0.1768881548703703
Peak memory: 131.67052459716797
Time index, remove data from structure: 0.002122901685185185
Time for querying: 0.0
Time for new slide: 0.15747663087037037
Time for expired slide: 0.019408019101851852
------------------------------------
Number clusters = 0.0
Max  Number points in event queue = 0.0
Avg number points in clusters= 0.0
Avg Rmc size = 0.0
Avg Length exps= 0.0
#window: 109
Total #outliers: 938
Average Time: 0.17682135916513753
Peak memory: 131.67052459716797
Time index, remove data from structure: 0.0021209602110091744
Time for querying: 0.0
Time for new slide: 0.15743516893577983
Time for expired slide: 0.01938268766055046
------------------------------------
Number clusters = 0.0
Max  Number points in event queue = 0.0
Avg number points in clusters= 0.0
Avg Rmc size = 0.0
Avg Length exps= 0.0
#window: 110
Total #outliers: 943
Average Time: 0.17676697052727264
Peak memory: 131.67052459716797
Time index, remove data from structure: 0.0021183175272727274
Time for querying: 0.0
Time for new slide: 0.15735455295454545
Time for expired slide: 0.019408921090909092
------------------------------------
Number clusters = 0.0
Max  Number points in event queue = 0.0
Avg number points in clusters= 0.0
Avg Rmc size = 0.0
Avg Length exps= 0.0
#window: 111
Total #outliers: 934
Average Time: 0.17669036936936927
Peak memory: 131.67052459716797
Time index, remove data from structure: 0.002115785882882883
Time for querying: 0.0
Time for new slide: 0.15730257044144144
Time for expired slide: 0.019384305774774773
------------------------------------
Number clusters = 0.0
Max  Number points in event queue = 0.0
Avg number points in clusters= 0.0
Avg Rmc size = 0.0
Avg Length exps= 0.0
#window: 112
Total #outliers: 930
Average Time: 0.17669623694642847
Peak memory: 131.67052459716797
Time index, remove data from structure: 0.0021147708660714287
Time for querying: 0.0
Time for new slide: 0.15726669016964287
Time for expired slide: 0.019426054848214285
------------------------------------
Number clusters = 0.0
Max  Number points in event queue = 0.0
Avg number points in clusters= 0.0
Avg Rmc size = 0.0
Avg Length exps= 0.0
#window: 113
Total #outliers: 947
Average Time: 0.17666989133628308
Peak memory: 131.67052459716797
Time index, remove data from structure: 0.0021139996902654868
Time for querying: 0.0
Time for new slide: 0.1572229972920354
Time for expired slide: 0.019443403946902655
------------------------------------
Number clusters = 0.0
Max  Number points in event queue = 0.0
Avg number points in clusters= 0.0
Avg Rmc size = 0.0
Avg Length exps= 0.0
#window: 114
Total #outliers: 938
Average Time: 0.17661951047368413
Peak memory: 131.67052459716797
Time index, remove data from structure: 0.002113550850877193
Time for querying: 0.0
Time for new slide: 0.15719439774561403
Time for expired slide: 0.01942162718421053
------------------------------------
Number clusters = 0.0
Max  Number points in event queue = 0.0
Avg number points in clusters= 0.0
Avg Rmc size = 0.0
Avg Length exps= 0.0
#window: 115
Total #outliers: 936
Average Time: 0.17657054557391297
Peak memory: 131.67052459716797
Time index, remove data from structure: 0.002112800643478261
Time for querying: 0.0
Time for new slide: 0.1571271779478261
Time for expired slide: 0.01943988416521739
------------------------------------
Number clusters = 0.0
Max  Number points in event queue = 0.0
Avg number points in clusters= 0.0
Avg Rmc size = 0.0
Avg Length exps= 0.0
#window: 116
Total #outliers: 892
Average Time: 0.1765366795948275
Peak memory: 131.67052459716797
Time index, remove data from structure: 0.0021116111810344828
Time for querying: 0.0
Time for new slide: 0.15706807226724137
Time for expired slide: 0.019465122698275862
------------------------------------
Number clusters = 0.0
Max  Number points in event queue = 0.0
Avg number points in clusters= 0.0
Avg Rmc size = 0.0
Avg Length exps= 0.0
#window: 117
Total #outliers: 891
Average Time: 0.17647775231623924
Peak memory: 131.67052459716797
Time index, remove data from structure: 0.0021114053846153845
Time for querying: 0.0
Time for new slide: 0.15703424483760683
Time for expired slide: 0.01944002658974359
------------------------------------
Number clusters = 0.0
Max  Number points in event queue = 0.0
Avg number points in clusters= 0.0
Avg Rmc size = 0.0
Avg Length exps= 0.0
#window: 118
Total #outliers: 844
Average Time: 0.17637804184745756
Peak memory: 131.67052459716797
Time index, remove data from structure: 0.0021092625423728816
Time for querying: 0.0
Time for new slide: 0.15695928666949152
Time for expired slide: 0.019415277305084747
------------------------------------
Number clusters = 0.0
Max  Number points in event queue = 0.0
Avg number points in clusters= 0.0
Avg Rmc size = 0.0
Avg Length exps= 0.0
#window: 119
Total #outliers: 854
Average Time: 0.1762855429495798
Peak memory: 131.67052459716797
Time index, remove data from structure: 0.00210911987394958
Time for querying: 0.0
Time for new slide: 0.1568899321932773
Time for expired slide: 0.01939212742857143
------------------------------------
Number clusters = 0.0
Max  Number points in event queue = 0.0
Avg number points in clusters= 0.0
Avg Rmc size = 0.0
Avg Length exps= 0.0
#window: 120
Total #outliers: 881
Average Time: 0.1761813614333333
Peak memory: 131.67052459716797
Time index, remove data from structure: 0.0021077910916666664
Time for querying: 0.0
Time for new slide: 0.15680922335
Time for expired slide: 0.019368658408333333
------------------------------------
Number clusters = 0.0
Max  Number points in event queue = 0.0
Avg number points in clusters= 0.0
Avg Rmc size = 0.0
Avg Length exps= 0.0
#window: 121
Total #outliers: 877
Average Time: 0.17603287224793385
Peak memory: 131.67052459716797
Time index, remove data from structure: 0.002105909438016529
Time for querying: 0.0
Time for new slide: 0.15668771523966943
Time for expired slide: 0.019341679181818183
------------------------------------
Number clusters = 0.0
Max  Number points in event queue = 0.0
Avg number points in clusters= 0.0
Avg Rmc size = 0.0
Avg Length exps= 0.0
#window: 122
Total #outliers: 856
Average Time: 0.17594389893442622
Peak memory: 131.67052459716797
Time index, remove data from structure: 0.0021042591393442625
Time for querying: 0.0
Time for new slide: 0.15658130932786885
Time for expired slide: 0.019359114573770493
------------------------------------
Number clusters = 0.0
Max  Number points in event queue = 0.0
Avg number points in clusters= 0.0
Avg Rmc size = 0.0
Avg Length exps= 0.0
#window: 123
Total #outliers: 873
Average Time: 0.17587318563414633
Peak memory: 131.67052459716797
Time index, remove data from structure: 0.002102627601626016
Time for querying: 0.0
Time for new slide: 0.1565363734471545
Time for expired slide: 0.019333341121951217
------------------------------------
Number clusters = 0.0
Max  Number points in event queue = 0.0
Avg number points in clusters= 0.0
Avg Rmc size = 0.0
Avg Length exps= 0.0
#window: 124
Total #outliers: 880
Average Time: 0.17577862204032257
Peak memory: 131.67052459716797
Time index, remove data from structure: 0.0021009222177419355
Time for querying: 0.0
Time for new slide: 0.15646525737903227
Time for expired slide: 0.019309889798387096
------------------------------------
Number clusters = 0.0
Max  Number points in event queue = 0.0
Avg number points in clusters= 0.0
Avg Rmc size = 0.0
Avg Length exps= 0.0
#window: 125
Total #outliers: 903
Average Time: 0.17571760828799998
Peak memory: 131.67052459716797
Time index, remove data from structure: 0.002099551632
Time for querying: 0.0
Time for new slide: 0.15638232244
Time for expired slide: 0.019331813064
------------------------------------
Number clusters = 0.0
Max  Number points in event queue = 0.0
Avg number points in clusters= 0.0
Avg Rmc size = 0.0
Avg Length exps= 0.0
#window: 126
Total #outliers: 912
Average Time: 0.17562854808730158
Peak memory: 131.67052459716797
Time index, remove data from structure: 0.0020982225714285714
Time for querying: 0.0
Time for new slide: 0.1563166454920635
Time for expired slide: 0.019308432095238096
------------------------------------
Number clusters = 0.0
Max  Number points in event queue = 0.0
Avg number points in clusters= 0.0
Avg Rmc size = 0.0
Avg Length exps= 0.0
#window: 127
Total #outliers: 929
Average Time: 0.175607882015748
Peak memory: 131.67052459716797
Time index, remove data from structure: 0.0020975620472440944
Time for querying: 0.0
Time for new slide: 0.15627597715748032
Time for expired slide: 0.019328435700787402
------------------------------------
Number clusters = 0.0
Max  Number points in event queue = 0.0
Avg number points in clusters= 0.0
Avg Rmc size = 0.0
Avg Length exps= 0.0
#window: 128
Total #outliers: 930
Average Time: 0.17558162545312497
Peak memory: 131.67052459716797
Time index, remove data from structure: 0.0020950673125
Time for querying: 0.0
Time for new slide: 0.156235273328125
Time for expired slide: 0.019342877546875
------------------------------------
Number clusters = 0.0
Max  Number points in event queue = 0.0
Avg number points in clusters= 0.0
Avg Rmc size = 0.0
Avg Length exps= 0.0
#window: 129
Total #outliers: 951
Average Time: 0.1755146151472868
Peak memory: 131.67052459716797
Time index, remove data from structure: 0.0020945056046511625
Time for querying: 0.0
Time for new slide: 0.15618845458139533
Time for expired slide: 0.01932269011627907
------------------------------------
Number clusters = 0.0
Max  Number points in event queue = 0.0
Avg number points in clusters= 0.0
Avg Rmc size = 0.0
Avg Length exps= 0.0
#window: 130
Total #outliers: 920
Average Time: 0.1754889888307692
Peak memory: 131.67052459716797
Time index, remove data from structure: 0.002093912138461538
Time for querying: 0.0
Time for new slide: 0.15614156304615384
Time for expired slide: 0.019343952746153845
------------------------------------
Number clusters = 0.0
Max  Number points in event queue = 0.0
Avg number points in clusters= 0.0
Avg Rmc size = 0.0
Avg Length exps= 0.0
#window: 131
Total #outliers: 902
Average Time: 0.1754473994198473
Peak memory: 131.67052459716797
Time index, remove data from structure: 0.0020942546335877862
Time for querying: 0.0
Time for new slide: 0.1561182602519084
Time for expired slide: 0.01932566351908397
------------------------------------
Number clusters = 0.0
Max  Number points in event queue = 0.0
Avg number points in clusters= 0.0
Avg Rmc size = 0.0
Avg Length exps= 0.0
#window: 132
Total #outliers: 870
Average Time: 0.1754103498712121
Peak memory: 131.67052459716797
Time index, remove data from structure: 0.0020929276212121213
Time for querying: 0.0
Time for new slide: 0.1560598815
Time for expired slide: 0.019346996363636366
------------------------------------
Number clusters = 0.0
Max  Number points in event queue = 0.0
Avg number points in clusters= 0.0
Avg Rmc size = 0.0
Avg Length exps= 0.0
#window: 133
Total #outliers: 865
Average Time: 0.17535835965413532
Peak memory: 131.67052459716797
Time index, remove data from structure: 0.0020922075639097744
Time for querying: 0.0
Time for new slide: 0.15599488339097745
Time for expired slide: 0.019360004157894736
------------------------------------
Number clusters = 0.0
Max  Number points in event queue = 0.0
Avg number points in clusters= 0.0
Avg Rmc size = 0.0
Avg Length exps= 0.0
#window: 134
Total #outliers: 916
Average Time: 0.17528164573880595
Peak memory: 131.67052459716797
Time index, remove data from structure: 0.0020928537313432832
Time for querying: 0.0
Time for new slide: 0.1559002226119403
Time for expired slide: 0.019377952776119405
------------------------------------
Number clusters = 0.0
Max  Number points in event queue = 0.0
Avg number points in clusters= 0.0
Avg Rmc size = 0.0
Avg Length exps= 0.0
#window: 135
Total #outliers: 921
Average Time: 0.17522009648888887
Peak memory: 131.67052459716797
Time index, remove data from structure: 0.0020926097037037034
Time for querying: 0.0
Time for new slide: 0.15586106014074075
Time for expired slide: 0.01935556554814815
------------------------------------
Number clusters = 0.0
Max  Number points in event queue = 0.0
Avg number points in clusters= 0.0
Avg Rmc size = 0.0
Avg Length exps= 0.0
#window: 136
Total #outliers: 906
Average Time: 0.17522097547794116
Peak memory: 131.67052459716797
Time index, remove data from structure: 0.002091982727941176
Time for querying: 0.0
Time for new slide: 0.15584263324264705
Time for expired slide: 0.019374876970588234
------------------------------------
Number clusters = 0.0
Max  Number points in event queue = 0.0
Avg number points in clusters= 0.0
Avg Rmc size = 0.0
Avg Length exps= 0.0
#window: 137
Total #outliers: 897
Average Time: 0.175119756919708
Peak memory: 131.67052459716797
Time index, remove data from structure: 0.0020915042700729927
Time for querying: 0.0
Time for new slide: 0.15576587512408757
Time for expired slide: 0.019350417722627737
------------------------------------
Number clusters = 0.0
Max  Number points in event queue = 0.0
Avg number points in clusters= 0.0
Avg Rmc size = 0.0
Avg Length exps= 0.0
#window: 138
Total #outliers: 879
Average Time: 0.1750185328043478
Peak memory: 131.67052459716797
Time index, remove data from structure: 0.002089982036231884
Time for querying: 0.0
Time for new slide: 0.15568736107246378
Time for expired slide: 0.019327706166666667
------------------------------------
Number clusters = 0.0
Max  Number points in event queue = 0.0
Avg number points in clusters= 0.0
Avg Rmc size = 0.0
Avg Length exps= 0.0
#window: 139
Total #outliers: 881
Average Time: 0.1749415224388489
Peak memory: 131.67052459716797
Time index, remove data from structure: 0.002088551913669065
Time for querying: 0.0
Time for new slide: 0.1556333890143885
Time for expired slide: 0.01930466881294964
------------------------------------
Number clusters = 0.0
Max  Number points in event queue = 0.0
Avg number points in clusters= 0.0
Avg Rmc size = 0.0
Avg Length exps= 0.0
#window: 140
Total #outliers: 830
Average Time: 0.17485803071428568
Peak memory: 131.67052459716797
Time index, remove data from structure: 0.0020881213
Time for querying: 0.0
Time for new slide: 0.15552666249285715
Time for expired slide: 0.01932790132857143
------------------------------------
Number clusters = 0.0
Max  Number points in event queue = 0.0
Avg number points in clusters= 0.0
Avg Rmc size = 0.0
Avg Length exps= 0.0
#window: 141
Total #outliers: 825
Average Time: 0.1747946228510638
Peak memory: 131.67052459716797
Time index, remove data from structure: 0.0020884215886524823
Time for querying: 0.0
Time for new slide: 0.15544473263120567
Time for expired slide: 0.019346425581560283
------------------------------------
Number clusters = 0.0
Max  Number points in event queue = 0.0
Avg number points in clusters= 0.0
Avg Rmc size = 0.0
Avg Length exps= 0.0
#window: 142
Total #outliers: 833
Average Time: 0.17470353966901406
Peak memory: 131.67052459716797
Time index, remove data from structure: 0.0020883463239436623
Time for querying: 0.0
Time for new slide: 0.15537604899295776
Time for expired slide: 0.019324024725352114
------------------------------------
Number clusters = 0.0
Max  Number points in event queue = 0.0
Avg number points in clusters= 0.0
Avg Rmc size = 0.0
Avg Length exps= 0.0
#window: 143
Total #outliers: 804
Average Time: 0.17456970609790207
Peak memory: 131.67052459716797
Time index, remove data from structure: 0.002086512937062937
Time for querying: 0.0
Time for new slide: 0.15526630205594405
Time for expired slide: 0.019299938363636363
------------------------------------
Number clusters = 0.0
Max  Number points in event queue = 0.0
Avg number points in clusters= 0.0
Avg Rmc size = 0.0
Avg Length exps= 0.0
#window: 144
Total #outliers: 790
Average Time: 0.17447873101388886
Peak memory: 131.67052459716797
Time index, remove data from structure: 0.0020853596319444444
Time for querying: 0.0
Time for new slide: 0.1551657447361111
Time for expired slide: 0.019309521812499997
------------------------------------
Number clusters = 0.0
Max  Number points in event queue = 0.0
Avg number points in clusters= 0.0
Avg Rmc size = 0.0
Avg Length exps= 0.0
#window: 145
Total #outliers: 805
Average Time: 0.17438864538620688
Peak memory: 131.67052459716797
Time index, remove data from structure: 0.0020856119034482756
Time for querying: 0.0
Time for new slide: 0.1550571868137931
Time for expired slide: 0.019327990965517242
------------------------------------
Number clusters = 0.0
Max  Number points in event queue = 0.0
Avg number points in clusters= 0.0
Avg Rmc size = 0.0
Avg Length exps= 0.0
#window: 146
Total #outliers: 811
Average Time: 0.17425816735616437
Peak memory: 131.67052459716797
Time index, remove data from structure: 0.0020840482602739723
Time for querying: 0.0
Time for new slide: 0.15495229382876713
Time for expired slide: 0.019302407198630137
------------------------------------
Number clusters = 0.0
Max  Number points in event queue = 0.0
Avg number points in clusters= 0.0
Avg Rmc size = 0.0
Avg Length exps= 0.0
#window: 147
Total #outliers: 823
Average Time: 0.17421454488435373
Peak memory: 131.67052459716797
Time index, remove data from structure: 0.0020837448775510204
Time for querying: 0.0
Time for new slide: 0.15488674489115647
Time for expired slide: 0.019324336061224492
------------------------------------
Number clusters = 0.0
Max  Number points in event queue = 0.0
Avg number points in clusters= 0.0
Avg Rmc size = 0.0
Avg Length exps= 0.0
#window: 148
Total #outliers: 870
Average Time: 0.17415374056756755
Peak memory: 131.67052459716797
Time index, remove data from structure: 0.002082096337837838
Time for querying: 0.0
Time for new slide: 0.15485185219594594
Time for expired slide: 0.01929842547972973
------------------------------------
Number clusters = 0.0
Max  Number points in event queue = 0.0
Avg number points in clusters= 0.0
Avg Rmc size = 0.0
Avg Length exps= 0.0
#window: 149
Total #outliers: 892
Average Time: 0.1741294354295302
Peak memory: 131.67052459716797
Time index, remove data from structure: 0.0020815141140939596
Time for querying: 0.0
Time for new slide: 0.15479600703355706
Time for expired slide: 0.019329968624161073
------------------------------------
Number clusters = 0.0
Max  Number points in event queue = 0.0
Avg number points in clusters= 0.0
Avg Rmc size = 0.0
Avg Length exps= 0.0
#window: 150
Total #outliers: 886
Average Time: 0.17403840209333332
Peak memory: 131.67052459716797
Time index, remove data from structure: 0.0020798628466666665
Time for querying: 0.0
Time for new slide: 0.15472542628
Time for expired slide: 0.019309517106666667
------------------------------------
Number clusters = 0.0
Max  Number points in event queue = 0.0
Avg number points in clusters= 0.0
Avg Rmc size = 0.0
Avg Length exps= 0.0
#window: 151
Total #outliers: 898
Average Time: 0.17398740783443709
Peak memory: 131.67052459716797
Time index, remove data from structure: 0.0020784050066225165
Time for querying: 0.0
Time for new slide: 0.15465397112582782
Time for expired slide: 0.019329977218543046
------------------------------------
Number clusters = 0.0
Max  Number points in event queue = 0.0
Avg number points in clusters= 0.0
Avg Rmc size = 0.0
Avg Length exps= 0.0
#window: 152
Total #outliers: 881
Average Time: 0.1739499061776316
Peak memory: 131.67052459716797
Time index, remove data from structure: 0.0020777860197368422
Time for querying: 0.0
Time for new slide: 0.15459951715789474
Time for expired slide: 0.019346928782894738
------------------------------------
Number clusters = 0.0
Max  Number points in event queue = 0.0
Avg number points in clusters= 0.0
Avg Rmc size = 0.0
Avg Length exps= 0.0
#window: 153
Total #outliers: 883
Average Time: 0.17386902086928105
Peak memory: 131.67052459716797
Time index, remove data from structure: 0.0020776484509803924
Time for querying: 0.0
Time for new slide: 0.15453877641830066
Time for expired slide: 0.019326782901960785
------------------------------------
Number clusters = 0.0
Max  Number points in event queue = 0.0
Avg number points in clusters= 0.0
Avg Rmc size = 0.0
Avg Length exps= 0.0
#window: 154
Total #outliers: 862
Average Time: 0.17381381338961038
Peak memory: 131.67052459716797
Time index, remove data from structure: 0.0020774789935064934
Time for querying: 0.0
Time for new slide: 0.15450431535064935
Time for expired slide: 0.019306033292207793
------------------------------------
Number clusters = 0.0
Max  Number points in event queue = 0.0
Avg number points in clusters= 0.0
Avg Rmc size = 0.0
Avg Length exps= 0.0
#window: 155
Total #outliers: 883
Average Time: 0.17375701752258063
Peak memory: 131.67052459716797
Time index, remove data from structure: 0.0020760848451612905
Time for querying: 0.0
Time for new slide: 0.15443923948387098
Time for expired slide: 0.019314312470967744
------------------------------------
Number clusters = 0.0
Max  Number points in event queue = 0.0
Avg number points in clusters= 0.0
Avg Rmc size = 0.0
Avg Length exps= 0.0
#window: 156
Total #outliers: 881
Average Time: 0.1737074564551282
Peak memory: 131.67052459716797
Time index, remove data from structure: 0.002075775467948718
Time for querying: 0.0
Time for new slide: 0.1544060989423077
Time for expired slide: 0.01929788573076923
------------------------------------
Number clusters = 0.0
Max  Number points in event queue = 0.0
Avg number points in clusters= 0.0
Avg Rmc size = 0.0
Avg Length exps= 0.0
#window: 157
Total #outliers: 856
Average Time: 0.17366977794904456
Peak memory: 131.67052459716797
Time index, remove data from structure: 0.0020756725605095543
Time for querying: 0.0
Time for new slide: 0.1543452856178344
Time for expired slide: 0.019321019694267517
------------------------------------
Number clusters = 0.0
Max  Number points in event queue = 0.0
Avg number points in clusters= 0.0
Avg Rmc size = 0.0
Avg Length exps= 0.0
#window: 158
Total #outliers: 830
Average Time: 0.17357915174683544
Peak memory: 131.67052459716797
Time index, remove data from structure: 0.0020756522278481014
Time for querying: 0.0
Time for new slide: 0.15427376183544303
Time for expired slide: 0.019301915411392406
------------------------------------
Number clusters = 0.0
Max  Number points in event queue = 0.0
Avg number points in clusters= 0.0
Avg Rmc size = 0.0
Avg Length exps= 0.0
#window: 159
Total #outliers: 812
Average Time: 0.17367065396226414
Peak memory: 131.67052459716797
Time index, remove data from structure: 0.0020760629119496855
Time for querying: 0.0
Time for new slide: 0.154273983
Time for expired slide: 0.019393194955974843
------------------------------------
Number clusters = 0.0
Max  Number points in event queue = 0.0
Avg number points in clusters= 0.0
Avg Rmc size = 0.0
Avg Length exps= 0.0
#window: 160
Total #outliers: 821
Average Time: 0.17355499395
Peak memory: 131.67052459716797
Time index, remove data from structure: 0.00207584313125
Time for querying: 0.0
Time for new slide: 0.154180717
Time for expired slide: 0.01937079755
------------------------------------
Number clusters = 0.0
Max  Number points in event queue = 0.0
Avg number points in clusters= 0.0
Avg Rmc size = 0.0
Avg Length exps= 0.0
#window: 161
Total #outliers: 817
Average Time: 0.17349123770186334
Peak memory: 131.67052459716797
Time index, remove data from structure: 0.0020750544347826086
Time for querying: 0.0
Time for new slide: 0.154107336621118
Time for expired slide: 0.01938042136645963
------------------------------------
Number clusters = 0.0
Max  Number points in event queue = 0.0
Avg number points in clusters= 0.0
Avg Rmc size = 0.0
Avg Length exps= 0.0
#window: 162
Total #outliers: 818
Average Time: 0.1733945197839506
Peak memory: 131.67052459716797
Time index, remove data from structure: 0.0020753906666666666
Time for querying: 0.0
Time for new slide: 0.15403201483950618
Time for expired slide: 0.01935902174691358
------------------------------------
Number clusters = 0.0
Max  Number points in event queue = 0.0
Avg number points in clusters= 0.0
Avg Rmc size = 0.0
Avg Length exps= 0.0
#window: 163
Total #outliers: 820
Average Time: 0.17335161606748464
Peak memory: 131.67052459716797
Time index, remove data from structure: 0.002075385828220859
Time for querying: 0.0
Time for new slide: 0.15394826990797547
Time for expired slide: 0.019399863214723926
------------------------------------
Number clusters = 0.0
Max  Number points in event queue = 0.0
Avg number points in clusters= 0.0
Avg Rmc size = 0.0
Avg Length exps= 0.0
#window: 164
Total #outliers: 812
Average Time: 0.17329829221341464
Peak memory: 131.67052459716797
Time index, remove data from structure: 0.0020741973902439026
Time for querying: 0.0
Time for new slide: 0.15391619387804878
Time for expired slide: 0.01937861143292683
------------------------------------
Number clusters = 0.0
Max  Number points in event queue = 0.0
Avg number points in clusters= 0.0
Avg Rmc size = 0.0
Avg Length exps= 0.0
#window: 165
Total #outliers: 802
Average Time: 0.17325595044848485
Peak memory: 131.67052459716797
Time index, remove data from structure: 0.0020745418424242424
Time for querying: 0.0
Time for new slide: 0.15382771447878787
Time for expired slide: 0.019424747206060605
------------------------------------
Number clusters = 0.0
Max  Number points in event queue = 0.0
Avg number points in clusters= 0.0
Avg Rmc size = 0.0
Avg Length exps= 0.0
#window: 166
Total #outliers: 796
Average Time: 0.1732586983012048
Peak memory: 131.67052459716797
Time index, remove data from structure: 0.00207551334939759
Time for querying: 0.0
Time for new slide: 0.1537562885240964
Time for expired slide: 0.019498922759036145
------------------------------------
Number clusters = 0.0
Max  Number points in event queue = 0.0
Avg number points in clusters= 0.0
Avg Rmc size = 0.0
Avg Length exps= 0.0
#window: 167
Total #outliers: 796
Average Time: 0.17314385071257485
Peak memory: 131.67052459716797
Time index, remove data from structure: 0.002074657754491018
Time for querying: 0.0
Time for new slide: 0.1536645421497006
Time for expired slide: 0.019475823005988026
------------------------------------
Number clusters = 0.0
Max  Number points in event queue = 0.0
Avg number points in clusters= 0.0
Avg Rmc size = 0.0
Avg Length exps= 0.0
#window: 168
Total #outliers: 801
Average Time: 0.17306446127380953
Peak memory: 131.67052459716797
Time index, remove data from structure: 0.002073993619047619
Time for querying: 0.0
Time for new slide: 0.15360781886904762
Time for expired slide: 0.019453158732142855
------------------------------------
Number clusters = 0.0
Max  Number points in event queue = 0.0
Avg number points in clusters= 0.0
Avg Rmc size = 0.0
Avg Length exps= 0.0
#window: 169
Total #outliers: 797
Average Time: 0.1729442617810651
Peak memory: 131.67052459716797
Time index, remove data from structure: 0.002074044
Time for querying: 0.0
Time for new slide: 0.15350771680473374
Time for expired slide: 0.019433060923076922
------------------------------------
Number clusters = 0.0
Max  Number points in event queue = 0.0
Avg number points in clusters= 0.0
Avg Rmc size = 0.0
Avg Length exps= 0.0
#window: 170
Total #outliers: 809
Average Time: 0.17290933707647058
Peak memory: 131.67052459716797
Time index, remove data from structure: 0.0020753149882352944
Time for querying: 0.0
Time for new slide: 0.1534253859882353
Time for expired slide: 0.019480466835294117
------------------------------------
Number clusters = 0.0
Max  Number points in event queue = 0.0
Avg number points in clusters= 0.0
Avg Rmc size = 0.0
Avg Length exps= 0.0
#window: 171
Total #outliers: 813
Average Time: 0.17288182585964912
Peak memory: 131.67052459716797
Time index, remove data from structure: 0.002075596649122807
Time for querying: 0.0
Time for new slide: 0.15338537769005847
Time for expired slide: 0.01949296469005848
------------------------------------
Number clusters = 0.0
Max  Number points in event queue = 0.0
Avg number points in clusters= 0.0
Avg Rmc size = 0.0
Avg Length exps= 0.0
Peak memory: 131.67052459716797 MB
Average CPU time: 172.88182585964913 ms
