#window: 1
Total #outliers: 1487
Average Time: 0.0 ms
Peak memory: 0.0 MB
Time index, remove data from structure: 0.0
Time for querying: 0.0
Time for new slide: 0.0
Time for expired slide: 0.0
------------------------------------
Number clusters = 0.0
Max Number points in event queue = 0.0
Avg number points in clusters= 0.0
Avg Rmc size = 0.0
Avg Length exps= 0.0
#window: 2
Total #outliers: 1470
Average Time: 244.793753 ms
Peak memory: 0.0 MB
Time index, remove data from structure: 0.0027019245
Time for querying: 0.0
Time for new slide: 0.227444943
Time for expired slide: 0.0173376955
------------------------------------
Number clusters = 0.0
Max Number points in event queue = 0.0
Avg number points in clusters= 0.0
Avg Rmc size = 0.0
Avg Length exps= 0.0
#window: 3
Total #outliers: 1468
Average Time: 310.3730513333333 ms
Peak memory: 0.0 MB
Time index, remove data from structure: 0.0028169523333333338
Time for querying: 0.0
Time for new slide: 0.29160498333333335
Time for expired slide: 0.018759557333333333
------------------------------------
Number clusters = 0.0
Max Number points in event queue = 0.0
Avg number points in clusters= 0.0
Avg Rmc size = 0.0
Avg Length exps= 0.0
#window: 4
Total #outliers: 1397
Average Time: 339.40750525000004 ms
Peak memory: 0.0 MB
Time index, remove data from structure: 0.00285164925
Time for querying: 0.0
Time for new slide: 0.32047816175
Time for expired slide: 0.01892205175
------------------------------------
Number clusters = 0.0
Max Number points in event queue = 0.0
Avg number points in clusters= 0.0
Avg Rmc size = 0.0
Avg Length exps= 0.0
#window: 5
Total #outliers: 1378
Average Time: 355.7046338 ms
Peak memory: 0.0 MB
Time index, remove data from structure: 0.0028687642
Time for querying: 0.0
Time for new slide: 0.33673280920000004
Time for expired slide: 0.0189653458
------------------------------------
Number clusters = 0.0
Max Number points in event queue = 0.0
Avg number points in clusters= 0.0
Avg Rmc size = 0.0
Avg Length exps= 0.0
#window: 6
Total #outliers: 1396
Average Time: 368.2362711666667 ms
Peak memory: 0.0 MB
Time index, remove data from structure: 0.0028594365
Time for querying: 0.0
Time for new slide: 0.349320577
Time for expired slide: 0.018909728166666667
------------------------------------
Number clusters = 0.0
Max Number points in event queue = 0.0
Avg number points in clusters= 0.0
Avg Rmc size = 0.0
Avg Length exps= 0.0
#window: 7
Total #outliers: 1439
Average Time: 382.7775898571429 ms
Peak memory: 0.0 MB
Time index, remove data from structure: 0.002923681
Time for querying: 0.0
Time for new slide: 0.3608904444285714
Time for expired slide: 0.021881592285714287
------------------------------------
Number clusters = 0.0
Max Number points in event queue = 0.0
Avg number points in clusters= 0.0
Avg Rmc size = 0.0
Avg Length exps= 0.0
#window: 8
Total #outliers: 1405
Average Time: 391.36280849999997 ms
Peak memory: 0.0 MB
Time index, remove data from structure: 0.002994989375
Time for querying: 0.0
Time for new slide: 0.366567806
Time for expired slide: 0.0247896965
------------------------------------
Number clusters = 0.0
Max Number points in event queue = 0.0
Avg number points in clusters= 0.0
Avg Rmc size = 0.0
Avg Length exps= 0.0
#window: 9
Total #outliers: 1427
Average Time: 392.69823911111115 ms
Peak memory: 0.0 MB
Time index, remove data from structure: 0.003032969111111111
Time for querying: 0.0
Time for new slide: 0.36665268677777774
Time for expired slide: 0.026040451444444446
------------------------------------
Number clusters = 0.0
Max Number points in event queue = 0.0
Avg number points in clusters= 0.0
Avg Rmc size = 0.0
Avg Length exps= 0.0
#window: 10
Total #outliers: 1467
Average Time: 393.445365 ms
Peak memory: 0.0 MB
Time index, remove data from structure: 0.0030734101
Time for querying: 0.0
Time for new slide: 0.36639487060000003
Time for expired slide: 0.0270455962
------------------------------------
Number clusters = 0.0
Max Number points in event queue = 0.0
Avg number points in clusters= 0.0
Avg Rmc size = 0.0
Avg Length exps= 0.0
#window: 11
Total #outliers: 1501
Average Time: 393.29590272727273 ms
Peak memory: 0.0 MB
Time index, remove data from structure: 0.0030886316363636364
Time for querying: 0.0
Time for new slide: 0.3669378645454545
Time for expired slide: 0.026353270636363637
------------------------------------
Number clusters = 0.0
Max Number points in event queue = 0.0
Avg number points in clusters= 0.0
Avg Rmc size = 0.0
Avg Length exps= 0.0
#window: 12
Total #outliers: 1544
Average Time: 392.96117216666664 ms
Peak memory: 0.0 MB
Time index, remove data from structure: 0.003105573
Time for querying: 0.0
Time for new slide: 0.36714526808333336
Time for expired slide: 0.025811259833333332
------------------------------------
Number clusters = 0.0
Max Number points in event queue = 0.0
Avg number points in clusters= 0.0
Avg Rmc size = 0.0
Avg Length exps= 0.0
#window: 13
Total #outliers: 1537
Average Time: 395.8499612307692 ms
Peak memory: 0.0 MB
Time index, remove data from structure: 0.003109875538461538
Time for querying: 0.0
Time for new slide: 0.3692577849230769
Time for expired slide: 0.026587654769230768
------------------------------------
Number clusters = 0.0
Max Number points in event queue = 0.0
Avg number points in clusters= 0.0
Avg Rmc size = 0.0
Avg Length exps= 0.0
#window: 14
Total #outliers: 1552
Average Time: 400.4622441428571 ms
Peak memory: 0.0 MB
Time index, remove data from structure: 0.0031370079285714288
Time for querying: 0.0
Time for new slide: 0.37208363314285714
Time for expired slide: 0.028374178714285714
------------------------------------
Number clusters = 0.0
Max Number points in event queue = 0.0
Avg number points in clusters= 0.0
Avg Rmc size = 0.0
Avg Length exps= 0.0
#window: 15
Total #outliers: 1541
Average Time: 402.31668293333325 ms
Peak memory: 0.0 MB
Time index, remove data from structure: 0.0031773518666666665
Time for querying: 0.0
Time for new slide: 0.3743919059333333
Time for expired slide: 0.02791810026666667
------------------------------------
Number clusters = 0.0
Max Number points in event queue = 0.0
Avg number points in clusters= 0.0
Avg Rmc size = 0.0
Avg Length exps= 0.0
#window: 16
Total #outliers: 1507
Average Time: 404.4689023125 ms
Peak memory: 0.0 MB
Time index, remove data from structure: 0.0031817730625
Time for querying: 0.0
Time for new slide: 0.3759433776875
Time for expired slide: 0.0285190360625
------------------------------------
Number clusters = 0.0
Max Number points in event queue = 0.0
Avg number points in clusters= 0.0
Avg Rmc size = 0.0
Avg Length exps= 0.0
#window: 17
Total #outliers: 1463
Average Time: 410.4425111764706 ms
Peak memory: 0.0 MB
Time index, remove data from structure: 0.0032036496470588234
Time for querying: 0.0
Time for new slide: 0.3814066691176471
Time for expired slide: 0.02902951194117647
------------------------------------
Number clusters = 0.0
Max Number points in event queue = 0.0
Avg number points in clusters= 0.0
Avg Rmc size = 0.0
Avg Length exps= 0.0
#window: 18
Total #outliers: 1470
Average Time: 415.0102242777778 ms
Peak memory: 0.0 MB
Time index, remove data from structure: 0.003241797611111111
Time for querying: 0.0
Time for new slide: 0.38542377194444444
Time for expired slide: 0.029580276666666665
------------------------------------
Number clusters = 0.0
Max Number points in event queue = 0.0
Avg number points in clusters= 0.0
Avg Rmc size = 0.0
Avg Length exps= 0.0
#window: 19
Total #outliers: 1555
Average Time: 421.1403735263158 ms
Peak memory: 0.0 MB
Time index, remove data from structure: 0.003275207052631579
Time for querying: 0.0
Time for new slide: 0.3908558450526316
Time for expired slide: 0.03027849805263158
------------------------------------
Number clusters = 0.0
Max Number points in event queue = 0.0
Avg number points in clusters= 0.0
Avg Rmc size = 0.0
Avg Length exps= 0.0
#window: 20
Total #outliers: 1546
Average Time: 431.245541 ms
Peak memory: 0.0 MB
Time index, remove data from structure: 0.0033063957499999998
Time for querying: 0.0
Time for new slide: 0.3993912859
Time for expired slide: 0.031848314700000005
------------------------------------
Number clusters = 0.0
Max Number points in event queue = 0.0
Avg number points in clusters= 0.0
Avg Rmc size = 0.0
Avg Length exps= 0.0
#window: 21
Total #outliers: 1513
Average Time: 435.5513077142857 ms
Peak memory: 0.0 MB
Time index, remove data from structure: 0.0033635151904761905
Time for querying: 0.0
Time for new slide: 0.4039299869523809
Time for expired slide: 0.03161546657142857
------------------------------------
Number clusters = 0.0
Max Number points in event queue = 0.0
Avg number points in clusters= 0.0
Avg Rmc size = 0.0
Avg Length exps= 0.0
#window: 22
Total #outliers: 1492
Average Time: 440.4046796363636 ms
Peak memory: 0.0 MB
Time index, remove data from structure: 0.003409633272727273
Time for querying: 0.0
Time for new slide: 0.4081790069545455
Time for expired slide: 0.032219909727272726
------------------------------------
Number clusters = 0.0
Max Number points in event queue = 0.0
Avg number points in clusters= 0.0
Avg Rmc size = 0.0
Avg Length exps= 0.0
#window: 23
Total #outliers: 1503
Average Time: 446.3580575652174 ms
Peak memory: 0.0 MB
Time index, remove data from structure: 0.0034491665652173916
Time for querying: 0.0
Time for new slide: 0.4143582634782609
Time for expired slide: 0.031994106
------------------------------------
Number clusters = 0.0
Max Number points in event queue = 0.0
Avg number points in clusters= 0.0
Avg Rmc size = 0.0
Avg Length exps= 0.0
#window: 24
Total #outliers: 1507
Average Time: 443.45822512500007 ms
Peak memory: 0.0 MB
Time index, remove data from structure: 0.003443252375
Time for querying: 0.0
Time for new slide: 0.41195967666666666
Time for expired slide: 0.031492825041666665
------------------------------------
Number clusters = 0.0
Max Number points in event queue = 0.0
Avg number points in clusters= 0.0
Avg Rmc size = 0.0
Avg Length exps= 0.0
#window: 25
Total #outliers: 1572
Average Time: 441.2973738 ms
Peak memory: 0.0 MB
Time index, remove data from structure: 0.0034467624
Time for querying: 0.0
Time for new slide: 0.41025801276
Time for expired slide: 0.03103372184
------------------------------------
Number clusters = 0.0
Max Number points in event queue = 0.0
Avg number points in clusters= 0.0
Avg Rmc size = 0.0
Avg Length exps= 0.0
#window: 26
Total #outliers: 1552
Average Time: 439.6446809615385 ms
Peak memory: 0.0 MB
Time index, remove data from structure: 0.0034319791923076923
Time for querying: 0.0
Time for new slide: 0.4090414458461539
Time for expired slide: 0.030597679653846153
------------------------------------
Number clusters = 0.0
Max Number points in event queue = 0.0
Avg number points in clusters= 0.0
Avg Rmc size = 0.0
Avg Length exps= 0.0
#window: 27
Total #outliers: 1579
Average Time: 438.5903966296296 ms
Peak memory: 0.0 MB
Time index, remove data from structure: 0.003417131074074074
Time for querying: 0.0
Time for new slide: 0.4077759702592592
Time for expired slide: 0.030808968555555555
------------------------------------
Number clusters = 0.0
Max Number points in event queue = 0.0
Avg number points in clusters= 0.0
Avg Rmc size = 0.0
Avg Length exps= 0.0
#window: 28
Total #outliers: 1598
Average Time: 439.2019325714286 ms
Peak memory: 0.0 MB
Time index, remove data from structure: 0.0034128261071428574
Time for querying: 0.0
Time for new slide: 0.4081717825
Time for expired slide: 0.031024775571428572
------------------------------------
Number clusters = 0.0
Max Number points in event queue = 0.0
Avg number points in clusters= 0.0
Avg Rmc size = 0.0
Avg Length exps= 0.0
#window: 29
Total #outliers: 1624
Average Time: 438.76378748275863 ms
Peak memory: 0.0 MB
Time index, remove data from structure: 0.0034138681379310342
Time for querying: 0.0
Time for new slide: 0.40758146244827587
Time for expired slide: 0.031177016517241377
------------------------------------
Number clusters = 0.0
Max Number points in event queue = 0.0
Avg number points in clusters= 0.0
Avg Rmc size = 0.0
Avg Length exps= 0.0
#window: 30
Total #outliers: 1624
Average Time: 438.5844972666667 ms
Peak memory: 0.0 MB
Time index, remove data from structure: 0.0034100530999999997
Time for querying: 0.0
Time for new slide: 0.4072024458666667
Time for expired slide: 0.031376812133333334
------------------------------------
Number clusters = 0.0
Max Number points in event queue = 0.0
Avg number points in clusters= 0.0
Avg Rmc size = 0.0
Avg Length exps= 0.0
#window: 31
Total #outliers: 1608
Average Time: 438.2903882580645 ms
Peak memory: 0.0 MB
Time index, remove data from structure: 0.003417770806451613
Time for querying: 0.0
Time for new slide: 0.4067346684516129
Time for expired slide: 0.03155055412903226
------------------------------------
Number clusters = 0.0
Max Number points in event queue = 0.0
Avg number points in clusters= 0.0
Avg Rmc size = 0.0
Avg Length exps= 0.0
#window: 32
Total #outliers: 1595
Average Time: 437.85266028125005 ms
Peak memory: 0.0 MB
Time index, remove data from structure: 0.00341549134375
Time for querying: 0.0
Time for new slide: 0.4066144841875
Time for expired slide: 0.0312330625625
------------------------------------
Number clusters = 0.0
Max Number points in event queue = 0.0
Avg number points in clusters= 0.0
Avg Rmc size = 0.0
Avg Length exps= 0.0
#window: 33
Total #outliers: 1622
Average Time: 439.7888592727273 ms
Peak memory: 0.0 MB
Time index, remove data from structure: 0.0034179279393939392
Time for querying: 0.0
Time for new slide: 0.40784648678787877
Time for expired slide: 0.03193732181818182
------------------------------------
Number clusters = 0.0
Max Number points in event queue = 0.0
Avg number points in clusters= 0.0
Avg Rmc size = 0.0
Avg Length exps= 0.0
#window: 34
Total #outliers: 1634
Average Time: 441.12085170588233 ms
Peak memory: 0.0 MB
Time index, remove data from structure: 0.0034307277352941174
Time for querying: 0.0
Time for new slide: 0.4094527244705882
Time for expired slide: 0.03166312511764706
------------------------------------
Number clusters = 0.0
Max Number points in event queue = 0.0
Avg number points in clusters= 0.0
Avg Rmc size = 0.0
Avg Length exps= 0.0
#window: 35
Total #outliers: 1690
Average Time: 444.41513039999995 ms
Peak memory: 0.0 MB
Time index, remove data from structure: 0.0034428154285714285
Time for querying: 0.0
Time for new slide: 0.41247862865714285
Time for expired slide: 0.031931551
------------------------------------
Number clusters = 0.0
Max Number points in event queue = 0.0
Avg number points in clusters= 0.0
Avg Rmc size = 0.0
Avg Length exps= 0.0
#window: 36
Total #outliers: 1619
Average Time: 447.7549204722221 ms
Peak memory: 0.0 MB
Time index, remove data from structure: 0.003440586361111111
Time for querying: 0.0
Time for new slide: 0.4160083379722222
Time for expired slide: 0.031741683944444446
------------------------------------
Number clusters = 0.0
Max Number points in event queue = 0.0
Avg number points in clusters= 0.0
Avg Rmc size = 0.0
Avg Length exps= 0.0
#window: 37
Total #outliers: 1642
Average Time: 452.01060672972966 ms
Peak memory: 0.0 MB
Time index, remove data from structure: 0.003446527810810811
Time for querying: 0.0
Time for new slide: 0.42043403064864865
Time for expired slide: 0.03157172810810811
------------------------------------
Number clusters = 0.0
Max Number points in event queue = 0.0
Avg number points in clusters= 0.0
Avg Rmc size = 0.0
Avg Length exps= 0.0
#window: 38
Total #outliers: 1633
Average Time: 454.9917068157894 ms
Peak memory: 0.0 MB
Time index, remove data from structure: 0.0034405881842105267
Time for querying: 0.0
Time for new slide: 0.42357401415789475
Time for expired slide: 0.031412880421052634
------------------------------------
Number clusters = 0.0
Max Number points in event queue = 0.0
Avg number points in clusters= 0.0
Avg Rmc size = 0.0
Avg Length exps= 0.0
#window: 39
Total #outliers: 1585
Average Time: 452.73457917948707 ms
Peak memory: 0.0 MB
Time index, remove data from structure: 0.0034306496666666663
Time for querying: 0.0
Time for new slide: 0.42161721569230765
Time for expired slide: 0.031112596666666666
------------------------------------
Number clusters = 0.0
Max Number points in event queue = 0.0
Avg number points in clusters= 0.0
Avg Rmc size = 0.0
Avg Length exps= 0.0
#window: 40
Total #outliers: 1620
Average Time: 450.87890049999993 ms
Peak memory: 0.0 MB
Time index, remove data from structure: 0.0034183821750000004
Time for querying: 0.0
Time for new slide: 0.42005345585000003
Time for expired slide: 0.030820713300000004
------------------------------------
Number clusters = 0.0
Max Number points in event queue = 0.0
Avg number points in clusters= 0.0
Avg Rmc size = 0.0
Avg Length exps= 0.0
#window: 41
Total #outliers: 1714
Average Time: 449.8736766341462 ms
Peak memory: 0.0 MB
Time index, remove data from structure: 0.003408314902439024
Time for querying: 0.0
Time for new slide: 0.4193079504634146
Time for expired slide: 0.030561024780487802
------------------------------------
Number clusters = 0.0
Max Number points in event queue = 0.0
Avg number points in clusters= 0.0
Avg Rmc size = 0.0
Avg Length exps= 0.0
#window: 42
Total #outliers: 1681
Average Time: 449.88515249999983 ms
Peak memory: 0.0 MB
Time index, remove data from structure: 0.0034024849761904764
Time for querying: 0.0
Time for new slide: 0.4187857732857143
Time for expired slide: 0.031094713357142856
------------------------------------
Number clusters = 0.0
Max Number points in event queue = 0.0
Avg number points in clusters= 0.0
Avg Rmc size = 0.0
Avg Length exps= 0.0
#window: 43
Total #outliers: 1697
Average Time: 449.1074149069766 ms
Peak memory: 0.0 MB
Time index, remove data from structure: 0.003397611046511628
Time for querying: 0.0
Time for new slide: 0.41824709302325586
Time for expired slide: 0.030855678720930233
------------------------------------
Number clusters = 0.0
Max Number points in event queue = 0.0
Avg number points in clusters= 0.0
Avg Rmc size = 0.0
Avg Length exps= 0.0
#window: 44
Total #outliers: 1680
Average Time: 449.8502160227271 ms
Peak memory: 0.0 MB
Time index, remove data from structure: 0.0033955696363636365
Time for querying: 0.0
Time for new slide: 0.4184457657272727
Time for expired slide: 0.0313998415
------------------------------------
Number clusters = 0.0
Max Number points in event queue = 0.0
Avg number points in clusters= 0.0
Avg Rmc size = 0.0
Avg Length exps= 0.0
#window: 45
Total #outliers: 1681
Average Time: 449.58410622222203 ms
Peak memory: 0.0 MB
Time index, remove data from structure: 0.0033890388666666664
Time for querying: 0.0
Time for new slide: 0.4184131017333333
Time for expired slide: 0.031166435977777778
------------------------------------
Number clusters = 0.0
Max Number points in event queue = 0.0
Avg number points in clusters= 0.0
Avg Rmc size = 0.0
Avg Length exps= 0.0
#window: 46
Total #outliers: 1672
Average Time: 449.2641661304346 ms
Peak memory: 0.0 MB
Time index, remove data from structure: 0.0033824169782608695
Time for querying: 0.0
Time for new slide: 0.4183206665
Time for expired slide: 0.03093896389130435
------------------------------------
Number clusters = 0.0
Max Number points in event queue = 0.0
Avg number points in clusters= 0.0
Avg Rmc size = 0.0
Avg Length exps= 0.0
#window: 47
Total #outliers: 1661
Average Time: 449.49503425531896 ms
Peak memory: 0.0 MB
Time index, remove data from structure: 0.0033745912765957447
Time for querying: 0.0
Time for new slide: 0.41843226914893616
Time for expired slide: 0.03105827136170213
------------------------------------
Number clusters = 0.0
Max Number points in event queue = 0.0
Avg number points in clusters= 0.0
Avg Rmc size = 0.0
Avg Length exps= 0.0
#window: 48
Total #outliers: 1658
Average Time: 449.12239704166643 ms
Peak memory: 0.0 MB
Time index, remove data from structure: 0.0033652698958333335
Time for querying: 0.0
Time for new slide: 0.418283008
Time for expired slide: 0.030834919875000002
------------------------------------
Number clusters = 0.0
Max Number points in event queue = 0.0
Avg number points in clusters= 0.0
Avg Rmc size = 0.0
Avg Length exps= 0.0
#window: 49
Total #outliers: 1671
Average Time: 449.3996086938773 ms
Peak memory: 0.0 MB
Time index, remove data from structure: 0.0033518683877551024
Time for querying: 0.0
Time for new slide: 0.41874802102040815
Time for expired slide: 0.030647141653061226
------------------------------------
Number clusters = 0.0
Max Number points in event queue = 0.0
Avg number points in clusters= 0.0
Avg Rmc size = 0.0
Avg Length exps= 0.0
#window: 50
Total #outliers: 1573
Average Time: 450.20422533999977 ms
Peak memory: 0.0 MB
Time index, remove data from structure: 0.0033439527600000003
Time for querying: 0.0
Time for new slide: 0.419695759
Time for expired slide: 0.03050403482
------------------------------------
Number clusters = 0.0
Max Number points in event queue = 0.0
Avg number points in clusters= 0.0
Avg Rmc size = 0.0
Avg Length exps= 0.0
#window: 51
Total #outliers: 1608
Average Time: 451.05046829411737 ms
Peak memory: 0.0 MB
Time index, remove data from structure: 0.003333468156862745
Time for querying: 0.0
Time for new slide: 0.42072808392156863
Time for expired slide: 0.030317975529411765
------------------------------------
Number clusters = 0.0
Max Number points in event queue = 0.0
Avg number points in clusters= 0.0
Avg Rmc size = 0.0
Avg Length exps= 0.0
#window: 52
Total #outliers: 1565
Average Time: 452.4617934230767 ms
Peak memory: 0.0 MB
Time index, remove data from structure: 0.0033219236538461535
Time for querying: 0.0
Time for new slide: 0.42228403842307694
Time for expired slide: 0.030173369326923074
------------------------------------
Number clusters = 0.0
Max Number points in event queue = 0.0
Avg number points in clusters= 0.0
Avg Rmc size = 0.0
Avg Length exps= 0.0
#window: 53
Total #outliers: 1541
Average Time: 455.3396711698111 ms
Peak memory: 0.0 MB
Time index, remove data from structure: 0.0033147181886792453
Time for querying: 0.0
Time for new slide: 0.4248410654528302
Time for expired slide: 0.030494250226415092
------------------------------------
Number clusters = 0.0
Max Number points in event queue = 0.0
Avg number points in clusters= 0.0
Avg Rmc size = 0.0
Avg Length exps= 0.0
#window: 54
Total #outliers: 1604
Average Time: 459.6681328703702 ms
Peak memory: 0.0 MB
Time index, remove data from structure: 0.0033046006666666663
Time for querying: 0.0
Time for new slide: 0.4293042093518519
Time for expired slide: 0.030359584907407405
------------------------------------
Number clusters = 0.0
Max Number points in event queue = 0.0
Avg number points in clusters= 0.0
Avg Rmc size = 0.0
Avg Length exps= 0.0
#window: 55
Total #outliers: 1610
Average Time: 467.00145821818154 ms
Peak memory: 0.0 MB
Time index, remove data from structure: 0.0032987177090909093
Time for querying: 0.0
Time for new slide: 0.43624810405454545
Time for expired slide: 0.0307490356
------------------------------------
Number clusters = 0.0
Max Number points in event queue = 0.0
Avg number points in clusters= 0.0
Avg Rmc size = 0.0
Avg Length exps= 0.0
#window: 56
Total #outliers: 1614
Average Time: 476.58542410714267 ms
Peak memory: 0.0 MB
Time index, remove data from structure: 0.003302142660714286
Time for querying: 0.0
Time for new slide: 0.4442345108392857
Time for expired slide: 0.032346615410714284
------------------------------------
Number clusters = 0.0
Max Number points in event queue = 0.0
Avg number points in clusters= 0.0
Avg Rmc size = 0.0
Avg Length exps= 0.0
#window: 57
Total #outliers: 1565
Average Time: 485.4786821578945 ms
Peak memory: 0.0 MB
Time index, remove data from structure: 0.003319700894736842
Time for querying: 0.0
Time for new slide: 0.45294011136842105
Time for expired slide: 0.03253429333333333
------------------------------------
Number clusters = 0.0
Max Number points in event queue = 0.0
Avg number points in clusters= 0.0
Avg Rmc size = 0.0
Avg Length exps= 0.0
#window: 58
Total #outliers: 1574
Average Time: 494.92683201724117 ms
Peak memory: 0.0 MB
Time index, remove data from structure: 0.0033324954137931035
Time for querying: 0.0
Time for new slide: 0.4622223440689655
Time for expired slide: 0.03270022906896552
------------------------------------
Number clusters = 0.0
Max Number points in event queue = 0.0
Avg number points in clusters= 0.0
Avg Rmc size = 0.0
Avg Length exps= 0.0
#window: 59
Total #outliers: 1603
Average Time: 504.9231837457625 ms
Peak memory: 0.0 MB
Time index, remove data from structure: 0.003346926661016949
Time for querying: 0.0
Time for new slide: 0.4720480715254238
Time for expired slide: 0.032870864762711866
------------------------------------
Number clusters = 0.0
Max Number points in event queue = 0.0
Avg number points in clusters= 0.0
Avg Rmc size = 0.0
Avg Length exps= 0.0
#window: 60
Total #outliers: 1584
Average Time: 515.2203882666665 ms
Peak memory: 0.0 MB
Time index, remove data from structure: 0.003356325083333333
Time for querying: 0.0
Time for new slide: 0.48166853708333335
Time for expired slide: 0.03354761815
------------------------------------
Number clusters = 0.0
Max Number points in event queue = 0.0
Avg number points in clusters= 0.0
Avg Rmc size = 0.0
Avg Length exps= 0.0
#window: 61
Total #outliers: 1507
Average Time: 521.1890785081965 ms
Peak memory: 0.0 MB
Time index, remove data from structure: 0.003365223426229508
Time for querying: 0.0
Time for new slide: 0.4874991389016393
Time for expired slide: 0.03368571998360656
------------------------------------
Number clusters = 0.0
Max Number points in event queue = 0.0
Avg number points in clusters= 0.0
Avg Rmc size = 0.0
Avg Length exps= 0.0
#window: 62
Total #outliers: 1506
Average Time: 528.0057825967741 ms
Peak memory: 0.0 MB
Time index, remove data from structure: 0.0033711082741935488
Time for querying: 0.0
Time for new slide: 0.4942651444193549
Time for expired slide: 0.03373643622580645
------------------------------------
Number clusters = 0.0
Max Number points in event queue = 0.0
Avg number points in clusters= 0.0
Avg Rmc size = 0.0
Avg Length exps= 0.0
#window: 63
Total #outliers: 1438
Average Time: 532.8759597777777 ms
Peak memory: 0.0 MB
Time index, remove data from structure: 0.003379637365079365
Time for querying: 0.0
Time for new slide: 0.49904985860317463
Time for expired slide: 0.033821902904761905
------------------------------------
Number clusters = 0.0
Max Number points in event queue = 0.0
Avg number points in clusters= 0.0
Avg Rmc size = 0.0
Avg Length exps= 0.0
#window: 64
Total #outliers: 1484
Average Time: 538.9150314687499 ms
Peak memory: 0.0 MB
Time index, remove data from structure: 0.003382870796875
Time for querying: 0.0
Time for new slide: 0.5044401920625
Time for expired slide: 0.03447066328125
------------------------------------
Number clusters = 0.0
Max Number points in event queue = 0.0
Avg number points in clusters= 0.0
Avg Rmc size = 0.0
Avg Length exps= 0.0
#window: 65
Total #outliers: 1464
Average Time: 544.9419929538461 ms
Peak memory: 0.0 MB
Time index, remove data from structure: 0.003396892169230769
Time for querying: 0.0
Time for new slide: 0.5096588006923077
Time for expired slide: 0.03527903424615384
------------------------------------
Number clusters = 0.0
Max Number points in event queue = 0.0
Avg number points in clusters= 0.0
Avg Rmc size = 0.0
Avg Length exps= 0.0
#window: 66
Total #outliers: 1403
Average Time: 548.8372673484848 ms
Peak memory: 0.0 MB
Time index, remove data from structure: 0.0034191500757575757
Time for querying: 0.0
Time for new slide: 0.513201574969697
Time for expired slide: 0.0356315516969697
------------------------------------
Number clusters = 0.0
Max Number points in event queue = 0.0
Avg number points in clusters= 0.0
Avg Rmc size = 0.0
Avg Length exps= 0.0
#window: 67
Total #outliers: 1382
Average Time: 550.2892768656717 ms
Peak memory: 0.0 MB
Time index, remove data from structure: 0.003439802880597015
Time for querying: 0.0
Time for new slide: 0.514391595
Time for expired slide: 0.03589355165671641
------------------------------------
Number clusters = 0.0
Max Number points in event queue = 0.0
Avg number points in clusters= 0.0
Avg Rmc size = 0.0
Avg Length exps= 0.0
#window: 68
Total #outliers: 1420
Average Time: 547.6691169264706 ms
Peak memory: 0.0 MB
Time index, remove data from structure: 0.0034370003235294115
Time for querying: 0.0
Time for new slide: 0.511818942367647
Time for expired slide: 0.03584605995588236
------------------------------------
Number clusters = 0.0
Max Number points in event queue = 0.0
Avg number points in clusters= 0.0
Avg Rmc size = 0.0
Avg Length exps= 0.0
#window: 69
Total #outliers: 1405
Average Time: 544.6927048405797 ms
Peak memory: 0.0 MB
Time index, remove data from structure: 0.0034362123333333333
Time for querying: 0.0
Time for new slide: 0.5090871356666666
Time for expired slide: 0.03560146791304348
------------------------------------
Number clusters = 0.0
Max Number points in event queue = 0.0
Avg number points in clusters= 0.0
Avg Rmc size = 0.0
Avg Length exps= 0.0
#window: 70
Total #outliers: 1465
Average Time: 542.4157336999999 ms
Peak memory: 0.0 MB
Time index, remove data from structure: 0.0034394618285714285
Time for querying: 0.0
Time for new slide: 0.5066312262142857
Time for expired slide: 0.03578042207142857
------------------------------------
Number clusters = 0.0
Max Number points in event queue = 0.0
Avg number points in clusters= 0.0
Avg Rmc size = 0.0
Avg Length exps= 0.0
#window: 71
Total #outliers: 1430
Average Time: 539.9106311830985 ms
Peak memory: 0.0 MB
Time index, remove data from structure: 0.0034412861690140844
Time for querying: 0.0
Time for new slide: 0.504352347971831
Time for expired slide: 0.03555421433802817
------------------------------------
Number clusters = 0.0
Max Number points in event queue = 0.0
Avg number points in clusters= 0.0
Avg Rmc size = 0.0
Avg Length exps= 0.0
#window: 72
Total #outliers: 1506
Average Time: 537.6460769027777 ms
Peak memory: 0.0 MB
Time index, remove data from structure: 0.0034454183055555557
Time for querying: 0.0
Time for new slide: 0.5021008666388889
Time for expired slide: 0.035541158375
------------------------------------
Number clusters = 0.0
Max Number points in event queue = 0.0
Avg number points in clusters= 0.0
Avg Rmc size = 0.0
Avg Length exps= 0.0
#window: 73
Total #outliers: 1478
Average Time: 535.4482197808219 ms
Peak memory: 0.0 MB
Time index, remove data from structure: 0.003448689630136986
Time for querying: 0.0
Time for new slide: 0.5001107250547945
Time for expired slide: 0.035333457260273975
------------------------------------
Number clusters = 0.0
Max Number points in event queue = 0.0
Avg number points in clusters= 0.0
Avg Rmc size = 0.0
Avg Length exps= 0.0
#window: 74
Total #outliers: 1559
Average Time: 533.4924514594594 ms
Peak memory: 0.0 MB
Time index, remove data from structure: 0.003450735
Time for querying: 0.0
Time for new slide: 0.4980974615540541
Time for expired slide: 0.03539096360810811
------------------------------------
Number clusters = 0.0
Max Number points in event queue = 0.0
Avg number points in clusters= 0.0
Avg Rmc size = 0.0
Avg Length exps= 0.0
#window: 75
Total #outliers: 1536
Average Time: 531.5813817333334 ms
Peak memory: 0.0 MB
Time index, remove data from structure: 0.0034490068133333335
Time for querying: 0.0
Time for new slide: 0.4961954196266667
Time for expired slide: 0.03538194248
------------------------------------
Number clusters = 0.0
Max Number points in event queue = 0.0
Avg number points in clusters= 0.0
Avg Rmc size = 0.0
Avg Length exps= 0.0
#window: 76
Total #outliers: 1534
Average Time: 529.9804286973684 ms
Peak memory: 0.0 MB
Time index, remove data from structure: 0.003444540039473684
Time for querying: 0.0
Time for new slide: 0.49461287707894735
Time for expired slide: 0.03536353886842105
------------------------------------
Number clusters = 0.0
Max Number points in event queue = 0.0
Avg number points in clusters= 0.0
Avg Rmc size = 0.0
Avg Length exps= 0.0
#window: 77
Total #outliers: 1544
Average Time: 528.6413435584415 ms
Peak memory: 0.0 MB
Time index, remove data from structure: 0.0034414195844155843
Time for querying: 0.0
Time for new slide: 0.49326123580519476
Time for expired slide: 0.035376110727272723
------------------------------------
Number clusters = 0.0
Max Number points in event queue = 0.0
Avg number points in clusters= 0.0
Avg Rmc size = 0.0
Avg Length exps= 0.0
#window: 78
Total #outliers: 1518
Average Time: 527.2437856538462 ms
Peak memory: 0.0 MB
Time index, remove data from structure: 0.003441525858974359
Time for querying: 0.0
Time for new slide: 0.49204167642307695
Time for expired slide: 0.0351981185
------------------------------------
Number clusters = 0.0
Max Number points in event queue = 0.0
Avg number points in clusters= 0.0
Avg Rmc size = 0.0
Avg Length exps= 0.0
#window: 79
Total #outliers: 1520
Average Time: 525.6436239240508 ms
Peak memory: 0.0 MB
Time index, remove data from structure: 0.003439695683544304
Time for querying: 0.0
Time for new slide: 0.49062334060759494
Time for expired slide: 0.03501630339240506
------------------------------------
Number clusters = 0.0
Max Number points in event queue = 0.0
Avg number points in clusters= 0.0
Avg Rmc size = 0.0
Avg Length exps= 0.0
#window: 80
Total #outliers: 1507
Average Time: 524.0672363625001 ms
Peak memory: 0.0 MB
Time index, remove data from structure: 0.0034345735000000004
Time for querying: 0.0
Time for new slide: 0.48922440155
Time for expired slide: 0.0348388655375
------------------------------------
Number clusters = 0.0
Max Number points in event queue = 0.0
Avg number points in clusters= 0.0
Avg Rmc size = 0.0
Avg Length exps= 0.0
#window: 81
Total #outliers: 1514
Average Time: 523.684263 ms
Peak memory: 0.0 MB
Time index, remove data from structure: 0.0034299914567901234
Time for querying: 0.0
Time for new slide: 0.4888235918395062
Time for expired slide: 0.03485671260493827
------------------------------------
Number clusters = 0.0
Max Number points in event queue = 0.0
Avg number points in clusters= 0.0
Avg Rmc size = 0.0
Avg Length exps= 0.0
#window: 82
Total #outliers: 1491
Average Time: 523.1501261341464 ms
Peak memory: 0.0 MB
Time index, remove data from structure: 0.003423463085365854
Time for querying: 0.0
Time for new slide: 0.4884473462682927
Time for expired slide: 0.034698829329268294
------------------------------------
Number clusters = 0.0
Max Number points in event queue = 0.0
Avg number points in clusters= 0.0
Avg Rmc size = 0.0
Avg Length exps= 0.0
#window: 83
Total #outliers: 1517
Average Time: 524.2306754457832 ms
Peak memory: 0.0 MB
Time index, remove data from structure: 0.003424105975903614
Time for querying: 0.0
Time for new slide: 0.48944819159036146
Time for expired slide: 0.03477854491566265
------------------------------------
Number clusters = 0.0
Max Number points in event queue = 0.0
Avg number points in clusters= 0.0
Avg Rmc size = 0.0
Avg Length exps= 0.0
#window: 84
Total #outliers: 1492
Average Time: 525.78848975 ms
Peak memory: 0.0 MB
Time index, remove data from structure: 0.003424829857142857
Time for querying: 0.0
Time for new slide: 0.4908629567380952
Time for expired slide: 0.03492160169047619
------------------------------------
Number clusters = 0.0
Max Number points in event queue = 0.0
Avg number points in clusters= 0.0
Avg Rmc size = 0.0
Avg Length exps= 0.0
#window: 85
Total #outliers: 1451
Average Time: 527.825615 ms
Peak memory: 0.0 MB
Time index, remove data from structure: 0.003423398917647059
Time for querying: 0.0
Time for new slide: 0.49297443087058823
Time for expired slide: 0.034847260235294115
------------------------------------
Number clusters = 0.0
Max Number points in event queue = 0.0
Avg number points in clusters= 0.0
Avg Rmc size = 0.0
Avg Length exps= 0.0
#window: 86
Total #outliers: 1384
Average Time: 529.0892601162791 ms
Peak memory: 0.0 MB
Time index, remove data from structure: 0.0034198092790697675
Time for querying: 0.0
Time for new slide: 0.4943295434302326
Time for expired slide: 0.03475579691860465
------------------------------------
Number clusters = 0.0
Max Number points in event queue = 0.0
Avg number points in clusters= 0.0
Avg Rmc size = 0.0
Avg Length exps= 0.0
#window: 87
Total #outliers: 1451
Average Time: 532.599959954023 ms
Peak memory: 0.0 MB
Time index, remove data from structure: 0.003422575942528736
Time for querying: 0.0
Time for new slide: 0.49774972025287356
Time for expired slide: 0.03484632459770115
------------------------------------
Number clusters = 0.0
Max Number points in event queue = 0.0
Avg number points in clusters= 0.0
Avg Rmc size = 0.0
Avg Length exps= 0.0
#window: 88
Total #outliers: 1445
Average Time: 536.366432965909 ms
Peak memory: 0.0 MB
Time index, remove data from structure: 0.003422967590909091
Time for querying: 0.0
Time for new slide: 0.5015313823409091
Time for expired slide: 0.03483113694318182
------------------------------------
Number clusters = 0.0
Max Number points in event queue = 0.0
Avg number points in clusters= 0.0
Avg Rmc size = 0.0
Avg Length exps= 0.0
#window: 89
Total #outliers: 1445
Average Time: 539.2596289213483 ms
Peak memory: 0.0 MB
Time index, remove data from structure: 0.003423981415730337
Time for querying: 0.0
Time for new slide: 0.5042304842696629
Time for expired slide: 0.03502523526966292
------------------------------------
Number clusters = 0.0
Max Number points in event queue = 0.0
Avg number points in clusters= 0.0
Avg Rmc size = 0.0
Avg Length exps= 0.0
#window: 90
Total #outliers: 1507
Average Time: 542.3183619111112 ms
Peak memory: 0.0 MB
Time index, remove data from structure: 0.0034240201000000003
Time for querying: 0.0
Time for new slide: 0.5073579419555555
Time for expired slide: 0.03495651758888889
------------------------------------
Number clusters = 0.0
Max Number points in event queue = 0.0
Avg number points in clusters= 0.0
Avg Rmc size = 0.0
Avg Length exps= 0.0
#window: 91
Total #outliers: 1537
Average Time: 546.3078442087912 ms
Peak memory: 0.0 MB
Time index, remove data from structure: 0.00341952389010989
Time for querying: 0.0
Time for new slide: 0.5111119971428572
Time for expired slide: 0.035191951934065935
------------------------------------
Number clusters = 0.0
Max Number points in event queue = 0.0
Avg number points in clusters= 0.0
Avg Rmc size = 0.0
Avg Length exps= 0.0
#window: 92
Total #outliers: 1463
Average Time: 549.5453348260869 ms
Peak memory: 0.0 MB
Time index, remove data from structure: 0.003415677434782609
Time for querying: 0.0
Time for new slide: 0.5143310124782609
Time for expired slide: 0.03521043356521739
------------------------------------
Number clusters = 0.0
Max Number points in event queue = 0.0
Avg number points in clusters= 0.0
Avg Rmc size = 0.0
Avg Length exps= 0.0
#window: 93
Total #outliers: 1504
Average Time: 552.832354344086 ms
Peak memory: 0.0 MB
Time index, remove data from structure: 0.003418455870967742
Time for querying: 0.0
Time for new slide: 0.5169424259354839
Time for expired slide: 0.03588604352688172
------------------------------------
Number clusters = 0.0
Max Number points in event queue = 0.0
Avg number points in clusters= 0.0
Avg Rmc size = 0.0
Avg Length exps= 0.0
#window: 94
Total #outliers: 1530
Average Time: 556.539970106383 ms
Peak memory: 0.0 MB
Time index, remove data from structure: 0.0034228700851063826
Time for querying: 0.0
Time for new slide: 0.5206429319042553
Time for expired slide: 0.03589316036170213
------------------------------------
Number clusters = 0.0
Max Number points in event queue = 0.0
Avg number points in clusters= 0.0
Avg Rmc size = 0.0
Avg Length exps= 0.0
#window: 95
Total #outliers: 1504
Average Time: 560.3573871052631 ms
Peak memory: 0.0 MB
Time index, remove data from structure: 0.003427859442105263
Time for querying: 0.0
Time for new slide: 0.5244292822526316
Time for expired slide: 0.03592423257894737
------------------------------------
Number clusters = 0.0
Max Number points in event queue = 0.0
Avg number points in clusters= 0.0
Avg Rmc size = 0.0
Avg Length exps= 0.0
#window: 96
Total #outliers: 1429
Average Time: 561.4915492708334 ms
Peak memory: 0.0 MB
Time index, remove data from structure: 0.0034269546979166666
Time for querying: 0.0
Time for new slide: 0.5253086742291667
Time for expired slide: 0.036179004572916666
------------------------------------
Number clusters = 0.0
Max Number points in event queue = 0.0
Avg number points in clusters= 0.0
Avg Rmc size = 0.0
Avg Length exps= 0.0
#window: 97
Total #outliers: 1483
Average Time: 559.2053859484536 ms
Peak memory: 0.0 MB
Time index, remove data from structure: 0.0034242274536082475
Time for querying: 0.0
Time for new slide: 0.523198352185567
Time for expired slide: 0.03600317284536082
------------------------------------
Number clusters = 0.0
Max Number points in event queue = 0.0
Avg number points in clusters= 0.0
Avg Rmc size = 0.0
Avg Length exps= 0.0
#window: 98
Total #outliers: 1479
Average Time: 557.0659800714285 ms
Peak memory: 0.0 MB
Time index, remove data from structure: 0.0034212240510204084
Time for querying: 0.0
Time for new slide: 0.5210853692755102
Time for expired slide: 0.0359767567755102
------------------------------------
Number clusters = 0.0
Max Number points in event queue = 0.0
Avg number points in clusters= 0.0
Avg Rmc size = 0.0
Avg Length exps= 0.0
#window: 99
Total #outliers: 1494
Average Time: 555.1067028181817 ms
Peak memory: 0.0 MB
Time index, remove data from structure: 0.0034199011010101013
Time for querying: 0.0
Time for new slide: 0.5192921182323232
Time for expired slide: 0.03581073664646465
------------------------------------
Number clusters = 0.0
Max Number points in event queue = 0.0
Avg number points in clusters= 0.0
Avg Rmc size = 0.0
Avg Length exps= 0.0
#window: 100
Total #outliers: 1492
Average Time: 553.2653876599999 ms
Peak memory: 0.0 MB
Time index, remove data from structure: 0.00341650495
Time for querying: 0.0
Time for new slide: 0.5174631076099999
Time for expired slide: 0.03579844254
------------------------------------
Number clusters = 0.0
Max Number points in event queue = 0.0
Avg number points in clusters= 0.0
Avg Rmc size = 0.0
Avg Length exps= 0.0
#window: 101
Total #outliers: 1468
Average Time: 551.3484843366336 ms
Peak memory: 0.0 MB
Time index, remove data from structure: 0.003417295683168317
Time for querying: 0.0
Time for new slide: 0.5155700585841584
Time for expired slide: 0.03577459571287129
------------------------------------
Number clusters = 0.0
Max Number points in event queue = 0.0
Avg number points in clusters= 0.0
Avg Rmc size = 0.0
Avg Length exps= 0.0
#window: 102
Total #outliers: 1459
Average Time: 549.4613430686273 ms
Peak memory: 0.0 MB
Time index, remove data from structure: 0.003413409450980392
Time for querying: 0.0
Time for new slide: 0.5138458531176471
Time for expired slide: 0.03561166221568628
------------------------------------
Number clusters = 0.0
Max Number points in event queue = 0.0
Avg number points in clusters= 0.0
Avg Rmc size = 0.0
Avg Length exps= 0.0
#window: 103
Total #outliers: 1443
Average Time: 547.5476252330096 ms
Peak memory: 0.0 MB
Time index, remove data from structure: 0.0034093139805825242
Time for querying: 0.0
Time for new slide: 0.5120929606504855
Time for expired slide: 0.035450837601941745
------------------------------------
Number clusters = 0.0
Max Number points in event queue = 0.0
Avg number points in clusters= 0.0
Avg Rmc size = 0.0
Avg Length exps= 0.0
#window: 104
Total #outliers: 1481
Average Time: 545.7130751923077 ms
Peak memory: 0.0 MB
Time index, remove data from structure: 0.0034055676346153845
Time for querying: 0.0
Time for new slide: 0.5104161867211539
Time for expired slide: 0.035293063721153844
------------------------------------
Number clusters = 0.0
Max Number points in event queue = 0.0
Avg number points in clusters= 0.0
Avg Rmc size = 0.0
Avg Length exps= 0.0
#window: 105
Total #outliers: 1477
Average Time: 544.0159438857141 ms
Peak memory: 0.0 MB
Time index, remove data from structure: 0.0034002499714285714
Time for querying: 0.0
Time for new slide: 0.508870230552381
Time for expired slide: 0.03514188718095238
------------------------------------
Number clusters = 0.0
Max Number points in event queue = 0.0
Avg number points in clusters= 0.0
Avg Rmc size = 0.0
Avg Length exps= 0.0
#window: 106
Total #outliers: 1511
Average Time: 542.6384081792453 ms
Peak memory: 0.0 MB
Time index, remove data from structure: 0.003398133320754717
Time for querying: 0.0
Time for new slide: 0.5076308912924529
Time for expired slide: 0.03500369602830189
------------------------------------
Number clusters = 0.0
Max Number points in event queue = 0.0
Avg number points in clusters= 0.0
Avg Rmc size = 0.0
Avg Length exps= 0.0
#window: 107
Total #outliers: 1544
Average Time: 541.4434173271028 ms
Peak memory: 0.0 MB
Time index, remove data from structure: 0.00339501014953271
Time for querying: 0.0
Time for new slide: 0.5065682602616822
Time for expired slide: 0.03487133957009346
------------------------------------
Number clusters = 0.0
Max Number points in event queue = 0.0
Avg number points in clusters= 0.0
Avg Rmc size = 0.0
Avg Length exps= 0.0
#window: 108
Total #outliers: 1544
Average Time: 540.6401483888889 ms
Peak memory: 0.0 MB
Time index, remove data from structure: 0.00338985012037037
Time for querying: 0.0
Time for new slide: 0.5057419247037037
Time for expired slide: 0.03489441553703704
------------------------------------
Number clusters = 0.0
Max Number points in event queue = 0.0
Avg number points in clusters= 0.0
Avg Rmc size = 0.0
Avg Length exps= 0.0
#window: 109
Total #outliers: 1444
Average Time: 540.0476674770641 ms
Peak memory: 0.0 MB
Time index, remove data from structure: 0.003388540256880734
Time for querying: 0.0
Time for new slide: 0.5051403216238531
Time for expired slide: 0.03490354566972477
------------------------------------
Number clusters = 0.0
Max Number points in event queue = 0.0
Avg number points in clusters= 0.0
Avg Rmc size = 0.0
Avg Length exps= 0.0
#window: 110
Total #outliers: 1524
Average Time: 539.4987037272728 ms
Peak memory: 0.0 MB
Time index, remove data from structure: 0.0033842040181818185
Time for querying: 0.0
Time for new slide: 0.5047261470363636
Time for expired slide: 0.03476876145454546
------------------------------------
Number clusters = 0.0
Max Number points in event queue = 0.0
Avg number points in clusters= 0.0
Avg Rmc size = 0.0
Avg Length exps= 0.0
#window: 111
Total #outliers: 1536
Average Time: 539.8294655855856 ms
Peak memory: 0.0 MB
Time index, remove data from structure: 0.003383177666666667
Time for querying: 0.0
Time for new slide: 0.5049904388738738
Time for expired slide: 0.03483523927927928
------------------------------------
Number clusters = 0.0
Max Number points in event queue = 0.0
Avg number points in clusters= 0.0
Avg Rmc size = 0.0
Avg Length exps= 0.0
#window: 112
Total #outliers: 1559
Average Time: 540.7284952232142 ms
Peak memory: 0.0 MB
Time index, remove data from structure: 0.003382637857142857
Time for querying: 0.0
Time for new slide: 0.5057935104464286
Time for expired slide: 0.034931203901785716
------------------------------------
Number clusters = 0.0
Max Number points in event queue = 0.0
Avg number points in clusters= 0.0
Avg Rmc size = 0.0
Avg Length exps= 0.0
#window: 113
Total #outliers: 1549
Average Time: 542.4370691858406 ms
Peak memory: 0.0 MB
Time index, remove data from structure: 0.003380909238938053
Time for querying: 0.0
Time for new slide: 0.5071322518230088
Time for expired slide: 0.035301042159292036
------------------------------------
Number clusters = 0.0
Max Number points in event queue = 0.0
Avg number points in clusters= 0.0
Avg Rmc size = 0.0
Avg Length exps= 0.0
#window: 114
Total #outliers: 1516
Average Time: 543.9712714736842 ms
Peak memory: 0.0 MB
Time index, remove data from structure: 0.0033796520701754387
Time for querying: 0.0
Time for new slide: 0.5087009607982456
Time for expired slide: 0.03526653793859649
------------------------------------
Number clusters = 0.0
Max Number points in event queue = 0.0
Avg number points in clusters= 0.0
Avg Rmc size = 0.0
Avg Length exps= 0.0
#window: 115
Total #outliers: 1528
Average Time: 546.9787867739129 ms
Peak memory: 0.0 MB
Time index, remove data from structure: 0.0033863855565217393
Time for querying: 0.0
Time for new slide: 0.5109333026173912
Time for expired slide: 0.03604171620869565
------------------------------------
Number clusters = 0.0
Max Number points in event queue = 0.0
Avg number points in clusters= 0.0
Avg Rmc size = 0.0
Avg Length exps= 0.0
#window: 116
Total #outliers: 1640
Average Time: 550.6810199827586 ms
Peak memory: 0.0 MB
Time index, remove data from structure: 0.003396431362068965
Time for querying: 0.0
Time for new slide: 0.5144803089655172
Time for expired slide: 0.03619695131034483
------------------------------------
Number clusters = 0.0
Max Number points in event queue = 0.0
Avg number points in clusters= 0.0
Avg Rmc size = 0.0
Avg Length exps= 0.0
#window: 117
Total #outliers: 1650
Average Time: 555.1205333846153 ms
Peak memory: 0.0 MB
Time index, remove data from structure: 0.0034009590512820514
Time for querying: 0.0
Time for new slide: 0.5188657927777778
Time for expired slide: 0.03625098415384615
------------------------------------
Number clusters = 0.0
Max Number points in event queue = 0.0
Avg number points in clusters= 0.0
Avg Rmc size = 0.0
Avg Length exps= 0.0
#window: 118
Total #outliers: 1635
Average Time: 559.5792071186439 ms
Peak memory: 0.0 MB
Time index, remove data from structure: 0.003404095822033898
Time for querying: 0.0
Time for new slide: 0.5232313807033898
Time for expired slide: 0.03634407261016949
------------------------------------
Number clusters = 0.0
Max Number points in event queue = 0.0
Avg number points in clusters= 0.0
Avg Rmc size = 0.0
Avg Length exps= 0.0
#window: 119
Total #outliers: 1600
Average Time: 563.4679454789915 ms
Peak memory: 0.0 MB
Time index, remove data from structure: 0.003411081016806723
Time for querying: 0.0
Time for new slide: 0.5268116313613446
Time for expired slide: 0.03665255671428571
------------------------------------
Number clusters = 0.0
Max Number points in event queue = 0.0
Avg number points in clusters= 0.0
Avg Rmc size = 0.0
Avg Length exps= 0.0
#window: 120
Total #outliers: 1578
Average Time: 567.0714611166665 ms
Peak memory: 0.0 MB
Time index, remove data from structure: 0.0034149514
Time for querying: 0.0
Time for new slide: 0.530364126575
Time for expired slide: 0.03670357995833333
------------------------------------
Number clusters = 0.0
Max Number points in event queue = 0.0
Avg number points in clusters= 0.0
Avg Rmc size = 0.0
Avg Length exps= 0.0
#window: 121
Total #outliers: 1536
Average Time: 570.3935304958676 ms
Peak memory: 0.0 MB
Time index, remove data from structure: 0.0034187191404958677
Time for querying: 0.0
Time for new slide: 0.5336353250826446
Time for expired slide: 0.0367544558677686
------------------------------------
Number clusters = 0.0
Max Number points in event queue = 0.0
Avg number points in clusters= 0.0
Avg Rmc size = 0.0
Avg Length exps= 0.0
#window: 122
Total #outliers: 1500
Average Time: 573.2561364836064 ms
Peak memory: 0.0 MB
Time index, remove data from structure: 0.0034194985081967212
Time for querying: 0.0
Time for new slide: 0.536484259090164
Time for expired slide: 0.036768130524590166
------------------------------------
Number clusters = 0.0
Max Number points in event queue = 0.0
Avg number points in clusters= 0.0
Avg Rmc size = 0.0
Avg Length exps= 0.0
#window: 123
Total #outliers: 1447
Average Time: 575.0741972276421 ms
Peak memory: 0.0 MB
Time index, remove data from structure: 0.003420930276422764
Time for querying: 0.0
Time for new slide: 0.5383122869756098
Time for expired slide: 0.03675816692682927
------------------------------------
Number clusters = 0.0
Max Number points in event queue = 0.0
Avg number points in clusters= 0.0
Avg Rmc size = 0.0
Avg Length exps= 0.0
#window: 124
Total #outliers: 1452
Average Time: 576.7012884919353 ms
Peak memory: 0.0 MB
Time index, remove data from structure: 0.003419532443548387
Time for querying: 0.0
Time for new slide: 0.5399800541774193
Time for expired slide: 0.03671749575806452
------------------------------------
Number clusters = 0.0
Max Number points in event queue = 0.0
Avg number points in clusters= 0.0
Avg Rmc size = 0.0
Avg Length exps= 0.0
#window: 125
Total #outliers: 1435
Average Time: 578.1842961759999 ms
Peak memory: 0.0 MB
Time index, remove data from structure: 0.003419397264
Time for querying: 0.0
Time for new slide: 0.541315335232
Time for expired slide: 0.036865225936
------------------------------------
Number clusters = 0.0
Max Number points in event queue = 0.0
Avg number points in clusters= 0.0
Avg Rmc size = 0.0
Avg Length exps= 0.0
#window: 126
Total #outliers: 1438
Average Time: 579.7299016984125 ms
Peak memory: 0.0 MB
Time index, remove data from structure: 0.003419199253968254
Time for querying: 0.0
Time for new slide: 0.5429131663492064
Time for expired slide: 0.03681299785714286
------------------------------------
Number clusters = 0.0
Max Number points in event queue = 0.0
Avg number points in clusters= 0.0
Avg Rmc size = 0.0
Avg Length exps= 0.0
#window: 127
Total #outliers: 1465
Average Time: 581.9833939606297 ms
Peak memory: 0.0 MB
Time index, remove data from structure: 0.0034205278740157483
Time for querying: 0.0
Time for new slide: 0.5451921043543307
Time for expired slide: 0.03678755485826772
------------------------------------
Number clusters = 0.0
Max Number points in event queue = 0.0
Avg number points in clusters= 0.0
Avg Rmc size = 0.0
Avg Length exps= 0.0
#window: 128
Total #outliers: 1509
Average Time: 584.3614689609374 ms
Peak memory: 0.0 MB
Time index, remove data from structure: 0.0034227463203125
Time for querying: 0.0
Time for new slide: 0.547375604046875
Time for expired slide: 0.0369821248828125
------------------------------------
Number clusters = 0.0
Max Number points in event queue = 0.0
Avg number points in clusters= 0.0
Avg Rmc size = 0.0
Avg Length exps= 0.0
#window: 129
Total #outliers: 1572
Average Time: 587.2390917519377 ms
Peak memory: 0.0 MB
Time index, remove data from structure: 0.0034278848372093023
Time for querying: 0.0
Time for new slide: 0.5502423000000001
Time for expired slide: 0.03699305324031008
------------------------------------
Number clusters = 0.0
Max Number points in event queue = 0.0
Avg number points in clusters= 0.0
Avg Rmc size = 0.0
Avg Length exps= 0.0
#window: 130
Total #outliers: 1573
Average Time: 590.698492707692 ms
Peak memory: 0.0 MB
Time index, remove data from structure: 0.003429922146153846
Time for querying: 0.0
Time for new slide: 0.5536422065692308
Time for expired slide: 0.037052549500000004
------------------------------------
Number clusters = 0.0
Max Number points in event queue = 0.0
Avg number points in clusters= 0.0
Avg Rmc size = 0.0
Avg Length exps= 0.0
#window: 131
Total #outliers: 1564
Average Time: 594.0784943511447 ms
Peak memory: 0.0 MB
Time index, remove data from structure: 0.003430495259541985
Time for querying: 0.0
Time for new slide: 0.556993522961832
Time for expired slide: 0.03708123620610687
------------------------------------
Number clusters = 0.0
Max Number points in event queue = 0.0
Avg number points in clusters= 0.0
Avg Rmc size = 0.0
Avg Length exps= 0.0
#window: 132
Total #outliers: 1538
Average Time: 596.1344964166665 ms
Peak memory: 0.0 MB
Time index, remove data from structure: 0.0034280021363636364
Time for querying: 0.0
Time for new slide: 0.5590001162803031
Time for expired slide: 0.03713064418181818
------------------------------------
Number clusters = 0.0
Max Number points in event queue = 0.0
Avg number points in clusters= 0.0
Avg Rmc size = 0.0
Avg Length exps= 0.0
#window: 133
Total #outliers: 1538
Average Time: 594.5065628195488 ms
Peak memory: 0.0 MB
Time index, remove data from structure: 0.0034230344962406013
Time for querying: 0.0
Time for new slide: 0.5573811269323309
Time for expired slide: 0.037121704488721805
------------------------------------
Number clusters = 0.0
Max Number points in event queue = 0.0
Avg number points in clusters= 0.0
Avg Rmc size = 0.0
Avg Length exps= 0.0
#window: 134
Total #outliers: 1527
Average Time: 592.6627867014925 ms
Peak memory: 0.0 MB
Time index, remove data from structure: 0.00341870123880597
Time for querying: 0.0
Time for new slide: 0.5556710438134328
Time for expired slide: 0.03698801347014925
------------------------------------
Number clusters = 0.0
Max Number points in event queue = 0.0
Avg number points in clusters= 0.0
Avg Rmc size = 0.0
Avg Length exps= 0.0
#window: 135
Total #outliers: 1491
Average Time: 591.0539012222221 ms
Peak memory: 0.0 MB
Time index, remove data from structure: 0.0034132507703703704
Time for querying: 0.0
Time for new slide: 0.5539836921111111
Time for expired slide: 0.03706648385185186
------------------------------------
Number clusters = 0.0
Max Number points in event queue = 0.0
Avg number points in clusters= 0.0
Avg Rmc size = 0.0
Avg Length exps= 0.0
#window: 136
Total #outliers: 1481
Average Time: 589.4467901911763 ms
Peak memory: 0.0 MB
Time index, remove data from structure: 0.0034094503970588234
Time for querying: 0.0
Time for new slide: 0.5523646481764706
Time for expired slide: 0.03707841802941176
------------------------------------
Number clusters = 0.0
Max Number points in event queue = 0.0
Avg number points in clusters= 0.0
Avg Rmc size = 0.0
Avg Length exps= 0.0
#window: 137
Total #outliers: 1473
Average Time: 587.7607304817517 ms
Peak memory: 0.0 MB
Time index, remove data from structure: 0.003406891722627737
Time for querying: 0.0
Time for new slide: 0.5507055082846716
Time for expired slide: 0.03705150282481752
------------------------------------
Number clusters = 0.0
Max Number points in event queue = 0.0
Avg number points in clusters= 0.0
Avg Rmc size = 0.0
Avg Length exps= 0.0
#window: 138
Total #outliers: 1469
Average Time: 586.0846198405795 ms
Peak memory: 0.0 MB
Time index, remove data from structure: 0.0034041566086956522
Time for querying: 0.0
Time for new slide: 0.5490358064855072
Time for expired slide: 0.03704509663043479
------------------------------------
Number clusters = 0.0
Max Number points in event queue = 0.0
Avg number points in clusters= 0.0
Avg Rmc size = 0.0
Avg Length exps= 0.0
#window: 139
Total #outliers: 1494
Average Time: 584.5825703309351 ms
Peak memory: 0.0 MB
Time index, remove data from structure: 0.0034013061007194243
Time for querying: 0.0
Time for new slide: 0.5475627772446042
Time for expired slide: 0.03701607994964029
------------------------------------
Number clusters = 0.0
Max Number points in event queue = 0.0
Avg number points in clusters= 0.0
Avg Rmc size = 0.0
Avg Length exps= 0.0
#window: 140
Total #outliers: 1455
Average Time: 582.8832566499999 ms
Peak memory: 0.0 MB
Time index, remove data from structure: 0.003398539757142857
Time for querying: 0.0
Time for new slide: 0.5459874890571429
Time for expired slide: 0.03689205531428571
------------------------------------
Number clusters = 0.0
Max Number points in event queue = 0.0
Avg number points in clusters= 0.0
Avg Rmc size = 0.0
Avg Length exps= 0.0
#window: 141
Total #outliers: 1472
Average Time: 581.2871801631205 ms
Peak memory: 0.0 MB
Time index, remove data from structure: 0.0033941977588652483
Time for querying: 0.0
Time for new slide: 0.5445184538581561
Time for expired slide: 0.03676501772340425
------------------------------------
Number clusters = 0.0
Max Number points in event queue = 0.0
Avg number points in clusters= 0.0
Avg Rmc size = 0.0
Avg Length exps= 0.0
#window: 142
Total #outliers: 1487
Average Time: 580.1249356760562 ms
Peak memory: 0.0 MB
Time index, remove data from structure: 0.003396427281690141
Time for querying: 0.0
Time for new slide: 0.5432420843098592
Time for expired slide: 0.03687913814084507
------------------------------------
Number clusters = 0.0
Max Number points in event queue = 0.0
Avg number points in clusters= 0.0
Avg Rmc size = 0.0
Avg Length exps= 0.0
#window: 143
Total #outliers: 1464
Average Time: 578.7951550559441 ms
Peak memory: 0.0 MB
Time index, remove data from structure: 0.003395017958041958
Time for querying: 0.0
Time for new slide: 0.5419204023356643
Time for expired slide: 0.03687104201398601
------------------------------------
Number clusters = 0.0
Max Number points in event queue = 0.0
Avg number points in clusters= 0.0
Avg Rmc size = 0.0
Avg Length exps= 0.0
#window: 144
Total #outliers: 1509
Average Time: 577.6223312916666 ms
Peak memory: 0.0 MB
Time index, remove data from structure: 0.0033944447916666666
Time for querying: 0.0
Time for new slide: 0.5408608788263889
Time for expired slide: 0.036757745506944446
------------------------------------
Number clusters = 0.0
Max Number points in event queue = 0.0
Avg number points in clusters= 0.0
Avg Rmc size = 0.0
Avg Length exps= 0.0
#window: 145
Total #outliers: 1576
Average Time: 576.9979856965517 ms
Peak memory: 0.0 MB
Time index, remove data from structure: 0.003392751331034483
Time for querying: 0.0
Time for new slide: 0.5402226877103448
Time for expired slide: 0.036771594399999996
------------------------------------
Number clusters = 0.0
Max Number points in event queue = 0.0
Avg number points in clusters= 0.0
Avg Rmc size = 0.0
Avg Length exps= 0.0
#window: 146
Total #outliers: 1528
Average Time: 576.4628794726028 ms
Peak memory: 0.0 MB
Time index, remove data from structure: 0.003393260808219178
Time for querying: 0.0
Time for new slide: 0.5396601746027397
Time for expired slide: 0.03679900753424658
------------------------------------
Number clusters = 0.0
Max Number points in event queue = 0.0
Avg number points in clusters= 0.0
Avg Rmc size = 0.0
Avg Length exps= 0.0
#window: 147
Total #outliers: 1448
Average Time: 575.7929892040817 ms
Peak memory: 0.0 MB
Time index, remove data from structure: 0.003394282619047619
Time for querying: 0.0
Time for new slide: 0.5390713610680272
Time for expired slide: 0.03671793234013605
------------------------------------
Number clusters = 0.0
Max Number points in event queue = 0.0
Avg number points in clusters= 0.0
Avg Rmc size = 0.0
Avg Length exps= 0.0
#window: 148
Total #outliers: 1449
Average Time: 575.114290195946 ms
Peak memory: 0.0 MB
Time index, remove data from structure: 0.003392957466216216
Time for querying: 0.0
Time for new slide: 0.5384879217094595
Time for expired slide: 0.03662267452702703
------------------------------------
Number clusters = 0.0
Max Number points in event queue = 0.0
Avg number points in clusters= 0.0
Avg Rmc size = 0.0
Avg Length exps= 0.0
#window: 149
Total #outliers: 1459
Average Time: 574.9597926845638 ms
Peak memory: 0.0 MB
Time index, remove data from structure: 0.0033916832953020132
Time for querying: 0.0
Time for new slide: 0.5384200801879194
Time for expired slide: 0.036536021597315435
------------------------------------
Number clusters = 0.0
Max Number points in event queue = 0.0
Avg number points in clusters= 0.0
Avg Rmc size = 0.0
Avg Length exps= 0.0
#window: 150
Total #outliers: 1448
Average Time: 575.26714416 ms
Peak memory: 0.0 MB
Time index, remove data from structure: 0.0033916083600000002
Time for querying: 0.0
Time for new slide: 0.5385572637
Time for expired slide: 0.03670619383333333
------------------------------------
Number clusters = 0.0
Max Number points in event queue = 0.0
Avg number points in clusters= 0.0
Avg Rmc size = 0.0
Avg Length exps= 0.0
#window: 151
Total #outliers: 1488
Average Time: 576.0205903509934 ms
Peak memory: 0.0 MB
Time index, remove data from structure: 0.0033923076688741724
Time for querying: 0.0
Time for new slide: 0.5392224282384106
Time for expired slide: 0.036794480072847684
------------------------------------
Number clusters = 0.0
Max Number points in event queue = 0.0
Avg number points in clusters= 0.0
Avg Rmc size = 0.0
Avg Length exps= 0.0
#window: 152
Total #outliers: 1494
Average Time: 577.3335841052632 ms
Peak memory: 0.0 MB
Time index, remove data from structure: 0.003395385697368421
Time for querying: 0.0
Time for new slide: 0.5405495699144737
Time for expired slide: 0.03678033061842105
------------------------------------
Number clusters = 0.0
Max Number points in event queue = 0.0
Avg number points in clusters= 0.0
Avg Rmc size = 0.0
Avg Length exps= 0.0
#window: 153
Total #outliers: 1477
Average Time: 578.6975926078431 ms
Peak memory: 0.0 MB
Time index, remove data from structure: 0.003396654732026144
Time for querying: 0.0
Time for new slide: 0.5419382357189542
Time for expired slide: 0.03675567579084968
------------------------------------
Number clusters = 0.0
Max Number points in event queue = 0.0
Avg number points in clusters= 0.0
Avg Rmc size = 0.0
Avg Length exps= 0.0
#window: 154
Total #outliers: 1527
Average Time: 580.3395300324676 ms
Peak memory: 0.0 MB
Time index, remove data from structure: 0.0033969557077922073
Time for querying: 0.0
Time for new slide: 0.5436088026428572
Time for expired slide: 0.03672704944805195
------------------------------------
Number clusters = 0.0
Max Number points in event queue = 0.0
Avg number points in clusters= 0.0
Avg Rmc size = 0.0
Avg Length exps= 0.0
#window: 155
Total #outliers: 1496
Average Time: 582.7253057935484 ms
Peak memory: 0.0 MB
Time index, remove data from structure: 0.0033985920903225808
Time for querying: 0.0
Time for new slide: 0.5455525553999999
Time for expired slide: 0.03716907741935484
------------------------------------
Number clusters = 0.0
Max Number points in event queue = 0.0
Avg number points in clusters= 0.0
Avg Rmc size = 0.0
Avg Length exps= 0.0
#window: 156
Total #outliers: 1516
Average Time: 584.2627366794871 ms
Peak memory: 0.0 MB
Time index, remove data from structure: 0.0034022705064102564
Time for querying: 0.0
Time for new slide: 0.5469346433141026
Time for expired slide: 0.03732442448076923
------------------------------------
Number clusters = 0.0
Max Number points in event queue = 0.0
Avg number points in clusters= 0.0
Avg Rmc size = 0.0
Avg Length exps= 0.0
#window: 157
Total #outliers: 1514
Average Time: 585.7205422802548 ms
Peak memory: 0.0 MB
Time index, remove data from structure: 0.003404391496815287
Time for querying: 0.0
Time for new slide: 0.5481231624713375
Time for expired slide: 0.03759371386624204
------------------------------------
Number clusters = 0.0
Max Number points in event queue = 0.0
Avg number points in clusters= 0.0
Avg Rmc size = 0.0
Avg Length exps= 0.0
#window: 158
Total #outliers: 1545
Average Time: 587.5188850822784 ms
Peak memory: 0.0 MB
Time index, remove data from structure: 0.003406005924050633
Time for querying: 0.0
Time for new slide: 0.5499157255822785
Time for expired slide: 0.03759948952531646
------------------------------------
Number clusters = 0.0
Max Number points in event queue = 0.0
Avg number points in clusters= 0.0
Avg Rmc size = 0.0
Avg Length exps= 0.0
#window: 159
Total #outliers: 1539
Average Time: 589.2386034716981 ms
Peak memory: 0.0 MB
Time index, remove data from structure: 0.0034060844150943393
Time for querying: 0.0
Time for new slide: 0.5516304273207547
Time for expired slide: 0.037604508333333335
------------------------------------
Number clusters = 0.0
Max Number points in event queue = 0.0
Avg number points in clusters= 0.0
Avg Rmc size = 0.0
Avg Length exps= 0.0
#window: 160
Total #outliers: 1514
Average Time: 591.2753354062501 ms
Peak memory: 0.0 MB
Time index, remove data from structure: 0.003407328925
Time for querying: 0.0
Time for new slide: 0.553667306225
Time for expired slide: 0.037604363756249995
------------------------------------
Number clusters = 0.0
Max Number points in event queue = 0.0
Avg number points in clusters= 0.0
Avg Rmc size = 0.0
Avg Length exps= 0.0
#window: 161
Total #outliers: 1505
Average Time: 592.9501903354037 ms
Peak memory: 0.0 MB
Time index, remove data from structure: 0.0034061797826086954
Time for querying: 0.0
Time for new slide: 0.5552267245465838
Time for expired slide: 0.037719801857142854
------------------------------------
Number clusters = 0.0
Max Number points in event queue = 0.0
Avg number points in clusters= 0.0
Avg Rmc size = 0.0
Avg Length exps= 0.0
#window: 162
Total #outliers: 1489
Average Time: 594.0643351234568 ms
Peak memory: 0.0 MB
Time index, remove data from structure: 0.0034086349876543205
Time for querying: 0.0
Time for new slide: 0.5560775274753087
Time for expired slide: 0.03798314565432099
------------------------------------
Number clusters = 0.0
Max Number points in event queue = 0.0
Avg number points in clusters= 0.0
Avg Rmc size = 0.0
Avg Length exps= 0.0
#window: 163
Total #outliers: 1477
Average Time: 595.1204143987729 ms
Peak memory: 0.0 MB
Time index, remove data from structure: 0.003406729049079755
Time for querying: 0.0
Time for new slide: 0.5571647084846626
Time for expired slide: 0.037952044883435586
------------------------------------
Number clusters = 0.0
Max Number points in event queue = 0.0
Avg number points in clusters= 0.0
Avg Rmc size = 0.0
Avg Length exps= 0.0
#window: 164
Total #outliers: 1464
Average Time: 596.1261266829267 ms
Peak memory: 0.0 MB
Time index, remove data from structure: 0.003409974493902439
Time for querying: 0.0
Time for new slide: 0.5580435659756097
Time for expired slide: 0.03807889551219512
------------------------------------
Number clusters = 0.0
Max Number points in event queue = 0.0
Avg number points in clusters= 0.0
Avg Rmc size = 0.0
Avg Length exps= 0.0
#window: 165
Total #outliers: 1434
Average Time: 597.6136374121212 ms
Peak memory: 0.0 MB
Time index, remove data from structure: 0.003409383933333333
Time for querying: 0.0
Time for new slide: 0.5594305420242425
Time for expired slide: 0.03817943302424242
------------------------------------
Number clusters = 0.0
Max Number points in event queue = 0.0
Avg number points in clusters= 0.0
Avg Rmc size = 0.0
Avg Length exps= 0.0
#window: 166
Total #outliers: 1483
Average Time: 598.9951930843373 ms
Peak memory: 0.0 MB
Time index, remove data from structure: 0.0034099652530120484
Time for querying: 0.0
Time for new slide: 0.5608437633253013
Time for expired slide: 0.03814777078313253
------------------------------------
Number clusters = 0.0
Max Number points in event queue = 0.0
Avg number points in clusters= 0.0
Avg Rmc size = 0.0
Avg Length exps= 0.0
#window: 167
Total #outliers: 1542
Average Time: 601.2693331077844 ms
Peak memory: 0.0 MB
Time index, remove data from structure: 0.0034107345688622758
Time for querying: 0.0
Time for new slide: 0.56314423248503
Time for expired slide: 0.03812144616766467
------------------------------------
Number clusters = 0.0
Max Number points in event queue = 0.0
Avg number points in clusters= 0.0
Avg Rmc size = 0.0
Avg Length exps= 0.0
#window: 168
Total #outliers: 1452
Average Time: 602.7822954285714 ms
Peak memory: 0.0 MB
Time index, remove data from structure: 0.0034085835178571428
Time for querying: 0.0
Time for new slide: 0.5646419951130952
Time for expired slide: 0.038136648333333335
------------------------------------
Number clusters = 0.0
Max Number points in event queue = 0.0
Avg number points in clusters= 0.0
Avg Rmc size = 0.0
Avg Length exps= 0.0
#window: 169
Total #outliers: 1384
Average Time: 601.1105576982249 ms
Peak memory: 0.0 MB
Time index, remove data from structure: 0.003407533775147929
Time for querying: 0.0
Time for new slide: 0.5630036950059172
Time for expired slide: 0.03810321642603551
------------------------------------
Number clusters = 0.0
Max Number points in event queue = 0.0
Avg number points in clusters= 0.0
Avg Rmc size = 0.0
Avg Length exps= 0.0
#window: 170
Total #outliers: 1428
Average Time: 599.4093937294118 ms
Peak memory: 0.0 MB
Time index, remove data from structure: 0.003405029305882353
Time for querying: 0.0
Time for new slide: 0.5614202706117647
Time for expired slide: 0.037985477835294115
------------------------------------
Number clusters = 0.0
Max Number points in event queue = 0.0
Avg number points in clusters= 0.0
Avg Rmc size = 0.0
Avg Length exps= 0.0
#window: 171
Total #outliers: 1382
Average Time: 597.7351709766082 ms
Peak memory: 0.0 MB
Time index, remove data from structure: 0.003402096461988304
Time for querying: 0.0
Time for new slide: 0.5598623353099416
Time for expired slide: 0.037869193438596495
------------------------------------
Number clusters = 0.0
Max Number points in event queue = 0.0
Avg number points in clusters= 0.0
Avg Rmc size = 0.0
Avg Length exps= 0.0
#window: 172
Total #outliers: 1359
Average Time: 596.1560082848838 ms
Peak memory: 0.0 MB
Time index, remove data from structure: 0.0033984959534883725
Time for querying: 0.0
Time for new slide: 0.5583257545174419
Time for expired slide: 0.03782661606395349
------------------------------------
Number clusters = 0.0
Max Number points in event queue = 0.0
Avg number points in clusters= 0.0
Avg Rmc size = 0.0
Avg Length exps= 0.0
#window: 173
Total #outliers: 1353
Average Time: 594.5773070462428 ms
Peak memory: 0.0 MB
Time index, remove data from structure: 0.00339450112716763
Time for querying: 0.0
Time for new slide: 0.5567905481387283
Time for expired slide: 0.03778312680924856
------------------------------------
Number clusters = 0.0
Max Number points in event queue = 0.0
Avg number points in clusters= 0.0
Avg Rmc size = 0.0
Avg Length exps= 0.0
#window: 174
Total #outliers: 1357
Average Time: 593.2234825747126 ms
Peak memory: 0.0 MB
Time index, remove data from structure: 0.003394143724137931
Time for querying: 0.0
Time for new slide: 0.5553301809195402
Time for expired slide: 0.03788967221264368
------------------------------------
Number clusters = 0.0
Max Number points in event queue = 0.0
Avg number points in clusters= 0.0
Avg Rmc size = 0.0
Avg Length exps= 0.0
#window: 175
Total #outliers: 1368
Average Time: 591.59667064 ms
Peak memory: 0.0 MB
Time index, remove data from structure: 0.00339192844
Time for querying: 0.0
Time for new slide: 0.5538200161714285
Time for expired slide: 0.03777302444571429
------------------------------------
Number clusters = 0.0
Max Number points in event queue = 0.0
Avg number points in clusters= 0.0
Avg Rmc size = 0.0
Avg Length exps= 0.0
#window: 176
Total #outliers: 1332
Average Time: 590.1936633181818 ms
Peak memory: 0.0 MB
Time index, remove data from structure: 0.003392988642045454
Time for querying: 0.0
Time for new slide: 0.5523901963636364
Time for expired slide: 0.037799838926136364
------------------------------------
Number clusters = 0.0
Max Number points in event queue = 0.0
Avg number points in clusters= 0.0
Avg Rmc size = 0.0
Avg Length exps= 0.0
#window: 177
Total #outliers: 1319
Average Time: 588.7146440282486 ms
Peak memory: 0.0 MB
Time index, remove data from structure: 0.0033908687853107344
Time for querying: 0.0
Time for new slide: 0.5509502663559322
Time for expired slide: 0.0377607517118644
------------------------------------
Number clusters = 0.0
Max Number points in event queue = 0.0
Avg number points in clusters= 0.0
Avg Rmc size = 0.0
Avg Length exps= 0.0
#window: 178
Total #outliers: 1299
Average Time: 587.2440217808988 ms
Peak memory: 0.0 MB
Time index, remove data from structure: 0.003390696073033708
Time for querying: 0.0
Time for new slide: 0.5495887450337078
Time for expired slide: 0.03765165524719101
------------------------------------
Number clusters = 0.0
Max Number points in event queue = 0.0
Avg number points in clusters= 0.0
Avg Rmc size = 0.0
Avg Length exps= 0.0
#window: 179
Total #outliers: 1319
Average Time: 585.871221150838 ms
Peak memory: 0.0 MB
Time index, remove data from structure: 0.003388923474860335
Time for querying: 0.0
Time for new slide: 0.5482518609832402
Time for expired slide: 0.03761574032960894
------------------------------------
Number clusters = 0.0
Max Number points in event queue = 0.0
Avg number points in clusters= 0.0
Avg Rmc size = 0.0
Avg Length exps= 0.0
#window: 180
Total #outliers: 1347
Average Time: 584.5555743000001 ms
Peak memory: 0.0 MB
Time index, remove data from structure: 0.0033877090666666666
Time for querying: 0.0
Time for new slide: 0.5469681115055555
Time for expired slide: 0.03758384532222222
------------------------------------
Number clusters = 0.0
Max Number points in event queue = 0.0
Avg number points in clusters= 0.0
Avg Rmc size = 0.0
Avg Length exps= 0.0
#window: 181
Total #outliers: 1371
Average Time: 583.4517629558011 ms
Peak memory: 0.0 MB
Time index, remove data from structure: 0.003386568375690608
Time for querying: 0.0
Time for new slide: 0.5459660461712706
Time for expired slide: 0.03748210250276243
------------------------------------
Number clusters = 0.0
Max Number points in event queue = 0.0
Avg number points in clusters= 0.0
Avg Rmc size = 0.0
Avg Length exps= 0.0
Peak memory: 102.6534194946289 MB
Average CPU time: 583.4517629558011 ms
