#window: 1
Total #outliers: 220
Average Time: 0.0 ms
Peak memory: 0.0 MB
Time index, remove data from structure: 0.0
Time for querying: 0.0
Time for new slide: 0.0
Time for expired slide: 0.0
------------------------------------
Number clusters = 0.0
Max Number points in event queue = 0.0
Avg number points in clusters= 0.0
Avg Rmc size = 0.0
Avg Length exps= 0.0
#window: 2
Total #outliers: 193
Average Time: 28.2973565 ms
Peak memory: 0.0 MB
Time index, remove data from structure: 0.00165706
Time for querying: 0.0
Time for new slide: 0.0236608225
Time for expired slide: 0.004634414
------------------------------------
Number clusters = 0.0
Max Number points in event queue = 0.0
Avg number points in clusters= 0.0
Avg Rmc size = 0.0
Avg Length exps= 0.0
#window: 3
Total #outliers: 186
Average Time: 35.71920733333334 ms
Peak memory: 0.0 MB
Time index, remove data from structure: 0.0016894359999999999
Time for querying: 0.0
Time for new slide: 0.03090945566666667
Time for expired slide: 0.004807272666666667
------------------------------------
Number clusters = 0.0
Max Number points in event queue = 0.0
Avg number points in clusters= 0.0
Avg Rmc size = 0.0
Avg Length exps= 0.0
#window: 4
Total #outliers: 187
Average Time: 41.666089500000005 ms
Peak memory: 0.0 MB
Time index, remove data from structure: 0.001767121
Time for querying: 0.0
Time for new slide: 0.03668555625
Time for expired slide: 0.00497771075
------------------------------------
Number clusters = 0.0
Max Number points in event queue = 0.0
Avg number points in clusters= 0.0
Avg Rmc size = 0.0
Avg Length exps= 0.0
#window: 5
Total #outliers: 169
Average Time: 46.58205360000001 ms
Peak memory: 0.0 MB
Time index, remove data from structure: 0.0017955835999999999
Time for querying: 0.0
Time for new slide: 0.0415185276
Time for expired slide: 0.00506062
------------------------------------
Number clusters = 0.0
Max Number points in event queue = 0.0
Avg number points in clusters= 0.0
Avg Rmc size = 0.0
Avg Length exps= 0.0
#window: 6
Total #outliers: 153
Average Time: 50.615357333333336 ms
Peak memory: 0.0 MB
Time index, remove data from structure: 0.0018772401666666669
Time for querying: 0.0
Time for new slide: 0.04471329166666666
Time for expired slide: 0.0058967774999999995
------------------------------------
Number clusters = 0.0
Max Number points in event queue = 0.0
Avg number points in clusters= 0.0
Avg Rmc size = 0.0
Avg Length exps= 0.0
#window: 7
Total #outliers: 153
Average Time: 53.828573 ms
Peak memory: 0.0 MB
Time index, remove data from structure: 0.0018841527142857142
Time for querying: 0.0
Time for new slide: 0.04803543857142857
Time for expired slide: 0.005788161428571428
------------------------------------
Number clusters = 0.0
Max Number points in event queue = 0.0
Avg number points in clusters= 0.0
Avg Rmc size = 0.0
Avg Length exps= 0.0
#window: 8
Total #outliers: 155
Average Time: 57.309920375 ms
Peak memory: 0.0 MB
Time index, remove data from structure: 0.001902582375
Time for querying: 0.0
Time for new slide: 0.051345443
Time for expired slide: 0.00595967875
------------------------------------
Number clusters = 0.0
Max Number points in event queue = 0.0
Avg number points in clusters= 0.0
Avg Rmc size = 0.0
Avg Length exps= 0.0
#window: 9
Total #outliers: 165
Average Time: 59.41916388888889 ms
Peak memory: 0.0 MB
Time index, remove data from structure: 0.0019161905555555555
Time for querying: 0.0
Time for new slide: 0.05352306033333334
Time for expired slide: 0.005891448333333334
------------------------------------
Number clusters = 0.0
Max Number points in event queue = 0.0
Avg number points in clusters= 0.0
Avg Rmc size = 0.0
Avg Length exps= 0.0
#window: 10
Total #outliers: 182
Average Time: 60.633450800000006 ms
Peak memory: 0.0 MB
Time index, remove data from structure: 0.0019176488
Time for querying: 0.0
Time for new slide: 0.0547946585
Time for expired slide: 0.0058342733
------------------------------------
Number clusters = 0.0
Max Number points in event queue = 0.0
Avg number points in clusters= 0.0
Avg Rmc size = 0.0
Avg Length exps= 0.0
#window: 11
Total #outliers: 193
Average Time: 62.75929272727272 ms
Peak memory: 0.0 MB
Time index, remove data from structure: 0.0019199467272727271
Time for querying: 0.0
Time for new slide: 0.056947964727272725
Time for expired slide: 0.005806859727272727
------------------------------------
Number clusters = 0.0
Max Number points in event queue = 0.0
Avg number points in clusters= 0.0
Avg Rmc size = 0.0
Avg Length exps= 0.0
#window: 12
Total #outliers: 174
Average Time: 64.90215574999999 ms
Peak memory: 0.0 MB
Time index, remove data from structure: 0.0019191399166666667
Time for querying: 0.0
Time for new slide: 0.058979895000000004
Time for expired slide: 0.005917903166666666
------------------------------------
Number clusters = 0.0
Max Number points in event queue = 0.0
Avg number points in clusters= 0.0
Avg Rmc size = 0.0
Avg Length exps= 0.0
#window: 13
Total #outliers: 163
Average Time: 66.64115646153847 ms
Peak memory: 0.0 MB
Time index, remove data from structure: 0.0019243692307692308
Time for querying: 0.0
Time for new slide: 0.060735552923076926
Time for expired slide: 0.0059013586153846154
------------------------------------
Number clusters = 0.0
Max Number points in event queue = 0.0
Avg number points in clusters= 0.0
Avg Rmc size = 0.0
Avg Length exps= 0.0
#window: 14
Total #outliers: 188
Average Time: 66.54739328571428 ms
Peak memory: 0.0 MB
Time index, remove data from structure: 0.0019449045
Time for querying: 0.0
Time for new slide: 0.060537563999999995
Time for expired slide: 0.006005698357142856
------------------------------------
Number clusters = 0.0
Max Number points in event queue = 0.0
Avg number points in clusters= 0.0
Avg Rmc size = 0.0
Avg Length exps= 0.0
#window: 15
Total #outliers: 159
Average Time: 65.05153073333334 ms
Peak memory: 0.0 MB
Time index, remove data from structure: 0.0019483432666666666
Time for querying: 0.0
Time for new slide: 0.059104401200000004
Time for expired slide: 0.0059426484
------------------------------------
Number clusters = 0.0
Max Number points in event queue = 0.0
Avg number points in clusters= 0.0
Avg Rmc size = 0.0
Avg Length exps= 0.0
#window: 16
Total #outliers: 170
Average Time: 63.91091912499999 ms
Peak memory: 0.0 MB
Time index, remove data from structure: 0.0019527875625
Time for querying: 0.0
Time for new slide: 0.05802726825
Time for expired slide: 0.0058792515625
------------------------------------
Number clusters = 0.0
Max Number points in event queue = 0.0
Avg number points in clusters= 0.0
Avg Rmc size = 0.0
Avg Length exps= 0.0
#window: 17
Total #outliers: 162
Average Time: 63.09007570588235 ms
Peak memory: 0.0 MB
Time index, remove data from structure: 0.0019468742352941174
Time for querying: 0.0
Time for new slide: 0.05727267611764706
Time for expired slide: 0.005813085352941177
------------------------------------
Number clusters = 0.0
Max Number points in event queue = 0.0
Avg number points in clusters= 0.0
Avg Rmc size = 0.0
Avg Length exps= 0.0
#window: 18
Total #outliers: 173
Average Time: 62.79136944444444 ms
Peak memory: 0.0 MB
Time index, remove data from structure: 0.0019430328888888888
Time for querying: 0.0
Time for new slide: 0.05700482577777778
Time for expired slide: 0.0057822920555555555
------------------------------------
Number clusters = 0.0
Max Number points in event queue = 0.0
Avg number points in clusters= 0.0
Avg Rmc size = 0.0
Avg Length exps= 0.0
#window: 19
Total #outliers: 180
Average Time: 62.861985736842094 ms
Peak memory: 0.0 MB
Time index, remove data from structure: 0.0019450314210526316
Time for querying: 0.0
Time for new slide: 0.05709605226315789
Time for expired slide: 0.0057617697368421055
------------------------------------
Number clusters = 0.0
Max Number points in event queue = 0.0
Avg number points in clusters= 0.0
Avg Rmc size = 0.0
Avg Length exps= 0.0
#window: 20
Total #outliers: 182
Average Time: 63.10902385 ms
Peak memory: 0.0 MB
Time index, remove data from structure: 0.0019357890999999999
Time for querying: 0.0
Time for new slide: 0.057395006299999995
Time for expired slide: 0.00570988635
------------------------------------
Number clusters = 0.0
Max Number points in event queue = 0.0
Avg number points in clusters= 0.0
Avg Rmc size = 0.0
Avg Length exps= 0.0
#window: 21
Total #outliers: 180
Average Time: 63.631289142857135 ms
Peak memory: 0.0 MB
Time index, remove data from structure: 0.001927639476190476
Time for querying: 0.0
Time for new slide: 0.05796956090476191
Time for expired slide: 0.005657631142857143
------------------------------------
Number clusters = 0.0
Max Number points in event queue = 0.0
Avg number points in clusters= 0.0
Avg Rmc size = 0.0
Avg Length exps= 0.0
#window: 22
Total #outliers: 213
Average Time: 64.25843927272727 ms
Peak memory: 0.0 MB
Time index, remove data from structure: 0.0019280653181818182
Time for querying: 0.0
Time for new slide: 0.058534278999999995
Time for expired slide: 0.005720075272727273
------------------------------------
Number clusters = 0.0
Max Number points in event queue = 0.0
Avg number points in clusters= 0.0
Avg Rmc size = 0.0
Avg Length exps= 0.0
#window: 23
Total #outliers: 218
Average Time: 65.17539173913043 ms
Peak memory: 0.0 MB
Time index, remove data from structure: 0.001934175
Time for querying: 0.0
Time for new slide: 0.059460852782608695
Time for expired slide: 0.005710492173913044
------------------------------------
Number clusters = 0.0
Max Number points in event queue = 0.0
Avg number points in clusters= 0.0
Avg Rmc size = 0.0
Avg Length exps= 0.0
#window: 24
Total #outliers: 203
Average Time: 66.15961008333333 ms
Peak memory: 0.0 MB
Time index, remove data from structure: 0.0019307946666666667
Time for querying: 0.0
Time for new slide: 0.06046868004166667
Time for expired slide: 0.005686650666666667
------------------------------------
Number clusters = 0.0
Max Number points in event queue = 0.0
Avg number points in clusters= 0.0
Avg Rmc size = 0.0
Avg Length exps= 0.0
#window: 25
Total #outliers: 186
Average Time: 66.9882188 ms
Peak memory: 0.0 MB
Time index, remove data from structure: 0.00192764188
Time for querying: 0.0
Time for new slide: 0.061342589600000004
Time for expired slide: 0.005641383880000001
------------------------------------
Number clusters = 0.0
Max Number points in event queue = 0.0
Avg number points in clusters= 0.0
Avg Rmc size = 0.0
Avg Length exps= 0.0
#window: 26
Total #outliers: 160
Average Time: 68.12049138461539 ms
Peak memory: 0.0 MB
Time index, remove data from structure: 0.0019196404230769231
Time for querying: 0.0
Time for new slide: 0.06248711630769231
Time for expired slide: 0.005629174769230769
------------------------------------
Number clusters = 0.0
Max Number points in event queue = 0.0
Avg number points in clusters= 0.0
Avg Rmc size = 0.0
Avg Length exps= 0.0
#window: 27
Total #outliers: 172
Average Time: 69.33095055555556 ms
Peak memory: 0.0 MB
Time index, remove data from structure: 0.001917720925925926
Time for querying: 0.0
Time for new slide: 0.06373567107407407
Time for expired slide: 0.005591131814814815
------------------------------------
Number clusters = 0.0
Max Number points in event queue = 0.0
Avg number points in clusters= 0.0
Avg Rmc size = 0.0
Avg Length exps= 0.0
#window: 28
Total #outliers: 159
Average Time: 70.29873335714286 ms
Peak memory: 0.0 MB
Time index, remove data from structure: 0.0019190268571428572
Time for querying: 0.0
Time for new slide: 0.06472449796428571
Time for expired slide: 0.005570121999999999
------------------------------------
Number clusters = 0.0
Max Number points in event queue = 0.0
Avg number points in clusters= 0.0
Avg Rmc size = 0.0
Avg Length exps= 0.0
#window: 29
Total #outliers: 170
Average Time: 71.41103651724139 ms
Peak memory: 0.0 MB
Time index, remove data from structure: 0.0019251101034482758
Time for querying: 0.0
Time for new slide: 0.06584359586206896
Time for expired slide: 0.005563356344827586
------------------------------------
Number clusters = 0.0
Max Number points in event queue = 0.0
Avg number points in clusters= 0.0
Avg Rmc size = 0.0
Avg Length exps= 0.0
#window: 30
Total #outliers: 181
Average Time: 72.69979470000001 ms
Peak memory: 0.0 MB
Time index, remove data from structure: 0.0019373011333333333
Time for querying: 0.0
Time for new slide: 0.0671376061
Time for expired slide: 0.0055581575
------------------------------------
Number clusters = 0.0
Max Number points in event queue = 0.0
Avg number points in clusters= 0.0
Avg Rmc size = 0.0
Avg Length exps= 0.0
#window: 31
Total #outliers: 175
Average Time: 73.97913861290324 ms
Peak memory: 0.0 MB
Time index, remove data from structure: 0.0019467357419354838
Time for querying: 0.0
Time for new slide: 0.06842736119354838
Time for expired slide: 0.005547792161290322
------------------------------------
Number clusters = 0.0
Max Number points in event queue = 0.0
Avg number points in clusters= 0.0
Avg Rmc size = 0.0
Avg Length exps= 0.0
#window: 32
Total #outliers: 158
Average Time: 75.38736850000001 ms
Peak memory: 0.0 MB
Time index, remove data from structure: 0.0019575181875
Time for querying: 0.0
Time for new slide: 0.0698254805
Time for expired slide: 0.005557938625
------------------------------------
Number clusters = 0.0
Max Number points in event queue = 0.0
Avg number points in clusters= 0.0
Avg Rmc size = 0.0
Avg Length exps= 0.0
#window: 33
Total #outliers: 154
Average Time: 76.90810284848486 ms
Peak memory: 0.0 MB
Time index, remove data from structure: 0.0019664839999999997
Time for querying: 0.0
Time for new slide: 0.0713620216060606
Time for expired slide: 0.005542165363636364
------------------------------------
Number clusters = 0.0
Max Number points in event queue = 0.0
Avg number points in clusters= 0.0
Avg Rmc size = 0.0
Avg Length exps= 0.0
#window: 34
Total #outliers: 154
Average Time: 78.23008361764707 ms
Peak memory: 0.0 MB
Time index, remove data from structure: 0.0019727830588235295
Time for querying: 0.0
Time for new slide: 0.07266998694117648
Time for expired slide: 0.005556216352941176
------------------------------------
Number clusters = 0.0
Max Number points in event queue = 0.0
Avg number points in clusters= 0.0
Avg Rmc size = 0.0
Avg Length exps= 0.0
#window: 35
Total #outliers: 149
Average Time: 79.0291974 ms
Peak memory: 0.0 MB
Time index, remove data from structure: 0.0019729874571428573
Time for querying: 0.0
Time for new slide: 0.07346552177142858
Time for expired slide: 0.005559829428571429
------------------------------------
Number clusters = 0.0
Max Number points in event queue = 0.0
Avg number points in clusters= 0.0
Avg Rmc size = 0.0
Avg Length exps= 0.0
#window: 36
Total #outliers: 181
Average Time: 79.84613138888889 ms
Peak memory: 0.0 MB
Time index, remove data from structure: 0.001971644611111111
Time for querying: 0.0
Time for new slide: 0.07429676466666667
Time for expired slide: 0.005545538166666667
------------------------------------
Number clusters = 0.0
Max Number points in event queue = 0.0
Avg number points in clusters= 0.0
Avg Rmc size = 0.0
Avg Length exps= 0.0
#window: 37
Total #outliers: 186
Average Time: 80.80029932432433 ms
Peak memory: 0.0 MB
Time index, remove data from structure: 0.0019685764864864866
Time for querying: 0.0
Time for new slide: 0.07526805751351352
Time for expired slide: 0.0055284374324324325
------------------------------------
Number clusters = 0.0
Max Number points in event queue = 0.0
Avg number points in clusters= 0.0
Avg Rmc size = 0.0
Avg Length exps= 0.0
#window: 38
Total #outliers: 171
Average Time: 81.76748160526316 ms
Peak memory: 0.0 MB
Time index, remove data from structure: 0.0019704396052631578
Time for querying: 0.0
Time for new slide: 0.07623735268421053
Time for expired slide: 0.005526342394736841
------------------------------------
Number clusters = 0.0
Max Number points in event queue = 0.0
Avg number points in clusters= 0.0
Avg Rmc size = 0.0
Avg Length exps= 0.0
#window: 39
Total #outliers: 179
Average Time: 82.60979323076924 ms
Peak memory: 0.0 MB
Time index, remove data from structure: 0.0019734721025641026
Time for querying: 0.0
Time for new slide: 0.07706558730769231
Time for expired slide: 0.005540446948717948
------------------------------------
Number clusters = 0.0
Max Number points in event queue = 0.0
Avg number points in clusters= 0.0
Avg Rmc size = 0.0
Avg Length exps= 0.0
#window: 40
Total #outliers: 210
Average Time: 83.16979305000001 ms
Peak memory: 0.0 MB
Time index, remove data from structure: 0.0019777372000000003
Time for querying: 0.0
Time for new slide: 0.07762794635
Time for expired slide: 0.0055381194
------------------------------------
Number clusters = 0.0
Max Number points in event queue = 0.0
Avg number points in clusters= 0.0
Avg Rmc size = 0.0
Avg Length exps= 0.0
#window: 41
Total #outliers: 154
Average Time: 83.4722832195122 ms
Peak memory: 0.0 MB
Time index, remove data from structure: 0.0019813437804878046
Time for querying: 0.0
Time for new slide: 0.07791630131707317
Time for expired slide: 0.005552267975609756
------------------------------------
Number clusters = 0.0
Max Number points in event queue = 0.0
Avg number points in clusters= 0.0
Avg Rmc size = 0.0
Avg Length exps= 0.0
#window: 42
Total #outliers: 145
Average Time: 84.10211190476191 ms
Peak memory: 0.0 MB
Time index, remove data from structure: 0.0019846990000000004
Time for querying: 0.0
Time for new slide: 0.07852228033333333
Time for expired slide: 0.005576133690476191
------------------------------------
Number clusters = 0.0
Max Number points in event queue = 0.0
Avg number points in clusters= 0.0
Avg Rmc size = 0.0
Avg Length exps= 0.0
#window: 43
Total #outliers: 158
Average Time: 84.60546820930234 ms
Peak memory: 0.0 MB
Time index, remove data from structure: 0.001989616093023256
Time for querying: 0.0
Time for new slide: 0.07901636472093024
Time for expired slide: 0.005585424976744186
------------------------------------
Number clusters = 0.0
Max Number points in event queue = 0.0
Avg number points in clusters= 0.0
Avg Rmc size = 0.0
Avg Length exps= 0.0
#window: 44
Total #outliers: 181
Average Time: 85.11348747727276 ms
Peak memory: 0.0 MB
Time index, remove data from structure: 0.0019916259545454547
Time for querying: 0.0
Time for new slide: 0.07952483097727273
Time for expired slide: 0.005584997545454545
------------------------------------
Number clusters = 0.0
Max Number points in event queue = 0.0
Avg number points in clusters= 0.0
Avg Rmc size = 0.0
Avg Length exps= 0.0
#window: 45
Total #outliers: 172
Average Time: 85.61258797777779 ms
Peak memory: 0.0 MB
Time index, remove data from structure: 0.001991689511111111
Time for querying: 0.0
Time for new slide: 0.08003408482222223
Time for expired slide: 0.005574857711111112
------------------------------------
Number clusters = 0.0
Max Number points in event queue = 0.0
Avg number points in clusters= 0.0
Avg Rmc size = 0.0
Avg Length exps= 0.0
#window: 46
Total #outliers: 214
Average Time: 86.05600054347828 ms
Peak memory: 0.0 MB
Time index, remove data from structure: 0.001996797456521739
Time for querying: 0.0
Time for new slide: 0.08046811958695653
Time for expired slide: 0.0055842436304347825
------------------------------------
Number clusters = 0.0
Max Number points in event queue = 0.0
Avg number points in clusters= 0.0
Avg Rmc size = 0.0
Avg Length exps= 0.0
#window: 47
Total #outliers: 195
Average Time: 86.2614155106383 ms
Peak memory: 0.0 MB
Time index, remove data from structure: 0.0019984868723404254
Time for querying: 0.0
Time for new slide: 0.08068435321276596
Time for expired slide: 0.005573431489361702
------------------------------------
Number clusters = 0.0
Max Number points in event queue = 0.0
Avg number points in clusters= 0.0
Avg Rmc size = 0.0
Avg Length exps= 0.0
#window: 48
Total #outliers: 180
Average Time: 86.50213239583333 ms
Peak memory: 0.0 MB
Time index, remove data from structure: 0.0019970123541666667
Time for querying: 0.0
Time for new slide: 0.08093798216666666
Time for expired slide: 0.005560531916666667
------------------------------------
Number clusters = 0.0
Max Number points in event queue = 0.0
Avg number points in clusters= 0.0
Avg Rmc size = 0.0
Avg Length exps= 0.0
#window: 49
Total #outliers: 176
Average Time: 85.70560269387755 ms
Peak memory: 0.0 MB
Time index, remove data from structure: 0.0019962085714285713
Time for querying: 0.0
Time for new slide: 0.0801644740612245
Time for expired slide: 0.0055375381224489805
------------------------------------
Number clusters = 0.0
Max Number points in event queue = 0.0
Avg number points in clusters= 0.0
Avg Rmc size = 0.0
Avg Length exps= 0.0
#window: 50
Total #outliers: 308
Average Time: 84.84449226 ms
Peak memory: 0.0 MB
Time index, remove data from structure: 0.00199337054
Time for querying: 0.0
Time for new slide: 0.07932879152
Time for expired slide: 0.00551212882
------------------------------------
Number clusters = 0.0
Max Number points in event queue = 0.0
Avg number points in clusters= 0.0
Avg Rmc size = 0.0
Avg Length exps= 0.0
#window: 51
Total #outliers: 272
Average Time: 84.20139582352942 ms
Peak memory: 0.0 MB
Time index, remove data from structure: 0.001991684137254902
Time for querying: 0.0
Time for new slide: 0.07869899578431372
Time for expired slide: 0.005498845843137254
------------------------------------
Number clusters = 0.0
Max Number points in event queue = 0.0
Avg number points in clusters= 0.0
Avg Rmc size = 0.0
Avg Length exps= 0.0
#window: 52
Total #outliers: 263
Average Time: 83.4593594423077 ms
Peak memory: 0.0 MB
Time index, remove data from structure: 0.0019900708461538462
Time for querying: 0.0
Time for new slide: 0.07796610546153845
Time for expired slide: 0.0054897213461538455
------------------------------------
Number clusters = 0.0
Max Number points in event queue = 0.0
Avg number points in clusters= 0.0
Avg Rmc size = 0.0
Avg Length exps= 0.0
#window: 53
Total #outliers: 187
Average Time: 82.73789964150943 ms
Peak memory: 0.0 MB
Time index, remove data from structure: 0.0019864295471698113
Time for querying: 0.0
Time for new slide: 0.07725445154716983
Time for expired slide: 0.005479930433962265
------------------------------------
Number clusters = 0.0
Max Number points in event queue = 0.0
Avg number points in clusters= 0.0
Avg Rmc size = 0.0
Avg Length exps= 0.0
#window: 54
Total #outliers: 186
Average Time: 82.08184007407408 ms
Peak memory: 0.0 MB
Time index, remove data from structure: 0.0019820089444444445
Time for querying: 0.0
Time for new slide: 0.07661117594444444
Time for expired slide: 0.005467150925925927
------------------------------------
Number clusters = 0.0
Max Number points in event queue = 0.0
Avg number points in clusters= 0.0
Avg Rmc size = 0.0
Avg Length exps= 0.0
#window: 55
Total #outliers: 216
Average Time: 81.52019616363637 ms
Peak memory: 0.0 MB
Time index, remove data from structure: 0.0019749959272727276
Time for querying: 0.0
Time for new slide: 0.07606272261818181
Time for expired slide: 0.005453962509090909
------------------------------------
Number clusters = 0.0
Max Number points in event queue = 0.0
Avg number points in clusters= 0.0
Avg Rmc size = 0.0
Avg Length exps= 0.0
#window: 56
Total #outliers: 204
Average Time: 81.12607476785715 ms
Peak memory: 0.0 MB
Time index, remove data from structure: 0.0019683373035714285
Time for querying: 0.0
Time for new slide: 0.07568053953571428
Time for expired slide: 0.005442038892857143
------------------------------------
Number clusters = 0.0
Max Number points in event queue = 0.0
Avg number points in clusters= 0.0
Avg Rmc size = 0.0
Avg Length exps= 0.0
#window: 57
Total #outliers: 171
Average Time: 80.69078043859649 ms
Peak memory: 0.0 MB
Time index, remove data from structure: 0.0019621053157894736
Time for querying: 0.0
Time for new slide: 0.0752591384385965
Time for expired slide: 0.005428162877192983
------------------------------------
Number clusters = 0.0
Max Number points in event queue = 0.0
Avg number points in clusters= 0.0
Avg Rmc size = 0.0
Avg Length exps= 0.0
#window: 58
Total #outliers: 159
Average Time: 80.32190186206897 ms
Peak memory: 0.0 MB
Time index, remove data from structure: 0.001955733224137931
Time for querying: 0.0
Time for new slide: 0.0749027546724138
Time for expired slide: 0.0054156789482758625
------------------------------------
Number clusters = 0.0
Max Number points in event queue = 0.0
Avg number points in clusters= 0.0
Avg Rmc size = 0.0
Avg Length exps= 0.0
#window: 59
Total #outliers: 216
Average Time: 79.94005181355934 ms
Peak memory: 0.0 MB
Time index, remove data from structure: 0.0019487372033898305
Time for querying: 0.0
Time for new slide: 0.07453524733898305
Time for expired slide: 0.005401354881355932
------------------------------------
Number clusters = 0.0
Max Number points in event queue = 0.0
Avg number points in clusters= 0.0
Avg Rmc size = 0.0
Avg Length exps= 0.0
#window: 60
Total #outliers: 181
Average Time: 79.6874902 ms
Peak memory: 0.0 MB
Time index, remove data from structure: 0.0019413688666666668
Time for querying: 0.0
Time for new slide: 0.07428844061666666
Time for expired slide: 0.005395611583333334
------------------------------------
Number clusters = 0.0
Max Number points in event queue = 0.0
Avg number points in clusters= 0.0
Avg Rmc size = 0.0
Avg Length exps= 0.0
#window: 61
Total #outliers: 191
Average Time: 79.45361195081968 ms
Peak memory: 0.0 MB
Time index, remove data from structure: 0.0019335650163934425
Time for querying: 0.0
Time for new slide: 0.07405714259016392
Time for expired slide: 0.005393038819672131
------------------------------------
Number clusters = 0.0
Max Number points in event queue = 0.0
Avg number points in clusters= 0.0
Avg Rmc size = 0.0
Avg Length exps= 0.0
#window: 62
Total #outliers: 174
Average Time: 79.28150206451613 ms
Peak memory: 0.0 MB
Time index, remove data from structure: 0.0019273683225806452
Time for querying: 0.0
Time for new slide: 0.07388551624193548
Time for expired slide: 0.005392564661290323
------------------------------------
Number clusters = 0.0
Max Number points in event queue = 0.0
Avg number points in clusters= 0.0
Avg Rmc size = 0.0
Avg Length exps= 0.0
#window: 63
Total #outliers: 179
Average Time: 79.1079482857143 ms
Peak memory: 0.0 MB
Time index, remove data from structure: 0.0019226373968253968
Time for querying: 0.0
Time for new slide: 0.07369338307936509
Time for expired slide: 0.005411153015873016
------------------------------------
Number clusters = 0.0
Max Number points in event queue = 0.0
Avg number points in clusters= 0.0
Avg Rmc size = 0.0
Avg Length exps= 0.0
#window: 64
Total #outliers: 214
Average Time: 78.98169134375 ms
Peak memory: 0.0 MB
Time index, remove data from structure: 0.001920425828125
Time for querying: 0.0
Time for new slide: 0.073532649046875
Time for expired slide: 0.00544563684375
------------------------------------
Number clusters = 0.0
Max Number points in event queue = 0.0
Avg number points in clusters= 0.0
Avg Rmc size = 0.0
Avg Length exps= 0.0
#window: 65
Total #outliers: 213
Average Time: 78.92925803076923 ms
Peak memory: 0.0 MB
Time index, remove data from structure: 0.0019176490153846152
Time for querying: 0.0
Time for new slide: 0.07346317952307693
Time for expired slide: 0.005462685353846154
------------------------------------
Number clusters = 0.0
Max Number points in event queue = 0.0
Avg number points in clusters= 0.0
Avg Rmc size = 0.0
Avg Length exps= 0.0
#window: 66
Total #outliers: 238
Average Time: 78.88897531818183 ms
Peak memory: 0.0 MB
Time index, remove data from structure: 0.0019136972272727271
Time for querying: 0.0
Time for new slide: 0.0733985722121212
Time for expired slide: 0.005487009606060606
------------------------------------
Number clusters = 0.0
Max Number points in event queue = 0.0
Avg number points in clusters= 0.0
Avg Rmc size = 0.0
Avg Length exps= 0.0
#window: 67
Total #outliers: 236
Average Time: 78.93891871641792 ms
Peak memory: 0.0 MB
Time index, remove data from structure: 0.0019062626268656715
Time for querying: 0.0
Time for new slide: 0.07345124058208956
Time for expired slide: 0.005484284223880596
------------------------------------
Number clusters = 0.0
Max Number points in event queue = 0.0
Avg number points in clusters= 0.0
Avg Rmc size = 0.0
Avg Length exps= 0.0
#window: 68
Total #outliers: 235
Average Time: 79.08531420588237 ms
Peak memory: 0.0 MB
Time index, remove data from structure: 0.0018990196911764707
Time for querying: 0.0
Time for new slide: 0.07360347167647059
Time for expired slide: 0.005478454117647059
------------------------------------
Number clusters = 0.0
Max Number points in event queue = 0.0
Avg number points in clusters= 0.0
Avg Rmc size = 0.0
Avg Length exps= 0.0
#window: 69
Total #outliers: 238
Average Time: 79.21256726086958 ms
Peak memory: 0.0 MB
Time index, remove data from structure: 0.0018920754057971014
Time for querying: 0.0
Time for new slide: 0.07372812931884058
Time for expired slide: 0.0054810557101449275
------------------------------------
Number clusters = 0.0
Max Number points in event queue = 0.0
Avg number points in clusters= 0.0
Avg Rmc size = 0.0
Avg Length exps= 0.0
#window: 70
Total #outliers: 239
Average Time: 79.26196105714287 ms
Peak memory: 0.0 MB
Time index, remove data from structure: 0.0018870127714285712
Time for querying: 0.0
Time for new slide: 0.07376950261428572
Time for expired slide: 0.0054890772
------------------------------------
Number clusters = 0.0
Max Number points in event queue = 0.0
Avg number points in clusters= 0.0
Avg Rmc size = 0.0
Avg Length exps= 0.0
#window: 71
Total #outliers: 228
Average Time: 78.9002159859155 ms
Peak memory: 0.0 MB
Time index, remove data from structure: 0.0018781370563380282
Time for querying: 0.0
Time for new slide: 0.07341189928169015
Time for expired slide: 0.005484939253521127
------------------------------------
Number clusters = 0.0
Max Number points in event queue = 0.0
Avg number points in clusters= 0.0
Avg Rmc size = 0.0
Avg Length exps= 0.0
#window: 72
Total #outliers: 229
Average Time: 78.395989125 ms
Peak memory: 0.0 MB
Time index, remove data from structure: 0.0018696294722222223
Time for querying: 0.0
Time for new slide: 0.07291688788888889
Time for expired slide: 0.005475737361111111
------------------------------------
Number clusters = 0.0
Max Number points in event queue = 0.0
Avg number points in clusters= 0.0
Avg Rmc size = 0.0
Avg Length exps= 0.0
#window: 73
Total #outliers: 225
Average Time: 77.96622465753426 ms
Peak memory: 0.0 MB
Time index, remove data from structure: 0.0018621360547945206
Time for querying: 0.0
Time for new slide: 0.07249536312328768
Time for expired slide: 0.005467508808219178
------------------------------------
Number clusters = 0.0
Max Number points in event queue = 0.0
Avg number points in clusters= 0.0
Avg Rmc size = 0.0
Avg Length exps= 0.0
#window: 74
Total #outliers: 229
Average Time: 77.57608575675675 ms
Peak memory: 0.0 MB
Time index, remove data from structure: 0.0018549256891891893
Time for querying: 0.0
Time for new slide: 0.07211301198648648
Time for expired slide: 0.0054597314324324325
------------------------------------
Number clusters = 0.0
Max Number points in event queue = 0.0
Avg number points in clusters= 0.0
Avg Rmc size = 0.0
Avg Length exps= 0.0
#window: 75
Total #outliers: 278
Average Time: 77.2310124 ms
Peak memory: 0.0 MB
Time index, remove data from structure: 0.0018505382933333332
Time for querying: 0.0
Time for new slide: 0.07176808846666667
Time for expired slide: 0.005459597159999999
------------------------------------
Number clusters = 0.0
Max Number points in event queue = 0.0
Avg number points in clusters= 0.0
Avg Rmc size = 0.0
Avg Length exps= 0.0
#window: 76
Total #outliers: 221
Average Time: 76.93266601315788 ms
Peak memory: 0.0 MB
Time index, remove data from structure: 0.0018464156973684212
Time for querying: 0.0
Time for new slide: 0.07147507244736842
Time for expired slide: 0.005454275092105263
------------------------------------
Number clusters = 0.0
Max Number points in event queue = 0.0
Avg number points in clusters= 0.0
Avg Rmc size = 0.0
Avg Length exps= 0.0
#window: 77
Total #outliers: 240
Average Time: 76.65714698701298 ms
Peak memory: 0.0 MB
Time index, remove data from structure: 0.0018401795064935064
Time for querying: 0.0
Time for new slide: 0.071203914
Time for expired slide: 0.005449916818181818
------------------------------------
Number clusters = 0.0
Max Number points in event queue = 0.0
Avg number points in clusters= 0.0
Avg Rmc size = 0.0
Avg Length exps= 0.0
#window: 78
Total #outliers: 250
Average Time: 76.47629932051281 ms
Peak memory: 0.0 MB
Time index, remove data from structure: 0.001833984205128205
Time for querying: 0.0
Time for new slide: 0.07102459932051282
Time for expired slide: 0.005448390846153846
------------------------------------
Number clusters = 0.0
Max Number points in event queue = 0.0
Avg number points in clusters= 0.0
Avg Rmc size = 0.0
Avg Length exps= 0.0
#window: 79
Total #outliers: 229
Average Time: 76.37231193670885 ms
Peak memory: 0.0 MB
Time index, remove data from structure: 0.0018275162151898735
Time for querying: 0.0
Time for new slide: 0.07091948051898735
Time for expired slide: 0.005449533734177215
------------------------------------
Number clusters = 0.0
Max Number points in event queue = 0.0
Avg number points in clusters= 0.0
Avg Rmc size = 0.0
Avg Length exps= 0.0
#window: 80
Total #outliers: 191
Average Time: 76.39440326249999 ms
Peak memory: 0.0 MB
Time index, remove data from structure: 0.0018258332375
Time for querying: 0.0
Time for new slide: 0.07088249939999999
Time for expired slide: 0.0055086061625000005
------------------------------------
Number clusters = 0.0
Max Number points in event queue = 0.0
Avg number points in clusters= 0.0
Avg Rmc size = 0.0
Avg Length exps= 0.0
#window: 81
Total #outliers: 311
Average Time: 76.3141557037037 ms
Peak memory: 0.0 MB
Time index, remove data from structure: 0.001826269283950617
Time for querying: 0.0
Time for new slide: 0.07075433496296296
Time for expired slide: 0.005556530296296296
------------------------------------
Number clusters = 0.0
Max Number points in event queue = 0.0
Avg number points in clusters= 0.0
Avg Rmc size = 0.0
Avg Length exps= 0.0
#window: 82
Total #outliers: 349
Average Time: 76.23834290243902 ms
Peak memory: 0.0 MB
Time index, remove data from structure: 0.0018231221707317074
Time for querying: 0.0
Time for new slide: 0.0706615448902439
Time for expired slide: 0.005573509353658536
------------------------------------
Number clusters = 0.0
Max Number points in event queue = 0.0
Avg number points in clusters= 0.0
Avg Rmc size = 0.0
Avg Length exps= 0.0
#window: 83
Total #outliers: 304
Average Time: 76.23497671084337 ms
Peak memory: 0.0 MB
Time index, remove data from structure: 0.0018209685060240962
Time for querying: 0.0
Time for new slide: 0.07064053596385543
Time for expired slide: 0.00559115743373494
------------------------------------
Number clusters = 0.0
Max Number points in event queue = 0.0
Avg number points in clusters= 0.0
Avg Rmc size = 0.0
Avg Length exps= 0.0
#window: 84
Total #outliers: 234
Average Time: 76.2123304642857 ms
Peak memory: 0.0 MB
Time index, remove data from structure: 0.0018165838452380953
Time for querying: 0.0
Time for new slide: 0.070619978
Time for expired slide: 0.005589074488095238
------------------------------------
Number clusters = 0.0
Max Number points in event queue = 0.0
Avg number points in clusters= 0.0
Avg Rmc size = 0.0
Avg Length exps= 0.0
#window: 85
Total #outliers: 224
Average Time: 76.26344910588234 ms
Peak memory: 0.0 MB
Time index, remove data from structure: 0.001813031082352941
Time for querying: 0.0
Time for new slide: 0.07067721960000001
Time for expired slide: 0.005582958294117648
------------------------------------
Number clusters = 0.0
Max Number points in event queue = 0.0
Avg number points in clusters= 0.0
Avg Rmc size = 0.0
Avg Length exps= 0.0
#window: 86
Total #outliers: 254
Average Time: 76.30236293023256 ms
Peak memory: 0.0 MB
Time index, remove data from structure: 0.0018104963953488372
Time for querying: 0.0
Time for new slide: 0.07071942056976745
Time for expired slide: 0.005579669906976744
------------------------------------
Number clusters = 0.0
Max Number points in event queue = 0.0
Avg number points in clusters= 0.0
Avg Rmc size = 0.0
Avg Length exps= 0.0
#window: 87
Total #outliers: 278
Average Time: 76.38382889655172 ms
Peak memory: 0.0 MB
Time index, remove data from structure: 0.0018083373563218391
Time for querying: 0.0
Time for new slide: 0.07080167720689656
Time for expired slide: 0.005578881816091954
------------------------------------
Number clusters = 0.0
Max Number points in event queue = 0.0
Avg number points in clusters= 0.0
Avg Rmc size = 0.0
Avg Length exps= 0.0
#window: 88
Total #outliers: 266
Average Time: 76.51491238636363 ms
Peak memory: 0.0 MB
Time index, remove data from structure: 0.0018054524431818182
Time for querying: 0.0
Time for new slide: 0.0709379036590909
Time for expired slide: 0.005573742636363636
------------------------------------
Number clusters = 0.0
Max Number points in event queue = 0.0
Avg number points in clusters= 0.0
Avg Rmc size = 0.0
Avg Length exps= 0.0
#window: 89
Total #outliers: 293
Average Time: 76.66428835955055 ms
Peak memory: 0.0 MB
Time index, remove data from structure: 0.0018012053258426965
Time for querying: 0.0
Time for new slide: 0.07109720666292135
Time for expired slide: 0.005563820573033708
------------------------------------
Number clusters = 0.0
Max Number points in event queue = 0.0
Avg number points in clusters= 0.0
Avg Rmc size = 0.0
Avg Length exps= 0.0
#window: 90
Total #outliers: 253
Average Time: 76.90079123333332 ms
Peak memory: 0.0 MB
Time index, remove data from structure: 0.0017991591222222224
Time for querying: 0.0
Time for new slide: 0.07131840785555556
Time for expired slide: 0.0055791297111111105
------------------------------------
Number clusters = 0.0
Max Number points in event queue = 0.0
Avg number points in clusters= 0.0
Avg Rmc size = 0.0
Avg Length exps= 0.0
#window: 91
Total #outliers: 271
Average Time: 76.73154828571428 ms
Peak memory: 0.0 MB
Time index, remove data from structure: 0.0017974578571428573
Time for querying: 0.0
Time for new slide: 0.07115201978021977
Time for expired slide: 0.005576283065934066
------------------------------------
Number clusters = 0.0
Max Number points in event queue = 0.0
Avg number points in clusters= 0.0
Avg Rmc size = 0.0
Avg Length exps= 0.0
#window: 92
Total #outliers: 271
Average Time: 76.77761981521739 ms
Peak memory: 0.0 MB
Time index, remove data from structure: 0.0017949053043478259
Time for querying: 0.0
Time for new slide: 0.07119619230434783
Time for expired slide: 0.005578185934782609
------------------------------------
Number clusters = 0.0
Max Number points in event queue = 0.0
Avg number points in clusters= 0.0
Avg Rmc size = 0.0
Avg Length exps= 0.0
#window: 93
Total #outliers: 279
Average Time: 77.03935502150537 ms
Peak memory: 0.0 MB
Time index, remove data from structure: 0.0017943159677419355
Time for querying: 0.0
Time for new slide: 0.07144853683870968
Time for expired slide: 0.005587581569892474
------------------------------------
Number clusters = 0.0
Max Number points in event queue = 0.0
Avg number points in clusters= 0.0
Avg Rmc size = 0.0
Avg Length exps= 0.0
#window: 94
Total #outliers: 328
Average Time: 77.29038020212765 ms
Peak memory: 0.0 MB
Time index, remove data from structure: 0.0017919226382978725
Time for querying: 0.0
Time for new slide: 0.07169883607446809
Time for expired slide: 0.005588308202127659
------------------------------------
Number clusters = 0.0
Max Number points in event queue = 0.0
Avg number points in clusters= 0.0
Avg Rmc size = 0.0
Avg Length exps= 0.0
#window: 95
Total #outliers: 309
Average Time: 77.51711397894735 ms
Peak memory: 0.0 MB
Time index, remove data from structure: 0.0017908270842105264
Time for querying: 0.0
Time for new slide: 0.07191693037894736
Time for expired slide: 0.005596950431578948
------------------------------------
Number clusters = 0.0
Max Number points in event queue = 0.0
Avg number points in clusters= 0.0
Avg Rmc size = 0.0
Avg Length exps= 0.0
#window: 96
Total #outliers: 298
Average Time: 77.8688698333333 ms
Peak memory: 0.0 MB
Time index, remove data from structure: 0.0017890857708333333
Time for querying: 0.0
Time for new slide: 0.07226234230208334
Time for expired slide: 0.005603295062499999
------------------------------------
Number clusters = 0.0
Max Number points in event queue = 0.0
Avg number points in clusters= 0.0
Avg Rmc size = 0.0
Avg Length exps= 0.0
#window: 97
Total #outliers: 317
Average Time: 78.18828645360823 ms
Peak memory: 0.0 MB
Time index, remove data from structure: 0.001786866350515464
Time for querying: 0.0
Time for new slide: 0.07258358986597938
Time for expired slide: 0.005601464958762887
------------------------------------
Number clusters = 0.0
Max Number points in event queue = 0.0
Avg number points in clusters= 0.0
Avg Rmc size = 0.0
Avg Length exps= 0.0
#window: 98
Total #outliers: 378
Average Time: 78.48135905102039 ms
Peak memory: 0.0 MB
Time index, remove data from structure: 0.0017844005612244898
Time for querying: 0.0
Time for new slide: 0.07287806278571428
Time for expired slide: 0.005600062255102041
------------------------------------
Number clusters = 0.0
Max Number points in event queue = 0.0
Avg number points in clusters= 0.0
Avg Rmc size = 0.0
Avg Length exps= 0.0
#window: 99
Total #outliers: 377
Average Time: 78.81639987878788 ms
Peak memory: 0.0 MB
Time index, remove data from structure: 0.001782631101010101
Time for querying: 0.0
Time for new slide: 0.07319907231313132
Time for expired slide: 0.005614094535353535
------------------------------------
Number clusters = 0.0
Max Number points in event queue = 0.0
Avg number points in clusters= 0.0
Avg Rmc size = 0.0
Avg Length exps= 0.0
#window: 100
Total #outliers: 351
Average Time: 79.14074645999997 ms
Peak memory: 0.0 MB
Time index, remove data from structure: 0.0017804785
Time for querying: 0.0
Time for new slide: 0.07352156972
Time for expired slide: 0.00561594382
------------------------------------
Number clusters = 0.0
Max Number points in event queue = 0.0
Avg number points in clusters= 0.0
Avg Rmc size = 0.0
Avg Length exps= 0.0
#window: 101
Total #outliers: 356
Average Time: 79.49800606930691 ms
Peak memory: 0.0 MB
Time index, remove data from structure: 0.001779078881188119
Time for querying: 0.0
Time for new slide: 0.07386974012871286
Time for expired slide: 0.005625034495049505
------------------------------------
Number clusters = 0.0
Max Number points in event queue = 0.0
Avg number points in clusters= 0.0
Avg Rmc size = 0.0
Avg Length exps= 0.0
#window: 102
Total #outliers: 405
Average Time: 79.83112377450978 ms
Peak memory: 0.0 MB
Time index, remove data from structure: 0.0017780799215686275
Time for querying: 0.0
Time for new slide: 0.07419364462745098
Time for expired slide: 0.005634246784313726
------------------------------------
Number clusters = 0.0
Max Number points in event queue = 0.0
Avg number points in clusters= 0.0
Avg Rmc size = 0.0
Avg Length exps= 0.0
#window: 103
Total #outliers: 398
Average Time: 80.1576386990291 ms
Peak memory: 0.0 MB
Time index, remove data from structure: 0.0017773036310679612
Time for querying: 0.0
Time for new slide: 0.07451001360194175
Time for expired slide: 0.005644395184466019
------------------------------------
Number clusters = 0.0
Max Number points in event queue = 0.0
Avg number points in clusters= 0.0
Avg Rmc size = 0.0
Avg Length exps= 0.0
#window: 104
Total #outliers: 384
Average Time: 80.40929746153844 ms
Peak memory: 0.0 MB
Time index, remove data from structure: 0.0017763609326923078
Time for querying: 0.0
Time for new slide: 0.07475294721153845
Time for expired slide: 0.005653123028846153
------------------------------------
Number clusters = 0.0
Max Number points in event queue = 0.0
Avg number points in clusters= 0.0
Avg Rmc size = 0.0
Avg Length exps= 0.0
#window: 105
Total #outliers: 379
Average Time: 80.65329430476189 ms
Peak memory: 0.0 MB
Time index, remove data from structure: 0.0017746508857142856
Time for querying: 0.0
Time for new slide: 0.07499525487619048
Time for expired slide: 0.005654811857142857
------------------------------------
Number clusters = 0.0
Max Number points in event queue = 0.0
Avg number points in clusters= 0.0
Avg Rmc size = 0.0
Avg Length exps= 0.0
#window: 106
Total #outliers: 365
Average Time: 80.923211745283 ms
Peak memory: 0.0 MB
Time index, remove data from structure: 0.001773753858490566
Time for querying: 0.0
Time for new slide: 0.07526303370754717
Time for expired slide: 0.0056569522169811325
------------------------------------
Number clusters = 0.0
Max Number points in event queue = 0.0
Avg number points in clusters= 0.0
Avg Rmc size = 0.0
Avg Length exps= 0.0
#window: 107
Total #outliers: 385
Average Time: 81.18618484112146 ms
Peak memory: 0.0 MB
Time index, remove data from structure: 0.0017726838411214953
Time for querying: 0.0
Time for new slide: 0.07551660403738318
Time for expired slide: 0.005666354906542056
------------------------------------
Number clusters = 0.0
Max Number points in event queue = 0.0
Avg number points in clusters= 0.0
Avg Rmc size = 0.0
Avg Length exps= 0.0
#window: 108
Total #outliers: 369
Average Time: 81.46313332407404 ms
Peak memory: 0.0 MB
Time index, remove data from structure: 0.0017716508425925925
Time for querying: 0.0
Time for new slide: 0.0757863507037037
Time for expired slide: 0.005673558527777778
------------------------------------
Number clusters = 0.0
Max Number points in event queue = 0.0
Avg number points in clusters= 0.0
Avg Rmc size = 0.0
Avg Length exps= 0.0
#window: 109
Total #outliers: 342
Average Time: 81.71466069724767 ms
Peak memory: 0.0 MB
Time index, remove data from structure: 0.0017707579541284403
Time for querying: 0.0
Time for new slide: 0.0760339712293578
Time for expired slide: 0.005677466981651376
------------------------------------
Number clusters = 0.0
Max Number points in event queue = 0.0
Avg number points in clusters= 0.0
Avg Rmc size = 0.0
Avg Length exps= 0.0
#window: 110
Total #outliers: 326
Average Time: 81.9477209363636 ms
Peak memory: 0.0 MB
Time index, remove data from structure: 0.0017701576363636363
Time for querying: 0.0
Time for new slide: 0.07626044888181818
Time for expired slide: 0.005684049372727273
------------------------------------
Number clusters = 0.0
Max Number points in event queue = 0.0
Avg number points in clusters= 0.0
Avg Rmc size = 0.0
Avg Length exps= 0.0
#window: 111
Total #outliers: 313
Average Time: 82.16541274774772 ms
Peak memory: 0.0 MB
Time index, remove data from structure: 0.001766335864864865
Time for querying: 0.0
Time for new slide: 0.0764589517927928
Time for expired slide: 0.005703233648648649
------------------------------------
Number clusters = 0.0
Max Number points in event queue = 0.0
Avg number points in clusters= 0.0
Avg Rmc size = 0.0
Avg Length exps= 0.0
#window: 112
Total #outliers: 306
Average Time: 82.38699522321426 ms
Peak memory: 0.0 MB
Time index, remove data from structure: 0.0017648195982142858
Time for querying: 0.0
Time for new slide: 0.07666656007142857
Time for expired slide: 0.005717207616071429
------------------------------------
Number clusters = 0.0
Max Number points in event queue = 0.0
Avg number points in clusters= 0.0
Avg Rmc size = 0.0
Avg Length exps= 0.0
#window: 113
Total #outliers: 283
Average Time: 82.55975713274333 ms
Peak memory: 0.0 MB
Time index, remove data from structure: 0.0017657937433628319
Time for querying: 0.0
Time for new slide: 0.07683286048672566
Time for expired slide: 0.005723676318584071
------------------------------------
Number clusters = 0.0
Max Number points in event queue = 0.0
Avg number points in clusters= 0.0
Avg Rmc size = 0.0
Avg Length exps= 0.0
#window: 114
Total #outliers: 309
Average Time: 82.77371244736838 ms
Peak memory: 0.0 MB
Time index, remove data from structure: 0.0017658768947368421
Time for querying: 0.0
Time for new slide: 0.0770354028859649
Time for expired slide: 0.005735088754385965
------------------------------------
Number clusters = 0.0
Max Number points in event queue = 0.0
Avg number points in clusters= 0.0
Avg Rmc size = 0.0
Avg Length exps= 0.0
#window: 115
Total #outliers: 324
Average Time: 83.04985206086954 ms
Peak memory: 0.0 MB
Time index, remove data from structure: 0.0017655734608695653
Time for querying: 0.0
Time for new slide: 0.07731041775652174
Time for expired slide: 0.00573621367826087
------------------------------------
Number clusters = 0.0
Max Number points in event queue = 0.0
Avg number points in clusters= 0.0
Avg Rmc size = 0.0
Avg Length exps= 0.0
#window: 116
Total #outliers: 316
Average Time: 83.293705387931 ms
Peak memory: 0.0 MB
Time index, remove data from structure: 0.0017656898362068965
Time for querying: 0.0
Time for new slide: 0.07755266087068965
Time for expired slide: 0.005737826905172413
------------------------------------
Number clusters = 0.0
Max Number points in event queue = 0.0
Avg number points in clusters= 0.0
Avg Rmc size = 0.0
Avg Length exps= 0.0
#window: 117
Total #outliers: 331
Average Time: 83.50893870085467 ms
Peak memory: 0.0 MB
Time index, remove data from structure: 0.0017651001111111111
Time for querying: 0.0
Time for new slide: 0.07776791354700854
Time for expired slide: 0.005737810478632479
------------------------------------
Number clusters = 0.0
Max Number points in event queue = 0.0
Avg number points in clusters= 0.0
Avg Rmc size = 0.0
Avg Length exps= 0.0
#window: 118
Total #outliers: 358
Average Time: 83.71919872881352 ms
Peak memory: 0.0 MB
Time index, remove data from structure: 0.0017646749152542373
Time for querying: 0.0
Time for new slide: 0.07797094166949153
Time for expired slide: 0.0057450458728813564
------------------------------------
Number clusters = 0.0
Max Number points in event queue = 0.0
Avg number points in clusters= 0.0
Avg Rmc size = 0.0
Avg Length exps= 0.0
#window: 119
Total #outliers: 341
Average Time: 84.02562793277308 ms
Peak memory: 0.0 MB
Time index, remove data from structure: 0.001772512
Time for querying: 0.0
Time for new slide: 0.07822324708403362
Time for expired slide: 0.0057991676806722695
------------------------------------
Number clusters = 0.0
Max Number points in event queue = 0.0
Avg number points in clusters= 0.0
Avg Rmc size = 0.0
Avg Length exps= 0.0
#window: 120
Total #outliers: 352
Average Time: 84.24890114999997 ms
Peak memory: 0.0 MB
Time index, remove data from structure: 0.0017738265916666667
Time for querying: 0.0
Time for new slide: 0.07841523098333333
Time for expired slide: 0.005830460866666666
------------------------------------
Number clusters = 0.0
Max Number points in event queue = 0.0
Avg number points in clusters= 0.0
Avg Rmc size = 0.0
Avg Length exps= 0.0
#window: 121
Total #outliers: 358
Average Time: 84.39063713223138 ms
Peak memory: 0.0 MB
Time index, remove data from structure: 0.0017740186528925619
Time for querying: 0.0
Time for new slide: 0.07854826166115703
Time for expired slide: 0.005839172123966942
------------------------------------
Number clusters = 0.0
Max Number points in event queue = 0.0
Avg number points in clusters= 0.0
Avg Rmc size = 0.0
Avg Length exps= 0.0
#window: 122
Total #outliers: 367
Average Time: 84.0450241311475 ms
Peak memory: 0.0 MB
Time index, remove data from structure: 0.0017734696639344263
Time for querying: 0.0
Time for new slide: 0.07820223277868853
Time for expired slide: 0.005839594155737705
------------------------------------
Number clusters = 0.0
Max Number points in event queue = 0.0
Avg number points in clusters= 0.0
Avg Rmc size = 0.0
Avg Length exps= 0.0
#window: 123
Total #outliers: 368
Average Time: 83.7124315934959 ms
Peak memory: 0.0 MB
Time index, remove data from structure: 0.0017720853170731707
Time for querying: 0.0
Time for new slide: 0.07787522712195122
Time for expired slide: 0.005834012032520325
------------------------------------
Number clusters = 0.0
Max Number points in event queue = 0.0
Avg number points in clusters= 0.0
Avg Rmc size = 0.0
Avg Length exps= 0.0
#window: 124
Total #outliers: 382
Average Time: 83.41737253225803 ms
Peak memory: 0.0 MB
Time index, remove data from structure: 0.001770790556451613
Time for querying: 0.0
Time for new slide: 0.07758647516935484
Time for expired slide: 0.005827712451612903
------------------------------------
Number clusters = 0.0
Max Number points in event queue = 0.0
Avg number points in clusters= 0.0
Avg Rmc size = 0.0
Avg Length exps= 0.0
#window: 125
Total #outliers: 389
Average Time: 83.15960321599997 ms
Peak memory: 0.0 MB
Time index, remove data from structure: 0.001769725104
Time for querying: 0.0
Time for new slide: 0.07733679464
Time for expired slide: 0.005819626952
------------------------------------
Number clusters = 0.0
Max Number points in event queue = 0.0
Avg number points in clusters= 0.0
Avg Rmc size = 0.0
Avg Length exps= 0.0
#window: 126
Total #outliers: 359
Average Time: 82.93092750793647 ms
Peak memory: 0.0 MB
Time index, remove data from structure: 0.001769387357142857
Time for querying: 0.0
Time for new slide: 0.07711117949206349
Time for expired slide: 0.005816568912698413
------------------------------------
Number clusters = 0.0
Max Number points in event queue = 0.0
Avg number points in clusters= 0.0
Avg Rmc size = 0.0
Avg Length exps= 0.0
#window: 127
Total #outliers: 360
Average Time: 82.70587923622044 ms
Peak memory: 0.0 MB
Time index, remove data from structure: 0.0017682590314960628
Time for querying: 0.0
Time for new slide: 0.0768939543543307
Time for expired slide: 0.005808749283464566
------------------------------------
Number clusters = 0.0
Max Number points in event queue = 0.0
Avg number points in clusters= 0.0
Avg Rmc size = 0.0
Avg Length exps= 0.0
#window: 128
Total #outliers: 363
Average Time: 82.52562328906248 ms
Peak memory: 0.0 MB
Time index, remove data from structure: 0.0017667787109375
Time for querying: 0.0
Time for new slide: 0.076720689109375
Time for expired slide: 0.0058017602890625
------------------------------------
Number clusters = 0.0
Max Number points in event queue = 0.0
Avg number points in clusters= 0.0
Avg Rmc size = 0.0
Avg Length exps= 0.0
#window: 129
Total #outliers: 382
Average Time: 82.38297208527129 ms
Peak memory: 0.0 MB
Time index, remove data from structure: 0.0017656893488372093
Time for querying: 0.0
Time for new slide: 0.07658321336434108
Time for expired slide: 0.005796587193798449
------------------------------------
Number clusters = 0.0
Max Number points in event queue = 0.0
Avg number points in clusters= 0.0
Avg Rmc size = 0.0
Avg Length exps= 0.0
#window: 130
Total #outliers: 383
Average Time: 82.2873921230769 ms
Peak memory: 0.0 MB
Time index, remove data from structure: 0.001764911
Time for querying: 0.0
Time for new slide: 0.07649385258461538
Time for expired slide: 0.005790368538461538
------------------------------------
Number clusters = 0.0
Max Number points in event queue = 0.0
Avg number points in clusters= 0.0
Avg Rmc size = 0.0
Avg Length exps= 0.0
#window: 131
Total #outliers: 390
Average Time: 82.20307616793892 ms
Peak memory: 0.0 MB
Time index, remove data from structure: 0.0017640806870229007
Time for querying: 0.0
Time for new slide: 0.07641475245801527
Time for expired slide: 0.005785158717557252
------------------------------------
Number clusters = 0.0
Max Number points in event queue = 0.0
Avg number points in clusters= 0.0
Avg Rmc size = 0.0
Avg Length exps= 0.0
#window: 132
Total #outliers: 366
Average Time: 82.10745466666665 ms
Peak memory: 0.0 MB
Time index, remove data from structure: 0.0017629287424242423
Time for querying: 0.0
Time for new slide: 0.07632515245454545
Time for expired slide: 0.0057791388257575765
------------------------------------
Number clusters = 0.0
Max Number points in event queue = 0.0
Avg number points in clusters= 0.0
Avg Rmc size = 0.0
Avg Length exps= 0.0
#window: 133
Total #outliers: 374
Average Time: 81.94808390225562 ms
Peak memory: 0.0 MB
Time index, remove data from structure: 0.0017618956090225564
Time for querying: 0.0
Time for new slide: 0.07616988942105264
Time for expired slide: 0.005775030593984962
------------------------------------
Number clusters = 0.0
Max Number points in event queue = 0.0
Avg number points in clusters= 0.0
Avg Rmc size = 0.0
Avg Length exps= 0.0
#window: 134
Total #outliers: 370
Average Time: 81.79915540298506 ms
Peak memory: 0.0 MB
Time index, remove data from structure: 0.0017597595597014925
Time for querying: 0.0
Time for new slide: 0.07602699920149254
Time for expired slide: 0.005768991544776119
------------------------------------
Number clusters = 0.0
Max Number points in event queue = 0.0
Avg number points in clusters= 0.0
Avg Rmc size = 0.0
Avg Length exps= 0.0
#window: 135
Total #outliers: 395
Average Time: 81.68419919259259 ms
Peak memory: 0.0 MB
Time index, remove data from structure: 0.0017579008296296297
Time for querying: 0.0
Time for new slide: 0.07591865957777778
Time for expired slide: 0.005762373370370371
------------------------------------
Number clusters = 0.0
Max Number points in event queue = 0.0
Avg number points in clusters= 0.0
Avg Rmc size = 0.0
Avg Length exps= 0.0
#window: 136
Total #outliers: 411
Average Time: 81.60338133088234 ms
Peak memory: 0.0 MB
Time index, remove data from structure: 0.0017563085514705882
Time for querying: 0.0
Time for new slide: 0.07584404213235293
Time for expired slide: 0.005756171485294117
------------------------------------
Number clusters = 0.0
Max Number points in event queue = 0.0
Avg number points in clusters= 0.0
Avg Rmc size = 0.0
Avg Length exps= 0.0
#window: 137
Total #outliers: 301
Average Time: 81.5528480218978 ms
Peak memory: 0.0 MB
Time index, remove data from structure: 0.0017542969270072993
Time for querying: 0.0
Time for new slide: 0.07579873583941607
Time for expired slide: 0.005750944481751824
------------------------------------
Number clusters = 0.0
Max Number points in event queue = 0.0
Avg number points in clusters= 0.0
Avg Rmc size = 0.0
Avg Length exps= 0.0
#window: 138
Total #outliers: 316
Average Time: 81.53554591304346 ms
Peak memory: 0.0 MB
Time index, remove data from structure: 0.0017528231521739132
Time for querying: 0.0
Time for new slide: 0.07578457690579711
Time for expired slide: 0.005747803456521739
------------------------------------
Number clusters = 0.0
Max Number points in event queue = 0.0
Avg number points in clusters= 0.0
Avg Rmc size = 0.0
Avg Length exps= 0.0
#window: 139
Total #outliers: 283
Average Time: 81.5574039352518 ms
Peak memory: 0.0 MB
Time index, remove data from structure: 0.0017515518992805756
Time for querying: 0.0
Time for new slide: 0.07581206426618704
Time for expired slide: 0.005742175748201439
------------------------------------
Number clusters = 0.0
Max Number points in event queue = 0.0
Avg number points in clusters= 0.0
Avg Rmc size = 0.0
Avg Length exps= 0.0
#window: 140
Total #outliers: 257
Average Time: 81.57750113571427 ms
Peak memory: 0.0 MB
Time index, remove data from structure: 0.0017499852357142857
Time for querying: 0.0
Time for new slide: 0.07583902055714285
Time for expired slide: 0.005735318585714286
------------------------------------
Number clusters = 0.0
Max Number points in event queue = 0.0
Avg number points in clusters= 0.0
Avg Rmc size = 0.0
Avg Length exps= 0.0
#window: 141
Total #outliers: 264
Average Time: 81.6205140070922 ms
Peak memory: 0.0 MB
Time index, remove data from structure: 0.0017486634893617021
Time for querying: 0.0
Time for new slide: 0.07588792910638298
Time for expired slide: 0.0057294222836879434
------------------------------------
Number clusters = 0.0
Max Number points in event queue = 0.0
Avg number points in clusters= 0.0
Avg Rmc size = 0.0
Avg Length exps= 0.0
#window: 142
Total #outliers: 265
Average Time: 81.6990481197183 ms
Peak memory: 0.0 MB
Time index, remove data from structure: 0.0017476032042253523
Time for querying: 0.0
Time for new slide: 0.0759712421056338
Time for expired slide: 0.0057246417394366195
------------------------------------
Number clusters = 0.0
Max Number points in event queue = 0.0
Avg number points in clusters= 0.0
Avg Rmc size = 0.0
Avg Length exps= 0.0
#window: 143
Total #outliers: 260
Average Time: 81.76561843356642 ms
Peak memory: 0.0 MB
Time index, remove data from structure: 0.0017465444685314684
Time for querying: 0.0
Time for new slide: 0.07604284302097902
Time for expired slide: 0.005719612727272727
------------------------------------
Number clusters = 0.0
Max Number points in event queue = 0.0
Avg number points in clusters= 0.0
Avg Rmc size = 0.0
Avg Length exps= 0.0
#window: 144
Total #outliers: 250
Average Time: 81.89719048611109 ms
Peak memory: 0.0 MB
Time index, remove data from structure: 0.0017449524027777778
Time for querying: 0.0
Time for new slide: 0.07617992643055554
Time for expired slide: 0.005714106020833333
------------------------------------
Number clusters = 0.0
Max Number points in event queue = 0.0
Avg number points in clusters= 0.0
Avg Rmc size = 0.0
Avg Length exps= 0.0
#window: 145
Total #outliers: 267
Average Time: 81.97378783448274 ms
Peak memory: 0.0 MB
Time index, remove data from structure: 0.001743284248275862
Time for querying: 0.0
Time for new slide: 0.07626197886896552
Time for expired slide: 0.005708653096551724
------------------------------------
Number clusters = 0.0
Max Number points in event queue = 0.0
Avg number points in clusters= 0.0
Avg Rmc size = 0.0
Avg Length exps= 0.0
#window: 146
Total #outliers: 281
Average Time: 82.03914034931505 ms
Peak memory: 0.0 MB
Time index, remove data from structure: 0.0017420717602739727
Time for querying: 0.0
Time for new slide: 0.07632827284931507
Time for expired slide: 0.005707716191780822
------------------------------------
Number clusters = 0.0
Max Number points in event queue = 0.0
Avg number points in clusters= 0.0
Avg Rmc size = 0.0
Avg Length exps= 0.0
#window: 147
Total #outliers: 257
Average Time: 82.12458254421766 ms
Peak memory: 0.0 MB
Time index, remove data from structure: 0.0017406328979591836
Time for querying: 0.0
Time for new slide: 0.07641907815646258
Time for expired slide: 0.0057023513945578235
------------------------------------
Number clusters = 0.0
Max Number points in event queue = 0.0
Avg number points in clusters= 0.0
Avg Rmc size = 0.0
Avg Length exps= 0.0
#window: 148
Total #outliers: 286
Average Time: 82.21538361486485 ms
Peak memory: 0.0 MB
Time index, remove data from structure: 0.0017396323445945945
Time for querying: 0.0
Time for new slide: 0.07650786662837838
Time for expired slide: 0.005704364621621621
------------------------------------
Number clusters = 0.0
Max Number points in event queue = 0.0
Avg number points in clusters= 0.0
Avg Rmc size = 0.0
Avg Length exps= 0.0
#window: 149
Total #outliers: 312
Average Time: 82.28680747651005 ms
Peak memory: 0.0 MB
Time index, remove data from structure: 0.0017385359127516779
Time for querying: 0.0
Time for new slide: 0.07658332959060403
Time for expired slide: 0.00570032466442953
------------------------------------
Number clusters = 0.0
Max Number points in event queue = 0.0
Avg number points in clusters= 0.0
Avg Rmc size = 0.0
Avg Length exps= 0.0
#window: 150
Total #outliers: 311
Average Time: 82.34689992666665 ms
Peak memory: 0.0 MB
Time index, remove data from structure: 0.0017369808733333333
Time for querying: 0.0
Time for new slide: 0.07664763342
Time for expired slide: 0.00569611144
------------------------------------
Number clusters = 0.0
Max Number points in event queue = 0.0
Avg number points in clusters= 0.0
Avg Rmc size = 0.0
Avg Length exps= 0.0
#window: 151
Total #outliers: 321
Average Time: 82.42773586092713 ms
Peak memory: 0.0 MB
Time index, remove data from structure: 0.0017367251059602648
Time for querying: 0.0
Time for new slide: 0.0767277114834437
Time for expired slide: 0.005696865218543046
------------------------------------
Number clusters = 0.0
Max Number points in event queue = 0.0
Avg number points in clusters= 0.0
Avg Rmc size = 0.0
Avg Length exps= 0.0
#window: 152
Total #outliers: 303
Average Time: 82.52718125657891 ms
Peak memory: 0.0 MB
Time index, remove data from structure: 0.0017354383355263157
Time for querying: 0.0
Time for new slide: 0.0768297839736842
Time for expired slide: 0.00569423747368421
------------------------------------
Number clusters = 0.0
Max Number points in event queue = 0.0
Avg number points in clusters= 0.0
Avg Rmc size = 0.0
Avg Length exps= 0.0
#window: 153
Total #outliers: 297
Average Time: 82.63218191503266 ms
Peak memory: 0.0 MB
Time index, remove data from structure: 0.0017344352156862747
Time for querying: 0.0
Time for new slide: 0.07693207675816993
Time for expired slide: 0.005696940784313725
------------------------------------
Number clusters = 0.0
Max Number points in event queue = 0.0
Avg number points in clusters= 0.0
Avg Rmc size = 0.0
Avg Length exps= 0.0
#window: 154
Total #outliers: 279
Average Time: 82.7518815194805 ms
Peak memory: 0.0 MB
Time index, remove data from structure: 0.0017336944545454545
Time for querying: 0.0
Time for new slide: 0.07705480361688312
Time for expired slide: 0.005693915058441559
------------------------------------
Number clusters = 0.0
Max Number points in event queue = 0.0
Avg number points in clusters= 0.0
Avg Rmc size = 0.0
Avg Length exps= 0.0
#window: 155
Total #outliers: 280
Average Time: 82.91957230967739 ms
Peak memory: 0.0 MB
Time index, remove data from structure: 0.0017329321806451611
Time for querying: 0.0
Time for new slide: 0.07722563192258065
Time for expired slide: 0.005690778832258064
------------------------------------
Number clusters = 0.0
Max Number points in event queue = 0.0
Avg number points in clusters= 0.0
Avg Rmc size = 0.0
Avg Length exps= 0.0
#window: 156
Total #outliers: 296
Average Time: 83.06200001282048 ms
Peak memory: 0.0 MB
Time index, remove data from structure: 0.0017323637307692307
Time for querying: 0.0
Time for new slide: 0.0773705074423077
Time for expired slide: 0.005688331641025641
------------------------------------
Number clusters = 0.0
Max Number points in event queue = 0.0
Avg number points in clusters= 0.0
Avg Rmc size = 0.0
Avg Length exps= 0.0
#window: 157
Total #outliers: 302
Average Time: 83.24715733121018 ms
Peak memory: 0.0 MB
Time index, remove data from structure: 0.0017318305350318471
Time for querying: 0.0
Time for new slide: 0.07755001125477708
Time for expired slide: 0.005693986324840764
------------------------------------
Number clusters = 0.0
Max Number points in event queue = 0.0
Avg number points in clusters= 0.0
Avg Rmc size = 0.0
Avg Length exps= 0.0
#window: 158
Total #outliers: 314
Average Time: 83.38260062025314 ms
Peak memory: 0.0 MB
Time index, remove data from structure: 0.0017315626329113926
Time for querying: 0.0
Time for new slide: 0.07768348289873417
Time for expired slide: 0.00569596261392405
------------------------------------
Number clusters = 0.0
Max Number points in event queue = 0.0
Avg number points in clusters= 0.0
Avg Rmc size = 0.0
Avg Length exps= 0.0
#window: 159
Total #outliers: 385
Average Time: 83.45764858490563 ms
Peak memory: 0.0 MB
Time index, remove data from structure: 0.001731708176100629
Time for querying: 0.0
Time for new slide: 0.07775810549056604
Time for expired slide: 0.005696386911949685
------------------------------------
Number clusters = 0.0
Max Number points in event queue = 0.0
Avg number points in clusters= 0.0
Avg Rmc size = 0.0
Avg Length exps= 0.0
#window: 160
Total #outliers: 397
Average Time: 83.54299508124998 ms
Peak memory: 0.0 MB
Time index, remove data from structure: 0.0017313875937500002
Time for querying: 0.0
Time for new slide: 0.07784025135625
Time for expired slide: 0.00569958809375
------------------------------------
Number clusters = 0.0
Max Number points in event queue = 0.0
Avg number points in clusters= 0.0
Avg Rmc size = 0.0
Avg Length exps= 0.0
#window: 161
Total #outliers: 393
Average Time: 83.59993629813663 ms
Peak memory: 0.0 MB
Time index, remove data from structure: 0.0017306532670807453
Time for querying: 0.0
Time for new slide: 0.07788755692546584
Time for expired slide: 0.0057092229378881984
------------------------------------
Number clusters = 0.0
Max Number points in event queue = 0.0
Avg number points in clusters= 0.0
Avg Rmc size = 0.0
Avg Length exps= 0.0
#window: 162
Total #outliers: 382
Average Time: 83.58665362345677 ms
Peak memory: 0.0 MB
Time index, remove data from structure: 0.0017303082345679012
Time for querying: 0.0
Time for new slide: 0.07787120626543209
Time for expired slide: 0.005712295919753087
------------------------------------
Number clusters = 0.0
Max Number points in event queue = 0.0
Avg number points in clusters= 0.0
Avg Rmc size = 0.0
Avg Length exps= 0.0
#window: 163
Total #outliers: 348
Average Time: 83.58389736809814 ms
Peak memory: 0.0 MB
Time index, remove data from structure: 0.00173012336196319
Time for querying: 0.0
Time for new slide: 0.07784924403680982
Time for expired slide: 0.005731499865030675
------------------------------------
Number clusters = 0.0
Max Number points in event queue = 0.0
Avg number points in clusters= 0.0
Avg Rmc size = 0.0
Avg Length exps= 0.0
#window: 164
Total #outliers: 344
Average Time: 83.5792038719512 ms
Peak memory: 0.0 MB
Time index, remove data from structure: 0.0017290325609756096
Time for querying: 0.0
Time for new slide: 0.07784600954268293
Time for expired slide: 0.005730043664634146
------------------------------------
Number clusters = 0.0
Max Number points in event queue = 0.0
Avg number points in clusters= 0.0
Avg Rmc size = 0.0
Avg Length exps= 0.0
#window: 165
Total #outliers: 319
Average Time: 83.60161175151514 ms
Peak memory: 0.0 MB
Time index, remove data from structure: 0.001727602006060606
Time for querying: 0.0
Time for new slide: 0.07787023553333333
Time for expired slide: 0.005728225042424242
------------------------------------
Number clusters = 0.0
Max Number points in event queue = 0.0
Avg number points in clusters= 0.0
Avg Rmc size = 0.0
Avg Length exps= 0.0
#window: 166
Total #outliers: 326
Average Time: 83.63201292168674 ms
Peak memory: 0.0 MB
Time index, remove data from structure: 0.0017269315662650601
Time for querying: 0.0
Time for new slide: 0.0778963174939759
Time for expired slide: 0.005732543831325302
------------------------------------
Number clusters = 0.0
Max Number points in event queue = 0.0
Avg number points in clusters= 0.0
Avg Rmc size = 0.0
Avg Length exps= 0.0
#window: 167
Total #outliers: 349
Average Time: 83.70114468862273 ms
Peak memory: 0.0 MB
Time index, remove data from structure: 0.0017263695988023952
Time for querying: 0.0
Time for new slide: 0.07796339961077844
Time for expired slide: 0.005734594323353293
------------------------------------
Number clusters = 0.0
Max Number points in event queue = 0.0
Avg number points in clusters= 0.0
Avg Rmc size = 0.0
Avg Length exps= 0.0
#window: 168
Total #outliers: 377
Average Time: 83.73510195238093 ms
Peak memory: 0.0 MB
Time index, remove data from structure: 0.0017254098988095236
Time for querying: 0.0
Time for new slide: 0.0779982325595238
Time for expired slide: 0.005733717005952381
------------------------------------
Number clusters = 0.0
Max Number points in event queue = 0.0
Avg number points in clusters= 0.0
Avg Rmc size = 0.0
Avg Length exps= 0.0
#window: 169
Total #outliers: 360
Average Time: 83.74907741420117 ms
Peak memory: 0.0 MB
Time index, remove data from structure: 0.0017244567633136094
Time for querying: 0.0
Time for new slide: 0.07801190715976332
Time for expired slide: 0.00573401625443787
------------------------------------
Number clusters = 0.0
Max Number points in event queue = 0.0
Avg number points in clusters= 0.0
Avg Rmc size = 0.0
Avg Length exps= 0.0
#window: 170
Total #outliers: 367
Average Time: 83.77475160588233 ms
Peak memory: 0.0 MB
Time index, remove data from structure: 0.001723373394117647
Time for querying: 0.0
Time for new slide: 0.07803718623529411
Time for expired slide: 0.0057344129411764705
------------------------------------
Number clusters = 0.0
Max Number points in event queue = 0.0
Avg number points in clusters= 0.0
Avg Rmc size = 0.0
Avg Length exps= 0.0
#window: 171
Total #outliers: 384
Average Time: 83.81395729824558 ms
Peak memory: 0.0 MB
Time index, remove data from structure: 0.0017221573508771932
Time for querying: 0.0
Time for new slide: 0.07807631525730994
Time for expired slide: 0.005734489380116959
------------------------------------
Number clusters = 0.0
Max Number points in event queue = 0.0
Avg number points in clusters= 0.0
Avg Rmc size = 0.0
Avg Length exps= 0.0
#window: 172
Total #outliers: 394
Average Time: 83.8312233837209 ms
Peak memory: 0.0 MB
Time index, remove data from structure: 0.001720876058139535
Time for querying: 0.0
Time for new slide: 0.07809417180232558
Time for expired slide: 0.005733898627906977
------------------------------------
Number clusters = 0.0
Max Number points in event queue = 0.0
Avg number points in clusters= 0.0
Avg Rmc size = 0.0
Avg Length exps= 0.0
#window: 173
Total #outliers: 430
Average Time: 83.87111500578031 ms
Peak memory: 0.0 MB
Time index, remove data from structure: 0.0017197224219653179
Time for querying: 0.0
Time for new slide: 0.07812944898265896
Time for expired slide: 0.005738509693641618
------------------------------------
Number clusters = 0.0
Max Number points in event queue = 0.0
Avg number points in clusters= 0.0
Avg Rmc size = 0.0
Avg Length exps= 0.0
#window: 174
Total #outliers: 431
Average Time: 83.89024317816089 ms
Peak memory: 0.0 MB
Time index, remove data from structure: 0.0017189679137931035
Time for querying: 0.0
Time for new slide: 0.0781387211954023
Time for expired slide: 0.00574836733908046
------------------------------------
Number clusters = 0.0
Max Number points in event queue = 0.0
Avg number points in clusters= 0.0
Avg Rmc size = 0.0
Avg Length exps= 0.0
#window: 175
Total #outliers: 443
Average Time: 83.74827717714284 ms
Peak memory: 0.0 MB
Time index, remove data from structure: 0.0017175550571428572
Time for querying: 0.0
Time for new slide: 0.07798567728
Time for expired slide: 0.005759442897142857
------------------------------------
Number clusters = 0.0
Max Number points in event queue = 0.0
Avg number points in clusters= 0.0
Avg Rmc size = 0.0
Avg Length exps= 0.0
#window: 176
Total #outliers: 450
Average Time: 83.51432077272725 ms
Peak memory: 0.0 MB
Time index, remove data from structure: 0.0017162200909090909
Time for querying: 0.0
Time for new slide: 0.07774306624431818
Time for expired slide: 0.005768102085227273
------------------------------------
Number clusters = 0.0
Max Number points in event queue = 0.0
Avg number points in clusters= 0.0
Avg Rmc size = 0.0
Avg Length exps= 0.0
#window: 177
Total #outliers: 507
Average Time: 83.30196870621467 ms
Peak memory: 0.0 MB
Time index, remove data from structure: 0.001714708920903955
Time for querying: 0.0
Time for new slide: 0.07752869462146893
Time for expired slide: 0.005770125333333332
------------------------------------
Number clusters = 0.0
Max Number points in event queue = 0.0
Avg number points in clusters= 0.0
Avg Rmc size = 0.0
Avg Length exps= 0.0
#window: 178
Total #outliers: 520
Average Time: 83.10956387640448 ms
Peak memory: 0.0 MB
Time index, remove data from structure: 0.0017135217752808987
Time for querying: 0.0
Time for new slide: 0.07732537911797753
Time for expired slide: 0.005781042528089887
------------------------------------
Number clusters = 0.0
Max Number points in event queue = 0.0
Avg number points in clusters= 0.0
Avg Rmc size = 0.0
Avg Length exps= 0.0
#window: 179
Total #outliers: 542
Average Time: 82.91393296648042 ms
Peak memory: 0.0 MB
Time index, remove data from structure: 0.0017132305251396649
Time for querying: 0.0
Time for new slide: 0.07712059075977654
Time for expired slide: 0.005790202055865921
------------------------------------
Number clusters = 0.0
Max Number points in event queue = 0.0
Avg number points in clusters= 0.0
Avg Rmc size = 0.0
Avg Length exps= 0.0
#window: 180
Total #outliers: 530
Average Time: 82.73824875555553 ms
Peak memory: 0.0 MB
Time index, remove data from structure: 0.001711868588888889
Time for querying: 0.0
Time for new slide: 0.07693451056111111
Time for expired slide: 0.005800601277777777
------------------------------------
Number clusters = 0.0
Max Number points in event queue = 0.0
Avg number points in clusters= 0.0
Avg Rmc size = 0.0
Avg Length exps= 0.0
#window: 181
Total #outliers: 542
Average Time: 82.57047199999998 ms
Peak memory: 0.0 MB
Time index, remove data from structure: 0.0017115901215469613
Time for querying: 0.0
Time for new slide: 0.07675689588397791
Time for expired slide: 0.005810444541436465
------------------------------------
Number clusters = 0.0
Max Number points in event queue = 0.0
Avg number points in clusters= 0.0
Avg Rmc size = 0.0
Avg Length exps= 0.0
#window: 182
Total #outliers: 584
Average Time: 82.43868899999998 ms
Peak memory: 0.0 MB
Time index, remove data from structure: 0.0017109435
Time for querying: 0.0
Time for new slide: 0.0766134682967033
Time for expired slide: 0.005822088527472527
------------------------------------
Number clusters = 0.0
Max Number points in event queue = 0.0
Avg number points in clusters= 0.0
Avg Rmc size = 0.0
Avg Length exps= 0.0
#window: 183
Total #outliers: 621
Average Time: 82.30513527322402 ms
Peak memory: 0.0 MB
Time index, remove data from structure: 0.0017097205081967213
Time for querying: 0.0
Time for new slide: 0.0764738466885246
Time for expired slide: 0.005828160595628415
------------------------------------
Number clusters = 0.0
Max Number points in event queue = 0.0
Avg number points in clusters= 0.0
Avg Rmc size = 0.0
Avg Length exps= 0.0
#window: 184
Total #outliers: 586
Average Time: 82.19403878260869 ms
Peak memory: 0.0 MB
Time index, remove data from structure: 0.0017088704673913044
Time for querying: 0.0
Time for new slide: 0.07633703834782608
Time for expired slide: 0.005853874092391304
------------------------------------
Number clusters = 0.0
Max Number points in event queue = 0.0
Avg number points in clusters= 0.0
Avg Rmc size = 0.0
Avg Length exps= 0.0
#window: 185
Total #outliers: 606
Average Time: 82.06807995135134 ms
Peak memory: 0.0 MB
Time index, remove data from structure: 0.001707983372972973
Time for querying: 0.0
Time for new slide: 0.07620158724324325
Time for expired slide: 0.0058633662
------------------------------------
Number clusters = 0.0
Max Number points in event queue = 0.0
Avg number points in clusters= 0.0
Avg Rmc size = 0.0
Avg Length exps= 0.0
#window: 186
Total #outliers: 575
Average Time: 81.9462685752688 ms
Peak memory: 0.0 MB
Time index, remove data from structure: 0.0017073897956989246
Time for querying: 0.0
Time for new slide: 0.0760683451827957
Time for expired slide: 0.00587479932795699
------------------------------------
Number clusters = 0.0
Max Number points in event queue = 0.0
Avg number points in clusters= 0.0
Avg Rmc size = 0.0
Avg Length exps= 0.0
#window: 187
Total #outliers: 623
Average Time: 81.83661410695186 ms
Peak memory: 0.0 MB
Time index, remove data from structure: 0.00170654035828877
Time for querying: 0.0
Time for new slide: 0.07593953442780749
Time for expired slide: 0.005893957122994652
------------------------------------
Number clusters = 0.0
Max Number points in event queue = 0.0
Avg number points in clusters= 0.0
Avg Rmc size = 0.0
Avg Length exps= 0.0
#window: 188
Total #outliers: 601
Average Time: 81.75755143085105 ms
Peak memory: 0.0 MB
Time index, remove data from structure: 0.0017054509255319148
Time for querying: 0.0
Time for new slide: 0.07585075123404254
Time for expired slide: 0.0059036771808510646
------------------------------------
Number clusters = 0.0
Max Number points in event queue = 0.0
Avg number points in clusters= 0.0
Avg Rmc size = 0.0
Avg Length exps= 0.0
#window: 189
Total #outliers: 566
Average Time: 81.68631937037036 ms
Peak memory: 0.0 MB
Time index, remove data from structure: 0.0017035342962962961
Time for querying: 0.0
Time for new slide: 0.07577652038624338
Time for expired slide: 0.0059066756772486765
------------------------------------
Number clusters = 0.0
Max Number points in event queue = 0.0
Avg number points in clusters= 0.0
Avg Rmc size = 0.0
Avg Length exps= 0.0
#window: 190
Total #outliers: 586
Average Time: 81.6367141210526 ms
Peak memory: 0.0 MB
Time index, remove data from structure: 0.0017018214842105261
Time for querying: 0.0
Time for new slide: 0.07572498255789474
Time for expired slide: 0.0059086094052631585
------------------------------------
Number clusters = 0.0
Max Number points in event queue = 0.0
Avg number points in clusters= 0.0
Avg Rmc size = 0.0
Avg Length exps= 0.0
Peak memory: 68.72610473632812 MB
Average CPU time: 81.6367141210526 ms
