#window: 1
Total #outliers: 804
Average Time: 0.0 ms
Peak memory: 0.0 MB
Time index, remove data from structure: 0.0
Time for querying: 0.0
Time for new slide: 0.0
Time for expired slide: 0.0
------------------------------------
Number clusters = 0.0
Max Number points in event queue = 0.0
Avg number points in clusters= 0.0
Avg Rmc size = 0.0
Avg Length exps= 0.0
#window: 2
Total #outliers: 788
Average Time: 108.154047 ms
Peak memory: 0.0 MB
Time index, remove data from structure: 0.00212048
Time for querying: 0.0
Time for new slide: 0.096845964
Time for expired slide: 0.011306089
------------------------------------
Number clusters = 0.0
Max Number points in event queue = 0.0
Avg number points in clusters= 0.0
Avg Rmc size = 0.0
Avg Length exps= 0.0
#window: 3
Total #outliers: 807
Average Time: 137.2527376666667 ms
Peak memory: 0.0 MB
Time index, remove data from structure: 0.002257667
Time for querying: 0.0
Time for new slide: 0.12426678466666667
Time for expired slide: 0.012983534666666666
------------------------------------
Number clusters = 0.0
Max Number points in event queue = 0.0
Avg number points in clusters= 0.0
Avg Rmc size = 0.0
Avg Length exps= 0.0
#window: 4
Total #outliers: 791
Average Time: 152.38206375000001 ms
Peak memory: 0.0 MB
Time index, remove data from structure: 0.00227118375
Time for querying: 0.0
Time for new slide: 0.1388249885
Time for expired slide: 0.013554467
------------------------------------
Number clusters = 0.0
Max Number points in event queue = 0.0
Avg number points in clusters= 0.0
Avg Rmc size = 0.0
Avg Length exps= 0.0
#window: 5
Total #outliers: 804
Average Time: 158.15638840000003 ms
Peak memory: 0.0 MB
Time index, remove data from structure: 0.0022655002000000002
Time for querying: 0.0
Time for new slide: 0.1442158898
Time for expired slide: 0.013937863200000001
------------------------------------
Number clusters = 0.0
Max Number points in event queue = 0.0
Avg number points in clusters= 0.0
Avg Rmc size = 0.0
Avg Length exps= 0.0
#window: 6
Total #outliers: 749
Average Time: 163.0192135 ms
Peak memory: 0.0 MB
Time index, remove data from structure: 0.002279559
Time for querying: 0.0
Time for new slide: 0.14882723066666667
Time for expired slide: 0.014186961666666666
------------------------------------
Number clusters = 0.0
Max Number points in event queue = 0.0
Avg number points in clusters= 0.0
Avg Rmc size = 0.0
Avg Length exps= 0.0
#window: 7
Total #outliers: 743
Average Time: 170.20514700000004 ms
Peak memory: 0.0 MB
Time index, remove data from structure: 0.002402249571428571
Time for querying: 0.0
Time for new slide: 0.15288896957142858
Time for expired slide: 0.017311408142857143
------------------------------------
Number clusters = 0.0
Max Number points in event queue = 0.0
Avg number points in clusters= 0.0
Avg Rmc size = 0.0
Avg Length exps= 0.0
#window: 8
Total #outliers: 763
Average Time: 174.28537200000002 ms
Peak memory: 0.0 MB
Time index, remove data from structure: 0.00246431125
Time for querying: 0.0
Time for new slide: 0.157142793
Time for expired slide: 0.017138045
------------------------------------
Number clusters = 0.0
Max Number points in event queue = 0.0
Avg number points in clusters= 0.0
Avg Rmc size = 0.0
Avg Length exps= 0.0
#window: 9
Total #outliers: 778
Average Time: 173.47781022222222 ms
Peak memory: 0.0 MB
Time index, remove data from structure: 0.002483541666666667
Time for querying: 0.0
Time for new slide: 0.156502886
Time for expired slide: 0.016970568666666668
------------------------------------
Number clusters = 0.0
Max Number points in event queue = 0.0
Avg number points in clusters= 0.0
Avg Rmc size = 0.0
Avg Length exps= 0.0
#window: 10
Total #outliers: 792
Average Time: 173.411183 ms
Peak memory: 0.0 MB
Time index, remove data from structure: 0.0024855997
Time for querying: 0.0
Time for new slide: 0.1561293867
Time for expired slide: 0.0172775924
------------------------------------
Number clusters = 0.0
Max Number points in event queue = 0.0
Avg number points in clusters= 0.0
Avg Rmc size = 0.0
Avg Length exps= 0.0
#window: 11
Total #outliers: 783
Average Time: 173.25182481818183 ms
Peak memory: 0.0 MB
Time index, remove data from structure: 0.0024900691818181817
Time for querying: 0.0
Time for new slide: 0.15567220390909092
Time for expired slide: 0.017575557454545452
------------------------------------
Number clusters = 0.0
Max Number points in event queue = 0.0
Avg number points in clusters= 0.0
Avg Rmc size = 0.0
Avg Length exps= 0.0
#window: 12
Total #outliers: 772
Average Time: 173.45442333333335 ms
Peak memory: 0.0 MB
Time index, remove data from structure: 0.0025184823333333334
Time for querying: 0.0
Time for new slide: 0.15535842391666668
Time for expired slide: 0.018092032333333334
------------------------------------
Number clusters = 0.0
Max Number points in event queue = 0.0
Avg number points in clusters= 0.0
Avg Rmc size = 0.0
Avg Length exps= 0.0
#window: 13
Total #outliers: 823
Average Time: 174.78236715384614 ms
Peak memory: 0.0 MB
Time index, remove data from structure: 0.002545539
Time for querying: 0.0
Time for new slide: 0.15601308484615384
Time for expired slide: 0.01876539153846154
------------------------------------
Number clusters = 0.0
Max Number points in event queue = 0.0
Avg number points in clusters= 0.0
Avg Rmc size = 0.0
Avg Length exps= 0.0
#window: 14
Total #outliers: 784
Average Time: 175.30456792857143 ms
Peak memory: 0.0 MB
Time index, remove data from structure: 0.0025851215714285712
Time for querying: 0.0
Time for new slide: 0.15670331292857145
Time for expired slide: 0.018597424357142855
------------------------------------
Number clusters = 0.0
Max Number points in event queue = 0.0
Avg number points in clusters= 0.0
Avg Rmc size = 0.0
Avg Length exps= 0.0
#window: 15
Total #outliers: 812
Average Time: 176.01339620000002 ms
Peak memory: 0.0 MB
Time index, remove data from structure: 0.002589886333333333
Time for querying: 0.0
Time for new slide: 0.157235768
Time for expired slide: 0.018772259533333332
------------------------------------
Number clusters = 0.0
Max Number points in event queue = 0.0
Avg number points in clusters= 0.0
Avg Rmc size = 0.0
Avg Length exps= 0.0
#window: 16
Total #outliers: 823
Average Time: 177.7716409375 ms
Peak memory: 0.0 MB
Time index, remove data from structure: 0.0025884533125
Time for querying: 0.0
Time for new slide: 0.1592241829375
Time for expired slide: 0.018542206375
------------------------------------
Number clusters = 0.0
Max Number points in event queue = 0.0
Avg number points in clusters= 0.0
Avg Rmc size = 0.0
Avg Length exps= 0.0
#window: 17
Total #outliers: 784
Average Time: 179.6280399411765 ms
Peak memory: 0.0 MB
Time index, remove data from structure: 0.002603727411764706
Time for querying: 0.0
Time for new slide: 0.1611305655882353
Time for expired slide: 0.01849237094117647
------------------------------------
Number clusters = 0.0
Max Number points in event queue = 0.0
Avg number points in clusters= 0.0
Avg Rmc size = 0.0
Avg Length exps= 0.0
#window: 18
Total #outliers: 811
Average Time: 182.2910563888889 ms
Peak memory: 0.0 MB
Time index, remove data from structure: 0.0026232053333333336
Time for querying: 0.0
Time for new slide: 0.1631435886111111
Time for expired slide: 0.019142473555555553
------------------------------------
Number clusters = 0.0
Max Number points in event queue = 0.0
Avg number points in clusters= 0.0
Avg Rmc size = 0.0
Avg Length exps= 0.0
#window: 19
Total #outliers: 779
Average Time: 184.06874373684212 ms
Peak memory: 0.0 MB
Time index, remove data from structure: 0.002660072105263158
Time for querying: 0.0
Time for new slide: 0.16490834078947367
Time for expired slide: 0.019155450052631577
------------------------------------
Number clusters = 0.0
Max Number points in event queue = 0.0
Avg number points in clusters= 0.0
Avg Rmc size = 0.0
Avg Length exps= 0.0
#window: 20
Total #outliers: 770
Average Time: 185.64247415000003 ms
Peak memory: 0.0 MB
Time index, remove data from structure: 0.0026801259
Time for querying: 0.0
Time for new slide: 0.16646251495
Time for expired slide: 0.01917508485
------------------------------------
Number clusters = 0.0
Max Number points in event queue = 0.0
Avg number points in clusters= 0.0
Avg Rmc size = 0.0
Avg Length exps= 0.0
#window: 21
Total #outliers: 770
Average Time: 187.6937600952381 ms
Peak memory: 0.0 MB
Time index, remove data from structure: 0.0027144810476190475
Time for querying: 0.0
Time for new slide: 0.16762408223809522
Time for expired slide: 0.020064874285714285
------------------------------------
Number clusters = 0.0
Max Number points in event queue = 0.0
Avg number points in clusters= 0.0
Avg Rmc size = 0.0
Avg Length exps= 0.0
#window: 22
Total #outliers: 794
Average Time: 187.85646195454547 ms
Peak memory: 0.0 MB
Time index, remove data from structure: 0.0027340357272727274
Time for querying: 0.0
Time for new slide: 0.16757776181818182
Time for expired slide: 0.020273939136363637
------------------------------------
Number clusters = 0.0
Max Number points in event queue = 0.0
Avg number points in clusters= 0.0
Avg Rmc size = 0.0
Avg Length exps= 0.0
#window: 23
Total #outliers: 769
Average Time: 187.39057908695656 ms
Peak memory: 0.0 MB
Time index, remove data from structure: 0.002724462
Time for querying: 0.0
Time for new slide: 0.1670820727826087
Time for expired slide: 0.020303814043478263
------------------------------------
Number clusters = 0.0
Max Number points in event queue = 0.0
Avg number points in clusters= 0.0
Avg Rmc size = 0.0
Avg Length exps= 0.0
#window: 24
Total #outliers: 758
Average Time: 186.88725179166667 ms
Peak memory: 0.0 MB
Time index, remove data from structure: 0.0027171888333333335
Time for querying: 0.0
Time for new slide: 0.16680164041666667
Time for expired slide: 0.02008086675
------------------------------------
Number clusters = 0.0
Max Number points in event queue = 0.0
Avg number points in clusters= 0.0
Avg Rmc size = 0.0
Avg Length exps= 0.0
#window: 25
Total #outliers: 733
Average Time: 186.45940624000002 ms
Peak memory: 0.0 MB
Time index, remove data from structure: 0.0027060116
Time for querying: 0.0
Time for new slide: 0.16617157416
Time for expired slide: 0.02028316792
------------------------------------
Number clusters = 0.0
Max Number points in event queue = 0.0
Avg number points in clusters= 0.0
Avg Rmc size = 0.0
Avg Length exps= 0.0
#window: 26
Total #outliers: 742
Average Time: 185.92528111538462 ms
Peak memory: 0.0 MB
Time index, remove data from structure: 0.002697191346153846
Time for querying: 0.0
Time for new slide: 0.16566064553846155
Time for expired slide: 0.020260049538461538
------------------------------------
Number clusters = 0.0
Max Number points in event queue = 0.0
Avg number points in clusters= 0.0
Avg Rmc size = 0.0
Avg Length exps= 0.0
#window: 27
Total #outliers: 721
Average Time: 185.9413817777778 ms
Peak memory: 0.0 MB
Time index, remove data from structure: 0.002688864333333333
Time for querying: 0.0
Time for new slide: 0.1652751895925926
Time for expired slide: 0.020661666
------------------------------------
Number clusters = 0.0
Max Number points in event queue = 0.0
Avg number points in clusters= 0.0
Avg Rmc size = 0.0
Avg Length exps= 0.0
#window: 28
Total #outliers: 717
Average Time: 185.2162168571429 ms
Peak memory: 0.0 MB
Time index, remove data from structure: 0.0026861702142857145
Time for querying: 0.0
Time for new slide: 0.16478363707142857
Time for expired slide: 0.02042811082142857
------------------------------------
Number clusters = 0.0
Max Number points in event queue = 0.0
Avg number points in clusters= 0.0
Avg Rmc size = 0.0
Avg Length exps= 0.0
#window: 29
Total #outliers: 716
Average Time: 185.3654259310345 ms
Peak memory: 0.0 MB
Time index, remove data from structure: 0.002678144620689655
Time for querying: 0.0
Time for new slide: 0.16474448796551724
Time for expired slide: 0.02061653782758621
------------------------------------
Number clusters = 0.0
Max Number points in event queue = 0.0
Avg number points in clusters= 0.0
Avg Rmc size = 0.0
Avg Length exps= 0.0
#window: 30
Total #outliers: 700
Average Time: 185.0418920666667 ms
Peak memory: 0.0 MB
Time index, remove data from structure: 0.0026791375
Time for querying: 0.0
Time for new slide: 0.16441612816666668
Time for expired slide: 0.0206214131
------------------------------------
Number clusters = 0.0
Max Number points in event queue = 0.0
Avg number points in clusters= 0.0
Avg Rmc size = 0.0
Avg Length exps= 0.0
#window: 31
Total #outliers: 723
Average Time: 184.79138577419357 ms
Peak memory: 0.0 MB
Time index, remove data from structure: 0.0026800216129032254
Time for querying: 0.0
Time for new slide: 0.16436471812903228
Time for expired slide: 0.020422373677419357
------------------------------------
Number clusters = 0.0
Max Number points in event queue = 0.0
Avg number points in clusters= 0.0
Avg Rmc size = 0.0
Avg Length exps= 0.0
#window: 32
Total #outliers: 729
Average Time: 185.03182759375002 ms
Peak memory: 0.0 MB
Time index, remove data from structure: 0.002682359875
Time for querying: 0.0
Time for new slide: 0.1643458983125
Time for expired slide: 0.020681677875
------------------------------------
Number clusters = 0.0
Max Number points in event queue = 0.0
Avg number points in clusters= 0.0
Avg Rmc size = 0.0
Avg Length exps= 0.0
#window: 33
Total #outliers: 744
Average Time: 185.1138666666667 ms
Peak memory: 0.0 MB
Time index, remove data from structure: 0.002691773
Time for querying: 0.0
Time for new slide: 0.16424429554545453
Time for expired slide: 0.02086535984848485
------------------------------------
Number clusters = 0.0
Max Number points in event queue = 0.0
Avg number points in clusters= 0.0
Avg Rmc size = 0.0
Avg Length exps= 0.0
#window: 34
Total #outliers: 759
Average Time: 185.28067873529415 ms
Peak memory: 0.0 MB
Time index, remove data from structure: 0.002701524970588235
Time for querying: 0.0
Time for new slide: 0.1642280447647059
Time for expired slide: 0.021048466000000002
------------------------------------
Number clusters = 0.0
Max Number points in event queue = 0.0
Avg number points in clusters= 0.0
Avg Rmc size = 0.0
Avg Length exps= 0.0
#window: 35
Total #outliers: 767
Average Time: 185.16614300000003 ms
Peak memory: 0.0 MB
Time index, remove data from structure: 0.0027038694
Time for querying: 0.0
Time for new slide: 0.16428458434285714
Time for expired slide: 0.0208774222
------------------------------------
Number clusters = 0.0
Max Number points in event queue = 0.0
Avg number points in clusters= 0.0
Avg Rmc size = 0.0
Avg Length exps= 0.0
#window: 36
Total #outliers: 777
Average Time: 184.38088350000004 ms
Peak memory: 0.0 MB
Time index, remove data from structure: 0.002699644388888889
Time for querying: 0.0
Time for new slide: 0.16368815219444444
Time for expired slide: 0.020688631750000002
------------------------------------
Number clusters = 0.0
Max Number points in event queue = 0.0
Avg number points in clusters= 0.0
Avg Rmc size = 0.0
Avg Length exps= 0.0
#window: 37
Total #outliers: 768
Average Time: 183.8788696756757 ms
Peak memory: 0.0 MB
Time index, remove data from structure: 0.0026970047567567565
Time for querying: 0.0
Time for new slide: 0.1632088923243243
Time for expired slide: 0.02066591127027027
------------------------------------
Number clusters = 0.0
Max Number points in event queue = 0.0
Avg number points in clusters= 0.0
Avg Rmc size = 0.0
Avg Length exps= 0.0
#window: 38
Total #outliers: 768
Average Time: 183.36938642105267 ms
Peak memory: 0.0 MB
Time index, remove data from structure: 0.0026933744210526317
Time for querying: 0.0
Time for new slide: 0.16269638613157894
Time for expired slide: 0.02066897805263158
------------------------------------
Number clusters = 0.0
Max Number points in event queue = 0.0
Avg number points in clusters= 0.0
Avg Rmc size = 0.0
Avg Length exps= 0.0
#window: 39
Total #outliers: 797
Average Time: 183.1980452820513 ms
Peak memory: 0.0 MB
Time index, remove data from structure: 0.0026839081538461537
Time for querying: 0.0
Time for new slide: 0.16238426164102565
Time for expired slide: 0.02080979102564103
------------------------------------
Number clusters = 0.0
Max Number points in event queue = 0.0
Avg number points in clusters= 0.0
Avg Rmc size = 0.0
Avg Length exps= 0.0
#window: 40
Total #outliers: 784
Average Time: 182.65602705000003 ms
Peak memory: 0.0 MB
Time index, remove data from structure: 0.0026828561
Time for querying: 0.0
Time for new slide: 0.161990741125
Time for expired slide: 0.020661321175
------------------------------------
Number clusters = 0.0
Max Number points in event queue = 0.0
Avg number points in clusters= 0.0
Avg Rmc size = 0.0
Avg Length exps= 0.0
#window: 41
Total #outliers: 770
Average Time: 182.70560639024393 ms
Peak memory: 0.0 MB
Time index, remove data from structure: 0.0026738019024390245
Time for querying: 0.0
Time for new slide: 0.16182174736585367
Time for expired slide: 0.02087992917073171
------------------------------------
Number clusters = 0.0
Max Number points in event queue = 0.0
Avg number points in clusters= 0.0
Avg Rmc size = 0.0
Avg Length exps= 0.0
#window: 42
Total #outliers: 769
Average Time: 182.60045497619052 ms
Peak memory: 0.0 MB
Time index, remove data from structure: 0.002671341738095238
Time for querying: 0.0
Time for new slide: 0.16158043630952382
Time for expired slide: 0.021016113666666666
------------------------------------
Number clusters = 0.0
Max Number points in event queue = 0.0
Avg number points in clusters= 0.0
Avg Rmc size = 0.0
Avg Length exps= 0.0
#window: 43
Total #outliers: 785
Average Time: 182.61854086046517 ms
Peak memory: 0.0 MB
Time index, remove data from structure: 0.0026711111395348835
Time for querying: 0.0
Time for new slide: 0.1615195061395349
Time for expired slide: 0.021095157976744185
------------------------------------
Number clusters = 0.0
Max Number points in event queue = 0.0
Avg number points in clusters= 0.0
Avg Rmc size = 0.0
Avg Length exps= 0.0
#window: 44
Total #outliers: 792
Average Time: 182.57398961363643 ms
Peak memory: 0.0 MB
Time index, remove data from structure: 0.002667212159090909
Time for querying: 0.0
Time for new slide: 0.16135908738636362
Time for expired slide: 0.021211046818181818
------------------------------------
Number clusters = 0.0
Max Number points in event queue = 0.0
Avg number points in clusters= 0.0
Avg Rmc size = 0.0
Avg Length exps= 0.0
#window: 45
Total #outliers: 818
Average Time: 182.6523027111112 ms
Peak memory: 0.0 MB
Time index, remove data from structure: 0.002662422177777778
Time for querying: 0.0
Time for new slide: 0.16136078513333332
Time for expired slide: 0.021287684044444446
------------------------------------
Number clusters = 0.0
Max Number points in event queue = 0.0
Avg number points in clusters= 0.0
Avg Rmc size = 0.0
Avg Length exps= 0.0
#window: 46
Total #outliers: 838
Average Time: 182.6624732826088 ms
Peak memory: 0.0 MB
Time index, remove data from structure: 0.002666118108695652
Time for querying: 0.0
Time for new slide: 0.16147775376086956
Time for expired slide: 0.02118089786956522
------------------------------------
Number clusters = 0.0
Max Number points in event queue = 0.0
Avg number points in clusters= 0.0
Avg Rmc size = 0.0
Avg Length exps= 0.0
#window: 47
Total #outliers: 877
Average Time: 182.66846614893626 ms
Peak memory: 0.0 MB
Time index, remove data from structure: 0.002665020425531915
Time for querying: 0.0
Time for new slide: 0.1616101219787234
Time for expired slide: 0.02105453170212766
------------------------------------
Number clusters = 0.0
Max Number points in event queue = 0.0
Avg number points in clusters= 0.0
Avg Rmc size = 0.0
Avg Length exps= 0.0
#window: 48
Total #outliers: 861
Average Time: 182.71182322916675 ms
Peak memory: 0.0 MB
Time index, remove data from structure: 0.0026621119791666666
Time for querying: 0.0
Time for new slide: 0.16177981852083334
Time for expired slide: 0.020928211416666665
------------------------------------
Number clusters = 0.0
Max Number points in event queue = 0.0
Avg number points in clusters= 0.0
Avg Rmc size = 0.0
Avg Length exps= 0.0
#window: 49
Total #outliers: 856
Average Time: 182.76540257142867 ms
Peak memory: 0.0 MB
Time index, remove data from structure: 0.002659097244897959
Time for querying: 0.0
Time for new slide: 0.16182966620408162
Time for expired slide: 0.020931944693877554
------------------------------------
Number clusters = 0.0
Max Number points in event queue = 0.0
Avg number points in clusters= 0.0
Avg Rmc size = 0.0
Avg Length exps= 0.0
#window: 50
Total #outliers: 867
Average Time: 182.9546251600001 ms
Peak memory: 0.0 MB
Time index, remove data from structure: 0.0026555914600000004
Time for querying: 0.0
Time for new slide: 0.16213264866
Time for expired slide: 0.020818197299999997
------------------------------------
Number clusters = 0.0
Max Number points in event queue = 0.0
Avg number points in clusters= 0.0
Avg Rmc size = 0.0
Avg Length exps= 0.0
#window: 51
Total #outliers: 861
Average Time: 183.74333358823534 ms
Peak memory: 0.0 MB
Time index, remove data from structure: 0.002660635509803922
Time for querying: 0.0
Time for new slide: 0.16283803252941179
Time for expired slide: 0.020901526333333333
------------------------------------
Number clusters = 0.0
Max Number points in event queue = 0.0
Avg number points in clusters= 0.0
Avg Rmc size = 0.0
Avg Length exps= 0.0
#window: 52
Total #outliers: 868
Average Time: 184.3323939038462 ms
Peak memory: 0.0 MB
Time index, remove data from structure: 0.0026626524615384617
Time for querying: 0.0
Time for new slide: 0.1633822876346154
Time for expired slide: 0.02094634673076923
------------------------------------
Number clusters = 0.0
Max Number points in event queue = 0.0
Avg number points in clusters= 0.0
Avg Rmc size = 0.0
Avg Length exps= 0.0
#window: 53
Total #outliers: 846
Average Time: 185.2553123773585 ms
Peak memory: 0.0 MB
Time index, remove data from structure: 0.002669197113207547
Time for querying: 0.0
Time for new slide: 0.16414659826415093
Time for expired slide: 0.02110497613207547
------------------------------------
Number clusters = 0.0
Max Number points in event queue = 0.0
Avg number points in clusters= 0.0
Avg Rmc size = 0.0
Avg Length exps= 0.0
#window: 54
Total #outliers: 871
Average Time: 186.01293144444446 ms
Peak memory: 0.0 MB
Time index, remove data from structure: 0.002673681833333333
Time for querying: 0.0
Time for new slide: 0.1648534189074074
Time for expired slide: 0.021155790555555557
------------------------------------
Number clusters = 0.0
Max Number points in event queue = 0.0
Avg number points in clusters= 0.0
Avg Rmc size = 0.0
Avg Length exps= 0.0
#window: 55
Total #outliers: 867
Average Time: 186.9551457818182 ms
Peak memory: 0.0 MB
Time index, remove data from structure: 0.0026794965454545456
Time for querying: 0.0
Time for new slide: 0.1656092385090909
Time for expired slide: 0.021342203327272727
------------------------------------
Number clusters = 0.0
Max Number points in event queue = 0.0
Avg number points in clusters= 0.0
Avg Rmc size = 0.0
Avg Length exps= 0.0
#window: 56
Total #outliers: 867
Average Time: 187.75195960714288 ms
Peak memory: 0.0 MB
Time index, remove data from structure: 0.0026856860535714286
Time for querying: 0.0
Time for new slide: 0.16633802198214287
Time for expired slide: 0.021410250589285716
------------------------------------
Number clusters = 0.0
Max Number points in event queue = 0.0
Avg number points in clusters= 0.0
Avg Rmc size = 0.0
Avg Length exps= 0.0
#window: 57
Total #outliers: 862
Average Time: 188.39781764912283 ms
Peak memory: 0.0 MB
Time index, remove data from structure: 0.0026978859824561404
Time for querying: 0.0
Time for new slide: 0.16689811850877193
Time for expired slide: 0.02149601512280702
------------------------------------
Number clusters = 0.0
Max Number points in event queue = 0.0
Avg number points in clusters= 0.0
Avg Rmc size = 0.0
Avg Length exps= 0.0
#window: 58
Total #outliers: 858
Average Time: 189.09271300000003 ms
Peak memory: 0.0 MB
Time index, remove data from structure: 0.0027044594827586206
Time for querying: 0.0
Time for new slide: 0.16754471510344826
Time for expired slide: 0.021544327603448276
------------------------------------
Number clusters = 0.0
Max Number points in event queue = 0.0
Avg number points in clusters= 0.0
Avg Rmc size = 0.0
Avg Length exps= 0.0
#window: 59
Total #outliers: 817
Average Time: 189.5197055762712 ms
Peak memory: 0.0 MB
Time index, remove data from structure: 0.0027085721694915252
Time for querying: 0.0
Time for new slide: 0.16802910318644068
Time for expired slide: 0.021486945322033896
------------------------------------
Number clusters = 0.0
Max Number points in event queue = 0.0
Avg number points in clusters= 0.0
Avg Rmc size = 0.0
Avg Length exps= 0.0
#window: 60
Total #outliers: 843
Average Time: 190.19273533333336 ms
Peak memory: 0.0 MB
Time index, remove data from structure: 0.0027090408833333334
Time for querying: 0.0
Time for new slide: 0.16864882595
Time for expired slide: 0.021540269183333335
------------------------------------
Number clusters = 0.0
Max Number points in event queue = 0.0
Avg number points in clusters= 0.0
Avg Rmc size = 0.0
Avg Length exps= 0.0
#window: 61
Total #outliers: 829
Average Time: 190.6585810655738 ms
Peak memory: 0.0 MB
Time index, remove data from structure: 0.002713530262295082
Time for querying: 0.0
Time for new slide: 0.16906764836065574
Time for expired slide: 0.02158730380327869
------------------------------------
Number clusters = 0.0
Max Number points in event queue = 0.0
Avg number points in clusters= 0.0
Avg Rmc size = 0.0
Avg Length exps= 0.0
#window: 62
Total #outliers: 844
Average Time: 190.84108493548388 ms
Peak memory: 0.0 MB
Time index, remove data from structure: 0.0027105643387096774
Time for querying: 0.0
Time for new slide: 0.16931050008064516
Time for expired slide: 0.021526964258064517
------------------------------------
Number clusters = 0.0
Max Number points in event queue = 0.0
Avg number points in clusters= 0.0
Avg Rmc size = 0.0
Avg Length exps= 0.0
#window: 63
Total #outliers: 838
Average Time: 190.46185899999998 ms
Peak memory: 0.0 MB
Time index, remove data from structure: 0.002702563746031746
Time for querying: 0.0
Time for new slide: 0.16889050298412697
Time for expired slide: 0.021567748666666667
------------------------------------
Number clusters = 0.0
Max Number points in event queue = 0.0
Avg number points in clusters= 0.0
Avg Rmc size = 0.0
Avg Length exps= 0.0
#window: 64
Total #outliers: 854
Average Time: 189.960289203125 ms
Peak memory: 0.0 MB
Time index, remove data from structure: 0.00269464075
Time for querying: 0.0
Time for new slide: 0.168423568359375
Time for expired slide: 0.021533128125
------------------------------------
Number clusters = 0.0
Max Number points in event queue = 0.0
Avg number points in clusters= 0.0
Avg Rmc size = 0.0
Avg Length exps= 0.0
#window: 65
Total #outliers: 843
Average Time: 189.54918269230768 ms
Peak memory: 0.0 MB
Time index, remove data from structure: 0.002690119153846154
Time for querying: 0.0
Time for new slide: 0.16803124707692307
Time for expired slide: 0.021514355646153845
------------------------------------
Number clusters = 0.0
Max Number points in event queue = 0.0
Avg number points in clusters= 0.0
Avg Rmc size = 0.0
Avg Length exps= 0.0
#window: 66
Total #outliers: 833
Average Time: 189.10755854545454 ms
Peak memory: 0.0 MB
Time index, remove data from structure: 0.002685304712121212
Time for querying: 0.0
Time for new slide: 0.1676914334848485
Time for expired slide: 0.021412554803030302
------------------------------------
Number clusters = 0.0
Max Number points in event queue = 0.0
Avg number points in clusters= 0.0
Avg Rmc size = 0.0
Avg Length exps= 0.0
#window: 67
Total #outliers: 833
Average Time: 188.78249314925372 ms
Peak memory: 0.0 MB
Time index, remove data from structure: 0.0026786251641791044
Time for querying: 0.0
Time for new slide: 0.16739940782089552
Time for expired slide: 0.02137952728358209
------------------------------------
Number clusters = 0.0
Max Number points in event queue = 0.0
Avg number points in clusters= 0.0
Avg Rmc size = 0.0
Avg Length exps= 0.0
#window: 68
Total #outliers: 836
Average Time: 188.43046860294115 ms
Peak memory: 0.0 MB
Time index, remove data from structure: 0.0026738847647058825
Time for querying: 0.0
Time for new slide: 0.1671502856617647
Time for expired slide: 0.02127663905882353
------------------------------------
Number clusters = 0.0
Max Number points in event queue = 0.0
Avg number points in clusters= 0.0
Avg Rmc size = 0.0
Avg Length exps= 0.0
#window: 69
Total #outliers: 822
Average Time: 188.00924769565216 ms
Peak memory: 0.0 MB
Time index, remove data from structure: 0.002669544144927536
Time for querying: 0.0
Time for new slide: 0.16682610014492755
Time for expired slide: 0.021179613188405798
------------------------------------
Number clusters = 0.0
Max Number points in event queue = 0.0
Avg number points in clusters= 0.0
Avg Rmc size = 0.0
Avg Length exps= 0.0
#window: 70
Total #outliers: 822
Average Time: 187.68376918571425 ms
Peak memory: 0.0 MB
Time index, remove data from structure: 0.0026621389
Time for querying: 0.0
Time for new slide: 0.16659613901428572
Time for expired slide: 0.021084109442857144
------------------------------------
Number clusters = 0.0
Max Number points in event queue = 0.0
Avg number points in clusters= 0.0
Avg Rmc size = 0.0
Avg Length exps= 0.0
#window: 71
Total #outliers: 831
Average Time: 187.5891886338028 ms
Peak memory: 0.0 MB
Time index, remove data from structure: 0.002655329985915493
Time for querying: 0.0
Time for new slide: 0.16659416933802818
Time for expired slide: 0.02099150709859155
------------------------------------
Number clusters = 0.0
Max Number points in event queue = 0.0
Avg number points in clusters= 0.0
Avg Rmc size = 0.0
Avg Length exps= 0.0
#window: 72
Total #outliers: 820
Average Time: 187.45136170833328 ms
Peak memory: 0.0 MB
Time index, remove data from structure: 0.002648082513888889
Time for querying: 0.0
Time for new slide: 0.166535610625
Time for expired slide: 0.020912249805555554
------------------------------------
Number clusters = 0.0
Max Number points in event queue = 0.0
Avg number points in clusters= 0.0
Avg Rmc size = 0.0
Avg Length exps= 0.0
#window: 73
Total #outliers: 812
Average Time: 187.46969602739722 ms
Peak memory: 0.0 MB
Time index, remove data from structure: 0.0026432205342465753
Time for querying: 0.0
Time for new slide: 0.166453354260274
Time for expired slide: 0.0210128511369863
------------------------------------
Number clusters = 0.0
Max Number points in event queue = 0.0
Avg number points in clusters= 0.0
Avg Rmc size = 0.0
Avg Length exps= 0.0
#window: 74
Total #outliers: 832
Average Time: 187.20047005405402 ms
Peak memory: 0.0 MB
Time index, remove data from structure: 0.002636545202702703
Time for querying: 0.0
Time for new slide: 0.16627218821621623
Time for expired slide: 0.020924798
------------------------------------
Number clusters = 0.0
Max Number points in event queue = 0.0
Avg number points in clusters= 0.0
Avg Rmc size = 0.0
Avg Length exps= 0.0
#window: 75
Total #outliers: 824
Average Time: 187.16494659999995 ms
Peak memory: 0.0 MB
Time index, remove data from structure: 0.0026325979333333333
Time for querying: 0.0
Time for new slide: 0.1662183726
Time for expired slide: 0.020943098773333335
------------------------------------
Number clusters = 0.0
Max Number points in event queue = 0.0
Avg number points in clusters= 0.0
Avg Rmc size = 0.0
Avg Length exps= 0.0
#window: 76
Total #outliers: 824
Average Time: 187.15674505263155 ms
Peak memory: 0.0 MB
Time index, remove data from structure: 0.0026317011315789476
Time for querying: 0.0
Time for new slide: 0.16614482542105263
Time for expired slide: 0.02100845232894737
------------------------------------
Number clusters = 0.0
Max Number points in event queue = 0.0
Avg number points in clusters= 0.0
Avg Rmc size = 0.0
Avg Length exps= 0.0
#window: 77
Total #outliers: 792
Average Time: 186.99975905194802 ms
Peak memory: 0.0 MB
Time index, remove data from structure: 0.0026259306883116883
Time for querying: 0.0
Time for new slide: 0.1660714111818182
Time for expired slide: 0.020924887792207792
------------------------------------
Number clusters = 0.0
Max Number points in event queue = 0.0
Avg number points in clusters= 0.0
Avg Rmc size = 0.0
Avg Length exps= 0.0
#window: 78
Total #outliers: 841
Average Time: 187.03603493589742 ms
Peak memory: 0.0 MB
Time index, remove data from structure: 0.0026215336153846153
Time for querying: 0.0
Time for new slide: 0.1661823446923077
Time for expired slide: 0.020850234615384617
------------------------------------
Number clusters = 0.0
Max Number points in event queue = 0.0
Avg number points in clusters= 0.0
Avg Rmc size = 0.0
Avg Length exps= 0.0
#window: 79
Total #outliers: 845
Average Time: 186.99339353164552 ms
Peak memory: 0.0 MB
Time index, remove data from structure: 0.002618436341772152
Time for querying: 0.0
Time for new slide: 0.16620598078481014
Time for expired slide: 0.02078396017721519
------------------------------------
Number clusters = 0.0
Max Number points in event queue = 0.0
Avg number points in clusters= 0.0
Avg Rmc size = 0.0
Avg Length exps= 0.0
#window: 80
Total #outliers: 839
Average Time: 186.97630089999996 ms
Peak memory: 0.0 MB
Time index, remove data from structure: 0.0026138237875
Time for querying: 0.0
Time for new slide: 0.166149102275
Time for expired slide: 0.02082375435
------------------------------------
Number clusters = 0.0
Max Number points in event queue = 0.0
Avg number points in clusters= 0.0
Avg Rmc size = 0.0
Avg Length exps= 0.0
#window: 81
Total #outliers: 861
Average Time: 186.92128474074067 ms
Peak memory: 0.0 MB
Time index, remove data from structure: 0.0026084051728395064
Time for querying: 0.0
Time for new slide: 0.1661697482962963
Time for expired slide: 0.02074809639506173
------------------------------------
Number clusters = 0.0
Max Number points in event queue = 0.0
Avg number points in clusters= 0.0
Avg Rmc size = 0.0
Avg Length exps= 0.0
#window: 82
Total #outliers: 882
Average Time: 187.14901190243896 ms
Peak memory: 0.0 MB
Time index, remove data from structure: 0.002605637902439024
Time for querying: 0.0
Time for new slide: 0.16627281381707318
Time for expired slide: 0.020872768414634146
------------------------------------
Number clusters = 0.0
Max Number points in event queue = 0.0
Avg number points in clusters= 0.0
Avg Rmc size = 0.0
Avg Length exps= 0.0
#window: 83
Total #outliers: 918
Average Time: 187.16148531325297 ms
Peak memory: 0.0 MB
Time index, remove data from structure: 0.002599376530120482
Time for querying: 0.0
Time for new slide: 0.1663541786626506
Time for expired slide: 0.020803882771084338
------------------------------------
Number clusters = 0.0
Max Number points in event queue = 0.0
Avg number points in clusters= 0.0
Avg Rmc size = 0.0
Avg Length exps= 0.0
#window: 84
Total #outliers: 894
Average Time: 187.21636240476187 ms
Peak memory: 0.0 MB
Time index, remove data from structure: 0.0025930297499999998
Time for querying: 0.0
Time for new slide: 0.1664767737857143
Time for expired slide: 0.020736172
------------------------------------
Number clusters = 0.0
Max Number points in event queue = 0.0
Avg number points in clusters= 0.0
Avg Rmc size = 0.0
Avg Length exps= 0.0
#window: 85
Total #outliers: 895
Average Time: 187.37732870588232 ms
Peak memory: 0.0 MB
Time index, remove data from structure: 0.0025908986470588235
Time for querying: 0.0
Time for new slide: 0.1666264359882353
Time for expired slide: 0.02074748317647059
------------------------------------
Number clusters = 0.0
Max Number points in event queue = 0.0
Avg number points in clusters= 0.0
Avg Rmc size = 0.0
Avg Length exps= 0.0
#window: 86
Total #outliers: 920
Average Time: 187.4509237209302 ms
Peak memory: 0.0 MB
Time index, remove data from structure: 0.002588206895348837
Time for querying: 0.0
Time for new slide: 0.16676182293023256
Time for expired slide: 0.020685697872093022
------------------------------------
Number clusters = 0.0
Max Number points in event queue = 0.0
Avg number points in clusters= 0.0
Avg Rmc size = 0.0
Avg Length exps= 0.0
#window: 87
Total #outliers: 927
Average Time: 187.59667049425283 ms
Peak memory: 0.0 MB
Time index, remove data from structure: 0.0025844908620689657
Time for querying: 0.0
Time for new slide: 0.16685841329885057
Time for expired slide: 0.020734862068965517
------------------------------------
Number clusters = 0.0
Max Number points in event queue = 0.0
Avg number points in clusters= 0.0
Avg Rmc size = 0.0
Avg Length exps= 0.0
#window: 88
Total #outliers: 922
Average Time: 187.8238430795454 ms
Peak memory: 0.0 MB
Time index, remove data from structure: 0.002584463147727273
Time for querying: 0.0
Time for new slide: 0.16701322121590909
Time for expired slide: 0.02080723280681818
------------------------------------
Number clusters = 0.0
Max Number points in event queue = 0.0
Avg number points in clusters= 0.0
Avg Rmc size = 0.0
Avg Length exps= 0.0
#window: 89
Total #outliers: 919
Average Time: 187.7030728426966 ms
Peak memory: 0.0 MB
Time index, remove data from structure: 0.002581112191011236
Time for querying: 0.0
Time for new slide: 0.16684757325842697
Time for expired slide: 0.020852117584269664
------------------------------------
Number clusters = 0.0
Max Number points in event queue = 0.0
Avg number points in clusters= 0.0
Avg Rmc size = 0.0
Avg Length exps= 0.0
#window: 90
Total #outliers: 912
Average Time: 187.4000053 ms
Peak memory: 0.0 MB
Time index, remove data from structure: 0.0025772353555555557
Time for querying: 0.0
Time for new slide: 0.16655624175555556
Time for expired slide: 0.02084038857777778
------------------------------------
Number clusters = 0.0
Max Number points in event queue = 0.0
Avg number points in clusters= 0.0
Avg Rmc size = 0.0
Avg Length exps= 0.0
#window: 91
Total #outliers: 935
Average Time: 187.0621295054945 ms
Peak memory: 0.0 MB
Time index, remove data from structure: 0.0025738458241758243
Time for querying: 0.0
Time for new slide: 0.16628652602197802
Time for expired slide: 0.020772230934065935
------------------------------------
Number clusters = 0.0
Max Number points in event queue = 0.0
Avg number points in clusters= 0.0
Avg Rmc size = 0.0
Avg Length exps= 0.0
#window: 92
Total #outliers: 920
Average Time: 186.89107351086955 ms
Peak memory: 0.0 MB
Time index, remove data from structure: 0.0025688353695652176
Time for querying: 0.0
Time for new slide: 0.16606959926086956
Time for expired slide: 0.020818110086956523
------------------------------------
Number clusters = 0.0
Max Number points in event queue = 0.0
Avg number points in clusters= 0.0
Avg Rmc size = 0.0
Avg Length exps= 0.0
#window: 93
Total #outliers: 903
Average Time: 186.66473940860217 ms
Peak memory: 0.0 MB
Time index, remove data from structure: 0.002567280569892473
Time for querying: 0.0
Time for new slide: 0.1658531767311828
Time for expired slide: 0.020808197139784945
------------------------------------
Number clusters = 0.0
Max Number points in event queue = 0.0
Avg number points in clusters= 0.0
Avg Rmc size = 0.0
Avg Length exps= 0.0
#window: 94
Total #outliers: 893
Average Time: 186.39987374468086 ms
Peak memory: 0.0 MB
Time index, remove data from structure: 0.002562959819148936
Time for querying: 0.0
Time for new slide: 0.16565207568085105
Time for expired slide: 0.020744434563829788
------------------------------------
Number clusters = 0.0
Max Number points in event queue = 0.0
Avg number points in clusters= 0.0
Avg Rmc size = 0.0
Avg Length exps= 0.0
#window: 95
Total #outliers: 885
Average Time: 186.1291428526316 ms
Peak memory: 0.0 MB
Time index, remove data from structure: 0.002558868
Time for querying: 0.0
Time for new slide: 0.16544714810526315
Time for expired slide: 0.02067863234736842
------------------------------------
Number clusters = 0.0
Max Number points in event queue = 0.0
Avg number points in clusters= 0.0
Avg Rmc size = 0.0
Avg Length exps= 0.0
#window: 96
Total #outliers: 868
Average Time: 185.90399913541668 ms
Peak memory: 0.0 MB
Time index, remove data from structure: 0.002555275447916667
Time for querying: 0.0
Time for new slide: 0.16523871001041665
Time for expired slide: 0.0206619325625
------------------------------------
Number clusters = 0.0
Max Number points in event queue = 0.0
Avg number points in clusters= 0.0
Avg Rmc size = 0.0
Avg Length exps= 0.0
#window: 97
Total #outliers: 884
Average Time: 185.78180804123718 ms
Peak memory: 0.0 MB
Time index, remove data from structure: 0.0025533670824742266
Time for querying: 0.0
Time for new slide: 0.16506982507216494
Time for expired slide: 0.020708629474226803
------------------------------------
Number clusters = 0.0
Max Number points in event queue = 0.0
Avg number points in clusters= 0.0
Avg Rmc size = 0.0
Avg Length exps= 0.0
#window: 98
Total #outliers: 861
Average Time: 185.62471804081636 ms
Peak memory: 0.0 MB
Time index, remove data from structure: 0.0025516018061224493
Time for querying: 0.0
Time for new slide: 0.164905752377551
Time for expired slide: 0.02071561656122449
------------------------------------
Number clusters = 0.0
Max Number points in event queue = 0.0
Avg number points in clusters= 0.0
Avg Rmc size = 0.0
Avg Length exps= 0.0
#window: 99
Total #outliers: 886
Average Time: 185.61738680808085 ms
Peak memory: 0.0 MB
Time index, remove data from structure: 0.002554226191919192
Time for querying: 0.0
Time for new slide: 0.16487381115151514
Time for expired slide: 0.020740228313131312
------------------------------------
Number clusters = 0.0
Max Number points in event queue = 0.0
Avg number points in clusters= 0.0
Avg Rmc size = 0.0
Avg Length exps= 0.0
#window: 100
Total #outliers: 899
Average Time: 185.54976902000004 ms
Peak memory: 0.0 MB
Time index, remove data from structure: 0.00255218279
Time for querying: 0.0
Time for new slide: 0.16480173989000002
Time for expired slide: 0.02074469003
------------------------------------
Number clusters = 0.0
Max Number points in event queue = 0.0
Avg number points in clusters= 0.0
Avg Rmc size = 0.0
Avg Length exps= 0.0
#window: 101
Total #outliers: 913
Average Time: 185.48867039603965 ms
Peak memory: 0.0 MB
Time index, remove data from structure: 0.002549468128712871
Time for querying: 0.0
Time for new slide: 0.16473651313861384
Time for expired slide: 0.020748818544554456
------------------------------------
Number clusters = 0.0
Max Number points in event queue = 0.0
Avg number points in clusters= 0.0
Avg Rmc size = 0.0
Avg Length exps= 0.0
#window: 102
Total #outliers: 875
Average Time: 185.41499796078435 ms
Peak memory: 0.0 MB
Time index, remove data from structure: 0.0025484122254901963
Time for querying: 0.0
Time for new slide: 0.16465731419607843
Time for expired slide: 0.020754346578431376
------------------------------------
Number clusters = 0.0
Max Number points in event queue = 0.0
Avg number points in clusters= 0.0
Avg Rmc size = 0.0
Avg Length exps= 0.0
#window: 103
Total #outliers: 861
Average Time: 185.36764696116506 ms
Peak memory: 0.0 MB
Time index, remove data from structure: 0.0025450193203883495
Time for querying: 0.0
Time for new slide: 0.16466795646601942
Time for expired slide: 0.020696357786407767
------------------------------------
Number clusters = 0.0
Max Number points in event queue = 0.0
Avg number points in clusters= 0.0
Avg Rmc size = 0.0
Avg Length exps= 0.0
#window: 104
Total #outliers: 853
Average Time: 185.33849615384617 ms
Peak memory: 0.0 MB
Time index, remove data from structure: 0.0025416033653846153
Time for querying: 0.0
Time for new slide: 0.1646373120480769
Time for expired slide: 0.020697853567307693
------------------------------------
Number clusters = 0.0
Max Number points in event queue = 0.0
Avg number points in clusters= 0.0
Avg Rmc size = 0.0
Avg Length exps= 0.0
#window: 105
Total #outliers: 837
Average Time: 185.26226542857142 ms
Peak memory: 0.0 MB
Time index, remove data from structure: 0.002540871561904762
Time for querying: 0.0
Time for new slide: 0.1646155331142857
Time for expired slide: 0.020643403695238097
------------------------------------
Number clusters = 0.0
Max Number points in event queue = 0.0
Avg number points in clusters= 0.0
Avg Rmc size = 0.0
Avg Length exps= 0.0
#window: 106
Total #outliers: 772
Average Time: 185.30330908490566 ms
Peak memory: 0.0 MB
Time index, remove data from structure: 0.002541280754716981
Time for querying: 0.0
Time for new slide: 0.1645705599716981
Time for expired slide: 0.020729424386792452
------------------------------------
Number clusters = 0.0
Max Number points in event queue = 0.0
Avg number points in clusters= 0.0
Avg Rmc size = 0.0
Avg Length exps= 0.0
#window: 107
Total #outliers: 771
Average Time: 185.2593428598131 ms
Peak memory: 0.0 MB
Time index, remove data from structure: 0.00253968523364486
Time for querying: 0.0
Time for new slide: 0.16453118153271026
Time for expired slide: 0.02072483888785047
------------------------------------
Number clusters = 0.0
Max Number points in event queue = 0.0
Avg number points in clusters= 0.0
Avg Rmc size = 0.0
Avg Length exps= 0.0
#window: 108
Total #outliers: 778
Average Time: 185.12714737962966 ms
Peak memory: 0.0 MB
Time index, remove data from structure: 0.002538248814814815
Time for querying: 0.0
Time for new slide: 0.16445529606481482
Time for expired slide: 0.02066853178703704
------------------------------------
Number clusters = 0.0
Max Number points in event queue = 0.0
Avg number points in clusters= 0.0
Avg Rmc size = 0.0
Avg Length exps= 0.0
#window: 109
Total #outliers: 765
Average Time: 185.04833176146792 ms
Peak memory: 0.0 MB
Time index, remove data from structure: 0.0025365886697247706
Time for querying: 0.0
Time for new slide: 0.16442971673394494
Time for expired slide: 0.0206152967706422
------------------------------------
Number clusters = 0.0
Max Number points in event queue = 0.0
Avg number points in clusters= 0.0
Avg Rmc size = 0.0
Avg Length exps= 0.0
#window: 110
Total #outliers: 775
Average Time: 184.95987261818183 ms
Peak memory: 0.0 MB
Time index, remove data from structure: 0.0025367062636363633
Time for querying: 0.0
Time for new slide: 0.1643911309181818
Time for expired slide: 0.020565422027272726
------------------------------------
Number clusters = 0.0
Max Number points in event queue = 0.0
Avg number points in clusters= 0.0
Avg Rmc size = 0.0
Avg Length exps= 0.0
#window: 111
Total #outliers: 781
Average Time: 184.95834533333337 ms
Peak memory: 0.0 MB
Time index, remove data from structure: 0.002535914972972973
Time for querying: 0.0
Time for new slide: 0.16438002425225226
Time for expired slide: 0.020575004216216216
------------------------------------
Number clusters = 0.0
Max Number points in event queue = 0.0
Avg number points in clusters= 0.0
Avg Rmc size = 0.0
Avg Length exps= 0.0
#window: 112
Total #outliers: 792
Average Time: 184.92097039285719 ms
Peak memory: 0.0 MB
Time index, remove data from structure: 0.002532936339285714
Time for querying: 0.0
Time for new slide: 0.16433947904464286
Time for expired slide: 0.020578176625
------------------------------------
Number clusters = 0.0
Max Number points in event queue = 0.0
Avg number points in clusters= 0.0
Avg Rmc size = 0.0
Avg Length exps= 0.0
#window: 113
Total #outliers: 772
Average Time: 185.22854259292038 ms
Peak memory: 0.0 MB
Time index, remove data from structure: 0.002534561610619469
Time for querying: 0.0
Time for new slide: 0.16445940336283185
Time for expired slide: 0.020765824752212392
------------------------------------
Number clusters = 0.0
Max Number points in event queue = 0.0
Avg number points in clusters= 0.0
Avg Rmc size = 0.0
Avg Length exps= 0.0
#window: 114
Total #outliers: 753
Average Time: 185.26414865789476 ms
Peak memory: 0.0 MB
Time index, remove data from structure: 0.002539863596491228
Time for querying: 0.0
Time for new slide: 0.16448325360526314
Time for expired slide: 0.02077757783333333
------------------------------------
Number clusters = 0.0
Max Number points in event queue = 0.0
Avg number points in clusters= 0.0
Avg Rmc size = 0.0
Avg Length exps= 0.0
#window: 115
Total #outliers: 766
Average Time: 185.27048324347828 ms
Peak memory: 0.0 MB
Time index, remove data from structure: 0.002541791234782609
Time for querying: 0.0
Time for new slide: 0.16445604086086957
Time for expired slide: 0.020811123939130437
------------------------------------
Number clusters = 0.0
Max Number points in event queue = 0.0
Avg number points in clusters= 0.0
Avg Rmc size = 0.0
Avg Length exps= 0.0
#window: 116
Total #outliers: 794
Average Time: 185.43856906034483 ms
Peak memory: 0.0 MB
Time index, remove data from structure: 0.0025439970086206898
Time for querying: 0.0
Time for new slide: 0.1645228449051724
Time for expired slide: 0.020912408560344826
------------------------------------
Number clusters = 0.0
Max Number points in event queue = 0.0
Avg number points in clusters= 0.0
Avg Rmc size = 0.0
Avg Length exps= 0.0
#window: 117
Total #outliers: 800
Average Time: 185.4610191965812 ms
Peak memory: 0.0 MB
Time index, remove data from structure: 0.002549239435897436
Time for querying: 0.0
Time for new slide: 0.16451079912820513
Time for expired slide: 0.02094690478632479
------------------------------------
Number clusters = 0.0
Max Number points in event queue = 0.0
Avg number points in clusters= 0.0
Avg Rmc size = 0.0
Avg Length exps= 0.0
#window: 118
Total #outliers: 824
Average Time: 185.58198632203394 ms
Peak memory: 0.0 MB
Time index, remove data from structure: 0.0025488083305084744
Time for querying: 0.0
Time for new slide: 0.16466462368644066
Time for expired slide: 0.02091404847457627
------------------------------------
Number clusters = 0.0
Max Number points in event queue = 0.0
Avg number points in clusters= 0.0
Avg Rmc size = 0.0
Avg Length exps= 0.0
#window: 119
Total #outliers: 777
Average Time: 185.76050543697482 ms
Peak memory: 0.0 MB
Time index, remove data from structure: 0.0025535793277310925
Time for querying: 0.0
Time for new slide: 0.16486575553781513
Time for expired slide: 0.020891440327731093
------------------------------------
Number clusters = 0.0
Max Number points in event queue = 0.0
Avg number points in clusters= 0.0
Avg Rmc size = 0.0
Avg Length exps= 0.0
#window: 120
Total #outliers: 768
Average Time: 185.95890302500004 ms
Peak memory: 0.0 MB
Time index, remove data from structure: 0.0025560784499999998
Time for querying: 0.0
Time for new slide: 0.16503514439166667
Time for expired slide: 0.020920451083333333
------------------------------------
Number clusters = 0.0
Max Number points in event queue = 0.0
Avg number points in clusters= 0.0
Avg Rmc size = 0.0
Avg Length exps= 0.0
#window: 121
Total #outliers: 748
Average Time: 186.20798219834714 ms
Peak memory: 0.0 MB
Time index, remove data from structure: 0.002561055214876033
Time for querying: 0.0
Time for new slide: 0.16525102799173552
Time for expired slide: 0.020953650719008263
------------------------------------
Number clusters = 0.0
Max Number points in event queue = 0.0
Avg number points in clusters= 0.0
Avg Rmc size = 0.0
Avg Length exps= 0.0
#window: 122
Total #outliers: 771
Average Time: 186.38823895901643 ms
Peak memory: 0.0 MB
Time index, remove data from structure: 0.002563101368852459
Time for querying: 0.0
Time for new slide: 0.1654067774672131
Time for expired slide: 0.020978162713114756
------------------------------------
Number clusters = 0.0
Max Number points in event queue = 0.0
Avg number points in clusters= 0.0
Avg Rmc size = 0.0
Avg Length exps= 0.0
#window: 123
Total #outliers: 801
Average Time: 186.18682513821142 ms
Peak memory: 0.0 MB
Time index, remove data from structure: 0.002565923048780488
Time for querying: 0.0
Time for new slide: 0.165182995601626
Time for expired slide: 0.02100052660162602
------------------------------------
Number clusters = 0.0
Max Number points in event queue = 0.0
Avg number points in clusters= 0.0
Avg Rmc size = 0.0
Avg Length exps= 0.0
#window: 124
Total #outliers: 863
Average Time: 185.8984522822581 ms
Peak memory: 0.0 MB
Time index, remove data from structure: 0.002561574177419355
Time for querying: 0.0
Time for new slide: 0.16495237291935483
Time for expired slide: 0.020942776403225807
------------------------------------
Number clusters = 0.0
Max Number points in event queue = 0.0
Avg number points in clusters= 0.0
Avg Rmc size = 0.0
Avg Length exps= 0.0
#window: 125
Total #outliers: 858
Average Time: 185.68350294400005 ms
Peak memory: 0.0 MB
Time index, remove data from structure: 0.002559902776
Time for querying: 0.0
Time for new slide: 0.16478500919199998
Time for expired slide: 0.020895188672
------------------------------------
Number clusters = 0.0
Max Number points in event queue = 0.0
Avg number points in clusters= 0.0
Avg Rmc size = 0.0
Avg Length exps= 0.0
#window: 126
Total #outliers: 894
Average Time: 185.49801329365084 ms
Peak memory: 0.0 MB
Time index, remove data from structure: 0.002558092896825397
Time for querying: 0.0
Time for new slide: 0.16464090938095238
Time for expired slide: 0.02085379977777778
------------------------------------
Number clusters = 0.0
Max Number points in event queue = 0.0
Avg number points in clusters= 0.0
Avg Rmc size = 0.0
Avg Length exps= 0.0
#window: 127
Total #outliers: 900
Average Time: 185.2862502283465 ms
Peak memory: 0.0 MB
Time index, remove data from structure: 0.0025560330472440946
Time for querying: 0.0
Time for new slide: 0.16443342212598425
Time for expired slide: 0.020849524826771652
------------------------------------
Number clusters = 0.0
Max Number points in event queue = 0.0
Avg number points in clusters= 0.0
Avg Rmc size = 0.0
Avg Length exps= 0.0
#window: 128
Total #outliers: 916
Average Time: 185.07656034375003 ms
Peak memory: 0.0 MB
Time index, remove data from structure: 0.002552615109375
Time for querying: 0.0
Time for new slide: 0.1642367666875
Time for expired slide: 0.0208364909375
------------------------------------
Number clusters = 0.0
Max Number points in event queue = 0.0
Avg number points in clusters= 0.0
Avg Rmc size = 0.0
Avg Length exps= 0.0
#window: 129
Total #outliers: 938
Average Time: 184.91717509302327 ms
Peak memory: 0.0 MB
Time index, remove data from structure: 0.0025504165736434108
Time for querying: 0.0
Time for new slide: 0.1640836365271318
Time for expired slide: 0.020830234674418604
------------------------------------
Number clusters = 0.0
Max Number points in event queue = 0.0
Avg number points in clusters= 0.0
Avg Rmc size = 0.0
Avg Length exps= 0.0
#window: 130
Total #outliers: 914
Average Time: 184.8246315923077 ms
Peak memory: 0.0 MB
Time index, remove data from structure: 0.0025487893846153843
Time for querying: 0.0
Time for new slide: 0.16394745066923078
Time for expired slide: 0.02087387806923077
------------------------------------
Number clusters = 0.0
Max Number points in event queue = 0.0
Avg number points in clusters= 0.0
Avg Rmc size = 0.0
Avg Length exps= 0.0
#window: 131
Total #outliers: 876
Average Time: 184.71282902290076 ms
Peak memory: 0.0 MB
Time index, remove data from structure: 0.0025471975801526717
Time for querying: 0.0
Time for new slide: 0.16383859009160306
Time for expired slide: 0.02087093596946565
------------------------------------
Number clusters = 0.0
Max Number points in event queue = 0.0
Avg number points in clusters= 0.0
Avg Rmc size = 0.0
Avg Length exps= 0.0
#window: 132
Total #outliers: 872
Average Time: 184.65139828787878 ms
Peak memory: 0.0 MB
Time index, remove data from structure: 0.0025443400303030305
Time for querying: 0.0
Time for new slide: 0.16378412018939392
Time for expired slide: 0.02086397768939394
------------------------------------
Number clusters = 0.0
Max Number points in event queue = 0.0
Avg number points in clusters= 0.0
Avg Rmc size = 0.0
Avg Length exps= 0.0
#window: 133
Total #outliers: 883
Average Time: 184.63633587218044 ms
Peak memory: 0.0 MB
Time index, remove data from structure: 0.0025452477894736844
Time for querying: 0.0
Time for new slide: 0.16372778742857141
Time for expired slide: 0.020905248661654136
------------------------------------
Number clusters = 0.0
Max Number points in event queue = 0.0
Avg number points in clusters= 0.0
Avg Rmc size = 0.0
Avg Length exps= 0.0
#window: 134
Total #outliers: 883
Average Time: 184.57416622388058 ms
Peak memory: 0.0 MB
Time index, remove data from structure: 0.0025437182164179104
Time for querying: 0.0
Time for new slide: 0.16366473226119402
Time for expired slide: 0.02090613752985075
------------------------------------
Number clusters = 0.0
Max Number points in event queue = 0.0
Avg number points in clusters= 0.0
Avg Rmc size = 0.0
Avg Length exps= 0.0
#window: 135
Total #outliers: 889
Average Time: 184.43166645185187 ms
Peak memory: 0.0 MB
Time index, remove data from structure: 0.002540790037037037
Time for querying: 0.0
Time for new slide: 0.16356834165925926
Time for expired slide: 0.020860030133333332
------------------------------------
Number clusters = 0.0
Max Number points in event queue = 0.0
Avg number points in clusters= 0.0
Avg Rmc size = 0.0
Avg Length exps= 0.0
#window: 136
Total #outliers: 883
Average Time: 184.36434438235295 ms
Peak memory: 0.0 MB
Time index, remove data from structure: 0.0025405084338235295
Time for querying: 0.0
Time for new slide: 0.16354134945588236
Time for expired slide: 0.020819699889705882
------------------------------------
Number clusters = 0.0
Max Number points in event queue = 0.0
Avg number points in clusters= 0.0
Avg Rmc size = 0.0
Avg Length exps= 0.0
#window: 137
Total #outliers: 877
Average Time: 184.3334554671533 ms
Peak memory: 0.0 MB
Time index, remove data from structure: 0.0025389279489051097
Time for querying: 0.0
Time for new slide: 0.16349204775182483
Time for expired slide: 0.020838110598540144
------------------------------------
Number clusters = 0.0
Max Number points in event queue = 0.0
Avg number points in clusters= 0.0
Avg Rmc size = 0.0
Avg Length exps= 0.0
#window: 138
Total #outliers: 877
Average Time: 184.27462252173916 ms
Peak memory: 0.0 MB
Time index, remove data from structure: 0.0025365279855072463
Time for querying: 0.0
Time for new slide: 0.16347453929710146
Time for expired slide: 0.02079678525362319
------------------------------------
Number clusters = 0.0
Max Number points in event queue = 0.0
Avg number points in clusters= 0.0
Avg Rmc size = 0.0
Avg Length exps= 0.0
#window: 139
Total #outliers: 921
Average Time: 184.260684 ms
Peak memory: 0.0 MB
Time index, remove data from structure: 0.0025344509136690646
Time for querying: 0.0
Time for new slide: 0.163463836647482
Time for expired slide: 0.02079355035971223
------------------------------------
Number clusters = 0.0
Max Number points in event queue = 0.0
Avg number points in clusters= 0.0
Avg Rmc size = 0.0
Avg Length exps= 0.0
#window: 140
Total #outliers: 915
Average Time: 184.2287393857143 ms
Peak memory: 0.0 MB
Time index, remove data from structure: 0.00253225265
Time for querying: 0.0
Time for new slide: 0.16347170709285713
Time for expired slide: 0.020753738814285716
------------------------------------
Number clusters = 0.0
Max Number points in event queue = 0.0
Avg number points in clusters= 0.0
Avg Rmc size = 0.0
Avg Length exps= 0.0
#window: 141
Total #outliers: 925
Average Time: 184.23778446808512 ms
Peak memory: 0.0 MB
Time index, remove data from structure: 0.0025308216595744683
Time for querying: 0.0
Time for new slide: 0.16351896514184397
Time for expired slide: 0.020715527226950355
------------------------------------
Number clusters = 0.0
Max Number points in event queue = 0.0
Avg number points in clusters= 0.0
Avg Rmc size = 0.0
Avg Length exps= 0.0
#window: 142
Total #outliers: 956
Average Time: 184.40109217605632 ms
Peak memory: 0.0 MB
Time index, remove data from structure: 0.002528766795774648
Time for querying: 0.0
Time for new slide: 0.1636765235915493
Time for expired slide: 0.02072127861971831
------------------------------------
Number clusters = 0.0
Max Number points in event queue = 0.0
Avg number points in clusters= 0.0
Avg Rmc size = 0.0
Avg Length exps= 0.0
#window: 143
Total #outliers: 937
Average Time: 184.4194448041958 ms
Peak memory: 0.0 MB
Time index, remove data from structure: 0.0025276125874125876
Time for querying: 0.0
Time for new slide: 0.16372491354545454
Time for expired slide: 0.020691241944055947
------------------------------------
Number clusters = 0.0
Max Number points in event queue = 0.0
Avg number points in clusters= 0.0
Avg Rmc size = 0.0
Avg Length exps= 0.0
#window: 144
Total #outliers: 919
Average Time: 184.44523951388885 ms
Peak memory: 0.0 MB
Time index, remove data from structure: 0.002525643902777778
Time for querying: 0.0
Time for new slide: 0.16374199564583333
Time for expired slide: 0.02069995540277778
------------------------------------
Number clusters = 0.0
Max Number points in event queue = 0.0
Avg number points in clusters= 0.0
Avg Rmc size = 0.0
Avg Length exps= 0.0
#window: 145
Total #outliers: 934
Average Time: 184.46250288275863 ms
Peak memory: 0.0 MB
Time index, remove data from structure: 0.002523866296551724
Time for querying: 0.0
Time for new slide: 0.16379298182068966
Time for expired slide: 0.020666234262068966
------------------------------------
Number clusters = 0.0
Max Number points in event queue = 0.0
Avg number points in clusters= 0.0
Avg Rmc size = 0.0
Avg Length exps= 0.0
#window: 146
Total #outliers: 933
Average Time: 184.56836717123286 ms
Peak memory: 0.0 MB
Time index, remove data from structure: 0.002524073678082192
Time for querying: 0.0
Time for new slide: 0.16383996903424658
Time for expired slide: 0.020725114267123288
------------------------------------
Number clusters = 0.0
Max Number points in event queue = 0.0
Avg number points in clusters= 0.0
Avg Rmc size = 0.0
Avg Length exps= 0.0
#window: 147
Total #outliers: 942
Average Time: 184.5665553605442 ms
Peak memory: 0.0 MB
Time index, remove data from structure: 0.0025250050272108845
Time for querying: 0.0
Time for new slide: 0.16386822539455784
Time for expired slide: 0.020695048251700682
------------------------------------
Number clusters = 0.0
Max Number points in event queue = 0.0
Avg number points in clusters= 0.0
Avg Rmc size = 0.0
Avg Length exps= 0.0
#window: 148
Total #outliers: 935
Average Time: 184.5688690135135 ms
Peak memory: 0.0 MB
Time index, remove data from structure: 0.0025232950067567567
Time for querying: 0.0
Time for new slide: 0.1639052500945946
Time for expired slide: 0.020660336425675673
------------------------------------
Number clusters = 0.0
Max Number points in event queue = 0.0
Avg number points in clusters= 0.0
Avg Rmc size = 0.0
Avg Length exps= 0.0
#window: 149
Total #outliers: 913
Average Time: 184.73757796644293 ms
Peak memory: 0.0 MB
Time index, remove data from structure: 0.002523273046979866
Time for querying: 0.0
Time for new slide: 0.16397118652348994
Time for expired slide: 0.020763111060402687
------------------------------------
Number clusters = 0.0
Max Number points in event queue = 0.0
Avg number points in clusters= 0.0
Avg Rmc size = 0.0
Avg Length exps= 0.0
#window: 150
Total #outliers: 930
Average Time: 184.71155029999997 ms
Peak memory: 0.0 MB
Time index, remove data from structure: 0.0025255413999999998
Time for querying: 0.0
Time for new slide: 0.16397682262666666
Time for expired slide: 0.020731449306666667
------------------------------------
Number clusters = 0.0
Max Number points in event queue = 0.0
Avg number points in clusters= 0.0
Avg Rmc size = 0.0
Avg Length exps= 0.0
#window: 151
Total #outliers: 929
Average Time: 184.75418050331123 ms
Peak memory: 0.0 MB
Time index, remove data from structure: 0.0025260325364238408
Time for querying: 0.0
Time for new slide: 0.1640526897152318
Time for expired slide: 0.02069821467549669
------------------------------------
Number clusters = 0.0
Max Number points in event queue = 0.0
Avg number points in clusters= 0.0
Avg Rmc size = 0.0
Avg Length exps= 0.0
#window: 152
Total #outliers: 912
Average Time: 184.7852326578947 ms
Peak memory: 0.0 MB
Time index, remove data from structure: 0.002524691894736842
Time for querying: 0.0
Time for new slide: 0.16411864663157893
Time for expired slide: 0.020663312592105264
------------------------------------
Number clusters = 0.0
Max Number points in event queue = 0.0
Avg number points in clusters= 0.0
Avg Rmc size = 0.0
Avg Length exps= 0.0
#window: 153
Total #outliers: 935
Average Time: 184.87826027450978 ms
Peak memory: 0.0 MB
Time index, remove data from structure: 0.00252210531372549
Time for querying: 0.0
Time for new slide: 0.1642473767777778
Time for expired slide: 0.020627610091503268
------------------------------------
Number clusters = 0.0
Max Number points in event queue = 0.0
Avg number points in clusters= 0.0
Avg Rmc size = 0.0
Avg Length exps= 0.0
#window: 154
Total #outliers: 935
Average Time: 185.02286848051946 ms
Peak memory: 0.0 MB
Time index, remove data from structure: 0.0025224083181818184
Time for querying: 0.0
Time for new slide: 0.16433170168831168
Time for expired slide: 0.020687895954545454
------------------------------------
Number clusters = 0.0
Max Number points in event queue = 0.0
Avg number points in clusters= 0.0
Avg Rmc size = 0.0
Avg Length exps= 0.0
#window: 155
Total #outliers: 917
Average Time: 184.9836104580645 ms
Peak memory: 0.0 MB
Time index, remove data from structure: 0.0025208255999999997
Time for querying: 0.0
Time for new slide: 0.1643278043548387
Time for expired slide: 0.02065253715483871
------------------------------------
Number clusters = 0.0
Max Number points in event queue = 0.0
Avg number points in clusters= 0.0
Avg Rmc size = 0.0
Avg Length exps= 0.0
#window: 156
Total #outliers: 896
Average Time: 185.0383748653846 ms
Peak memory: 0.0 MB
Time index, remove data from structure: 0.0025194966923076925
Time for querying: 0.0
Time for new slide: 0.16437606677564104
Time for expired slide: 0.020659041185897436
------------------------------------
Number clusters = 0.0
Max Number points in event queue = 0.0
Avg number points in clusters= 0.0
Avg Rmc size = 0.0
Avg Length exps= 0.0
#window: 157
Total #outliers: 909
Average Time: 184.9183138407643 ms
Peak memory: 0.0 MB
Time index, remove data from structure: 0.0025191114649681526
Time for querying: 0.0
Time for new slide: 0.1642518675732484
Time for expired slide: 0.02066317943312102
------------------------------------
Number clusters = 0.0
Max Number points in event queue = 0.0
Avg number points in clusters= 0.0
Avg Rmc size = 0.0
Avg Length exps= 0.0
#window: 158
Total #outliers: 902
Average Time: 184.74073753797467 ms
Peak memory: 0.0 MB
Time index, remove data from structure: 0.0025167395759493672
Time for querying: 0.0
Time for new slide: 0.1640827523227848
Time for expired slide: 0.020654610417721517
------------------------------------
Number clusters = 0.0
Max Number points in event queue = 0.0
Avg number points in clusters= 0.0
Avg Rmc size = 0.0
Avg Length exps= 0.0
#window: 159
Total #outliers: 872
Average Time: 184.54955898113207 ms
Peak memory: 0.0 MB
Time index, remove data from structure: 0.002514459578616352
Time for querying: 0.0
Time for new slide: 0.16390009027672955
Time for expired slide: 0.02064609649056604
------------------------------------
Number clusters = 0.0
Max Number points in event queue = 0.0
Avg number points in clusters= 0.0
Avg Rmc size = 0.0
Avg Length exps= 0.0
#window: 160
Total #outliers: 835
Average Time: 184.39429483749998 ms
Peak memory: 0.0 MB
Time index, remove data from structure: 0.002512517925
Time for querying: 0.0
Time for new slide: 0.16371612965
Time for expired slide: 0.02067479531875
------------------------------------
Number clusters = 0.0
Max Number points in event queue = 0.0
Avg number points in clusters= 0.0
Avg Rmc size = 0.0
Avg Length exps= 0.0
#window: 161
Total #outliers: 820
Average Time: 184.22283460869562 ms
Peak memory: 0.0 MB
Time index, remove data from structure: 0.002509963875776397
Time for querying: 0.0
Time for new slide: 0.16354889955279503
Time for expired slide: 0.020670570422360247
------------------------------------
Number clusters = 0.0
Max Number points in event queue = 0.0
Avg number points in clusters= 0.0
Avg Rmc size = 0.0
Avg Length exps= 0.0
#window: 162
Total #outliers: 827
Average Time: 184.05842921604938 ms
Peak memory: 0.0 MB
Time index, remove data from structure: 0.0025084662839506174
Time for querying: 0.0
Time for new slide: 0.16342365441358025
Time for expired slide: 0.020631414067901234
------------------------------------
Number clusters = 0.0
Max Number points in event queue = 0.0
Avg number points in clusters= 0.0
Avg Rmc size = 0.0
Avg Length exps= 0.0
#window: 163
Total #outliers: 816
Average Time: 183.8945869570552 ms
Peak memory: 0.0 MB
Time index, remove data from structure: 0.0025063916380368098
Time for querying: 0.0
Time for new slide: 0.16329949578527606
Time for expired slide: 0.020591734877300615
------------------------------------
Number clusters = 0.0
Max Number points in event queue = 0.0
Avg number points in clusters= 0.0
Avg Rmc size = 0.0
Avg Length exps= 0.0
#window: 164
Total #outliers: 793
Average Time: 183.70236824390244 ms
Peak memory: 0.0 MB
Time index, remove data from structure: 0.002504081012195122
Time for querying: 0.0
Time for new slide: 0.16314467538414634
Time for expired slide: 0.02055433970731707
------------------------------------
Number clusters = 0.0
Max Number points in event queue = 0.0
Avg number points in clusters= 0.0
Avg Rmc size = 0.0
Avg Length exps= 0.0
#window: 165
Total #outliers: 781
Average Time: 183.52555441212118 ms
Peak memory: 0.0 MB
Time index, remove data from structure: 0.002501343678787879
Time for querying: 0.0
Time for new slide: 0.1630077600121212
Time for expired slide: 0.020514443527272726
------------------------------------
Number clusters = 0.0
Max Number points in event queue = 0.0
Avg number points in clusters= 0.0
Avg Rmc size = 0.0
Avg Length exps= 0.0
#window: 166
Total #outliers: 761
Average Time: 183.3663655 ms
Peak memory: 0.0 MB
Time index, remove data from structure: 0.0024987360903614454
Time for querying: 0.0
Time for new slide: 0.16288687120481926
Time for expired slide: 0.020476143897590362
------------------------------------
Number clusters = 0.0
Max Number points in event queue = 0.0
Avg number points in clusters= 0.0
Avg Rmc size = 0.0
Avg Length exps= 0.0
#window: 167
Total #outliers: 769
Average Time: 183.27911071856283 ms
Peak memory: 0.0 MB
Time index, remove data from structure: 0.0024960114730538923
Time for querying: 0.0
Time for new slide: 0.16274178984431137
Time for expired slide: 0.020533971838323353
------------------------------------
Number clusters = 0.0
Max Number points in event queue = 0.0
Avg number points in clusters= 0.0
Avg Rmc size = 0.0
Avg Length exps= 0.0
#window: 168
Total #outliers: 799
Average Time: 183.2300727083333 ms
Peak memory: 0.0 MB
Time index, remove data from structure: 0.0024947251904761905
Time for querying: 0.0
Time for new slide: 0.1626662894642857
Time for expired slide: 0.02056043905952381
------------------------------------
Number clusters = 0.0
Max Number points in event queue = 0.0
Avg number points in clusters= 0.0
Avg Rmc size = 0.0
Avg Length exps= 0.0
#window: 169
Total #outliers: 800
Average Time: 183.18607656213015 ms
Peak memory: 0.0 MB
Time index, remove data from structure: 0.002494433863905325
Time for querying: 0.0
Time for new slide: 0.162613098852071
Time for expired slide: 0.02056963621893491
------------------------------------
Number clusters = 0.0
Max Number points in event queue = 0.0
Avg number points in clusters= 0.0
Avg Rmc size = 0.0
Avg Length exps= 0.0
#window: 170
Total #outliers: 765
Average Time: 183.08544205294115 ms
Peak memory: 0.0 MB
Time index, remove data from structure: 0.0024921470764705882
Time for querying: 0.0
Time for new slide: 0.16251541622941176
Time for expired slide: 0.020566685905882353
------------------------------------
Number clusters = 0.0
Max Number points in event queue = 0.0
Avg number points in clusters= 0.0
Avg Rmc size = 0.0
Avg Length exps= 0.0
#window: 171
Total #outliers: 799
Average Time: 182.96328312865492 ms
Peak memory: 0.0 MB
Time index, remove data from structure: 0.0024909906608187133
Time for querying: 0.0
Time for new slide: 0.16242898887719298
Time for expired slide: 0.02053095647368421
------------------------------------
Number clusters = 0.0
Max Number points in event queue = 0.0
Avg number points in clusters= 0.0
Avg Rmc size = 0.0
Avg Length exps= 0.0
#window: 172
Total #outliers: 765
Average Time: 182.91531333139528 ms
Peak memory: 0.0 MB
Time index, remove data from structure: 0.002489073226744186
Time for querying: 0.0
Time for new slide: 0.1623551165
Time for expired slide: 0.020556860546511627
------------------------------------
Number clusters = 0.0
Max Number points in event queue = 0.0
Avg number points in clusters= 0.0
Avg Rmc size = 0.0
Avg Length exps= 0.0
#window: 173
Total #outliers: 761
Average Time: 182.798720734104 ms
Peak memory: 0.0 MB
Time index, remove data from structure: 0.00248753450867052
Time for querying: 0.0
Time for new slide: 0.16227413810982658
Time for expired slide: 0.02052124927745665
------------------------------------
Number clusters = 0.0
Max Number points in event queue = 0.0
Avg number points in clusters= 0.0
Avg Rmc size = 0.0
Avg Length exps= 0.0
#window: 174
Total #outliers: 777
Average Time: 182.76566154022984 ms
Peak memory: 0.0 MB
Time index, remove data from structure: 0.0024865746264367814
Time for querying: 0.0
Time for new slide: 0.1622433532643678
Time for expired slide: 0.02051897548275862
------------------------------------
Number clusters = 0.0
Max Number points in event queue = 0.0
Avg number points in clusters= 0.0
Avg Rmc size = 0.0
Avg Length exps= 0.0
#window: 175
Total #outliers: 783
Average Time: 182.68782791999996 ms
Peak memory: 0.0 MB
Time index, remove data from structure: 0.0024856719542857143
Time for querying: 0.0
Time for new slide: 0.16219754533142858
Time for expired slide: 0.02048695249142857
------------------------------------
Number clusters = 0.0
Max Number points in event queue = 0.0
Avg number points in clusters= 0.0
Avg Rmc size = 0.0
Avg Length exps= 0.0
#window: 176
Total #outliers: 791
Average Time: 182.66506430113634 ms
Peak memory: 0.0 MB
Time index, remove data from structure: 0.002484885198863636
Time for querying: 0.0
Time for new slide: 0.1621743357784091
Time for expired slide: 0.020487401357954547
------------------------------------
Number clusters = 0.0
Max Number points in event queue = 0.0
Avg number points in clusters= 0.0
Avg Rmc size = 0.0
Avg Length exps= 0.0
#window: 177
Total #outliers: 792
Average Time: 182.68732899999995 ms
Peak memory: 0.0 MB
Time index, remove data from structure: 0.00248605886440678
Time for querying: 0.0
Time for new slide: 0.16213017927118645
Time for expired slide: 0.020553823627118644
------------------------------------
Number clusters = 0.0
Max Number points in event queue = 0.0
Avg number points in clusters= 0.0
Avg Rmc size = 0.0
Avg Length exps= 0.0
#window: 178
Total #outliers: 781
Average Time: 182.69649634831455 ms
Peak memory: 0.0 MB
Time index, remove data from structure: 0.002486231657303371
Time for querying: 0.0
Time for new slide: 0.1621359812752809
Time for expired slide: 0.0205571918258427
------------------------------------
Number clusters = 0.0
Max Number points in event queue = 0.0
Avg number points in clusters= 0.0
Avg Rmc size = 0.0
Avg Length exps= 0.0
#window: 179
Total #outliers: 772
Average Time: 182.63919079888262 ms
Peak memory: 0.0 MB
Time index, remove data from structure: 0.002486864837988827
Time for querying: 0.0
Time for new slide: 0.16207813409497207
Time for expired slide: 0.020557736184357543
------------------------------------
Number clusters = 0.0
Max Number points in event queue = 0.0
Avg number points in clusters= 0.0
Avg Rmc size = 0.0
Avg Length exps= 0.0
#window: 180
Total #outliers: 798
Average Time: 182.60473787777772 ms
Peak memory: 0.0 MB
Time index, remove data from structure: 0.0024870447555555555
Time for querying: 0.0
Time for new slide: 0.1620735091388889
Time for expired slide: 0.020527910644444442
------------------------------------
Number clusters = 0.0
Max Number points in event queue = 0.0
Avg number points in clusters= 0.0
Avg Rmc size = 0.0
Avg Length exps= 0.0
#window: 181
Total #outliers: 808
Average Time: 182.65904556906074 ms
Peak memory: 0.0 MB
Time index, remove data from structure: 0.0024894375911602208
Time for querying: 0.0
Time for new slide: 0.1620801668563536
Time for expired slide: 0.020575563928176797
------------------------------------
Number clusters = 0.0
Max Number points in event queue = 0.0
Avg number points in clusters= 0.0
Avg Rmc size = 0.0
Avg Length exps= 0.0
Peak memory: 83.00940704345703 MB
Average CPU time: 182.65904556906074 ms
