#window: 1
Total #outliers: 7718
Average Time: 0.0 ms
Peak memory: 0.0 MB
Time index, remove data from structure: 0.0
Time for querying: 0.0
Time for new slide: 0.0
Time for expired slide: 0.0
------------------------------------
Number clusters = 0.0
Max Number points in event queue = 0.0
Avg number points in clusters= 0.0
Avg Rmc size = 0.0
Avg Length exps= 0.0
#window: 2
Total #outliers: 7819
Average Time: 3251.1552305 ms
Peak memory: 0.0 MB
Time index, remove data from structure: 0.008298382
Time for querying: 0.0
Time for new slide: 3.169051415
Time for expired slide: 0.082101474
------------------------------------
Number clusters = 0.0
Max Number points in event queue = 0.0
Avg number points in clusters= 0.0
Avg Rmc size = 0.0
Avg Length exps= 0.0
#window: 3
Total #outliers: 7773
Average Time: 4308.180859666667 ms
Peak memory: 0.0 MB
Time index, remove data from structure: 0.010412606666666666
Time for querying: 0.0
Time for new slide: 4.173994207
Time for expired slide: 0.13418362966666667
------------------------------------
Number clusters = 0.0
Max Number points in event queue = 0.0
Avg number points in clusters= 0.0
Avg Rmc size = 0.0
Avg Length exps= 0.0
#window: 4
Total #outliers: 7891
Average Time: 4454.649514 ms
Peak memory: 0.0 MB
Time index, remove data from structure: 0.01122487825
Time for querying: 0.0
Time for new slide: 4.28067550475
Time for expired slide: 0.1739666085
------------------------------------
Number clusters = 0.0
Max Number points in event queue = 0.0
Avg number points in clusters= 0.0
Avg Rmc size = 0.0
Avg Length exps= 0.0
#window: 5
Total #outliers: 8072
Average Time: 4591.591091599999 ms
Peak memory: 0.0 MB
Time index, remove data from structure: 0.0118256518
Time for querying: 0.0
Time for new slide: 4.3977734568
Time for expired slide: 0.1938110858
------------------------------------
Number clusters = 0.0
Max Number points in event queue = 0.0
Avg number points in clusters= 0.0
Avg Rmc size = 0.0
Avg Length exps= 0.0
#window: 6
Total #outliers: 7996
Average Time: 4728.493436666667 ms
Peak memory: 0.0 MB
Time index, remove data from structure: 0.012056466166666667
Time for querying: 0.0
Time for new slide: 4.502343998333333
Time for expired slide: 0.2261432315
------------------------------------
Number clusters = 0.0
Max Number points in event queue = 0.0
Avg number points in clusters= 0.0
Avg Rmc size = 0.0
Avg Length exps= 0.0
#window: 7
Total #outliers: 7937
Average Time: 4868.393399428572 ms
Peak memory: 0.0 MB
Time index, remove data from structure: 0.012564935857142858
Time for querying: 0.0
Time for new slide: 4.639074809428571
Time for expired slide: 0.22931268385714285
------------------------------------
Number clusters = 0.0
Max Number points in event queue = 0.0
Avg number points in clusters= 0.0
Avg Rmc size = 0.0
Avg Length exps= 0.0
#window: 8
Total #outliers: 7876
Average Time: 5053.48405375 ms
Peak memory: 0.0 MB
Time index, remove data from structure: 0.01295872875
Time for querying: 0.0
Time for new slide: 4.78164071375
Time for expired slide: 0.2718376265
------------------------------------
Number clusters = 0.0
Max Number points in event queue = 0.0
Avg number points in clusters= 0.0
Avg Rmc size = 0.0
Avg Length exps= 0.0
#window: 9
Total #outliers: 7875
Average Time: 5028.106827333334 ms
Peak memory: 0.0 MB
Time index, remove data from structure: 0.013496500222222223
Time for querying: 0.0
Time for new slide: 4.722953777555556
Time for expired slide: 0.30514748166666666
------------------------------------
Number clusters = 0.0
Max Number points in event queue = 0.0
Avg number points in clusters= 0.0
Avg Rmc size = 0.0
Avg Length exps= 0.0
#window: 10
Total #outliers: 7823
Average Time: 5047.483189500001 ms
Peak memory: 0.0 MB
Time index, remove data from structure: 0.0139044738
Time for querying: 0.0
Time for new slide: 4.7170688123
Time for expired slide: 0.3304089994
------------------------------------
Number clusters = 0.0
Max Number points in event queue = 0.0
Avg number points in clusters= 0.0
Avg Rmc size = 0.0
Avg Length exps= 0.0
#window: 11
Total #outliers: 7877
Average Time: 5085.535873727273 ms
Peak memory: 0.0 MB
Time index, remove data from structure: 0.014346576181818182
Time for querying: 0.0
Time for new slide: 4.740555472272727
Time for expired slide: 0.34497514718181815
------------------------------------
Number clusters = 0.0
Max Number points in event queue = 0.0
Avg number points in clusters= 0.0
Avg Rmc size = 0.0
Avg Length exps= 0.0
#window: 12
Total #outliers: 7755
Average Time: 5153.6714285 ms
Peak memory: 0.0 MB
Time index, remove data from structure: 0.014794863416666667
Time for querying: 0.0
Time for new slide: 4.794567457083333
Time for expired slide: 0.3590988003333333
------------------------------------
Number clusters = 0.0
Max Number points in event queue = 0.0
Avg number points in clusters= 0.0
Avg Rmc size = 0.0
Avg Length exps= 0.0
#window: 13
Total #outliers: 7647
Average Time: 5221.868696923078 ms
Peak memory: 0.0 MB
Time index, remove data from structure: 0.015369853076923077
Time for querying: 0.0
Time for new slide: 4.835735831538462
Time for expired slide: 0.38612778261538466
------------------------------------
Number clusters = 0.0
Max Number points in event queue = 0.0
Avg number points in clusters= 0.0
Avg Rmc size = 0.0
Avg Length exps= 0.0
#window: 14
Total #outliers: 7644
Average Time: 5282.699708071428 ms
Peak memory: 0.0 MB
Time index, remove data from structure: 0.015960891714285715
Time for querying: 0.0
Time for new slide: 4.9032194145
Time for expired slide: 0.3794753155
------------------------------------
Number clusters = 0.0
Max Number points in event queue = 0.0
Avg number points in clusters= 0.0
Avg Rmc size = 0.0
Avg Length exps= 0.0
#window: 15
Total #outliers: 7765
Average Time: 5395.875030333334 ms
Peak memory: 0.0 MB
Time index, remove data from structure: 0.01665296113333333
Time for querying: 0.0
Time for new slide: 4.999789359533334
Time for expired slide: 0.396080014
------------------------------------
Number clusters = 0.0
Max Number points in event queue = 0.0
Avg number points in clusters= 0.0
Avg Rmc size = 0.0
Avg Length exps= 0.0
#window: 16
Total #outliers: 7846
Average Time: 5544.960192250001 ms
Peak memory: 0.0 MB
Time index, remove data from structure: 0.017247262375
Time for querying: 0.0
Time for new slide: 5.1187625225625
Time for expired slide: 0.426192126875
------------------------------------
Number clusters = 0.0
Max Number points in event queue = 0.0
Avg number points in clusters= 0.0
Avg Rmc size = 0.0
Avg Length exps= 0.0
#window: 17
Total #outliers: 7802
Average Time: 5703.880307705883 ms
Peak memory: 0.0 MB
Time index, remove data from structure: 0.018121914294117646
Time for querying: 0.0
Time for new slide: 5.238592098705882
Time for expired slide: 0.465282725882353
------------------------------------
Number clusters = 0.0
Max Number points in event queue = 0.0
Avg number points in clusters= 0.0
Avg Rmc size = 0.0
Avg Length exps= 0.0
#window: 18
Total #outliers: 7833
Average Time: 5831.407728055556 ms
Peak memory: 0.0 MB
Time index, remove data from structure: 0.018801814666666666
Time for querying: 0.0
Time for new slide: 5.352471783555555
Time for expired slide: 0.47893054994444445
------------------------------------
Number clusters = 0.0
Max Number points in event queue = 0.0
Avg number points in clusters= 0.0
Avg Rmc size = 0.0
Avg Length exps= 0.0
#window: 19
Total #outliers: 7889
Average Time: 5798.254375842106 ms
Peak memory: 0.0 MB
Time index, remove data from structure: 0.019461207263157893
Time for querying: 0.0
Time for new slide: 5.294738147368421
Time for expired slide: 0.5035108670526316
------------------------------------
Number clusters = 0.0
Max Number points in event queue = 0.0
Avg number points in clusters= 0.0
Avg Rmc size = 0.0
Avg Length exps= 0.0
#window: 20
Total #outliers: 7886
Average Time: 5768.789838000001 ms
Peak memory: 0.0 MB
Time index, remove data from structure: 0.019924912750000003
Time for querying: 0.0
Time for new slide: 5.2660923699
Time for expired slide: 0.50269217085
------------------------------------
Number clusters = 0.0
Max Number points in event queue = 0.0
Avg number points in clusters= 0.0
Avg Rmc size = 0.0
Avg Length exps= 0.0
#window: 21
Total #outliers: 7917
Average Time: 5763.15467757143 ms
Peak memory: 0.0 MB
Time index, remove data from structure: 0.020346297523809526
Time for querying: 0.0
Time for new slide: 5.256725258714286
Time for expired slide: 0.5064241707619048
------------------------------------
Number clusters = 0.0
Max Number points in event queue = 0.0
Avg number points in clusters= 0.0
Avg Rmc size = 0.0
Avg Length exps= 0.0
#window: 22
Total #outliers: 7849
Average Time: 5779.53810409091 ms
Peak memory: 0.0 MB
Time index, remove data from structure: 0.020750201
Time for querying: 0.0
Time for new slide: 5.268305945727272
Time for expired slide: 0.5112269667727273
------------------------------------
Number clusters = 0.0
Max Number points in event queue = 0.0
Avg number points in clusters= 0.0
Avg Rmc size = 0.0
Avg Length exps= 0.0
#window: 23
Total #outliers: 7690
Average Time: 5818.568786695652 ms
Peak memory: 0.0 MB
Time index, remove data from structure: 0.021095906260869567
Time for querying: 0.0
Time for new slide: 5.284197839869566
Time for expired slide: 0.5343657870434783
------------------------------------
Number clusters = 0.0
Max Number points in event queue = 0.0
Avg number points in clusters= 0.0
Avg Rmc size = 0.0
Avg Length exps= 0.0
#window: 24
Total #outliers: 7679
Average Time: 5840.137507083334 ms
Peak memory: 0.0 MB
Time index, remove data from structure: 0.02157491158333333
Time for querying: 0.0
Time for new slide: 5.305438748
Time for expired slide: 0.534693329375
------------------------------------
Number clusters = 0.0
Max Number points in event queue = 0.0
Avg number points in clusters= 0.0
Avg Rmc size = 0.0
Avg Length exps= 0.0
#window: 25
Total #outliers: 7574
Average Time: 5894.6799228400005 ms
Peak memory: 0.0 MB
Time index, remove data from structure: 0.02199448552
Time for querying: 0.0
Time for new slide: 5.34833784864
Time for expired slide: 0.54633671256
------------------------------------
Number clusters = 0.0
Max Number points in event queue = 0.0
Avg number points in clusters= 0.0
Avg Rmc size = 0.0
Avg Length exps= 0.0
#window: 26
Total #outliers: 7541
Average Time: 5948.268366192308 ms
Peak memory: 0.0 MB
Time index, remove data from structure: 0.022307301076923077
Time for querying: 0.0
Time for new slide: 5.3828692751923075
Time for expired slide: 0.5653937841923077
------------------------------------
Number clusters = 0.0
Max Number points in event queue = 0.0
Avg number points in clusters= 0.0
Avg Rmc size = 0.0
Avg Length exps= 0.0
#window: 27
Total #outliers: 7478
Average Time: 6011.546640111112 ms
Peak memory: 0.0 MB
Time index, remove data from structure: 0.02266475614814815
Time for querying: 0.0
Time for new slide: 5.435871057888888
Time for expired slide: 0.5756703134814815
------------------------------------
Number clusters = 0.0
Max Number points in event queue = 0.0
Avg number points in clusters= 0.0
Avg Rmc size = 0.0
Avg Length exps= 0.0
#window: 28
Total #outliers: 7479
Average Time: 6083.171459250001 ms
Peak memory: 0.0 MB
Time index, remove data from structure: 0.02303934357142857
Time for querying: 0.0
Time for new slide: 5.496784463785715
Time for expired slide: 0.5863817630357142
------------------------------------
Number clusters = 0.0
Max Number points in event queue = 0.0
Avg number points in clusters= 0.0
Avg Rmc size = 0.0
Avg Length exps= 0.0
#window: 29
Total #outliers: 7535
Average Time: 6031.779530586208 ms
Peak memory: 0.0 MB
Time index, remove data from structure: 0.023386497896551724
Time for querying: 0.0
Time for new slide: 5.441942788689656
Time for expired slide: 0.5898315712068964
------------------------------------
Number clusters = 0.0
Max Number points in event queue = 0.0
Avg number points in clusters= 0.0
Avg Rmc size = 0.0
Avg Length exps= 0.0
#window: 30
Total #outliers: 7481
Average Time: 5987.319352633334 ms
Peak memory: 0.0 MB
Time index, remove data from structure: 0.02366757846666667
Time for querying: 0.0
Time for new slide: 5.4005455629000005
Time for expired slide: 0.586768657
------------------------------------
Number clusters = 0.0
Max Number points in event queue = 0.0
Avg number points in clusters= 0.0
Avg Rmc size = 0.0
Avg Length exps= 0.0
#window: 31
Total #outliers: 7497
Average Time: 5966.31060351613 ms
Peak memory: 0.0 MB
Time index, remove data from structure: 0.023967412
Time for querying: 0.0
Time for new slide: 5.3724540999032255
Time for expired slide: 0.5938514097096774
------------------------------------
Number clusters = 0.0
Max Number points in event queue = 0.0
Avg number points in clusters= 0.0
Avg Rmc size = 0.0
Avg Length exps= 0.0
#window: 32
Total #outliers: 7742
Average Time: 5957.52856390625 ms
Peak memory: 0.0 MB
Time index, remove data from structure: 0.0242260209375
Time for querying: 0.0
Time for new slide: 5.35716889246875
Time for expired slide: 0.60035462371875
------------------------------------
Number clusters = 0.0
Max Number points in event queue = 0.0
Avg number points in clusters= 0.0
Avg Rmc size = 0.0
Avg Length exps= 0.0
#window: 33
Total #outliers: 7701
Average Time: 5953.975829878787 ms
Peak memory: 0.0 MB
Time index, remove data from structure: 0.02456705609090909
Time for querying: 0.0
Time for new slide: 5.355491548939394
Time for expired slide: 0.5984792696363637
------------------------------------
Number clusters = 0.0
Max Number points in event queue = 0.0
Avg number points in clusters= 0.0
Avg Rmc size = 0.0
Avg Length exps= 0.0
#window: 34
Total #outliers: 7611
Average Time: 5963.124489794118 ms
Peak memory: 0.0 MB
Time index, remove data from structure: 0.024696000470588234
Time for querying: 0.0
Time for new slide: 5.362893382676471
Time for expired slide: 0.6002261337647059
------------------------------------
Number clusters = 0.0
Max Number points in event queue = 0.0
Avg number points in clusters= 0.0
Avg Rmc size = 0.0
Avg Length exps= 0.0
#window: 35
Total #outliers: 7749
Average Time: 5989.1558155428565 ms
Peak memory: 0.0 MB
Time index, remove data from structure: 0.02485972582857143
Time for querying: 0.0
Time for new slide: 5.3877913076285715
Time for expired slide: 0.6013595695428572
------------------------------------
Number clusters = 0.0
Max Number points in event queue = 0.0
Avg number points in clusters= 0.0
Avg Rmc size = 0.0
Avg Length exps= 0.0
#window: 36
Total #outliers: 7907
Average Time: 6033.516089888888 ms
Peak memory: 0.0 MB
Time index, remove data from structure: 0.025084893138888887
Time for querying: 0.0
Time for new slide: 5.4225227262499995
Time for expired slide: 0.6109884539722222
------------------------------------
Number clusters = 0.0
Max Number points in event queue = 0.0
Avg number points in clusters= 0.0
Avg Rmc size = 0.0
Avg Length exps= 0.0
#window: 37
Total #outliers: 7729
Average Time: 6071.804282108107 ms
Peak memory: 0.0 MB
Time index, remove data from structure: 0.025322602702702705
Time for querying: 0.0
Time for new slide: 5.4607668558378375
Time for expired slide: 0.6110325560810811
------------------------------------
Number clusters = 0.0
Max Number points in event queue = 0.0
Avg number points in clusters= 0.0
Avg Rmc size = 0.0
Avg Length exps= 0.0
#window: 38
Total #outliers: 7767
Average Time: 6128.521451526315 ms
Peak memory: 0.0 MB
Time index, remove data from structure: 0.025598783263157895
Time for querying: 0.0
Time for new slide: 5.503703556842105
Time for expired slide: 0.6248130513421053
------------------------------------
Number clusters = 0.0
Max Number points in event queue = 0.0
Avg number points in clusters= 0.0
Avg Rmc size = 0.0
Avg Length exps= 0.0
#window: 39
Total #outliers: 7636
Average Time: 6186.56342925641 ms
Peak memory: 0.0 MB
Time index, remove data from structure: 0.025827184051282048
Time for querying: 0.0
Time for new slide: 5.554053045564102
Time for expired slide: 0.6325055618717949
------------------------------------
Number clusters = 0.0
Max Number points in event queue = 0.0
Avg number points in clusters= 0.0
Avg Rmc size = 0.0
Avg Length exps= 0.0
#window: 40
Total #outliers: 7682
Average Time: 6260.374339225 ms
Peak memory: 0.0 MB
Time index, remove data from structure: 0.026026178975
Time for querying: 0.0
Time for new slide: 5.6186014358000005
Time for expired slide: 0.6417681015750001
------------------------------------
Number clusters = 0.0
Max Number points in event queue = 0.0
Avg number points in clusters= 0.0
Avg Rmc size = 0.0
Avg Length exps= 0.0
#window: 41
Total #outliers: 7683
Average Time: 6334.182751804878 ms
Peak memory: 0.0 MB
Time index, remove data from structure: 0.02625231948780488
Time for querying: 0.0
Time for new slide: 5.68543563302439
Time for expired slide: 0.6487423344634147
------------------------------------
Number clusters = 0.0
Max Number points in event queue = 0.0
Avg number points in clusters= 0.0
Avg Rmc size = 0.0
Avg Length exps= 0.0
#window: 42
Total #outliers: 7865
Average Time: 6404.300967833332 ms
Peak memory: 0.0 MB
Time index, remove data from structure: 0.026474276571428573
Time for querying: 0.0
Time for new slide: 5.753985133666667
Time for expired slide: 0.6503110761666667
------------------------------------
Number clusters = 0.0
Max Number points in event queue = 0.0
Avg number points in clusters= 0.0
Avg Rmc size = 0.0
Avg Length exps= 0.0
#window: 43
Total #outliers: 7891
Average Time: 6477.847956581394 ms
Peak memory: 0.0 MB
Time index, remove data from structure: 0.02671712306976744
Time for querying: 0.0
Time for new slide: 5.828305264209303
Time for expired slide: 0.6495379494883721
------------------------------------
Number clusters = 0.0
Max Number points in event queue = 0.0
Avg number points in clusters= 0.0
Avg Rmc size = 0.0
Avg Length exps= 0.0
#window: 44
Total #outliers: 7722
Average Time: 6554.268574681817 ms
Peak memory: 0.0 MB
Time index, remove data from structure: 0.026974280840909092
Time for querying: 0.0
Time for new slide: 5.897004452545454
Time for expired slide: 0.6572593944318181
------------------------------------
Number clusters = 0.0
Max Number points in event queue = 0.0
Avg number points in clusters= 0.0
Avg Rmc size = 0.0
Avg Length exps= 0.0
#window: 45
Total #outliers: 7985
Average Time: 6629.319476355555 ms
Peak memory: 0.0 MB
Time index, remove data from structure: 0.027168672977777777
Time for querying: 0.0
Time for new slide: 5.972914399511111
Time for expired slide: 0.6564003655555556
------------------------------------
Number clusters = 0.0
Max Number points in event queue = 0.0
Avg number points in clusters= 0.0
Avg Rmc size = 0.0
Avg Length exps= 0.0
#window: 46
Total #outliers: 7918
Average Time: 6713.818164086956 ms
Peak memory: 0.0 MB
Time index, remove data from structure: 0.02737655258695652
Time for querying: 0.0
Time for new slide: 6.048493564326087
Time for expired slide: 0.6653199110217392
------------------------------------
Number clusters = 0.0
Max Number points in event queue = 0.0
Avg number points in clusters= 0.0
Avg Rmc size = 0.0
Avg Length exps= 0.0
#window: 47
Total #outliers: 7894
Average Time: 6819.23802780851 ms
Peak memory: 0.0 MB
Time index, remove data from structure: 0.027666510319148935
Time for querying: 0.0
Time for new slide: 6.138117457170213
Time for expired slide: 0.6811158940851064
------------------------------------
Number clusters = 0.0
Max Number points in event queue = 0.0
Avg number points in clusters= 0.0
Avg Rmc size = 0.0
Avg Length exps= 0.0
#window: 48
Total #outliers: 7761
Average Time: 6875.955160375 ms
Peak memory: 0.0 MB
Time index, remove data from structure: 0.0278665620625
Time for querying: 0.0
Time for new slide: 6.1837407303125005
Time for expired slide: 0.6922097526250001
------------------------------------
Number clusters = 0.0
Max Number points in event queue = 0.0
Avg number points in clusters= 0.0
Avg Rmc size = 0.0
Avg Length exps= 0.0
#window: 49
Total #outliers: 7694
Average Time: 6833.166611877551 ms
Peak memory: 0.0 MB
Time index, remove data from structure: 0.027902689897959184
Time for querying: 0.0
Time for new slide: 6.14323810189796
Time for expired slide: 0.68992385
------------------------------------
Number clusters = 0.0
Max Number points in event queue = 0.0
Avg number points in clusters= 0.0
Avg Rmc size = 0.0
Avg Length exps= 0.0
#window: 50
Total #outliers: 7833
Average Time: 6804.03746666 ms
Peak memory: 0.0 MB
Time index, remove data from structure: 0.0278915145
Time for querying: 0.0
Time for new slide: 6.11636183806
Time for expired slide: 0.6876709681200001
------------------------------------
Number clusters = 0.0
Max Number points in event queue = 0.0
Avg number points in clusters= 0.0
Avg Rmc size = 0.0
Avg Length exps= 0.0
#window: 51
Total #outliers: 7841
Average Time: 6782.056550137254 ms
Peak memory: 0.0 MB
Time index, remove data from structure: 0.027937634333333333
Time for querying: 0.0
Time for new slide: 6.0967952742549025
Time for expired slide: 0.6852566313333334
------------------------------------
Number clusters = 0.0
Max Number points in event queue = 0.0
Avg number points in clusters= 0.0
Avg Rmc size = 0.0
Avg Length exps= 0.0
#window: 52
Total #outliers: 7785
Average Time: 6765.895077615384 ms
Peak memory: 0.0 MB
Time index, remove data from structure: 0.027941261403846153
Time for querying: 0.0
Time for new slide: 6.0844620141346155
Time for expired slide: 0.6814284352307692
------------------------------------
Number clusters = 0.0
Max Number points in event queue = 0.0
Avg number points in clusters= 0.0
Avg Rmc size = 0.0
Avg Length exps= 0.0
#window: 53
Total #outliers: 7770
Average Time: 6760.9491088301875 ms
Peak memory: 0.0 MB
Time index, remove data from structure: 0.027941532415094342
Time for querying: 0.0
Time for new slide: 6.0773078314150935
Time for expired slide: 0.6836366718301887
------------------------------------
Number clusters = 0.0
Max Number points in event queue = 0.0
Avg number points in clusters= 0.0
Avg Rmc size = 0.0
Avg Length exps= 0.0
#window: 54
Total #outliers: 7865
Average Time: 6759.862280037036 ms
Peak memory: 0.0 MB
Time index, remove data from structure: 0.027966715925925926
Time for querying: 0.0
Time for new slide: 6.078652891277778
Time for expired slide: 0.6812047931296297
------------------------------------
Number clusters = 0.0
Max Number points in event queue = 0.0
Avg number points in clusters= 0.0
Avg Rmc size = 0.0
Avg Length exps= 0.0
#window: 55
Total #outliers: 7769
Average Time: 6772.434230854545 ms
Peak memory: 0.0 MB
Time index, remove data from structure: 0.027967661799999998
Time for querying: 0.0
Time for new slide: 6.084579193636364
Time for expired slide: 0.6878504408363637
------------------------------------
Number clusters = 0.0
Max Number points in event queue = 0.0
Avg number points in clusters= 0.0
Avg Rmc size = 0.0
Avg Length exps= 0.0
#window: 56
Total #outliers: 7785
Average Time: 6789.652552374999 ms
Peak memory: 0.0 MB
Time index, remove data from structure: 0.027982420732142858
Time for querying: 0.0
Time for new slide: 6.100139525464286
Time for expired slide: 0.6895084319464286
------------------------------------
Number clusters = 0.0
Max Number points in event queue = 0.0
Avg number points in clusters= 0.0
Avg Rmc size = 0.0
Avg Length exps= 0.0
#window: 57
Total #outliers: 7913
Average Time: 6806.07255391228 ms
Peak memory: 0.0 MB
Time index, remove data from structure: 0.02796356394736842
Time for querying: 0.0
Time for new slide: 6.1199890792807015
Time for expired slide: 0.6860788888947369
------------------------------------
Number clusters = 0.0
Max Number points in event queue = 0.0
Avg number points in clusters= 0.0
Avg Rmc size = 0.0
Avg Length exps= 0.0
#window: 58
Total #outliers: 7918
Average Time: 6829.9467851379295 ms
Peak memory: 0.0 MB
Time index, remove data from structure: 0.027923662724137932
Time for querying: 0.0
Time for new slide: 6.146863321137931
Time for expired slide: 0.6830788889655172
------------------------------------
Number clusters = 0.0
Max Number points in event queue = 0.0
Avg number points in clusters= 0.0
Avg Rmc size = 0.0
Avg Length exps= 0.0
#window: 59
Total #outliers: 7930
Average Time: 6856.765636864406 ms
Peak memory: 0.0 MB
Time index, remove data from structure: 0.02790632952542373
Time for querying: 0.0
Time for new slide: 6.170076044457628
Time for expired slide: 0.6866850285084746
------------------------------------
Number clusters = 0.0
Max Number points in event queue = 0.0
Avg number points in clusters= 0.0
Avg Rmc size = 0.0
Avg Length exps= 0.0
#window: 60
Total #outliers: 7933
Average Time: 6893.652572483332 ms
Peak memory: 0.0 MB
Time index, remove data from structure: 0.027927169516666666
Time for querying: 0.0
Time for new slide: 6.19944688145
Time for expired slide: 0.6942011325666667
------------------------------------
Number clusters = 0.0
Max Number points in event queue = 0.0
Avg number points in clusters= 0.0
Avg Rmc size = 0.0
Avg Length exps= 0.0
#window: 61
Total #outliers: 8037
Average Time: 6929.661516737704 ms
Peak memory: 0.0 MB
Time index, remove data from structure: 0.027969084836065573
Time for querying: 0.0
Time for new slide: 6.231210589081967
Time for expired slide: 0.6984463799344263
------------------------------------
Number clusters = 0.0
Max Number points in event queue = 0.0
Avg number points in clusters= 0.0
Avg Rmc size = 0.0
Avg Length exps= 0.0
#window: 62
Total #outliers: 8011
Average Time: 6972.014945209677 ms
Peak memory: 0.0 MB
Time index, remove data from structure: 0.02802196543548387
Time for querying: 0.0
Time for new slide: 6.268702137403226
Time for expired slide: 0.7033082701451613
------------------------------------
Number clusters = 0.0
Max Number points in event queue = 0.0
Avg number points in clusters= 0.0
Avg Rmc size = 0.0
Avg Length exps= 0.0
#window: 63
Total #outliers: 8042
Average Time: 7018.936872222222 ms
Peak memory: 0.0 MB
Time index, remove data from structure: 0.028091723984126984
Time for querying: 0.0
Time for new slide: 6.312181946809524
Time for expired slide: 0.7067503994126985
------------------------------------
Number clusters = 0.0
Max Number points in event queue = 0.0
Avg number points in clusters= 0.0
Avg Rmc size = 0.0
Avg Length exps= 0.0
#window: 64
Total #outliers: 8062
Average Time: 7060.625642921874 ms
Peak memory: 0.0 MB
Time index, remove data from structure: 0.028146266890625
Time for querying: 0.0
Time for new slide: 6.353121838453125
Time for expired slide: 0.707499280328125
------------------------------------
Number clusters = 0.0
Max Number points in event queue = 0.0
Avg number points in clusters= 0.0
Avg Rmc size = 0.0
Avg Length exps= 0.0
#window: 65
Total #outliers: 8080
Average Time: 7109.85149836923 ms
Peak memory: 0.0 MB
Time index, remove data from structure: 0.028204464876923078
Time for querying: 0.0
Time for new slide: 6.399281762153846
Time for expired slide: 0.7105652188307693
------------------------------------
Number clusters = 0.0
Max Number points in event queue = 0.0
Avg number points in clusters= 0.0
Avg Rmc size = 0.0
Avg Length exps= 0.0
#window: 66
Total #outliers: 8096
Average Time: 7156.7308831363625 ms
Peak memory: 0.0 MB
Time index, remove data from structure: 0.028296556924242426
Time for querying: 0.0
Time for new slide: 6.444142726015151
Time for expired slide: 0.712583641060606
------------------------------------
Number clusters = 0.0
Max Number points in event queue = 0.0
Avg number points in clusters= 0.0
Avg Rmc size = 0.0
Avg Length exps= 0.0
#window: 67
Total #outliers: 8220
Average Time: 7212.321090597014 ms
Peak memory: 0.0 MB
Time index, remove data from structure: 0.028340868208955226
Time for querying: 0.0
Time for new slide: 6.492253706537314
Time for expired slide: 0.7200628752238806
------------------------------------
Number clusters = 0.0
Max Number points in event queue = 0.0
Avg number points in clusters= 0.0
Avg Rmc size = 0.0
Avg Length exps= 0.0
#window: 68
Total #outliers: 8244
Average Time: 7223.3712803235285 ms
Peak memory: 0.0 MB
Time index, remove data from structure: 0.028406317838235294
Time for querying: 0.0
Time for new slide: 6.505133573411764
Time for expired slide: 0.7182332033970589
------------------------------------
Number clusters = 0.0
Max Number points in event queue = 0.0
Avg number points in clusters= 0.0
Avg Rmc size = 0.0
Avg Length exps= 0.0
#window: 69
Total #outliers: 8254
Average Time: 7193.543843927535 ms
Peak memory: 0.0 MB
Time index, remove data from structure: 0.028402172507246377
Time for querying: 0.0
Time for new slide: 6.477049597115942
Time for expired slide: 0.7164897483188405
------------------------------------
Number clusters = 0.0
Max Number points in event queue = 0.0
Avg number points in clusters= 0.0
Avg Rmc size = 0.0
Avg Length exps= 0.0
#window: 70
Total #outliers: 8240
Average Time: 7172.538567585714 ms
Peak memory: 0.0 MB
Time index, remove data from structure: 0.02839780177142857
Time for querying: 0.0
Time for new slide: 6.455981393185714
Time for expired slide: 0.7165526887571428
------------------------------------
Number clusters = 0.0
Max Number points in event queue = 0.0
Avg number points in clusters= 0.0
Avg Rmc size = 0.0
Avg Length exps= 0.0
#window: 71
Total #outliers: 8416
Average Time: 7157.6867012253515 ms
Peak memory: 0.0 MB
Time index, remove data from structure: 0.028409140323943663
Time for querying: 0.0
Time for new slide: 6.441528965887324
Time for expired slide: 0.7161532569436619
------------------------------------
Number clusters = 0.0
Max Number points in event queue = 0.0
Avg number points in clusters= 0.0
Avg Rmc size = 0.0
Avg Length exps= 0.0
#window: 72
Total #outliers: 8244
Average Time: 7149.558664791666 ms
Peak memory: 0.0 MB
Time index, remove data from structure: 0.0284082015
Time for querying: 0.0
Time for new slide: 6.433823513666667
Time for expired slide: 0.7157306779305556
------------------------------------
Number clusters = 0.0
Max Number points in event queue = 0.0
Avg number points in clusters= 0.0
Avg Rmc size = 0.0
Avg Length exps= 0.0
#window: 73
Total #outliers: 8395
Average Time: 7142.721995465753 ms
Peak memory: 0.0 MB
Time index, remove data from structure: 0.02836488332876712
Time for querying: 0.0
Time for new slide: 6.429889637821918
Time for expired slide: 0.7128278947671233
------------------------------------
Number clusters = 0.0
Max Number points in event queue = 0.0
Avg number points in clusters= 0.0
Avg Rmc size = 0.0
Avg Length exps= 0.0
#window: 74
Total #outliers: 8327
Average Time: 7148.148286864865 ms
Peak memory: 0.0 MB
Time index, remove data from structure: 0.028347187364864863
Time for querying: 0.0
Time for new slide: 6.43240423604054
Time for expired slide: 0.7157395982162161
------------------------------------
Number clusters = 0.0
Max Number points in event queue = 0.0
Avg number points in clusters= 0.0
Avg Rmc size = 0.0
Avg Length exps= 0.0
#window: 75
Total #outliers: 8127
Average Time: 7149.30573292 ms
Peak memory: 0.0 MB
Time index, remove data from structure: 0.028291594680000004
Time for querying: 0.0
Time for new slide: 6.435020225586666
Time for expired slide: 0.71428106404
------------------------------------
Number clusters = 0.0
Max Number points in event queue = 0.0
Avg number points in clusters= 0.0
Avg Rmc size = 0.0
Avg Length exps= 0.0
#window: 76
Total #outliers: 8038
Average Time: 7157.9578553289475 ms
Peak memory: 0.0 MB
Time index, remove data from structure: 0.028278901657894734
Time for querying: 0.0
Time for new slide: 6.441908163039474
Time for expired slide: 0.7160452585657895
------------------------------------
Number clusters = 0.0
Max Number points in event queue = 0.0
Avg number points in clusters= 0.0
Avg Rmc size = 0.0
Avg Length exps= 0.0
#window: 77
Total #outliers: 7874
Average Time: 7168.102398402597 ms
Peak memory: 0.0 MB
Time index, remove data from structure: 0.02825981622077922
Time for querying: 0.0
Time for new slide: 6.452722947220779
Time for expired slide: 0.7153750183766233
------------------------------------
Number clusters = 0.0
Max Number points in event queue = 0.0
Avg number points in clusters= 0.0
Avg Rmc size = 0.0
Avg Length exps= 0.0
#window: 78
Total #outliers: 8070
Average Time: 7183.216453282051 ms
Peak memory: 0.0 MB
Time index, remove data from structure: 0.028249710794871794
Time for querying: 0.0
Time for new slide: 6.46654309523077
Time for expired slide: 0.7166689311410257
------------------------------------
Number clusters = 0.0
Max Number points in event queue = 0.0
Avg number points in clusters= 0.0
Avg Rmc size = 0.0
Avg Length exps= 0.0
#window: 79
Total #outliers: 8218
Average Time: 7204.300185278481 ms
Peak memory: 0.0 MB
Time index, remove data from structure: 0.028223046417721515
Time for querying: 0.0
Time for new slide: 6.485634956189874
Time for expired slide: 0.7186608081772152
------------------------------------
Number clusters = 0.0
Max Number points in event queue = 0.0
Avg number points in clusters= 0.0
Avg Rmc size = 0.0
Avg Length exps= 0.0
#window: 80
Total #outliers: 8242
Average Time: 7227.511629299999 ms
Peak memory: 0.0 MB
Time index, remove data from structure: 0.0281949832375
Time for querying: 0.0
Time for new slide: 6.5071965160375
Time for expired slide: 0.7203106969624999
------------------------------------
Number clusters = 0.0
Max Number points in event queue = 0.0
Avg number points in clusters= 0.0
Avg Rmc size = 0.0
Avg Length exps= 0.0
#window: 81
Total #outliers: 8285
Average Time: 7263.437647148148 ms
Peak memory: 0.0 MB
Time index, remove data from structure: 0.028203227382716047
Time for querying: 0.0
Time for new slide: 6.534299506382716
Time for expired slide: 0.7291337278765432
------------------------------------
Number clusters = 0.0
Max Number points in event queue = 0.0
Avg number points in clusters= 0.0
Avg Rmc size = 0.0
Avg Length exps= 0.0
#window: 82
Total #outliers: 8311
Average Time: 7297.295608134145 ms
Peak memory: 0.0 MB
Time index, remove data from structure: 0.028252337609756095
Time for querying: 0.0
Time for new slide: 6.563718267646342
Time for expired slide: 0.7335729256341463
------------------------------------
Number clusters = 0.0
Max Number points in event queue = 0.0
Avg number points in clusters= 0.0
Avg Rmc size = 0.0
Avg Length exps= 0.0
#window: 83
Total #outliers: 8244
Average Time: 7334.454135674699 ms
Peak memory: 0.0 MB
Time index, remove data from structure: 0.028353529168674698
Time for querying: 0.0
Time for new slide: 6.5972536219397595
Time for expired slide: 0.7371961029518073
------------------------------------
Number clusters = 0.0
Max Number points in event queue = 0.0
Avg number points in clusters= 0.0
Avg Rmc size = 0.0
Avg Length exps= 0.0
#window: 84
Total #outliers: 8290
Average Time: 7370.196044440475 ms
Peak memory: 0.0 MB
Time index, remove data from structure: 0.028398843333333333
Time for querying: 0.0
Time for new slide: 6.631598868476191
Time for expired slide: 0.7385927700119047
------------------------------------
Number clusters = 0.0
Max Number points in event queue = 0.0
Avg number points in clusters= 0.0
Avg Rmc size = 0.0
Avg Length exps= 0.0
#window: 85
Total #outliers: 8163
Average Time: 7410.0473783058815 ms
Peak memory: 0.0 MB
Time index, remove data from structure: 0.028449637258823532
Time for querying: 0.0
Time for new slide: 6.669708387176471
Time for expired slide: 0.7403345940941176
------------------------------------
Number clusters = 0.0
Max Number points in event queue = 0.0
Avg number points in clusters= 0.0
Avg Rmc size = 0.0
Avg Length exps= 0.0
#window: 86
Total #outliers: 8019
Average Time: 7456.256042348836 ms
Peak memory: 0.0 MB
Time index, remove data from structure: 0.028524439046511627
Time for querying: 0.0
Time for new slide: 6.7096968580813945
Time for expired slide: 0.7465547946511627
------------------------------------
Number clusters = 0.0
Max Number points in event queue = 0.0
Avg number points in clusters= 0.0
Avg Rmc size = 0.0
Avg Length exps= 0.0
#window: 87
Total #outliers: 7799
Average Time: 7493.63406335632 ms
Peak memory: 0.0 MB
Time index, remove data from structure: 0.028630789770114944
Time for querying: 0.0
Time for new slide: 6.746551578390805
Time for expired slide: 0.7470781011954023
------------------------------------
Number clusters = 0.0
Max Number points in event queue = 0.0
Avg number points in clusters= 0.0
Avg Rmc size = 0.0
Avg Length exps= 0.0
#window: 88
Total #outliers: 7740
Average Time: 7537.377875397726 ms
Peak memory: 0.0 MB
Time index, remove data from structure: 0.028734794079545455
Time for querying: 0.0
Time for new slide: 6.78421665478409
Time for expired slide: 0.7531568427840909
------------------------------------
Number clusters = 0.0
Max Number points in event queue = 0.0
Avg number points in clusters= 0.0
Avg Rmc size = 0.0
Avg Length exps= 0.0
#window: 89
Total #outliers: 7705
Average Time: 7573.2537203483125 ms
Peak memory: 0.0 MB
Time index, remove data from structure: 0.02884413633707865
Time for querying: 0.0
Time for new slide: 6.8202335751685395
Time for expired slide: 0.7530157711685392
------------------------------------
Number clusters = 0.0
Max Number points in event queue = 0.0
Avg number points in clusters= 0.0
Avg Rmc size = 0.0
Avg Length exps= 0.0
#window: 90
Total #outliers: 7743
Average Time: 7608.316062533333 ms
Peak memory: 0.0 MB
Time index, remove data from structure: 0.0288827569
Time for querying: 0.0
Time for new slide: 6.8550128829
Time for expired slide: 0.7532988115222222
------------------------------------
Number clusters = 0.0
Max Number points in event queue = 0.0
Avg number points in clusters= 0.0
Avg Rmc size = 0.0
Avg Length exps= 0.0
#window: 91
Total #outliers: 7682
Average Time: 7609.157009153845 ms
Peak memory: 0.0 MB
Time index, remove data from structure: 0.028963554747252748
Time for querying: 0.0
Time for new slide: 6.849527233747254
Time for expired slide: 0.7596254015164835
------------------------------------
Number clusters = 0.0
Max Number points in event queue = 0.0
Avg number points in clusters= 0.0
Avg Rmc size = 0.0
Avg Length exps= 0.0
#window: 92
Total #outliers: 7673
Average Time: 7575.4435436195645 ms
Peak memory: 0.0 MB
Time index, remove data from structure: 0.028912680358695653
Time for querying: 0.0
Time for new slide: 6.820120060076087
Time for expired slide: 0.7553191102173912
------------------------------------
Number clusters = 0.0
Max Number points in event queue = 0.0
Avg number points in clusters= 0.0
Avg Rmc size = 0.0
Avg Length exps= 0.0
#window: 93
Total #outliers: 7558
Average Time: 7548.760745473118 ms
Peak memory: 0.0 MB
Time index, remove data from structure: 0.028871076268817204
Time for querying: 0.0
Time for new slide: 6.795028938473118
Time for expired slide: 0.7537274329139786
------------------------------------
Number clusters = 0.0
Max Number points in event queue = 0.0
Avg number points in clusters= 0.0
Avg Rmc size = 0.0
Avg Length exps= 0.0
#window: 94
Total #outliers: 7624
Average Time: 7524.475927957446 ms
Peak memory: 0.0 MB
Time index, remove data from structure: 0.028821584319148937
Time for querying: 0.0
Time for new slide: 6.774915347595745
Time for expired slide: 0.7495562064255319
------------------------------------
Number clusters = 0.0
Max Number points in event queue = 0.0
Avg number points in clusters= 0.0
Avg Rmc size = 0.0
Avg Length exps= 0.0
#window: 95
Total #outliers: 7602
Average Time: 7509.58084631579 ms
Peak memory: 0.0 MB
Time index, remove data from structure: 0.028781856210526317
Time for querying: 0.0
Time for new slide: 6.757944855315789
Time for expired slide: 0.7516316204736843
------------------------------------
Number clusters = 0.0
Max Number points in event queue = 0.0
Avg number points in clusters= 0.0
Avg Rmc size = 0.0
Avg Length exps= 0.0
#window: 96
Total #outliers: 7670
Average Time: 7497.439931458334 ms
Peak memory: 0.0 MB
Time index, remove data from structure: 0.028776945677083332
Time for querying: 0.0
Time for new slide: 6.746623807864584
Time for expired slide: 0.7508117590937501
------------------------------------
Number clusters = 0.0
Max Number points in event queue = 0.0
Avg number points in clusters= 0.0
Avg Rmc size = 0.0
Avg Length exps= 0.0
#window: 97
Total #outliers: 7722
Average Time: 7490.324303587629 ms
Peak memory: 0.0 MB
Time index, remove data from structure: 0.028754922752577322
Time for querying: 0.0
Time for new slide: 6.7395347081134025
Time for expired slide: 0.7507852301752577
------------------------------------
Number clusters = 0.0
Max Number points in event queue = 0.0
Avg number points in clusters= 0.0
Avg Rmc size = 0.0
Avg Length exps= 0.0
#window: 98
Total #outliers: 7888
Average Time: 7487.479004714286 ms
Peak memory: 0.0 MB
Time index, remove data from structure: 0.02873572215306122
Time for querying: 0.0
Time for new slide: 6.736620986989797
Time for expired slide: 0.7508536502755102
------------------------------------
Number clusters = 0.0
Max Number points in event queue = 0.0
Avg number points in clusters= 0.0
Avg Rmc size = 0.0
Avg Length exps= 0.0
#window: 99
Total #outliers: 7772
Average Time: 7492.067227474748 ms
Peak memory: 0.0 MB
Time index, remove data from structure: 0.02870173007070707
Time for querying: 0.0
Time for new slide: 6.73805412649495
Time for expired slide: 0.7540087374141414
------------------------------------
Number clusters = 0.0
Max Number points in event queue = 0.0
Avg number points in clusters= 0.0
Avg Rmc size = 0.0
Avg Length exps= 0.0
#window: 100
Total #outliers: 7691
Average Time: 7499.332577690001 ms
Peak memory: 0.0 MB
Time index, remove data from structure: 0.02870544614
Time for querying: 0.0
Time for new slide: 6.74406690906
Time for expired slide: 0.75526130644
------------------------------------
Number clusters = 0.0
Max Number points in event queue = 0.0
Avg number points in clusters= 0.0
Avg Rmc size = 0.0
Avg Length exps= 0.0
#window: 101
Total #outliers: 7620
Average Time: 7507.655860980199 ms
Peak memory: 0.0 MB
Time index, remove data from structure: 0.028678929633663367
Time for querying: 0.0
Time for new slide: 6.750510739574257
Time for expired slide: 0.757140761128713
------------------------------------
Number clusters = 0.0
Max Number points in event queue = 0.0
Avg number points in clusters= 0.0
Avg Rmc size = 0.0
Avg Length exps= 0.0
#window: 102
Total #outliers: 7694
Average Time: 7516.047641137256 ms
Peak memory: 0.0 MB
Time index, remove data from structure: 0.028698163509803924
Time for querying: 0.0
Time for new slide: 6.7586168124117645
Time for expired slide: 0.757426471754902
------------------------------------
Number clusters = 0.0
Max Number points in event queue = 0.0
Avg number points in clusters= 0.0
Avg Rmc size = 0.0
Avg Length exps= 0.0
#window: 103
Total #outliers: 7702
Average Time: 7528.215391883496 ms
Peak memory: 0.0 MB
Time index, remove data from structure: 0.02870926727184466
Time for querying: 0.0
Time for new slide: 6.770650833533981
Time for expired slide: 0.7575602088834951
------------------------------------
Number clusters = 0.0
Max Number points in event queue = 0.0
Avg number points in clusters= 0.0
Avg Rmc size = 0.0
Avg Length exps= 0.0
#window: 104
Total #outliers: 7793
Average Time: 7542.4322139519245 ms
Peak memory: 0.0 MB
Time index, remove data from structure: 0.028695046990384613
Time for querying: 0.0
Time for new slide: 6.784983836884615
Time for expired slide: 0.7574440284038462
------------------------------------
Number clusters = 0.0
Max Number points in event queue = 0.0
Avg number points in clusters= 0.0
Avg Rmc size = 0.0
Avg Length exps= 0.0
#window: 105
Total #outliers: 7903
Average Time: 7564.897719685716 ms
Peak memory: 0.0 MB
Time index, remove data from structure: 0.028700262885714287
Time for querying: 0.0
Time for new slide: 6.804278932961904
Time for expired slide: 0.7606144393714286
------------------------------------
Number clusters = 0.0
Max Number points in event queue = 0.0
Avg number points in clusters= 0.0
Avg Rmc size = 0.0
Avg Length exps= 0.0
#window: 106
Total #outliers: 7884
Average Time: 7591.972968056605 ms
Peak memory: 0.0 MB
Time index, remove data from structure: 0.02871172604716981
Time for querying: 0.0
Time for new slide: 6.825965401792453
Time for expired slide: 0.7660032180943397
------------------------------------
Number clusters = 0.0
Max Number points in event queue = 0.0
Avg number points in clusters= 0.0
Avg Rmc size = 0.0
Avg Length exps= 0.0
#window: 107
Total #outliers: 7982
Average Time: 7616.909308065422 ms
Peak memory: 0.0 MB
Time index, remove data from structure: 0.028741104514018692
Time for querying: 0.0
Time for new slide: 6.848447375467289
Time for expired slide: 0.7684575883925233
------------------------------------
Number clusters = 0.0
Max Number points in event queue = 0.0
Avg number points in clusters= 0.0
Avg Rmc size = 0.0
Avg Length exps= 0.0
#window: 108
Total #outliers: 8048
Average Time: 7644.252630981482 ms
Peak memory: 0.0 MB
Time index, remove data from structure: 0.028748046972222222
Time for querying: 0.0
Time for new slide: 6.874157107314814
Time for expired slide: 0.7700911778518518
------------------------------------
Number clusters = 0.0
Max Number points in event queue = 0.0
Avg number points in clusters= 0.0
Avg Rmc size = 0.0
Avg Length exps= 0.0
#window: 109
Total #outliers: 8000
Average Time: 7677.123324082569 ms
Peak memory: 0.0 MB
Time index, remove data from structure: 0.028814355532110092
Time for querying: 0.0
Time for new slide: 6.903427542816513
Time for expired slide: 0.7736914362752294
------------------------------------
Number clusters = 0.0
Max Number points in event queue = 0.0
Avg number points in clusters= 0.0
Avg Rmc size = 0.0
Avg Length exps= 0.0
#window: 110
Total #outliers: 8073
Average Time: 7714.132103563637 ms
Peak memory: 0.0 MB
Time index, remove data from structure: 0.028925447818181817
Time for querying: 0.0
Time for new slide: 6.9341793625090915
Time for expired slide: 0.7799483958
------------------------------------
Number clusters = 0.0
Max Number points in event queue = 0.0
Avg number points in clusters= 0.0
Avg Rmc size = 0.0
Avg Length exps= 0.0
#window: 111
Total #outliers: 7959
Average Time: 7751.209851945947 ms
Peak memory: 0.0 MB
Time index, remove data from structure: 0.029037049432432432
Time for querying: 0.0
Time for new slide: 6.965882409387387
Time for expired slide: 0.7853230971531532
------------------------------------
Number clusters = 0.0
Max Number points in event queue = 0.0
Avg number points in clusters= 0.0
Avg Rmc size = 0.0
Avg Length exps= 0.0
#window: 112
Total #outliers: 7963
Average Time: 7789.5358470803585 ms
Peak memory: 0.0 MB
Time index, remove data from structure: 0.029125234223214284
Time for querying: 0.0
Time for new slide: 6.9995192385
Time for expired slide: 0.7900122606428572
------------------------------------
Number clusters = 0.0
Max Number points in event queue = 0.0
Avg number points in clusters= 0.0
Avg Rmc size = 0.0
Avg Length exps= 0.0
#window: 113
Total #outliers: 7921
Average Time: 7826.103600106196 ms
Peak memory: 0.0 MB
Time index, remove data from structure: 0.029278597893805308
Time for querying: 0.0
Time for new slide: 7.030635512389381
Time for expired slide: 0.7954637408761062
------------------------------------
Number clusters = 0.0
Max Number points in event queue = 0.0
Avg number points in clusters= 0.0
Avg Rmc size = 0.0
Avg Length exps= 0.0
#window: 114
Total #outliers: 7948
Average Time: 7805.093111684211 ms
Peak memory: 0.0 MB
Time index, remove data from structure: 0.029369962657894738
Time for querying: 0.0
Time for new slide: 7.007248669210527
Time for expired slide: 0.7978400932368421
------------------------------------
Number clusters = 0.0
Max Number points in event queue = 0.0
Avg number points in clusters= 0.0
Avg Rmc size = 0.0
Avg Length exps= 0.0
#window: 115
Total #outliers: 7892
Average Time: 7778.888056208697 ms
Peak memory: 0.0 MB
Time index, remove data from structure: 0.02937929049565217
Time for querying: 0.0
Time for new slide: 6.983777825686957
Time for expired slide: 0.7951058841217391
------------------------------------
Number clusters = 0.0
Max Number points in event queue = 0.0
Avg number points in clusters= 0.0
Avg Rmc size = 0.0
Avg Length exps= 0.0
#window: 116
Total #outliers: 7980
Average Time: 7755.13771137069 ms
Peak memory: 0.0 MB
Time index, remove data from structure: 0.029366607681034485
Time for querying: 0.0
Time for new slide: 6.964328917853448
Time for expired slide: 0.7908044489224139
------------------------------------
Number clusters = 0.0
Max Number points in event queue = 0.0
Avg number points in clusters= 0.0
Avg Rmc size = 0.0
Avg Length exps= 0.0
#window: 117
Total #outliers: 7966
Average Time: 7739.311393572651 ms
Peak memory: 0.0 MB
Time index, remove data from structure: 0.02933932516239316
Time for querying: 0.0
Time for new slide: 6.949659068743589
Time for expired slide: 0.7896479808376068
------------------------------------
Number clusters = 0.0
Max Number points in event queue = 0.0
Avg number points in clusters= 0.0
Avg Rmc size = 0.0
Avg Length exps= 0.0
#window: 118
Total #outliers: 8017
Average Time: 7724.807614661018 ms
Peak memory: 0.0 MB
Time index, remove data from structure: 0.029336549423728812
Time for querying: 0.0
Time for new slide: 6.937134285847458
Time for expired slide: 0.7876689910254238
------------------------------------
Number clusters = 0.0
Max Number points in event queue = 0.0
Avg number points in clusters= 0.0
Avg Rmc size = 0.0
Avg Length exps= 0.0
#window: 119
Total #outliers: 8065
Average Time: 7715.362652050421 ms
Peak memory: 0.0 MB
Time index, remove data from structure: 0.029342817050420168
Time for querying: 0.0
Time for new slide: 6.927516047008403
Time for expired slide: 0.7878422705714285
------------------------------------
Number clusters = 0.0
Max Number points in event queue = 0.0
Avg number points in clusters= 0.0
Avg Rmc size = 0.0
Avg Length exps= 0.0
#window: 120
Total #outliers: 8052
Average Time: 7708.856006316668 ms
Peak memory: 0.0 MB
Time index, remove data from structure: 0.02932360635
Time for querying: 0.0
Time for new slide: 6.921348263083333
Time for expired slide: 0.7875034127166667
------------------------------------
Number clusters = 0.0
Max Number points in event queue = 0.0
Avg number points in clusters= 0.0
Avg Rmc size = 0.0
Avg Length exps= 0.0
#window: 121
Total #outliers: 8060
Average Time: 7707.299144487605 ms
Peak memory: 0.0 MB
Time index, remove data from structure: 0.029331786
Time for querying: 0.0
Time for new slide: 6.919448207099173
Time for expired slide: 0.7878466067768595
------------------------------------
Number clusters = 0.0
Max Number points in event queue = 0.0
Avg number points in clusters= 0.0
Avg Rmc size = 0.0
Avg Length exps= 0.0
#window: 122
Total #outliers: 8076
Average Time: 7708.493547581969 ms
Peak memory: 0.0 MB
Time index, remove data from structure: 0.02932848907377049
Time for querying: 0.0
Time for new slide: 6.920330753409836
Time for expired slide: 0.7881584635491803
------------------------------------
Number clusters = 0.0
Max Number points in event queue = 0.0
Avg number points in clusters= 0.0
Avg Rmc size = 0.0
Avg Length exps= 0.0
#window: 123
Total #outliers: 7972
Average Time: 7707.500877113823 ms
Peak memory: 0.0 MB
Time index, remove data from structure: 0.029295651024390242
Time for querying: 0.0
Time for new slide: 6.922697905040651
Time for expired slide: 0.7847986426829269
------------------------------------
Number clusters = 0.0
Max Number points in event queue = 0.0
Avg number points in clusters= 0.0
Avg Rmc size = 0.0
Avg Length exps= 0.0
#window: 124
Total #outliers: 8029
Average Time: 7710.824080919357 ms
Peak memory: 0.0 MB
Time index, remove data from structure: 0.029273097532258065
Time for querying: 0.0
Time for new slide: 6.926236959685484
Time for expired slide: 0.784582791733871
------------------------------------
Number clusters = 0.0
Max Number points in event queue = 0.0
Avg number points in clusters= 0.0
Avg Rmc size = 0.0
Avg Length exps= 0.0
#window: 125
Total #outliers: 7961
Average Time: 7722.550107656001 ms
Peak memory: 0.0 MB
Time index, remove data from structure: 0.029266087712
Time for querying: 0.0
Time for new slide: 6.933649323384
Time for expired slide: 0.7888964535840001
------------------------------------
Number clusters = 0.0
Max Number points in event queue = 0.0
Avg number points in clusters= 0.0
Avg Rmc size = 0.0
Avg Length exps= 0.0
#window: 126
Total #outliers: 7851
Average Time: 7735.681823269842 ms
Peak memory: 0.0 MB
Time index, remove data from structure: 0.02927257081746032
Time for querying: 0.0
Time for new slide: 6.944572425087301
Time for expired slide: 0.7911050706031746
------------------------------------
Number clusters = 0.0
Max Number points in event queue = 0.0
Avg number points in clusters= 0.0
Avg Rmc size = 0.0
Avg Length exps= 0.0
#window: 127
Total #outliers: 7958
Average Time: 7749.379359055119 ms
Peak memory: 0.0 MB
Time index, remove data from structure: 0.029286352464566928
Time for querying: 0.0
Time for new slide: 6.957301040425198
Time for expired slide: 0.792073990527559
------------------------------------
Number clusters = 0.0
Max Number points in event queue = 0.0
Avg number points in clusters= 0.0
Avg Rmc size = 0.0
Avg Length exps= 0.0
#window: 128
Total #outliers: 7921
Average Time: 7766.708455093751 ms
Peak memory: 0.0 MB
Time index, remove data from structure: 0.0292931871640625
Time for querying: 0.0
Time for new slide: 6.972840480140625
Time for expired slide: 0.79386364384375
------------------------------------
Number clusters = 0.0
Max Number points in event queue = 0.0
Avg number points in clusters= 0.0
Avg Rmc size = 0.0
Avg Length exps= 0.0
#window: 129
Total #outliers: 7873
Average Time: 7785.589631658915 ms
Peak memory: 0.0 MB
Time index, remove data from structure: 0.029299530713178295
Time for querying: 0.0
Time for new slide: 6.991594268395349
Time for expired slide: 0.7939910297751938
------------------------------------
Number clusters = 0.0
Max Number points in event queue = 0.0
Avg number points in clusters= 0.0
Avg Rmc size = 0.0
Avg Length exps= 0.0
#window: 130
Total #outliers: 8022
Average Time: 7809.47190653077 ms
Peak memory: 0.0 MB
Time index, remove data from structure: 0.029339939669230767
Time for querying: 0.0
Time for new slide: 7.0125384642999995
Time for expired slide: 0.7969291047384616
------------------------------------
Number clusters = 0.0
Max Number points in event queue = 0.0
Avg number points in clusters= 0.0
Avg Rmc size = 0.0
Avg Length exps= 0.0
#window: 131
Total #outliers: 8044
Average Time: 7832.503550045802 ms
Peak memory: 0.0 MB
Time index, remove data from structure: 0.029380887412213744
Time for querying: 0.0
Time for new slide: 7.034293326076336
Time for expired slide: 0.7982058888854962
------------------------------------
Number clusters = 0.0
Max Number points in event queue = 0.0
Avg number points in clusters= 0.0
Avg Rmc size = 0.0
Avg Length exps= 0.0
#window: 132
Total #outliers: 7921
Average Time: 7856.208837568183 ms
Peak memory: 0.0 MB
Time index, remove data from structure: 0.029439011106060606
Time for querying: 0.0
Time for new slide: 7.055110064537879
Time for expired slide: 0.8010944401893939
------------------------------------
Number clusters = 0.0
Max Number points in event queue = 0.0
Avg number points in clusters= 0.0
Avg Rmc size = 0.0
Avg Length exps= 0.0
#window: 133
Total #outliers: 7991
Average Time: 7884.565445676693 ms
Peak memory: 0.0 MB
Time index, remove data from structure: 0.029514140037593985
Time for querying: 0.0
Time for new slide: 7.079050177045113
Time for expired slide: 0.8055109350300752
------------------------------------
Number clusters = 0.0
Max Number points in event queue = 0.0
Avg number points in clusters= 0.0
Avg Rmc size = 0.0
Avg Length exps= 0.0
#window: 134
Total #outliers: 7943
Average Time: 7911.216377067166 ms
Peak memory: 0.0 MB
Time index, remove data from structure: 0.029583064119402987
Time for querying: 0.0
Time for new slide: 7.10248782230597
Time for expired slide: 0.8087242225820895
------------------------------------
Number clusters = 0.0
Max Number points in event queue = 0.0
Avg number points in clusters= 0.0
Avg Rmc size = 0.0
Avg Length exps= 0.0
#window: 135
Total #outliers: 8052
Average Time: 7935.567785866668 ms
Peak memory: 0.0 MB
Time index, remove data from structure: 0.02963643986666667
Time for querying: 0.0
Time for new slide: 7.126680361933333
Time for expired slide: 0.8088830930814815
------------------------------------
Number clusters = 0.0
Max Number points in event queue = 0.0
Avg number points in clusters= 0.0
Avg Rmc size = 0.0
Avg Length exps= 0.0
#window: 136
Total #outliers: 8110
Average Time: 7926.453606360295 ms
Peak memory: 0.0 MB
Time index, remove data from structure: 0.029667339757352945
Time for querying: 0.0
Time for new slide: 7.113045024507352
Time for expired slide: 0.8134042491911765
------------------------------------
Number clusters = 0.0
Max Number points in event queue = 0.0
Avg number points in clusters= 0.0
Avg Rmc size = 0.0
Avg Length exps= 0.0
#window: 137
Total #outliers: 7974
Average Time: 7899.149057021898 ms
Peak memory: 0.0 MB
Time index, remove data from structure: 0.029637158525547446
Time for querying: 0.0
Time for new slide: 7.089740983437957
Time for expired slide: 0.8094037444963503
------------------------------------
Number clusters = 0.0
Max Number points in event queue = 0.0
Avg number points in clusters= 0.0
Avg Rmc size = 0.0
Avg Length exps= 0.0
#window: 138
Total #outliers: 8020
Average Time: 7879.868921086957 ms
Peak memory: 0.0 MB
Time index, remove data from structure: 0.029625374195652174
Time for querying: 0.0
Time for new slide: 7.069927880876811
Time for expired slide: 0.8099367143188406
------------------------------------
Number clusters = 0.0
Max Number points in event queue = 0.0
Avg number points in clusters= 0.0
Avg Rmc size = 0.0
Avg Length exps= 0.0
#window: 139
Total #outliers: 8058
Average Time: 7863.050652705037 ms
Peak memory: 0.0 MB
Time index, remove data from structure: 0.0296105220647482
Time for querying: 0.0
Time for new slide: 7.053134636223021
Time for expired slide: 0.8099116950071943
------------------------------------
Number clusters = 0.0
Max Number points in event queue = 0.0
Avg number points in clusters= 0.0
Avg Rmc size = 0.0
Avg Length exps= 0.0
#window: 140
Total #outliers: 7993
Average Time: 7849.553008300002 ms
Peak memory: 0.0 MB
Time index, remove data from structure: 0.029617430950000002
Time for querying: 0.0
Time for new slide: 7.039969592678571
Time for expired slide: 0.80957909205
------------------------------------
Number clusters = 0.0
Max Number points in event queue = 0.0
Avg number points in clusters= 0.0
Avg Rmc size = 0.0
Avg Length exps= 0.0
#window: 141
Total #outliers: 7789
Average Time: 7835.92672673759 ms
Peak memory: 0.0 MB
Time index, remove data from structure: 0.02963197375177305
Time for querying: 0.0
Time for new slide: 7.027906139120568
Time for expired slide: 0.8080162650780142
------------------------------------
Number clusters = 0.0
Max Number points in event queue = 0.0
Avg number points in clusters= 0.0
Avg Rmc size = 0.0
Avg Length exps= 0.0
#window: 142
Total #outliers: 7840
Average Time: 7824.564117767608 ms
Peak memory: 0.0 MB
Time index, remove data from structure: 0.029618143887323947
Time for querying: 0.0
Time for new slide: 7.017763020119718
Time for expired slide: 0.8067967758591549
------------------------------------
Number clusters = 0.0
Max Number points in event queue = 0.0
Avg number points in clusters= 0.0
Avg Rmc size = 0.0
Avg Length exps= 0.0
#window: 143
Total #outliers: 7814
Average Time: 7815.426849846157 ms
Peak memory: 0.0 MB
Time index, remove data from structure: 0.029602113195804195
Time for querying: 0.0
Time for new slide: 7.00996695206993
Time for expired slide: 0.8054555787132867
------------------------------------
Number clusters = 0.0
Max Number points in event queue = 0.0
Avg number points in clusters= 0.0
Avg Rmc size = 0.0
Avg Length exps= 0.0
#window: 144
Total #outliers: 7869
Average Time: 7809.418161680558 ms
Peak memory: 0.0 MB
Time index, remove data from structure: 0.029602170263888887
Time for querying: 0.0
Time for new slide: 7.005724040527777
Time for expired slide: 0.8036898050347223
------------------------------------
Number clusters = 0.0
Max Number points in event queue = 0.0
Avg number points in clusters= 0.0
Avg Rmc size = 0.0
Avg Length exps= 0.0
#window: 145
Total #outliers: 7935
Average Time: 7806.561688427587 ms
Peak memory: 0.0 MB
Time index, remove data from structure: 0.029581911896551724
Time for querying: 0.0
Time for new slide: 7.003342086972414
Time for expired slide: 0.8032152853586206
------------------------------------
Number clusters = 0.0
Max Number points in event queue = 0.0
Avg number points in clusters= 0.0
Avg Rmc size = 0.0
Avg Length exps= 0.0
#window: 146
Total #outliers: 8021
Average Time: 7804.193911150686 ms
Peak memory: 0.0 MB
Time index, remove data from structure: 0.02957194270547945
Time for querying: 0.0
Time for new slide: 7.002126556876712
Time for expired slide: 0.8020630382328767
------------------------------------
Number clusters = 0.0
Max Number points in event queue = 0.0
Avg number points in clusters= 0.0
Avg Rmc size = 0.0
Avg Length exps= 0.0
#window: 147
Total #outliers: 8038
Average Time: 7807.617326585036 ms
Peak memory: 0.0 MB
Time index, remove data from structure: 0.029546509775510203
Time for querying: 0.0
Time for new slide: 7.0055614306734695
Time for expired slide: 0.8020515796462585
------------------------------------
Number clusters = 0.0
Max Number points in event queue = 0.0
Avg number points in clusters= 0.0
Avg Rmc size = 0.0
Avg Length exps= 0.0
#window: 148
Total #outliers: 7989
Average Time: 7807.745206540541 ms
Peak memory: 0.0 MB
Time index, remove data from structure: 0.02952281458108108
Time for querying: 0.0
Time for new slide: 7.00856181068919
Time for expired slide: 0.7991790838445947
------------------------------------
Number clusters = 0.0
Max Number points in event queue = 0.0
Avg number points in clusters= 0.0
Avg Rmc size = 0.0
Avg Length exps= 0.0
#window: 149
Total #outliers: 7988
Average Time: 7815.818223919464 ms
Peak memory: 0.0 MB
Time index, remove data from structure: 0.029514679375838924
Time for querying: 0.0
Time for new slide: 7.01437389238255
Time for expired slide: 0.8014400199463088
------------------------------------
Number clusters = 0.0
Max Number points in event queue = 0.0
Avg number points in clusters= 0.0
Avg Rmc size = 0.0
Avg Length exps= 0.0
#window: 150
Total #outliers: 7901
Average Time: 7822.429657820002 ms
Peak memory: 0.0 MB
Time index, remove data from structure: 0.029516705673333334
Time for querying: 0.0
Time for new slide: 7.021345907733333
Time for expired slide: 0.8010794416133333
------------------------------------
Number clusters = 0.0
Max Number points in event queue = 0.0
Avg number points in clusters= 0.0
Avg Rmc size = 0.0
Avg Length exps= 0.0
#window: 151
Total #outliers: 7944
Average Time: 7833.241138350995 ms
Peak memory: 0.0 MB
Time index, remove data from structure: 0.02951618025827815
Time for querying: 0.0
Time for new slide: 7.030236786298013
Time for expired slide: 0.8030000413774835
------------------------------------
Number clusters = 0.0
Max Number points in event queue = 0.0
Avg number points in clusters= 0.0
Avg Rmc size = 0.0
Avg Length exps= 0.0
#window: 152
Total #outliers: 7975
Average Time: 7845.931006085528 ms
Peak memory: 0.0 MB
Time index, remove data from structure: 0.029523487611842102
Time for querying: 0.0
Time for new slide: 7.041148200703947
Time for expired slide: 0.804778496493421
------------------------------------
Number clusters = 0.0
Max Number points in event queue = 0.0
Avg number points in clusters= 0.0
Avg Rmc size = 0.0
Avg Length exps= 0.0
#window: 153
Total #outliers: 7896
Average Time: 7860.125230254904 ms
Peak memory: 0.0 MB
Time index, remove data from structure: 0.029543189444444444
Time for querying: 0.0
Time for new slide: 7.054262826627451
Time for expired slide: 0.8058580970653595
------------------------------------
Number clusters = 0.0
Max Number points in event queue = 0.0
Avg number points in clusters= 0.0
Avg Rmc size = 0.0
Avg Length exps= 0.0
#window: 154
Total #outliers: 7829
Average Time: 7875.339298642859 ms
Peak memory: 0.0 MB
Time index, remove data from structure: 0.029552857363636366
Time for querying: 0.0
Time for new slide: 7.069410972746754
Time for expired slide: 0.8059240198376623
------------------------------------
Number clusters = 0.0
Max Number points in event queue = 0.0
Avg number points in clusters= 0.0
Avg Rmc size = 0.0
Avg Length exps= 0.0
#window: 155
Total #outliers: 7932
Average Time: 7891.854056638711 ms
Peak memory: 0.0 MB
Time index, remove data from structure: 0.02958033140645161
Time for querying: 0.0
Time for new slide: 7.085126034774194
Time for expired slide: 0.8067237179677419
------------------------------------
Number clusters = 0.0
Max Number points in event queue = 0.0
Avg number points in clusters= 0.0
Avg Rmc size = 0.0
Avg Length exps= 0.0
#window: 156
Total #outliers: 7860
Average Time: 7912.197257282052 ms
Peak memory: 0.0 MB
Time index, remove data from structure: 0.02963877258974359
Time for querying: 0.0
Time for new slide: 7.101588149576922
Time for expired slide: 0.8106048050641026
------------------------------------
Number clusters = 0.0
Max Number points in event queue = 0.0
Avg number points in clusters= 0.0
Avg Rmc size = 0.0
Avg Length exps= 0.0
#window: 157
Total #outliers: 7836
Average Time: 7897.117389006371 ms
Peak memory: 0.0 MB
Time index, remove data from structure: 0.029667353955414012
Time for querying: 0.0
Time for new slide: 7.086399882452229
Time for expired slide: 0.8107132028980892
------------------------------------
Number clusters = 0.0
Max Number points in event queue = 0.0
Avg number points in clusters= 0.0
Avg Rmc size = 0.0
Avg Length exps= 0.0
#window: 158
Total #outliers: 7952
Average Time: 7875.992210550633 ms
Peak memory: 0.0 MB
Time index, remove data from structure: 0.029658257803797466
Time for querying: 0.0
Time for new slide: 7.066023591272152
Time for expired slide: 0.8099643146202531
------------------------------------
Number clusters = 0.0
Max Number points in event queue = 0.0
Avg number points in clusters= 0.0
Avg Rmc size = 0.0
Avg Length exps= 0.0
#window: 159
Total #outliers: 7909
Average Time: 7858.373020509434 ms
Peak memory: 0.0 MB
Time index, remove data from structure: 0.02965016696226415
Time for querying: 0.0
Time for new slide: 7.048613385226415
Time for expired slide: 0.8097553315911948
------------------------------------
Number clusters = 0.0
Max Number points in event queue = 0.0
Avg number points in clusters= 0.0
Avg Rmc size = 0.0
Avg Length exps= 0.0
#window: 160
Total #outliers: 7871
Average Time: 7841.03923628125 ms
Peak memory: 0.0 MB
Time index, remove data from structure: 0.029640195631249998
Time for querying: 0.0
Time for new slide: 7.03414342695
Time for expired slide: 0.8068915078250001
------------------------------------
Number clusters = 0.0
Max Number points in event queue = 0.0
Avg number points in clusters= 0.0
Avg Rmc size = 0.0
Avg Length exps= 0.0
#window: 161
Total #outliers: 7865
Average Time: 7825.526768204969 ms
Peak memory: 0.0 MB
Time index, remove data from structure: 0.029611281658385093
Time for querying: 0.0
Time for new slide: 7.020255672354037
Time for expired slide: 0.8052667983540372
------------------------------------
Number clusters = 0.0
Max Number points in event queue = 0.0
Avg number points in clusters= 0.0
Avg Rmc size = 0.0
Avg Length exps= 0.0
#window: 162
Total #outliers: 7912
Average Time: 7812.664963203704 ms
Peak memory: 0.0 MB
Time index, remove data from structure: 0.02959224785802469
Time for querying: 0.0
Time for new slide: 7.008681597314814
Time for expired slide: 0.80397907145679
------------------------------------
Number clusters = 0.0
Max Number points in event queue = 0.0
Avg number points in clusters= 0.0
Avg Rmc size = 0.0
Avg Length exps= 0.0
#window: 163
Total #outliers: 7852
Average Time: 7803.344211343559 ms
Peak memory: 0.0 MB
Time index, remove data from structure: 0.029571025957055214
Time for querying: 0.0
Time for new slide: 6.99992911022086
Time for expired slide: 0.8034108086625766
------------------------------------
Number clusters = 0.0
Max Number points in event queue = 0.0
Avg number points in clusters= 0.0
Avg Rmc size = 0.0
Avg Length exps= 0.0
#window: 164
Total #outliers: 7924
Average Time: 7795.18671707927 ms
Peak memory: 0.0 MB
Time index, remove data from structure: 0.02954811833536585
Time for querying: 0.0
Time for new slide: 6.993406339890244
Time for expired slide: 0.801776085487805
------------------------------------
Number clusters = 0.0
Max Number points in event queue = 0.0
Avg number points in clusters= 0.0
Avg Rmc size = 0.0
Avg Length exps= 0.0
#window: 165
Total #outliers: 7893
Average Time: 7789.525921812123 ms
Peak memory: 0.0 MB
Time index, remove data from structure: 0.02951718622424242
Time for querying: 0.0
Time for new slide: 6.988608828672728
Time for expired slide: 0.8009128015515151
------------------------------------
Number clusters = 0.0
Max Number points in event queue = 0.0
Avg number points in clusters= 0.0
Avg Rmc size = 0.0
Avg Length exps= 0.0
#window: 166
Total #outliers: 7746
Average Time: 7783.382328981929 ms
Peak memory: 0.0 MB
Time index, remove data from structure: 0.029496544921686744
Time for querying: 0.0
Time for new slide: 6.984137856048193
Time for expired slide: 0.7992401843373493
------------------------------------
Number clusters = 0.0
Max Number points in event queue = 0.0
Avg number points in clusters= 0.0
Avg Rmc size = 0.0
Avg Length exps= 0.0
#window: 167
Total #outliers: 7711
Average Time: 7782.076332341319 ms
Peak memory: 0.0 MB
Time index, remove data from structure: 0.029468313335329344
Time for querying: 0.0
Time for new slide: 6.981491745538922
Time for expired slide: 0.8005802998323354
------------------------------------
Number clusters = 0.0
Max Number points in event queue = 0.0
Avg number points in clusters= 0.0
Avg Rmc size = 0.0
Avg Length exps= 0.0
#window: 168
Total #outliers: 7793
Average Time: 7783.449324071429 ms
Peak memory: 0.0 MB
Time index, remove data from structure: 0.029460449291666663
Time for querying: 0.0
Time for new slide: 6.982118557535714
Time for expired slide: 0.8013264808988095
------------------------------------
Number clusters = 0.0
Max Number points in event queue = 0.0
Avg number points in clusters= 0.0
Avg Rmc size = 0.0
Avg Length exps= 0.0
#window: 169
Total #outliers: 7733
Average Time: 7782.432979485208 ms
Peak memory: 0.0 MB
Time index, remove data from structure: 0.029447534828402365
Time for querying: 0.0
Time for new slide: 6.982156324928994
Time for expired slide: 0.800272372147929
------------------------------------
Number clusters = 0.0
Max Number points in event queue = 0.0
Avg number points in clusters= 0.0
Avg Rmc size = 0.0
Avg Length exps= 0.0
#window: 170
Total #outliers: 7746
Average Time: 7782.5206012352955 ms
Peak memory: 0.0 MB
Time index, remove data from structure: 0.029435895452941174
Time for querying: 0.0
Time for new slide: 6.983025588035294
Time for expired slide: 0.7994907319529412
------------------------------------
Number clusters = 0.0
Max Number points in event queue = 0.0
Avg number points in clusters= 0.0
Avg Rmc size = 0.0
Avg Length exps= 0.0
#window: 171
Total #outliers: 7914
Average Time: 7788.142589000001 ms
Peak memory: 0.0 MB
Time index, remove data from structure: 0.029434888152046784
Time for querying: 0.0
Time for new slide: 6.988603007982457
Time for expired slide: 0.7995353020116959
------------------------------------
Number clusters = 0.0
Max Number points in event queue = 0.0
Avg number points in clusters= 0.0
Avg Rmc size = 0.0
Avg Length exps= 0.0
#window: 172
Total #outliers: 7884
Average Time: 7794.740661610466 ms
Peak memory: 0.0 MB
Time index, remove data from structure: 0.029417988674418603
Time for querying: 0.0
Time for new slide: 6.995941452668604
Time for expired slide: 0.7987949280348837
------------------------------------
Number clusters = 0.0
Max Number points in event queue = 0.0
Avg number points in clusters= 0.0
Avg Rmc size = 0.0
Avg Length exps= 0.0
#window: 173
Total #outliers: 7868
Average Time: 7801.950215601157 ms
Peak memory: 0.0 MB
Time index, remove data from structure: 0.029398878121387285
Time for querying: 0.0
Time for new slide: 7.003830580982659
Time for expired slide: 0.7981153526416185
------------------------------------
Number clusters = 0.0
Max Number points in event queue = 0.0
Avg number points in clusters= 0.0
Avg Rmc size = 0.0
Avg Length exps= 0.0
#window: 174
Total #outliers: 8008
Average Time: 7814.119525614942 ms
Peak memory: 0.0 MB
Time index, remove data from structure: 0.029391961022988505
Time for querying: 0.0
Time for new slide: 7.014663921344828
Time for expired slide: 0.7994513246034484
------------------------------------
Number clusters = 0.0
Max Number points in event queue = 0.0
Avg number points in clusters= 0.0
Avg Rmc size = 0.0
Avg Length exps= 0.0
#window: 175
Total #outliers: 7972
Average Time: 7826.31616768 ms
Peak memory: 0.0 MB
Time index, remove data from structure: 0.029382728839999997
Time for querying: 0.0
Time for new slide: 7.025331014537143
Time for expired slide: 0.8009808749885714
------------------------------------
Number clusters = 0.0
Max Number points in event queue = 0.0
Avg number points in clusters= 0.0
Avg Rmc size = 0.0
Avg Length exps= 0.0
#window: 176
Total #outliers: 7945
Average Time: 7842.877052909091 ms
Peak memory: 0.0 MB
Time index, remove data from structure: 0.029393338903409092
Time for querying: 0.0
Time for new slide: 7.0376592576875
Time for expired slide: 0.8052135189715909
------------------------------------
Number clusters = 0.0
Max Number points in event queue = 0.0
Avg number points in clusters= 0.0
Avg Rmc size = 0.0
Avg Length exps= 0.0
#window: 177
Total #outliers: 8099
Average Time: 7826.327747610169 ms
Peak memory: 0.0 MB
Time index, remove data from structure: 0.029401753683615823
Time for querying: 0.0
Time for new slide: 7.018688510457627
Time for expired slide: 0.8076349617344633
------------------------------------
Number clusters = 0.0
Max Number points in event queue = 0.0
Avg number points in clusters= 0.0
Avg Rmc size = 0.0
Avg Length exps= 0.0
#window: 178
Total #outliers: 8001
Average Time: 7807.795138741572 ms
Peak memory: 0.0 MB
Time index, remove data from structure: 0.029379428500000002
Time for querying: 0.0
Time for new slide: 7.001724929191011
Time for expired slide: 0.8060659277921349
------------------------------------
Number clusters = 0.0
Max Number points in event queue = 0.0
Avg number points in clusters= 0.0
Avg Rmc size = 0.0
Avg Length exps= 0.0
#window: 179
Total #outliers: 7910
Average Time: 7792.296687290502 ms
Peak memory: 0.0 MB
Time index, remove data from structure: 0.029379673525139663
Time for querying: 0.0
Time for new slide: 6.987310049659218
Time for expired slide: 0.804982356178771
------------------------------------
Number clusters = 0.0
Max Number points in event queue = 0.0
Avg number points in clusters= 0.0
Avg Rmc size = 0.0
Avg Length exps= 0.0
#window: 180
Total #outliers: 7888
Average Time: 7778.163804555555 ms
Peak memory: 0.0 MB
Time index, remove data from structure: 0.02936636185
Time for querying: 0.0
Time for new slide: 6.974626010438889
Time for expired slide: 0.8035335131388889
------------------------------------
Number clusters = 0.0
Max Number points in event queue = 0.0
Avg number points in clusters= 0.0
Avg Rmc size = 0.0
Avg Length exps= 0.0
#window: 181
Total #outliers: 7921
Average Time: 7767.095235375689 ms
Peak memory: 0.0 MB
Time index, remove data from structure: 0.029356334370165747
Time for querying: 0.0
Time for new slide: 6.96354346196685
Time for expired slide: 0.8035474915027624
------------------------------------
Number clusters = 0.0
Max Number points in event queue = 0.0
Avg number points in clusters= 0.0
Avg Rmc size = 0.0
Avg Length exps= 0.0
Peak memory: 131.85964965820312 MB
Average CPU time: 7767.095235375689 ms
