#window: 1
Total #outliers: 869
Average Time: 0.0 ms
Peak memory: 0.0 MB
Time index, remove data from structure: 0.0
Time for querying: 0.0
Time for new slide: 0.0
Time for expired slide: 0.0
------------------------------------
Number clusters = 0.0
Max Number points in event queue = 0.0
Avg number points in clusters= 0.0
Avg Rmc size = 0.0
Avg Length exps= 0.0
#window: 2
Total #outliers: 906
Average Time: 41.6367115 ms
Peak memory: 0.0 MB
Time index, remove data from structure: 0.001304242
Time for querying: 0.0
Time for new slide: 0.035031908
Time for expired slide: 0.006602685
------------------------------------
Number clusters = 0.0
Max Number points in event queue = 0.0
Avg number points in clusters= 0.0
Avg Rmc size = 0.0
Avg Length exps= 0.0
#window: 3
Total #outliers: 932
Average Time: 54.85043866666667 ms
Peak memory: 0.0 MB
Time index, remove data from structure: 0.0015625889999999999
Time for querying: 0.0
Time for new slide: 0.04367959166666666
Time for expired slide: 0.011168409999999998
------------------------------------
Number clusters = 0.0
Max Number points in event queue = 0.0
Avg number points in clusters= 0.0
Avg Rmc size = 0.0
Avg Length exps= 0.0
#window: 4
Total #outliers: 993
Average Time: 68.99229325 ms
Peak memory: 0.0 MB
Time index, remove data from structure: 0.001609983
Time for querying: 0.0
Time for new slide: 0.0576503525
Time for expired slide: 0.0113392435
------------------------------------
Number clusters = 0.0
Max Number points in event queue = 0.0
Avg number points in clusters= 0.0
Avg Rmc size = 0.0
Avg Length exps= 0.0
#window: 5
Total #outliers: 1029
Average Time: 80.3055938 ms
Peak memory: 0.0 MB
Time index, remove data from structure: 0.001783093
Time for querying: 0.0
Time for new slide: 0.0647957474
Time for expired slide: 0.0155070584
------------------------------------
Number clusters = 0.0
Max Number points in event queue = 0.0
Avg number points in clusters= 0.0
Avg Rmc size = 0.0
Avg Length exps= 0.0
#window: 6
Total #outliers: 972
Average Time: 87.18759916666667 ms
Peak memory: 0.0 MB
Time index, remove data from structure: 0.0020634535
Time for querying: 0.0
Time for new slide: 0.06842725133333334
Time for expired slide: 0.018757592666666666
------------------------------------
Number clusters = 0.0
Max Number points in event queue = 0.0
Avg number points in clusters= 0.0
Avg Rmc size = 0.0
Avg Length exps= 0.0
#window: 7
Total #outliers: 1016
Average Time: 90.25063771428572 ms
Peak memory: 0.0 MB
Time index, remove data from structure: 0.002103424857142857
Time for querying: 0.0
Time for new slide: 0.07083538728571429
Time for expired slide: 0.01941241057142857
------------------------------------
Number clusters = 0.0
Max Number points in event queue = 0.0
Avg number points in clusters= 0.0
Avg Rmc size = 0.0
Avg Length exps= 0.0
#window: 8
Total #outliers: 1184
Average Time: 94.265168125 ms
Peak memory: 0.0 MB
Time index, remove data from structure: 0.002185699875
Time for querying: 0.0
Time for new slide: 0.07382396375
Time for expired slide: 0.020438284125
------------------------------------
Number clusters = 0.0
Max Number points in event queue = 0.0
Avg number points in clusters= 0.0
Avg Rmc size = 0.0
Avg Length exps= 0.0
#window: 9
Total #outliers: 1245
Average Time: 98.16669711111112 ms
Peak memory: 0.0 MB
Time index, remove data from structure: 0.0022231108888888886
Time for querying: 0.0
Time for new slide: 0.07688651533333334
Time for expired slide: 0.021277239333333333
------------------------------------
Number clusters = 0.0
Max Number points in event queue = 0.0
Avg number points in clusters= 0.0
Avg Rmc size = 0.0
Avg Length exps= 0.0
#window: 10
Total #outliers: 1313
Average Time: 100.89308480000001 ms
Peak memory: 0.0 MB
Time index, remove data from structure: 0.0022838802
Time for querying: 0.0
Time for new slide: 0.0790012044
Time for expired slide: 0.021888948999999998
------------------------------------
Number clusters = 0.0
Max Number points in event queue = 0.0
Avg number points in clusters= 0.0
Avg Rmc size = 0.0
Avg Length exps= 0.0
#window: 11
Total #outliers: 1399
Average Time: 103.76370927272728 ms
Peak memory: 0.0 MB
Time index, remove data from structure: 0.002392394090909091
Time for querying: 0.0
Time for new slide: 0.08098289327272727
Time for expired slide: 0.022777915727272727
------------------------------------
Number clusters = 0.0
Max Number points in event queue = 0.0
Avg number points in clusters= 0.0
Avg Rmc size = 0.0
Avg Length exps= 0.0
#window: 12
Total #outliers: 1440
Average Time: 102.96436033333333 ms
Peak memory: 0.0 MB
Time index, remove data from structure: 0.00253007
Time for querying: 0.0
Time for new slide: 0.07953060199999999
Time for expired slide: 0.0234307855
------------------------------------
Number clusters = 0.0
Max Number points in event queue = 0.0
Avg number points in clusters= 0.0
Avg Rmc size = 0.0
Avg Length exps= 0.0
#window: 13
Total #outliers: 1481
Average Time: 105.46694523076924 ms
Peak memory: 0.0 MB
Time index, remove data from structure: 0.002523276
Time for querying: 0.0
Time for new slide: 0.07944291546153846
Time for expired slide: 0.02602107153846154
------------------------------------
Number clusters = 0.0
Max Number points in event queue = 0.0
Avg number points in clusters= 0.0
Avg Rmc size = 0.0
Avg Length exps= 0.0
#window: 14
Total #outliers: 1493
Average Time: 106.9662212857143 ms
Peak memory: 0.0 MB
Time index, remove data from structure: 0.002510962785714286
Time for querying: 0.0
Time for new slide: 0.08140494414285715
Time for expired slide: 0.0255583385
------------------------------------
Number clusters = 0.0
Max Number points in event queue = 0.0
Avg number points in clusters= 0.0
Avg Rmc size = 0.0
Avg Length exps= 0.0
#window: 15
Total #outliers: 1488
Average Time: 110.27800626666668 ms
Peak memory: 0.0 MB
Time index, remove data from structure: 0.0024613826
Time for querying: 0.0
Time for new slide: 0.0852331292
Time for expired slide: 0.025039921266666664
------------------------------------
Number clusters = 0.0
Max Number points in event queue = 0.0
Avg number points in clusters= 0.0
Avg Rmc size = 0.0
Avg Length exps= 0.0
#window: 16
Total #outliers: 1526
Average Time: 112.0167744375 ms
Peak memory: 0.0 MB
Time index, remove data from structure: 0.002418375875
Time for querying: 0.0
Time for new slide: 0.0870551654375
Time for expired slide: 0.024956796
------------------------------------
Number clusters = 0.0
Max Number points in event queue = 0.0
Avg number points in clusters= 0.0
Avg Rmc size = 0.0
Avg Length exps= 0.0
#window: 17
Total #outliers: 1590
Average Time: 115.5972808235294 ms
Peak memory: 0.0 MB
Time index, remove data from structure: 0.0023992484117647058
Time for querying: 0.0
Time for new slide: 0.09026639411764706
Time for expired slide: 0.025326170999999998
------------------------------------
Number clusters = 0.0
Max Number points in event queue = 0.0
Avg number points in clusters= 0.0
Avg Rmc size = 0.0
Avg Length exps= 0.0
#window: 18
Total #outliers: 1708
Average Time: 117.03268772222224 ms
Peak memory: 0.0 MB
Time index, remove data from structure: 0.0023902336111111112
Time for querying: 0.0
Time for new slide: 0.09144921872222223
Time for expired slide: 0.02557884677777778
------------------------------------
Number clusters = 0.0
Max Number points in event queue = 0.0
Avg number points in clusters= 0.0
Avg Rmc size = 0.0
Avg Length exps= 0.0
#window: 19
Total #outliers: 1763
Average Time: 117.01269884210527 ms
Peak memory: 0.0 MB
Time index, remove data from structure: 0.0023703412105263158
Time for querying: 0.0
Time for new slide: 0.09173255568421053
Time for expired slide: 0.02527560505263158
------------------------------------
Number clusters = 0.0
Max Number points in event queue = 0.0
Avg number points in clusters= 0.0
Avg Rmc size = 0.0
Avg Length exps= 0.0
#window: 20
Total #outliers: 1699
Average Time: 117.49105420000001 ms
Peak memory: 0.0 MB
Time index, remove data from structure: 0.002358548
Time for querying: 0.0
Time for new slide: 0.09179948425
Time for expired slide: 0.02568710675
------------------------------------
Number clusters = 0.0
Max Number points in event queue = 0.0
Avg number points in clusters= 0.0
Avg Rmc size = 0.0
Avg Length exps= 0.0
#window: 21
Total #outliers: 1771
Average Time: 117.37892214285714 ms
Peak memory: 0.0 MB
Time index, remove data from structure: 0.0023971449047619046
Time for querying: 0.0
Time for new slide: 0.09122657547619048
Time for expired slide: 0.026147948571428575
------------------------------------
Number clusters = 0.0
Max Number points in event queue = 0.0
Avg number points in clusters= 0.0
Avg Rmc size = 0.0
Avg Length exps= 0.0
#window: 22
Total #outliers: 1703
Average Time: 116.47525818181819 ms
Peak memory: 0.0 MB
Time index, remove data from structure: 0.0023985051818181816
Time for querying: 0.0
Time for new slide: 0.09050425731818182
Time for expired slide: 0.025966653636363635
------------------------------------
Number clusters = 0.0
Max Number points in event queue = 0.0
Avg number points in clusters= 0.0
Avg Rmc size = 0.0
Avg Length exps= 0.0
#window: 23
Total #outliers: 1655
Average Time: 115.44459152173914 ms
Peak memory: 0.0 MB
Time index, remove data from structure: 0.002372251391304348
Time for querying: 0.0
Time for new slide: 0.08984978165217392
Time for expired slide: 0.025590521260869567
------------------------------------
Number clusters = 0.0
Max Number points in event queue = 0.0
Avg number points in clusters= 0.0
Avg Rmc size = 0.0
Avg Length exps= 0.0
#window: 24
Total #outliers: 1596
Average Time: 114.50358520833333 ms
Peak memory: 0.0 MB
Time index, remove data from structure: 0.0023372100833333334
Time for querying: 0.0
Time for new slide: 0.08931776633333333
Time for expired slide: 0.025181304333333335
------------------------------------
Number clusters = 0.0
Max Number points in event queue = 0.0
Avg number points in clusters= 0.0
Avg Rmc size = 0.0
Avg Length exps= 0.0
#window: 25
Total #outliers: 1722
Average Time: 114.38419180000001 ms
Peak memory: 0.0 MB
Time index, remove data from structure: 0.00234059916
Time for querying: 0.0
Time for new slide: 0.0887099668
Time for expired slide: 0.02566977164
------------------------------------
Number clusters = 0.0
Max Number points in event queue = 0.0
Avg number points in clusters= 0.0
Avg Rmc size = 0.0
Avg Length exps= 0.0
#window: 26
Total #outliers: 1673
Average Time: 115.25111088461539 ms
Peak memory: 0.0 MB
Time index, remove data from structure: 0.002414339115384615
Time for querying: 0.0
Time for new slide: 0.08838751961538462
Time for expired slide: 0.02685922376923077
------------------------------------
Number clusters = 0.0
Max Number points in event queue = 0.0
Avg number points in clusters= 0.0
Avg Rmc size = 0.0
Avg Length exps= 0.0
#window: 27
Total #outliers: 1717
Average Time: 115.28254818518519 ms
Peak memory: 0.0 MB
Time index, remove data from structure: 0.002452745925925926
Time for querying: 0.0
Time for new slide: 0.08819727418518519
Time for expired slide: 0.027080967444444444
------------------------------------
Number clusters = 0.0
Max Number points in event queue = 0.0
Avg number points in clusters= 0.0
Avg Rmc size = 0.0
Avg Length exps= 0.0
#window: 28
Total #outliers: 1772
Average Time: 116.70339864285714 ms
Peak memory: 0.0 MB
Time index, remove data from structure: 0.0025130296785714286
Time for querying: 0.0
Time for new slide: 0.08871503832142857
Time for expired slide: 0.027984081035714287
------------------------------------
Number clusters = 0.0
Max Number points in event queue = 0.0
Avg number points in clusters= 0.0
Avg Rmc size = 0.0
Avg Length exps= 0.0
#window: 29
Total #outliers: 1754
Average Time: 117.57608389655172 ms
Peak memory: 0.0 MB
Time index, remove data from structure: 0.0024936642413793107
Time for querying: 0.0
Time for new slide: 0.08961773234482759
Time for expired slide: 0.027954129862068963
------------------------------------
Number clusters = 0.0
Max Number points in event queue = 0.0
Avg number points in clusters= 0.0
Avg Rmc size = 0.0
Avg Length exps= 0.0
#window: 30
Total #outliers: 1673
Average Time: 117.42998169999998 ms
Peak memory: 0.0 MB
Time index, remove data from structure: 0.0024621424333333333
Time for querying: 0.0
Time for new slide: 0.08990512126666667
Time for expired slide: 0.027520683499999997
------------------------------------
Number clusters = 0.0
Max Number points in event queue = 0.0
Avg number points in clusters= 0.0
Avg Rmc size = 0.0
Avg Length exps= 0.0
#window: 31
Total #outliers: 1611
Average Time: 116.62338793548386 ms
Peak memory: 0.0 MB
Time index, remove data from structure: 0.0024307738387096775
Time for querying: 0.0
Time for new slide: 0.0894247623548387
Time for expired slide: 0.027194491
------------------------------------
Number clusters = 0.0
Max Number points in event queue = 0.0
Avg number points in clusters= 0.0
Avg Rmc size = 0.0
Avg Length exps= 0.0
#window: 32
Total #outliers: 1515
Average Time: 115.21838534374999 ms
Peak memory: 0.0 MB
Time index, remove data from structure: 0.00240007565625
Time for querying: 0.0
Time for new slide: 0.08841815775
Time for expired slide: 0.02679612746875
------------------------------------
Number clusters = 0.0
Max Number points in event queue = 0.0
Avg number points in clusters= 0.0
Avg Rmc size = 0.0
Avg Length exps= 0.0
#window: 33
Total #outliers: 1457
Average Time: 113.74946490909089 ms
Peak memory: 0.0 MB
Time index, remove data from structure: 0.002371428242424242
Time for querying: 0.0
Time for new slide: 0.08714989327272726
Time for expired slide: 0.026595526787878788
------------------------------------
Number clusters = 0.0
Max Number points in event queue = 0.0
Avg number points in clusters= 0.0
Avg Rmc size = 0.0
Avg Length exps= 0.0
#window: 34
Total #outliers: 1481
Average Time: 112.66044517647059 ms
Peak memory: 0.0 MB
Time index, remove data from structure: 0.0023444512647058826
Time for querying: 0.0
Time for new slide: 0.08647813494117647
Time for expired slide: 0.026178309970588235
------------------------------------
Number clusters = 0.0
Max Number points in event queue = 0.0
Avg number points in clusters= 0.0
Avg Rmc size = 0.0
Avg Length exps= 0.0
#window: 35
Total #outliers: 1496
Average Time: 111.96019271428571 ms
Peak memory: 0.0 MB
Time index, remove data from structure: 0.0023140904571428574
Time for querying: 0.0
Time for new slide: 0.08618372328571429
Time for expired slide: 0.025772515657142857
------------------------------------
Number clusters = 0.0
Max Number points in event queue = 0.0
Avg number points in clusters= 0.0
Avg Rmc size = 0.0
Avg Length exps= 0.0
#window: 36
Total #outliers: 1523
Average Time: 111.46838019444444 ms
Peak memory: 0.0 MB
Time index, remove data from structure: 0.002289976361111111
Time for querying: 0.0
Time for new slide: 0.08606456038888889
Time for expired slide: 0.025399890083333335
------------------------------------
Number clusters = 0.0
Max Number points in event queue = 0.0
Avg number points in clusters= 0.0
Avg Rmc size = 0.0
Avg Length exps= 0.0
#window: 37
Total #outliers: 1578
Average Time: 111.25536727027027 ms
Peak memory: 0.0 MB
Time index, remove data from structure: 0.0022787618918918917
Time for querying: 0.0
Time for new slide: 0.08573302286486487
Time for expired slide: 0.025518418864864865
------------------------------------
Number clusters = 0.0
Max Number points in event queue = 0.0
Avg number points in clusters= 0.0
Avg Rmc size = 0.0
Avg Length exps= 0.0
#window: 38
Total #outliers: 1519
Average Time: 110.84631113157896 ms
Peak memory: 0.0 MB
Time index, remove data from structure: 0.002258605657894737
Time for querying: 0.0
Time for new slide: 0.08563749557894736
Time for expired slide: 0.025204922263157892
------------------------------------
Number clusters = 0.0
Max Number points in event queue = 0.0
Avg number points in clusters= 0.0
Avg Rmc size = 0.0
Avg Length exps= 0.0
#window: 39
Total #outliers: 1431
Average Time: 110.206758974359 ms
Peak memory: 0.0 MB
Time index, remove data from structure: 0.002232504128205128
Time for querying: 0.0
Time for new slide: 0.08534107517948718
Time for expired slide: 0.02486182348717949
------------------------------------
Number clusters = 0.0
Max Number points in event queue = 0.0
Avg number points in clusters= 0.0
Avg Rmc size = 0.0
Avg Length exps= 0.0
#window: 40
Total #outliers: 1432
Average Time: 109.94999752500001 ms
Peak memory: 0.0 MB
Time index, remove data from structure: 0.0022118241
Time for querying: 0.0
Time for new slide: 0.0854237902
Time for expired slide: 0.02452236595
------------------------------------
Number clusters = 0.0
Max Number points in event queue = 0.0
Avg number points in clusters= 0.0
Avg Rmc size = 0.0
Avg Length exps= 0.0
#window: 41
Total #outliers: 1519
Average Time: 112.59510226829269 ms
Peak memory: 0.0 MB
Time index, remove data from structure: 0.0021916103170731708
Time for querying: 0.0
Time for new slide: 0.0883633136097561
Time for expired slide: 0.024227975585365855
------------------------------------
Number clusters = 0.0
Max Number points in event queue = 0.0
Avg number points in clusters= 0.0
Avg Rmc size = 0.0
Avg Length exps= 0.0
#window: 42
Total #outliers: 1508
Average Time: 113.608855 ms
Peak memory: 0.0 MB
Time index, remove data from structure: 0.002180833976190476
Time for querying: 0.0
Time for new slide: 0.0891848298095238
Time for expired slide: 0.0244202455
------------------------------------
Number clusters = 0.0
Max Number points in event queue = 0.0
Avg number points in clusters= 0.0
Avg Rmc size = 0.0
Avg Length exps= 0.0
#window: 43
Total #outliers: 1357
Average Time: 114.85809469767445 ms
Peak memory: 0.0 MB
Time index, remove data from structure: 0.0021699376511627906
Time for querying: 0.0
Time for new slide: 0.09058156325581396
Time for expired slide: 0.02427277676744186
------------------------------------
Number clusters = 0.0
Max Number points in event queue = 0.0
Avg number points in clusters= 0.0
Avg Rmc size = 0.0
Avg Length exps= 0.0
#window: 44
Total #outliers: 1406
Average Time: 115.30826965909093 ms
Peak memory: 0.0 MB
Time index, remove data from structure: 0.0021534166363636367
Time for querying: 0.0
Time for new slide: 0.09121442747727272
Time for expired slide: 0.02409011184090909
------------------------------------
Number clusters = 0.0
Max Number points in event queue = 0.0
Avg number points in clusters= 0.0
Avg Rmc size = 0.0
Avg Length exps= 0.0
#window: 45
Total #outliers: 1272
Average Time: 115.82683326666668 ms
Peak memory: 0.0 MB
Time index, remove data from structure: 0.002140834511111111
Time for querying: 0.0
Time for new slide: 0.09172936528888888
Time for expired slide: 0.024093763777777777
------------------------------------
Number clusters = 0.0
Max Number points in event queue = 0.0
Avg number points in clusters= 0.0
Avg Rmc size = 0.0
Avg Length exps= 0.0
#window: 46
Total #outliers: 1049
Average Time: 115.9899521304348 ms
Peak memory: 0.0 MB
Time index, remove data from structure: 0.002123275695652174
Time for querying: 0.0
Time for new slide: 0.09216842763043478
Time for expired slide: 0.023817841869565214
------------------------------------
Number clusters = 0.0
Max Number points in event queue = 0.0
Avg number points in clusters= 0.0
Avg Rmc size = 0.0
Avg Length exps= 0.0
#window: 47
Total #outliers: 939
Average Time: 116.90240242553193 ms
Peak memory: 0.0 MB
Time index, remove data from structure: 0.0021081960638297875
Time for querying: 0.0
Time for new slide: 0.09337221440425532
Time for expired slide: 0.02352651055319149
------------------------------------
Number clusters = 0.0
Max Number points in event queue = 0.0
Avg number points in clusters= 0.0
Avg Rmc size = 0.0
Avg Length exps= 0.0
#window: 48
Total #outliers: 995
Average Time: 118.03438981250001 ms
Peak memory: 0.0 MB
Time index, remove data from structure: 0.002092175145833333
Time for querying: 0.0
Time for new slide: 0.09468772960416666
Time for expired slide: 0.0233430018125
------------------------------------
Number clusters = 0.0
Max Number points in event queue = 0.0
Avg number points in clusters= 0.0
Avg Rmc size = 0.0
Avg Length exps= 0.0
#window: 49
Total #outliers: 1058
Average Time: 118.33351000000002 ms
Peak memory: 0.0 MB
Time index, remove data from structure: 0.0020763964081632652
Time for querying: 0.0
Time for new slide: 0.09524645430612246
Time for expired slide: 0.023083406326530612
------------------------------------
Number clusters = 0.0
Max Number points in event queue = 0.0
Avg number points in clusters= 0.0
Avg Rmc size = 0.0
Avg Length exps= 0.0
#window: 50
Total #outliers: 1221
Average Time: 119.08337198000002 ms
Peak memory: 0.0 MB
Time index, remove data from structure: 0.00206167736
Time for querying: 0.0
Time for new slide: 0.09621797836000001
Time for expired slide: 0.02286176496
------------------------------------
Number clusters = 0.0
Max Number points in event queue = 0.0
Avg number points in clusters= 0.0
Avg Rmc size = 0.0
Avg Length exps= 0.0
#window: 51
Total #outliers: 2121
Average Time: 123.66071496078433 ms
Peak memory: 0.0 MB
Time index, remove data from structure: 0.002046485745098039
Time for querying: 0.0
Time for new slide: 0.10098035256862746
Time for expired slide: 0.02267676049019608
------------------------------------
Number clusters = 0.0
Max Number points in event queue = 0.0
Avg number points in clusters= 0.0
Avg Rmc size = 0.0
Avg Length exps= 0.0
#window: 52
Total #outliers: 1563
Average Time: 135.57312340384618 ms
Peak memory: 0.0 MB
Time index, remove data from structure: 0.0020320524807692308
Time for querying: 0.0
Time for new slide: 0.11268583203846154
Time for expired slide: 0.022883698134615386
------------------------------------
Number clusters = 0.0
Max Number points in event queue = 0.0
Avg number points in clusters= 0.0
Avg Rmc size = 0.0
Avg Length exps= 0.0
#window: 53
Total #outliers: 1458
Average Time: 142.27951379245286 ms
Peak memory: 0.0 MB
Time index, remove data from structure: 0.002020661754716981
Time for querying: 0.0
Time for new slide: 0.11942777350943397
Time for expired slide: 0.022848152603773583
------------------------------------
Number clusters = 0.0
Max Number points in event queue = 0.0
Avg number points in clusters= 0.0
Avg Rmc size = 0.0
Avg Length exps= 0.0
#window: 54
Total #outliers: 1285
Average Time: 146.5679998703704 ms
Peak memory: 0.0 MB
Time index, remove data from structure: 0.002010542962962963
Time for querying: 0.0
Time for new slide: 0.12363163320370371
Time for expired slide: 0.022932790925925928
------------------------------------
Number clusters = 0.0
Max Number points in event queue = 0.0
Avg number points in clusters= 0.0
Avg Rmc size = 0.0
Avg Length exps= 0.0
#window: 55
Total #outliers: 1333
Average Time: 147.76346923636362 ms
Peak memory: 0.0 MB
Time index, remove data from structure: 0.0019971328
Time for querying: 0.0
Time for new slide: 0.12495332427272726
Time for expired slide: 0.02280657949090909
------------------------------------
Number clusters = 0.0
Max Number points in event queue = 0.0
Avg number points in clusters= 0.0
Avg Rmc size = 0.0
Avg Length exps= 0.0
#window: 56
Total #outliers: 1446
Average Time: 148.44250844642855 ms
Peak memory: 0.0 MB
Time index, remove data from structure: 0.001986602464285714
Time for querying: 0.0
Time for new slide: 0.12561050925
Time for expired slide: 0.022828437964285714
------------------------------------
Number clusters = 0.0
Max Number points in event queue = 0.0
Avg number points in clusters= 0.0
Avg Rmc size = 0.0
Avg Length exps= 0.0
#window: 57
Total #outliers: 1436
Average Time: 151.08445136842104 ms
Peak memory: 0.0 MB
Time index, remove data from structure: 0.001983519438596491
Time for querying: 0.0
Time for new slide: 0.12796784121052632
Time for expired slide: 0.02311305405263158
------------------------------------
Number clusters = 0.0
Max Number points in event queue = 0.0
Avg number points in clusters= 0.0
Avg Rmc size = 0.0
Avg Length exps= 0.0
#window: 58
Total #outliers: 1738
Average Time: 156.27600418965517 ms
Peak memory: 0.0 MB
Time index, remove data from structure: 0.0020128496896551725
Time for querying: 0.0
Time for new slide: 0.13258881725862068
Time for expired slide: 0.02368364444827586
------------------------------------
Number clusters = 0.0
Max Number points in event queue = 0.0
Avg number points in clusters= 0.0
Avg Rmc size = 0.0
Avg Length exps= 0.0
#window: 59
Total #outliers: 2369
Average Time: 161.32053998305085 ms
Peak memory: 0.0 MB
Time index, remove data from structure: 0.0020928345084745763
Time for querying: 0.0
Time for new slide: 0.13654306762711862
Time for expired slide: 0.02477394074576271
------------------------------------
Number clusters = 0.0
Max Number points in event queue = 0.0
Avg number points in clusters= 0.0
Avg Rmc size = 0.0
Avg Length exps= 0.0
#window: 60
Total #outliers: 2756
Average Time: 168.13657488333334 ms
Peak memory: 0.0 MB
Time index, remove data from structure: 0.0021182306833333335
Time for querying: 0.0
Time for new slide: 0.14267907661666665
Time for expired slide: 0.025453977949999998
------------------------------------
Number clusters = 0.0
Max Number points in event queue = 0.0
Avg number points in clusters= 0.0
Avg Rmc size = 0.0
Avg Length exps= 0.0
#window: 61
Total #outliers: 2631
Average Time: 176.14913647540985 ms
Peak memory: 0.0 MB
Time index, remove data from structure: 0.0021129516721311477
Time for querying: 0.0
Time for new slide: 0.15009827924590163
Time for expired slide: 0.026047343721311476
------------------------------------
Number clusters = 0.0
Max Number points in event queue = 0.0
Avg number points in clusters= 0.0
Avg Rmc size = 0.0
Avg Length exps= 0.0
#window: 62
Total #outliers: 2393
Average Time: 183.7546570967742 ms
Peak memory: 0.0 MB
Time index, remove data from structure: 0.002125008951612903
Time for querying: 0.0
Time for new slide: 0.15726256680645162
Time for expired slide: 0.02648858701612903
------------------------------------
Number clusters = 0.0
Max Number points in event queue = 0.0
Avg number points in clusters= 0.0
Avg Rmc size = 0.0
Avg Length exps= 0.0
#window: 63
Total #outliers: 2252
Average Time: 190.18627985714284 ms
Peak memory: 0.0 MB
Time index, remove data from structure: 0.002185706285714286
Time for querying: 0.0
Time for new slide: 0.16304068492063492
Time for expired slide: 0.027142098952380952
------------------------------------
Number clusters = 0.0
Max Number points in event queue = 0.0
Avg number points in clusters= 0.0
Avg Rmc size = 0.0
Avg Length exps= 0.0
#window: 64
Total #outliers: 2022
Average Time: 195.025572578125 ms
Peak memory: 0.0 MB
Time index, remove data from structure: 0.00225930946875
Time for querying: 0.0
Time for new slide: 0.167163359171875
Time for expired slide: 0.027858724171875
------------------------------------
Number clusters = 0.0
Max Number points in event queue = 0.0
Avg number points in clusters= 0.0
Avg Rmc size = 0.0
Avg Length exps= 0.0
#window: 65
Total #outliers: 1857
Average Time: 196.98317583076923 ms
Peak memory: 0.0 MB
Time index, remove data from structure: 0.00233489
Time for querying: 0.0
Time for new slide: 0.16862338896923076
Time for expired slide: 0.02835630253846154
------------------------------------
Number clusters = 0.0
Max Number points in event queue = 0.0
Avg number points in clusters= 0.0
Avg Rmc size = 0.0
Avg Length exps= 0.0
#window: 66
Total #outliers: 1857
Average Time: 198.84451915151516 ms
Peak memory: 0.0 MB
Time index, remove data from structure: 0.0023505317575757577
Time for querying: 0.0
Time for new slide: 0.17022111987878788
Time for expired slide: 0.028619919969696973
------------------------------------
Number clusters = 0.0
Max Number points in event queue = 0.0
Avg number points in clusters= 0.0
Avg Rmc size = 0.0
Avg Length exps= 0.0
#window: 67
Total #outliers: 1860
Average Time: 199.9812681044776 ms
Peak memory: 0.0 MB
Time index, remove data from structure: 0.0023453382388059704
Time for querying: 0.0
Time for new slide: 0.1713340067313433
Time for expired slide: 0.028643794014925374
------------------------------------
Number clusters = 0.0
Max Number points in event queue = 0.0
Avg number points in clusters= 0.0
Avg Rmc size = 0.0
Avg Length exps= 0.0
#window: 68
Total #outliers: 1794
Average Time: 200.99375907352942 ms
Peak memory: 0.0 MB
Time index, remove data from structure: 0.0023374081911764705
Time for querying: 0.0
Time for new slide: 0.17242016502941176
Time for expired slide: 0.02857014180882353
------------------------------------
Number clusters = 0.0
Max Number points in event queue = 0.0
Avg number points in clusters= 0.0
Avg Rmc size = 0.0
Avg Length exps= 0.0
#window: 69
Total #outliers: 1925
Average Time: 202.34357811594202 ms
Peak memory: 0.0 MB
Time index, remove data from structure: 0.0023473883768115942
Time for querying: 0.0
Time for new slide: 0.17365911285507246
Time for expired slide: 0.028681025695652174
------------------------------------
Number clusters = 0.0
Max Number points in event queue = 0.0
Avg number points in clusters= 0.0
Avg Rmc size = 0.0
Avg Length exps= 0.0
#window: 70
Total #outliers: 1851
Average Time: 204.02140647142858 ms
Peak memory: 0.0 MB
Time index, remove data from structure: 0.002412453742857143
Time for querying: 0.0
Time for new slide: 0.17526690741428572
Time for expired slide: 0.028751067557142854
------------------------------------
Number clusters = 0.0
Max Number points in event queue = 0.0
Avg number points in clusters= 0.0
Avg Rmc size = 0.0
Avg Length exps= 0.0
#window: 71
Total #outliers: 1872
Average Time: 205.90904363380287 ms
Peak memory: 0.0 MB
Time index, remove data from structure: 0.002405751394366197
Time for querying: 0.0
Time for new slide: 0.17718373469014084
Time for expired slide: 0.028721877971830984
------------------------------------
Number clusters = 0.0
Max Number points in event queue = 0.0
Avg number points in clusters= 0.0
Avg Rmc size = 0.0
Avg Length exps= 0.0
#window: 72
Total #outliers: 1842
Average Time: 208.2200886388889 ms
Peak memory: 0.0 MB
Time index, remove data from structure: 0.002407414277777778
Time for querying: 0.0
Time for new slide: 0.178964651875
Time for expired slide: 0.029252014111111113
------------------------------------
Number clusters = 0.0
Max Number points in event queue = 0.0
Avg number points in clusters= 0.0
Avg Rmc size = 0.0
Avg Length exps= 0.0
#window: 73
Total #outliers: 1886
Average Time: 210.0752503013699 ms
Peak memory: 0.0 MB
Time index, remove data from structure: 0.0024034997260273974
Time for querying: 0.0
Time for new slide: 0.18057182939726027
Time for expired slide: 0.02950000820547945
------------------------------------
Number clusters = 0.0
Max Number points in event queue = 0.0
Avg number points in clusters= 0.0
Avg Rmc size = 0.0
Avg Length exps= 0.0
#window: 74
Total #outliers: 1889
Average Time: 212.51181381081085 ms
Peak memory: 0.0 MB
Time index, remove data from structure: 0.002410093162162162
Time for querying: 0.0
Time for new slide: 0.18261713206756758
Time for expired slide: 0.029891277175675676
------------------------------------
Number clusters = 0.0
Max Number points in event queue = 0.0
Avg number points in clusters= 0.0
Avg Rmc size = 0.0
Avg Length exps= 0.0
#window: 75
Total #outliers: 1805
Average Time: 214.29155269333336 ms
Peak memory: 0.0 MB
Time index, remove data from structure: 0.002404177213333333
Time for querying: 0.0
Time for new slide: 0.18412065358666665
Time for expired slide: 0.030167501240000002
------------------------------------
Number clusters = 0.0
Max Number points in event queue = 0.0
Avg number points in clusters= 0.0
Avg Rmc size = 0.0
Avg Length exps= 0.0
#window: 76
Total #outliers: 1675
Average Time: 215.66009327631582 ms
Peak memory: 0.0 MB
Time index, remove data from structure: 0.0023925061315789474
Time for querying: 0.0
Time for new slide: 0.18550169460526317
Time for expired slide: 0.030155005092105266
------------------------------------
Number clusters = 0.0
Max Number points in event queue = 0.0
Avg number points in clusters= 0.0
Avg Rmc size = 0.0
Avg Length exps= 0.0
#window: 77
Total #outliers: 1761
Average Time: 217.96763233766234 ms
Peak memory: 0.0 MB
Time index, remove data from structure: 0.002391244519480519
Time for querying: 0.0
Time for new slide: 0.18761807209090908
Time for expired slide: 0.030346170532467534
------------------------------------
Number clusters = 0.0
Max Number points in event queue = 0.0
Avg number points in clusters= 0.0
Avg Rmc size = 0.0
Avg Length exps= 0.0
#window: 78
Total #outliers: 1861
Average Time: 221.19296508974358 ms
Peak memory: 0.0 MB
Time index, remove data from structure: 0.0024275904102564103
Time for querying: 0.0
Time for new slide: 0.18929812807692306
Time for expired slide: 0.03189144501282051
------------------------------------
Number clusters = 0.0
Max Number points in event queue = 0.0
Avg number points in clusters= 0.0
Avg Rmc size = 0.0
Avg Length exps= 0.0
#window: 79
Total #outliers: 2037
Average Time: 221.6348869493671 ms
Peak memory: 0.0 MB
Time index, remove data from structure: 0.002473009316455696
Time for querying: 0.0
Time for new slide: 0.18837128103797468
Time for expired slide: 0.033260219962025314
------------------------------------
Number clusters = 0.0
Max Number points in event queue = 0.0
Avg number points in clusters= 0.0
Avg Rmc size = 0.0
Avg Length exps= 0.0
#window: 80
Total #outliers: 1908
Average Time: 221.65513495 ms
Peak memory: 0.0 MB
Time index, remove data from structure: 0.0025418662125
Time for querying: 0.0
Time for new slide: 0.1876333253375
Time for expired slide: 0.0340184290625
------------------------------------
Number clusters = 0.0
Max Number points in event queue = 0.0
Avg number points in clusters= 0.0
Avg Rmc size = 0.0
Avg Length exps= 0.0
#window: 81
Total #outliers: 1753
Average Time: 221.43094780246915 ms
Peak memory: 0.0 MB
Time index, remove data from structure: 0.0025965789629629633
Time for querying: 0.0
Time for new slide: 0.18686107244444444
Time for expired slide: 0.03456649714814815
------------------------------------
Number clusters = 0.0
Max Number points in event queue = 0.0
Avg number points in clusters= 0.0
Avg Rmc size = 0.0
Avg Length exps= 0.0
#window: 82
Total #outliers: 1692
Average Time: 220.82926775609758 ms
Peak memory: 0.0 MB
Time index, remove data from structure: 0.002644319536585366
Time for querying: 0.0
Time for new slide: 0.1858877927804878
Time for expired slide: 0.03493810424390244
------------------------------------
Number clusters = 0.0
Max Number points in event queue = 0.0
Avg number points in clusters= 0.0
Avg Rmc size = 0.0
Avg Length exps= 0.0
#window: 83
Total #outliers: 1143
Average Time: 220.23257657831329 ms
Peak memory: 0.0 MB
Time index, remove data from structure: 0.0027327903493975904
Time for querying: 0.0
Time for new slide: 0.18467102459036144
Time for expired slide: 0.03555819242168674
------------------------------------
Number clusters = 0.0
Max Number points in event queue = 0.0
Avg number points in clusters= 0.0
Avg Rmc size = 0.0
Avg Length exps= 0.0
#window: 84
Total #outliers: 1114
Average Time: 219.4252530833334 ms
Peak memory: 0.0 MB
Time index, remove data from structure: 0.002769363726190476
Time for querying: 0.0
Time for new slide: 0.18358922579761905
Time for expired slide: 0.03583267236904762
------------------------------------
Number clusters = 0.0
Max Number points in event queue = 0.0
Avg number points in clusters= 0.0
Avg Rmc size = 0.0
Avg Length exps= 0.0
#window: 85
Total #outliers: 1262
Average Time: 218.50439487058827 ms
Peak memory: 0.0 MB
Time index, remove data from structure: 0.0027845875411764707
Time for querying: 0.0
Time for new slide: 0.18247155567058823
Time for expired slide: 0.03602949357647059
------------------------------------
Number clusters = 0.0
Max Number points in event queue = 0.0
Avg number points in clusters= 0.0
Avg Rmc size = 0.0
Avg Length exps= 0.0
#window: 86
Total #outliers: 1320
Average Time: 217.46485962790697 ms
Peak memory: 0.0 MB
Time index, remove data from structure: 0.002783325360465116
Time for querying: 0.0
Time for new slide: 0.18164398839534884
Time for expired slide: 0.03581753275581395
------------------------------------
Number clusters = 0.0
Max Number points in event queue = 0.0
Avg number points in clusters= 0.0
Avg Rmc size = 0.0
Avg Length exps= 0.0
#window: 87
Total #outliers: 1443
Average Time: 216.5977880804598 ms
Peak memory: 0.0 MB
Time index, remove data from structure: 0.0027849704137931034
Time for querying: 0.0
Time for new slide: 0.1808706451954023
Time for expired slide: 0.035723806252873566
------------------------------------
Number clusters = 0.0
Max Number points in event queue = 0.0
Avg number points in clusters= 0.0
Avg Rmc size = 0.0
Avg Length exps= 0.0
#window: 88
Total #outliers: 1428
Average Time: 215.6098723522728 ms
Peak memory: 0.0 MB
Time index, remove data from structure: 0.0027859826818181816
Time for querying: 0.0
Time for new slide: 0.1799375460340909
Time for expired slide: 0.03566899388636364
------------------------------------
Number clusters = 0.0
Max Number points in event queue = 0.0
Avg number points in clusters= 0.0
Avg Rmc size = 0.0
Avg Length exps= 0.0
#window: 89
Total #outliers: 1530
Average Time: 214.88472585393262 ms
Peak memory: 0.0 MB
Time index, remove data from structure: 0.0027868535955056176
Time for querying: 0.0
Time for new slide: 0.17906181995505618
Time for expired slide: 0.03581957834831461
------------------------------------
Number clusters = 0.0
Max Number points in event queue = 0.0
Avg number points in clusters= 0.0
Avg Rmc size = 0.0
Avg Length exps= 0.0
#window: 90
Total #outliers: 1468
Average Time: 214.23454511111115 ms
Peak memory: 0.0 MB
Time index, remove data from structure: 0.0027956767111111114
Time for querying: 0.0
Time for new slide: 0.17828982564444446
Time for expired slide: 0.0359413954
------------------------------------
Number clusters = 0.0
Max Number points in event queue = 0.0
Avg number points in clusters= 0.0
Avg Rmc size = 0.0
Avg Length exps= 0.0
#window: 91
Total #outliers: 1355
Average Time: 214.34621814285717 ms
Peak memory: 0.0 MB
Time index, remove data from structure: 0.0027923395274725275
Time for querying: 0.0
Time for new slide: 0.17841182070329673
Time for expired slide: 0.035931078153846156
------------------------------------
Number clusters = 0.0
Max Number points in event queue = 0.0
Avg number points in clusters= 0.0
Avg Rmc size = 0.0
Avg Length exps= 0.0
#window: 92
Total #outliers: 1272
Average Time: 213.8797890326087 ms
Peak memory: 0.0 MB
Time index, remove data from structure: 0.0027871398804347825
Time for querying: 0.0
Time for new slide: 0.17794463029347826
Time for expired slide: 0.03593184405434783
------------------------------------
Number clusters = 0.0
Max Number points in event queue = 0.0
Avg number points in clusters= 0.0
Avg Rmc size = 0.0
Avg Length exps= 0.0
#window: 93
Total #outliers: 1097
Average Time: 213.12004110752687 ms
Peak memory: 0.0 MB
Time index, remove data from structure: 0.0027819686451612904
Time for querying: 0.0
Time for new slide: 0.17714886286021506
Time for expired slide: 0.03596786544086022
------------------------------------
Number clusters = 0.0
Max Number points in event queue = 0.0
Avg number points in clusters= 0.0
Avg Rmc size = 0.0
Avg Length exps= 0.0
#window: 94
Total #outliers: 963
Average Time: 212.42664882978724 ms
Peak memory: 0.0 MB
Time index, remove data from structure: 0.0027815303936170213
Time for querying: 0.0
Time for new slide: 0.17642227820212766
Time for expired slide: 0.03600106085106383
------------------------------------
Number clusters = 0.0
Max Number points in event queue = 0.0
Avg number points in clusters= 0.0
Avg Rmc size = 0.0
Avg Length exps= 0.0
#window: 95
Total #outliers: 879
Average Time: 211.91098290526315 ms
Peak memory: 0.0 MB
Time index, remove data from structure: 0.0027861440736842106
Time for querying: 0.0
Time for new slide: 0.17582170171578948
Time for expired slide: 0.03608597462105263
------------------------------------
Number clusters = 0.0
Max Number points in event queue = 0.0
Avg number points in clusters= 0.0
Avg Rmc size = 0.0
Avg Length exps= 0.0
#window: 96
Total #outliers: 825
Average Time: 211.04031338541665 ms
Peak memory: 0.0 MB
Time index, remove data from structure: 0.0027964092395833333
Time for querying: 0.0
Time for new slide: 0.17498278148958335
Time for expired slide: 0.03605422803125
------------------------------------
Number clusters = 0.0
Max Number points in event queue = 0.0
Avg number points in clusters= 0.0
Avg Rmc size = 0.0
Avg Length exps= 0.0
#window: 97
Total #outliers: 877
Average Time: 210.1126450515464 ms
Peak memory: 0.0 MB
Time index, remove data from structure: 0.0027937942474226805
Time for querying: 0.0
Time for new slide: 0.17422338705154639
Time for expired slide: 0.035885960309278354
------------------------------------
Number clusters = 0.0
Max Number points in event queue = 0.0
Avg number points in clusters= 0.0
Avg Rmc size = 0.0
Avg Length exps= 0.0
#window: 98
Total #outliers: 984
Average Time: 209.3274162857143 ms
Peak memory: 0.0 MB
Time index, remove data from structure: 0.0027852722346938773
Time for querying: 0.0
Time for new slide: 0.17353450503061224
Time for expired slide: 0.03578961928571429
------------------------------------
Number clusters = 0.0
Max Number points in event queue = 0.0
Avg number points in clusters= 0.0
Avg Rmc size = 0.0
Avg Length exps= 0.0
#window: 99
Total #outliers: 1019
Average Time: 208.50206633333335 ms
Peak memory: 0.0 MB
Time index, remove data from structure: 0.0027873292525252527
Time for querying: 0.0
Time for new slide: 0.17278407061616163
Time for expired slide: 0.03571470637373737
------------------------------------
Number clusters = 0.0
Max Number points in event queue = 0.0
Avg number points in clusters= 0.0
Avg Rmc size = 0.0
Avg Length exps= 0.0
#window: 100
Total #outliers: 1035
Average Time: 207.57079678000002 ms
Peak memory: 0.0 MB
Time index, remove data from structure: 0.00278247707
Time for querying: 0.0
Time for new slide: 0.17203796565
Time for expired slide: 0.03552954532
------------------------------------
Number clusters = 0.0
Max Number points in event queue = 0.0
Avg number points in clusters= 0.0
Avg Rmc size = 0.0
Avg Length exps= 0.0
#window: 101
Total #outliers: 1020
Average Time: 206.72080631683167 ms
Peak memory: 0.0 MB
Time index, remove data from structure: 0.002782396435643564
Time for querying: 0.0
Time for new slide: 0.1712609812178218
Time for expired slide: 0.03545653832673267
------------------------------------
Number clusters = 0.0
Max Number points in event queue = 0.0
Avg number points in clusters= 0.0
Avg Rmc size = 0.0
Avg Length exps= 0.0
#window: 102
Total #outliers: 1115
Average Time: 206.0242616764706 ms
Peak memory: 0.0 MB
Time index, remove data from structure: 0.0027819233431372547
Time for querying: 0.0
Time for new slide: 0.17064949790196077
Time for expired slide: 0.035371480450980396
------------------------------------
Number clusters = 0.0
Max Number points in event queue = 0.0
Avg number points in clusters= 0.0
Avg Rmc size = 0.0
Avg Length exps= 0.0
#window: 103
Total #outliers: 1091
Average Time: 205.53558036893205 ms
Peak memory: 0.0 MB
Time index, remove data from structure: 0.0027817190582524274
Time for querying: 0.0
Time for new slide: 0.17018612057281554
Time for expired slide: 0.03534617595145631
------------------------------------
Number clusters = 0.0
Max Number points in event queue = 0.0
Avg number points in clusters= 0.0
Avg Rmc size = 0.0
Avg Length exps= 0.0
#window: 104
Total #outliers: 1134
Average Time: 205.3528724903846 ms
Peak memory: 0.0 MB
Time index, remove data from structure: 0.002780895682692308
Time for querying: 0.0
Time for new slide: 0.1699027859230769
Time for expired slide: 0.03544680631730769
------------------------------------
Number clusters = 0.0
Max Number points in event queue = 0.0
Avg number points in clusters= 0.0
Avg Rmc size = 0.0
Avg Length exps= 0.0
#window: 105
Total #outliers: 1143
Average Time: 205.07763048571428 ms
Peak memory: 0.0 MB
Time index, remove data from structure: 0.0027847099333333336
Time for querying: 0.0
Time for new slide: 0.1696221707142857
Time for expired slide: 0.03545218089523809
------------------------------------
Number clusters = 0.0
Max Number points in event queue = 0.0
Avg number points in clusters= 0.0
Avg Rmc size = 0.0
Avg Length exps= 0.0
#window: 106
Total #outliers: 1151
Average Time: 205.0757773207547 ms
Peak memory: 0.0 MB
Time index, remove data from structure: 0.0027889354528301885
Time for querying: 0.0
Time for new slide: 0.16960586531132077
Time for expired slide: 0.03546663321698113
------------------------------------
Number clusters = 0.0
Max Number points in event queue = 0.0
Avg number points in clusters= 0.0
Avg Rmc size = 0.0
Avg Length exps= 0.0
#window: 107
Total #outliers: 1231
Average Time: 205.04360490654201 ms
Peak memory: 0.0 MB
Time index, remove data from structure: 0.00278967161682243
Time for querying: 0.0
Time for new slide: 0.16956947742056075
Time for expired slide: 0.03547084768224299
------------------------------------
Number clusters = 0.0
Max Number points in event queue = 0.0
Avg number points in clusters= 0.0
Avg Rmc size = 0.0
Avg Length exps= 0.0
#window: 108
Total #outliers: 1193
Average Time: 204.99944085185183 ms
Peak memory: 0.0 MB
Time index, remove data from structure: 0.0027919055925925925
Time for querying: 0.0
Time for new slide: 0.16942352947222222
Time for expired slide: 0.03557262962962963
------------------------------------
Number clusters = 0.0
Max Number points in event queue = 0.0
Avg number points in clusters= 0.0
Avg Rmc size = 0.0
Avg Length exps= 0.0
#window: 109
Total #outliers: 1076
Average Time: 204.80657051376144 ms
Peak memory: 0.0 MB
Time index, remove data from structure: 0.0027957997155963303
Time for querying: 0.0
Time for new slide: 0.1692548717614679
Time for expired slide: 0.03554841573394495
------------------------------------
Number clusters = 0.0
Max Number points in event queue = 0.0
Avg number points in clusters= 0.0
Avg Rmc size = 0.0
Avg Length exps= 0.0
#window: 110
Total #outliers: 1107
Average Time: 204.6600564272727 ms
Peak memory: 0.0 MB
Time index, remove data from structure: 0.0027985247636363635
Time for querying: 0.0
Time for new slide: 0.16919397011818182
Time for expired slide: 0.03546280310909091
------------------------------------
Number clusters = 0.0
Max Number points in event queue = 0.0
Avg number points in clusters= 0.0
Avg Rmc size = 0.0
Avg Length exps= 0.0
#window: 111
Total #outliers: 1148
Average Time: 204.77987623423422 ms
Peak memory: 0.0 MB
Time index, remove data from structure: 0.0028232853243243244
Time for querying: 0.0
Time for new slide: 0.16935039326126125
Time for expired slide: 0.035426203072072074
------------------------------------
Number clusters = 0.0
Max Number points in event queue = 0.0
Avg number points in clusters= 0.0
Avg Rmc size = 0.0
Avg Length exps= 0.0
#window: 112
Total #outliers: 1182
Average Time: 204.78682093749995 ms
Peak memory: 0.0 MB
Time index, remove data from structure: 0.0028837090803571427
Time for querying: 0.0
Time for new slide: 0.16926771699107143
Time for expired slide: 0.03551582689285714
------------------------------------
Number clusters = 0.0
Max Number points in event queue = 0.0
Avg number points in clusters= 0.0
Avg Rmc size = 0.0
Avg Length exps= 0.0
#window: 113
Total #outliers: 1240
Average Time: 205.00820626548665 ms
Peak memory: 0.0 MB
Time index, remove data from structure: 0.0029252067876106196
Time for querying: 0.0
Time for new slide: 0.16924307127433627
Time for expired slide: 0.03576186065486726
------------------------------------
Number clusters = 0.0
Max Number points in event queue = 0.0
Avg number points in clusters= 0.0
Avg Rmc size = 0.0
Avg Length exps= 0.0
#window: 114
Total #outliers: 1367
Average Time: 204.74130029824556 ms
Peak memory: 0.0 MB
Time index, remove data from structure: 0.0029366239912280703
Time for querying: 0.0
Time for new slide: 0.16901860292982457
Time for expired slide: 0.03571942450877193
------------------------------------
Number clusters = 0.0
Max Number points in event queue = 0.0
Avg number points in clusters= 0.0
Avg Rmc size = 0.0
Avg Length exps= 0.0
#window: 115
Total #outliers: 1540
Average Time: 204.6801332086956 ms
Peak memory: 0.0 MB
Time index, remove data from structure: 0.002945813504347826
Time for querying: 0.0
Time for new slide: 0.1688785256695652
Time for expired slide: 0.03579832883478261
------------------------------------
Number clusters = 0.0
Max Number points in event queue = 0.0
Avg number points in clusters= 0.0
Avg Rmc size = 0.0
Avg Length exps= 0.0
#window: 116
Total #outliers: 1644
Average Time: 204.78288103448273 ms
Peak memory: 0.0 MB
Time index, remove data from structure: 0.0029551635172413793
Time for querying: 0.0
Time for new slide: 0.16886138579310345
Time for expired slide: 0.03591821723275862
------------------------------------
Number clusters = 0.0
Max Number points in event queue = 0.0
Avg number points in clusters= 0.0
Avg Rmc size = 0.0
Avg Length exps= 0.0
#window: 117
Total #outliers: 1728
Average Time: 204.97878968376065 ms
Peak memory: 0.0 MB
Time index, remove data from structure: 0.0029593662051282054
Time for querying: 0.0
Time for new slide: 0.16913239366666669
Time for expired slide: 0.035843119658119656
------------------------------------
Number clusters = 0.0
Max Number points in event queue = 0.0
Avg number points in clusters= 0.0
Avg Rmc size = 0.0
Avg Length exps= 0.0
#window: 118
Total #outliers: 1600
Average Time: 205.02933099999998 ms
Peak memory: 0.0 MB
Time index, remove data from structure: 0.0029624794406779664
Time for querying: 0.0
Time for new slide: 0.16917258281355932
Time for expired slide: 0.03585347134745762
------------------------------------
Number clusters = 0.0
Max Number points in event queue = 0.0
Avg number points in clusters= 0.0
Avg Rmc size = 0.0
Avg Length exps= 0.0
#window: 119
Total #outliers: 1438
Average Time: 204.8419936890756 ms
Peak memory: 0.0 MB
Time index, remove data from structure: 0.002959563638655462
Time for querying: 0.0
Time for new slide: 0.16900418339495799
Time for expired slide: 0.03583453457142857
------------------------------------
Number clusters = 0.0
Max Number points in event queue = 0.0
Avg number points in clusters= 0.0
Avg Rmc size = 0.0
Avg Length exps= 0.0
#window: 120
Total #outliers: 1317
Average Time: 204.39996544166664 ms
Peak memory: 0.0 MB
Time index, remove data from structure: 0.002957590925
Time for querying: 0.0
Time for new slide: 0.16860738211666665
Time for expired slide: 0.035789307325
------------------------------------
Number clusters = 0.0
Max Number points in event queue = 0.0
Avg number points in clusters= 0.0
Avg Rmc size = 0.0
Avg Length exps= 0.0
#window: 121
Total #outliers: 1203
Average Time: 203.91308249586774 ms
Peak memory: 0.0 MB
Time index, remove data from structure: 0.0029480647272727275
Time for querying: 0.0
Time for new slide: 0.1682826153719008
Time for expired slide: 0.035627192512396696
------------------------------------
Number clusters = 0.0
Max Number points in event queue = 0.0
Avg number points in clusters= 0.0
Avg Rmc size = 0.0
Avg Length exps= 0.0
#window: 122
Total #outliers: 1068
Average Time: 203.27923663114748 ms
Peak memory: 0.0 MB
Time index, remove data from structure: 0.0029418041147540983
Time for querying: 0.0
Time for new slide: 0.1677867885409836
Time for expired slide: 0.035489173475409835
------------------------------------
Number clusters = 0.0
Max Number points in event queue = 0.0
Avg number points in clusters= 0.0
Avg Rmc size = 0.0
Avg Length exps= 0.0
#window: 123
Total #outliers: 951
Average Time: 202.67053396747963 ms
Peak memory: 0.0 MB
Time index, remove data from structure: 0.0029364698211382114
Time for querying: 0.0
Time for new slide: 0.16729462499186992
Time for expired slide: 0.03537263416260163
------------------------------------
Number clusters = 0.0
Max Number points in event queue = 0.0
Avg number points in clusters= 0.0
Avg Rmc size = 0.0
Avg Length exps= 0.0
#window: 124
Total #outliers: 963
Average Time: 201.85999069354835 ms
Peak memory: 0.0 MB
Time index, remove data from structure: 0.0029264442499999997
Time for querying: 0.0
Time for new slide: 0.16663564573387096
Time for expired slide: 0.035221070790322585
------------------------------------
Number clusters = 0.0
Max Number points in event queue = 0.0
Avg number points in clusters= 0.0
Avg Rmc size = 0.0
Avg Length exps= 0.0
#window: 125
Total #outliers: 1025
Average Time: 200.75623728799997 ms
Peak memory: 0.0 MB
Time index, remove data from structure: 0.002914058384
Time for querying: 0.0
Time for new slide: 0.16571057985600002
Time for expired slide: 0.0350423866
------------------------------------
Number clusters = 0.0
Max Number points in event queue = 0.0
Avg number points in clusters= 0.0
Avg Rmc size = 0.0
Avg Length exps= 0.0
#window: 126
Total #outliers: 1100
Average Time: 199.79502857142853 ms
Peak memory: 0.0 MB
Time index, remove data from structure: 0.002901734571428571
Time for querying: 0.0
Time for new slide: 0.16492389976190475
Time for expired slide: 0.034867859301587305
------------------------------------
Number clusters = 0.0
Max Number points in event queue = 0.0
Avg number points in clusters= 0.0
Avg Rmc size = 0.0
Avg Length exps= 0.0
#window: 127
Total #outliers: 1231
Average Time: 198.82677872440942 ms
Peak memory: 0.0 MB
Time index, remove data from structure: 0.002889304275590551
Time for querying: 0.0
Time for new slide: 0.16411525903937008
Time for expired slide: 0.03470825302362204
------------------------------------
Number clusters = 0.0
Max Number points in event queue = 0.0
Avg number points in clusters= 0.0
Avg Rmc size = 0.0
Avg Length exps= 0.0
#window: 128
Total #outliers: 1273
Average Time: 197.86701420312497 ms
Peak memory: 0.0 MB
Time index, remove data from structure: 0.002876497703125
Time for querying: 0.0
Time for new slide: 0.1633076648125
Time for expired slide: 0.0345560827734375
------------------------------------
Number clusters = 0.0
Max Number points in event queue = 0.0
Avg number points in clusters= 0.0
Avg Rmc size = 0.0
Avg Length exps= 0.0
#window: 129
Total #outliers: 1214
Average Time: 197.01402061240304 ms
Peak memory: 0.0 MB
Time index, remove data from structure: 0.0028648333100775194
Time for querying: 0.0
Time for new slide: 0.16259502610852714
Time for expired slide: 0.034415729480620154
------------------------------------
Number clusters = 0.0
Max Number points in event queue = 0.0
Avg number points in clusters= 0.0
Avg Rmc size = 0.0
Avg Length exps= 0.0
#window: 130
Total #outliers: 1124
Average Time: 196.10976498461534 ms
Peak memory: 0.0 MB
Time index, remove data from structure: 0.0028529638615384613
Time for querying: 0.0
Time for new slide: 0.16186328533846156
Time for expired slide: 0.034243211792307694
------------------------------------
Number clusters = 0.0
Max Number points in event queue = 0.0
Avg number points in clusters= 0.0
Avg Rmc size = 0.0
Avg Length exps= 0.0
#window: 131
Total #outliers: 1112
Average Time: 195.23055684732822 ms
Peak memory: 0.0 MB
Time index, remove data from structure: 0.002841772351145038
Time for querying: 0.0
Time for new slide: 0.16116007572519084
Time for expired slide: 0.03406721556488549
------------------------------------
Number clusters = 0.0
Max Number points in event queue = 0.0
Avg number points in clusters= 0.0
Avg Rmc size = 0.0
Avg Length exps= 0.0
#window: 132
Total #outliers: 1077
Average Time: 194.3431225454545 ms
Peak memory: 0.0 MB
Time index, remove data from structure: 0.002830505212121212
Time for querying: 0.0
Time for new slide: 0.16044755716666664
Time for expired slide: 0.033892303136363634
------------------------------------
Number clusters = 0.0
Max Number points in event queue = 0.0
Avg number points in clusters= 0.0
Avg Rmc size = 0.0
Avg Length exps= 0.0
#window: 133
Total #outliers: 1187
Average Time: 193.61005497744355 ms
Peak memory: 0.0 MB
Time index, remove data from structure: 0.0028216705037593984
Time for querying: 0.0
Time for new slide: 0.15980267316541352
Time for expired slide: 0.0338041177518797
------------------------------------
Number clusters = 0.0
Max Number points in event queue = 0.0
Avg number points in clusters= 0.0
Avg Rmc size = 0.0
Avg Length exps= 0.0
#window: 134
Total #outliers: 1237
Average Time: 192.80151589552233 ms
Peak memory: 0.0 MB
Time index, remove data from structure: 0.002811246970149254
Time for querying: 0.0
Time for new slide: 0.159095711880597
Time for expired slide: 0.03370254387313433
------------------------------------
Number clusters = 0.0
Max Number points in event queue = 0.0
Avg number points in clusters= 0.0
Avg Rmc size = 0.0
Avg Length exps= 0.0
#window: 135
Total #outliers: 1255
Average Time: 191.88969402222216 ms
Peak memory: 0.0 MB
Time index, remove data from structure: 0.002799387007407407
Time for querying: 0.0
Time for new slide: 0.1583449928814815
Time for expired slide: 0.033541445081481484
------------------------------------
Number clusters = 0.0
Max Number points in event queue = 0.0
Avg number points in clusters= 0.0
Avg Rmc size = 0.0
Avg Length exps= 0.0
#window: 136
Total #outliers: 1292
Average Time: 191.1672482794117 ms
Peak memory: 0.0 MB
Time index, remove data from structure: 0.0027897526029411765
Time for querying: 0.0
Time for new slide: 0.15771030940441177
Time for expired slide: 0.033453683522058825
------------------------------------
Number clusters = 0.0
Max Number points in event queue = 0.0
Avg number points in clusters= 0.0
Avg Rmc size = 0.0
Avg Length exps= 0.0
#window: 137
Total #outliers: 1598
Average Time: 190.56976893430652 ms
Peak memory: 0.0 MB
Time index, remove data from structure: 0.002780830562043796
Time for querying: 0.0
Time for new slide: 0.1571982979343066
Time for expired slide: 0.03336821547445255
------------------------------------
Number clusters = 0.0
Max Number points in event queue = 0.0
Avg number points in clusters= 0.0
Avg Rmc size = 0.0
Avg Length exps= 0.0
#window: 138
Total #outliers: 1724
Average Time: 190.10339619565212 ms
Peak memory: 0.0 MB
Time index, remove data from structure: 0.0027711732826086956
Time for querying: 0.0
Time for new slide: 0.15678971398550723
Time for expired slide: 0.03331042475362319
------------------------------------
Number clusters = 0.0
Max Number points in event queue = 0.0
Avg number points in clusters= 0.0
Avg Rmc size = 0.0
Avg Length exps= 0.0
#window: 139
Total #outliers: 1883
Average Time: 189.872418266187 ms
Peak memory: 0.0 MB
Time index, remove data from structure: 0.002767505309352518
Time for querying: 0.0
Time for new slide: 0.15639813770503597
Time for expired slide: 0.03347102635251799
------------------------------------
Number clusters = 0.0
Max Number points in event queue = 0.0
Avg number points in clusters= 0.0
Avg Rmc size = 0.0
Avg Length exps= 0.0
#window: 140
Total #outliers: 2033
Average Time: 189.81343501428566 ms
Peak memory: 0.0 MB
Time index, remove data from structure: 0.0027614610785714287
Time for querying: 0.0
Time for new slide: 0.15635863925714286
Time for expired slide: 0.03345154332142857
------------------------------------
Number clusters = 0.0
Max Number points in event queue = 0.0
Avg number points in clusters= 0.0
Avg Rmc size = 0.0
Avg Length exps= 0.0
#window: 141
Total #outliers: 2053
Average Time: 190.14234678014176 ms
Peak memory: 0.0 MB
Time index, remove data from structure: 0.002753392475177305
Time for querying: 0.0
Time for new slide: 0.15657576573049645
Time for expired slide: 0.03356332946808511
------------------------------------
Number clusters = 0.0
Max Number points in event queue = 0.0
Avg number points in clusters= 0.0
Avg Rmc size = 0.0
Avg Length exps= 0.0
#window: 142
Total #outliers: 2162
Average Time: 190.46241959154924 ms
Peak memory: 0.0 MB
Time index, remove data from structure: 0.002745940922535211
Time for querying: 0.0
Time for new slide: 0.1566665033943662
Time for expired slide: 0.03379266704225352
------------------------------------
Number clusters = 0.0
Max Number points in event queue = 0.0
Avg number points in clusters= 0.0
Avg Rmc size = 0.0
Avg Length exps= 0.0
#window: 143
Total #outliers: 2066
Average Time: 191.15207668531465 ms
Peak memory: 0.0 MB
Time index, remove data from structure: 0.002737978111888112
Time for querying: 0.0
Time for new slide: 0.15725023721678322
Time for expired slide: 0.03389859411888112
------------------------------------
Number clusters = 0.0
Max Number points in event queue = 0.0
Avg number points in clusters= 0.0
Avg Rmc size = 0.0
Avg Length exps= 0.0
#window: 144
Total #outliers: 1948
Average Time: 191.27008247222219 ms
Peak memory: 0.0 MB
Time index, remove data from structure: 0.002728288194444444
Time for querying: 0.0
Time for new slide: 0.15731463274305557
Time for expired slide: 0.033952207263888895
------------------------------------
Number clusters = 0.0
Max Number points in event queue = 0.0
Avg number points in clusters= 0.0
Avg Rmc size = 0.0
Avg Length exps= 0.0
#window: 145
Total #outliers: 1960
Average Time: 191.49563111034482 ms
Peak memory: 0.0 MB
Time index, remove data from structure: 0.002719457220689655
Time for querying: 0.0
Time for new slide: 0.1575186150275862
Time for expired slide: 0.03397377328275862
------------------------------------
Number clusters = 0.0
Max Number points in event queue = 0.0
Avg number points in clusters= 0.0
Avg Rmc size = 0.0
Avg Length exps= 0.0
#window: 146
Total #outliers: 2056
Average Time: 191.85567208904106 ms
Peak memory: 0.0 MB
Time index, remove data from structure: 0.0027188730684931505
Time for querying: 0.0
Time for new slide: 0.15756949530821918
Time for expired slide: 0.03428293648630137
------------------------------------
Number clusters = 0.0
Max Number points in event queue = 0.0
Avg number points in clusters= 0.0
Avg Rmc size = 0.0
Avg Length exps= 0.0
#window: 147
Total #outliers: 2287
Average Time: 192.8450342040816 ms
Peak memory: 0.0 MB
Time index, remove data from structure: 0.002712424258503401
Time for querying: 0.0
Time for new slide: 0.15839043207482995
Time for expired slide: 0.034451364789115646
------------------------------------
Number clusters = 0.0
Max Number points in event queue = 0.0
Avg number points in clusters= 0.0
Avg Rmc size = 0.0
Avg Length exps= 0.0
#window: 148
Total #outliers: 2324
Average Time: 193.2644073243243 ms
Peak memory: 0.0 MB
Time index, remove data from structure: 0.002705729972972973
Time for querying: 0.0
Time for new slide: 0.15865104227027027
Time for expired slide: 0.034610129033783785
------------------------------------
Number clusters = 0.0
Max Number points in event queue = 0.0
Avg number points in clusters= 0.0
Avg Rmc size = 0.0
Avg Length exps= 0.0
#window: 149
Total #outliers: 2389
Average Time: 193.6944859395973 ms
Peak memory: 0.0 MB
Time index, remove data from structure: 0.002698957322147651
Time for querying: 0.0
Time for new slide: 0.15889730668456375
Time for expired slide: 0.03479394039597315
------------------------------------
Number clusters = 0.0
Max Number points in event queue = 0.0
Avg number points in clusters= 0.0
Avg Rmc size = 0.0
Avg Length exps= 0.0
#window: 150
Total #outliers: 2469
Average Time: 194.46480885999998 ms
Peak memory: 0.0 MB
Time index, remove data from structure: 0.0026921806333333334
Time for querying: 0.0
Time for new slide: 0.15946461966
Time for expired slide: 0.034996949879999996
------------------------------------
Number clusters = 0.0
Max Number points in event queue = 0.0
Avg number points in clusters= 0.0
Avg Rmc size = 0.0
Avg Length exps= 0.0
#window: 151
Total #outliers: 2424
Average Time: 195.03285718543046 ms
Peak memory: 0.0 MB
Time index, remove data from structure: 0.0026858609536423842
Time for querying: 0.0
Time for new slide: 0.15955375054966886
Time for expired slide: 0.03547586909271523
------------------------------------
Number clusters = 0.0
Max Number points in event queue = 0.0
Avg number points in clusters= 0.0
Avg Rmc size = 0.0
Avg Length exps= 0.0
#window: 152
Total #outliers: 2472
Average Time: 195.23683226315788 ms
Peak memory: 0.0 MB
Time index, remove data from structure: 0.00268048225
Time for querying: 0.0
Time for new slide: 0.15947794931578949
Time for expired slide: 0.0357556456118421
------------------------------------
Number clusters = 0.0
Max Number points in event queue = 0.0
Avg number points in clusters= 0.0
Avg Rmc size = 0.0
Avg Length exps= 0.0
#window: 153
Total #outliers: 2511
Average Time: 195.85626332026143 ms
Peak memory: 0.0 MB
Time index, remove data from structure: 0.0026759897189542483
Time for querying: 0.0
Time for new slide: 0.15981017364705882
Time for expired slide: 0.03604284844444445
------------------------------------
Number clusters = 0.0
Max Number points in event queue = 0.0
Avg number points in clusters= 0.0
Avg Rmc size = 0.0
Avg Length exps= 0.0
#window: 154
Total #outliers: 2609
Average Time: 196.31217946753247 ms
Peak memory: 0.0 MB
Time index, remove data from structure: 0.002670181318181818
Time for querying: 0.0
Time for new slide: 0.15993105584415584
Time for expired slide: 0.03637788248051948
------------------------------------
Number clusters = 0.0
Max Number points in event queue = 0.0
Avg number points in clusters= 0.0
Avg Rmc size = 0.0
Avg Length exps= 0.0
#window: 155
Total #outliers: 2610
Average Time: 196.53292814193546 ms
Peak memory: 0.0 MB
Time index, remove data from structure: 0.002662424451612903
Time for querying: 0.0
Time for new slide: 0.15990069206451613
Time for expired slide: 0.036628996451612904
------------------------------------
Number clusters = 0.0
Max Number points in event queue = 0.0
Avg number points in clusters= 0.0
Avg Rmc size = 0.0
Avg Length exps= 0.0
#window: 156
Total #outliers: 2625
Average Time: 197.22080477564103 ms
Peak memory: 0.0 MB
Time index, remove data from structure: 0.0026573147564102565
Time for querying: 0.0
Time for new slide: 0.16005880687179486
Time for expired slide: 0.03715875766666667
------------------------------------
Number clusters = 0.0
Max Number points in event queue = 0.0
Avg number points in clusters= 0.0
Avg Rmc size = 0.0
Avg Length exps= 0.0
#window: 157
Total #outliers: 2541
Average Time: 197.9314763566879 ms
Peak memory: 0.0 MB
Time index, remove data from structure: 0.002653349178343949
Time for querying: 0.0
Time for new slide: 0.1603146428789809
Time for expired slide: 0.03761359321656051
------------------------------------
Number clusters = 0.0
Max Number points in event queue = 0.0
Avg number points in clusters= 0.0
Avg Rmc size = 0.0
Avg Length exps= 0.0
#window: 158
Total #outliers: 2628
Average Time: 199.14051493037974 ms
Peak memory: 0.0 MB
Time index, remove data from structure: 0.0026499313670886077
Time for querying: 0.0
Time for new slide: 0.16097155066455696
Time for expired slide: 0.03816572546202532
------------------------------------
Number clusters = 0.0
Max Number points in event queue = 0.0
Avg number points in clusters= 0.0
Avg Rmc size = 0.0
Avg Length exps= 0.0
#window: 159
Total #outliers: 2135
Average Time: 201.31117993081762 ms
Peak memory: 0.0 MB
Time index, remove data from structure: 0.002643758679245283
Time for querying: 0.0
Time for new slide: 0.16277252772327044
Time for expired slide: 0.038535413685534585
------------------------------------
Number clusters = 0.0
Max Number points in event queue = 0.0
Avg number points in clusters= 0.0
Avg Rmc size = 0.0
Avg Length exps= 0.0
#window: 160
Total #outliers: 1820
Average Time: 203.52925120000003 ms
Peak memory: 0.0 MB
Time index, remove data from structure: 0.002644577875
Time for querying: 0.0
Time for new slide: 0.16448693483125001
Time for expired slide: 0.03903907641875
------------------------------------
Number clusters = 0.0
Max Number points in event queue = 0.0
Avg number points in clusters= 0.0
Avg Rmc size = 0.0
Avg Length exps= 0.0
#window: 161
Total #outliers: 1773
Average Time: 205.7942892919255 ms
Peak memory: 0.0 MB
Time index, remove data from structure: 0.002667117360248447
Time for querying: 0.0
Time for new slide: 0.16617571695652175
Time for expired slide: 0.039615333161490685
------------------------------------
Number clusters = 0.0
Max Number points in event queue = 0.0
Avg number points in clusters= 0.0
Avg Rmc size = 0.0
Avg Length exps= 0.0
#window: 162
Total #outliers: 1809
Average Time: 208.14789770987656 ms
Peak memory: 0.0 MB
Time index, remove data from structure: 0.0026736466975308642
Time for querying: 0.0
Time for new slide: 0.1683315415308642
Time for expired slide: 0.03981311877160494
------------------------------------
Number clusters = 0.0
Max Number points in event queue = 0.0
Avg number points in clusters= 0.0
Avg Rmc size = 0.0
Avg Length exps= 0.0
#window: 163
Total #outliers: 2111
Average Time: 212.73045240490802 ms
Peak memory: 0.0 MB
Time index, remove data from structure: 0.0026888858527607364
Time for querying: 0.0
Time for new slide: 0.17273625428834355
Time for expired slide: 0.039990956613496935
------------------------------------
Number clusters = 0.0
Max Number points in event queue = 0.0
Avg number points in clusters= 0.0
Avg Rmc size = 0.0
Avg Length exps= 0.0
#window: 164
Total #outliers: 2146
Average Time: 216.68544010975612 ms
Peak memory: 0.0 MB
Time index, remove data from structure: 0.0026942328292682925
Time for querying: 0.0
Time for new slide: 0.17640804444512195
Time for expired slide: 0.04027415496341463
------------------------------------
Number clusters = 0.0
Max Number points in event queue = 0.0
Avg number points in clusters= 0.0
Avg Rmc size = 0.0
Avg Length exps= 0.0
#window: 165
Total #outliers: 2261
Average Time: 220.82227030909095 ms
Peak memory: 0.0 MB
Time index, remove data from structure: 0.0027112286
Time for querying: 0.0
Time for new slide: 0.1798782980969697
Time for expired slide: 0.04094073535151515
------------------------------------
Number clusters = 0.0
Max Number points in event queue = 0.0
Avg number points in clusters= 0.0
Avg Rmc size = 0.0
Avg Length exps= 0.0
#window: 166
Total #outliers: 2193
Average Time: 224.60062120481936 ms
Peak memory: 0.0 MB
Time index, remove data from structure: 0.0027244102951807228
Time for querying: 0.0
Time for new slide: 0.18306477062048193
Time for expired slide: 0.041532613584337345
------------------------------------
Number clusters = 0.0
Max Number points in event queue = 0.0
Avg number points in clusters= 0.0
Avg Rmc size = 0.0
Avg Length exps= 0.0
#window: 167
Total #outliers: 2206
Average Time: 227.8038628802396 ms
Peak memory: 0.0 MB
Time index, remove data from structure: 0.002726757778443114
Time for querying: 0.0
Time for new slide: 0.1859176180239521
Time for expired slide: 0.0418830091017964
------------------------------------
Number clusters = 0.0
Max Number points in event queue = 0.0
Avg number points in clusters= 0.0
Avg Rmc size = 0.0
Avg Length exps= 0.0
#window: 168
Total #outliers: 2259
Average Time: 230.41162891666676 ms
Peak memory: 0.0 MB
Time index, remove data from structure: 0.0027270984285714286
Time for querying: 0.0
Time for new slide: 0.1882814413511905
Time for expired slide: 0.04212695282142857
------------------------------------
Number clusters = 0.0
Max Number points in event queue = 0.0
Avg number points in clusters= 0.0
Avg Rmc size = 0.0
Avg Length exps= 0.0
#window: 169
Total #outliers: 2244
Average Time: 233.7609947573965 ms
Peak memory: 0.0 MB
Time index, remove data from structure: 0.0027250507041420118
Time for querying: 0.0
Time for new slide: 0.1912551048402367
Time for expired slide: 0.04250265531360947
------------------------------------
Number clusters = 0.0
Max Number points in event queue = 0.0
Avg number points in clusters= 0.0
Avg Rmc size = 0.0
Avg Length exps= 0.0
#window: 170
Total #outliers: 2308
Average Time: 237.03265836470595 ms
Peak memory: 0.0 MB
Time index, remove data from structure: 0.0027304796294117645
Time for querying: 0.0
Time for new slide: 0.19419034687647058
Time for expired slide: 0.042839077435294116
------------------------------------
Number clusters = 0.0
Max Number points in event queue = 0.0
Avg number points in clusters= 0.0
Avg Rmc size = 0.0
Avg Length exps= 0.0
#window: 171
Total #outliers: 2329
Average Time: 240.94630447953222 ms
Peak memory: 0.0 MB
Time index, remove data from structure: 0.0027360003918128653
Time for querying: 0.0
Time for new slide: 0.19786165877777775
Time for expired slide: 0.04308141119883041
------------------------------------
Number clusters = 0.0
Max Number points in event queue = 0.0
Avg number points in clusters= 0.0
Avg Rmc size = 0.0
Avg Length exps= 0.0
#window: 172
Total #outliers: 2137
Average Time: 244.56748736627912 ms
Peak memory: 0.0 MB
Time index, remove data from structure: 0.002735815784883721
Time for querying: 0.0
Time for new slide: 0.20100646970930233
Time for expired slide: 0.04355778124418605
------------------------------------
Number clusters = 0.0
Max Number points in event queue = 0.0
Avg number points in clusters= 0.0
Avg Rmc size = 0.0
Avg Length exps= 0.0
#window: 173
Total #outliers: 2144
Average Time: 244.73378413294802 ms
Peak memory: 0.0 MB
Time index, remove data from structure: 0.0027307624335260114
Time for querying: 0.0
Time for new slide: 0.20127541917919076
Time for expired slide: 0.04345512953179191
------------------------------------
Number clusters = 0.0
Max Number points in event queue = 0.0
Avg number points in clusters= 0.0
Avg Rmc size = 0.0
Avg Length exps= 0.0
#window: 174
Total #outliers: 2142
Average Time: 244.58548085057475 ms
Peak memory: 0.0 MB
Time index, remove data from structure: 0.0027260564310344826
Time for querying: 0.0
Time for new slide: 0.2012517532241379
Time for expired slide: 0.04333049325862069
------------------------------------
Number clusters = 0.0
Max Number points in event queue = 0.0
Avg number points in clusters= 0.0
Avg Rmc size = 0.0
Avg Length exps= 0.0
#window: 175
Total #outliers: 2023
Average Time: 244.29129209142857 ms
Peak memory: 0.0 MB
Time index, remove data from structure: 0.002722097262857143
Time for querying: 0.0
Time for new slide: 0.20098850125714288
Time for expired slide: 0.04329955718285714
------------------------------------
Number clusters = 0.0
Max Number points in event queue = 0.0
Avg number points in clusters= 0.0
Avg Rmc size = 0.0
Avg Length exps= 0.0
#window: 176
Total #outliers: 1900
Average Time: 243.75204757954546 ms
Peak memory: 0.0 MB
Time index, remove data from structure: 0.0027186905340909093
Time for querying: 0.0
Time for new slide: 0.2005124077443182
Time for expired slide: 0.043236406869318185
------------------------------------
Number clusters = 0.0
Max Number points in event queue = 0.0
Avg number points in clusters= 0.0
Avg Rmc size = 0.0
Avg Length exps= 0.0
#window: 177
Total #outliers: 1824
Average Time: 243.26858582485875 ms
Peak memory: 0.0 MB
Time index, remove data from structure: 0.0027111452259887007
Time for querying: 0.0
Time for new slide: 0.20008468776836158
Time for expired slide: 0.04318066324293785
------------------------------------
Number clusters = 0.0
Max Number points in event queue = 0.0
Avg number points in clusters= 0.0
Avg Rmc size = 0.0
Avg Length exps= 0.0
#window: 178
Total #outliers: 1831
Average Time: 242.68064571348316 ms
Peak memory: 0.0 MB
Time index, remove data from structure: 0.0027042103314606743
Time for querying: 0.0
Time for new slide: 0.1996445072022472
Time for expired slide: 0.04303290454494382
------------------------------------
Number clusters = 0.0
Max Number points in event queue = 0.0
Avg number points in clusters= 0.0
Avg Rmc size = 0.0
Avg Length exps= 0.0
#window: 179
Total #outliers: 1801
Average Time: 242.19001677653634 ms
Peak memory: 0.0 MB
Time index, remove data from structure: 0.0026990010726256983
Time for querying: 0.0
Time for new slide: 0.19922183709497204
Time for expired slide: 0.04296494768715084
------------------------------------
Number clusters = 0.0
Max Number points in event queue = 0.0
Avg number points in clusters= 0.0
Avg Rmc size = 0.0
Avg Length exps= 0.0
#window: 180
Total #outliers: 1773
Average Time: 241.87560496666669 ms
Peak memory: 0.0 MB
Time index, remove data from structure: 0.0026946202777777778
Time for querying: 0.0
Time for new slide: 0.19894800269444446
Time for expired slide: 0.042924371616666665
------------------------------------
Number clusters = 0.0
Max Number points in event queue = 0.0
Avg number points in clusters= 0.0
Avg Rmc size = 0.0
Avg Length exps= 0.0
#window: 181
Total #outliers: 1807
Average Time: 241.45382828729285 ms
Peak memory: 0.0 MB
Time index, remove data from structure: 0.002692372005524862
Time for querying: 0.0
Time for new slide: 0.19866058966298342
Time for expired slide: 0.042790008950276244
------------------------------------
Number clusters = 0.0
Max Number points in event queue = 0.0
Avg number points in clusters= 0.0
Avg Rmc size = 0.0
Avg Length exps= 0.0
#window: 182
Total #outliers: 1774
Average Time: 241.06512280769232 ms
Peak memory: 0.0 MB
Time index, remove data from structure: 0.0026905867252747253
Time for querying: 0.0
Time for new slide: 0.1983026533186813
Time for expired slide: 0.042759240494505496
------------------------------------
Number clusters = 0.0
Max Number points in event queue = 0.0
Avg number points in clusters= 0.0
Avg Rmc size = 0.0
Avg Length exps= 0.0
#window: 183
Total #outliers: 1733
Average Time: 240.84335617486337 ms
Peak memory: 0.0 MB
Time index, remove data from structure: 0.0026894537213114755
Time for querying: 0.0
Time for new slide: 0.19802516875409837
Time for expired slide: 0.04281495893989071
------------------------------------
Number clusters = 0.0
Max Number points in event queue = 0.0
Avg number points in clusters= 0.0
Avg Rmc size = 0.0
Avg Length exps= 0.0
#window: 184
Total #outliers: 1819
Average Time: 240.8542168423913 ms
Peak memory: 0.0 MB
Time index, remove data from structure: 0.002692473581521739
Time for querying: 0.0
Time for new slide: 0.19800209322282608
Time for expired slide: 0.04284889494021739
------------------------------------
Number clusters = 0.0
Max Number points in event queue = 0.0
Avg number points in clusters= 0.0
Avg Rmc size = 0.0
Avg Length exps= 0.0
#window: 185
Total #outliers: 1912
Average Time: 240.92054492972972 ms
Peak memory: 0.0 MB
Time index, remove data from structure: 0.0027005264972972975
Time for querying: 0.0
Time for new slide: 0.19789355087027027
Time for expired slide: 0.04302376723243243
------------------------------------
Number clusters = 0.0
Max Number points in event queue = 0.0
Avg number points in clusters= 0.0
Avg Rmc size = 0.0
Avg Length exps= 0.0
#window: 186
Total #outliers: 1830
Average Time: 240.86488090322578 ms
Peak memory: 0.0 MB
Time index, remove data from structure: 0.0027136006774193546
Time for querying: 0.0
Time for new slide: 0.19767953239247313
Time for expired slide: 0.043182121677419354
------------------------------------
Number clusters = 0.0
Max Number points in event queue = 0.0
Avg number points in clusters= 0.0
Avg Rmc size = 0.0
Avg Length exps= 0.0
#window: 187
Total #outliers: 1858
Average Time: 241.168625315508 ms
Peak memory: 0.0 MB
Time index, remove data from structure: 0.0027219486791443853
Time for querying: 0.0
Time for new slide: 0.1978930533101604
Time for expired slide: 0.04327234557219251
------------------------------------
Number clusters = 0.0
Max Number points in event queue = 0.0
Avg number points in clusters= 0.0
Avg Rmc size = 0.0
Avg Length exps= 0.0
#window: 188
Total #outliers: 2002
Average Time: 241.58152995212765 ms
Peak memory: 0.0 MB
Time index, remove data from structure: 0.002726597170212766
Time for querying: 0.0
Time for new slide: 0.19817848762234042
Time for expired slide: 0.04339981479255319
------------------------------------
Number clusters = 0.0
Max Number points in event queue = 0.0
Avg number points in clusters= 0.0
Avg Rmc size = 0.0
Avg Length exps= 0.0
#window: 189
Total #outliers: 2114
Average Time: 242.02832853968255 ms
Peak memory: 0.0 MB
Time index, remove data from structure: 0.002734388560846561
Time for querying: 0.0
Time for new slide: 0.198313673973545
Time for expired slide: 0.043711426037037045
------------------------------------
Number clusters = 0.0
Max Number points in event queue = 0.0
Avg number points in clusters= 0.0
Avg Rmc size = 0.0
Avg Length exps= 0.0
#window: 190
Total #outliers: 2150
Average Time: 242.68728302631575 ms
Peak memory: 0.0 MB
Time index, remove data from structure: 0.0027408160473684213
Time for querying: 0.0
Time for new slide: 0.19872463962105263
Time for expired slide: 0.04395941652105263
------------------------------------
Number clusters = 0.0
Max Number points in event queue = 0.0
Avg number points in clusters= 0.0
Avg Rmc size = 0.0
Avg Length exps= 0.0
Peak memory: 80.16487121582031 MB
Average CPU time: 242.68728302631575 ms
