#window: 1
Total #outliers: 20
Average Time: 0.0 ms
Peak memory: 0.0 MB
Time index, remove data from structure: 0.0
Time for querying: 0.0
Time for new slide: 0.0
Time for expired slide: 0.0
------------------------------------
Number clusters = 0.0
Max Number points in event queue = 0.0
Avg number points in clusters= 0.0
Avg Rmc size = 0.0
Avg Length exps= 0.0
#window: 2
Total #outliers: 20
Average Time: 161.17498999999998 ms
Peak memory: 0.0 MB
Time index, remove data from structure: 0.005071962
Time for querying: 0.0
Time for new slide: 0.1542272185
Time for expired slide: 0.0069453675
------------------------------------
Number clusters = 0.0
Max Number points in event queue = 0.0
Avg number points in clusters= 0.0
Avg Rmc size = 0.0
Avg Length exps= 0.0
#window: 3
Total #outliers: 20
Average Time: 215.80190599999997 ms
Peak memory: 0.0 MB
Time index, remove data from structure: 0.005947930000000001
Time for querying: 0.0
Time for new slide: 0.207850132
Time for expired slide: 0.007944141666666666
------------------------------------
Number clusters = 0.0
Max Number points in event queue = 0.0
Avg number points in clusters= 0.0
Avg Rmc size = 0.0
Avg Length exps= 0.0
#window: 4
Total #outliers: 18
Average Time: 244.24232375 ms
Peak memory: 0.0 MB
Time index, remove data from structure: 0.0066144765
Time for querying: 0.0
Time for new slide: 0.235529199
Time for expired slide: 0.00870648875
------------------------------------
Number clusters = 0.0
Max Number points in event queue = 0.0
Avg number points in clusters= 0.0
Avg Rmc size = 0.0
Avg Length exps= 0.0
#window: 5
Total #outliers: 16
Average Time: 265.55834600000003 ms
Peak memory: 0.0 MB
Time index, remove data from structure: 0.006811106999999999
Time for querying: 0.0
Time for new slide: 0.256629036
Time for expired slide: 0.0089233614
------------------------------------
Number clusters = 0.0
Max Number points in event queue = 0.0
Avg number points in clusters= 0.0
Avg Rmc size = 0.0
Avg Length exps= 0.0
#window: 6
Total #outliers: 18
Average Time: 280.73730233333333 ms
Peak memory: 0.0 MB
Time index, remove data from structure: 0.006779619
Time for querying: 0.0
Time for new slide: 0.2714196331666667
Time for expired slide: 0.009312156166666667
------------------------------------
Number clusters = 0.0
Max Number points in event queue = 0.0
Avg number points in clusters= 0.0
Avg Rmc size = 0.0
Avg Length exps= 0.0
#window: 7
Total #outliers: 14
Average Time: 291.2379674285714 ms
Peak memory: 0.0 MB
Time index, remove data from structure: 0.007094697142857142
Time for querying: 0.0
Time for new slide: 0.28164406228571426
Time for expired slide: 0.009588619714285715
------------------------------------
Number clusters = 0.0
Max Number points in event queue = 0.0
Avg number points in clusters= 0.0
Avg Rmc size = 0.0
Avg Length exps= 0.0
#window: 8
Total #outliers: 13
Average Time: 303.01444399999997 ms
Peak memory: 0.0 MB
Time index, remove data from structure: 0.007287733125
Time for querying: 0.0
Time for new slide: 0.293261612
Time for expired slide: 0.009747707
------------------------------------
Number clusters = 0.0
Max Number points in event queue = 0.0
Avg number points in clusters= 0.0
Avg Rmc size = 0.0
Avg Length exps= 0.0
#window: 9
Total #outliers: 12
Average Time: 312.2958905555555 ms
Peak memory: 0.0 MB
Time index, remove data from structure: 0.007531027888888889
Time for querying: 0.0
Time for new slide: 0.3023225666666667
Time for expired slide: 0.009968374555555555
------------------------------------
Number clusters = 0.0
Max Number points in event queue = 0.0
Avg number points in clusters= 0.0
Avg Rmc size = 0.0
Avg Length exps= 0.0
#window: 10
Total #outliers: 11
Average Time: 315.7138098 ms
Peak memory: 0.0 MB
Time index, remove data from structure: 0.0076769225
Time for querying: 0.0
Time for new slide: 0.30563045180000004
Time for expired slide: 0.0100785503
------------------------------------
Number clusters = 0.0
Max Number points in event queue = 0.0
Avg number points in clusters= 0.0
Avg Rmc size = 0.0
Avg Length exps= 0.0
#window: 11
Total #outliers: 12
Average Time: 322.93209254545457 ms
Peak memory: 0.0 MB
Time index, remove data from structure: 0.007768155454545455
Time for querying: 0.0
Time for new slide: 0.31276899172727274
Time for expired slide: 0.010158409727272728
------------------------------------
Number clusters = 0.0
Max Number points in event queue = 0.0
Avg number points in clusters= 0.0
Avg Rmc size = 0.0
Avg Length exps= 0.0
#window: 12
Total #outliers: 11
Average Time: 329.91704475 ms
Peak memory: 0.0 MB
Time index, remove data from structure: 0.007746843166666666
Time for querying: 0.0
Time for new slide: 0.31977999966666665
Time for expired slide: 0.010132454666666667
------------------------------------
Number clusters = 0.0
Max Number points in event queue = 0.0
Avg number points in clusters= 0.0
Avg Rmc size = 0.0
Avg Length exps= 0.0
#window: 13
Total #outliers: 11
Average Time: 334.3515632307692 ms
Peak memory: 0.0 MB
Time index, remove data from structure: 0.007887718076923077
Time for querying: 0.0
Time for new slide: 0.3240888576923077
Time for expired slide: 0.010258170615384615
------------------------------------
Number clusters = 0.0
Max Number points in event queue = 0.0
Avg number points in clusters= 0.0
Avg Rmc size = 0.0
Avg Length exps= 0.0
#window: 14
Total #outliers: 13
Average Time: 335.43724628571425 ms
Peak memory: 0.0 MB
Time index, remove data from structure: 0.008114424571428571
Time for querying: 0.0
Time for new slide: 0.3249769122857143
Time for expired slide: 0.010455813857142856
------------------------------------
Number clusters = 0.0
Max Number points in event queue = 0.0
Avg number points in clusters= 0.0
Avg Rmc size = 0.0
Avg Length exps= 0.0
#window: 15
Total #outliers: 13
Average Time: 331.7940752 ms
Peak memory: 0.0 MB
Time index, remove data from structure: 0.008324240133333334
Time for querying: 0.0
Time for new slide: 0.32114060746666667
Time for expired slide: 0.010648277266666667
------------------------------------
Number clusters = 0.0
Max Number points in event queue = 0.0
Avg number points in clusters= 0.0
Avg Rmc size = 0.0
Avg Length exps= 0.0
#window: 16
Total #outliers: 13
Average Time: 328.76383643749995 ms
Peak memory: 0.0 MB
Time index, remove data from structure: 0.008491448125
Time for querying: 0.0
Time for new slide: 0.3179805890625
Time for expired slide: 0.0107781688125
------------------------------------
Number clusters = 0.0
Max Number points in event queue = 0.0
Avg number points in clusters= 0.0
Avg Rmc size = 0.0
Avg Length exps= 0.0
#window: 17
Total #outliers: 13
Average Time: 325.4769311764706 ms
Peak memory: 0.0 MB
Time index, remove data from structure: 0.008519208764705882
Time for querying: 0.0
Time for new slide: 0.31469603364705884
Time for expired slide: 0.010775915823529412
------------------------------------
Number clusters = 0.0
Max Number points in event queue = 0.0
Avg number points in clusters= 0.0
Avg Rmc size = 0.0
Avg Length exps= 0.0
#window: 18
Total #outliers: 13
Average Time: 326.89621855555555 ms
Peak memory: 0.0 MB
Time index, remove data from structure: 0.008512246944444446
Time for querying: 0.0
Time for new slide: 0.31613954911111114
Time for expired slide: 0.010751779999999999
------------------------------------
Number clusters = 0.0
Max Number points in event queue = 0.0
Avg number points in clusters= 0.0
Avg Rmc size = 0.0
Avg Length exps= 0.0
#window: 19
Total #outliers: 13
Average Time: 328.4850935789474 ms
Peak memory: 0.0 MB
Time index, remove data from structure: 0.008606442210526316
Time for querying: 0.0
Time for new slide: 0.3176588113157895
Time for expired slide: 0.010821420684210525
------------------------------------
Number clusters = 0.0
Max Number points in event queue = 0.0
Avg number points in clusters= 0.0
Avg Rmc size = 0.0
Avg Length exps= 0.0
#window: 20
Total #outliers: 12
Average Time: 328.5447799 ms
Peak memory: 0.0 MB
Time index, remove data from structure: 0.0086680222
Time for querying: 0.0
Time for new slide: 0.3176844429
Time for expired slide: 0.01085553935
------------------------------------
Number clusters = 0.0
Max Number points in event queue = 0.0
Avg number points in clusters= 0.0
Avg Rmc size = 0.0
Avg Length exps= 0.0
#window: 21
Total #outliers: 11
Average Time: 327.24269742857143 ms
Peak memory: 0.0 MB
Time index, remove data from structure: 0.008696668761904761
Time for querying: 0.0
Time for new slide: 0.31638259914285716
Time for expired slide: 0.010855380142857144
------------------------------------
Number clusters = 0.0
Max Number points in event queue = 0.0
Avg number points in clusters= 0.0
Avg Rmc size = 0.0
Avg Length exps= 0.0
#window: 22
Total #outliers: 11
Average Time: 326.49821595454546 ms
Peak memory: 0.0 MB
Time index, remove data from structure: 0.008747648045454547
Time for querying: 0.0
Time for new slide: 0.31561297645454545
Time for expired slide: 0.010880599454545455
------------------------------------
Number clusters = 0.0
Max Number points in event queue = 0.0
Avg number points in clusters= 0.0
Avg Rmc size = 0.0
Avg Length exps= 0.0
#window: 23
Total #outliers: 12
Average Time: 326.33437556521744 ms
Peak memory: 0.0 MB
Time index, remove data from structure: 0.008857588739130435
Time for querying: 0.0
Time for new slide: 0.31535798800000003
Time for expired slide: 0.010971828434782609
------------------------------------
Number clusters = 0.0
Max Number points in event queue = 0.0
Avg number points in clusters= 0.0
Avg Rmc size = 0.0
Avg Length exps= 0.0
#window: 24
Total #outliers: 12
Average Time: 326.69003970833336 ms
Peak memory: 0.0 MB
Time index, remove data from structure: 0.008941831583333334
Time for querying: 0.0
Time for new slide: 0.3156520483333333
Time for expired slide: 0.011033295791666667
------------------------------------
Number clusters = 0.0
Max Number points in event queue = 0.0
Avg number points in clusters= 0.0
Avg Rmc size = 0.0
Avg Length exps= 0.0
#window: 25
Total #outliers: 12
Average Time: 327.04432776000004 ms
Peak memory: 0.0 MB
Time index, remove data from structure: 0.0090285284
Time for querying: 0.0
Time for new slide: 0.31594704883999997
Time for expired slide: 0.01109264392
------------------------------------
Number clusters = 0.0
Max Number points in event queue = 0.0
Avg number points in clusters= 0.0
Avg Rmc size = 0.0
Avg Length exps= 0.0
#window: 26
Total #outliers: 12
Average Time: 328.71104703846163 ms
Peak memory: 0.0 MB
Time index, remove data from structure: 0.009045266846153846
Time for querying: 0.0
Time for new slide: 0.3176220048461538
Time for expired slide: 0.011084478653846154
------------------------------------
Number clusters = 0.0
Max Number points in event queue = 0.0
Avg number points in clusters= 0.0
Avg Rmc size = 0.0
Avg Length exps= 0.0
#window: 27
Total #outliers: 12
Average Time: 330.32447840740747 ms
Peak memory: 0.0 MB
Time index, remove data from structure: 0.009122666703703704
Time for querying: 0.0
Time for new slide: 0.3191820778518519
Time for expired slide: 0.011137898296296297
------------------------------------
Number clusters = 0.0
Max Number points in event queue = 0.0
Avg number points in clusters= 0.0
Avg Rmc size = 0.0
Avg Length exps= 0.0
#window: 28
Total #outliers: 9
Average Time: 331.3262193571429 ms
Peak memory: 0.0 MB
Time index, remove data from structure: 0.009211146714285714
Time for querying: 0.0
Time for new slide: 0.32000592507142855
Time for expired slide: 0.01131584942857143
------------------------------------
Number clusters = 0.0
Max Number points in event queue = 0.0
Avg number points in clusters= 0.0
Avg Rmc size = 0.0
Avg Length exps= 0.0
#window: 29
Total #outliers: 9
Average Time: 332.3854623103449 ms
Peak memory: 0.0 MB
Time index, remove data from structure: 0.009308999655172415
Time for querying: 0.0
Time for new slide: 0.32098181562068967
Time for expired slide: 0.011398795724137932
------------------------------------
Number clusters = 0.0
Max Number points in event queue = 0.0
Avg number points in clusters= 0.0
Avg Rmc size = 0.0
Avg Length exps= 0.0
#window: 30
Total #outliers: 11
Average Time: 333.85604623333336 ms
Peak memory: 0.0 MB
Time index, remove data from structure: 0.009423970766666668
Time for querying: 0.0
Time for new slide: 0.3223442270333334
Time for expired slide: 0.011506993066666667
------------------------------------
Number clusters = 0.0
Max Number points in event queue = 0.0
Avg number points in clusters= 0.0
Avg Rmc size = 0.0
Avg Length exps= 0.0
#window: 31
Total #outliers: 10
Average Time: 336.1973766129032 ms
Peak memory: 0.0 MB
Time index, remove data from structure: 0.009523844096774195
Time for querying: 0.0
Time for new slide: 0.3245995304516129
Time for expired slide: 0.011593049451612903
------------------------------------
Number clusters = 0.0
Max Number points in event queue = 0.0
Avg number points in clusters= 0.0
Avg Rmc size = 0.0
Avg Length exps= 0.0
#window: 32
Total #outliers: 13
Average Time: 338.49231521875 ms
Peak memory: 0.0 MB
Time index, remove data from structure: 0.00962469746875
Time for querying: 0.0
Time for new slide: 0.32680370546875
Time for expired slide: 0.01168383
------------------------------------
Number clusters = 0.0
Max Number points in event queue = 0.0
Avg number points in clusters= 0.0
Avg Rmc size = 0.0
Avg Length exps= 0.0
#window: 33
Total #outliers: 16
Average Time: 341.07011154545455 ms
Peak memory: 0.0 MB
Time index, remove data from structure: 0.00972228212121212
Time for querying: 0.0
Time for new slide: 0.3292858910606061
Time for expired slide: 0.01177945612121212
------------------------------------
Number clusters = 0.0
Max Number points in event queue = 0.0
Avg number points in clusters= 0.0
Avg Rmc size = 0.0
Avg Length exps= 0.0
#window: 34
Total #outliers: 15
Average Time: 342.46065952941177 ms
Peak memory: 0.0 MB
Time index, remove data from structure: 0.009778361852941177
Time for querying: 0.0
Time for new slide: 0.33063124788235293
Time for expired slide: 0.011824695794117646
------------------------------------
Number clusters = 0.0
Max Number points in event queue = 0.0
Avg number points in clusters= 0.0
Avg Rmc size = 0.0
Avg Length exps= 0.0
#window: 35
Total #outliers: 16
Average Time: 342.3631492 ms
Peak memory: 0.0 MB
Time index, remove data from structure: 0.009805826342857142
Time for querying: 0.0
Time for new slide: 0.33052006222857144
Time for expired slide: 0.01183836657142857
------------------------------------
Number clusters = 0.0
Max Number points in event queue = 0.0
Avg number points in clusters= 0.0
Avg Rmc size = 0.0
Avg Length exps= 0.0
#window: 36
Total #outliers: 19
Average Time: 343.6064236111111 ms
Peak memory: 0.0 MB
Time index, remove data from structure: 0.009827621083333333
Time for querying: 0.0
Time for new slide: 0.33172869622222223
Time for expired slide: 0.011873009527777777
------------------------------------
Number clusters = 0.0
Max Number points in event queue = 0.0
Avg number points in clusters= 0.0
Avg Rmc size = 0.0
Avg Length exps= 0.0
#window: 37
Total #outliers: 29
Average Time: 344.0638771351351 ms
Peak memory: 0.0 MB
Time index, remove data from structure: 0.009812542621621621
Time for querying: 0.0
Time for new slide: 0.3322125397027027
Time for expired slide: 0.011846627837837838
------------------------------------
Number clusters = 0.0
Max Number points in event queue = 0.0
Avg number points in clusters= 0.0
Avg Rmc size = 0.0
Avg Length exps= 0.0
#window: 38
Total #outliers: 38
Average Time: 345.99424694736837 ms
Peak memory: 0.0 MB
Time index, remove data from structure: 0.009855343710526316
Time for querying: 0.0
Time for new slide: 0.3341088412368421
Time for expired slide: 0.01188072905263158
------------------------------------
Number clusters = 0.0
Max Number points in event queue = 0.0
Avg number points in clusters= 0.0
Avg Rmc size = 0.0
Avg Length exps= 0.0
#window: 39
Total #outliers: 45
Average Time: 348.3087145641025 ms
Peak memory: 0.0 MB
Time index, remove data from structure: 0.009904168
Time for querying: 0.0
Time for new slide: 0.3363820412820513
Time for expired slide: 0.011922012717948719
------------------------------------
Number clusters = 0.0
Max Number points in event queue = 0.0
Avg number points in clusters= 0.0
Avg Rmc size = 0.0
Avg Length exps= 0.0
#window: 40
Total #outliers: 26
Average Time: 349.4508692999999 ms
Peak memory: 0.0 MB
Time index, remove data from structure: 0.0099681355
Time for querying: 0.0
Time for new slide: 0.3374669072
Time for expired slide: 0.0119793053
------------------------------------
Number clusters = 0.0
Max Number points in event queue = 0.0
Avg number points in clusters= 0.0
Avg Rmc size = 0.0
Avg Length exps= 0.0
#window: 41
Total #outliers: 21
Average Time: 348.5214252439024 ms
Peak memory: 0.0 MB
Time index, remove data from structure: 0.01005513843902439
Time for querying: 0.0
Time for new slide: 0.33645483170731705
Time for expired slide: 0.012061927780487805
------------------------------------
Number clusters = 0.0
Max Number points in event queue = 0.0
Avg number points in clusters= 0.0
Avg Rmc size = 0.0
Avg Length exps= 0.0
#window: 42
Total #outliers: 18
Average Time: 349.9200800238095 ms
Peak memory: 0.0 MB
Time index, remove data from structure: 0.010121579047619048
Time for querying: 0.0
Time for new slide: 0.33779071483333334
Time for expired slide: 0.012124682214285714
------------------------------------
Number clusters = 0.0
Max Number points in event queue = 0.0
Avg number points in clusters= 0.0
Avg Rmc size = 0.0
Avg Length exps= 0.0
#window: 43
Total #outliers: 16
Average Time: 350.32078120930225 ms
Peak memory: 0.0 MB
Time index, remove data from structure: 0.010190065046511628
Time for querying: 0.0
Time for new slide: 0.33812792855813956
Time for expired slide: 0.01218817665116279
------------------------------------
Number clusters = 0.0
Max Number points in event queue = 0.0
Avg number points in clusters= 0.0
Avg Rmc size = 0.0
Avg Length exps= 0.0
#window: 44
Total #outliers: 11
Average Time: 350.465016840909 ms
Peak memory: 0.0 MB
Time index, remove data from structure: 0.010246570227272727
Time for querying: 0.0
Time for new slide: 0.33821252247727274
Time for expired slide: 0.012247829954545457
------------------------------------
Number clusters = 0.0
Max Number points in event queue = 0.0
Avg number points in clusters= 0.0
Avg Rmc size = 0.0
Avg Length exps= 0.0
#window: 45
Total #outliers: 9
Average Time: 350.54259228888884 ms
Peak memory: 0.0 MB
Time index, remove data from structure: 0.010293913933333333
Time for querying: 0.0
Time for new slide: 0.3382205894
Time for expired slide: 0.012317338666666667
------------------------------------
Number clusters = 0.0
Max Number points in event queue = 0.0
Avg number points in clusters= 0.0
Avg Rmc size = 0.0
Avg Length exps= 0.0
#window: 46
Total #outliers: 12
Average Time: 350.6959926521738 ms
Peak memory: 0.0 MB
Time index, remove data from structure: 0.01035113943478261
Time for querying: 0.0
Time for new slide: 0.33832261791304347
Time for expired slide: 0.012368696608695651
------------------------------------
Number clusters = 0.0
Max Number points in event queue = 0.0
Avg number points in clusters= 0.0
Avg Rmc size = 0.0
Avg Length exps= 0.0
#window: 47
Total #outliers: 20
Average Time: 349.8452488297872 ms
Peak memory: 0.0 MB
Time index, remove data from structure: 0.010393488255319149
Time for querying: 0.0
Time for new slide: 0.33743704814893616
Time for expired slide: 0.012403532765957447
------------------------------------
Number clusters = 0.0
Max Number points in event queue = 0.0
Avg number points in clusters= 0.0
Avg Rmc size = 0.0
Avg Length exps= 0.0
#window: 48
Total #outliers: 27
Average Time: 348.86060297916663 ms
Peak memory: 0.0 MB
Time index, remove data from structure: 0.0104151296875
Time for querying: 0.0
Time for new slide: 0.3364368527291666
Time for expired slide: 0.012419110583333332
------------------------------------
Number clusters = 0.0
Max Number points in event queue = 0.0
Avg number points in clusters= 0.0
Avg Rmc size = 0.0
Avg Length exps= 0.0
#window: 49
Total #outliers: 24
Average Time: 348.72541434693875 ms
Peak memory: 0.0 MB
Time index, remove data from structure: 0.010419454571428571
Time for querying: 0.0
Time for new slide: 0.33630646763265304
Time for expired slide: 0.012414261918367347
------------------------------------
Number clusters = 0.0
Max Number points in event queue = 0.0
Avg number points in clusters= 0.0
Avg Rmc size = 0.0
Avg Length exps= 0.0
#window: 50
Total #outliers: 24
Average Time: 347.56223112000004 ms
Peak memory: 0.0 MB
Time index, remove data from structure: 0.01042056716
Time for querying: 0.0
Time for new slide: 0.33515286326000004
Time for expired slide: 0.01240470398
------------------------------------
Number clusters = 0.0
Max Number points in event queue = 0.0
Avg number points in clusters= 0.0
Avg Rmc size = 0.0
Avg Length exps= 0.0
#window: 51
Total #outliers: 4
Average Time: 343.46820749019605 ms
Peak memory: 0.0 MB
Time index, remove data from structure: 0.01042582543137255
Time for querying: 0.0
Time for new slide: 0.33106286201960783
Time for expired slide: 0.012400704509803922
------------------------------------
Number clusters = 0.0
Max Number points in event queue = 0.0
Avg number points in clusters= 0.0
Avg Rmc size = 0.0
Avg Length exps= 0.0
#window: 52
Total #outliers: 4
Average Time: 339.8731755576923 ms
Peak memory: 0.0 MB
Time index, remove data from structure: 0.010419320980769229
Time for querying: 0.0
Time for new slide: 0.32748335167307696
Time for expired slide: 0.012385199807692307
------------------------------------
Number clusters = 0.0
Max Number points in event queue = 0.0
Avg number points in clusters= 0.0
Avg Rmc size = 0.0
Avg Length exps= 0.0
#window: 53
Total #outliers: 4
Average Time: 336.62283573584904 ms
Peak memory: 0.0 MB
Time index, remove data from structure: 0.010404777886792452
Time for querying: 0.0
Time for new slide: 0.3242564319056604
Time for expired slide: 0.012361794226415094
------------------------------------
Number clusters = 0.0
Max Number points in event queue = 0.0
Avg number points in clusters= 0.0
Avg Rmc size = 0.0
Avg Length exps= 0.0
#window: 54
Total #outliers: 3
Average Time: 333.7293155 ms
Peak memory: 0.0 MB
Time index, remove data from structure: 0.010370047
Time for querying: 0.0
Time for new slide: 0.3214056339259259
Time for expired slide: 0.012319093777777778
------------------------------------
Number clusters = 0.0
Max Number points in event queue = 0.0
Avg number points in clusters= 0.0
Avg Rmc size = 0.0
Avg Length exps= 0.0
#window: 55
Total #outliers: 4
Average Time: 331.81122643636365 ms
Peak memory: 0.0 MB
Time index, remove data from structure: 0.01031375861818182
Time for querying: 0.0
Time for new slide: 0.3195513523636364
Time for expired slide: 0.0122552948
------------------------------------
Number clusters = 0.0
Max Number points in event queue = 0.0
Avg number points in clusters= 0.0
Avg Rmc size = 0.0
Avg Length exps= 0.0
#window: 56
Total #outliers: 7
Average Time: 330.74158394642853 ms
Peak memory: 0.0 MB
Time index, remove data from structure: 0.010263043214285714
Time for querying: 0.0
Time for new slide: 0.31853167832142854
Time for expired slide: 0.01220534844642857
------------------------------------
Number clusters = 0.0
Max Number points in event queue = 0.0
Avg number points in clusters= 0.0
Avg Rmc size = 0.0
Avg Length exps= 0.0
#window: 57
Total #outliers: 18
Average Time: 328.7116900526316 ms
Peak memory: 0.0 MB
Time index, remove data from structure: 0.01021072605263158
Time for querying: 0.0
Time for new slide: 0.31655818901754385
Time for expired slide: 0.012148968350877193
------------------------------------
Number clusters = 0.0
Max Number points in event queue = 0.0
Avg number points in clusters= 0.0
Avg Rmc size = 0.0
Avg Length exps= 0.0
#window: 58
Total #outliers: 10
Average Time: 325.3871712413793 ms
Peak memory: 0.0 MB
Time index, remove data from structure: 0.010155675431034482
Time for querying: 0.0
Time for new slide: 0.31329559112068966
Time for expired slide: 0.012087077689655171
------------------------------------
Number clusters = 0.0
Max Number points in event queue = 0.0
Avg number points in clusters= 0.0
Avg Rmc size = 0.0
Avg Length exps= 0.0
#window: 59
Total #outliers: 34
Average Time: 321.54064438983045 ms
Peak memory: 0.0 MB
Time index, remove data from structure: 0.010099711779661017
Time for querying: 0.0
Time for new slide: 0.3095142865423729
Time for expired slide: 0.012021887
------------------------------------
Number clusters = 0.0
Max Number points in event queue = 0.0
Avg number points in clusters= 0.0
Avg Rmc size = 0.0
Avg Length exps= 0.0
#window: 60
Total #outliers: 21
Average Time: 317.4953875833333 ms
Peak memory: 0.0 MB
Time index, remove data from structure: 0.010031878333333332
Time for querying: 0.0
Time for new slide: 0.30554411076666665
Time for expired slide: 0.011946836399999999
------------------------------------
Number clusters = 0.0
Max Number points in event queue = 0.0
Avg number points in clusters= 0.0
Avg Rmc size = 0.0
Avg Length exps= 0.0
#window: 61
Total #outliers: 21
Average Time: 314.1179931475409 ms
Peak memory: 0.0 MB
Time index, remove data from structure: 0.009955996590163933
Time for querying: 0.0
Time for new slide: 0.30225150598360656
Time for expired slide: 0.011862069803278688
------------------------------------
Number clusters = 0.0
Max Number points in event queue = 0.0
Avg number points in clusters= 0.0
Avg Rmc size = 0.0
Avg Length exps= 0.0
#window: 62
Total #outliers: 21
Average Time: 310.96942327419345 ms
Peak memory: 0.0 MB
Time index, remove data from structure: 0.009885660225806451
Time for querying: 0.0
Time for new slide: 0.299180678516129
Time for expired slide: 0.01178435385483871
------------------------------------
Number clusters = 0.0
Max Number points in event queue = 0.0
Avg number points in clusters= 0.0
Avg Rmc size = 0.0
Avg Length exps= 0.0
#window: 63
Total #outliers: 21
Average Time: 307.85729603174593 ms
Peak memory: 0.0 MB
Time index, remove data from structure: 0.009813460793650792
Time for querying: 0.0
Time for new slide: 0.29614721553968254
Time for expired slide: 0.011705711587301588
------------------------------------
Number clusters = 0.0
Max Number points in event queue = 0.0
Avg number points in clusters= 0.0
Avg Rmc size = 0.0
Avg Length exps= 0.0
#window: 64
Total #outliers: 21
Average Time: 305.0173928281249 ms
Peak memory: 0.0 MB
Time index, remove data from structure: 0.00973582596875
Time for querying: 0.0
Time for new slide: 0.293391088984375
Time for expired slide: 0.011621950328125
------------------------------------
Number clusters = 0.0
Max Number points in event queue = 0.0
Avg number points in clusters= 0.0
Avg Rmc size = 0.0
Avg Length exps= 0.0
#window: 65
Total #outliers: 22
Average Time: 302.5724619230768 ms
Peak memory: 0.0 MB
Time index, remove data from structure: 0.009655470953846154
Time for querying: 0.0
Time for new slide: 0.2910331617230769
Time for expired slide: 0.0115349706
------------------------------------
Number clusters = 0.0
Max Number points in event queue = 0.0
Avg number points in clusters= 0.0
Avg Rmc size = 0.0
Avg Length exps= 0.0
#window: 66
Total #outliers: 20
Average Time: 300.2911078181817 ms
Peak memory: 0.0 MB
Time index, remove data from structure: 0.00958995343939394
Time for querying: 0.0
Time for new slide: 0.2886046785757576
Time for expired slide: 0.011682112727272728
------------------------------------
Number clusters = 0.0
Max Number points in event queue = 0.0
Avg number points in clusters= 0.0
Avg Rmc size = 0.0
Avg Length exps= 0.0
#window: 67
Total #outliers: 20
Average Time: 297.8677626119402 ms
Peak memory: 0.0 MB
Time index, remove data from structure: 0.00952678632835821
Time for querying: 0.0
Time for new slide: 0.2862555991791045
Time for expired slide: 0.011607871104477611
------------------------------------
Number clusters = 0.0
Max Number points in event queue = 0.0
Avg number points in clusters= 0.0
Avg Rmc size = 0.0
Avg Length exps= 0.0
#window: 68
Total #outliers: 20
Average Time: 295.761985735294 ms
Peak memory: 0.0 MB
Time index, remove data from structure: 0.009466596676470589
Time for querying: 0.0
Time for new slide: 0.28422073386764707
Time for expired slide: 0.011536982
------------------------------------
Number clusters = 0.0
Max Number points in event queue = 0.0
Avg number points in clusters= 0.0
Avg Rmc size = 0.0
Avg Length exps= 0.0
#window: 69
Total #outliers: 20
Average Time: 293.7596204347825 ms
Peak memory: 0.0 MB
Time index, remove data from structure: 0.009402640869565217
Time for querying: 0.0
Time for new slide: 0.2822929476811594
Time for expired slide: 0.01146242384057971
------------------------------------
Number clusters = 0.0
Max Number points in event queue = 0.0
Avg number points in clusters= 0.0
Avg Rmc size = 0.0
Avg Length exps= 0.0
#window: 70
Total #outliers: 21
Average Time: 291.84709364285703 ms
Peak memory: 0.0 MB
Time index, remove data from structure: 0.009334566057142857
Time for querying: 0.0
Time for new slide: 0.28045853035714285
Time for expired slide: 0.0113843343
------------------------------------
Number clusters = 0.0
Max Number points in event queue = 0.0
Avg number points in clusters= 0.0
Avg Rmc size = 0.0
Avg Length exps= 0.0
#window: 71
Total #outliers: 21
Average Time: 290.03531991549283 ms
Peak memory: 0.0 MB
Time index, remove data from structure: 0.009254570366197184
Time for querying: 0.0
Time for new slide: 0.2787359968591549
Time for expired slide: 0.011295117577464788
------------------------------------
Number clusters = 0.0
Max Number points in event queue = 0.0
Avg number points in clusters= 0.0
Avg Rmc size = 0.0
Avg Length exps= 0.0
#window: 72
Total #outliers: 21
Average Time: 288.23084906944433 ms
Peak memory: 0.0 MB
Time index, remove data from structure: 0.009180806680555556
Time for querying: 0.0
Time for new slide: 0.27701364429166664
Time for expired slide: 0.011213017722222223
------------------------------------
Number clusters = 0.0
Max Number points in event queue = 0.0
Avg number points in clusters= 0.0
Avg Rmc size = 0.0
Avg Length exps= 0.0
#window: 73
Total #outliers: 21
Average Time: 286.72095432876705 ms
Peak memory: 0.0 MB
Time index, remove data from structure: 0.009112585328767124
Time for querying: 0.0
Time for new slide: 0.27558070265753426
Time for expired slide: 0.011136082753424658
------------------------------------
Number clusters = 0.0
Max Number points in event queue = 0.0
Avg number points in clusters= 0.0
Avg Rmc size = 0.0
Avg Length exps= 0.0
#window: 74
Total #outliers: 22
Average Time: 285.2549819729729 ms
Peak memory: 0.0 MB
Time index, remove data from structure: 0.009043188945945945
Time for querying: 0.0
Time for new slide: 0.27419211632432433
Time for expired slide: 0.01105871581081081
------------------------------------
Number clusters = 0.0
Max Number points in event queue = 0.0
Avg number points in clusters= 0.0
Avg Rmc size = 0.0
Avg Length exps= 0.0
#window: 75
Total #outliers: 22
Average Time: 283.92325379999994 ms
Peak memory: 0.0 MB
Time index, remove data from structure: 0.008985666960000001
Time for querying: 0.0
Time for new slide: 0.27292412769333335
Time for expired slide: 0.010994993426666667
------------------------------------
Number clusters = 0.0
Max Number points in event queue = 0.0
Avg number points in clusters= 0.0
Avg Rmc size = 0.0
Avg Length exps= 0.0
#window: 76
Total #outliers: 20
Average Time: 282.68057484210516 ms
Peak memory: 0.0 MB
Time index, remove data from structure: 0.008935012197368421
Time for querying: 0.0
Time for new slide: 0.27171140609210526
Time for expired slide: 0.010965051092105263
------------------------------------
Number clusters = 0.0
Max Number points in event queue = 0.0
Avg number points in clusters= 0.0
Avg Rmc size = 0.0
Avg Length exps= 0.0
#window: 77
Total #outliers: 23
Average Time: 281.401919090909 ms
Peak memory: 0.0 MB
Time index, remove data from structure: 0.008873454831168831
Time for querying: 0.0
Time for new slide: 0.2705023342467533
Time for expired slide: 0.010895480012987013
------------------------------------
Number clusters = 0.0
Max Number points in event queue = 0.0
Avg number points in clusters= 0.0
Avg Rmc size = 0.0
Avg Length exps= 0.0
#window: 78
Total #outliers: 25
Average Time: 280.2076952692307 ms
Peak memory: 0.0 MB
Time index, remove data from structure: 0.008811469884615385
Time for querying: 0.0
Time for new slide: 0.2693765606153846
Time for expired slide: 0.010827033307692307
------------------------------------
Number clusters = 0.0
Max Number points in event queue = 0.0
Avg number points in clusters= 0.0
Avg Rmc size = 0.0
Avg Length exps= 0.0
#window: 79
Total #outliers: 22
Average Time: 279.17689458227846 ms
Peak memory: 0.0 MB
Time index, remove data from structure: 0.008742431101265822
Time for querying: 0.0
Time for new slide: 0.26842019098734177
Time for expired slide: 0.010752607607594937
------------------------------------
Number clusters = 0.0
Max Number points in event queue = 0.0
Avg number points in clusters= 0.0
Avg Rmc size = 0.0
Avg Length exps= 0.0
#window: 80
Total #outliers: 22
Average Time: 278.2447364499999 ms
Peak memory: 0.0 MB
Time index, remove data from structure: 0.008668710175
Time for querying: 0.0
Time for new slide: 0.2675622265
Time for expired slide: 0.0106784266375
------------------------------------
Number clusters = 0.0
Max Number points in event queue = 0.0
Avg number points in clusters= 0.0
Avg Rmc size = 0.0
Avg Length exps= 0.0
#window: 81
Total #outliers: 45
Average Time: 277.4361460123456 ms
Peak memory: 0.0 MB
Time index, remove data from structure: 0.008605637925925926
Time for querying: 0.0
Time for new slide: 0.2668223755925926
Time for expired slide: 0.010609689962962963
------------------------------------
Number clusters = 0.0
Max Number points in event queue = 0.0
Avg number points in clusters= 0.0
Avg Rmc size = 0.0
Avg Length exps= 0.0
#window: 82
Total #outliers: 65
Average Time: 276.80500764634144 ms
Peak memory: 0.0 MB
Time index, remove data from structure: 0.00854542169512195
Time for querying: 0.0
Time for new slide: 0.2662525706585366
Time for expired slide: 0.01054836912195122
------------------------------------
Number clusters = 0.0
Max Number points in event queue = 0.0
Avg number points in clusters= 0.0
Avg Rmc size = 0.0
Avg Length exps= 0.0
#window: 83
Total #outliers: 84
Average Time: 276.276153506024 ms
Peak memory: 0.0 MB
Time index, remove data from structure: 0.008484303650602409
Time for querying: 0.0
Time for new slide: 0.26578522627710843
Time for expired slide: 0.010486868337349397
------------------------------------
Number clusters = 0.0
Max Number points in event queue = 0.0
Avg number points in clusters= 0.0
Avg Rmc size = 0.0
Avg Length exps= 0.0
#window: 84
Total #outliers: 53
Average Time: 275.90870963095233 ms
Peak memory: 0.0 MB
Time index, remove data from structure: 0.008432383535714285
Time for querying: 0.0
Time for new slide: 0.2654665189285714
Time for expired slide: 0.010438136202380951
------------------------------------
Number clusters = 0.0
Max Number points in event queue = 0.0
Avg number points in clusters= 0.0
Avg Rmc size = 0.0
Avg Length exps= 0.0
#window: 85
Total #outliers: 45
Average Time: 275.6732633764705 ms
Peak memory: 0.0 MB
Time index, remove data from structure: 0.008383561588235295
Time for querying: 0.0
Time for new slide: 0.26528477308235293
Time for expired slide: 0.010384445764705883
------------------------------------
Number clusters = 0.0
Max Number points in event queue = 0.0
Avg number points in clusters= 0.0
Avg Rmc size = 0.0
Avg Length exps= 0.0
#window: 86
Total #outliers: 43
Average Time: 275.4505989534883 ms
Peak memory: 0.0 MB
Time index, remove data from structure: 0.008340823395348838
Time for querying: 0.0
Time for new slide: 0.26510966059302327
Time for expired slide: 0.010336900697674418
------------------------------------
Number clusters = 0.0
Max Number points in event queue = 0.0
Avg number points in clusters= 0.0
Avg Rmc size = 0.0
Avg Length exps= 0.0
#window: 87
Total #outliers: 39
Average Time: 275.1220469770114 ms
Peak memory: 0.0 MB
Time index, remove data from structure: 0.008301430804597701
Time for querying: 0.0
Time for new slide: 0.26482605314942526
Time for expired slide: 0.010291962597701149
------------------------------------
Number clusters = 0.0
Max Number points in event queue = 0.0
Avg number points in clusters= 0.0
Avg Rmc size = 0.0
Avg Length exps= 0.0
#window: 88
Total #outliers: 42
Average Time: 274.97725811363625 ms
Peak memory: 0.0 MB
Time index, remove data from structure: 0.008263710318181818
Time for querying: 0.0
Time for new slide: 0.26471742881818183
Time for expired slide: 0.010255806681818181
------------------------------------
Number clusters = 0.0
Max Number points in event queue = 0.0
Avg number points in clusters= 0.0
Avg Rmc size = 0.0
Avg Length exps= 0.0
#window: 89
Total #outliers: 56
Average Time: 274.9520627752808 ms
Peak memory: 0.0 MB
Time index, remove data from structure: 0.008226484606741573
Time for querying: 0.0
Time for new slide: 0.26473455508988764
Time for expired slide: 0.010213480494382024
------------------------------------
Number clusters = 0.0
Max Number points in event queue = 0.0
Avg number points in clusters= 0.0
Avg Rmc size = 0.0
Avg Length exps= 0.0
#window: 90
Total #outliers: 87
Average Time: 275.24751989999993 ms
Peak memory: 0.0 MB
Time index, remove data from structure: 0.008187049822222221
Time for querying: 0.0
Time for new slide: 0.2650737528888889
Time for expired slide: 0.010169744077777779
------------------------------------
Number clusters = 0.0
Max Number points in event queue = 0.0
Avg number points in clusters= 0.0
Avg Rmc size = 0.0
Avg Length exps= 0.0
#window: 91
Total #outliers: 66
Average Time: 273.2874058901098 ms
Peak memory: 0.0 MB
Time index, remove data from structure: 0.00815222367032967
Time for querying: 0.0
Time for new slide: 0.2631438352747253
Time for expired slide: 0.01013955634065934
------------------------------------
Number clusters = 0.0
Max Number points in event queue = 0.0
Avg number points in clusters= 0.0
Avg Rmc size = 0.0
Avg Length exps= 0.0
#window: 92
Total #outliers: 66
Average Time: 272.32353229347814 ms
Peak memory: 0.0 MB
Time index, remove data from structure: 0.008117769663043478
Time for querying: 0.0
Time for new slide: 0.2622188523152174
Time for expired slide: 0.010100667423913044
------------------------------------
Number clusters = 0.0
Max Number points in event queue = 0.0
Avg number points in clusters= 0.0
Avg Rmc size = 0.0
Avg Length exps= 0.0
#window: 93
Total #outliers: 65
Average Time: 272.4658079569892 ms
Peak memory: 0.0 MB
Time index, remove data from structure: 0.008086579043010753
Time for querying: 0.0
Time for new slide: 0.26239554894623657
Time for expired slide: 0.010066252451612905
------------------------------------
Number clusters = 0.0
Max Number points in event queue = 0.0
Avg number points in clusters= 0.0
Avg Rmc size = 0.0
Avg Length exps= 0.0
#window: 94
Total #outliers: 58
Average Time: 272.73798840425525 ms
Peak memory: 0.0 MB
Time index, remove data from structure: 0.008051173127659574
Time for querying: 0.0
Time for new slide: 0.2626974478297872
Time for expired slide: 0.010036538914893617
------------------------------------
Number clusters = 0.0
Max Number points in event queue = 0.0
Avg number points in clusters= 0.0
Avg Rmc size = 0.0
Avg Length exps= 0.0
#window: 95
Total #outliers: 64
Average Time: 273.07145665263147 ms
Peak memory: 0.0 MB
Time index, remove data from structure: 0.008017073642105263
Time for querying: 0.0
Time for new slide: 0.26306838248421055
Time for expired slide: 0.009999080936842106
------------------------------------
Number clusters = 0.0
Max Number points in event queue = 0.0
Avg number points in clusters= 0.0
Avg Rmc size = 0.0
Avg Length exps= 0.0
#window: 96
Total #outliers: 83
Average Time: 273.44557114583324 ms
Peak memory: 0.0 MB
Time index, remove data from structure: 0.007985708291666666
Time for querying: 0.0
Time for new slide: 0.26345040097916667
Time for expired slide: 0.009991190520833334
------------------------------------
Number clusters = 0.0
Max Number points in event queue = 0.0
Avg number points in clusters= 0.0
Avg Rmc size = 0.0
Avg Length exps= 0.0
#window: 97
Total #outliers: 97
Average Time: 273.8713376494844 ms
Peak memory: 0.0 MB
Time index, remove data from structure: 0.007965047927835051
Time for querying: 0.0
Time for new slide: 0.26389741752577317
Time for expired slide: 0.009969946144329897
------------------------------------
Number clusters = 0.0
Max Number points in event queue = 0.0
Avg number points in clusters= 0.0
Avg Rmc size = 0.0
Avg Length exps= 0.0
#window: 98
Total #outliers: 107
Average Time: 274.23101315306116 ms
Peak memory: 0.0 MB
Time index, remove data from structure: 0.007946016163265306
Time for querying: 0.0
Time for new slide: 0.2642782974387755
Time for expired slide: 0.009948752346938775
------------------------------------
Number clusters = 0.0
Max Number points in event queue = 0.0
Avg number points in clusters= 0.0
Avg Rmc size = 0.0
Avg Length exps= 0.0
#window: 99
Total #outliers: 110
Average Time: 274.6961051717171 ms
Peak memory: 0.0 MB
Time index, remove data from structure: 0.007925993141414142
Time for querying: 0.0
Time for new slide: 0.26476448166666666
Time for expired slide: 0.009927669282828283
------------------------------------
Number clusters = 0.0
Max Number points in event queue = 0.0
Avg number points in clusters= 0.0
Avg Rmc size = 0.0
Avg Length exps= 0.0
#window: 100
Total #outliers: 111
Average Time: 275.12001830999986 ms
Peak memory: 0.0 MB
Time index, remove data from structure: 0.00791158197
Time for querying: 0.0
Time for new slide: 0.26520405767
Time for expired slide: 0.00991200771
------------------------------------
Number clusters = 0.0
Max Number points in event queue = 0.0
Avg number points in clusters= 0.0
Avg Rmc size = 0.0
Avg Length exps= 0.0
#window: 101
Total #outliers: 109
Average Time: 275.6723231287128 ms
Peak memory: 0.0 MB
Time index, remove data from structure: 0.00790370595049505
Time for querying: 0.0
Time for new slide: 0.2657658196633664
Time for expired slide: 0.009902557524752475
------------------------------------
Number clusters = 0.0
Max Number points in event queue = 0.0
Avg number points in clusters= 0.0
Avg Rmc size = 0.0
Avg Length exps= 0.0
#window: 102
Total #outliers: 75
Average Time: 276.2394978137254 ms
Peak memory: 0.0 MB
Time index, remove data from structure: 0.007898787333333334
Time for querying: 0.0
Time for new slide: 0.26633901517647063
Time for expired slide: 0.009896545882352942
------------------------------------
Number clusters = 0.0
Max Number points in event queue = 0.0
Avg number points in clusters= 0.0
Avg Rmc size = 0.0
Avg Length exps= 0.0
#window: 103
Total #outliers: 78
Average Time: 276.3308512038834 ms
Peak memory: 0.0 MB
Time index, remove data from structure: 0.007888994582524272
Time for querying: 0.0
Time for new slide: 0.26644178660194173
Time for expired slide: 0.009885138524271845
------------------------------------
Number clusters = 0.0
Max Number points in event queue = 0.0
Avg number points in clusters= 0.0
Avg Rmc size = 0.0
Avg Length exps= 0.0
#window: 104
Total #outliers: 78
Average Time: 276.2702764326922 ms
Peak memory: 0.0 MB
Time index, remove data from structure: 0.007883793567307692
Time for querying: 0.0
Time for new slide: 0.26638889409615385
Time for expired slide: 0.009877461442307693
------------------------------------
Number clusters = 0.0
Max Number points in event queue = 0.0
Avg number points in clusters= 0.0
Avg Rmc size = 0.0
Avg Length exps= 0.0
#window: 105
Total #outliers: 78
Average Time: 276.2656283523809 ms
Peak memory: 0.0 MB
Time index, remove data from structure: 0.007873327838095238
Time for querying: 0.0
Time for new slide: 0.2663971605047619
Time for expired slide: 0.009864551323809524
------------------------------------
Number clusters = 0.0
Max Number points in event queue = 0.0
Avg number points in clusters= 0.0
Avg Rmc size = 0.0
Avg Length exps= 0.0
#window: 106
Total #outliers: 74
Average Time: 276.257450971698 ms
Peak memory: 0.0 MB
Time index, remove data from structure: 0.007867964839622642
Time for querying: 0.0
Time for new slide: 0.26639682428301886
Time for expired slide: 0.009856715952830188
------------------------------------
Number clusters = 0.0
Max Number points in event queue = 0.0
Avg number points in clusters= 0.0
Avg Rmc size = 0.0
Avg Length exps= 0.0
#window: 107
Total #outliers: 71
Average Time: 276.23423559813074 ms
Peak memory: 0.0 MB
Time index, remove data from structure: 0.007858863728971962
Time for querying: 0.0
Time for new slide: 0.26638549324299066
Time for expired slide: 0.00984483998130841
------------------------------------
Number clusters = 0.0
Max Number points in event queue = 0.0
Avg number points in clusters= 0.0
Avg Rmc size = 0.0
Avg Length exps= 0.0
#window: 108
Total #outliers: 62
Average Time: 276.411465574074 ms
Peak memory: 0.0 MB
Time index, remove data from structure: 0.007846395351851852
Time for querying: 0.0
Time for new slide: 0.2665766469537037
Time for expired slide: 0.009830926018518519
------------------------------------
Number clusters = 0.0
Max Number points in event queue = 0.0
Avg number points in clusters= 0.0
Avg Rmc size = 0.0
Avg Length exps= 0.0
#window: 109
Total #outliers: 69
Average Time: 276.3373998715595 ms
Peak memory: 0.0 MB
Time index, remove data from structure: 0.007833153743119266
Time for querying: 0.0
Time for new slide: 0.26651848625688074
Time for expired slide: 0.009815030009174313
------------------------------------
Number clusters = 0.0
Max Number points in event queue = 0.0
Avg number points in clusters= 0.0
Avg Rmc size = 0.0
Avg Length exps= 0.0
#window: 110
Total #outliers: 76
Average Time: 276.1724922818181 ms
Peak memory: 0.0 MB
Time index, remove data from structure: 0.0078282796
Time for querying: 0.0
Time for new slide: 0.26635776450000004
Time for expired slide: 0.009810848245454544
------------------------------------
Number clusters = 0.0
Max Number points in event queue = 0.0
Avg number points in clusters= 0.0
Avg Rmc size = 0.0
Avg Length exps= 0.0
#window: 111
Total #outliers: 76
Average Time: 275.9655574414414 ms
Peak memory: 0.0 MB
Time index, remove data from structure: 0.007788001702702703
Time for querying: 0.0
Time for new slide: 0.2661915893423423
Time for expired slide: 0.009770091036036035
------------------------------------
Number clusters = 0.0
Max Number points in event queue = 0.0
Avg number points in clusters= 0.0
Avg Rmc size = 0.0
Avg Length exps= 0.0
#window: 112
Total #outliers: 74
Average Time: 275.8767430803571 ms
Peak memory: 0.0 MB
Time index, remove data from structure: 0.007758491410714286
Time for querying: 0.0
Time for new slide: 0.2661332751428572
Time for expired slide: 0.009739599732142858
------------------------------------
Number clusters = 0.0
Max Number points in event queue = 0.0
Avg number points in clusters= 0.0
Avg Rmc size = 0.0
Avg Length exps= 0.0
#window: 113
Total #outliers: 75
Average Time: 275.6410169734512 ms
Peak memory: 0.0 MB
Time index, remove data from structure: 0.007746230663716815
Time for querying: 0.0
Time for new slide: 0.265911929
Time for expired slide: 0.009725228654867257
------------------------------------
Number clusters = 0.0
Max Number points in event queue = 0.0
Avg number points in clusters= 0.0
Avg Rmc size = 0.0
Avg Length exps= 0.0
#window: 114
Total #outliers: 75
Average Time: 275.54886114912273 ms
Peak memory: 0.0 MB
Time index, remove data from structure: 0.007735689587719298
Time for querying: 0.0
Time for new slide: 0.26583272034210526
Time for expired slide: 0.00971228700877193
------------------------------------
Number clusters = 0.0
Max Number points in event queue = 0.0
Avg number points in clusters= 0.0
Avg Rmc size = 0.0
Avg Length exps= 0.0
#window: 115
Total #outliers: 66
Average Time: 275.6256698173912 ms
Peak memory: 0.0 MB
Time index, remove data from structure: 0.007726726956521739
Time for querying: 0.0
Time for new slide: 0.26592043390434783
Time for expired slide: 0.009701384573913044
------------------------------------
Number clusters = 0.0
Max Number points in event queue = 0.0
Avg number points in clusters= 0.0
Avg Rmc size = 0.0
Avg Length exps= 0.0
#window: 116
Total #outliers: 62
Average Time: 275.67522997413784 ms
Peak memory: 0.0 MB
Time index, remove data from structure: 0.007717473
Time for querying: 0.0
Time for new slide: 0.2659817019310345
Time for expired slide: 0.009689684267241379
------------------------------------
Number clusters = 0.0
Max Number points in event queue = 0.0
Avg number points in clusters= 0.0
Avg Rmc size = 0.0
Avg Length exps= 0.0
#window: 117
Total #outliers: 117
Average Time: 275.6415889914529 ms
Peak memory: 0.0 MB
Time index, remove data from structure: 0.007707663076923076
Time for querying: 0.0
Time for new slide: 0.2659605414444445
Time for expired slide: 0.00967720723931624
------------------------------------
Number clusters = 0.0
Max Number points in event queue = 0.0
Avg number points in clusters= 0.0
Avg Rmc size = 0.0
Avg Length exps= 0.0
#window: 118
Total #outliers: 38
Average Time: 275.29234091525416 ms
Peak memory: 0.0 MB
Time index, remove data from structure: 0.007693239500000001
Time for querying: 0.0
Time for new slide: 0.2656269971440678
Time for expired slide: 0.009661511449152543
------------------------------------
Number clusters = 0.0
Max Number points in event queue = 0.0
Avg number points in clusters= 0.0
Avg Rmc size = 0.0
Avg Length exps= 0.0
#window: 119
Total #outliers: 39
Average Time: 274.3232760168067 ms
Peak memory: 0.0 MB
Time index, remove data from structure: 0.00768292593277311
Time for querying: 0.0
Time for new slide: 0.26466649914285717
Time for expired slide: 0.009652956655462184
------------------------------------
Number clusters = 0.0
Max Number points in event queue = 0.0
Avg number points in clusters= 0.0
Avg Rmc size = 0.0
Avg Length exps= 0.0
#window: 120
Total #outliers: 28
Average Time: 273.4592269249999 ms
Peak memory: 0.0 MB
Time index, remove data from structure: 0.007671300391666667
Time for querying: 0.0
Time for new slide: 0.26381922479166664
Time for expired slide: 0.009636189383333334
------------------------------------
Number clusters = 0.0
Max Number points in event queue = 0.0
Avg number points in clusters= 0.0
Avg Rmc size = 0.0
Avg Length exps= 0.0
#window: 121
Total #outliers: 28
Average Time: 272.54939612396686 ms
Peak memory: 0.0 MB
Time index, remove data from structure: 0.007665195438016529
Time for querying: 0.0
Time for new slide: 0.2629207240826446
Time for expired slide: 0.009624867099173554
------------------------------------
Number clusters = 0.0
Max Number points in event queue = 0.0
Avg number points in clusters= 0.0
Avg Rmc size = 0.0
Avg Length exps= 0.0
#window: 122
Total #outliers: 46
Average Time: 271.82434195901635 ms
Peak memory: 0.0 MB
Time index, remove data from structure: 0.007660388483606557
Time for querying: 0.0
Time for new slide: 0.26220490990163936
Time for expired slide: 0.00961563081967213
------------------------------------
Number clusters = 0.0
Max Number points in event queue = 0.0
Avg number points in clusters= 0.0
Avg Rmc size = 0.0
Avg Length exps= 0.0
#window: 123
Total #outliers: 45
Average Time: 271.11692271544706 ms
Peak memory: 0.0 MB
Time index, remove data from structure: 0.007653930357723577
Time for querying: 0.0
Time for new slide: 0.2615079141869919
Time for expired slide: 0.00960521349593496
------------------------------------
Number clusters = 0.0
Max Number points in event queue = 0.0
Avg number points in clusters= 0.0
Avg Rmc size = 0.0
Avg Length exps= 0.0
#window: 124
Total #outliers: 45
Average Time: 270.567009266129 ms
Peak memory: 0.0 MB
Time index, remove data from structure: 0.007647194209677419
Time for querying: 0.0
Time for new slide: 0.26096837162903225
Time for expired slide: 0.009594848887096774
------------------------------------
Number clusters = 0.0
Max Number points in event queue = 0.0
Avg number points in clusters= 0.0
Avg Rmc size = 0.0
Avg Length exps= 0.0
#window: 125
Total #outliers: 49
Average Time: 270.10478487999995 ms
Peak memory: 0.0 MB
Time index, remove data from structure: 0.007640430936
Time for querying: 0.0
Time for new slide: 0.260516634904
Time for expired slide: 0.00958436372
------------------------------------
Number clusters = 0.0
Max Number points in event queue = 0.0
Avg number points in clusters= 0.0
Avg Rmc size = 0.0
Avg Length exps= 0.0
#window: 126
Total #outliers: 46
Average Time: 269.5986728730158 ms
Peak memory: 0.0 MB
Time index, remove data from structure: 0.007632535674603174
Time for querying: 0.0
Time for new slide: 0.26002200203968256
Time for expired slide: 0.009572884722222222
------------------------------------
Number clusters = 0.0
Max Number points in event queue = 0.0
Avg number points in clusters= 0.0
Avg Rmc size = 0.0
Avg Length exps= 0.0
#window: 127
Total #outliers: 37
Average Time: 268.99081447244083 ms
Peak memory: 0.0 MB
Time index, remove data from structure: 0.007623809330708661
Time for querying: 0.0
Time for new slide: 0.2594263727952756
Time for expired slide: 0.0095606611496063
------------------------------------
Number clusters = 0.0
Max Number points in event queue = 0.0
Avg number points in clusters= 0.0
Avg Rmc size = 0.0
Avg Length exps= 0.0
#window: 128
Total #outliers: 30
Average Time: 268.4983644296874 ms
Peak memory: 0.0 MB
Time index, remove data from structure: 0.0076137326796875
Time for querying: 0.0
Time for new slide: 0.2589476279375
Time for expired slide: 0.0095469606640625
------------------------------------
Number clusters = 0.0
Max Number points in event queue = 0.0
Avg number points in clusters= 0.0
Avg Rmc size = 0.0
Avg Length exps= 0.0
#window: 129
Total #outliers: 21
Average Time: 268.20786609302314 ms
Peak memory: 0.0 MB
Time index, remove data from structure: 0.007605697007751938
Time for querying: 0.0
Time for new slide: 0.25866862527906975
Time for expired slide: 0.00953530862015504
------------------------------------
Number clusters = 0.0
Max Number points in event queue = 0.0
Avg number points in clusters= 0.0
Avg Rmc size = 0.0
Avg Length exps= 0.0
#window: 130
Total #outliers: 22
Average Time: 268.03513877692296 ms
Peak memory: 0.0 MB
Time index, remove data from structure: 0.0076040470461538456
Time for querying: 0.0
Time for new slide: 0.25849997620769233
Time for expired slide: 0.0095312368
------------------------------------
Number clusters = 0.0
Max Number points in event queue = 0.0
Avg number points in clusters= 0.0
Avg Rmc size = 0.0
Avg Length exps= 0.0
#window: 131
Total #outliers: 22
Average Time: 267.72421593129764 ms
Peak memory: 0.0 MB
Time index, remove data from structure: 0.007597825870229008
Time for querying: 0.0
Time for new slide: 0.2581991098015267
Time for expired slide: 0.009521181427480915
------------------------------------
Number clusters = 0.0
Max Number points in event queue = 0.0
Avg number points in clusters= 0.0
Avg Rmc size = 0.0
Avg Length exps= 0.0
#window: 132
Total #outliers: 25
Average Time: 267.3614018560606 ms
Peak memory: 0.0 MB
Time index, remove data from structure: 0.007589734136363637
Time for querying: 0.0
Time for new slide: 0.25783986816666665
Time for expired slide: 0.009517617840909091
------------------------------------
Number clusters = 0.0
Max Number points in event queue = 0.0
Avg number points in clusters= 0.0
Avg Rmc size = 0.0
Avg Length exps= 0.0
#window: 133
Total #outliers: 25
Average Time: 266.81860320300746 ms
Peak memory: 0.0 MB
Time index, remove data from structure: 0.0075809257443609016
Time for querying: 0.0
Time for new slide: 0.2573093272481203
Time for expired slide: 0.009505364533834586
------------------------------------
Number clusters = 0.0
Max Number points in event queue = 0.0
Avg number points in clusters= 0.0
Avg Rmc size = 0.0
Avg Length exps= 0.0
#window: 134
Total #outliers: 27
Average Time: 266.24928797761186 ms
Peak memory: 0.0 MB
Time index, remove data from structure: 0.007570069097014926
Time for querying: 0.0
Time for new slide: 0.25675451023880597
Time for expired slide: 0.009490868529850746
------------------------------------
Number clusters = 0.0
Max Number points in event queue = 0.0
Avg number points in clusters= 0.0
Avg Rmc size = 0.0
Avg Length exps= 0.0
#window: 135
Total #outliers: 26
Average Time: 265.97887703703697 ms
Peak memory: 0.0 MB
Time index, remove data from structure: 0.007559830103703704
Time for querying: 0.0
Time for new slide: 0.25649794814814814
Time for expired slide: 0.009477023533333333
------------------------------------
Number clusters = 0.0
Max Number points in event queue = 0.0
Avg number points in clusters= 0.0
Avg Rmc size = 0.0
Avg Length exps= 0.0
#window: 136
Total #outliers: 10
Average Time: 265.6850409999999 ms
Peak memory: 0.0 MB
Time index, remove data from structure: 0.007549068294117647
Time for querying: 0.0
Time for new slide: 0.25621833116176473
Time for expired slide: 0.009462810360294118
------------------------------------
Number clusters = 0.0
Max Number points in event queue = 0.0
Avg number points in clusters= 0.0
Avg Rmc size = 0.0
Avg Length exps= 0.0
#window: 137
Total #outliers: 10
Average Time: 265.42626004379554 ms
Peak memory: 0.0 MB
Time index, remove data from structure: 0.0075391859635036505
Time for querying: 0.0
Time for new slide: 0.2559731864817518
Time for expired slide: 0.009449180759124088
------------------------------------
Number clusters = 0.0
Max Number points in event queue = 0.0
Avg number points in clusters= 0.0
Avg Rmc size = 0.0
Avg Length exps= 0.0
#window: 138
Total #outliers: 8
Average Time: 265.26341543478253 ms
Peak memory: 0.0 MB
Time index, remove data from structure: 0.007530484202898551
Time for querying: 0.0
Time for new slide: 0.2558225531231884
Time for expired slide: 0.009436974282608696
------------------------------------
Number clusters = 0.0
Max Number points in event queue = 0.0
Avg number points in clusters= 0.0
Avg Rmc size = 0.0
Avg Length exps= 0.0
#window: 139
Total #outliers: 11
Average Time: 265.1297454172661 ms
Peak memory: 0.0 MB
Time index, remove data from structure: 0.007521827654676259
Time for querying: 0.0
Time for new slide: 0.25570060756115104
Time for expired slide: 0.00942525381294964
------------------------------------
Number clusters = 0.0
Max Number points in event queue = 0.0
Avg number points in clusters= 0.0
Avg Rmc size = 0.0
Avg Length exps= 0.0
#window: 140
Total #outliers: 20
Average Time: 264.99891907142853 ms
Peak memory: 0.0 MB
Time index, remove data from structure: 0.007514116335714286
Time for querying: 0.0
Time for new slide: 0.25558049855
Time for expired slide: 0.009414541
------------------------------------
Number clusters = 0.0
Max Number points in event queue = 0.0
Avg number points in clusters= 0.0
Avg Rmc size = 0.0
Avg Length exps= 0.0
#window: 141
Total #outliers: 28
Average Time: 264.82815705673755 ms
Peak memory: 0.0 MB
Time index, remove data from structure: 0.007503051368794326
Time for querying: 0.0
Time for new slide: 0.25542179426950357
Time for expired slide: 0.009402492581560283
------------------------------------
Number clusters = 0.0
Max Number points in event queue = 0.0
Avg number points in clusters= 0.0
Avg Rmc size = 0.0
Avg Length exps= 0.0
#window: 142
Total #outliers: 28
Average Time: 264.76560665492957 ms
Peak memory: 0.0 MB
Time index, remove data from structure: 0.007494918514084507
Time for querying: 0.0
Time for new slide: 0.2553691647887324
Time for expired slide: 0.00939257633802817
------------------------------------
Number clusters = 0.0
Max Number points in event queue = 0.0
Avg number points in clusters= 0.0
Avg Rmc size = 0.0
Avg Length exps= 0.0
#window: 143
Total #outliers: 25
Average Time: 264.64663130069926 ms
Peak memory: 0.0 MB
Time index, remove data from structure: 0.007484362762237762
Time for querying: 0.0
Time for new slide: 0.25526300906993005
Time for expired slide: 0.009379759979020979
------------------------------------
Number clusters = 0.0
Max Number points in event queue = 0.0
Avg number points in clusters= 0.0
Avg Rmc size = 0.0
Avg Length exps= 0.0
#window: 144
Total #outliers: 25
Average Time: 264.7526332430555 ms
Peak memory: 0.0 MB
Time index, remove data from structure: 0.007474994437499999
Time for querying: 0.0
Time for new slide: 0.2553806396041667
Time for expired slide: 0.009368140694444445
------------------------------------
Number clusters = 0.0
Max Number points in event queue = 0.0
Avg number points in clusters= 0.0
Avg Rmc size = 0.0
Avg Length exps= 0.0
#window: 145
Total #outliers: 26
Average Time: 264.7832741862069 ms
Peak memory: 0.0 MB
Time index, remove data from structure: 0.007464255151724138
Time for querying: 0.0
Time for new slide: 0.2554241199103448
Time for expired slide: 0.009355304186206897
------------------------------------
Number clusters = 0.0
Max Number points in event queue = 0.0
Avg number points in clusters= 0.0
Avg Rmc size = 0.0
Avg Length exps= 0.0
#window: 146
Total #outliers: 33
Average Time: 264.7346823904109 ms
Peak memory: 0.0 MB
Time index, remove data from structure: 0.00745074348630137
Time for querying: 0.0
Time for new slide: 0.25539102430136984
Time for expired slide: 0.009339809136986302
------------------------------------
Number clusters = 0.0
Max Number points in event queue = 0.0
Avg number points in clusters= 0.0
Avg Rmc size = 0.0
Avg Length exps= 0.0
#window: 147
Total #outliers: 33
Average Time: 264.57091706122446 ms
Peak memory: 0.0 MB
Time index, remove data from structure: 0.007435332374149659
Time for querying: 0.0
Time for new slide: 0.25524498555102043
Time for expired slide: 0.009322085938775511
------------------------------------
Number clusters = 0.0
Max Number points in event queue = 0.0
Avg number points in clusters= 0.0
Avg Rmc size = 0.0
Avg Length exps= 0.0
#window: 148
Total #outliers: 38
Average Time: 264.5162124121622 ms
Peak memory: 0.0 MB
Time index, remove data from structure: 0.00742160752027027
Time for querying: 0.0
Time for new slide: 0.25520627677027025
Time for expired slide: 0.00930609527027027
------------------------------------
Number clusters = 0.0
Max Number points in event queue = 0.0
Avg number points in clusters= 0.0
Avg Rmc size = 0.0
Avg Length exps= 0.0
#window: 149
Total #outliers: 52
Average Time: 264.42690356375834 ms
Peak memory: 0.0 MB
Time index, remove data from structure: 0.007410702033557048
Time for querying: 0.0
Time for new slide: 0.2551299370872483
Time for expired slide: 0.009293132805369126
------------------------------------
Number clusters = 0.0
Max Number points in event queue = 0.0
Avg number points in clusters= 0.0
Avg Rmc size = 0.0
Avg Length exps= 0.0
#window: 150
Total #outliers: 53
Average Time: 264.4052227733333 ms
Peak memory: 0.0 MB
Time index, remove data from structure: 0.00740009846
Time for querying: 0.0
Time for new slide: 0.25512045860666666
Time for expired slide: 0.009280931206666666
------------------------------------
Number clusters = 0.0
Max Number points in event queue = 0.0
Avg number points in clusters= 0.0
Avg Rmc size = 0.0
Avg Length exps= 0.0
#window: 151
Total #outliers: 55
Average Time: 264.3999628675497 ms
Peak memory: 0.0 MB
Time index, remove data from structure: 0.00738848455629139
Time for querying: 0.0
Time for new slide: 0.2551281955298013
Time for expired slide: 0.009267934761589405
------------------------------------
Number clusters = 0.0
Max Number points in event queue = 0.0
Avg number points in clusters= 0.0
Avg Rmc size = 0.0
Avg Length exps= 0.0
#window: 152
Total #outliers: 57
Average Time: 264.4245326710526 ms
Peak memory: 0.0 MB
Time index, remove data from structure: 0.007374722197368421
Time for querying: 0.0
Time for new slide: 0.25516815275657895
Time for expired slide: 0.009252550539473684
------------------------------------
Number clusters = 0.0
Max Number points in event queue = 0.0
Avg number points in clusters= 0.0
Avg Rmc size = 0.0
Avg Length exps= 0.0
#window: 153
Total #outliers: 54
Average Time: 264.4703740849673 ms
Peak memory: 0.0 MB
Time index, remove data from structure: 0.007368316653594771
Time for querying: 0.0
Time for new slide: 0.25521958579738563
Time for expired slide: 0.00924696003267974
------------------------------------
Number clusters = 0.0
Max Number points in event queue = 0.0
Avg number points in clusters= 0.0
Avg Rmc size = 0.0
Avg Length exps= 0.0
#window: 154
Total #outliers: 53
Average Time: 264.5291284610389 ms
Peak memory: 0.0 MB
Time index, remove data from structure: 0.00736362912987013
Time for querying: 0.0
Time for new slide: 0.2552842103571428
Time for expired slide: 0.00924108990909091
------------------------------------
Number clusters = 0.0
Max Number points in event queue = 0.0
Avg number points in clusters= 0.0
Avg Rmc size = 0.0
Avg Length exps= 0.0
#window: 155
Total #outliers: 55
Average Time: 264.7593501354838 ms
Peak memory: 0.0 MB
Time index, remove data from structure: 0.00736124555483871
Time for querying: 0.0
Time for new slide: 0.2555180172129032
Time for expired slide: 0.00923750775483871
------------------------------------
Number clusters = 0.0
Max Number points in event queue = 0.0
Avg number points in clusters= 0.0
Avg Rmc size = 0.0
Avg Length exps= 0.0
#window: 156
Total #outliers: 44
Average Time: 264.9295347628205 ms
Peak memory: 0.0 MB
Time index, remove data from structure: 0.0073565644743589734
Time for querying: 0.0
Time for new slide: 0.2556943612628205
Time for expired slide: 0.009231349442307692
------------------------------------
Number clusters = 0.0
Max Number points in event queue = 0.0
Avg number points in clusters= 0.0
Avg Rmc size = 0.0
Avg Length exps= 0.0
#window: 157
Total #outliers: 21
Average Time: 265.12367140764326 ms
Peak memory: 0.0 MB
Time index, remove data from structure: 0.007348799165605095
Time for querying: 0.0
Time for new slide: 0.2558977014840764
Time for expired slide: 0.00922214378343949
------------------------------------
Number clusters = 0.0
Max Number points in event queue = 0.0
Avg number points in clusters= 0.0
Avg Rmc size = 0.0
Avg Length exps= 0.0
#window: 158
Total #outliers: 20
Average Time: 265.16417681012655 ms
Peak memory: 0.0 MB
Time index, remove data from structure: 0.007344249936708861
Time for querying: 0.0
Time for new slide: 0.25594476110759495
Time for expired slide: 0.009215590525316456
------------------------------------
Number clusters = 0.0
Max Number points in event queue = 0.0
Avg number points in clusters= 0.0
Avg Rmc size = 0.0
Avg Length exps= 0.0
#window: 159
Total #outliers: 18
Average Time: 265.03513461635214 ms
Peak memory: 0.0 MB
Time index, remove data from structure: 0.007341995320754717
Time for querying: 0.0
Time for new slide: 0.2558195534150943
Time for expired slide: 0.009211756981132076
------------------------------------
Number clusters = 0.0
Max Number points in event queue = 0.0
Avg number points in clusters= 0.0
Avg Rmc size = 0.0
Avg Length exps= 0.0
#window: 160
Total #outliers: 21
Average Time: 264.93109616249995 ms
Peak memory: 0.0 MB
Time index, remove data from structure: 0.00733824580625
Time for querying: 0.0
Time for new slide: 0.25572102114375
Time for expired slide: 0.00920624985
------------------------------------
Number clusters = 0.0
Max Number points in event queue = 0.0
Avg number points in clusters= 0.0
Avg Rmc size = 0.0
Avg Length exps= 0.0
#window: 161
Total #outliers: 20
Average Time: 264.7740171242236 ms
Peak memory: 0.0 MB
Time index, remove data from structure: 0.007331569298136646
Time for querying: 0.0
Time for new slide: 0.25557189236024846
Time for expired slide: 0.00919830006832298
------------------------------------
Number clusters = 0.0
Max Number points in event queue = 0.0
Avg number points in clusters= 0.0
Avg Rmc size = 0.0
Avg Length exps= 0.0
#window: 162
Total #outliers: 28
Average Time: 264.37164283950614 ms
Peak memory: 0.0 MB
Time index, remove data from structure: 0.007325440932098766
Time for querying: 0.0
Time for new slide: 0.2551682053580247
Time for expired slide: 0.009199616148148149
------------------------------------
Number clusters = 0.0
Max Number points in event queue = 0.0
Avg number points in clusters= 0.0
Avg Rmc size = 0.0
Avg Length exps= 0.0
#window: 163
Total #outliers: 23
Average Time: 263.8012569815951 ms
Peak memory: 0.0 MB
Time index, remove data from structure: 0.007318048257668712
Time for querying: 0.0
Time for new slide: 0.25460355188957057
Time for expired slide: 0.009193888417177914
------------------------------------
Number clusters = 0.0
Max Number points in event queue = 0.0
Avg number points in clusters= 0.0
Avg Rmc size = 0.0
Avg Length exps= 0.0
#window: 164
Total #outliers: 16
Average Time: 263.31603875609756 ms
Peak memory: 0.0 MB
Time index, remove data from structure: 0.007312962390243902
Time for querying: 0.0
Time for new slide: 0.2541246694207317
Time for expired slide: 0.009187550432926829
------------------------------------
Number clusters = 0.0
Max Number points in event queue = 0.0
Avg number points in clusters= 0.0
Avg Rmc size = 0.0
Avg Length exps= 0.0
#window: 165
Total #outliers: 16
Average Time: 262.9233837878787 ms
Peak memory: 0.0 MB
Time index, remove data from structure: 0.007303662066666666
Time for querying: 0.0
Time for new slide: 0.2537396148181818
Time for expired slide: 0.009179949715151516
------------------------------------
Number clusters = 0.0
Max Number points in event queue = 0.0
Avg number points in clusters= 0.0
Avg Rmc size = 0.0
Avg Length exps= 0.0
#window: 166
Total #outliers: 22
Average Time: 262.44063367469874 ms
Peak memory: 0.0 MB
Time index, remove data from structure: 0.007294400162650602
Time for querying: 0.0
Time for new slide: 0.25326853057228915
Time for expired slide: 0.009168290710843373
------------------------------------
Number clusters = 0.0
Max Number points in event queue = 0.0
Avg number points in clusters= 0.0
Avg Rmc size = 0.0
Avg Length exps= 0.0
#window: 167
Total #outliers: 16
Average Time: 262.07636365868257 ms
Peak memory: 0.0 MB
Time index, remove data from structure: 0.0072849547964071865
Time for querying: 0.0
Time for new slide: 0.25291571216167663
Time for expired slide: 0.009156840646706587
------------------------------------
Number clusters = 0.0
Max Number points in event queue = 0.0
Avg number points in clusters= 0.0
Avg Rmc size = 0.0
Avg Length exps= 0.0
#window: 168
Total #outliers: 13
Average Time: 261.7026461369047 ms
Peak memory: 0.0 MB
Time index, remove data from structure: 0.007276580732142858
Time for querying: 0.0
Time for new slide: 0.2525523331547619
Time for expired slide: 0.009146502172619048
------------------------------------
Number clusters = 0.0
Max Number points in event queue = 0.0
Avg number points in clusters= 0.0
Avg Rmc size = 0.0
Avg Length exps= 0.0
#window: 169
Total #outliers: 12
Average Time: 261.3527214497041 ms
Peak memory: 0.0 MB
Time index, remove data from structure: 0.0072688782426035495
Time for querying: 0.0
Time for new slide: 0.25221090342011837
Time for expired slide: 0.009138010698224851
------------------------------------
Number clusters = 0.0
Max Number points in event queue = 0.0
Avg number points in clusters= 0.0
Avg Rmc size = 0.0
Avg Length exps= 0.0
#window: 170
Total #outliers: 16
Average Time: 261.0048578235294 ms
Peak memory: 0.0 MB
Time index, remove data from structure: 0.0072598270117647055
Time for querying: 0.0
Time for new slide: 0.2518744987941176
Time for expired slide: 0.009126552547058823
------------------------------------
Number clusters = 0.0
Max Number points in event queue = 0.0
Avg number points in clusters= 0.0
Avg Rmc size = 0.0
Avg Length exps= 0.0
#window: 171
Total #outliers: 31
Average Time: 260.68596136842103 ms
Peak memory: 0.0 MB
Time index, remove data from structure: 0.0072499943157894745
Time for querying: 0.0
Time for new slide: 0.25156765998830405
Time for expired slide: 0.009114496473684211
------------------------------------
Number clusters = 0.0
Max Number points in event queue = 0.0
Avg number points in clusters= 0.0
Avg Rmc size = 0.0
Avg Length exps= 0.0
#window: 172
Total #outliers: 27
Average Time: 260.3049258546512 ms
Peak memory: 0.0 MB
Time index, remove data from structure: 0.007241770697674418
Time for querying: 0.0
Time for new slide: 0.25119607726744186
Time for expired slide: 0.009105043552325581
------------------------------------
Number clusters = 0.0
Max Number points in event queue = 0.0
Avg number points in clusters= 0.0
Avg Rmc size = 0.0
Avg Length exps= 0.0
#window: 173
Total #outliers: 36
Average Time: 259.90996347976875 ms
Peak memory: 0.0 MB
Time index, remove data from structure: 0.007232065578034682
Time for querying: 0.0
Time for new slide: 0.25081292837572255
Time for expired slide: 0.009093233063583814
------------------------------------
Number clusters = 0.0
Max Number points in event queue = 0.0
Avg number points in clusters= 0.0
Avg Rmc size = 0.0
Avg Length exps= 0.0
#window: 174
Total #outliers: 47
Average Time: 259.6180923390805 ms
Peak memory: 0.0 MB
Time index, remove data from structure: 0.0072210996839080464
Time for querying: 0.0
Time for new slide: 0.2505285160229885
Time for expired slide: 0.009085775304597702
------------------------------------
Number clusters = 0.0
Max Number points in event queue = 0.0
Avg number points in clusters= 0.0
Avg Rmc size = 0.0
Avg Length exps= 0.0
#window: 175
Total #outliers: 67
Average Time: 259.36069328571426 ms
Peak memory: 0.0 MB
Time index, remove data from structure: 0.007207382965714286
Time for querying: 0.0
Time for new slide: 0.2502861487657143
Time for expired slide: 0.009070744028571429
------------------------------------
Number clusters = 0.0
Max Number points in event queue = 0.0
Avg number points in clusters= 0.0
Avg Rmc size = 0.0
Avg Length exps= 0.0
#window: 176
Total #outliers: 64
Average Time: 259.1260584715909 ms
Peak memory: 0.0 MB
Time index, remove data from structure: 0.007192774460227273
Time for querying: 0.0
Time for new slide: 0.25006761239204545
Time for expired slide: 0.009054647482954545
------------------------------------
Number clusters = 0.0
Max Number points in event queue = 0.0
Avg number points in clusters= 0.0
Avg Rmc size = 0.0
Avg Length exps= 0.0
#window: 177
Total #outliers: 65
Average Time: 258.8872391751413 ms
Peak memory: 0.0 MB
Time index, remove data from structure: 0.007178488152542373
Time for querying: 0.0
Time for new slide: 0.24984446902824858
Time for expired slide: 0.009038970711864406
------------------------------------
Number clusters = 0.0
Max Number points in event queue = 0.0
Avg number points in clusters= 0.0
Avg Rmc size = 0.0
Avg Length exps= 0.0
#window: 178
Total #outliers: 71
Average Time: 258.625004258427 ms
Peak memory: 0.0 MB
Time index, remove data from structure: 0.0071676489269662915
Time for querying: 0.0
Time for new slide: 0.24959430314606743
Time for expired slide: 0.009026902668539326
------------------------------------
Number clusters = 0.0
Max Number points in event queue = 0.0
Avg number points in clusters= 0.0
Avg Rmc size = 0.0
Avg Length exps= 0.0
#window: 179
Total #outliers: 69
Average Time: 258.3646477206704 ms
Peak memory: 0.0 MB
Time index, remove data from structure: 0.00715856994972067
Time for querying: 0.0
Time for new slide: 0.24934418387709498
Time for expired slide: 0.009016666245810056
------------------------------------
Number clusters = 0.0
Max Number points in event queue = 0.0
Avg number points in clusters= 0.0
Avg Rmc size = 0.0
Avg Length exps= 0.0
#window: 180
Total #outliers: 74
Average Time: 258.1496820166667 ms
Peak memory: 0.0 MB
Time index, remove data from structure: 0.007148826627777777
Time for querying: 0.0
Time for new slide: 0.24914030919444446
Time for expired slide: 0.009005580927777777
------------------------------------
Number clusters = 0.0
Max Number points in event queue = 0.0
Avg number points in clusters= 0.0
Avg Rmc size = 0.0
Avg Length exps= 0.0
#window: 181
Total #outliers: 68
Average Time: 257.9525629889503 ms
Peak memory: 0.0 MB
Time index, remove data from structure: 0.007140697790055249
Time for querying: 0.0
Time for new slide: 0.24895255516574585
Time for expired slide: 0.008996214574585637
------------------------------------
Number clusters = 0.0
Max Number points in event queue = 0.0
Avg number points in clusters= 0.0
Avg Rmc size = 0.0
Avg Length exps= 0.0
#window: 182
Total #outliers: 60
Average Time: 257.696155467033 ms
Peak memory: 0.0 MB
Time index, remove data from structure: 0.007129968005494506
Time for querying: 0.0
Time for new slide: 0.2487080806318681
Time for expired slide: 0.00898427737912088
------------------------------------
Number clusters = 0.0
Max Number points in event queue = 0.0
Avg number points in clusters= 0.0
Avg Rmc size = 0.0
Avg Length exps= 0.0
#window: 183
Total #outliers: 58
Average Time: 257.44424551912573 ms
Peak memory: 0.0 MB
Time index, remove data from structure: 0.00711655481967213
Time for querying: 0.0
Time for new slide: 0.2484707655409836
Time for expired slide: 0.008969683661202186
------------------------------------
Number clusters = 0.0
Max Number points in event queue = 0.0
Avg number points in clusters= 0.0
Avg Rmc size = 0.0
Avg Length exps= 0.0
#window: 184
Total #outliers: 66
Average Time: 257.16050598913046 ms
Peak memory: 0.0 MB
Time index, remove data from structure: 0.007103994760869565
Time for querying: 0.0
Time for new slide: 0.24819826592934782
Time for expired slide: 0.00895844397826087
------------------------------------
Number clusters = 0.0
Max Number points in event queue = 0.0
Avg number points in clusters= 0.0
Avg Rmc size = 0.0
Avg Length exps= 0.0
#window: 185
Total #outliers: 76
Average Time: 256.8908372486487 ms
Peak memory: 0.0 MB
Time index, remove data from structure: 0.0070913493621621625
Time for querying: 0.0
Time for new slide: 0.24794205579999998
Time for expired slide: 0.008944984102702704
------------------------------------
Number clusters = 0.0
Max Number points in event queue = 0.0
Avg number points in clusters= 0.0
Avg Rmc size = 0.0
Avg Length exps= 0.0
#window: 186
Total #outliers: 72
Average Time: 256.6546699193549 ms
Peak memory: 0.0 MB
Time index, remove data from structure: 0.007078194430107526
Time for querying: 0.0
Time for new slide: 0.24771947217741935
Time for expired slide: 0.00893139741935484
------------------------------------
Number clusters = 0.0
Max Number points in event queue = 0.0
Avg number points in clusters= 0.0
Avg Rmc size = 0.0
Avg Length exps= 0.0
#window: 187
Total #outliers: 75
Average Time: 256.3957295240642 ms
Peak memory: 0.0 MB
Time index, remove data from structure: 0.00706610213368984
Time for querying: 0.0
Time for new slide: 0.24747281048128342
Time for expired slide: 0.008919125010695188
------------------------------------
Number clusters = 0.0
Max Number points in event queue = 0.0
Avg number points in clusters= 0.0
Avg Rmc size = 0.0
Avg Length exps= 0.0
#window: 188
Total #outliers: 79
Average Time: 255.65603322872343 ms
Peak memory: 0.0 MB
Time index, remove data from structure: 0.0070538165053191495
Time for querying: 0.0
Time for new slide: 0.24674675802659574
Time for expired slide: 0.008905487861702126
------------------------------------
Number clusters = 0.0
Max Number points in event queue = 0.0
Avg number points in clusters= 0.0
Avg Rmc size = 0.0
Avg Length exps= 0.0
#window: 189
Total #outliers: 82
Average Time: 254.98977211640218 ms
Peak memory: 0.0 MB
Time index, remove data from structure: 0.0070414332380952386
Time for querying: 0.0
Time for new slide: 0.24609463948148147
Time for expired slide: 0.008891351380952381
------------------------------------
Number clusters = 0.0
Max Number points in event queue = 0.0
Avg number points in clusters= 0.0
Avg Rmc size = 0.0
Avg Length exps= 0.0
#window: 190
Total #outliers: 84
Average Time: 254.35408912105268 ms
Peak memory: 0.0 MB
Time index, remove data from structure: 0.007029972305263157
Time for querying: 0.0
Time for new slide: 0.2454721583736842
Time for expired slide: 0.00887815294736842
------------------------------------
Number clusters = 0.0
Max Number points in event queue = 0.0
Avg number points in clusters= 0.0
Avg Rmc size = 0.0
Avg Length exps= 0.0
Peak memory: 67.93064880371094 MB
Average CPU time: 254.35408912105268 ms
