#window: 1
Total #outliers: 804
Average Time: 0.0 ms
Peak memory: 0.0 MB
Time index, remove data from structure: 0.0
Time for querying: 0.0
Time for new slide: 0.0
Time for expired slide: 0.0
------------------------------------
Number clusters = 0.0
Max Number points in event queue = 0.0
Avg number points in clusters= 0.0
Avg Rmc size = 0.0
Avg Length exps= 0.0
#window: 2
Total #outliers: 770
Average Time: 10036.421002000001 ms
Peak memory: 0.0 MB
Time index, remove data from structure: 0.0604268165
Time for querying: 0.0
Time for new slide: 9.885346274
Time for expired slide: 0.1510723195
------------------------------------
Number clusters = 0.0
Max Number points in event queue = 0.0
Avg number points in clusters= 0.0
Avg Rmc size = 0.0
Avg Length exps= 0.0
#window: 3
Total #outliers: 770
Average Time: 13568.853841000002 ms
Peak memory: 0.0 MB
Time index, remove data from structure: 0.09099355933333332
Time for querying: 0.0
Time for new slide: 13.351882882333333
Time for expired slide: 0.21696653633333332
------------------------------------
Number clusters = 0.0
Max Number points in event queue = 0.0
Avg number points in clusters= 0.0
Avg Rmc size = 0.0
Avg Length exps= 0.0
#window: 4
Total #outliers: 829
Average Time: 14936.164927750002 ms
Peak memory: 0.0 MB
Time index, remove data from structure: 0.1081635735
Time for querying: 0.0
Time for new slide: 14.69179584575
Time for expired slide: 0.2443639505
------------------------------------
Number clusters = 0.0
Max Number points in event queue = 0.0
Avg number points in clusters= 0.0
Avg Rmc size = 0.0
Avg Length exps= 0.0
#window: 5
Total #outliers: 861
Average Time: 16094.009447 ms
Peak memory: 0.0 MB
Time index, remove data from structure: 0.1158930944
Time for querying: 0.0
Time for new slide: 15.8352895284
Time for expired slide: 0.25871514160000003
------------------------------------
Number clusters = 0.0
Max Number points in event queue = 0.0
Avg number points in clusters= 0.0
Avg Rmc size = 0.0
Avg Length exps= 0.0
#window: 6
Total #outliers: 913
Average Time: 16348.57469916667 ms
Peak memory: 0.0 MB
Time index, remove data from structure: 0.12389792649999999
Time for querying: 0.0
Time for new slide: 16.071267474166667
Time for expired slide: 0.2773028026666667
------------------------------------
Number clusters = 0.0
Max Number points in event queue = 0.0
Avg number points in clusters= 0.0
Avg Rmc size = 0.0
Avg Length exps= 0.0
#window: 7
Total #outliers: 748
Average Time: 17045.560453714286 ms
Peak memory: 0.0 MB
Time index, remove data from structure: 0.1296375897142857
Time for querying: 0.0
Time for new slide: 16.759854407857144
Time for expired slide: 0.28570178557142856
------------------------------------
Number clusters = 0.0
Max Number points in event queue = 0.0
Avg number points in clusters= 0.0
Avg Rmc size = 0.0
Avg Length exps= 0.0
#window: 8
Total #outliers: 925
Average Time: 16951.121983750003 ms
Peak memory: 0.0 MB
Time index, remove data from structure: 0.13226971575
Time for querying: 0.0
Time for new slide: 16.661867394375
Time for expired slide: 0.28925041325
------------------------------------
Number clusters = 0.0
Max Number points in event queue = 0.0
Avg number points in clusters= 0.0
Avg Rmc size = 0.0
Avg Length exps= 0.0
#window: 9
Total #outliers: 820
Average Time: 17418.819024222226 ms
Peak memory: 0.0 MB
Time index, remove data from structure: 0.1343102862222222
Time for querying: 0.0
Time for new slide: 17.12590769977778
Time for expired slide: 0.2929072391111111
------------------------------------
Number clusters = 0.0
Max Number points in event queue = 0.0
Avg number points in clusters= 0.0
Avg Rmc size = 0.0
Avg Length exps= 0.0
#window: 10
Total #outliers: 808
Average Time: 17712.1933708 ms
Peak memory: 0.0 MB
Time index, remove data from structure: 0.1355450268
Time for querying: 0.0
Time for new slide: 17.416996308
Time for expired slide: 0.2951930314
------------------------------------
Number clusters = 0.0
Max Number points in event queue = 0.0
Avg number points in clusters= 0.0
Avg Rmc size = 0.0
Avg Length exps= 0.0
Peak memory: 120.09937286376953 MB
Average CPU time: 17712.1933708 ms
