#window: 1
Total #outliers: 391
Average Time: 0.0 ms
Peak memory: 0.0 MB
Time index, remove data from structure: 0.0
Time for querying: 0.0
Time for new slide: 0.0
Time for expired slide: 0.0
------------------------------------
Number clusters = 0.0
Max Number points in event queue = 0.0
Avg number points in clusters= 0.0
Avg Rmc size = 0.0
Avg Length exps= 0.0
#window: 2
Total #outliers: 283
Average Time: 548.543047 ms
Peak memory: 0.0 MB
Time index, remove data from structure: 0.01742718
Time for querying: 0.0
Time for new slide: 0.498800477
Time for expired slide: 0.049740361
------------------------------------
Number clusters = 0.0
Max Number points in event queue = 0.0
Avg number points in clusters= 0.0
Avg Rmc size = 0.0
Avg Length exps= 0.0
#window: 3
Total #outliers: 403
Average Time: 800.4731293333333 ms
Peak memory: 0.0 MB
Time index, remove data from structure: 0.021427564666666666
Time for querying: 0.0
Time for new slide: 0.7410241306666667
Time for expired slide: 0.05944439266666667
------------------------------------
Number clusters = 0.0
Max Number points in event queue = 0.0
Avg number points in clusters= 0.0
Avg Rmc size = 0.0
Avg Length exps= 0.0
#window: 4
Total #outliers: 310
Average Time: 850.3470815 ms
Peak memory: 0.0 MB
Time index, remove data from structure: 0.02476233325
Time for querying: 0.0
Time for new slide: 0.77962210625
Time for expired slide: 0.0707199625
------------------------------------
Number clusters = 0.0
Max Number points in event queue = 0.0
Avg number points in clusters= 0.0
Avg Rmc size = 0.0
Avg Length exps= 0.0
#window: 5
Total #outliers: 596
Average Time: 972.1318258 ms
Peak memory: 0.0 MB
Time index, remove data from structure: 0.025926982799999998
Time for querying: 0.0
Time for new slide: 0.8960967228
Time for expired slide: 0.0760304462
------------------------------------
Number clusters = 0.0
Max Number points in event queue = 0.0
Avg number points in clusters= 0.0
Avg Rmc size = 0.0
Avg Length exps= 0.0
#window: 6
Total #outliers: 521
Average Time: 1008.909005 ms
Peak memory: 0.0 MB
Time index, remove data from structure: 0.025961728333333333
Time for querying: 0.0
Time for new slide: 0.9326658001666667
Time for expired slide: 0.076238808
------------------------------------
Number clusters = 0.0
Max Number points in event queue = 0.0
Avg number points in clusters= 0.0
Avg Rmc size = 0.0
Avg Length exps= 0.0
#window: 7
Total #outliers: 566
Average Time: 1048.857373 ms
Peak memory: 0.0 MB
Time index, remove data from structure: 0.02606126857142857
Time for querying: 0.0
Time for new slide: 0.9704106020000001
Time for expired slide: 0.078442469
------------------------------------
Number clusters = 0.0
Max Number points in event queue = 0.0
Avg number points in clusters= 0.0
Avg Rmc size = 0.0
Avg Length exps= 0.0
#window: 8
Total #outliers: 491
Average Time: 1069.527962125 ms
Peak memory: 0.0 MB
Time index, remove data from structure: 0.026144470125
Time for querying: 0.0
Time for new slide: 0.988521120375
Time for expired slide: 0.0810026555
------------------------------------
Number clusters = 0.0
Max Number points in event queue = 0.0
Avg number points in clusters= 0.0
Avg Rmc size = 0.0
Avg Length exps= 0.0
#window: 9
Total #outliers: 534
Average Time: 1118.5549640000002 ms
Peak memory: 0.0 MB
Time index, remove data from structure: 0.026266928555555555
Time for querying: 0.0
Time for new slide: 1.0365440843333333
Time for expired slide: 0.08200678433333333
------------------------------------
Number clusters = 0.0
Max Number points in event queue = 0.0
Avg number points in clusters= 0.0
Avg Rmc size = 0.0
Avg Length exps= 0.0
#window: 10
Total #outliers: 785
Average Time: 1142.3620012 ms
Peak memory: 0.0 MB
Time index, remove data from structure: 0.0263795006
Time for querying: 0.0
Time for new slide: 1.0600197873000001
Time for expired slide: 0.082338172
------------------------------------
Number clusters = 0.0
Max Number points in event queue = 0.0
Avg number points in clusters= 0.0
Avg Rmc size = 0.0
Avg Length exps= 0.0
Peak memory: 82.0719985961914 MB
Average CPU time: 1142.3620012 ms
