#window: 1
Total #outliers: 391
Average Time: 0.0 ms
Peak memory: 0.0 MB
Time index, remove data from structure: 0.0
Time for querying: 0.0
Time for new slide: 0.0
Time for expired slide: 0.0
------------------------------------
Number clusters = 0.0
Max Number points in event queue = 0.0
Avg number points in clusters= 0.0
Avg Rmc size = 0.0
Avg Length exps= 0.0
#window: 2
Total #outliers: 383
Average Time: 35.15284 ms
Peak memory: 0.0 MB
Time index, remove data from structure: 0.0014530895
Time for querying: 0.0
Time for new slide: 0.0306316545
Time for expired slide: 0.004518783
------------------------------------
Number clusters = 0.0
Max Number points in event queue = 0.0
Avg number points in clusters= 0.0
Avg Rmc size = 0.0
Avg Length exps= 0.0
#window: 3
Total #outliers: 359
Average Time: 41.36234566666667 ms
Peak memory: 0.0 MB
Time index, remove data from structure: 0.0016230776666666666
Time for querying: 0.0
Time for new slide: 0.036311173333333335
Time for expired slide: 0.005048479666666667
------------------------------------
Number clusters = 0.0
Max Number points in event queue = 0.0
Avg number points in clusters= 0.0
Avg Rmc size = 0.0
Avg Length exps= 0.0
#window: 4
Total #outliers: 339
Average Time: 48.199867 ms
Peak memory: 0.0 MB
Time index, remove data from structure: 0.001958447
Time for querying: 0.0
Time for new slide: 0.0423505645
Time for expired slide: 0.0058464415
------------------------------------
Number clusters = 0.0
Max Number points in event queue = 0.0
Avg number points in clusters= 0.0
Avg Rmc size = 0.0
Avg Length exps= 0.0
#window: 5
Total #outliers: 330
Average Time: 55.02525700000001 ms
Peak memory: 0.0 MB
Time index, remove data from structure: 0.0019874318
Time for querying: 0.0
Time for new slide: 0.049137127
Time for expired slide: 0.005885195
------------------------------------
Number clusters = 0.0
Max Number points in event queue = 0.0
Avg number points in clusters= 0.0
Avg Rmc size = 0.0
Avg Length exps= 0.0
#window: 6
Total #outliers: 345
Average Time: 62.51177933333334 ms
Peak memory: 0.0 MB
Time index, remove data from structure: 0.0020959873333333333
Time for querying: 0.0
Time for new slide: 0.054872126
Time for expired slide: 0.007636676833333334
------------------------------------
Number clusters = 0.0
Max Number points in event queue = 0.0
Avg number points in clusters= 0.0
Avg Rmc size = 0.0
Avg Length exps= 0.0
#window: 7
Total #outliers: 332
Average Time: 65.73048557142856 ms
Peak memory: 0.0 MB
Time index, remove data from structure: 0.002105322142857143
Time for querying: 0.0
Time for new slide: 0.05798232428571428
Time for expired slide: 0.0077450732857142855
------------------------------------
Number clusters = 0.0
Max Number points in event queue = 0.0
Avg number points in clusters= 0.0
Avg Rmc size = 0.0
Avg Length exps= 0.0
#window: 8
Total #outliers: 332
Average Time: 67.98404 ms
Peak memory: 0.0 MB
Time index, remove data from structure: 0.002109617125
Time for querying: 0.0
Time for new slide: 0.060445206375
Time for expired slide: 0.0075356995
------------------------------------
Number clusters = 0.0
Max Number points in event queue = 0.0
Avg number points in clusters= 0.0
Avg Rmc size = 0.0
Avg Length exps= 0.0
#window: 9
Total #outliers: 320
Average Time: 69.37054444444445 ms
Peak memory: 0.0 MB
Time index, remove data from structure: 0.002120047777777778
Time for querying: 0.0
Time for new slide: 0.06200662444444444
Time for expired slide: 0.007360775888888889
------------------------------------
Number clusters = 0.0
Max Number points in event queue = 0.0
Avg number points in clusters= 0.0
Avg Rmc size = 0.0
Avg Length exps= 0.0
#window: 10
Total #outliers: 331
Average Time: 69.82453550000001 ms
Peak memory: 0.0 MB
Time index, remove data from structure: 0.0021265857999999997
Time for querying: 0.0
Time for new slide: 0.0626032993
Time for expired slide: 0.0072181185
------------------------------------
Number clusters = 0.0
Max Number points in event queue = 0.0
Avg number points in clusters= 0.0
Avg Rmc size = 0.0
Avg Length exps= 0.0
#window: 11
Total #outliers: 317
Average Time: 71.15507900000001 ms
Peak memory: 0.0 MB
Time index, remove data from structure: 0.0021097102727272725
Time for querying: 0.0
Time for new slide: 0.06407872463636365
Time for expired slide: 0.0070731756363636355
------------------------------------
Number clusters = 0.0
Max Number points in event queue = 0.0
Avg number points in clusters= 0.0
Avg Rmc size = 0.0
Avg Length exps= 0.0
#window: 12
Total #outliers: 340
Average Time: 72.97726308333334 ms
Peak memory: 0.0 MB
Time index, remove data from structure: 0.00210213175
Time for querying: 0.0
Time for new slide: 0.06562598208333333
Time for expired slide: 0.0073481250000000005
------------------------------------
Number clusters = 0.0
Max Number points in event queue = 0.0
Avg number points in clusters= 0.0
Avg Rmc size = 0.0
Avg Length exps= 0.0
#window: 13
Total #outliers: 379
Average Time: 74.21605423076925 ms
Peak memory: 0.0 MB
Time index, remove data from structure: 0.0020981183076923078
Time for querying: 0.0
Time for new slide: 0.06683740561538462
Time for expired slide: 0.007375514846153846
------------------------------------
Number clusters = 0.0
Max Number points in event queue = 0.0
Avg number points in clusters= 0.0
Avg Rmc size = 0.0
Avg Length exps= 0.0
#window: 14
Total #outliers: 374
Average Time: 74.95341457142857 ms
Peak memory: 0.0 MB
Time index, remove data from structure: 0.0021015032142857144
Time for querying: 0.0
Time for new slide: 0.06750744728571428
Time for expired slide: 0.007442790857142857
------------------------------------
Number clusters = 0.0
Max Number points in event queue = 0.0
Avg number points in clusters= 0.0
Avg Rmc size = 0.0
Avg Length exps= 0.0
#window: 15
Total #outliers: 347
Average Time: 73.73974046666666 ms
Peak memory: 0.0 MB
Time index, remove data from structure: 0.002105285466666667
Time for querying: 0.0
Time for new slide: 0.06639776546666668
Time for expired slide: 0.007338117266666667
------------------------------------
Number clusters = 0.0
Max Number points in event queue = 0.0
Avg number points in clusters= 0.0
Avg Rmc size = 0.0
Avg Length exps= 0.0
#window: 16
Total #outliers: 330
Average Time: 72.4995225625 ms
Peak memory: 0.0 MB
Time index, remove data from structure: 0.0021152466875
Time for querying: 0.0
Time for new slide: 0.065253804625
Time for expired slide: 0.007241838625
------------------------------------
Number clusters = 0.0
Max Number points in event queue = 0.0
Avg number points in clusters= 0.0
Avg Rmc size = 0.0
Avg Length exps= 0.0
#window: 17
Total #outliers: 329
Average Time: 71.39185523529412 ms
Peak memory: 0.0 MB
Time index, remove data from structure: 0.0021130669411764703
Time for querying: 0.0
Time for new slide: 0.06426056576470587
Time for expired slide: 0.007127447764705883
------------------------------------
Number clusters = 0.0
Max Number points in event queue = 0.0
Avg number points in clusters= 0.0
Avg Rmc size = 0.0
Avg Length exps= 0.0
#window: 18
Total #outliers: 302
Average Time: 70.41800977777778 ms
Peak memory: 0.0 MB
Time index, remove data from structure: 0.002106462111111111
Time for querying: 0.0
Time for new slide: 0.06339385722222222
Time for expired slide: 0.007020347555555556
------------------------------------
Number clusters = 0.0
Max Number points in event queue = 0.0
Avg number points in clusters= 0.0
Avg Rmc size = 0.0
Avg Length exps= 0.0
#window: 19
Total #outliers: 291
Average Time: 69.530497 ms
Peak memory: 0.0 MB
Time index, remove data from structure: 0.002101444157894737
Time for querying: 0.0
Time for new slide: 0.06260262463157895
Time for expired slide: 0.0069240781578947365
------------------------------------
Number clusters = 0.0
Max Number points in event queue = 0.0
Avg number points in clusters= 0.0
Avg Rmc size = 0.0
Avg Length exps= 0.0
#window: 20
Total #outliers: 298
Average Time: 69.22522495 ms
Peak memory: 0.0 MB
Time index, remove data from structure: 0.00210505135
Time for querying: 0.0
Time for new slide: 0.06225341175
Time for expired slide: 0.0069680595
------------------------------------
Number clusters = 0.0
Max Number points in event queue = 0.0
Avg number points in clusters= 0.0
Avg Rmc size = 0.0
Avg Length exps= 0.0
#window: 21
Total #outliers: 283
Average Time: 69.08494990476191 ms
Peak memory: 0.0 MB
Time index, remove data from structure: 0.0020929294285714287
Time for querying: 0.0
Time for new slide: 0.06219794028571429
Time for expired slide: 0.00688326119047619
------------------------------------
Number clusters = 0.0
Max Number points in event queue = 0.0
Avg number points in clusters= 0.0
Avg Rmc size = 0.0
Avg Length exps= 0.0
#window: 22
Total #outliers: 320
Average Time: 69.12980695454546 ms
Peak memory: 0.0 MB
Time index, remove data from structure: 0.0020937727727272726
Time for querying: 0.0
Time for new slide: 0.062213765227272726
Time for expired slide: 0.006912304909090909
------------------------------------
Number clusters = 0.0
Max Number points in event queue = 0.0
Avg number points in clusters= 0.0
Avg Rmc size = 0.0
Avg Length exps= 0.0
#window: 23
Total #outliers: 339
Average Time: 69.54294626086957 ms
Peak memory: 0.0 MB
Time index, remove data from structure: 0.0020923585217391305
Time for querying: 0.0
Time for new slide: 0.06267653139130434
Time for expired slide: 0.006862651608695652
------------------------------------
Number clusters = 0.0
Max Number points in event queue = 0.0
Avg number points in clusters= 0.0
Avg Rmc size = 0.0
Avg Length exps= 0.0
#window: 24
Total #outliers: 378
Average Time: 70.15233045833334 ms
Peak memory: 0.0 MB
Time index, remove data from structure: 0.0020910958333333336
Time for querying: 0.0
Time for new slide: 0.06324824608333333
Time for expired slide: 0.006900040125
------------------------------------
Number clusters = 0.0
Max Number points in event queue = 0.0
Avg number points in clusters= 0.0
Avg Rmc size = 0.0
Avg Length exps= 0.0
#window: 25
Total #outliers: 391
Average Time: 70.76042616 ms
Peak memory: 0.0 MB
Time index, remove data from structure: 0.00209938216
Time for querying: 0.0
Time for new slide: 0.06381782384
Time for expired slide: 0.00693859556
------------------------------------
Number clusters = 0.0
Max Number points in event queue = 0.0
Avg number points in clusters= 0.0
Avg Rmc size = 0.0
Avg Length exps= 0.0
#window: 26
Total #outliers: 378
Average Time: 71.65058123076923 ms
Peak memory: 0.0 MB
Time index, remove data from structure: 0.0020951023846153844
Time for querying: 0.0
Time for new slide: 0.06467552226923078
Time for expired slide: 0.006971074923076923
------------------------------------
Number clusters = 0.0
Max Number points in event queue = 0.0
Avg number points in clusters= 0.0
Avg Rmc size = 0.0
Avg Length exps= 0.0
#window: 27
Total #outliers: 362
Average Time: 72.52187274074073 ms
Peak memory: 0.0 MB
Time index, remove data from structure: 0.002088195
Time for querying: 0.0
Time for new slide: 0.06562941603703704
Time for expired slide: 0.006888484666666667
------------------------------------
Number clusters = 0.0
Max Number points in event queue = 0.0
Avg number points in clusters= 0.0
Avg Rmc size = 0.0
Avg Length exps= 0.0
#window: 28
Total #outliers: 278
Average Time: 73.49089428571429 ms
Peak memory: 0.0 MB
Time index, remove data from structure: 0.002094054464285714
Time for querying: 0.0
Time for new slide: 0.06650623135714286
Time for expired slide: 0.0069807104285714286
------------------------------------
Number clusters = 0.0
Max Number points in event queue = 0.0
Avg number points in clusters= 0.0
Avg Rmc size = 0.0
Avg Length exps= 0.0
#window: 29
Total #outliers: 263
Average Time: 74.5064354827586 ms
Peak memory: 0.0 MB
Time index, remove data from structure: 0.0020976070689655174
Time for querying: 0.0
Time for new slide: 0.06755667465517241
Time for expired slide: 0.006945821655172414
------------------------------------
Number clusters = 0.0
Max Number points in event queue = 0.0
Avg number points in clusters= 0.0
Avg Rmc size = 0.0
Avg Length exps= 0.0
#window: 30
Total #outliers: 249
Average Time: 75.53452273333332 ms
Peak memory: 0.0 MB
Time index, remove data from structure: 0.0021056391666666664
Time for querying: 0.0
Time for new slide: 0.06853143506666666
Time for expired slide: 0.0069991682
------------------------------------
Number clusters = 0.0
Max Number points in event queue = 0.0
Avg number points in clusters= 0.0
Avg Rmc size = 0.0
Avg Length exps= 0.0
#window: 31
Total #outliers: 224
Average Time: 76.61831577419355 ms
Peak memory: 0.0 MB
Time index, remove data from structure: 0.002110580064516129
Time for querying: 0.0
Time for new slide: 0.06960755516129032
Time for expired slide: 0.007006840580645162
------------------------------------
Number clusters = 0.0
Max Number points in event queue = 0.0
Avg number points in clusters= 0.0
Avg Rmc size = 0.0
Avg Length exps= 0.0
#window: 32
Total #outliers: 211
Average Time: 77.693918375 ms
Peak memory: 0.0 MB
Time index, remove data from structure: 0.00211260875
Time for querying: 0.0
Time for new slide: 0.07072026321875
Time for expired slide: 0.00696975759375
------------------------------------
Number clusters = 0.0
Max Number points in event queue = 0.0
Avg number points in clusters= 0.0
Avg Rmc size = 0.0
Avg Length exps= 0.0
#window: 33
Total #outliers: 245
Average Time: 78.93067230303029 ms
Peak memory: 0.0 MB
Time index, remove data from structure: 0.0021160893333333334
Time for querying: 0.0
Time for new slide: 0.07199267590909092
Time for expired slide: 0.006934106151515152
------------------------------------
Number clusters = 0.0
Max Number points in event queue = 0.0
Avg number points in clusters= 0.0
Avg Rmc size = 0.0
Avg Length exps= 0.0
#window: 34
Total #outliers: 306
Average Time: 79.94823408823527 ms
Peak memory: 0.0 MB
Time index, remove data from structure: 0.0021140295882352937
Time for querying: 0.0
Time for new slide: 0.07307735914705882
Time for expired slide: 0.006867006705882354
------------------------------------
Number clusters = 0.0
Max Number points in event queue = 0.0
Avg number points in clusters= 0.0
Avg Rmc size = 0.0
Avg Length exps= 0.0
#window: 35
Total #outliers: 290
Average Time: 80.31412517142856 ms
Peak memory: 0.0 MB
Time index, remove data from structure: 0.0021083921714285716
Time for querying: 0.0
Time for new slide: 0.07350243368571428
Time for expired slide: 0.006807843857142858
------------------------------------
Number clusters = 0.0
Max Number points in event queue = 0.0
Avg number points in clusters= 0.0
Avg Rmc size = 0.0
Avg Length exps= 0.0
#window: 36
Total #outliers: 326
Average Time: 81.11187483333332 ms
Peak memory: 0.0 MB
Time index, remove data from structure: 0.0021063319444444444
Time for querying: 0.0
Time for new slide: 0.07430882822222223
Time for expired slide: 0.0067992085
------------------------------------
Number clusters = 0.0
Max Number points in event queue = 0.0
Avg number points in clusters= 0.0
Avg Rmc size = 0.0
Avg Length exps= 0.0
#window: 37
Total #outliers: 319
Average Time: 81.90914713513513 ms
Peak memory: 0.0 MB
Time index, remove data from structure: 0.002107948054054054
Time for querying: 0.0
Time for new slide: 0.07510371251351351
Time for expired slide: 0.006801611378378378
------------------------------------
Number clusters = 0.0
Max Number points in event queue = 0.0
Avg number points in clusters= 0.0
Avg Rmc size = 0.0
Avg Length exps= 0.0
#window: 38
Total #outliers: 330
Average Time: 82.65594797368419 ms
Peak memory: 0.0 MB
Time index, remove data from structure: 0.002105427657894737
Time for querying: 0.0
Time for new slide: 0.07589495984210526
Time for expired slide: 0.006757181315789473
------------------------------------
Number clusters = 0.0
Max Number points in event queue = 0.0
Avg number points in clusters= 0.0
Avg Rmc size = 0.0
Avg Length exps= 0.0
#window: 39
Total #outliers: 326
Average Time: 83.38443579487178 ms
Peak memory: 0.0 MB
Time index, remove data from structure: 0.0021047330256410255
Time for querying: 0.0
Time for new slide: 0.07665931643589743
Time for expired slide: 0.006721322564102563
------------------------------------
Number clusters = 0.0
Max Number points in event queue = 0.0
Avg number points in clusters= 0.0
Avg Rmc size = 0.0
Avg Length exps= 0.0
#window: 40
Total #outliers: 373
Average Time: 83.92713902499999 ms
Peak memory: 0.0 MB
Time index, remove data from structure: 0.002106240025
Time for querying: 0.0
Time for new slide: 0.077236511925
Time for expired slide: 0.006686845950000001
------------------------------------
Number clusters = 0.0
Max Number points in event queue = 0.0
Avg number points in clusters= 0.0
Avg Rmc size = 0.0
Avg Length exps= 0.0
#window: 41
Total #outliers: 403
Average Time: 84.6055857804878 ms
Peak memory: 0.0 MB
Time index, remove data from structure: 0.002112813682926829
Time for querying: 0.0
Time for new slide: 0.07787054087804877
Time for expired slide: 0.0067312676585365855
------------------------------------
Number clusters = 0.0
Max Number points in event queue = 0.0
Avg number points in clusters= 0.0
Avg Rmc size = 0.0
Avg Length exps= 0.0
#window: 42
Total #outliers: 433
Average Time: 85.30260902380951 ms
Peak memory: 0.0 MB
Time index, remove data from structure: 0.0021204687142857143
Time for querying: 0.0
Time for new slide: 0.07855112097619048
Time for expired slide: 0.006747731666666666
------------------------------------
Number clusters = 0.0
Max Number points in event queue = 0.0
Avg number points in clusters= 0.0
Avg Rmc size = 0.0
Avg Length exps= 0.0
#window: 43
Total #outliers: 481
Average Time: 86.02656709302325 ms
Peak memory: 0.0 MB
Time index, remove data from structure: 0.0021230568139534883
Time for querying: 0.0
Time for new slide: 0.07924265839534883
Time for expired slide: 0.006780164325581396
------------------------------------
Number clusters = 0.0
Max Number points in event queue = 0.0
Avg number points in clusters= 0.0
Avg Rmc size = 0.0
Avg Length exps= 0.0
#window: 44
Total #outliers: 440
Average Time: 86.42083575 ms
Peak memory: 0.0 MB
Time index, remove data from structure: 0.0021281968863636363
Time for querying: 0.0
Time for new slide: 0.07964410493181819
Time for expired slide: 0.006773008772727273
------------------------------------
Number clusters = 0.0
Max Number points in event queue = 0.0
Avg number points in clusters= 0.0
Avg Rmc size = 0.0
Avg Length exps= 0.0
#window: 45
Total #outliers: 425
Average Time: 86.82047359999999 ms
Peak memory: 0.0 MB
Time index, remove data from structure: 0.0021293147333333335
Time for querying: 0.0
Time for new slide: 0.08004633642222223
Time for expired slide: 0.006770424555555555
------------------------------------
Number clusters = 0.0
Max Number points in event queue = 0.0
Avg number points in clusters= 0.0
Avg Rmc size = 0.0
Avg Length exps= 0.0
#window: 46
Total #outliers: 414
Average Time: 87.38039032608694 ms
Peak memory: 0.0 MB
Time index, remove data from structure: 0.0021327675
Time for querying: 0.0
Time for new slide: 0.08062012947826087
Time for expired slide: 0.006756562673913043
------------------------------------
Number clusters = 0.0
Max Number points in event queue = 0.0
Avg number points in clusters= 0.0
Avg Rmc size = 0.0
Avg Length exps= 0.0
#window: 47
Total #outliers: 352
Average Time: 87.77075727659573 ms
Peak memory: 0.0 MB
Time index, remove data from structure: 0.0021367444468085106
Time for querying: 0.0
Time for new slide: 0.08102839914893617
Time for expired slide: 0.006738671744680851
------------------------------------
Number clusters = 0.0
Max Number points in event queue = 0.0
Avg number points in clusters= 0.0
Avg Rmc size = 0.0
Avg Length exps= 0.0
#window: 48
Total #outliers: 337
Average Time: 88.16230785416667 ms
Peak memory: 0.0 MB
Time index, remove data from structure: 0.0021368481041666664
Time for querying: 0.0
Time for new slide: 0.08144476166666667
Time for expired slide: 0.006713875645833333
------------------------------------
Number clusters = 0.0
Max Number points in event queue = 0.0
Avg number points in clusters= 0.0
Avg Rmc size = 0.0
Avg Length exps= 0.0
#window: 49
Total #outliers: 278
Average Time: 88.69233695918368 ms
Peak memory: 0.0 MB
Time index, remove data from structure: 0.002136184775510204
Time for querying: 0.0
Time for new slide: 0.08199727885714285
Time for expired slide: 0.006691401102040816
------------------------------------
Number clusters = 0.0
Max Number points in event queue = 0.0
Avg number points in clusters= 0.0
Avg Rmc size = 0.0
Avg Length exps= 0.0
#window: 50
Total #outliers: 399
Average Time: 88.85217897999999 ms
Peak memory: 0.0 MB
Time index, remove data from structure: 0.00213539908
Time for querying: 0.0
Time for new slide: 0.08218203636
Time for expired slide: 0.00666649842
------------------------------------
Number clusters = 0.0
Max Number points in event queue = 0.0
Avg number points in clusters= 0.0
Avg Rmc size = 0.0
Avg Length exps= 0.0
#window: 51
Total #outliers: 457
Average Time: 88.8366740980392 ms
Peak memory: 0.0 MB
Time index, remove data from structure: 0.0021347609019607846
Time for querying: 0.0
Time for new slide: 0.08218029913725491
Time for expired slide: 0.006652757039215687
------------------------------------
Number clusters = 0.0
Max Number points in event queue = 0.0
Avg number points in clusters= 0.0
Avg Rmc size = 0.0
Avg Length exps= 0.0
#window: 52
Total #outliers: 436
Average Time: 88.22906115384613 ms
Peak memory: 0.0 MB
Time index, remove data from structure: 0.0021331488653846156
Time for querying: 0.0
Time for new slide: 0.08159178392307692
Time for expired slide: 0.006633675692307692
------------------------------------
Number clusters = 0.0
Max Number points in event queue = 0.0
Avg number points in clusters= 0.0
Avg Rmc size = 0.0
Avg Length exps= 0.0
#window: 53
Total #outliers: 429
Average Time: 87.4675859245283 ms
Peak memory: 0.0 MB
Time index, remove data from structure: 0.002131241867924528
Time for querying: 0.0
Time for new slide: 0.08084524316981131
Time for expired slide: 0.006618761
------------------------------------
Number clusters = 0.0
Max Number points in event queue = 0.0
Avg number points in clusters= 0.0
Avg Rmc size = 0.0
Avg Length exps= 0.0
#window: 54
Total #outliers: 366
Average Time: 86.67222255555552 ms
Peak memory: 0.0 MB
Time index, remove data from structure: 0.00212709662962963
Time for querying: 0.0
Time for new slide: 0.08006898851851851
Time for expired slide: 0.006599671592592593
------------------------------------
Number clusters = 0.0
Max Number points in event queue = 0.0
Avg number points in clusters= 0.0
Avg Rmc size = 0.0
Avg Length exps= 0.0
#window: 55
Total #outliers: 420
Average Time: 85.86849065454544 ms
Peak memory: 0.0 MB
Time index, remove data from structure: 0.0021202765454545456
Time for querying: 0.0
Time for new slide: 0.07929161774545454
Time for expired slide: 0.006573330054545455
------------------------------------
Number clusters = 0.0
Max Number points in event queue = 0.0
Avg number points in clusters= 0.0
Avg Rmc size = 0.0
Avg Length exps= 0.0
#window: 56
Total #outliers: 385
Average Time: 85.21199455357142 ms
Peak memory: 0.0 MB
Time index, remove data from structure: 0.0021134535535714287
Time for querying: 0.0
Time for new slide: 0.07865813117857143
Time for expired slide: 0.006550341964285714
------------------------------------
Number clusters = 0.0
Max Number points in event queue = 0.0
Avg number points in clusters= 0.0
Avg Rmc size = 0.0
Avg Length exps= 0.0
#window: 57
Total #outliers: 321
Average Time: 84.58766999999997 ms
Peak memory: 0.0 MB
Time index, remove data from structure: 0.002105561894736842
Time for querying: 0.0
Time for new slide: 0.07805941363157895
Time for expired slide: 0.006524740947368421
------------------------------------
Number clusters = 0.0
Max Number points in event queue = 0.0
Avg number points in clusters= 0.0
Avg Rmc size = 0.0
Avg Length exps= 0.0
#window: 58
Total #outliers: 307
Average Time: 84.12062570689653 ms
Peak memory: 0.0 MB
Time index, remove data from structure: 0.002098392465517241
Time for querying: 0.0
Time for new slide: 0.07762097562068965
Time for expired slide: 0.006496147206896552
------------------------------------
Number clusters = 0.0
Max Number points in event queue = 0.0
Avg number points in clusters= 0.0
Avg Rmc size = 0.0
Avg Length exps= 0.0
#window: 59
Total #outliers: 483
Average Time: 83.87006499999998 ms
Peak memory: 0.0 MB
Time index, remove data from structure: 0.0020921688305084746
Time for querying: 0.0
Time for new slide: 0.07738065801694916
Time for expired slide: 0.006485920762711864
------------------------------------
Number clusters = 0.0
Max Number points in event queue = 0.0
Avg number points in clusters= 0.0
Avg Rmc size = 0.0
Avg Length exps= 0.0
#window: 60
Total #outliers: 389
Average Time: 84.0640799333333 ms
Peak memory: 0.0 MB
Time index, remove data from structure: 0.0020840288666666663
Time for querying: 0.0
Time for new slide: 0.07758536796666667
Time for expired slide: 0.006475236483333333
------------------------------------
Number clusters = 0.0
Max Number points in event queue = 0.0
Avg number points in clusters= 0.0
Avg Rmc size = 0.0
Avg Length exps= 0.0
#window: 61
Total #outliers: 310
Average Time: 83.9002067377049 ms
Peak memory: 0.0 MB
Time index, remove data from structure: 0.0020773717540983607
Time for querying: 0.0
Time for new slide: 0.07742866249180327
Time for expired slide: 0.006468078524590163
------------------------------------
Number clusters = 0.0
Max Number points in event queue = 0.0
Avg number points in clusters= 0.0
Avg Rmc size = 0.0
Avg Length exps= 0.0
#window: 62
Total #outliers: 314
Average Time: 83.6268468064516 ms
Peak memory: 0.0 MB
Time index, remove data from structure: 0.002070577822580645
Time for querying: 0.0
Time for new slide: 0.07717096630645161
Time for expired slide: 0.006452424870967742
------------------------------------
Number clusters = 0.0
Max Number points in event queue = 0.0
Avg number points in clusters= 0.0
Avg Rmc size = 0.0
Avg Length exps= 0.0
#window: 63
Total #outliers: 321
Average Time: 83.48811665079364 ms
Peak memory: 0.0 MB
Time index, remove data from structure: 0.0020765071746031744
Time for querying: 0.0
Time for new slide: 0.07693332650793651
Time for expired slide: 0.006551351666666667
------------------------------------
Number clusters = 0.0
Max Number points in event queue = 0.0
Avg number points in clusters= 0.0
Avg Rmc size = 0.0
Avg Length exps= 0.0
#window: 64
Total #outliers: 446
Average Time: 83.39616921874999 ms
Peak memory: 0.0 MB
Time index, remove data from structure: 0.00208164059375
Time for querying: 0.0
Time for new slide: 0.076772697578125
Time for expired slide: 0.006620048453125
------------------------------------
Number clusters = 0.0
Max Number points in event queue = 0.0
Avg number points in clusters= 0.0
Avg Rmc size = 0.0
Avg Length exps= 0.0
#window: 65
Total #outliers: 418
Average Time: 83.19474795384615 ms
Peak memory: 0.0 MB
Time index, remove data from structure: 0.002083777876923077
Time for querying: 0.0
Time for new slide: 0.0765508771076923
Time for expired slide: 0.006640458415384615
------------------------------------
Number clusters = 0.0
Max Number points in event queue = 0.0
Avg number points in clusters= 0.0
Avg Rmc size = 0.0
Avg Length exps= 0.0
#window: 66
Total #outliers: 439
Average Time: 83.00445659090907 ms
Peak memory: 0.0 MB
Time index, remove data from structure: 0.0020795463181818184
Time for querying: 0.0
Time for new slide: 0.07634197227272727
Time for expired slide: 0.006659080272727273
------------------------------------
Number clusters = 0.0
Max Number points in event queue = 0.0
Avg number points in clusters= 0.0
Avg Rmc size = 0.0
Avg Length exps= 0.0
#window: 67
Total #outliers: 447
Average Time: 82.86841107462685 ms
Peak memory: 0.0 MB
Time index, remove data from structure: 0.0020714202835820893
Time for querying: 0.0
Time for new slide: 0.0762167131641791
Time for expired slide: 0.006648302537313433
------------------------------------
Number clusters = 0.0
Max Number points in event queue = 0.0
Avg number points in clusters= 0.0
Avg Rmc size = 0.0
Avg Length exps= 0.0
#window: 68
Total #outliers: 451
Average Time: 82.86553310294116 ms
Peak memory: 0.0 MB
Time index, remove data from structure: 0.002062771441176471
Time for querying: 0.0
Time for new slide: 0.07622774494117647
Time for expired slide: 0.006634402323529412
------------------------------------
Number clusters = 0.0
Max Number points in event queue = 0.0
Avg number points in clusters= 0.0
Avg Rmc size = 0.0
Avg Length exps= 0.0
#window: 69
Total #outliers: 452
Average Time: 82.88031956521736 ms
Peak memory: 0.0 MB
Time index, remove data from structure: 0.002055005043478261
Time for querying: 0.0
Time for new slide: 0.07625507604347825
Time for expired slide: 0.006621869507246377
------------------------------------
Number clusters = 0.0
Max Number points in event queue = 0.0
Avg number points in clusters= 0.0
Avg Rmc size = 0.0
Avg Length exps= 0.0
#window: 70
Total #outliers: 472
Average Time: 82.92785498571428 ms
Peak memory: 0.0 MB
Time index, remove data from structure: 0.002051879042857143
Time for querying: 0.0
Time for new slide: 0.0762360049
Time for expired slide: 0.006688485885714286
------------------------------------
Number clusters = 0.0
Max Number points in event queue = 0.0
Avg number points in clusters= 0.0
Avg Rmc size = 0.0
Avg Length exps= 0.0
#window: 71
Total #outliers: 484
Average Time: 82.84732376056337 ms
Peak memory: 0.0 MB
Time index, remove data from structure: 0.0020414698450704227
Time for querying: 0.0
Time for new slide: 0.07616319811267605
Time for expired slide: 0.006680770070422535
------------------------------------
Number clusters = 0.0
Max Number points in event queue = 0.0
Avg number points in clusters= 0.0
Avg Rmc size = 0.0
Avg Length exps= 0.0
#window: 72
Total #outliers: 496
Average Time: 82.81559430555555 ms
Peak memory: 0.0 MB
Time index, remove data from structure: 0.0020316161805555553
Time for querying: 0.0
Time for new slide: 0.07613894909722223
Time for expired slide: 0.006673298777777777
------------------------------------
Number clusters = 0.0
Max Number points in event queue = 0.0
Avg number points in clusters= 0.0
Avg Rmc size = 0.0
Avg Length exps= 0.0
#window: 73
Total #outliers: 504
Average Time: 82.8745805068493 ms
Peak memory: 0.0 MB
Time index, remove data from structure: 0.002021646383561644
Time for querying: 0.0
Time for new slide: 0.07620576765753424
Time for expired slide: 0.006665469890410959
------------------------------------
Number clusters = 0.0
Max Number points in event queue = 0.0
Avg number points in clusters= 0.0
Avg Rmc size = 0.0
Avg Length exps= 0.0
#window: 74
Total #outliers: 509
Average Time: 82.41719475675676 ms
Peak memory: 0.0 MB
Time index, remove data from structure: 0.0020171819054054054
Time for querying: 0.0
Time for new slide: 0.07571475840540541
Time for expired slide: 0.006699093418918919
------------------------------------
Number clusters = 0.0
Max Number points in event queue = 0.0
Avg number points in clusters= 0.0
Avg Rmc size = 0.0
Avg Length exps= 0.0
#window: 75
Total #outliers: 465
Average Time: 81.93654776 ms
Peak memory: 0.0 MB
Time index, remove data from structure: 0.0020099969200000002
Time for querying: 0.0
Time for new slide: 0.07524074902666666
Time for expired slide: 0.006692463746666667
------------------------------------
Number clusters = 0.0
Max Number points in event queue = 0.0
Avg number points in clusters= 0.0
Avg Rmc size = 0.0
Avg Length exps= 0.0
#window: 76
Total #outliers: 308
Average Time: 81.48724021052631 ms
Peak memory: 0.0 MB
Time index, remove data from structure: 0.002004819815789474
Time for querying: 0.0
Time for new slide: 0.07480359167105263
Time for expired slide: 0.0066803227236842105
------------------------------------
Number clusters = 0.0
Max Number points in event queue = 0.0
Avg number points in clusters= 0.0
Avg Rmc size = 0.0
Avg Length exps= 0.0
#window: 77
Total #outliers: 318
Average Time: 81.11615419480518 ms
Peak memory: 0.0 MB
Time index, remove data from structure: 0.001996747896103896
Time for querying: 0.0
Time for new slide: 0.07445016490909091
Time for expired slide: 0.00666267548051948
------------------------------------
Number clusters = 0.0
Max Number points in event queue = 0.0
Avg number points in clusters= 0.0
Avg Rmc size = 0.0
Avg Length exps= 0.0
#window: 78
Total #outliers: 346
Average Time: 80.75527494871794 ms
Peak memory: 0.0 MB
Time index, remove data from structure: 0.0019885959358974356
Time for querying: 0.0
Time for new slide: 0.07410297543589743
Time for expired slide: 0.006648996102564102
------------------------------------
Number clusters = 0.0
Max Number points in event queue = 0.0
Avg number points in clusters= 0.0
Avg Rmc size = 0.0
Avg Length exps= 0.0
#window: 79
Total #outliers: 343
Average Time: 80.48240654430379 ms
Peak memory: 0.0 MB
Time index, remove data from structure: 0.001980503341772152
Time for querying: 0.0
Time for new slide: 0.07381172878481013
Time for expired slide: 0.006667386721518988
------------------------------------
Number clusters = 0.0
Max Number points in event queue = 0.0
Avg number points in clusters= 0.0
Avg Rmc size = 0.0
Avg Length exps= 0.0
#window: 80
Total #outliers: 354
Average Time: 80.53154299999998 ms
Peak memory: 0.0 MB
Time index, remove data from structure: 0.0019814825875
Time for querying: 0.0
Time for new slide: 0.0736693621375
Time for expired slide: 0.006858897062499999
------------------------------------
Number clusters = 0.0
Max Number points in event queue = 0.0
Avg number points in clusters= 0.0
Avg Rmc size = 0.0
Avg Length exps= 0.0
#window: 81
Total #outliers: 596
Average Time: 80.48015062962962 ms
Peak memory: 0.0 MB
Time index, remove data from structure: 0.001980081864197531
Time for querying: 0.0
Time for new slide: 0.07358457609876543
Time for expired slide: 0.0068922949876543205
------------------------------------
Number clusters = 0.0
Max Number points in event queue = 0.0
Avg number points in clusters= 0.0
Avg Rmc size = 0.0
Avg Length exps= 0.0
#window: 82
Total #outliers: 505
Average Time: 80.34231360975608 ms
Peak memory: 0.0 MB
Time index, remove data from structure: 0.001975052707317073
Time for querying: 0.0
Time for new slide: 0.0734537993902439
Time for expired slide: 0.006885238341463415
------------------------------------
Number clusters = 0.0
Max Number points in event queue = 0.0
Avg number points in clusters= 0.0
Avg Rmc size = 0.0
Avg Length exps= 0.0
#window: 83
Total #outliers: 391
Average Time: 80.30782920481926 ms
Peak memory: 0.0 MB
Time index, remove data from structure: 0.00197555321686747
Time for querying: 0.0
Time for new slide: 0.07335325181927711
Time for expired slide: 0.006951307397590361
------------------------------------
Number clusters = 0.0
Max Number points in event queue = 0.0
Avg number points in clusters= 0.0
Avg Rmc size = 0.0
Avg Length exps= 0.0
#window: 84
Total #outliers: 313
Average Time: 80.22171905952379 ms
Peak memory: 0.0 MB
Time index, remove data from structure: 0.0019713426190476188
Time for querying: 0.0
Time for new slide: 0.07327288926190476
Time for expired slide: 0.006945565166666666
------------------------------------
Number clusters = 0.0
Max Number points in event queue = 0.0
Avg number points in clusters= 0.0
Avg Rmc size = 0.0
Avg Length exps= 0.0
#window: 85
Total #outliers: 311
Average Time: 80.21593719999997 ms
Peak memory: 0.0 MB
Time index, remove data from structure: 0.0019661007529411766
Time for querying: 0.0
Time for new slide: 0.0732786862117647
Time for expired slide: 0.006933987917647059
------------------------------------
Number clusters = 0.0
Max Number points in event queue = 0.0
Avg number points in clusters= 0.0
Avg Rmc size = 0.0
Avg Length exps= 0.0
#window: 86
Total #outliers: 300
Average Time: 80.21221116279068 ms
Peak memory: 0.0 MB
Time index, remove data from structure: 0.0019608153953488373
Time for querying: 0.0
Time for new slide: 0.0733025675116279
Time for expired slide: 0.00690638423255814
------------------------------------
Number clusters = 0.0
Max Number points in event queue = 0.0
Avg number points in clusters= 0.0
Avg Rmc size = 0.0
Avg Length exps= 0.0
#window: 87
Total #outliers: 301
Average Time: 80.25453094252872 ms
Peak memory: 0.0 MB
Time index, remove data from structure: 0.001958449563218391
Time for querying: 0.0
Time for new slide: 0.07332565175862069
Time for expired slide: 0.006925619643678161
------------------------------------
Number clusters = 0.0
Max Number points in event queue = 0.0
Avg number points in clusters= 0.0
Avg Rmc size = 0.0
Avg Length exps= 0.0
#window: 88
Total #outliers: 323
Average Time: 80.37463492045453 ms
Peak memory: 0.0 MB
Time index, remove data from structure: 0.001955249556818182
Time for querying: 0.0
Time for new slide: 0.07345936229545455
Time for expired slide: 0.006912016000000001
------------------------------------
Number clusters = 0.0
Max Number points in event queue = 0.0
Avg number points in clusters= 0.0
Avg Rmc size = 0.0
Avg Length exps= 0.0
#window: 89
Total #outliers: 374
Average Time: 80.49079816853931 ms
Peak memory: 0.0 MB
Time index, remove data from structure: 0.001951845202247191
Time for querying: 0.0
Time for new slide: 0.07356537415730337
Time for expired slide: 0.0069221727528089895
------------------------------------
Number clusters = 0.0
Max Number points in event queue = 0.0
Avg number points in clusters= 0.0
Avg Rmc size = 0.0
Avg Length exps= 0.0
#window: 90
Total #outliers: 451
Average Time: 80.6423208111111 ms
Peak memory: 0.0 MB
Time index, remove data from structure: 0.0019490144666666665
Time for querying: 0.0
Time for new slide: 0.07370350616666667
Time for expired slide: 0.006935565177777778
------------------------------------
Number clusters = 0.0
Max Number points in event queue = 0.0
Avg number points in clusters= 0.0
Avg Rmc size = 0.0
Avg Length exps= 0.0
#window: 91
Total #outliers: 369
Average Time: 80.44135765934064 ms
Peak memory: 0.0 MB
Time index, remove data from structure: 0.0019451955054945055
Time for querying: 0.0
Time for new slide: 0.07349447842857143
Time for expired slide: 0.006943637428571429
------------------------------------
Number clusters = 0.0
Max Number points in event queue = 0.0
Avg number points in clusters= 0.0
Avg Rmc size = 0.0
Avg Length exps= 0.0
#window: 92
Total #outliers: 348
Average Time: 80.44117730434782 ms
Peak memory: 0.0 MB
Time index, remove data from structure: 0.001942111945652174
Time for querying: 0.0
Time for new slide: 0.07346331942391304
Time for expired slide: 0.006974619391304349
------------------------------------
Number clusters = 0.0
Max Number points in event queue = 0.0
Avg number points in clusters= 0.0
Avg Rmc size = 0.0
Avg Length exps= 0.0
#window: 93
Total #outliers: 428
Average Time: 80.67831105376342 ms
Peak memory: 0.0 MB
Time index, remove data from structure: 0.0019387676344086024
Time for querying: 0.0
Time for new slide: 0.07371614479569893
Time for expired slide: 0.006958930602150537
------------------------------------
Number clusters = 0.0
Max Number points in event queue = 0.0
Avg number points in clusters= 0.0
Avg Rmc size = 0.0
Avg Length exps= 0.0
#window: 94
Total #outliers: 427
Average Time: 80.9530824148936 ms
Peak memory: 0.0 MB
Time index, remove data from structure: 0.0019356468617021277
Time for querying: 0.0
Time for new slide: 0.07398425896808511
Time for expired slide: 0.006965590574468086
------------------------------------
Number clusters = 0.0
Max Number points in event queue = 0.0
Avg number points in clusters= 0.0
Avg Rmc size = 0.0
Avg Length exps= 0.0
#window: 95
Total #outliers: 393
Average Time: 81.11158662105261 ms
Peak memory: 0.0 MB
Time index, remove data from structure: 0.0019315924315789473
Time for querying: 0.0
Time for new slide: 0.07416120524210526
Time for expired slide: 0.006947149557894737
------------------------------------
Number clusters = 0.0
Max Number points in event queue = 0.0
Avg number points in clusters= 0.0
Avg Rmc size = 0.0
Avg Length exps= 0.0
#window: 96
Total #outliers: 403
Average Time: 81.34351570833333 ms
Peak memory: 0.0 MB
Time index, remove data from structure: 0.0019277272916666665
Time for querying: 0.0
Time for new slide: 0.07439551514583333
Time for expired slide: 0.00694476809375
------------------------------------
Number clusters = 0.0
Max Number points in event queue = 0.0
Avg number points in clusters= 0.0
Avg Rmc size = 0.0
Avg Length exps= 0.0
#window: 97
Total #outliers: 409
Average Time: 81.575625185567 ms
Peak memory: 0.0 MB
Time index, remove data from structure: 0.0019240542783505153
Time for querying: 0.0
Time for new slide: 0.07464656350515464
Time for expired slide: 0.006925831319587629
------------------------------------
Number clusters = 0.0
Max Number points in event queue = 0.0
Avg number points in clusters= 0.0
Avg Rmc size = 0.0
Avg Length exps= 0.0
#window: 98
Total #outliers: 528
Average Time: 81.78030459183672 ms
Peak memory: 0.0 MB
Time index, remove data from structure: 0.001920615306122449
Time for querying: 0.0
Time for new slide: 0.07486966620408164
Time for expired slide: 0.006907405989795918
------------------------------------
Number clusters = 0.0
Max Number points in event queue = 0.0
Avg number points in clusters= 0.0
Avg Rmc size = 0.0
Avg Length exps= 0.0
#window: 99
Total #outliers: 527
Average Time: 81.97400175757576 ms
Peak memory: 0.0 MB
Time index, remove data from structure: 0.0019176879393939393
Time for querying: 0.0
Time for new slide: 0.07505195226262626
Time for expired slide: 0.006918820181818182
------------------------------------
Number clusters = 0.0
Max Number points in event queue = 0.0
Avg number points in clusters= 0.0
Avg Rmc size = 0.0
Avg Length exps= 0.0
#window: 100
Total #outliers: 535
Average Time: 82.16058894 ms
Peak memory: 0.0 MB
Time index, remove data from structure: 0.00191564383
Time for querying: 0.0
Time for new slide: 0.07524896992999999
Time for expired slide: 0.00690839395
------------------------------------
Number clusters = 0.0
Max Number points in event queue = 0.0
Avg number points in clusters= 0.0
Avg Rmc size = 0.0
Avg Length exps= 0.0
#window: 101
Total #outliers: 521
Average Time: 82.461201990099 ms
Peak memory: 0.0 MB
Time index, remove data from structure: 0.0019134083960396038
Time for querying: 0.0
Time for new slide: 0.07555676295049506
Time for expired slide: 0.006901211574257426
------------------------------------
Number clusters = 0.0
Max Number points in event queue = 0.0
Avg number points in clusters= 0.0
Avg Rmc size = 0.0
Avg Length exps= 0.0
#window: 102
Total #outliers: 546
Average Time: 82.84997432352941 ms
Peak memory: 0.0 MB
Time index, remove data from structure: 0.0019111469019607843
Time for querying: 0.0
Time for new slide: 0.07595161021568628
Time for expired slide: 0.0068951340294117645
------------------------------------
Number clusters = 0.0
Max Number points in event queue = 0.0
Avg number points in clusters= 0.0
Avg Rmc size = 0.0
Avg Length exps= 0.0
#window: 103
Total #outliers: 544
Average Time: 83.1869311262136 ms
Peak memory: 0.0 MB
Time index, remove data from structure: 0.0019095685436893205
Time for querying: 0.0
Time for new slide: 0.07626975653398058
Time for expired slide: 0.00691394772815534
------------------------------------
Number clusters = 0.0
Max Number points in event queue = 0.0
Avg number points in clusters= 0.0
Avg Rmc size = 0.0
Avg Length exps= 0.0
#window: 104
Total #outliers: 559
Average Time: 83.48772276923076 ms
Peak memory: 0.0 MB
Time index, remove data from structure: 0.0019077462692307693
Time for querying: 0.0
Time for new slide: 0.076574692375
Time for expired slide: 0.006909804596153846
------------------------------------
Number clusters = 0.0
Max Number points in event queue = 0.0
Avg number points in clusters= 0.0
Avg Rmc size = 0.0
Avg Length exps= 0.0
#window: 105
Total #outliers: 552
Average Time: 83.8483317047619 ms
Peak memory: 0.0 MB
Time index, remove data from structure: 0.0019058322952380951
Time for querying: 0.0
Time for new slide: 0.07693670015238095
Time for expired slide: 0.006908404276190477
------------------------------------
Number clusters = 0.0
Max Number points in event queue = 0.0
Avg number points in clusters= 0.0
Avg Rmc size = 0.0
Avg Length exps= 0.0
#window: 106
Total #outliers: 555
Average Time: 84.07636122641509 ms
Peak memory: 0.0 MB
Time index, remove data from structure: 0.001904642037735849
Time for querying: 0.0
Time for new slide: 0.07716670225471699
Time for expired slide: 0.006906429877358491
------------------------------------
Number clusters = 0.0
Max Number points in event queue = 0.0
Avg number points in clusters= 0.0
Avg Rmc size = 0.0
Avg Length exps= 0.0
#window: 107
Total #outliers: 573
Average Time: 84.27205485046728 ms
Peak memory: 0.0 MB
Time index, remove data from structure: 0.0019029717757009345
Time for querying: 0.0
Time for new slide: 0.07736576112149533
Time for expired slide: 0.006903066056074767
------------------------------------
Number clusters = 0.0
Max Number points in event queue = 0.0
Avg number points in clusters= 0.0
Avg Rmc size = 0.0
Avg Length exps= 0.0
#window: 108
Total #outliers: 519
Average Time: 84.37802129629628 ms
Peak memory: 0.0 MB
Time index, remove data from structure: 0.0019018059722222221
Time for querying: 0.0
Time for new slide: 0.07746170300925925
Time for expired slide: 0.006913091259259259
------------------------------------
Number clusters = 0.0
Max Number points in event queue = 0.0
Avg number points in clusters= 0.0
Avg Rmc size = 0.0
Avg Length exps= 0.0
#window: 109
Total #outliers: 492
Average Time: 84.50828971559632 ms
Peak memory: 0.0 MB
Time index, remove data from structure: 0.0019011776422018349
Time for querying: 0.0
Time for new slide: 0.07757082495412844
Time for expired slide: 0.006934245385321101
------------------------------------
Number clusters = 0.0
Max Number points in event queue = 0.0
Avg number points in clusters= 0.0
Avg Rmc size = 0.0
Avg Length exps= 0.0
#window: 110
Total #outliers: 474
Average Time: 84.61649838181818 ms
Peak memory: 0.0 MB
Time index, remove data from structure: 0.0018999977454545456
Time for querying: 0.0
Time for new slide: 0.0776730041909091
Time for expired slide: 0.006940280690909091
------------------------------------
Number clusters = 0.0
Max Number points in event queue = 0.0
Avg number points in clusters= 0.0
Avg Rmc size = 0.0
Avg Length exps= 0.0
#window: 111
Total #outliers: 452
Average Time: 84.69428105405404 ms
Peak memory: 0.0 MB
Time index, remove data from structure: 0.0018953236846846846
Time for querying: 0.0
Time for new slide: 0.07775178890990991
Time for expired slide: 0.006939281198198199
------------------------------------
Number clusters = 0.0
Max Number points in event queue = 0.0
Avg number points in clusters= 0.0
Avg Rmc size = 0.0
Avg Length exps= 0.0
#window: 112
Total #outliers: 458
Average Time: 84.78468039285714 ms
Peak memory: 0.0 MB
Time index, remove data from structure: 0.0018934073035714286
Time for querying: 0.0
Time for new slide: 0.07783267615178571
Time for expired slide: 0.006948796214285714
------------------------------------
Number clusters = 0.0
Max Number points in event queue = 0.0
Avg number points in clusters= 0.0
Avg Rmc size = 0.0
Avg Length exps= 0.0
#window: 113
Total #outliers: 425
Average Time: 84.83730700884955 ms
Peak memory: 0.0 MB
Time index, remove data from structure: 0.0018935371327433628
Time for querying: 0.0
Time for new slide: 0.07789114010619469
Time for expired slide: 0.006942967159292036
------------------------------------
Number clusters = 0.0
Max Number points in event queue = 0.0
Avg number points in clusters= 0.0
Avg Rmc size = 0.0
Avg Length exps= 0.0
#window: 114
Total #outliers: 437
Average Time: 84.92837283333333 ms
Peak memory: 0.0 MB
Time index, remove data from structure: 0.0018925774912280703
Time for querying: 0.0
Time for new slide: 0.0779910727982456
Time for expired slide: 0.00693410498245614
------------------------------------
Number clusters = 0.0
Max Number points in event queue = 0.0
Avg number points in clusters= 0.0
Avg Rmc size = 0.0
Avg Length exps= 0.0
#window: 115
Total #outliers: 409
Average Time: 85.10054922608695 ms
Peak memory: 0.0 MB
Time index, remove data from structure: 0.0018910478173913045
Time for querying: 0.0
Time for new slide: 0.0781450442347826
Time for expired slide: 0.006952314147826087
------------------------------------
Number clusters = 0.0
Max Number points in event queue = 0.0
Avg number points in clusters= 0.0
Avg Rmc size = 0.0
Avg Length exps= 0.0
#window: 116
Total #outliers: 387
Average Time: 85.21390818965517 ms
Peak memory: 0.0 MB
Time index, remove data from structure: 0.0018896447327586207
Time for querying: 0.0
Time for new slide: 0.0782601599310345
Time for expired slide: 0.006950560827586207
------------------------------------
Number clusters = 0.0
Max Number points in event queue = 0.0
Avg number points in clusters= 0.0
Avg Rmc size = 0.0
Avg Length exps= 0.0
#window: 117
Total #outliers: 404
Average Time: 85.33429391452992 ms
Peak memory: 0.0 MB
Time index, remove data from structure: 0.0018896007606837605
Time for querying: 0.0
Time for new slide: 0.07836608645299147
Time for expired slide: 0.006965022794871795
------------------------------------
Number clusters = 0.0
Max Number points in event queue = 0.0
Avg number points in clusters= 0.0
Avg Rmc size = 0.0
Avg Length exps= 0.0
#window: 118
Total #outliers: 437
Average Time: 85.4615271440678 ms
Peak memory: 0.0 MB
Time index, remove data from structure: 0.0018901177542372883
Time for querying: 0.0
Time for new slide: 0.07845274038135593
Time for expired slide: 0.007005603033898304
------------------------------------
Number clusters = 0.0
Max Number points in event queue = 0.0
Avg number points in clusters= 0.0
Avg Rmc size = 0.0
Avg Length exps= 0.0
#window: 119
Total #outliers: 432
Average Time: 85.58922790756301 ms
Peak memory: 0.0 MB
Time index, remove data from structure: 0.0018918645294117647
Time for querying: 0.0
Time for new slide: 0.07852125340336134
Time for expired slide: 0.007064794218487395
------------------------------------
Number clusters = 0.0
Max Number points in event queue = 0.0
Avg number points in clusters= 0.0
Avg Rmc size = 0.0
Avg Length exps= 0.0
#window: 120
Total #outliers: 501
Average Time: 85.66069829166665 ms
Peak memory: 0.0 MB
Time index, remove data from structure: 0.0018915987916666667
Time for querying: 0.0
Time for new slide: 0.0785949272
Time for expired slide: 0.007062591108333334
------------------------------------
Number clusters = 0.0
Max Number points in event queue = 0.0
Avg number points in clusters= 0.0
Avg Rmc size = 0.0
Avg Length exps= 0.0
#window: 121
Total #outliers: 566
Average Time: 85.73369819834708 ms
Peak memory: 0.0 MB
Time index, remove data from structure: 0.0018911468016528925
Time for querying: 0.0
Time for new slide: 0.07866658038842975
Time for expired slide: 0.0070639394297520655
------------------------------------
Number clusters = 0.0
Max Number points in event queue = 0.0
Avg number points in clusters= 0.0
Avg Rmc size = 0.0
Avg Length exps= 0.0
#window: 122
Total #outliers: 585
Average Time: 85.83913475409834 ms
Peak memory: 0.0 MB
Time index, remove data from structure: 0.0018908289098360656
Time for querying: 0.0
Time for new slide: 0.07877073686065574
Time for expired slide: 0.007065218967213114
------------------------------------
Number clusters = 0.0
Max Number points in event queue = 0.0
Avg number points in clusters= 0.0
Avg Rmc size = 0.0
Avg Length exps= 0.0
#window: 123
Total #outliers: 602
Average Time: 85.9643208617886 ms
Peak memory: 0.0 MB
Time index, remove data from structure: 0.0018897949512195122
Time for querying: 0.0
Time for new slide: 0.07887171873170731
Time for expired slide: 0.007089425016260162
------------------------------------
Number clusters = 0.0
Max Number points in event queue = 0.0
Avg number points in clusters= 0.0
Avg Rmc size = 0.0
Avg Length exps= 0.0
#window: 124
Total #outliers: 617
Average Time: 86.07636163709674 ms
Peak memory: 0.0 MB
Time index, remove data from structure: 0.0018872785887096774
Time for querying: 0.0
Time for new slide: 0.07899128023387098
Time for expired slide: 0.007081905491935484
------------------------------------
Number clusters = 0.0
Max Number points in event queue = 0.0
Avg number points in clusters= 0.0
Avg Rmc size = 0.0
Avg Length exps= 0.0
#window: 125
Total #outliers: 651
Average Time: 86.19282034399997 ms
Peak memory: 0.0 MB
Time index, remove data from structure: 0.001885534792
Time for querying: 0.0
Time for new slide: 0.07911430208800001
Time for expired slide: 0.00707534376
------------------------------------
Number clusters = 0.0
Max Number points in event queue = 0.0
Avg number points in clusters= 0.0
Avg Rmc size = 0.0
Avg Length exps= 0.0
#window: 126
Total #outliers: 690
Average Time: 86.33127575396823 ms
Peak memory: 0.0 MB
Time index, remove data from structure: 0.0018839913333333334
Time for querying: 0.0
Time for new slide: 0.07925831021428571
Time for expired slide: 0.00706979
------------------------------------
Number clusters = 0.0
Max Number points in event queue = 0.0
Avg number points in clusters= 0.0
Avg Rmc size = 0.0
Avg Length exps= 0.0
#window: 127
Total #outliers: 651
Average Time: 86.11046837795273 ms
Peak memory: 0.0 MB
Time index, remove data from structure: 0.001882108401574803
Time for querying: 0.0
Time for new slide: 0.07904214910236221
Time for expired slide: 0.007065146149606299
------------------------------------
Number clusters = 0.0
Max Number points in event queue = 0.0
Avg number points in clusters= 0.0
Avg Rmc size = 0.0
Avg Length exps= 0.0
#window: 128
Total #outliers: 665
Average Time: 85.84756098437498 ms
Peak memory: 0.0 MB
Time index, remove data from structure: 0.0018793356171875
Time for querying: 0.0
Time for new slide: 0.0787884380703125
Time for expired slide: 0.0070559428671875
------------------------------------
Number clusters = 0.0
Max Number points in event queue = 0.0
Avg number points in clusters= 0.0
Avg Rmc size = 0.0
Avg Length exps= 0.0
#window: 129
Total #outliers: 653
Average Time: 85.646952372093 ms
Peak memory: 0.0 MB
Time index, remove data from structure: 0.0018775882170542634
Time for querying: 0.0
Time for new slide: 0.07859165959689922
Time for expired slide: 0.007052110542635659
------------------------------------
Number clusters = 0.0
Max Number points in event queue = 0.0
Avg number points in clusters= 0.0
Avg Rmc size = 0.0
Avg Length exps= 0.0
#window: 130
Total #outliers: 611
Average Time: 85.45996499999997 ms
Peak memory: 0.0 MB
Time index, remove data from structure: 0.0018764100153846153
Time for querying: 0.0
Time for new slide: 0.07840959893076922
Time for expired slide: 0.007047186584615384
------------------------------------
Number clusters = 0.0
Max Number points in event queue = 0.0
Avg number points in clusters= 0.0
Avg Rmc size = 0.0
Avg Length exps= 0.0
#window: 131
Total #outliers: 596
Average Time: 85.23195264885494 ms
Peak memory: 0.0 MB
Time index, remove data from structure: 0.0018745371068702292
Time for querying: 0.0
Time for new slide: 0.0781888541221374
Time for expired slide: 0.0070399215419847325
------------------------------------
Number clusters = 0.0
Max Number points in event queue = 0.0
Avg number points in clusters= 0.0
Avg Rmc size = 0.0
Avg Length exps= 0.0
#window: 132
Total #outliers: 576
Average Time: 85.02037400757574 ms
Peak memory: 0.0 MB
Time index, remove data from structure: 0.0018726302803030303
Time for querying: 0.0
Time for new slide: 0.07798506178030302
Time for expired slide: 0.00703213825
------------------------------------
Number clusters = 0.0
Max Number points in event queue = 0.0
Avg number points in clusters= 0.0
Avg Rmc size = 0.0
Avg Length exps= 0.0
#window: 133
Total #outliers: 583
Average Time: 84.74137322556389 ms
Peak memory: 0.0 MB
Time index, remove data from structure: 0.0018708002556390977
Time for querying: 0.0
Time for new slide: 0.07771445084962406
Time for expired slide: 0.007023748819548872
------------------------------------
Number clusters = 0.0
Max Number points in event queue = 0.0
Avg number points in clusters= 0.0
Avg Rmc size = 0.0
Avg Length exps= 0.0
#window: 134
Total #outliers: 567
Average Time: 84.4540822761194 ms
Peak memory: 0.0 MB
Time index, remove data from structure: 0.001868760223880597
Time for querying: 0.0
Time for new slide: 0.07743472580597015
Time for expired slide: 0.0070161793582089555
------------------------------------
Number clusters = 0.0
Max Number points in event queue = 0.0
Avg number points in clusters= 0.0
Avg Rmc size = 0.0
Avg Length exps= 0.0
#window: 135
Total #outliers: 574
Average Time: 84.19702183703701 ms
Peak memory: 0.0 MB
Time index, remove data from structure: 0.0018666349333333332
Time for querying: 0.0
Time for new slide: 0.07718647085185186
Time for expired slide: 0.007007376925925925
------------------------------------
Number clusters = 0.0
Max Number points in event queue = 0.0
Avg number points in clusters= 0.0
Avg Rmc size = 0.0
Avg Length exps= 0.0
#window: 136
Total #outliers: 588
Average Time: 83.96687689705881 ms
Peak memory: 0.0 MB
Time index, remove data from structure: 0.0018644475294117646
Time for querying: 0.0
Time for new slide: 0.07696569804411765
Time for expired slide: 0.006998003382352941
------------------------------------
Number clusters = 0.0
Max Number points in event queue = 0.0
Avg number points in clusters= 0.0
Avg Rmc size = 0.0
Avg Length exps= 0.0
#window: 137
Total #outliers: 577
Average Time: 83.79863088321166 ms
Peak memory: 0.0 MB
Time index, remove data from structure: 0.0018616863795620439
Time for querying: 0.0
Time for new slide: 0.0768068115109489
Time for expired slide: 0.006988641489051095
------------------------------------
Number clusters = 0.0
Max Number points in event queue = 0.0
Avg number points in clusters= 0.0
Avg Rmc size = 0.0
Avg Length exps= 0.0
#window: 138
Total #outliers: 494
Average Time: 83.68093574637679 ms
Peak memory: 0.0 MB
Time index, remove data from structure: 0.0018591749782608698
Time for querying: 0.0
Time for new slide: 0.0766982991231884
Time for expired slide: 0.00697946315942029
------------------------------------
Number clusters = 0.0
Max Number points in event queue = 0.0
Avg number points in clusters= 0.0
Avg Rmc size = 0.0
Avg Length exps= 0.0
#window: 139
Total #outliers: 539
Average Time: 83.56368736690645 ms
Peak memory: 0.0 MB
Time index, remove data from structure: 0.0018566318201438847
Time for querying: 0.0
Time for new slide: 0.07659256698561151
Time for expired slide: 0.006967945330935252
------------------------------------
Number clusters = 0.0
Max Number points in event queue = 0.0
Avg number points in clusters= 0.0
Avg Rmc size = 0.0
Avg Length exps= 0.0
#window: 140
Total #outliers: 476
Average Time: 83.48622882142855 ms
Peak memory: 0.0 MB
Time index, remove data from structure: 0.0018545367142857143
Time for querying: 0.0
Time for new slide: 0.07652444194285714
Time for expired slide: 0.006958613078571429
------------------------------------
Number clusters = 0.0
Max Number points in event queue = 0.0
Avg number points in clusters= 0.0
Avg Rmc size = 0.0
Avg Length exps= 0.0
#window: 141
Total #outliers: 491
Average Time: 83.43897841843972 ms
Peak memory: 0.0 MB
Time index, remove data from structure: 0.001853428
Time for querying: 0.0
Time for new slide: 0.07648641360992908
Time for expired slide: 0.006949396042553192
------------------------------------
Number clusters = 0.0
Max Number points in event queue = 0.0
Avg number points in clusters= 0.0
Avg Rmc size = 0.0
Avg Length exps= 0.0
#window: 142
Total #outliers: 514
Average Time: 83.43768988732393 ms
Peak memory: 0.0 MB
Time index, remove data from structure: 0.0018510525281690141
Time for querying: 0.0
Time for new slide: 0.07649465117605633
Time for expired slide: 0.006939868464788733
------------------------------------
Number clusters = 0.0
Max Number points in event queue = 0.0
Avg number points in clusters= 0.0
Avg Rmc size = 0.0
Avg Length exps= 0.0
#window: 143
Total #outliers: 485
Average Time: 83.4377676153846 ms
Peak memory: 0.0 MB
Time index, remove data from structure: 0.0018483057202797204
Time for querying: 0.0
Time for new slide: 0.07650483116083916
Time for expired slide: 0.006929769293706294
------------------------------------
Number clusters = 0.0
Max Number points in event queue = 0.0
Avg number points in clusters= 0.0
Avg Rmc size = 0.0
Avg Length exps= 0.0
#window: 144
Total #outliers: 523
Average Time: 83.4625287361111 ms
Peak memory: 0.0 MB
Time index, remove data from structure: 0.0018455089236111112
Time for querying: 0.0
Time for new slide: 0.07654066625
Time for expired slide: 0.00691869223611111
------------------------------------
Number clusters = 0.0
Max Number points in event queue = 0.0
Avg number points in clusters= 0.0
Avg Rmc size = 0.0
Avg Length exps= 0.0
#window: 145
Total #outliers: 551
Average Time: 83.4740286965517 ms
Peak memory: 0.0 MB
Time index, remove data from structure: 0.0018427613586206894
Time for querying: 0.0
Time for new slide: 0.07656105977241379
Time for expired slide: 0.00690980108275862
------------------------------------
Number clusters = 0.0
Max Number points in event queue = 0.0
Avg number points in clusters= 0.0
Avg Rmc size = 0.0
Avg Length exps= 0.0
#window: 146
Total #outliers: 552
Average Time: 83.50767176712326 ms
Peak memory: 0.0 MB
Time index, remove data from structure: 0.001840527705479452
Time for querying: 0.0
Time for new slide: 0.07660240419863014
Time for expired slide: 0.00690209795890411
------------------------------------
Number clusters = 0.0
Max Number points in event queue = 0.0
Avg number points in clusters= 0.0
Avg Rmc size = 0.0
Avg Length exps= 0.0
#window: 147
Total #outliers: 506
Average Time: 83.50765895918364 ms
Peak memory: 0.0 MB
Time index, remove data from structure: 0.0018378334217687077
Time for querying: 0.0
Time for new slide: 0.07661042449659863
Time for expired slide: 0.006894063292517006
------------------------------------
Number clusters = 0.0
Max Number points in event queue = 0.0
Avg number points in clusters= 0.0
Avg Rmc size = 0.0
Avg Length exps= 0.0
#window: 148
Total #outliers: 542
Average Time: 83.56361487837836 ms
Peak memory: 0.0 MB
Time index, remove data from structure: 0.001836337831081081
Time for querying: 0.0
Time for new slide: 0.07664968741891891
Time for expired slide: 0.0069107614121621625
------------------------------------
Number clusters = 0.0
Max Number points in event queue = 0.0
Avg number points in clusters= 0.0
Avg Rmc size = 0.0
Avg Length exps= 0.0
#window: 149
Total #outliers: 531
Average Time: 83.61101124832213 ms
Peak memory: 0.0 MB
Time index, remove data from structure: 0.0018341260134228188
Time for querying: 0.0
Time for new slide: 0.07670482170469799
Time for expired slide: 0.0069030263422818795
------------------------------------
Number clusters = 0.0
Max Number points in event queue = 0.0
Avg number points in clusters= 0.0
Avg Rmc size = 0.0
Avg Length exps= 0.0
#window: 150
Total #outliers: 519
Average Time: 83.64585427333331 ms
Peak memory: 0.0 MB
Time index, remove data from structure: 0.0018322264066666669
Time for querying: 0.0
Time for new slide: 0.07672169304666668
Time for expired slide: 0.006920996926666667
------------------------------------
Number clusters = 0.0
Max Number points in event queue = 0.0
Avg number points in clusters= 0.0
Avg Rmc size = 0.0
Avg Length exps= 0.0
#window: 151
Total #outliers: 526
Average Time: 83.71384266225164 ms
Peak memory: 0.0 MB
Time index, remove data from structure: 0.0018309561258278144
Time for querying: 0.0
Time for new slide: 0.07677044895364239
Time for expired slide: 0.006940227046357615
------------------------------------
Number clusters = 0.0
Max Number points in event queue = 0.0
Avg number points in clusters= 0.0
Avg Rmc size = 0.0
Avg Length exps= 0.0
#window: 152
Total #outliers: 585
Average Time: 83.78844528289471 ms
Peak memory: 0.0 MB
Time index, remove data from structure: 0.0018302225197368422
Time for querying: 0.0
Time for new slide: 0.07682224573684211
Time for expired slide: 0.006963029421052632
------------------------------------
Number clusters = 0.0
Max Number points in event queue = 0.0
Avg number points in clusters= 0.0
Avg Rmc size = 0.0
Avg Length exps= 0.0
#window: 153
Total #outliers: 594
Average Time: 83.88352327450978 ms
Peak memory: 0.0 MB
Time index, remove data from structure: 0.0018293032745098038
Time for querying: 0.0
Time for new slide: 0.07691240088888888
Time for expired slide: 0.006967952934640523
------------------------------------
Number clusters = 0.0
Max Number points in event queue = 0.0
Avg number points in clusters= 0.0
Avg Rmc size = 0.0
Avg Length exps= 0.0
#window: 154
Total #outliers: 551
Average Time: 83.95320179220776 ms
Peak memory: 0.0 MB
Time index, remove data from structure: 0.001828002012987013
Time for querying: 0.0
Time for new slide: 0.07698702868831168
Time for expired slide: 0.0069630020649350645
------------------------------------
Number clusters = 0.0
Max Number points in event queue = 0.0
Avg number points in clusters= 0.0
Avg Rmc size = 0.0
Avg Length exps= 0.0
#window: 155
Total #outliers: 549
Average Time: 84.08011874193545 ms
Peak memory: 0.0 MB
Time index, remove data from structure: 0.001827567729032258
Time for querying: 0.0
Time for new slide: 0.07711822
Time for expired slide: 0.006958727541935484
------------------------------------
Number clusters = 0.0
Max Number points in event queue = 0.0
Avg number points in clusters= 0.0
Avg Rmc size = 0.0
Avg Length exps= 0.0
#window: 156
Total #outliers: 569
Average Time: 84.17857589102562 ms
Peak memory: 0.0 MB
Time index, remove data from structure: 0.0018261025641025642
Time for querying: 0.0
Time for new slide: 0.07722123924358974
Time for expired slide: 0.006954160948717949
------------------------------------
Number clusters = 0.0
Max Number points in event queue = 0.0
Avg number points in clusters= 0.0
Avg Rmc size = 0.0
Avg Length exps= 0.0
#window: 157
Total #outliers: 567
Average Time: 84.27438564331209 ms
Peak memory: 0.0 MB
Time index, remove data from structure: 0.001825533560509554
Time for querying: 0.0
Time for new slide: 0.07730985608280254
Time for expired slide: 0.006961356445859872
------------------------------------
Number clusters = 0.0
Max Number points in event queue = 0.0
Avg number points in clusters= 0.0
Avg Rmc size = 0.0
Avg Length exps= 0.0
#window: 158
Total #outliers: 597
Average Time: 84.35237368354429 ms
Peak memory: 0.0 MB
Time index, remove data from structure: 0.0018252005189873415
Time for querying: 0.0
Time for new slide: 0.07737820924683544
Time for expired slide: 0.006970990810126582
------------------------------------
Number clusters = 0.0
Max Number points in event queue = 0.0
Avg number points in clusters= 0.0
Avg Rmc size = 0.0
Avg Length exps= 0.0
#window: 159
Total #outliers: 590
Average Time: 84.39418580503143 ms
Peak memory: 0.0 MB
Time index, remove data from structure: 0.001824012031446541
Time for querying: 0.0
Time for new slide: 0.07742548393710692
Time for expired slide: 0.0069655295157232695
------------------------------------
Number clusters = 0.0
Max Number points in event queue = 0.0
Avg number points in clusters= 0.0
Avg Rmc size = 0.0
Avg Length exps= 0.0
#window: 160
Total #outliers: 538
Average Time: 84.45190161249998 ms
Peak memory: 0.0 MB
Time index, remove data from structure: 0.0018233430750000002
Time for querying: 0.0
Time for new slide: 0.0774773078625
Time for expired slide: 0.006971424531250001
------------------------------------
Number clusters = 0.0
Max Number points in event queue = 0.0
Avg number points in clusters= 0.0
Avg Rmc size = 0.0
Avg Length exps= 0.0
#window: 161
Total #outliers: 534
Average Time: 84.48755904347824 ms
Peak memory: 0.0 MB
Time index, remove data from structure: 0.001822303198757764
Time for querying: 0.0
Time for new slide: 0.0775071798136646
Time for expired slide: 0.006977213819875776
------------------------------------
Number clusters = 0.0
Max Number points in event queue = 0.0
Avg number points in clusters= 0.0
Avg Rmc size = 0.0
Avg Length exps= 0.0
#window: 162
Total #outliers: 495
Average Time: 84.5276773950617 ms
Peak memory: 0.0 MB
Time index, remove data from structure: 0.0018215509691358025
Time for querying: 0.0
Time for new slide: 0.07752994375308642
Time for expired slide: 0.006994569728395061
------------------------------------
Number clusters = 0.0
Max Number points in event queue = 0.0
Avg number points in clusters= 0.0
Avg Rmc size = 0.0
Avg Length exps= 0.0
#window: 163
Total #outliers: 570
Average Time: 84.53697482208587 ms
Peak memory: 0.0 MB
Time index, remove data from structure: 0.00182148673006135
Time for querying: 0.0
Time for new slide: 0.07751924632515336
Time for expired slide: 0.0070145653067484656
------------------------------------
Number clusters = 0.0
Max Number points in event queue = 0.0
Avg number points in clusters= 0.0
Avg Rmc size = 0.0
Avg Length exps= 0.0
#window: 164
Total #outliers: 484
Average Time: 84.52338139634145 ms
Peak memory: 0.0 MB
Time index, remove data from structure: 0.0018200734451219512
Time for querying: 0.0
Time for new slide: 0.07751076386585365
Time for expired slide: 0.007009449628048781
------------------------------------
Number clusters = 0.0
Max Number points in event queue = 0.0
Avg number points in clusters= 0.0
Avg Rmc size = 0.0
Avg Length exps= 0.0
#window: 165
Total #outliers: 395
Average Time: 84.51877769090908 ms
Peak memory: 0.0 MB
Time index, remove data from structure: 0.001818608715151515
Time for querying: 0.0
Time for new slide: 0.07750225346666667
Time for expired slide: 0.00701335686060606
------------------------------------
Number clusters = 0.0
Max Number points in event queue = 0.0
Avg number points in clusters= 0.0
Avg Rmc size = 0.0
Avg Length exps= 0.0
#window: 166
Total #outliers: 464
Average Time: 84.53860672891564 ms
Peak memory: 0.0 MB
Time index, remove data from structure: 0.0018184789216867468
Time for querying: 0.0
Time for new slide: 0.07752324207831325
Time for expired slide: 0.0070121967951807225
------------------------------------
Number clusters = 0.0
Max Number points in event queue = 0.0
Avg number points in clusters= 0.0
Avg Rmc size = 0.0
Avg Length exps= 0.0
#window: 167
Total #outliers: 462
Average Time: 84.53177575449101 ms
Peak memory: 0.0 MB
Time index, remove data from structure: 0.001817590497005988
Time for querying: 0.0
Time for new slide: 0.07750317245508982
Time for expired slide: 0.007025436053892215
------------------------------------
Number clusters = 0.0
Max Number points in event queue = 0.0
Avg number points in clusters= 0.0
Avg Rmc size = 0.0
Avg Length exps= 0.0
#window: 168
Total #outliers: 471
Average Time: 84.52393204166665 ms
Peak memory: 0.0 MB
Time index, remove data from structure: 0.001816334369047619
Time for querying: 0.0
Time for new slide: 0.07750373738690476
Time for expired slide: 0.007017027053571429
------------------------------------
Number clusters = 0.0
Max Number points in event queue = 0.0
Avg number points in clusters= 0.0
Avg Rmc size = 0.0
Avg Length exps= 0.0
#window: 169
Total #outliers: 465
Average Time: 84.55237108284022 ms
Peak memory: 0.0 MB
Time index, remove data from structure: 0.0018149722840236687
Time for querying: 0.0
Time for new slide: 0.07752864879881656
Time for expired slide: 0.007020553846153846
------------------------------------
Number clusters = 0.0
Max Number points in event queue = 0.0
Avg number points in clusters= 0.0
Avg Rmc size = 0.0
Avg Length exps= 0.0
#window: 170
Total #outliers: 491
Average Time: 84.55177186470586 ms
Peak memory: 0.0 MB
Time index, remove data from structure: 0.0018138248823529413
Time for querying: 0.0
Time for new slide: 0.07752503140588235
Time for expired slide: 0.007023573658823529
------------------------------------
Number clusters = 0.0
Max Number points in event queue = 0.0
Avg number points in clusters= 0.0
Avg Rmc size = 0.0
Avg Length exps= 0.0
#window: 171
Total #outliers: 503
Average Time: 84.53368385964912 ms
Peak memory: 0.0 MB
Time index, remove data from structure: 0.0018123718128654973
Time for querying: 0.0
Time for new slide: 0.07751442863157895
Time for expired slide: 0.007016086461988304
------------------------------------
Number clusters = 0.0
Max Number points in event queue = 0.0
Avg number points in clusters= 0.0
Avg Rmc size = 0.0
Avg Length exps= 0.0
#window: 172
Total #outliers: 505
Average Time: 84.4919125988372 ms
Peak memory: 0.0 MB
Time index, remove data from structure: 0.0018107949534883721
Time for querying: 0.0
Time for new slide: 0.07747920687790698
Time for expired slide: 0.0070095349709302325
------------------------------------
Number clusters = 0.0
Max Number points in event queue = 0.0
Avg number points in clusters= 0.0
Avg Rmc size = 0.0
Avg Length exps= 0.0
#window: 173
Total #outliers: 525
Average Time: 84.4993393468208 ms
Peak memory: 0.0 MB
Time index, remove data from structure: 0.0018092000809248553
Time for querying: 0.0
Time for new slide: 0.07748432962427745
Time for expired slide: 0.007011840820809248
------------------------------------
Number clusters = 0.0
Max Number points in event queue = 0.0
Avg number points in clusters= 0.0
Avg Rmc size = 0.0
Avg Length exps= 0.0
#window: 174
Total #outliers: 556
Average Time: 84.53472560344827 ms
Peak memory: 0.0 MB
Time index, remove data from structure: 0.0018080799137931037
Time for querying: 0.0
Time for new slide: 0.07750942647126437
Time for expired slide: 0.007022130229885058
------------------------------------
Number clusters = 0.0
Max Number points in event queue = 0.0
Avg number points in clusters= 0.0
Avg Rmc size = 0.0
Avg Length exps= 0.0
#window: 175
Total #outliers: 603
Average Time: 84.54252558857142 ms
Peak memory: 0.0 MB
Time index, remove data from structure: 0.0018076211085714285
Time for querying: 0.0
Time for new slide: 0.07748414105714287
Time for expired slide: 0.007055217017142857
------------------------------------
Number clusters = 0.0
Max Number points in event queue = 0.0
Avg number points in clusters= 0.0
Avg Rmc size = 0.0
Avg Length exps= 0.0
#window: 176
Total #outliers: 648
Average Time: 84.52905171590909 ms
Peak memory: 0.0 MB
Time index, remove data from structure: 0.0018062792897727273
Time for querying: 0.0
Time for new slide: 0.0774756801875
Time for expired slide: 0.007050205295454546
------------------------------------
Number clusters = 0.0
Max Number points in event queue = 0.0
Avg number points in clusters= 0.0
Avg Rmc size = 0.0
Avg Length exps= 0.0
#window: 177
Total #outliers: 676
Average Time: 84.52857723728813 ms
Peak memory: 0.0 MB
Time index, remove data from structure: 0.0018048493276836158
Time for querying: 0.0
Time for new slide: 0.07746969303389831
Time for expired slide: 0.0070557177853107335
------------------------------------
Number clusters = 0.0
Max Number points in event queue = 0.0
Avg number points in clusters= 0.0
Avg Rmc size = 0.0
Avg Length exps= 0.0
#window: 178
Total #outliers: 681
Average Time: 84.54741910674157 ms
Peak memory: 0.0 MB
Time index, remove data from structure: 0.0018037055730337078
Time for querying: 0.0
Time for new slide: 0.07749153673595506
Time for expired slide: 0.007052712578651685
------------------------------------
Number clusters = 0.0
Max Number points in event queue = 0.0
Avg number points in clusters= 0.0
Avg Rmc size = 0.0
Avg Length exps= 0.0
#window: 179
Total #outliers: 661
Average Time: 84.56405454189944 ms
Peak memory: 0.0 MB
Time index, remove data from structure: 0.0018025160111731844
Time for querying: 0.0
Time for new slide: 0.07750188044134078
Time for expired slide: 0.007059006687150838
------------------------------------
Number clusters = 0.0
Max Number points in event queue = 0.0
Avg number points in clusters= 0.0
Avg Rmc size = 0.0
Avg Length exps= 0.0
#window: 180
Total #outliers: 690
Average Time: 84.58121508888888 ms
Peak memory: 0.0 MB
Time index, remove data from structure: 0.0018016835444444443
Time for querying: 0.0
Time for new slide: 0.07750997773333333
Time for expired slide: 0.007068069322222222
------------------------------------
Number clusters = 0.0
Max Number points in event queue = 0.0
Avg number points in clusters= 0.0
Avg Rmc size = 0.0
Avg Length exps= 0.0
#window: 181
Total #outliers: 785
Average Time: 84.59003754696131 ms
Peak memory: 0.0 MB
Time index, remove data from structure: 0.001801236458563536
Time for querying: 0.0
Time for new slide: 0.0775147430276243
Time for expired slide: 0.00707212602762431
------------------------------------
Number clusters = 0.0
Max Number points in event queue = 0.0
Avg number points in clusters= 0.0
Avg Rmc size = 0.0
Avg Length exps= 0.0
#window: 182
Total #outliers: 819
Average Time: 84.6156858131868 ms
Peak memory: 0.0 MB
Time index, remove data from structure: 0.001800509467032967
Time for querying: 0.0
Time for new slide: 0.07752072352747252
Time for expired slide: 0.0070917937472527465
------------------------------------
Number clusters = 0.0
Max Number points in event queue = 0.0
Avg number points in clusters= 0.0
Avg Rmc size = 0.0
Avg Length exps= 0.0
#window: 183
Total #outliers: 860
Average Time: 84.43302336612021 ms
Peak memory: 0.0 MB
Time index, remove data from structure: 0.0017991487595628416
Time for querying: 0.0
Time for new slide: 0.0773371832568306
Time for expired slide: 0.007092672071038252
------------------------------------
Number clusters = 0.0
Max Number points in event queue = 0.0
Avg number points in clusters= 0.0
Avg Rmc size = 0.0
Avg Length exps= 0.0
#window: 184
Total #outliers: 871
Average Time: 84.23435292391302 ms
Peak memory: 0.0 MB
Time index, remove data from structure: 0.0017977569402173913
Time for querying: 0.0
Time for new slide: 0.07711286969565218
Time for expired slide: 0.007118319461956522
------------------------------------
Number clusters = 0.0
Max Number points in event queue = 0.0
Avg number points in clusters= 0.0
Avg Rmc size = 0.0
Avg Length exps= 0.0
#window: 185
Total #outliers: 877
Average Time: 84.0750057243243 ms
Peak memory: 0.0 MB
Time index, remove data from structure: 0.0017958160108108108
Time for querying: 0.0
Time for new slide: 0.07695501822162162
Time for expired slide: 0.00711682645945946
------------------------------------
Number clusters = 0.0
Max Number points in event queue = 0.0
Avg number points in clusters= 0.0
Avg Rmc size = 0.0
Avg Length exps= 0.0
#window: 186
Total #outliers: 881
Average Time: 83.95942927419352 ms
Peak memory: 0.0 MB
Time index, remove data from structure: 0.0017950207150537634
Time for querying: 0.0
Time for new slide: 0.07679781459139785
Time for expired slide: 0.007158455419354838
------------------------------------
Number clusters = 0.0
Max Number points in event queue = 0.0
Avg number points in clusters= 0.0
Avg Rmc size = 0.0
Avg Length exps= 0.0
#window: 187
Total #outliers: 867
Average Time: 83.85258095721925 ms
Peak memory: 0.0 MB
Time index, remove data from structure: 0.0017938737486631016
Time for querying: 0.0
Time for new slide: 0.07666766734759357
Time for expired slide: 0.0071817567272727265
------------------------------------
Number clusters = 0.0
Max Number points in event queue = 0.0
Avg number points in clusters= 0.0
Avg Rmc size = 0.0
Avg Length exps= 0.0
#window: 188
Total #outliers: 859
Average Time: 83.73135187765956 ms
Peak memory: 0.0 MB
Time index, remove data from structure: 0.0017918761968085107
Time for querying: 0.0
Time for new slide: 0.07654797520212765
Time for expired slide: 0.007180223446808511
------------------------------------
Number clusters = 0.0
Max Number points in event queue = 0.0
Avg number points in clusters= 0.0
Avg Rmc size = 0.0
Avg Length exps= 0.0
#window: 189
Total #outliers: 843
Average Time: 83.57751169312168 ms
Peak memory: 0.0 MB
Time index, remove data from structure: 0.001789967312169312
Time for querying: 0.0
Time for new slide: 0.07639525512169312
Time for expired slide: 0.0071790998412698415
------------------------------------
Number clusters = 0.0
Max Number points in event queue = 0.0
Avg number points in clusters= 0.0
Avg Rmc size = 0.0
Avg Length exps= 0.0
#window: 190
Total #outliers: 808
Average Time: 83.43555873157894 ms
Peak memory: 0.0 MB
Time index, remove data from structure: 0.001787649136842105
Time for querying: 0.0
Time for new slide: 0.07624822913684211
Time for expired slide: 0.007184174636842105
------------------------------------
Number clusters = 0.0
Max Number points in event queue = 0.0
Avg number points in clusters= 0.0
Avg Rmc size = 0.0
Avg Length exps= 0.0
Peak memory: 73.04335021972656 MB
Average CPU time: 83.43555873157894 ms
