#window: 1
Total #outliers: 149
Average Time: 0.0 ms
Peak memory: 0.0 MB
Time index, remove data from structure: 0.0
Time for querying: 0.0
Time for new slide: 0.0
Time for expired slide: 0.0
------------------------------------
Number clusters = 0.0
Max Number points in event queue = 0.0
Avg number points in clusters= 0.0
Avg Rmc size = 0.0
Avg Length exps= 0.0
#window: 2
Total #outliers: 117
Average Time: 21.427231000000003 ms
Peak memory: 0.0 MB
Time index, remove data from structure: 0.0014546745
Time for querying: 0.0
Time for new slide: 0.014442107
Time for expired slide: 0.006982824
------------------------------------
Number clusters = 0.0
Max Number points in event queue = 0.0
Avg number points in clusters= 0.0
Avg Rmc size = 0.0
Avg Length exps= 0.0
#window: 3
Total #outliers: 142
Average Time: 29.905862000000003 ms
Peak memory: 0.0 MB
Time index, remove data from structure: 0.001494083
Time for querying: 0.0
Time for new slide: 0.021964543666666666
Time for expired slide: 0.007938947333333333
------------------------------------
Number clusters = 0.0
Max Number points in event queue = 0.0
Avg number points in clusters= 0.0
Avg Rmc size = 0.0
Avg Length exps= 0.0
#window: 4
Total #outliers: 220
Average Time: 33.57240675 ms
Peak memory: 0.0 MB
Time index, remove data from structure: 0.00150552725
Time for querying: 0.0
Time for new slide: 0.02525695575
Time for expired slide: 0.0083131095
------------------------------------
Number clusters = 0.0
Max Number points in event queue = 0.0
Avg number points in clusters= 0.0
Avg Rmc size = 0.0
Avg Length exps= 0.0
#window: 5
Total #outliers: 208
Average Time: 37.627097 ms
Peak memory: 0.0 MB
Time index, remove data from structure: 0.0015042952
Time for querying: 0.0
Time for new slide: 0.0289809398
Time for expired slide: 0.0086438692
------------------------------------
Number clusters = 0.0
Max Number points in event queue = 0.0
Avg number points in clusters= 0.0
Avg Rmc size = 0.0
Avg Length exps= 0.0
#window: 6
Total #outliers: 119
Average Time: 40.98399383333334 ms
Peak memory: 0.0 MB
Time index, remove data from structure: 0.001585358
Time for querying: 0.0
Time for new slide: 0.031668705166666665
Time for expired slide: 0.009312991333333333
------------------------------------
Number clusters = 0.0
Max Number points in event queue = 0.0
Avg number points in clusters= 0.0
Avg Rmc size = 0.0
Avg Length exps= 0.0
#window: 7
Total #outliers: 126
Average Time: 43.054777571428566 ms
Peak memory: 0.0 MB
Time index, remove data from structure: 0.001618823142857143
Time for querying: 0.0
Time for new slide: 0.03292561628571428
Time for expired slide: 0.010126770857142859
------------------------------------
Number clusters = 0.0
Max Number points in event queue = 0.0
Avg number points in clusters= 0.0
Avg Rmc size = 0.0
Avg Length exps= 0.0
#window: 8
Total #outliers: 132
Average Time: 43.179570125 ms
Peak memory: 0.0 MB
Time index, remove data from structure: 0.001634567
Time for querying: 0.0
Time for new slide: 0.032660022875
Time for expired slide: 0.01051713925
------------------------------------
Number clusters = 0.0
Max Number points in event queue = 0.0
Avg number points in clusters= 0.0
Avg Rmc size = 0.0
Avg Length exps= 0.0
#window: 9
Total #outliers: 128
Average Time: 42.00442611111111 ms
Peak memory: 0.0 MB
Time index, remove data from structure: 0.001622754888888889
Time for querying: 0.0
Time for new slide: 0.03178702644444445
Time for expired slide: 0.010214994
------------------------------------
Number clusters = 0.0
Max Number points in event queue = 0.0
Avg number points in clusters= 0.0
Avg Rmc size = 0.0
Avg Length exps= 0.0
#window: 10
Total #outliers: 98
Average Time: 42.8041356 ms
Peak memory: 0.0 MB
Time index, remove data from structure: 0.0016125945
Time for querying: 0.0
Time for new slide: 0.0324190895
Time for expired slide: 0.010382645499999999
------------------------------------
Number clusters = 0.0
Max Number points in event queue = 0.0
Avg number points in clusters= 0.0
Avg Rmc size = 0.0
Avg Length exps= 0.0
#window: 11
Total #outliers: 105
Average Time: 42.86161909090909 ms
Peak memory: 0.0 MB
Time index, remove data from structure: 0.0015898988181818183
Time for querying: 0.0
Time for new slide: 0.03261168518181818
Time for expired slide: 0.010247522272727273
------------------------------------
Number clusters = 0.0
Max Number points in event queue = 0.0
Avg number points in clusters= 0.0
Avg Rmc size = 0.0
Avg Length exps= 0.0
#window: 12
Total #outliers: 86
Average Time: 41.79179941666666 ms
Peak memory: 0.0 MB
Time index, remove data from structure: 0.0015892974999999999
Time for querying: 0.0
Time for new slide: 0.03171420625
Time for expired slide: 0.01007518825
------------------------------------
Number clusters = 0.0
Max Number points in event queue = 0.0
Avg number points in clusters= 0.0
Avg Rmc size = 0.0
Avg Length exps= 0.0
#window: 13
Total #outliers: 74
Average Time: 41.31071246153846 ms
Peak memory: 0.0 MB
Time index, remove data from structure: 0.001582853230769231
Time for querying: 0.0
Time for new slide: 0.031407673076923076
Time for expired slide: 0.009900650076923078
------------------------------------
Number clusters = 0.0
Max Number points in event queue = 0.0
Avg number points in clusters= 0.0
Avg Rmc size = 0.0
Avg Length exps= 0.0
#window: 14
Total #outliers: 93
Average Time: 40.28686471428571 ms
Peak memory: 0.0 MB
Time index, remove data from structure: 0.0015683513571428571
Time for querying: 0.0
Time for new slide: 0.030631274785714285
Time for expired slide: 0.009653235999999999
------------------------------------
Number clusters = 0.0
Max Number points in event queue = 0.0
Avg number points in clusters= 0.0
Avg Rmc size = 0.0
Avg Length exps= 0.0
#window: 15
Total #outliers: 99
Average Time: 39.416340866666665 ms
Peak memory: 0.0 MB
Time index, remove data from structure: 0.0015466602000000001
Time for querying: 0.0
Time for new slide: 0.030007251533333335
Time for expired slide: 0.009406392333333334
------------------------------------
Number clusters = 0.0
Max Number points in event queue = 0.0
Avg number points in clusters= 0.0
Avg Rmc size = 0.0
Avg Length exps= 0.0
#window: 16
Total #outliers: 186
Average Time: 38.54942462499999 ms
Peak memory: 0.0 MB
Time index, remove data from structure: 0.0015275339375
Time for querying: 0.0
Time for new slide: 0.0294432341875
Time for expired slide: 0.0091035324375
------------------------------------
Number clusters = 0.0
Max Number points in event queue = 0.0
Avg number points in clusters= 0.0
Avg Rmc size = 0.0
Avg Length exps= 0.0
#window: 17
Total #outliers: 255
Average Time: 37.948066235294114 ms
Peak memory: 0.0 MB
Time index, remove data from structure: 0.001503066176470588
Time for querying: 0.0
Time for new slide: 0.029148258588235294
Time for expired slide: 0.008797168823529412
------------------------------------
Number clusters = 0.0
Max Number points in event queue = 0.0
Avg number points in clusters= 0.0
Avg Rmc size = 0.0
Avg Length exps= 0.0
#window: 18
Total #outliers: 261
Average Time: 37.833340444444445 ms
Peak memory: 0.0 MB
Time index, remove data from structure: 0.0014859755555555556
Time for querying: 0.0
Time for new slide: 0.02920920138888889
Time for expired slide: 0.008621525444444444
------------------------------------
Number clusters = 0.0
Max Number points in event queue = 0.0
Avg number points in clusters= 0.0
Avg Rmc size = 0.0
Avg Length exps= 0.0
#window: 19
Total #outliers: 267
Average Time: 37.57114473684211 ms
Peak memory: 0.0 MB
Time index, remove data from structure: 0.0014724933684210526
Time for querying: 0.0
Time for new slide: 0.029106120263157894
Time for expired slide: 0.008462438000000001
------------------------------------
Number clusters = 0.0
Max Number points in event queue = 0.0
Avg number points in clusters= 0.0
Avg Rmc size = 0.0
Avg Length exps= 0.0
#window: 20
Total #outliers: 291
Average Time: 37.9856918 ms
Peak memory: 0.0 MB
Time index, remove data from structure: 0.0014581349000000001
Time for querying: 0.0
Time for new slide: 0.02962222925
Time for expired slide: 0.00836091545
------------------------------------
Number clusters = 0.0
Max Number points in event queue = 0.0
Avg number points in clusters= 0.0
Avg Rmc size = 0.0
Avg Length exps= 0.0
#window: 21
Total #outliers: 288
Average Time: 37.59686385714286 ms
Peak memory: 0.0 MB
Time index, remove data from structure: 0.0014480191904761904
Time for querying: 0.0
Time for new slide: 0.029343501666666667
Time for expired slide: 0.008250835952380952
------------------------------------
Number clusters = 0.0
Max Number points in event queue = 0.0
Avg number points in clusters= 0.0
Avg Rmc size = 0.0
Avg Length exps= 0.0
#window: 22
Total #outliers: 281
Average Time: 37.02392595454545 ms
Peak memory: 0.0 MB
Time index, remove data from structure: 0.0014386102727272727
Time for querying: 0.0
Time for new slide: 0.028916954863636365
Time for expired slide: 0.008104431454545454
------------------------------------
Number clusters = 0.0
Max Number points in event queue = 0.0
Avg number points in clusters= 0.0
Avg Rmc size = 0.0
Avg Length exps= 0.0
#window: 23
Total #outliers: 327
Average Time: 36.748165521739125 ms
Peak memory: 0.0 MB
Time index, remove data from structure: 0.0014279938260869564
Time for querying: 0.0
Time for new slide: 0.028803581999999998
Time for expired slide: 0.007942019739130435
------------------------------------
Number clusters = 0.0
Max Number points in event queue = 0.0
Avg number points in clusters= 0.0
Avg Rmc size = 0.0
Avg Length exps= 0.0
#window: 24
Total #outliers: 226
Average Time: 36.99526158333333 ms
Peak memory: 0.0 MB
Time index, remove data from structure: 0.0014143704583333332
Time for querying: 0.0
Time for new slide: 0.029185897708333335
Time for expired slide: 0.007806818625
------------------------------------
Number clusters = 0.0
Max Number points in event queue = 0.0
Avg number points in clusters= 0.0
Avg Rmc size = 0.0
Avg Length exps= 0.0
#window: 25
Total #outliers: 260
Average Time: 36.97018979999999 ms
Peak memory: 0.0 MB
Time index, remove data from structure: 0.00140995592
Time for querying: 0.0
Time for new slide: 0.02914067412
Time for expired slide: 0.00782696816
------------------------------------
Number clusters = 0.0
Max Number points in event queue = 0.0
Avg number points in clusters= 0.0
Avg Rmc size = 0.0
Avg Length exps= 0.0
#window: 26
Total #outliers: 274
Average Time: 36.537906307692296 ms
Peak memory: 0.0 MB
Time index, remove data from structure: 0.001403875923076923
Time for querying: 0.0
Time for new slide: 0.0287805545
Time for expired slide: 0.007754805423076923
------------------------------------
Number clusters = 0.0
Max Number points in event queue = 0.0
Avg number points in clusters= 0.0
Avg Rmc size = 0.0
Avg Length exps= 0.0
#window: 27
Total #outliers: 328
Average Time: 36.26464092592591 ms
Peak memory: 0.0 MB
Time index, remove data from structure: 0.001393142148148148
Time for querying: 0.0
Time for new slide: 0.028592357222222222
Time for expired slide: 0.007669628111111111
------------------------------------
Number clusters = 0.0
Max Number points in event queue = 0.0
Avg number points in clusters= 0.0
Avg Rmc size = 0.0
Avg Length exps= 0.0
#window: 28
Total #outliers: 310
Average Time: 36.116497535714274 ms
Peak memory: 0.0 MB
Time index, remove data from structure: 0.0013857529285714286
Time for querying: 0.0
Time for new slide: 0.028515476571428573
Time for expired slide: 0.007598398607142857
------------------------------------
Number clusters = 0.0
Max Number points in event queue = 0.0
Avg number points in clusters= 0.0
Avg Rmc size = 0.0
Avg Length exps= 0.0
#window: 29
Total #outliers: 286
Average Time: 35.82775262068965 ms
Peak memory: 0.0 MB
Time index, remove data from structure: 0.001375002
Time for querying: 0.0
Time for new slide: 0.028341011241379308
Time for expired slide: 0.00748414375862069
------------------------------------
Number clusters = 0.0
Max Number points in event queue = 0.0
Avg number points in clusters= 0.0
Avg Rmc size = 0.0
Avg Length exps= 0.0
#window: 30
Total #outliers: 274
Average Time: 35.30242176666666 ms
Peak memory: 0.0 MB
Time index, remove data from structure: 0.0013632594
Time for querying: 0.0
Time for new slide: 0.027947967
Time for expired slide: 0.0073518788666666664
------------------------------------
Number clusters = 0.0
Max Number points in event queue = 0.0
Avg number points in clusters= 0.0
Avg Rmc size = 0.0
Avg Length exps= 0.0
#window: 31
Total #outliers: 302
Average Time: 34.93936167741935 ms
Peak memory: 0.0 MB
Time index, remove data from structure: 0.0013528046451612903
Time for querying: 0.0
Time for new slide: 0.027709048032258064
Time for expired slide: 0.007227767903225806
------------------------------------
Number clusters = 0.0
Max Number points in event queue = 0.0
Avg number points in clusters= 0.0
Avg Rmc size = 0.0
Avg Length exps= 0.0
#window: 32
Total #outliers: 276
Average Time: 34.559904875 ms
Peak memory: 0.0 MB
Time index, remove data from structure: 0.00134458903125
Time for querying: 0.0
Time for new slide: 0.0274368264375
Time for expired slide: 0.0071205636875
------------------------------------
Number clusters = 0.0
Max Number points in event queue = 0.0
Avg number points in clusters= 0.0
Avg Rmc size = 0.0
Avg Length exps= 0.0
#window: 33
Total #outliers: 199
Average Time: 34.091860454545454 ms
Peak memory: 0.0 MB
Time index, remove data from structure: 0.0013345934242424244
Time for querying: 0.0
Time for new slide: 0.027089245787878788
Time for expired slide: 0.0070001152727272725
------------------------------------
Number clusters = 0.0
Max Number points in event queue = 0.0
Avg number points in clusters= 0.0
Avg Rmc size = 0.0
Avg Length exps= 0.0
#window: 34
Total #outliers: 217
Average Time: 33.65575344117647 ms
Peak memory: 0.0 MB
Time index, remove data from structure: 0.0013255001764705882
Time for querying: 0.0
Time for new slide: 0.026748107676470588
Time for expired slide: 0.006905169205882353
------------------------------------
Number clusters = 0.0
Max Number points in event queue = 0.0
Avg number points in clusters= 0.0
Avg Rmc size = 0.0
Avg Length exps= 0.0
#window: 35
Total #outliers: 250
Average Time: 33.271973057142866 ms
Peak memory: 0.0 MB
Time index, remove data from structure: 0.0013174142571428572
Time for querying: 0.0
Time for new slide: 0.02647729902857143
Time for expired slide: 0.006792211914285714
------------------------------------
Number clusters = 0.0
Max Number points in event queue = 0.0
Avg number points in clusters= 0.0
Avg Rmc size = 0.0
Avg Length exps= 0.0
#window: 36
Total #outliers: 238
Average Time: 32.81251219444445 ms
Peak memory: 0.0 MB
Time index, remove data from structure: 0.001308783
Time for querying: 0.0
Time for new slide: 0.026120420472222225
Time for expired slide: 0.006689202416666667
------------------------------------
Number clusters = 0.0
Max Number points in event queue = 0.0
Avg number points in clusters= 0.0
Avg Rmc size = 0.0
Avg Length exps= 0.0
#window: 37
Total #outliers: 235
Average Time: 32.38265716216217 ms
Peak memory: 0.0 MB
Time index, remove data from structure: 0.0013038432702702702
Time for querying: 0.0
Time for new slide: 0.02577599318918919
Time for expired slide: 0.0066038131891891895
------------------------------------
Number clusters = 0.0
Max Number points in event queue = 0.0
Avg number points in clusters= 0.0
Avg Rmc size = 0.0
Avg Length exps= 0.0
#window: 38
Total #outliers: 240
Average Time: 32.05898881578948 ms
Peak memory: 0.0 MB
Time index, remove data from structure: 0.0012959760000000001
Time for querying: 0.0
Time for new slide: 0.02553133694736842
Time for expired slide: 0.006524835131578947
------------------------------------
Number clusters = 0.0
Max Number points in event queue = 0.0
Avg number points in clusters= 0.0
Avg Rmc size = 0.0
Avg Length exps= 0.0
#window: 39
Total #outliers: 243
Average Time: 31.880417179487182 ms
Peak memory: 0.0 MB
Time index, remove data from structure: 0.0012899476923076923
Time for querying: 0.0
Time for new slide: 0.025415903
Time for expired slide: 0.0064617291025641024
------------------------------------
Number clusters = 0.0
Max Number points in event queue = 0.0
Avg number points in clusters= 0.0
Avg Rmc size = 0.0
Avg Length exps= 0.0
#window: 40
Total #outliers: 227
Average Time: 31.662676875000002 ms
Peak memory: 0.0 MB
Time index, remove data from structure: 0.0012834703249999999
Time for querying: 0.0
Time for new slide: 0.025275575700000004
Time for expired slide: 0.006384346975000001
------------------------------------
Number clusters = 0.0
Max Number points in event queue = 0.0
Avg number points in clusters= 0.0
Avg Rmc size = 0.0
Avg Length exps= 0.0
#window: 41
Total #outliers: 234
Average Time: 31.498393536585365 ms
Peak memory: 0.0 MB
Time index, remove data from structure: 0.0012772548536585367
Time for querying: 0.0
Time for new slide: 0.025169179780487806
Time for expired slide: 0.006326490390243903
------------------------------------
Number clusters = 0.0
Max Number points in event queue = 0.0
Avg number points in clusters= 0.0
Avg Rmc size = 0.0
Avg Length exps= 0.0
#window: 42
Total #outliers: 268
Average Time: 31.296266380952385 ms
Peak memory: 0.0 MB
Time index, remove data from structure: 0.0012718312142857141
Time for querying: 0.0
Time for new slide: 0.02502540283333333
Time for expired slide: 0.006268168928571428
------------------------------------
Number clusters = 0.0
Max Number points in event queue = 0.0
Avg number points in clusters= 0.0
Avg Rmc size = 0.0
Avg Length exps= 0.0
#window: 43
Total #outliers: 288
Average Time: 31.16959102325582 ms
Peak memory: 0.0 MB
Time index, remove data from structure: 0.0012657572558139535
Time for querying: 0.0
Time for new slide: 0.02493542358139535
Time for expired slide: 0.00623149846511628
------------------------------------
Number clusters = 0.0
Max Number points in event queue = 0.0
Avg number points in clusters= 0.0
Avg Rmc size = 0.0
Avg Length exps= 0.0
#window: 44
Total #outliers: 293
Average Time: 31.085539477272732 ms
Peak memory: 0.0 MB
Time index, remove data from structure: 0.0012608672045454545
Time for querying: 0.0
Time for new slide: 0.024885852749999996
Time for expired slide: 0.0061970418863636365
------------------------------------
Number clusters = 0.0
Max Number points in event queue = 0.0
Avg number points in clusters= 0.0
Avg Rmc size = 0.0
Avg Length exps= 0.0
#window: 45
Total #outliers: 239
Average Time: 30.961675711111116 ms
Peak memory: 0.0 MB
Time index, remove data from structure: 0.0012550740222222222
Time for querying: 0.0
Time for new slide: 0.024815373622222223
Time for expired slide: 0.0061436779333333335
------------------------------------
Number clusters = 0.0
Max Number points in event queue = 0.0
Avg number points in clusters= 0.0
Avg Rmc size = 0.0
Avg Length exps= 0.0
#window: 46
Total #outliers: 149
Average Time: 30.934380500000003 ms
Peak memory: 0.0 MB
Time index, remove data from structure: 0.0012503759347826087
Time for querying: 0.0
Time for new slide: 0.024829684065217395
Time for expired slide: 0.006102091673913044
------------------------------------
Number clusters = 0.0
Max Number points in event queue = 0.0
Avg number points in clusters= 0.0
Avg Rmc size = 0.0
Avg Length exps= 0.0
#window: 47
Total #outliers: 170
Average Time: 30.714399489361707 ms
Peak memory: 0.0 MB
Time index, remove data from structure: 0.0012474648085106382
Time for querying: 0.0
Time for new slide: 0.02467584876595745
Time for expired slide: 0.006035953404255319
------------------------------------
Number clusters = 0.0
Max Number points in event queue = 0.0
Avg number points in clusters= 0.0
Avg Rmc size = 0.0
Avg Length exps= 0.0
#window: 48
Total #outliers: 161
Average Time: 30.556541479166672 ms
Peak memory: 0.0 MB
Time index, remove data from structure: 0.0012427839375
Time for querying: 0.0
Time for new slide: 0.0245847558125
Time for expired slide: 0.0059691999375
------------------------------------
Number clusters = 0.0
Max Number points in event queue = 0.0
Avg number points in clusters= 0.0
Avg Rmc size = 0.0
Avg Length exps= 0.0
#window: 49
Total #outliers: 137
Average Time: 30.30576887755102 ms
Peak memory: 0.0 MB
Time index, remove data from structure: 0.001237015387755102
Time for querying: 0.0
Time for new slide: 0.024395165551020406
Time for expired slide: 0.005908023265306122
------------------------------------
Number clusters = 0.0
Max Number points in event queue = 0.0
Avg number points in clusters= 0.0
Avg Rmc size = 0.0
Avg Length exps= 0.0
#window: 50
Total #outliers: 139
Average Time: 30.061953060000004 ms
Peak memory: 0.0 MB
Time index, remove data from structure: 0.00123271548
Time for querying: 0.0
Time for new slide: 0.02420381556
Time for expired slide: 0.0058555707999999995
------------------------------------
Number clusters = 0.0
Max Number points in event queue = 0.0
Avg number points in clusters= 0.0
Avg Rmc size = 0.0
Avg Length exps= 0.0
#window: 51
Total #outliers: 122
Average Time: 29.820054254901965 ms
Peak memory: 0.0 MB
Time index, remove data from structure: 0.001228794156862745
Time for querying: 0.0
Time for new slide: 0.02400931370588235
Time for expired slide: 0.005808183039215687
------------------------------------
Number clusters = 0.0
Max Number points in event queue = 0.0
Avg number points in clusters= 0.0
Avg Rmc size = 0.0
Avg Length exps= 0.0
#window: 52
Total #outliers: 209
Average Time: 29.765437538461544 ms
Peak memory: 0.0 MB
Time index, remove data from structure: 0.0012249591346153847
Time for querying: 0.0
Time for new slide: 0.02400665232692308
Time for expired slide: 0.005756235615384616
------------------------------------
Number clusters = 0.0
Max Number points in event queue = 0.0
Avg number points in clusters= 0.0
Avg Rmc size = 0.0
Avg Length exps= 0.0
#window: 53
Total #outliers: 163
Average Time: 29.748037716981138 ms
Peak memory: 0.0 MB
Time index, remove data from structure: 0.0012211404528301886
Time for querying: 0.0
Time for new slide: 0.02402118233962264
Time for expired slide: 0.0057243106603773585
------------------------------------
Number clusters = 0.0
Max Number points in event queue = 0.0
Avg number points in clusters= 0.0
Avg Rmc size = 0.0
Avg Length exps= 0.0
#window: 54
Total #outliers: 108
Average Time: 29.62367996296297 ms
Peak memory: 0.0 MB
Time index, remove data from structure: 0.0012185252777777778
Time for querying: 0.0
Time for new slide: 0.023935317185185184
Time for expired slide: 0.005685821851851852
------------------------------------
Number clusters = 0.0
Max Number points in event queue = 0.0
Avg number points in clusters= 0.0
Avg Rmc size = 0.0
Avg Length exps= 0.0
#window: 55
Total #outliers: 167
Average Time: 29.505721545454552 ms
Peak memory: 0.0 MB
Time index, remove data from structure: 0.0012146301818181818
Time for querying: 0.0
Time for new slide: 0.023865774163636364
Time for expired slide: 0.00563741830909091
------------------------------------
Number clusters = 0.0
Max Number points in event queue = 0.0
Avg number points in clusters= 0.0
Avg Rmc size = 0.0
Avg Length exps= 0.0
#window: 56
Total #outliers: 152
Average Time: 29.36857935714286 ms
Peak memory: 0.0 MB
Time index, remove data from structure: 0.0012121301071428572
Time for querying: 0.0
Time for new slide: 0.023765403642857143
Time for expired slide: 0.005600654732142857
------------------------------------
Number clusters = 0.0
Max Number points in event queue = 0.0
Avg number points in clusters= 0.0
Avg Rmc size = 0.0
Avg Length exps= 0.0
#window: 57
Total #outliers: 150
Average Time: 29.22507021052632 ms
Peak memory: 0.0 MB
Time index, remove data from structure: 0.0012099503859649122
Time for querying: 0.0
Time for new slide: 0.023654190298245614
Time for expired slide: 0.0055683753333333336
------------------------------------
Number clusters = 0.0
Max Number points in event queue = 0.0
Avg number points in clusters= 0.0
Avg Rmc size = 0.0
Avg Length exps= 0.0
#window: 58
Total #outliers: 170
Average Time: 29.22280263793104 ms
Peak memory: 0.0 MB
Time index, remove data from structure: 0.0012067816379310345
Time for querying: 0.0
Time for new slide: 0.02368420305172414
Time for expired slide: 0.005536105120689656
------------------------------------
Number clusters = 0.0
Max Number points in event queue = 0.0
Avg number points in clusters= 0.0
Avg Rmc size = 0.0
Avg Length exps= 0.0
#window: 59
Total #outliers: 187
Average Time: 29.259137237288137 ms
Peak memory: 0.0 MB
Time index, remove data from structure: 0.0012044269999999999
Time for querying: 0.0
Time for new slide: 0.023750852847457628
Time for expired slide: 0.005505796305084745
------------------------------------
Number clusters = 0.0
Max Number points in event queue = 0.0
Avg number points in clusters= 0.0
Avg Rmc size = 0.0
Avg Length exps= 0.0
#window: 60
Total #outliers: 225
Average Time: 29.27769625 ms
Peak memory: 0.0 MB
Time index, remove data from structure: 0.0012032956166666666
Time for querying: 0.0
Time for new slide: 0.023790308566666665
Time for expired slide: 0.005484911183333333
------------------------------------
Number clusters = 0.0
Max Number points in event queue = 0.0
Avg number points in clusters= 0.0
Avg Rmc size = 0.0
Avg Length exps= 0.0
#window: 61
Total #outliers: 128
Average Time: 29.384723278688526 ms
Peak memory: 0.0 MB
Time index, remove data from structure: 0.0012027553606557377
Time for querying: 0.0
Time for new slide: 0.023922189950819673
Time for expired slide: 0.005460063032786885
------------------------------------
Number clusters = 0.0
Max Number points in event queue = 0.0
Avg number points in clusters= 0.0
Avg Rmc size = 0.0
Avg Length exps= 0.0
#window: 62
Total #outliers: 151
Average Time: 29.441569548387097 ms
Peak memory: 0.0 MB
Time index, remove data from structure: 0.001200659435483871
Time for querying: 0.0
Time for new slide: 0.024000784677419357
Time for expired slide: 0.00543830970967742
------------------------------------
Number clusters = 0.0
Max Number points in event queue = 0.0
Avg number points in clusters= 0.0
Avg Rmc size = 0.0
Avg Length exps= 0.0
#window: 63
Total #outliers: 191
Average Time: 29.601230492063493 ms
Peak memory: 0.0 MB
Time index, remove data from structure: 0.0012011559365079365
Time for querying: 0.0
Time for new slide: 0.02413281957142857
Time for expired slide: 0.005465939555555556
------------------------------------
Number clusters = 0.0
Max Number points in event queue = 0.0
Avg number points in clusters= 0.0
Avg Rmc size = 0.0
Avg Length exps= 0.0
#window: 64
Total #outliers: 241
Average Time: 29.859553109375003 ms
Peak memory: 0.0 MB
Time index, remove data from structure: 0.0012005645625
Time for querying: 0.0
Time for new slide: 0.024385449734375
Time for expired slide: 0.005471638890625
------------------------------------
Number clusters = 0.0
Max Number points in event queue = 0.0
Avg number points in clusters= 0.0
Avg Rmc size = 0.0
Avg Length exps= 0.0
#window: 65
Total #outliers: 281
Average Time: 30.04708921538462 ms
Peak memory: 0.0 MB
Time index, remove data from structure: 0.0011997947230769231
Time for querying: 0.0
Time for new slide: 0.0245735584
Time for expired slide: 0.005471063753846154
------------------------------------
Number clusters = 0.0
Max Number points in event queue = 0.0
Avg number points in clusters= 0.0
Avg Rmc size = 0.0
Avg Length exps= 0.0
#window: 66
Total #outliers: 286
Average Time: 30.075885090909093 ms
Peak memory: 0.0 MB
Time index, remove data from structure: 0.001198503515151515
Time for querying: 0.0
Time for new slide: 0.024606624515151516
Time for expired slide: 0.005466523803030303
------------------------------------
Number clusters = 0.0
Max Number points in event queue = 0.0
Avg number points in clusters= 0.0
Avg Rmc size = 0.0
Avg Length exps= 0.0
#window: 67
Total #outliers: 227
Average Time: 30.19405826865672 ms
Peak memory: 0.0 MB
Time index, remove data from structure: 0.0011972242089552238
Time for querying: 0.0
Time for new slide: 0.024717892985074624
Time for expired slide: 0.00547343171641791
------------------------------------
Number clusters = 0.0
Max Number points in event queue = 0.0
Avg number points in clusters= 0.0
Avg Rmc size = 0.0
Avg Length exps= 0.0
#window: 68
Total #outliers: 287
Average Time: 30.335007970588237 ms
Peak memory: 0.0 MB
Time index, remove data from structure: 0.00119638025
Time for querying: 0.0
Time for new slide: 0.024856042691176472
Time for expired slide: 0.005476244397058823
------------------------------------
Number clusters = 0.0
Max Number points in event queue = 0.0
Avg number points in clusters= 0.0
Avg Rmc size = 0.0
Avg Length exps= 0.0
#window: 69
Total #outliers: 270
Average Time: 31.45604905797102 ms
Peak memory: 0.0 MB
Time index, remove data from structure: 0.0011948084927536232
Time for querying: 0.0
Time for new slide: 0.025976794521739132
Time for expired slide: 0.005476538507246377
------------------------------------
Number clusters = 0.0
Max Number points in event queue = 0.0
Avg number points in clusters= 0.0
Avg Rmc size = 0.0
Avg Length exps= 0.0
#window: 70
Total #outliers: 274
Average Time: 32.0562193 ms
Peak memory: 0.0 MB
Time index, remove data from structure: 0.0012125001999999999
Time for querying: 0.0
Time for new slide: 0.026496040442857142
Time for expired slide: 0.005557459857142857
------------------------------------
Number clusters = 0.0
Max Number points in event queue = 0.0
Avg number points in clusters= 0.0
Avg Rmc size = 0.0
Avg Length exps= 0.0
#window: 71
Total #outliers: 312
Average Time: 32.54819288732395 ms
Peak memory: 0.0 MB
Time index, remove data from structure: 0.0012197911971830986
Time for querying: 0.0
Time for new slide: 0.02681448157746479
Time for expired slide: 0.005731000943661972
------------------------------------
Number clusters = 0.0
Max Number points in event queue = 0.0
Avg number points in clusters= 0.0
Avg Rmc size = 0.0
Avg Length exps= 0.0
#window: 72
Total #outliers: 191
Average Time: 32.85705651388889 ms
Peak memory: 0.0 MB
Time index, remove data from structure: 0.0012265115972222222
Time for querying: 0.0
Time for new slide: 0.027046954777777778
Time for expired slide: 0.005807401444444445
------------------------------------
Number clusters = 0.0
Max Number points in event queue = 0.0
Avg number points in clusters= 0.0
Avg Rmc size = 0.0
Avg Length exps= 0.0
#window: 73
Total #outliers: 276
Average Time: 33.21602473972603 ms
Peak memory: 0.0 MB
Time index, remove data from structure: 0.0012334056438356165
Time for querying: 0.0
Time for new slide: 0.02726310995890411
Time for expired slide: 0.00595021602739726
------------------------------------
Number clusters = 0.0
Max Number points in event queue = 0.0
Avg number points in clusters= 0.0
Avg Rmc size = 0.0
Avg Length exps= 0.0
#window: 74
Total #outliers: 404
Average Time: 33.58150377027027 ms
Peak memory: 0.0 MB
Time index, remove data from structure: 0.0012377541216216216
Time for querying: 0.0
Time for new slide: 0.027561638324324324
Time for expired slide: 0.006017173716216216
------------------------------------
Number clusters = 0.0
Max Number points in event queue = 0.0
Avg number points in clusters= 0.0
Avg Rmc size = 0.0
Avg Length exps= 0.0
#window: 75
Total #outliers: 425
Average Time: 34.18527138666667 ms
Peak memory: 0.0 MB
Time index, remove data from structure: 0.0012442719066666668
Time for querying: 0.0
Time for new slide: 0.028086489186666667
Time for expired slide: 0.006096097413333333
------------------------------------
Number clusters = 0.0
Max Number points in event queue = 0.0
Avg number points in clusters= 0.0
Avg Rmc size = 0.0
Avg Length exps= 0.0
#window: 76
Total #outliers: 280
Average Time: 34.662521802631574 ms
Peak memory: 0.0 MB
Time index, remove data from structure: 0.0012470355
Time for querying: 0.0
Time for new slide: 0.028509939236842103
Time for expired slide: 0.006149904394736842
------------------------------------
Number clusters = 0.0
Max Number points in event queue = 0.0
Avg number points in clusters= 0.0
Avg Rmc size = 0.0
Avg Length exps= 0.0
#window: 77
Total #outliers: 480
Average Time: 35.636351285714284 ms
Peak memory: 0.0 MB
Time index, remove data from structure: 0.0012541256883116883
Time for querying: 0.0
Time for new slide: 0.02930606081818182
Time for expired slide: 0.006327617558441558
------------------------------------
Number clusters = 0.0
Max Number points in event queue = 0.0
Avg number points in clusters= 0.0
Avg Rmc size = 0.0
Avg Length exps= 0.0
#window: 78
Total #outliers: 324
Average Time: 37.350727717948715 ms
Peak memory: 0.0 MB
Time index, remove data from structure: 0.0012791737051282052
Time for querying: 0.0
Time for new slide: 0.030665041384615385
Time for expired slide: 0.006683015256410256
------------------------------------
Number clusters = 0.0
Max Number points in event queue = 0.0
Avg number points in clusters= 0.0
Avg Rmc size = 0.0
Avg Length exps= 0.0
#window: 79
Total #outliers: 231
Average Time: 39.30038894936708 ms
Peak memory: 0.0 MB
Time index, remove data from structure: 0.0013280260253164557
Time for querying: 0.0
Time for new slide: 0.031949431949367085
Time for expired slide: 0.007348288873417721
------------------------------------
Number clusters = 0.0
Max Number points in event queue = 0.0
Avg number points in clusters= 0.0
Avg Rmc size = 0.0
Avg Length exps= 0.0
#window: 80
Total #outliers: 472
Average Time: 41.192743012499996 ms
Peak memory: 0.0 MB
Time index, remove data from structure: 0.0013983885375
Time for querying: 0.0
Time for new slide: 0.033249669425
Time for expired slide: 0.0079404091
------------------------------------
Number clusters = 0.0
Max Number points in event queue = 0.0
Avg number points in clusters= 0.0
Avg Rmc size = 0.0
Avg Length exps= 0.0
#window: 81
Total #outliers: 672
Average Time: 42.72729750617284 ms
Peak memory: 0.0 MB
Time index, remove data from structure: 0.0014217947654320987
Time for querying: 0.0
Time for new slide: 0.03443527881481481
Time for expired slide: 0.008289353790123457
------------------------------------
Number clusters = 0.0
Max Number points in event queue = 0.0
Avg number points in clusters= 0.0
Avg Rmc size = 0.0
Avg Length exps= 0.0
#window: 82
Total #outliers: 461
Average Time: 44.003357719512195 ms
Peak memory: 0.0 MB
Time index, remove data from structure: 0.0014361320609756097
Time for querying: 0.0
Time for new slide: 0.035461600463414636
Time for expired slide: 0.00853909637804878
------------------------------------
Number clusters = 0.0
Max Number points in event queue = 0.0
Avg number points in clusters= 0.0
Avg Rmc size = 0.0
Avg Length exps= 0.0
#window: 83
Total #outliers: 326
Average Time: 44.65393922891566 ms
Peak memory: 0.0 MB
Time index, remove data from structure: 0.001451852108433735
Time for querying: 0.0
Time for new slide: 0.03584212886746988
Time for expired slide: 0.00880915226506024
------------------------------------
Number clusters = 0.0
Max Number points in event queue = 0.0
Avg number points in clusters= 0.0
Avg Rmc size = 0.0
Avg Length exps= 0.0
#window: 84
Total #outliers: 342
Average Time: 44.79677229761904 ms
Peak memory: 0.0 MB
Time index, remove data from structure: 0.0014534005833333333
Time for querying: 0.0
Time for new slide: 0.035948172535714286
Time for expired slide: 0.008845948916666665
------------------------------------
Number clusters = 0.0
Max Number points in event queue = 0.0
Avg number points in clusters= 0.0
Avg Rmc size = 0.0
Avg Length exps= 0.0
#window: 85
Total #outliers: 429
Average Time: 44.93335656470588 ms
Peak memory: 0.0 MB
Time index, remove data from structure: 0.0014549884117647058
Time for querying: 0.0
Time for new slide: 0.036060317811764706
Time for expired slide: 0.008870390317647059
------------------------------------
Number clusters = 0.0
Max Number points in event queue = 0.0
Avg number points in clusters= 0.0
Avg Rmc size = 0.0
Avg Length exps= 0.0
#window: 86
Total #outliers: 363
Average Time: 45.15020853488372 ms
Peak memory: 0.0 MB
Time index, remove data from structure: 0.0014550137441860466
Time for querying: 0.0
Time for new slide: 0.036181443476744186
Time for expired slide: 0.008966122848837209
------------------------------------
Number clusters = 0.0
Max Number points in event queue = 0.0
Avg number points in clusters= 0.0
Avg Rmc size = 0.0
Avg Length exps= 0.0
#window: 87
Total #outliers: 436
Average Time: 45.42220389655172 ms
Peak memory: 0.0 MB
Time index, remove data from structure: 0.0014540100574712644
Time for querying: 0.0
Time for new slide: 0.03638706288505747
Time for expired slide: 0.009032507574712644
------------------------------------
Number clusters = 0.0
Max Number points in event queue = 0.0
Avg number points in clusters= 0.0
Avg Rmc size = 0.0
Avg Length exps= 0.0
#window: 88
Total #outliers: 316
Average Time: 45.68398461363636 ms
Peak memory: 0.0 MB
Time index, remove data from structure: 0.001452915340909091
Time for querying: 0.0
Time for new slide: 0.03656803515909091
Time for expired slide: 0.009113318568181818
------------------------------------
Number clusters = 0.0
Max Number points in event queue = 0.0
Avg number points in clusters= 0.0
Avg Rmc size = 0.0
Avg Length exps= 0.0
#window: 89
Total #outliers: 246
Average Time: 45.76421341573033 ms
Peak memory: 0.0 MB
Time index, remove data from structure: 0.0014521544719101123
Time for querying: 0.0
Time for new slide: 0.036621672235955055
Time for expired slide: 0.00913991113483146
------------------------------------
Number clusters = 0.0
Max Number points in event queue = 0.0
Avg number points in clusters= 0.0
Avg Rmc size = 0.0
Avg Length exps= 0.0
#window: 90
Total #outliers: 427
Average Time: 45.76164487777777 ms
Peak memory: 0.0 MB
Time index, remove data from structure: 0.0014499255222222224
Time for querying: 0.0
Time for new slide: 0.03662564753333333
Time for expired slide: 0.009133375233333333
------------------------------------
Number clusters = 0.0
Max Number points in event queue = 0.0
Avg number points in clusters= 0.0
Avg Rmc size = 0.0
Avg Length exps= 0.0
#window: 91
Total #outliers: 337
Average Time: 45.791679098901085 ms
Peak memory: 0.0 MB
Time index, remove data from structure: 0.0014483391978021977
Time for querying: 0.0
Time for new slide: 0.036597242989010986
Time for expired slide: 0.009191822868131869
------------------------------------
Number clusters = 0.0
Max Number points in event queue = 0.0
Avg number points in clusters= 0.0
Avg Rmc size = 0.0
Avg Length exps= 0.0
#window: 92
Total #outliers: 370
Average Time: 45.66204182608695 ms
Peak memory: 0.0 MB
Time index, remove data from structure: 0.0014449841956521738
Time for querying: 0.0
Time for new slide: 0.03650503120652174
Time for expired slide: 0.009154406760869566
------------------------------------
Number clusters = 0.0
Max Number points in event queue = 0.0
Avg number points in clusters= 0.0
Avg Rmc size = 0.0
Avg Length exps= 0.0
#window: 93
Total #outliers: 448
Average Time: 45.585469064516126 ms
Peak memory: 0.0 MB
Time index, remove data from structure: 0.0014410653440860214
Time for querying: 0.0
Time for new slide: 0.03643669582795699
Time for expired slide: 0.009146178193548387
------------------------------------
Number clusters = 0.0
Max Number points in event queue = 0.0
Avg number points in clusters= 0.0
Avg Rmc size = 0.0
Avg Length exps= 0.0
#window: 94
Total #outliers: 446
Average Time: 45.5141349468085 ms
Peak memory: 0.0 MB
Time index, remove data from structure: 0.0014361645
Time for querying: 0.0
Time for new slide: 0.03638638193617021
Time for expired slide: 0.009125167117021276
------------------------------------
Number clusters = 0.0
Max Number points in event queue = 0.0
Avg number points in clusters= 0.0
Avg Rmc size = 0.0
Avg Length exps= 0.0
#window: 95
Total #outliers: 365
Average Time: 45.31530829473684 ms
Peak memory: 0.0 MB
Time index, remove data from structure: 0.0014318924842105264
Time for querying: 0.0
Time for new slide: 0.036226752599999995
Time for expired slide: 0.009085978505263157
------------------------------------
Number clusters = 0.0
Max Number points in event queue = 0.0
Avg number points in clusters= 0.0
Avg Rmc size = 0.0
Avg Length exps= 0.0
#window: 96
Total #outliers: 418
Average Time: 45.10111873958333 ms
Peak memory: 0.0 MB
Time index, remove data from structure: 0.0014290716145833333
Time for querying: 0.0
Time for new slide: 0.03604990639583334
Time for expired slide: 0.009048644635416667
------------------------------------
Number clusters = 0.0
Max Number points in event queue = 0.0
Avg number points in clusters= 0.0
Avg Rmc size = 0.0
Avg Length exps= 0.0
#window: 97
Total #outliers: 322
Average Time: 44.905417608247404 ms
Peak memory: 0.0 MB
Time index, remove data from structure: 0.0014246821340206186
Time for querying: 0.0
Time for new slide: 0.03590261954639175
Time for expired slide: 0.009000238134020618
------------------------------------
Number clusters = 0.0
Max Number points in event queue = 0.0
Avg number points in clusters= 0.0
Avg Rmc size = 0.0
Avg Length exps= 0.0
#window: 98
Total #outliers: 376
Average Time: 44.7254243265306 ms
Peak memory: 0.0 MB
Time index, remove data from structure: 0.001420069581632653
Time for querying: 0.0
Time for new slide: 0.03577038470408163
Time for expired slide: 0.008952489020408164
------------------------------------
Number clusters = 0.0
Max Number points in event queue = 0.0
Avg number points in clusters= 0.0
Avg Rmc size = 0.0
Avg Length exps= 0.0
#window: 99
Total #outliers: 267
Average Time: 44.560818939393926 ms
Peak memory: 0.0 MB
Time index, remove data from structure: 0.0014156173737373738
Time for querying: 0.0
Time for new slide: 0.0356490412929293
Time for expired slide: 0.008909236949494949
------------------------------------
Number clusters = 0.0
Max Number points in event queue = 0.0
Avg number points in clusters= 0.0
Avg Rmc size = 0.0
Avg Length exps= 0.0
#window: 100
Total #outliers: 300
Average Time: 44.49905882999999 ms
Peak memory: 0.0 MB
Time index, remove data from structure: 0.00141132165
Time for querying: 0.0
Time for new slide: 0.03563239291
Time for expired slide: 0.00886413495
------------------------------------
Number clusters = 0.0
Max Number points in event queue = 0.0
Avg number points in clusters= 0.0
Avg Rmc size = 0.0
Avg Length exps= 0.0
#window: 101
Total #outliers: 319
Average Time: 44.36804457425742 ms
Peak memory: 0.0 MB
Time index, remove data from structure: 0.0014072718712871287
Time for querying: 0.0
Time for new slide: 0.03555048908910891
Time for expired slide: 0.008815031722772277
------------------------------------
Number clusters = 0.0
Max Number points in event queue = 0.0
Avg number points in clusters= 0.0
Avg Rmc size = 0.0
Avg Length exps= 0.0
#window: 102
Total #outliers: 345
Average Time: 44.29965252941175 ms
Peak memory: 0.0 MB
Time index, remove data from structure: 0.0014038979019607841
Time for querying: 0.0
Time for new slide: 0.03552153419607843
Time for expired slide: 0.008775596990196078
------------------------------------
Number clusters = 0.0
Max Number points in event queue = 0.0
Avg number points in clusters= 0.0
Avg Rmc size = 0.0
Avg Length exps= 0.0
#window: 103
Total #outliers: 307
Average Time: 44.17772875728154 ms
Peak memory: 0.0 MB
Time index, remove data from structure: 0.001400702660194175
Time for querying: 0.0
Time for new slide: 0.035436874310679614
Time for expired slide: 0.008738330553398057
------------------------------------
Number clusters = 0.0
Max Number points in event queue = 0.0
Avg number points in clusters= 0.0
Avg Rmc size = 0.0
Avg Length exps= 0.0
#window: 104
Total #outliers: 251
Average Time: 44.100847211538444 ms
Peak memory: 0.0 MB
Time index, remove data from structure: 0.001397441769230769
Time for querying: 0.0
Time for new slide: 0.035401536153846155
Time for expired slide: 0.008696786538461539
------------------------------------
Number clusters = 0.0
Max Number points in event queue = 0.0
Avg number points in clusters= 0.0
Avg Rmc size = 0.0
Avg Length exps= 0.0
#window: 105
Total #outliers: 363
Average Time: 44.056764866666654 ms
Peak memory: 0.0 MB
Time index, remove data from structure: 0.0013950004761904761
Time for querying: 0.0
Time for new slide: 0.035400927104761906
Time for expired slide: 0.008653306457142856
------------------------------------
Number clusters = 0.0
Max Number points in event queue = 0.0
Avg number points in clusters= 0.0
Avg Rmc size = 0.0
Avg Length exps= 0.0
#window: 106
Total #outliers: 389
Average Time: 43.99859892452829 ms
Peak memory: 0.0 MB
Time index, remove data from structure: 0.0013916541320754716
Time for querying: 0.0
Time for new slide: 0.03538335191509434
Time for expired slide: 0.00861271570754717
------------------------------------
Number clusters = 0.0
Max Number points in event queue = 0.0
Avg number points in clusters= 0.0
Avg Rmc size = 0.0
Avg Length exps= 0.0
#window: 107
Total #outliers: 444
Average Time: 44.05639563551401 ms
Peak memory: 0.0 MB
Time index, remove data from structure: 0.0013892907943925234
Time for querying: 0.0
Time for new slide: 0.03546231944859813
Time for expired slide: 0.008591551598130841
------------------------------------
Number clusters = 0.0
Max Number points in event queue = 0.0
Avg number points in clusters= 0.0
Avg Rmc size = 0.0
Avg Length exps= 0.0
#window: 108
Total #outliers: 385
Average Time: 44.01015078703703 ms
Peak memory: 0.0 MB
Time index, remove data from structure: 0.0013865916574074073
Time for querying: 0.0
Time for new slide: 0.0354283637962963
Time for expired slide: 0.008579268925925925
------------------------------------
Number clusters = 0.0
Max Number points in event queue = 0.0
Avg number points in clusters= 0.0
Avg Rmc size = 0.0
Avg Length exps= 0.0
#window: 109
Total #outliers: 421
Average Time: 43.96844911009173 ms
Peak memory: 0.0 MB
Time index, remove data from structure: 0.0013846537064220186
Time for querying: 0.0
Time for new slide: 0.03538676039449541
Time for expired slide: 0.008579174752293578
------------------------------------
Number clusters = 0.0
Max Number points in event queue = 0.0
Avg number points in clusters= 0.0
Avg Rmc size = 0.0
Avg Length exps= 0.0
#window: 110
Total #outliers: 467
Average Time: 44.019174572727266 ms
Peak memory: 0.0 MB
Time index, remove data from structure: 0.0013831959545454544
Time for querying: 0.0
Time for new slide: 0.0354061469
Time for expired slide: 0.008610518836363636
------------------------------------
Number clusters = 0.0
Max Number points in event queue = 0.0
Avg number points in clusters= 0.0
Avg Rmc size = 0.0
Avg Length exps= 0.0
#window: 111
Total #outliers: 299
Average Time: 44.03096650450449 ms
Peak memory: 0.0 MB
Time index, remove data from structure: 0.0013801635135135136
Time for querying: 0.0
Time for new slide: 0.03544390932432433
Time for expired slide: 0.008584554702702703
------------------------------------
Number clusters = 0.0
Max Number points in event queue = 0.0
Avg number points in clusters= 0.0
Avg Rmc size = 0.0
Avg Length exps= 0.0
#window: 112
Total #outliers: 131
Average Time: 43.97107858928571 ms
Peak memory: 0.0 MB
Time index, remove data from structure: 0.0013783167589285716
Time for querying: 0.0
Time for new slide: 0.03539850494642857
Time for expired slide: 0.0085700775625
------------------------------------
Number clusters = 0.0
Max Number points in event queue = 0.0
Avg number points in clusters= 0.0
Avg Rmc size = 0.0
Avg Length exps= 0.0
#window: 113
Total #outliers: 121
Average Time: 43.93063280530973 ms
Peak memory: 0.0 MB
Time index, remove data from structure: 0.0013778044778761061
Time for querying: 0.0
Time for new slide: 0.035370464
Time for expired slide: 0.008557674486725663
------------------------------------
Number clusters = 0.0
Max Number points in event queue = 0.0
Avg number points in clusters= 0.0
Avg Rmc size = 0.0
Avg Length exps= 0.0
#window: 114
Total #outliers: 182
Average Time: 43.905960403508765 ms
Peak memory: 0.0 MB
Time index, remove data from structure: 0.001376374605263158
Time for querying: 0.0
Time for new slide: 0.03534660325438597
Time for expired slide: 0.008556867447368421
------------------------------------
Number clusters = 0.0
Max Number points in event queue = 0.0
Avg number points in clusters= 0.0
Avg Rmc size = 0.0
Avg Length exps= 0.0
#window: 115
Total #outliers: 215
Average Time: 43.90993671304347 ms
Peak memory: 0.0 MB
Time index, remove data from structure: 0.0013746649043478263
Time for querying: 0.0
Time for new slide: 0.03535753839130435
Time for expired slide: 0.00854991564347826
------------------------------------
Number clusters = 0.0
Max Number points in event queue = 0.0
Avg number points in clusters= 0.0
Avg Rmc size = 0.0
Avg Length exps= 0.0
#window: 116
Total #outliers: 314
Average Time: 43.839466318965506 ms
Peak memory: 0.0 MB
Time index, remove data from structure: 0.0013719203448275862
Time for querying: 0.0
Time for new slide: 0.03531554020689655
Time for expired slide: 0.008521448706896551
------------------------------------
Number clusters = 0.0
Max Number points in event queue = 0.0
Avg number points in clusters= 0.0
Avg Rmc size = 0.0
Avg Length exps= 0.0
#window: 117
Total #outliers: 345
Average Time: 43.80863697435897 ms
Peak memory: 0.0 MB
Time index, remove data from structure: 0.0013703828205128205
Time for querying: 0.0
Time for new slide: 0.03530443041025642
Time for expired slide: 0.008501735487179488
------------------------------------
Number clusters = 0.0
Max Number points in event queue = 0.0
Avg number points in clusters= 0.0
Avg Rmc size = 0.0
Avg Length exps= 0.0
#window: 118
Total #outliers: 312
Average Time: 43.76072252542372 ms
Peak memory: 0.0 MB
Time index, remove data from structure: 0.0013691024915254237
Time for querying: 0.0
Time for new slide: 0.035257446618644064
Time for expired slide: 0.008500811457627117
------------------------------------
Number clusters = 0.0
Max Number points in event queue = 0.0
Avg number points in clusters= 0.0
Avg Rmc size = 0.0
Avg Length exps= 0.0
#window: 119
Total #outliers: 373
Average Time: 43.661583739495796 ms
Peak memory: 0.0 MB
Time index, remove data from structure: 0.0013671731680672268
Time for querying: 0.0
Time for new slide: 0.03516908357983193
Time for expired slide: 0.008490041705882353
------------------------------------
Number clusters = 0.0
Max Number points in event queue = 0.0
Avg number points in clusters= 0.0
Avg Rmc size = 0.0
Avg Length exps= 0.0
#window: 120
Total #outliers: 305
Average Time: 43.53618013333333 ms
Peak memory: 0.0 MB
Time index, remove data from structure: 0.0013647493166666666
Time for querying: 0.0
Time for new slide: 0.035072071700000006
Time for expired slide: 0.008461655116666666
------------------------------------
Number clusters = 0.0
Max Number points in event queue = 0.0
Avg number points in clusters= 0.0
Avg Rmc size = 0.0
Avg Length exps= 0.0
#window: 121
Total #outliers: 241
Average Time: 43.43448766115703 ms
Peak memory: 0.0 MB
Time index, remove data from structure: 0.0013623158842975206
Time for querying: 0.0
Time for new slide: 0.03499074699173554
Time for expired slide: 0.008441294041322314
------------------------------------
Number clusters = 0.0
Max Number points in event queue = 0.0
Avg number points in clusters= 0.0
Avg Rmc size = 0.0
Avg Length exps= 0.0
#window: 122
Total #outliers: 213
Average Time: 43.37094718852458 ms
Peak memory: 0.0 MB
Time index, remove data from structure: 0.0013602442950819674
Time for querying: 0.0
Time for new slide: 0.03494577607377049
Time for expired slide: 0.00842272937704918
------------------------------------
Number clusters = 0.0
Max Number points in event queue = 0.0
Avg number points in clusters= 0.0
Avg Rmc size = 0.0
Avg Length exps= 0.0
#window: 123
Total #outliers: 155
Average Time: 43.25870826829268 ms
Peak memory: 0.0 MB
Time index, remove data from structure: 0.0013584640569105691
Time for querying: 0.0
Time for new slide: 0.03484227336585365
Time for expired slide: 0.008413996764227643
------------------------------------
Number clusters = 0.0
Max Number points in event queue = 0.0
Avg number points in clusters= 0.0
Avg Rmc size = 0.0
Avg Length exps= 0.0
#window: 124
Total #outliers: 222
Average Time: 43.139212491935474 ms
Peak memory: 0.0 MB
Time index, remove data from structure: 0.0013567512096774193
Time for querying: 0.0
Time for new slide: 0.03474204570967742
Time for expired slide: 0.008394733596774192
------------------------------------
Number clusters = 0.0
Max Number points in event queue = 0.0
Avg number points in clusters= 0.0
Avg Rmc size = 0.0
Avg Length exps= 0.0
#window: 125
Total #outliers: 191
Average Time: 43.01427383199999 ms
Peak memory: 0.0 MB
Time index, remove data from structure: 0.001354548464
Time for querying: 0.0
Time for new slide: 0.034643742328
Time for expired slide: 0.008368104248
------------------------------------
Number clusters = 0.0
Max Number points in event queue = 0.0
Avg number points in clusters= 0.0
Avg Rmc size = 0.0
Avg Length exps= 0.0
#window: 126
Total #outliers: 222
Average Time: 42.8771531984127 ms
Peak memory: 0.0 MB
Time index, remove data from structure: 0.001352017015873016
Time for querying: 0.0
Time for new slide: 0.03453405713492064
Time for expired slide: 0.008340674626984127
------------------------------------
Number clusters = 0.0
Max Number points in event queue = 0.0
Avg number points in clusters= 0.0
Avg Rmc size = 0.0
Avg Length exps= 0.0
#window: 127
Total #outliers: 262
Average Time: 42.78869607086614 ms
Peak memory: 0.0 MB
Time index, remove data from structure: 0.0013500595826771654
Time for querying: 0.0
Time for new slide: 0.034467451047244094
Time for expired slide: 0.008318825346456693
------------------------------------
Number clusters = 0.0
Max Number points in event queue = 0.0
Avg number points in clusters= 0.0
Avg Rmc size = 0.0
Avg Length exps= 0.0
#window: 128
Total #outliers: 265
Average Time: 42.695941156249994 ms
Peak memory: 0.0 MB
Time index, remove data from structure: 0.0013481259296875
Time for querying: 0.0
Time for new slide: 0.034394981453125
Time for expired slide: 0.0082985401875
------------------------------------
Number clusters = 0.0
Max Number points in event queue = 0.0
Avg number points in clusters= 0.0
Avg Rmc size = 0.0
Avg Length exps= 0.0
#window: 129
Total #outliers: 281
Average Time: 42.659746310077516 ms
Peak memory: 0.0 MB
Time index, remove data from structure: 0.001347014527131783
Time for querying: 0.0
Time for new slide: 0.03435067414728682
Time for expired slide: 0.008306652325581395
------------------------------------
Number clusters = 0.0
Max Number points in event queue = 0.0
Avg number points in clusters= 0.0
Avg Rmc size = 0.0
Avg Length exps= 0.0
#window: 130
Total #outliers: 288
Average Time: 42.62629722307692 ms
Peak memory: 0.0 MB
Time index, remove data from structure: 0.001346166476923077
Time for querying: 0.0
Time for new slide: 0.03431934326153847
Time for expired slide: 0.008304534615384615
------------------------------------
Number clusters = 0.0
Max Number points in event queue = 0.0
Avg number points in clusters= 0.0
Avg Rmc size = 0.0
Avg Length exps= 0.0
#window: 131
Total #outliers: 231
Average Time: 42.56526728244275 ms
Peak memory: 0.0 MB
Time index, remove data from structure: 0.0013443470076335878
Time for querying: 0.0
Time for new slide: 0.034281147679389314
Time for expired slide: 0.008281704190839694
------------------------------------
Number clusters = 0.0
Max Number points in event queue = 0.0
Avg number points in clusters= 0.0
Avg Rmc size = 0.0
Avg Length exps= 0.0
#window: 132
Total #outliers: 196
Average Time: 42.49614041666667 ms
Peak memory: 0.0 MB
Time index, remove data from structure: 0.001342731121212121
Time for querying: 0.0
Time for new slide: 0.03423832109090909
Time for expired slide: 0.008255408166666667
------------------------------------
Number clusters = 0.0
Max Number points in event queue = 0.0
Avg number points in clusters= 0.0
Avg Rmc size = 0.0
Avg Length exps= 0.0
#window: 133
Total #outliers: 230
Average Time: 42.45522106015037 ms
Peak memory: 0.0 MB
Time index, remove data from structure: 0.0013417034360902256
Time for querying: 0.0
Time for new slide: 0.034193320962406015
Time for expired slide: 0.008259489984962407
------------------------------------
Number clusters = 0.0
Max Number points in event queue = 0.0
Avg number points in clusters= 0.0
Avg Rmc size = 0.0
Avg Length exps= 0.0
#window: 134
Total #outliers: 223
Average Time: 42.509501611940294 ms
Peak memory: 0.0 MB
Time index, remove data from structure: 0.0013411141940298506
Time for querying: 0.0
Time for new slide: 0.034229141955223884
Time for expired slide: 0.008277950656716418
------------------------------------
Number clusters = 0.0
Max Number points in event queue = 0.0
Avg number points in clusters= 0.0
Avg Rmc size = 0.0
Avg Length exps= 0.0
#window: 135
Total #outliers: 254
Average Time: 42.533021659259255 ms
Peak memory: 0.0 MB
Time index, remove data from structure: 0.0013400892222222222
Time for querying: 0.0
Time for new slide: 0.034238396444444444
Time for expired slide: 0.008292216866666667
------------------------------------
Number clusters = 0.0
Max Number points in event queue = 0.0
Avg number points in clusters= 0.0
Avg Rmc size = 0.0
Avg Length exps= 0.0
#window: 136
Total #outliers: 312
Average Time: 42.56068108823529 ms
Peak memory: 0.0 MB
Time index, remove data from structure: 0.001339574588235294
Time for querying: 0.0
Time for new slide: 0.03424557022058823
Time for expired slide: 0.008312704330882353
------------------------------------
Number clusters = 0.0
Max Number points in event queue = 0.0
Avg number points in clusters= 0.0
Avg Rmc size = 0.0
Avg Length exps= 0.0
#window: 137
Total #outliers: 173
Average Time: 42.53542763503649 ms
Peak memory: 0.0 MB
Time index, remove data from structure: 0.0013389635839416059
Time for querying: 0.0
Time for new slide: 0.03421989215328467
Time for expired slide: 0.008313129642335767
------------------------------------
Number clusters = 0.0
Max Number points in event queue = 0.0
Avg number points in clusters= 0.0
Avg Rmc size = 0.0
Avg Length exps= 0.0
#window: 138
Total #outliers: 162
Average Time: 42.54771519565217 ms
Peak memory: 0.0 MB
Time index, remove data from structure: 0.0013387376739130434
Time for querying: 0.0
Time for new slide: 0.0342043908115942
Time for expired slide: 0.008340918007246378
------------------------------------
Number clusters = 0.0
Max Number points in event queue = 0.0
Avg number points in clusters= 0.0
Avg Rmc size = 0.0
Avg Length exps= 0.0
#window: 139
Total #outliers: 113
Average Time: 42.53923830215827 ms
Peak memory: 0.0 MB
Time index, remove data from structure: 0.0013377858992805755
Time for querying: 0.0
Time for new slide: 0.03418645148920863
Time for expired slide: 0.008350382230215827
------------------------------------
Number clusters = 0.0
Max Number points in event queue = 0.0
Avg number points in clusters= 0.0
Avg Rmc size = 0.0
Avg Length exps= 0.0
#window: 140
Total #outliers: 98
Average Time: 42.46417907142857 ms
Peak memory: 0.0 MB
Time index, remove data from structure: 0.0013369192142857142
Time for querying: 0.0
Time for new slide: 0.0341134375
Time for expired slide: 0.008348338557142856
------------------------------------
Number clusters = 0.0
Max Number points in event queue = 0.0
Avg number points in clusters= 0.0
Avg Rmc size = 0.0
Avg Length exps= 0.0
#window: 141
Total #outliers: 138
Average Time: 42.401885730496446 ms
Peak memory: 0.0 MB
Time index, remove data from structure: 0.0013356955248226949
Time for querying: 0.0
Time for new slide: 0.03405688979432624
Time for expired slide: 0.008342593262411347
------------------------------------
Number clusters = 0.0
Max Number points in event queue = 0.0
Avg number points in clusters= 0.0
Avg Rmc size = 0.0
Avg Length exps= 0.0
#window: 142
Total #outliers: 157
Average Time: 42.326700077464785 ms
Peak memory: 0.0 MB
Time index, remove data from structure: 0.0013349829366197182
Time for querying: 0.0
Time for new slide: 0.033988296718309864
Time for expired slide: 0.00833600114084507
------------------------------------
Number clusters = 0.0
Max Number points in event queue = 0.0
Avg number points in clusters= 0.0
Avg Rmc size = 0.0
Avg Length exps= 0.0
#window: 143
Total #outliers: 231
Average Time: 42.26882384615384 ms
Peak memory: 0.0 MB
Time index, remove data from structure: 0.0013342019020979022
Time for querying: 0.0
Time for new slide: 0.033934859461538465
Time for expired slide: 0.008331562181818183
------------------------------------
Number clusters = 0.0
Max Number points in event queue = 0.0
Avg number points in clusters= 0.0
Avg Rmc size = 0.0
Avg Length exps= 0.0
#window: 144
Total #outliers: 285
Average Time: 42.209587916666656 ms
Peak memory: 0.0 MB
Time index, remove data from structure: 0.0013328717916666665
Time for querying: 0.0
Time for new slide: 0.03389268093055556
Time for expired slide: 0.008314507430555555
------------------------------------
Number clusters = 0.0
Max Number points in event queue = 0.0
Avg number points in clusters= 0.0
Avg Rmc size = 0.0
Avg Length exps= 0.0
#window: 145
Total #outliers: 357
Average Time: 42.168388475862066 ms
Peak memory: 0.0 MB
Time index, remove data from structure: 0.001331531448275862
Time for querying: 0.0
Time for new slide: 0.03386314800689655
Time for expired slide: 0.00830284347586207
------------------------------------
Number clusters = 0.0
Max Number points in event queue = 0.0
Avg number points in clusters= 0.0
Avg Rmc size = 0.0
Avg Length exps= 0.0
#window: 146
Total #outliers: 383
Average Time: 42.19233710958903 ms
Peak memory: 0.0 MB
Time index, remove data from structure: 0.0013307101301369862
Time for querying: 0.0
Time for new slide: 0.03388289178767123
Time for expired slide: 0.008307048246575343
------------------------------------
Number clusters = 0.0
Max Number points in event queue = 0.0
Avg number points in clusters= 0.0
Avg Rmc size = 0.0
Avg Length exps= 0.0
#window: 147
Total #outliers: 385
Average Time: 42.211936326530605 ms
Peak memory: 0.0 MB
Time index, remove data from structure: 0.001329806612244898
Time for querying: 0.0
Time for new slide: 0.033916318054421773
Time for expired slide: 0.008293223897959185
------------------------------------
Number clusters = 0.0
Max Number points in event queue = 0.0
Avg number points in clusters= 0.0
Avg Rmc size = 0.0
Avg Length exps= 0.0
#window: 148
Total #outliers: 253
Average Time: 42.189743918918914 ms
Peak memory: 0.0 MB
Time index, remove data from structure: 0.0013278568040540541
Time for querying: 0.0
Time for new slide: 0.03391365092567568
Time for expired slide: 0.008273698344594595
------------------------------------
Number clusters = 0.0
Max Number points in event queue = 0.0
Avg number points in clusters= 0.0
Avg Rmc size = 0.0
Avg Length exps= 0.0
#window: 149
Total #outliers: 210
Average Time: 42.21719841610737 ms
Peak memory: 0.0 MB
Time index, remove data from structure: 0.0013270460738255033
Time for querying: 0.0
Time for new slide: 0.03394180075838926
Time for expired slide: 0.008273004020134228
------------------------------------
Number clusters = 0.0
Max Number points in event queue = 0.0
Avg number points in clusters= 0.0
Avg Rmc size = 0.0
Avg Length exps= 0.0
#window: 150
Total #outliers: 228
Average Time: 42.20950257999999 ms
Peak memory: 0.0 MB
Time index, remove data from structure: 0.0013262725066666666
Time for querying: 0.0
Time for new slide: 0.03394155172666667
Time for expired slide: 0.008265555186666667
------------------------------------
Number clusters = 0.0
Max Number points in event queue = 0.0
Avg number points in clusters= 0.0
Avg Rmc size = 0.0
Avg Length exps= 0.0
#window: 151
Total #outliers: 409
Average Time: 42.27330042384104 ms
Peak memory: 0.0 MB
Time index, remove data from structure: 0.0013251564437086092
Time for querying: 0.0
Time for new slide: 0.0340236823178808
Time for expired slide: 0.008247222841059602
------------------------------------
Number clusters = 0.0
Max Number points in event queue = 0.0
Avg number points in clusters= 0.0
Avg Rmc size = 0.0
Avg Length exps= 0.0
#window: 152
Total #outliers: 391
Average Time: 42.34765913815789 ms
Peak memory: 0.0 MB
Time index, remove data from structure: 0.0013243185065789475
Time for querying: 0.0
Time for new slide: 0.034085154085526315
Time for expired slide: 0.008260108453947368
------------------------------------
Number clusters = 0.0
Max Number points in event queue = 0.0
Avg number points in clusters= 0.0
Avg Rmc size = 0.0
Avg Length exps= 0.0
#window: 153
Total #outliers: 290
Average Time: 42.35901252941175 ms
Peak memory: 0.0 MB
Time index, remove data from structure: 0.0013239828300653594
Time for querying: 0.0
Time for new slide: 0.034088494549019605
Time for expired slide: 0.008268120947712418
------------------------------------
Number clusters = 0.0
Max Number points in event queue = 0.0
Avg number points in clusters= 0.0
Avg Rmc size = 0.0
Avg Length exps= 0.0
#window: 154
Total #outliers: 315
Average Time: 42.38951687662337 ms
Peak memory: 0.0 MB
Time index, remove data from structure: 0.0013231896688311688
Time for querying: 0.0
Time for new slide: 0.03410702634415584
Time for expired slide: 0.008280093
------------------------------------
Number clusters = 0.0
Max Number points in event queue = 0.0
Avg number points in clusters= 0.0
Avg Rmc size = 0.0
Avg Length exps= 0.0
#window: 155
Total #outliers: 444
Average Time: 42.49756327096773 ms
Peak memory: 0.0 MB
Time index, remove data from structure: 0.0013226978516129033
Time for querying: 0.0
Time for new slide: 0.03419999971612903
Time for expired slide: 0.008295161787096775
------------------------------------
Number clusters = 0.0
Max Number points in event queue = 0.0
Avg number points in clusters= 0.0
Avg Rmc size = 0.0
Avg Length exps= 0.0
#window: 156
Total #outliers: 497
Average Time: 42.66329058333332 ms
Peak memory: 0.0 MB
Time index, remove data from structure: 0.0013236513076923077
Time for querying: 0.0
Time for new slide: 0.03435928110897436
Time for expired slide: 0.008301607006410257
------------------------------------
Number clusters = 0.0
Max Number points in event queue = 0.0
Avg number points in clusters= 0.0
Avg Rmc size = 0.0
Avg Length exps= 0.0
#window: 157
Total #outliers: 531
Average Time: 42.764393936305716 ms
Peak memory: 0.0 MB
Time index, remove data from structure: 0.001323374
Time for querying: 0.0
Time for new slide: 0.03445649332484076
Time for expired slide: 0.008305501127388535
------------------------------------
Number clusters = 0.0
Max Number points in event queue = 0.0
Avg number points in clusters= 0.0
Avg Rmc size = 0.0
Avg Length exps= 0.0
#window: 158
Total #outliers: 541
Average Time: 42.91255142405062 ms
Peak memory: 0.0 MB
Time index, remove data from structure: 0.0013230205253164558
Time for querying: 0.0
Time for new slide: 0.03460455692405063
Time for expired slide: 0.008305597297468355
------------------------------------
Number clusters = 0.0
Max Number points in event queue = 0.0
Avg number points in clusters= 0.0
Avg Rmc size = 0.0
Avg Length exps= 0.0
#window: 159
Total #outliers: 487
Average Time: 43.012807616352184 ms
Peak memory: 0.0 MB
Time index, remove data from structure: 0.0013220183584905661
Time for querying: 0.0
Time for new slide: 0.034701042232704406
Time for expired slide: 0.008309368150943398
------------------------------------
Number clusters = 0.0
Max Number points in event queue = 0.0
Avg number points in clusters= 0.0
Avg Rmc size = 0.0
Avg Length exps= 0.0
#window: 160
Total #outliers: 429
Average Time: 43.065190106249986 ms
Peak memory: 0.0 MB
Time index, remove data from structure: 0.00132185063125
Time for querying: 0.0
Time for new slide: 0.0347400077
Time for expired slide: 0.0083227879125
------------------------------------
Number clusters = 0.0
Max Number points in event queue = 0.0
Avg number points in clusters= 0.0
Avg Rmc size = 0.0
Avg Length exps= 0.0
#window: 161
Total #outliers: 465
Average Time: 43.201630086956506 ms
Peak memory: 0.0 MB
Time index, remove data from structure: 0.0013215250559006212
Time for querying: 0.0
Time for new slide: 0.03486695154037267
Time for expired slide: 0.008332286285714285
------------------------------------
Number clusters = 0.0
Max Number points in event queue = 0.0
Avg number points in clusters= 0.0
Avg Rmc size = 0.0
Avg Length exps= 0.0
#window: 162
Total #outliers: 325
Average Time: 43.18990330246912 ms
Peak memory: 0.0 MB
Time index, remove data from structure: 0.0013205788518518518
Time for querying: 0.0
Time for new slide: 0.034866145555555554
Time for expired slide: 0.008321368172839506
------------------------------------
Number clusters = 0.0
Max Number points in event queue = 0.0
Avg number points in clusters= 0.0
Avg Rmc size = 0.0
Avg Length exps= 0.0
#window: 163
Total #outliers: 391
Average Time: 43.21063034969323 ms
Peak memory: 0.0 MB
Time index, remove data from structure: 0.0013197678588957055
Time for querying: 0.0
Time for new slide: 0.034905769521472396
Time for expired slide: 0.008302471515337424
------------------------------------
Number clusters = 0.0
Max Number points in event queue = 0.0
Avg number points in clusters= 0.0
Avg Rmc size = 0.0
Avg Length exps= 0.0
#window: 164
Total #outliers: 490
Average Time: 43.23245380487803 ms
Peak memory: 0.0 MB
Time index, remove data from structure: 0.0013182909207317072
Time for querying: 0.0
Time for new slide: 0.03494709657317073
Time for expired slide: 0.008282971091463415
------------------------------------
Number clusters = 0.0
Max Number points in event queue = 0.0
Avg number points in clusters= 0.0
Avg Rmc size = 0.0
Avg Length exps= 0.0
#window: 165
Total #outliers: 448
Average Time: 43.28709407272725 ms
Peak memory: 0.0 MB
Time index, remove data from structure: 0.0013170587575757576
Time for querying: 0.0
Time for new slide: 0.03500490383030303
Time for expired slide: 0.008279806175757576
------------------------------------
Number clusters = 0.0
Max Number points in event queue = 0.0
Avg number points in clusters= 0.0
Avg Rmc size = 0.0
Avg Length exps= 0.0
#window: 166
Total #outliers: 392
Average Time: 43.30143742771082 ms
Peak memory: 0.0 MB
Time index, remove data from structure: 0.0013163638493975903
Time for querying: 0.0
Time for new slide: 0.03501530493373494
Time for expired slide: 0.008283753307228916
------------------------------------
Number clusters = 0.0
Max Number points in event queue = 0.0
Avg number points in clusters= 0.0
Avg Rmc size = 0.0
Avg Length exps= 0.0
#window: 167
Total #outliers: 403
Average Time: 43.33923220359279 ms
Peak memory: 0.0 MB
Time index, remove data from structure: 0.0013156892874251497
Time for querying: 0.0
Time for new slide: 0.035051420443113775
Time for expired slide: 0.00828543405988024
------------------------------------
Number clusters = 0.0
Max Number points in event queue = 0.0
Avg number points in clusters= 0.0
Avg Rmc size = 0.0
Avg Length exps= 0.0
#window: 168
Total #outliers: 465
Average Time: 43.39168238095236 ms
Peak memory: 0.0 MB
Time index, remove data from structure: 0.0013148512916666666
Time for querying: 0.0
Time for new slide: 0.035111228083333335
Time for expired slide: 0.008278079916666667
------------------------------------
Number clusters = 0.0
Max Number points in event queue = 0.0
Avg number points in clusters= 0.0
Avg Rmc size = 0.0
Avg Length exps= 0.0
#window: 169
Total #outliers: 425
Average Time: 43.46933811834318 ms
Peak memory: 0.0 MB
Time index, remove data from structure: 0.0013139173964497042
Time for querying: 0.0
Time for new slide: 0.03518506552662722
Time for expired slide: 0.008281899792899408
------------------------------------
Number clusters = 0.0
Max Number points in event queue = 0.0
Avg number points in clusters= 0.0
Avg Rmc size = 0.0
Avg Length exps= 0.0
#window: 170
Total #outliers: 489
Average Time: 43.518850999999984 ms
Peak memory: 0.0 MB
Time index, remove data from structure: 0.0013127142235294118
Time for querying: 0.0
Time for new slide: 0.03523463295882353
Time for expired slide: 0.008281847282352942
------------------------------------
Number clusters = 0.0
Max Number points in event queue = 0.0
Avg number points in clusters= 0.0
Avg Rmc size = 0.0
Avg Length exps= 0.0
#window: 171
Total #outliers: 460
Average Time: 43.556553058479516 ms
Peak memory: 0.0 MB
Time index, remove data from structure: 0.001312028239766082
Time for querying: 0.0
Time for new slide: 0.035273529315789476
Time for expired slide: 0.008280657286549708
------------------------------------
Number clusters = 0.0
Max Number points in event queue = 0.0
Avg number points in clusters= 0.0
Avg Rmc size = 0.0
Avg Length exps= 0.0
#window: 172
Total #outliers: 488
Average Time: 43.53363326744184 ms
Peak memory: 0.0 MB
Time index, remove data from structure: 0.001310670081395349
Time for querying: 0.0
Time for new slide: 0.03526838830232558
Time for expired slide: 0.008262879994186047
------------------------------------
Number clusters = 0.0
Max Number points in event queue = 0.0
Avg number points in clusters= 0.0
Avg Rmc size = 0.0
Avg Length exps= 0.0
#window: 173
Total #outliers: 556
Average Time: 43.48851863005779 ms
Peak memory: 0.0 MB
Time index, remove data from structure: 0.0013094627572254334
Time for querying: 0.0
Time for new slide: 0.035228788849710986
Time for expired slide: 0.008257369369942197
------------------------------------
Number clusters = 0.0
Max Number points in event queue = 0.0
Avg number points in clusters= 0.0
Avg Rmc size = 0.0
Avg Length exps= 0.0
#window: 174
Total #outliers: 420
Average Time: 43.427317522988496 ms
Peak memory: 0.0 MB
Time index, remove data from structure: 0.0013081704310344828
Time for querying: 0.0
Time for new slide: 0.03518952753448276
Time for expired slide: 0.00823543241954023
------------------------------------
Number clusters = 0.0
Max Number points in event queue = 0.0
Avg number points in clusters= 0.0
Avg Rmc size = 0.0
Avg Length exps= 0.0
#window: 175
Total #outliers: 365
Average Time: 43.35494315999998 ms
Peak memory: 0.0 MB
Time index, remove data from structure: 0.0013062453942857143
Time for querying: 0.0
Time for new slide: 0.03514187920571429
Time for expired slide: 0.008210710194285714
------------------------------------
Number clusters = 0.0
Max Number points in event queue = 0.0
Avg number points in clusters= 0.0
Avg Rmc size = 0.0
Avg Length exps= 0.0
#window: 176
Total #outliers: 439
Average Time: 43.38894430113635 ms
Peak memory: 0.0 MB
Time index, remove data from structure: 0.0013050200625
Time for querying: 0.0
Time for new slide: 0.035187709607954545
Time for expired slide: 0.0081988844375
------------------------------------
Number clusters = 0.0
Max Number points in event queue = 0.0
Avg number points in clusters= 0.0
Avg Rmc size = 0.0
Avg Length exps= 0.0
#window: 177
Total #outliers: 359
Average Time: 43.5671091016949 ms
Peak memory: 0.0 MB
Time index, remove data from structure: 0.001303973463276836
Time for querying: 0.0
Time for new slide: 0.035364246463276836
Time for expired slide: 0.008200514440677967
------------------------------------
Number clusters = 0.0
Max Number points in event queue = 0.0
Avg number points in clusters= 0.0
Avg Rmc size = 0.0
Avg Length exps= 0.0
#window: 178
Total #outliers: 283
Average Time: 43.59667550561796 ms
Peak memory: 0.0 MB
Time index, remove data from structure: 0.0013031092078651686
Time for querying: 0.0
Time for new slide: 0.035381997848314604
Time for expired slide: 0.008212332
------------------------------------
Number clusters = 0.0
Max Number points in event queue = 0.0
Avg number points in clusters= 0.0
Avg Rmc size = 0.0
Avg Length exps= 0.0
#window: 179
Total #outliers: 278
Average Time: 43.57343631284915 ms
Peak memory: 0.0 MB
Time index, remove data from structure: 0.0013031396201117317
Time for querying: 0.0
Time for new slide: 0.035355879916201115
Time for expired slide: 0.008215212022346369
------------------------------------
Number clusters = 0.0
Max Number points in event queue = 0.0
Avg number points in clusters= 0.0
Avg Rmc size = 0.0
Avg Length exps= 0.0
#window: 180
Total #outliers: 341
Average Time: 43.63941089444443 ms
Peak memory: 0.0 MB
Time index, remove data from structure: 0.001302655572222222
Time for querying: 0.0
Time for new slide: 0.0354094318
Time for expired slide: 0.008227635305555555
------------------------------------
Number clusters = 0.0
Max Number points in event queue = 0.0
Avg number points in clusters= 0.0
Avg Rmc size = 0.0
Avg Length exps= 0.0
#window: 181
Total #outliers: 450
Average Time: 43.876549530386725 ms
Peak memory: 0.0 MB
Time index, remove data from structure: 0.001304204497237569
Time for querying: 0.0
Time for new slide: 0.03561787135359116
Time for expired slide: 0.008256333751381215
------------------------------------
Number clusters = 0.0
Max Number points in event queue = 0.0
Avg number points in clusters= 0.0
Avg Rmc size = 0.0
Avg Length exps= 0.0
#window: 182
Total #outliers: 465
Average Time: 44.142422664835145 ms
Peak memory: 0.0 MB
Time index, remove data from structure: 0.0013056619065934067
Time for querying: 0.0
Time for new slide: 0.03585570124725274
Time for expired slide: 0.00828437656043956
------------------------------------
Number clusters = 0.0
Max Number points in event queue = 0.0
Avg number points in clusters= 0.0
Avg Rmc size = 0.0
Avg Length exps= 0.0
#window: 183
Total #outliers: 460
Average Time: 44.31831806010928 ms
Peak memory: 0.0 MB
Time index, remove data from structure: 0.0013072680109289618
Time for querying: 0.0
Time for new slide: 0.03600751130601093
Time for expired slide: 0.00830845968306011
------------------------------------
Number clusters = 0.0
Max Number points in event queue = 0.0
Avg number points in clusters= 0.0
Avg Rmc size = 0.0
Avg Length exps= 0.0
#window: 184
Total #outliers: 376
Average Time: 44.54414916847824 ms
Peak memory: 0.0 MB
Time index, remove data from structure: 0.0013090243586956522
Time for querying: 0.0
Time for new slide: 0.03618038149456522
Time for expired slide: 0.00836141994021739
------------------------------------
Number clusters = 0.0
Max Number points in event queue = 0.0
Avg number points in clusters= 0.0
Avg Rmc size = 0.0
Avg Length exps= 0.0
#window: 185
Total #outliers: 404
Average Time: 44.70702645405404 ms
Peak memory: 0.0 MB
Time index, remove data from structure: 0.0013104531567567567
Time for querying: 0.0
Time for new slide: 0.03632374674594594
Time for expired slide: 0.008380932945945945
------------------------------------
Number clusters = 0.0
Max Number points in event queue = 0.0
Avg number points in clusters= 0.0
Avg Rmc size = 0.0
Avg Length exps= 0.0
#window: 186
Total #outliers: 411
Average Time: 44.8667299784946 ms
Peak memory: 0.0 MB
Time index, remove data from structure: 0.0013116420806451614
Time for querying: 0.0
Time for new slide: 0.03644875452150538
Time for expired slide: 0.008415628198924732
------------------------------------
Number clusters = 0.0
Max Number points in event queue = 0.0
Avg number points in clusters= 0.0
Avg Rmc size = 0.0
Avg Length exps= 0.0
#window: 187
Total #outliers: 311
Average Time: 44.98111770053474 ms
Peak memory: 0.0 MB
Time index, remove data from structure: 0.0013121774171122994
Time for querying: 0.0
Time for new slide: 0.03653727629946524
Time for expired slide: 0.008441495540106952
------------------------------------
Number clusters = 0.0
Max Number points in event queue = 0.0
Avg number points in clusters= 0.0
Avg Rmc size = 0.0
Avg Length exps= 0.0
#window: 188
Total #outliers: 276
Average Time: 45.06317804255317 ms
Peak memory: 0.0 MB
Time index, remove data from structure: 0.001312825505319149
Time for querying: 0.0
Time for new slide: 0.036608390904255314
Time for expired slide: 0.008452443117021277
------------------------------------
Number clusters = 0.0
Max Number points in event queue = 0.0
Avg number points in clusters= 0.0
Avg Rmc size = 0.0
Avg Length exps= 0.0
#window: 189
Total #outliers: 365
Average Time: 45.144681772486756 ms
Peak memory: 0.0 MB
Time index, remove data from structure: 0.001313868343915344
Time for querying: 0.0
Time for new slide: 0.03669237821693122
Time for expired slide: 0.00844996156084656
------------------------------------
Number clusters = 0.0
Max Number points in event queue = 0.0
Avg number points in clusters= 0.0
Avg Rmc size = 0.0
Avg Length exps= 0.0
#window: 190
Total #outliers: 329
Average Time: 45.319100694736825 ms
Peak memory: 0.0 MB
Time index, remove data from structure: 0.001313971905263158
Time for querying: 0.0
Time for new slide: 0.03685542028947368
Time for expired slide: 0.008461337210526316
------------------------------------
Number clusters = 0.0
Max Number points in event queue = 0.0
Avg number points in clusters= 0.0
Avg Rmc size = 0.0
Avg Length exps= 0.0
#window: 191
Total #outliers: 309
Average Time: 45.44525663350783 ms
Peak memory: 0.0 MB
Time index, remove data from structure: 0.0013152421518324608
Time for querying: 0.0
Time for new slide: 0.03695392578010471
Time for expired slide: 0.008488990502617802
------------------------------------
Number clusters = 0.0
Max Number points in event queue = 0.0
Avg number points in clusters= 0.0
Avg Rmc size = 0.0
Avg Length exps= 0.0
#window: 192
Total #outliers: 329
Average Time: 45.70316428645832 ms
Peak memory: 0.0 MB
Time index, remove data from structure: 0.0013175437708333332
Time for querying: 0.0
Time for new slide: 0.037176403484375
Time for expired slide: 0.008524421973958333
------------------------------------
Number clusters = 0.0
Max Number points in event queue = 0.0
Avg number points in clusters= 0.0
Avg Rmc size = 0.0
Avg Length exps= 0.0
#window: 193
Total #outliers: 334
Average Time: 45.96848708290154 ms
Peak memory: 0.0 MB
Time index, remove data from structure: 0.00132108492746114
Time for querying: 0.0
Time for new slide: 0.03741491670984456
Time for expired slide: 0.008551231658031087
------------------------------------
Number clusters = 0.0
Max Number points in event queue = 0.0
Avg number points in clusters= 0.0
Avg Rmc size = 0.0
Avg Length exps= 0.0
#window: 194
Total #outliers: 325
Average Time: 46.02433101546391 ms
Peak memory: 0.0 MB
Time index, remove data from structure: 0.0013226747731958763
Time for querying: 0.0
Time for new slide: 0.037458898912371134
Time for expired slide: 0.008563093407216496
------------------------------------
Number clusters = 0.0
Max Number points in event queue = 0.0
Avg number points in clusters= 0.0
Avg Rmc size = 0.0
Avg Length exps= 0.0
#window: 195
Total #outliers: 263
Average Time: 46.07514387692307 ms
Peak memory: 0.0 MB
Time index, remove data from structure: 0.0013231614564102564
Time for querying: 0.0
Time for new slide: 0.037500761353846154
Time for expired slide: 0.008572044923076923
------------------------------------
Number clusters = 0.0
Max Number points in event queue = 0.0
Avg number points in clusters= 0.0
Avg Rmc size = 0.0
Avg Length exps= 0.0
#window: 196
Total #outliers: 320
Average Time: 46.11956646938775 ms
Peak memory: 0.0 MB
Time index, remove data from structure: 0.0013231577346938775
Time for querying: 0.0
Time for new slide: 0.03754327544897959
Time for expired slide: 0.00857395568367347
------------------------------------
Number clusters = 0.0
Max Number points in event queue = 0.0
Avg number points in clusters= 0.0
Avg Rmc size = 0.0
Avg Length exps= 0.0
#window: 197
Total #outliers: 295
Average Time: 46.16145970050761 ms
Peak memory: 0.0 MB
Time index, remove data from structure: 0.0013224882030456852
Time for querying: 0.0
Time for new slide: 0.0375781250964467
Time for expired slide: 0.008581001558375633
------------------------------------
Number clusters = 0.0
Max Number points in event queue = 0.0
Avg number points in clusters= 0.0
Avg Rmc size = 0.0
Avg Length exps= 0.0
#window: 198
Total #outliers: 257
Average Time: 46.183245954545455 ms
Peak memory: 0.0 MB
Time index, remove data from structure: 0.0013226016717171715
Time for querying: 0.0
Time for new slide: 0.037600138484848486
Time for expired slide: 0.00858077440909091
------------------------------------
Number clusters = 0.0
Max Number points in event queue = 0.0
Avg number points in clusters= 0.0
Avg Rmc size = 0.0
Avg Length exps= 0.0
#window: 199
Total #outliers: 318
Average Time: 46.235748678391964 ms
Peak memory: 0.0 MB
Time index, remove data from structure: 0.0013222936683417086
Time for querying: 0.0
Time for new slide: 0.03764667439698492
Time for expired slide: 0.00858674291959799
------------------------------------
Number clusters = 0.0
Max Number points in event queue = 0.0
Avg number points in clusters= 0.0
Avg Rmc size = 0.0
Avg Length exps= 0.0
#window: 200
Total #outliers: 317
Average Time: 46.24284705 ms
Peak memory: 0.0 MB
Time index, remove data from structure: 0.00132190997
Time for querying: 0.0
Time for new slide: 0.03765143096
Time for expired slide: 0.00858908565
------------------------------------
Number clusters = 0.0
Max Number points in event queue = 0.0
Avg number points in clusters= 0.0
Avg Rmc size = 0.0
Avg Length exps= 0.0
#window: 201
Total #outliers: 335
Average Time: 46.21711464676617 ms
Peak memory: 0.0 MB
Time index, remove data from structure: 0.001321392686567164
Time for querying: 0.0
Time for new slide: 0.03762604054228856
Time for expired slide: 0.008588745278606964
------------------------------------
Number clusters = 0.0
Max Number points in event queue = 0.0
Avg number points in clusters= 0.0
Avg Rmc size = 0.0
Avg Length exps= 0.0
#window: 202
Total #outliers: 368
Average Time: 46.19558457425743 ms
Peak memory: 0.0 MB
Time index, remove data from structure: 0.0013208261435643564
Time for querying: 0.0
Time for new slide: 0.03760774183168317
Time for expired slide: 0.00858551595049505
------------------------------------
Number clusters = 0.0
Max Number points in event queue = 0.0
Avg number points in clusters= 0.0
Avg Rmc size = 0.0
Avg Length exps= 0.0
#window: 203
Total #outliers: 419
Average Time: 46.2459074729064 ms
Peak memory: 0.0 MB
Time index, remove data from structure: 0.001320063679802956
Time for querying: 0.0
Time for new slide: 0.03764544552709359
Time for expired slide: 0.00859813872906404
------------------------------------
Number clusters = 0.0
Max Number points in event queue = 0.0
Avg number points in clusters= 0.0
Avg Rmc size = 0.0
Avg Length exps= 0.0
#window: 204
Total #outliers: 341
Average Time: 46.232751200980395 ms
Peak memory: 0.0 MB
Time index, remove data from structure: 0.0013191797156862745
Time for querying: 0.0
Time for new slide: 0.03761620096078431
Time for expired slide: 0.008614228955882352
------------------------------------
Number clusters = 0.0
Max Number points in event queue = 0.0
Avg number points in clusters= 0.0
Avg Rmc size = 0.0
Avg Length exps= 0.0
#window: 205
Total #outliers: 295
Average Time: 46.192433458536584 ms
Peak memory: 0.0 MB
Time index, remove data from structure: 0.0013182489121951221
Time for querying: 0.0
Time for new slide: 0.037573838048780485
Time for expired slide: 0.008616275717073171
------------------------------------
Number clusters = 0.0
Max Number points in event queue = 0.0
Avg number points in clusters= 0.0
Avg Rmc size = 0.0
Avg Length exps= 0.0
#window: 206
Total #outliers: 328
Average Time: 46.2228564368932 ms
Peak memory: 0.0 MB
Time index, remove data from structure: 0.0013178477281553399
Time for querying: 0.0
Time for new slide: 0.037603381
Time for expired slide: 0.008617153106796116
------------------------------------
Number clusters = 0.0
Max Number points in event queue = 0.0
Avg number points in clusters= 0.0
Avg Rmc size = 0.0
Avg Length exps= 0.0
#window: 207
Total #outliers: 368
Average Time: 46.34066985024155 ms
Peak memory: 0.0 MB
Time index, remove data from structure: 0.0013187462077294686
Time for querying: 0.0
Time for new slide: 0.03770972845410628
Time for expired slide: 0.008628616130434783
------------------------------------
Number clusters = 0.0
Max Number points in event queue = 0.0
Avg number points in clusters= 0.0
Avg Rmc size = 0.0
Avg Length exps= 0.0
#window: 208
Total #outliers: 392
Average Time: 46.45692529807692 ms
Peak memory: 0.0 MB
Time index, remove data from structure: 0.0013192926586538462
Time for querying: 0.0
Time for new slide: 0.03780571122596154
Time for expired slide: 0.0086488878125
------------------------------------
Number clusters = 0.0
Max Number points in event queue = 0.0
Avg number points in clusters= 0.0
Avg Rmc size = 0.0
Avg Length exps= 0.0
Peak memory: 59.28472137451172 MB
Average CPU time: 46.45692529807692 ms
