#window: 1
Total #outliers: 391
Average Time: 0.0 ms
Peak memory: 0.0 MB
Time index, remove data from structure: 0.0
Time for querying: 0.0
Time for new slide: 0.0
Time for expired slide: 0.0
------------------------------------
Number clusters = 0.0
Max Number points in event queue = 0.0
Avg number points in clusters= 0.0
Avg Rmc size = 0.0
Avg Length exps= 0.0
#window: 2
Total #outliers: 383
Average Time: 38.7501395 ms
Peak memory: 0.0 MB
Time index, remove data from structure: 0.0015237515
Time for querying: 0.0
Time for new slide: 0.034362186
Time for expired slide: 0.004385764
------------------------------------
Number clusters = 0.0
Max Number points in event queue = 0.0
Avg number points in clusters= 0.0
Avg Rmc size = 0.0
Avg Length exps= 0.0
#window: 3
Total #outliers: 359
Average Time: 45.87089566666667 ms
Peak memory: 0.0 MB
Time index, remove data from structure: 0.001648821
Time for querying: 0.0
Time for new slide: 0.04090418466666667
Time for expired slide: 0.004964116
------------------------------------
Number clusters = 0.0
Max Number points in event queue = 0.0
Avg number points in clusters= 0.0
Avg Rmc size = 0.0
Avg Length exps= 0.0
#window: 4
Total #outliers: 339
Average Time: 52.50158375 ms
Peak memory: 0.0 MB
Time index, remove data from structure: 0.0017577125
Time for querying: 0.0
Time for new slide: 0.04728135375
Time for expired slide: 0.005217549
------------------------------------
Number clusters = 0.0
Max Number points in event queue = 0.0
Avg number points in clusters= 0.0
Avg Rmc size = 0.0
Avg Length exps= 0.0
#window: 5
Total #outliers: 330
Average Time: 59.66264640000001 ms
Peak memory: 0.0 MB
Time index, remove data from structure: 0.0018213436
Time for querying: 0.0
Time for new slide: 0.05433164619999999
Time for expired slide: 0.005328265
------------------------------------
Number clusters = 0.0
Max Number points in event queue = 0.0
Avg number points in clusters= 0.0
Avg Rmc size = 0.0
Avg Length exps= 0.0
#window: 6
Total #outliers: 345
Average Time: 66.8387075 ms
Peak memory: 0.0 MB
Time index, remove data from structure: 0.0019800704999999997
Time for querying: 0.0
Time for new slide: 0.05978827466666667
Time for expired slide: 0.007047658666666667
------------------------------------
Number clusters = 0.0
Max Number points in event queue = 0.0
Avg number points in clusters= 0.0
Avg Rmc size = 0.0
Avg Length exps= 0.0
#window: 7
Total #outliers: 332
Average Time: 70.6346452857143 ms
Peak memory: 0.0 MB
Time index, remove data from structure: 0.0020297617142857145
Time for querying: 0.0
Time for new slide: 0.06341785785714285
Time for expired slide: 0.007213797571428571
------------------------------------
Number clusters = 0.0
Max Number points in event queue = 0.0
Avg number points in clusters= 0.0
Avg Rmc size = 0.0
Avg Length exps= 0.0
#window: 8
Total #outliers: 332
Average Time: 73.71607300000001 ms
Peak memory: 0.0 MB
Time index, remove data from structure: 0.002046211125
Time for querying: 0.0
Time for new slide: 0.06663315275
Time for expired slide: 0.00707982175
------------------------------------
Number clusters = 0.0
Max Number points in event queue = 0.0
Avg number points in clusters= 0.0
Avg Rmc size = 0.0
Avg Length exps= 0.0
#window: 9
Total #outliers: 320
Average Time: 75.59512111111113 ms
Peak memory: 0.0 MB
Time index, remove data from structure: 0.0020745702222222224
Time for querying: 0.0
Time for new slide: 0.06860857422222222
Time for expired slide: 0.006983421666666666
------------------------------------
Number clusters = 0.0
Max Number points in event queue = 0.0
Avg number points in clusters= 0.0
Avg Rmc size = 0.0
Avg Length exps= 0.0
#window: 10
Total #outliers: 331
Average Time: 75.7327618 ms
Peak memory: 0.0 MB
Time index, remove data from structure: 0.0020824958
Time for querying: 0.0
Time for new slide: 0.0688497007
Time for expired slide: 0.0068799738
------------------------------------
Number clusters = 0.0
Max Number points in event queue = 0.0
Avg number points in clusters= 0.0
Avg Rmc size = 0.0
Avg Length exps= 0.0
#window: 11
Total #outliers: 317
Average Time: 76.8962520909091 ms
Peak memory: 0.0 MB
Time index, remove data from structure: 0.002071528090909091
Time for querying: 0.0
Time for new slide: 0.07013138963636363
Time for expired slide: 0.006761781272727272
------------------------------------
Number clusters = 0.0
Max Number points in event queue = 0.0
Avg number points in clusters= 0.0
Avg Rmc size = 0.0
Avg Length exps= 0.0
#window: 12
Total #outliers: 340
Average Time: 78.67070883333334 ms
Peak memory: 0.0 MB
Time index, remove data from structure: 0.0020888336666666668
Time for querying: 0.0
Time for new slide: 0.07141522341666666
Time for expired slide: 0.007252422333333334
------------------------------------
Number clusters = 0.0
Max Number points in event queue = 0.0
Avg number points in clusters= 0.0
Avg Rmc size = 0.0
Avg Length exps= 0.0
#window: 13
Total #outliers: 379
Average Time: 79.63851476923077 ms
Peak memory: 0.0 MB
Time index, remove data from structure: 0.0020891347692307692
Time for querying: 0.0
Time for new slide: 0.07229708061538462
Time for expired slide: 0.007338363923076923
------------------------------------
Number clusters = 0.0
Max Number points in event queue = 0.0
Avg number points in clusters= 0.0
Avg Rmc size = 0.0
Avg Length exps= 0.0
#window: 14
Total #outliers: 374
Average Time: 79.05384800000002 ms
Peak memory: 0.0 MB
Time index, remove data from structure: 0.002102295
Time for querying: 0.0
Time for new slide: 0.07155441914285714
Time for expired slide: 0.007496280785714285
------------------------------------
Number clusters = 0.0
Max Number points in event queue = 0.0
Avg number points in clusters= 0.0
Avg Rmc size = 0.0
Avg Length exps= 0.0
#window: 15
Total #outliers: 347
Average Time: 77.9540012 ms
Peak memory: 0.0 MB
Time index, remove data from structure: 0.0021069279333333336
Time for querying: 0.0
Time for new slide: 0.07056491059999999
Time for expired slide: 0.007385234866666667
------------------------------------
Number clusters = 0.0
Max Number points in event queue = 0.0
Avg number points in clusters= 0.0
Avg Rmc size = 0.0
Avg Length exps= 0.0
#window: 16
Total #outliers: 330
Average Time: 76.98329331250001 ms
Peak memory: 0.0 MB
Time index, remove data from structure: 0.00211004725
Time for querying: 0.0
Time for new slide: 0.0697143430625
Time for expired slide: 0.00726512175
------------------------------------
Number clusters = 0.0
Max Number points in event queue = 0.0
Avg number points in clusters= 0.0
Avg Rmc size = 0.0
Avg Length exps= 0.0
#window: 17
Total #outliers: 329
Average Time: 76.00399505882353 ms
Peak memory: 0.0 MB
Time index, remove data from structure: 0.0021095101176470585
Time for querying: 0.0
Time for new slide: 0.06884370947058824
Time for expired slide: 0.0071565067058823525
------------------------------------
Number clusters = 0.0
Max Number points in event queue = 0.0
Avg number points in clusters= 0.0
Avg Rmc size = 0.0
Avg Length exps= 0.0
#window: 18
Total #outliers: 302
Average Time: 75.24537483333334 ms
Peak memory: 0.0 MB
Time index, remove data from structure: 0.0020992961111111113
Time for querying: 0.0
Time for new slide: 0.06820319872222222
Time for expired slide: 0.007038409555555555
------------------------------------
Number clusters = 0.0
Max Number points in event queue = 0.0
Avg number points in clusters= 0.0
Avg Rmc size = 0.0
Avg Length exps= 0.0
#window: 19
Total #outliers: 291
Average Time: 74.61037800000001 ms
Peak memory: 0.0 MB
Time index, remove data from structure: 0.0020954314210526316
Time for querying: 0.0
Time for new slide: 0.06766510221052631
Time for expired slide: 0.006941540947368421
------------------------------------
Number clusters = 0.0
Max Number points in event queue = 0.0
Avg number points in clusters= 0.0
Avg Rmc size = 0.0
Avg Length exps= 0.0
#window: 20
Total #outliers: 298
Average Time: 74.54577240000002 ms
Peak memory: 0.0 MB
Time index, remove data from structure: 0.00209484135
Time for querying: 0.0
Time for new slide: 0.06756400339999999
Time for expired slide: 0.00697805985
------------------------------------
Number clusters = 0.0
Max Number points in event queue = 0.0
Avg number points in clusters= 0.0
Avg Rmc size = 0.0
Avg Length exps= 0.0
#window: 21
Total #outliers: 283
Average Time: 74.66397633333334 ms
Peak memory: 0.0 MB
Time index, remove data from structure: 0.002082388619047619
Time for querying: 0.0
Time for new slide: 0.0677739951904762
Time for expired slide: 0.0068862949047619046
------------------------------------
Number clusters = 0.0
Max Number points in event queue = 0.0
Avg number points in clusters= 0.0
Avg Rmc size = 0.0
Avg Length exps= 0.0
#window: 22
Total #outliers: 320
Average Time: 74.98633345454547 ms
Peak memory: 0.0 MB
Time index, remove data from structure: 0.0020863761818181816
Time for querying: 0.0
Time for new slide: 0.06805982986363636
Time for expired slide: 0.0069228539545454545
------------------------------------
Number clusters = 0.0
Max Number points in event queue = 0.0
Avg number points in clusters= 0.0
Avg Rmc size = 0.0
Avg Length exps= 0.0
#window: 23
Total #outliers: 339
Average Time: 75.59412708695653 ms
Peak memory: 0.0 MB
Time index, remove data from structure: 0.002090764652173913
Time for querying: 0.0
Time for new slide: 0.06871493004347826
Time for expired slide: 0.006875557391304348
------------------------------------
Number clusters = 0.0
Max Number points in event queue = 0.0
Avg number points in clusters= 0.0
Avg Rmc size = 0.0
Avg Length exps= 0.0
#window: 24
Total #outliers: 378
Average Time: 76.47142908333333 ms
Peak memory: 0.0 MB
Time index, remove data from structure: 0.00209219325
Time for querying: 0.0
Time for new slide: 0.06954998670833333
Time for expired slide: 0.006917557666666667
------------------------------------
Number clusters = 0.0
Max Number points in event queue = 0.0
Avg number points in clusters= 0.0
Avg Rmc size = 0.0
Avg Length exps= 0.0
#window: 25
Total #outliers: 391
Average Time: 77.31339964 ms
Peak memory: 0.0 MB
Time index, remove data from structure: 0.002100763
Time for querying: 0.0
Time for new slide: 0.07034896576
Time for expired slide: 0.00696058904
------------------------------------
Number clusters = 0.0
Max Number points in event queue = 0.0
Avg number points in clusters= 0.0
Avg Rmc size = 0.0
Avg Length exps= 0.0
#window: 26
Total #outliers: 378
Average Time: 78.42008892307693 ms
Peak memory: 0.0 MB
Time index, remove data from structure: 0.002099041
Time for querying: 0.0
Time for new slide: 0.07141061023076924
Time for expired slide: 0.0070056677692307695
------------------------------------
Number clusters = 0.0
Max Number points in event queue = 0.0
Avg number points in clusters= 0.0
Avg Rmc size = 0.0
Avg Length exps= 0.0
#window: 27
Total #outliers: 362
Average Time: 79.3372546666667 ms
Peak memory: 0.0 MB
Time index, remove data from structure: 0.002093252888888889
Time for querying: 0.0
Time for new slide: 0.07240593177777778
Time for expired slide: 0.006927551555555555
------------------------------------
Number clusters = 0.0
Max Number points in event queue = 0.0
Avg number points in clusters= 0.0
Avg Rmc size = 0.0
Avg Length exps= 0.0
#window: 28
Total #outliers: 278
Average Time: 80.1510130357143 ms
Peak memory: 0.0 MB
Time index, remove data from structure: 0.002100843035714286
Time for querying: 0.0
Time for new slide: 0.07312829332142858
Time for expired slide: 0.007018987321428571
------------------------------------
Number clusters = 0.0
Max Number points in event queue = 0.0
Avg number points in clusters= 0.0
Avg Rmc size = 0.0
Avg Length exps= 0.0
#window: 29
Total #outliers: 263
Average Time: 81.00919768965518 ms
Peak memory: 0.0 MB
Time index, remove data from structure: 0.0021032987586206897
Time for querying: 0.0
Time for new slide: 0.07402467534482758
Time for expired slide: 0.006980818448275862
------------------------------------
Number clusters = 0.0
Max Number points in event queue = 0.0
Avg number points in clusters= 0.0
Avg Rmc size = 0.0
Avg Length exps= 0.0
#window: 30
Total #outliers: 249
Average Time: 81.89326133333334 ms
Peak memory: 0.0 MB
Time index, remove data from structure: 0.0021132953
Time for querying: 0.0
Time for new slide: 0.07484524126666667
Time for expired slide: 0.007044343266666667
------------------------------------
Number clusters = 0.0
Max Number points in event queue = 0.0
Avg number points in clusters= 0.0
Avg Rmc size = 0.0
Avg Length exps= 0.0
#window: 31
Total #outliers: 224
Average Time: 82.82985996774194 ms
Peak memory: 0.0 MB
Time index, remove data from structure: 0.0021198547096774193
Time for querying: 0.0
Time for new slide: 0.07576732722580645
Time for expired slide: 0.007058899870967742
------------------------------------
Number clusters = 0.0
Max Number points in event queue = 0.0
Avg number points in clusters= 0.0
Avg Rmc size = 0.0
Avg Length exps= 0.0
#window: 32
Total #outliers: 211
Average Time: 83.78228634375002 ms
Peak memory: 0.0 MB
Time index, remove data from structure: 0.0021250725625
Time for querying: 0.0
Time for new slide: 0.07675231534375
Time for expired slide: 0.00702636384375
------------------------------------
Number clusters = 0.0
Max Number points in event queue = 0.0
Avg number points in clusters= 0.0
Avg Rmc size = 0.0
Avg Length exps= 0.0
#window: 33
Total #outliers: 245
Average Time: 84.90230421212122 ms
Peak memory: 0.0 MB
Time index, remove data from structure: 0.002128872181818182
Time for querying: 0.0
Time for new slide: 0.07790416412121212
Time for expired slide: 0.006994562363636364
------------------------------------
Number clusters = 0.0
Max Number points in event queue = 0.0
Avg number points in clusters= 0.0
Avg Rmc size = 0.0
Avg Length exps= 0.0
#window: 34
Total #outliers: 306
Average Time: 85.78814826470591 ms
Peak memory: 0.0 MB
Time index, remove data from structure: 0.002128136117647059
Time for querying: 0.0
Time for new slide: 0.07885379205882354
Time for expired slide: 0.006930811117647059
------------------------------------
Number clusters = 0.0
Max Number points in event queue = 0.0
Avg number points in clusters= 0.0
Avg Rmc size = 0.0
Avg Length exps= 0.0
#window: 35
Total #outliers: 290
Average Time: 86.07910694285715 ms
Peak memory: 0.0 MB
Time index, remove data from structure: 0.002122417342857143
Time for querying: 0.0
Time for new slide: 0.07920434771428571
Time for expired slide: 0.006871228399999999
------------------------------------
Number clusters = 0.0
Max Number points in event queue = 0.0
Avg number points in clusters= 0.0
Avg Rmc size = 0.0
Avg Length exps= 0.0
#window: 36
Total #outliers: 326
Average Time: 86.74618827777779 ms
Peak memory: 0.0 MB
Time index, remove data from structure: 0.002122405972222222
Time for querying: 0.0
Time for new slide: 0.07986470633333334
Time for expired slide: 0.0068779718055555555
------------------------------------
Number clusters = 0.0
Max Number points in event queue = 0.0
Avg number points in clusters= 0.0
Avg Rmc size = 0.0
Avg Length exps= 0.0
#window: 37
Total #outliers: 319
Average Time: 87.45979432432433 ms
Peak memory: 0.0 MB
Time index, remove data from structure: 0.0021225603243243242
Time for querying: 0.0
Time for new slide: 0.08058225289189189
Time for expired slide: 0.006874043081081081
------------------------------------
Number clusters = 0.0
Max Number points in event queue = 0.0
Avg number points in clusters= 0.0
Avg Rmc size = 0.0
Avg Length exps= 0.0
#window: 38
Total #outliers: 330
Average Time: 88.37735255263159 ms
Peak memory: 0.0 MB
Time index, remove data from structure: 0.0021233706052631576
Time for querying: 0.0
Time for new slide: 0.08153839289473684
Time for expired slide: 0.006835452342105263
------------------------------------
Number clusters = 0.0
Max Number points in event queue = 0.0
Avg number points in clusters= 0.0
Avg Rmc size = 0.0
Avg Length exps= 0.0
#window: 39
Total #outliers: 326
Average Time: 89.25846902564103 ms
Peak memory: 0.0 MB
Time index, remove data from structure: 0.002124381487179487
Time for querying: 0.0
Time for new slide: 0.08245320564102564
Time for expired slide: 0.006801767051282051
------------------------------------
Number clusters = 0.0
Max Number points in event queue = 0.0
Avg number points in clusters= 0.0
Avg Rmc size = 0.0
Avg Length exps= 0.0
#window: 40
Total #outliers: 373
Average Time: 89.91261097500002 ms
Peak memory: 0.0 MB
Time index, remove data from structure: 0.0021269301
Time for querying: 0.0
Time for new slide: 0.083137185525
Time for expired slide: 0.00677192335
------------------------------------
Number clusters = 0.0
Max Number points in event queue = 0.0
Avg number points in clusters= 0.0
Avg Rmc size = 0.0
Avg Length exps= 0.0
#window: 41
Total #outliers: 403
Average Time: 90.58392751219515 ms
Peak memory: 0.0 MB
Time index, remove data from structure: 0.0021326455853658537
Time for querying: 0.0
Time for new slide: 0.08375713014634147
Time for expired slide: 0.006823298414634146
------------------------------------
Number clusters = 0.0
Max Number points in event queue = 0.0
Avg number points in clusters= 0.0
Avg Rmc size = 0.0
Avg Length exps= 0.0
#window: 42
Total #outliers: 433
Average Time: 91.42020811904763 ms
Peak memory: 0.0 MB
Time index, remove data from structure: 0.0021414101428571426
Time for querying: 0.0
Time for new slide: 0.0845683235952381
Time for expired slide: 0.0068483815952380955
------------------------------------
Number clusters = 0.0
Max Number points in event queue = 0.0
Avg number points in clusters= 0.0
Avg Rmc size = 0.0
Avg Length exps= 0.0
#window: 43
Total #outliers: 481
Average Time: 92.27714393023258 ms
Peak memory: 0.0 MB
Time index, remove data from structure: 0.0021434263023255816
Time for querying: 0.0
Time for new slide: 0.08539303837209303
Time for expired slide: 0.006880621837209302
------------------------------------
Number clusters = 0.0
Max Number points in event queue = 0.0
Avg number points in clusters= 0.0
Avg Rmc size = 0.0
Avg Length exps= 0.0
#window: 44
Total #outliers: 440
Average Time: 92.96633709090911 ms
Peak memory: 0.0 MB
Time index, remove data from structure: 0.002147749681818182
Time for querying: 0.0
Time for new slide: 0.08609055020454547
Time for expired slide: 0.0068723025
------------------------------------
Number clusters = 0.0
Max Number points in event queue = 0.0
Avg number points in clusters= 0.0
Avg Rmc size = 0.0
Avg Length exps= 0.0
#window: 45
Total #outliers: 425
Average Time: 93.60413037777779 ms
Peak memory: 0.0 MB
Time index, remove data from structure: 0.002149012377777778
Time for querying: 0.0
Time for new slide: 0.0867248206
Time for expired slide: 0.006875836466666666
------------------------------------
Number clusters = 0.0
Max Number points in event queue = 0.0
Avg number points in clusters= 0.0
Avg Rmc size = 0.0
Avg Length exps= 0.0
#window: 46
Total #outliers: 414
Average Time: 94.26833926086958 ms
Peak memory: 0.0 MB
Time index, remove data from structure: 0.002152636304347826
Time for querying: 0.0
Time for new slide: 0.08740367152173913
Time for expired slide: 0.006861199565217391
------------------------------------
Number clusters = 0.0
Max Number points in event queue = 0.0
Avg number points in clusters= 0.0
Avg Rmc size = 0.0
Avg Length exps= 0.0
#window: 47
Total #outliers: 352
Average Time: 94.73749110638299 ms
Peak memory: 0.0 MB
Time index, remove data from structure: 0.002155393531914894
Time for querying: 0.0
Time for new slide: 0.0878899484042553
Time for expired slide: 0.006844071297872341
------------------------------------
Number clusters = 0.0
Max Number points in event queue = 0.0
Avg number points in clusters= 0.0
Avg Rmc size = 0.0
Avg Length exps= 0.0
#window: 48
Total #outliers: 337
Average Time: 95.20796837500001 ms
Peak memory: 0.0 MB
Time index, remove data from structure: 0.0021551131875
Time for querying: 0.0
Time for new slide: 0.08838324591666667
Time for expired slide: 0.006821251187499999
------------------------------------
Number clusters = 0.0
Max Number points in event queue = 0.0
Avg number points in clusters= 0.0
Avg Rmc size = 0.0
Avg Length exps= 0.0
#window: 49
Total #outliers: 278
Average Time: 95.83754779591837 ms
Peak memory: 0.0 MB
Time index, remove data from structure: 0.0021532194081632654
Time for querying: 0.0
Time for new slide: 0.08903773573469388
Time for expired slide: 0.006796349
------------------------------------
Number clusters = 0.0
Max Number points in event queue = 0.0
Avg number points in clusters= 0.0
Avg Rmc size = 0.0
Avg Length exps= 0.0
#window: 50
Total #outliers: 399
Average Time: 96.06773492 ms
Peak memory: 0.0 MB
Time index, remove data from structure: 0.00215398568
Time for querying: 0.0
Time for new slide: 0.08928330672
Time for expired slide: 0.00678097004
------------------------------------
Number clusters = 0.0
Max Number points in event queue = 0.0
Avg number points in clusters= 0.0
Avg Rmc size = 0.0
Avg Length exps= 0.0
#window: 51
Total #outliers: 457
Average Time: 95.81554047058823 ms
Peak memory: 0.0 MB
Time index, remove data from structure: 0.002153607823529412
Time for querying: 0.0
Time for new slide: 0.08904420731372549
Time for expired slide: 0.006767885745098039
------------------------------------
Number clusters = 0.0
Max Number points in event queue = 0.0
Avg number points in clusters= 0.0
Avg Rmc size = 0.0
Avg Length exps= 0.0
#window: 52
Total #outliers: 436
Average Time: 95.21142557692306 ms
Peak memory: 0.0 MB
Time index, remove data from structure: 0.002152454846153846
Time for querying: 0.0
Time for new slide: 0.08845803051923078
Time for expired slide: 0.006749964115384616
------------------------------------
Number clusters = 0.0
Max Number points in event queue = 0.0
Avg number points in clusters= 0.0
Avg Rmc size = 0.0
Avg Length exps= 0.0
#window: 53
Total #outliers: 429
Average Time: 94.42974056603772 ms
Peak memory: 0.0 MB
Time index, remove data from structure: 0.0021505157735849057
Time for querying: 0.0
Time for new slide: 0.08769178764150944
Time for expired slide: 0.006734540207547169
------------------------------------
Number clusters = 0.0
Max Number points in event queue = 0.0
Avg number points in clusters= 0.0
Avg Rmc size = 0.0
Avg Length exps= 0.0
#window: 54
Total #outliers: 366
Average Time: 93.6331034074074 ms
Peak memory: 0.0 MB
Time index, remove data from structure: 0.0021469913703703702
Time for querying: 0.0
Time for new slide: 0.08691231057407407
Time for expired slide: 0.0067173955
------------------------------------
Number clusters = 0.0
Max Number points in event queue = 0.0
Avg number points in clusters= 0.0
Avg Rmc size = 0.0
Avg Length exps= 0.0
#window: 55
Total #outliers: 420
Average Time: 92.83325090909092 ms
Peak memory: 0.0 MB
Time index, remove data from structure: 0.002140087090909091
Time for querying: 0.0
Time for new slide: 0.0861392719090909
Time for expired slide: 0.006690592836363636
------------------------------------
Number clusters = 0.0
Max Number points in event queue = 0.0
Avg number points in clusters= 0.0
Avg Rmc size = 0.0
Avg Length exps= 0.0
#window: 56
Total #outliers: 385
Average Time: 92.21982830357143 ms
Peak memory: 0.0 MB
Time index, remove data from structure: 0.0021332286964285715
Time for querying: 0.0
Time for new slide: 0.08554691158928572
Time for expired slide: 0.006669543875
------------------------------------
Number clusters = 0.0
Max Number points in event queue = 0.0
Avg number points in clusters= 0.0
Avg Rmc size = 0.0
Avg Length exps= 0.0
#window: 57
Total #outliers: 321
Average Time: 91.61277224561404 ms
Peak memory: 0.0 MB
Time index, remove data from structure: 0.002125637
Time for querying: 0.0
Time for new slide: 0.08496494212280703
Time for expired slide: 0.006644466473684211
------------------------------------
Number clusters = 0.0
Max Number points in event queue = 0.0
Avg number points in clusters= 0.0
Avg Rmc size = 0.0
Avg Length exps= 0.0
#window: 58
Total #outliers: 307
Average Time: 91.1708845689655 ms
Peak memory: 0.0 MB
Time index, remove data from structure: 0.002117797879310345
Time for querying: 0.0
Time for new slide: 0.08455023629310345
Time for expired slide: 0.0066173011379310346
------------------------------------
Number clusters = 0.0
Max Number points in event queue = 0.0
Avg number points in clusters= 0.0
Avg Rmc size = 0.0
Avg Length exps= 0.0
#window: 59
Total #outliers: 483
Average Time: 90.95192493220338 ms
Peak memory: 0.0 MB
Time index, remove data from structure: 0.0021119566779661016
Time for querying: 0.0
Time for new slide: 0.0843391659661017
Time for expired slide: 0.006609424542372881
------------------------------------
Number clusters = 0.0
Max Number points in event queue = 0.0
Avg number points in clusters= 0.0
Avg Rmc size = 0.0
Avg Length exps= 0.0
#window: 60
Total #outliers: 389
Average Time: 91.10718893333332 ms
Peak memory: 0.0 MB
Time index, remove data from structure: 0.0021029059333333333
Time for querying: 0.0
Time for new slide: 0.08450307251666667
Time for expired slide: 0.006600782383333333
------------------------------------
Number clusters = 0.0
Max Number points in event queue = 0.0
Avg number points in clusters= 0.0
Avg Rmc size = 0.0
Avg Length exps= 0.0
#window: 61
Total #outliers: 310
Average Time: 90.96342183606556 ms
Peak memory: 0.0 MB
Time index, remove data from structure: 0.002094655606557377
Time for querying: 0.0
Time for new slide: 0.08436718011475411
Time for expired slide: 0.006592919262295082
------------------------------------
Number clusters = 0.0
Max Number points in event queue = 0.0
Avg number points in clusters= 0.0
Avg Rmc size = 0.0
Avg Length exps= 0.0
#window: 62
Total #outliers: 314
Average Time: 90.71467632258064 ms
Peak memory: 0.0 MB
Time index, remove data from structure: 0.0020881883387096774
Time for querying: 0.0
Time for new slide: 0.08413382793548387
Time for expired slide: 0.006577531112903225
------------------------------------
Number clusters = 0.0
Max Number points in event queue = 0.0
Avg number points in clusters= 0.0
Avg Rmc size = 0.0
Avg Length exps= 0.0
#window: 63
Total #outliers: 321
Average Time: 90.61276198412696 ms
Peak memory: 0.0 MB
Time index, remove data from structure: 0.0020957670952380953
Time for querying: 0.0
Time for new slide: 0.0839198855873016
Time for expired slide: 0.006689565777777778
------------------------------------
Number clusters = 0.0
Max Number points in event queue = 0.0
Avg number points in clusters= 0.0
Avg Rmc size = 0.0
Avg Length exps= 0.0
#window: 64
Total #outliers: 446
Average Time: 90.56563742187498 ms
Peak memory: 0.0 MB
Time index, remove data from structure: 0.002104024609375
Time for querying: 0.0
Time for new slide: 0.083792220703125
Time for expired slide: 0.0067701073125
------------------------------------
Number clusters = 0.0
Max Number points in event queue = 0.0
Avg number points in clusters= 0.0
Avg Rmc size = 0.0
Avg Length exps= 0.0
#window: 65
Total #outliers: 418
Average Time: 90.39405879999998 ms
Peak memory: 0.0 MB
Time index, remove data from structure: 0.0021089235692307693
Time for querying: 0.0
Time for new slide: 0.08359210633846154
Time for expired slide: 0.006798642
------------------------------------
Number clusters = 0.0
Max Number points in event queue = 0.0
Avg number points in clusters= 0.0
Avg Rmc size = 0.0
Avg Length exps= 0.0
#window: 66
Total #outliers: 439
Average Time: 90.23873901515151 ms
Peak memory: 0.0 MB
Time index, remove data from structure: 0.002107013590909091
Time for querying: 0.0
Time for new slide: 0.08341079322727274
Time for expired slide: 0.0068246395
------------------------------------
Number clusters = 0.0
Max Number points in event queue = 0.0
Avg number points in clusters= 0.0
Avg Rmc size = 0.0
Avg Length exps= 0.0
#window: 67
Total #outliers: 447
Average Time: 90.17098843283581 ms
Peak memory: 0.0 MB
Time index, remove data from structure: 0.0020984748507462685
Time for querying: 0.0
Time for new slide: 0.08335460110447762
Time for expired slide: 0.00681308676119403
------------------------------------
Number clusters = 0.0
Max Number points in event queue = 0.0
Avg number points in clusters= 0.0
Avg Rmc size = 0.0
Avg Length exps= 0.0
#window: 68
Total #outliers: 451
Average Time: 90.28045226470589 ms
Peak memory: 0.0 MB
Time index, remove data from structure: 0.0020904177941176473
Time for querying: 0.0
Time for new slide: 0.08347436936764706
Time for expired slide: 0.006802785588235293
------------------------------------
Number clusters = 0.0
Max Number points in event queue = 0.0
Avg number points in clusters= 0.0
Avg Rmc size = 0.0
Avg Length exps= 0.0
#window: 69
Total #outliers: 452
Average Time: 90.40171913043478 ms
Peak memory: 0.0 MB
Time index, remove data from structure: 0.0020831046811594202
Time for querying: 0.0
Time for new slide: 0.08360604472463769
Time for expired slide: 0.006792387579710145
------------------------------------
Number clusters = 0.0
Max Number points in event queue = 0.0
Avg number points in clusters= 0.0
Avg Rmc size = 0.0
Avg Length exps= 0.0
#window: 70
Total #outliers: 472
Average Time: 90.48374042857144 ms
Peak memory: 0.0 MB
Time index, remove data from structure: 0.0020812858714285717
Time for querying: 0.0
Time for new slide: 0.08360991821428572
Time for expired slide: 0.006870536871428572
------------------------------------
Number clusters = 0.0
Max Number points in event queue = 0.0
Avg number points in clusters= 0.0
Avg Rmc size = 0.0
Avg Length exps= 0.0
#window: 71
Total #outliers: 484
Average Time: 90.41300532394365 ms
Peak memory: 0.0 MB
Time index, remove data from structure: 0.002070184
Time for querying: 0.0
Time for new slide: 0.08354729863380282
Time for expired slide: 0.006862419535211268
------------------------------------
Number clusters = 0.0
Max Number points in event queue = 0.0
Avg number points in clusters= 0.0
Avg Rmc size = 0.0
Avg Length exps= 0.0
#window: 72
Total #outliers: 496
Average Time: 90.41265423611111 ms
Peak memory: 0.0 MB
Time index, remove data from structure: 0.0020599943194444443
Time for querying: 0.0
Time for new slide: 0.08355205404166667
Time for expired slide: 0.006857316666666667
------------------------------------
Number clusters = 0.0
Max Number points in event queue = 0.0
Avg number points in clusters= 0.0
Avg Rmc size = 0.0
Avg Length exps= 0.0
#window: 73
Total #outliers: 504
Average Time: 90.05157850684932 ms
Peak memory: 0.0 MB
Time index, remove data from structure: 0.002050571095890411
Time for querying: 0.0
Time for new slide: 0.08319601878082192
Time for expired slide: 0.006852280561643836
------------------------------------
Number clusters = 0.0
Max Number points in event queue = 0.0
Avg number points in clusters= 0.0
Avg Rmc size = 0.0
Avg Length exps= 0.0
#window: 74
Total #outliers: 509
Average Time: 89.49725247297297 ms
Peak memory: 0.0 MB
Time index, remove data from structure: 0.0020406754864864866
Time for querying: 0.0
Time for new slide: 0.08264929901351352
Time for expired slide: 0.006844685648648649
------------------------------------
Number clusters = 0.0
Max Number points in event queue = 0.0
Avg number points in clusters= 0.0
Avg Rmc size = 0.0
Avg Length exps= 0.0
#window: 75
Total #outliers: 465
Average Time: 89.00566714666668 ms
Peak memory: 0.0 MB
Time index, remove data from structure: 0.00203287496
Time for querying: 0.0
Time for new slide: 0.08216626122666666
Time for expired slide: 0.006836143653333333
------------------------------------
Number clusters = 0.0
Max Number points in event queue = 0.0
Avg number points in clusters= 0.0
Avg Rmc size = 0.0
Avg Length exps= 0.0
#window: 76
Total #outliers: 308
Average Time: 88.54405868421053 ms
Peak memory: 0.0 MB
Time index, remove data from structure: 0.0020280739342105262
Time for querying: 0.0
Time for new slide: 0.0817178547763158
Time for expired slide: 0.006822949184210526
------------------------------------
Number clusters = 0.0
Max Number points in event queue = 0.0
Avg number points in clusters= 0.0
Avg Rmc size = 0.0
Avg Length exps= 0.0
#window: 77
Total #outliers: 318
Average Time: 88.18171812987013 ms
Peak memory: 0.0 MB
Time index, remove data from structure: 0.002019902194805195
Time for querying: 0.0
Time for new slide: 0.08137491384415585
Time for expired slide: 0.006803562207792207
------------------------------------
Number clusters = 0.0
Max Number points in event queue = 0.0
Avg number points in clusters= 0.0
Avg Rmc size = 0.0
Avg Length exps= 0.0
#window: 78
Total #outliers: 346
Average Time: 87.84503444871795 ms
Peak memory: 0.0 MB
Time index, remove data from structure: 0.002012397333333333
Time for querying: 0.0
Time for new slide: 0.08104999838461538
Time for expired slide: 0.006791791935897436
------------------------------------
Number clusters = 0.0
Max Number points in event queue = 0.0
Avg number points in clusters= 0.0
Avg Rmc size = 0.0
Avg Length exps= 0.0
#window: 79
Total #outliers: 343
Average Time: 87.60117636708861 ms
Peak memory: 0.0 MB
Time index, remove data from structure: 0.0020052024556962023
Time for querying: 0.0
Time for new slide: 0.08078376196202532
Time for expired slide: 0.006814177341772152
------------------------------------
Number clusters = 0.0
Max Number points in event queue = 0.0
Avg number points in clusters= 0.0
Avg Rmc size = 0.0
Avg Length exps= 0.0
#window: 80
Total #outliers: 354
Average Time: 87.71021900000001 ms
Peak memory: 0.0 MB
Time index, remove data from structure: 0.0020102363375
Time for querying: 0.0
Time for new slide: 0.08066225368749999
Time for expired slide: 0.007044726449999999
------------------------------------
Number clusters = 0.0
Max Number points in event queue = 0.0
Avg number points in clusters= 0.0
Avg Rmc size = 0.0
Avg Length exps= 0.0
#window: 81
Total #outliers: 596
Average Time: 87.68462354320988 ms
Peak memory: 0.0 MB
Time index, remove data from structure: 0.0020098360123456793
Time for querying: 0.0
Time for new slide: 0.08059886567901234
Time for expired slide: 0.007082522925925925
------------------------------------
Number clusters = 0.0
Max Number points in event queue = 0.0
Avg number points in clusters= 0.0
Avg Rmc size = 0.0
Avg Length exps= 0.0
#window: 82
Total #outliers: 505
Average Time: 87.58964808536587 ms
Peak memory: 0.0 MB
Time index, remove data from structure: 0.002005540451219512
Time for querying: 0.0
Time for new slide: 0.08050784412195122
Time for expired slide: 0.007078572012195122
------------------------------------
Number clusters = 0.0
Max Number points in event queue = 0.0
Avg number points in clusters= 0.0
Avg Rmc size = 0.0
Avg Length exps= 0.0
#window: 83
Total #outliers: 391
Average Time: 87.60855236144579 ms
Peak memory: 0.0 MB
Time index, remove data from structure: 0.0020072274819277107
Time for querying: 0.0
Time for new slide: 0.0804501686626506
Time for expired slide: 0.007155157493975903
------------------------------------
Number clusters = 0.0
Max Number points in event queue = 0.0
Avg number points in clusters= 0.0
Avg Rmc size = 0.0
Avg Length exps= 0.0
#window: 84
Total #outliers: 313
Average Time: 87.56887625 ms
Peak memory: 0.0 MB
Time index, remove data from structure: 0.002002644738095238
Time for querying: 0.0
Time for new slide: 0.08041534639285715
Time for expired slide: 0.0071503068095238095
------------------------------------
Number clusters = 0.0
Max Number points in event queue = 0.0
Avg number points in clusters= 0.0
Avg Rmc size = 0.0
Avg Length exps= 0.0
#window: 85
Total #outliers: 311
Average Time: 87.72898334117646 ms
Peak memory: 0.0 MB
Time index, remove data from structure: 0.0020030931294117644
Time for querying: 0.0
Time for new slide: 0.08055491687058823
Time for expired slide: 0.007170840352941177
------------------------------------
Number clusters = 0.0
Max Number points in event queue = 0.0
Avg number points in clusters= 0.0
Avg Rmc size = 0.0
Avg Length exps= 0.0
#window: 86
Total #outliers: 300
Average Time: 87.76557106976743 ms
Peak memory: 0.0 MB
Time index, remove data from structure: 0.0019984389186046515
Time for querying: 0.0
Time for new slide: 0.08061863376744186
Time for expired slide: 0.0071437206395348835
------------------------------------
Number clusters = 0.0
Max Number points in event queue = 0.0
Avg number points in clusters= 0.0
Avg Rmc size = 0.0
Avg Length exps= 0.0
#window: 87
Total #outliers: 301
Average Time: 87.85947942528733 ms
Peak memory: 0.0 MB
Time index, remove data from structure: 0.0019968103103448274
Time for querying: 0.0
Time for new slide: 0.08069019671264367
Time for expired slide: 0.007166069126436782
------------------------------------
Number clusters = 0.0
Max Number points in event queue = 0.0
Avg number points in clusters= 0.0
Avg Rmc size = 0.0
Avg Length exps= 0.0
#window: 88
Total #outliers: 323
Average Time: 88.04848696590906 ms
Peak memory: 0.0 MB
Time index, remove data from structure: 0.001993691875
Time for querying: 0.0
Time for new slide: 0.08089312898863636
Time for expired slide: 0.00715215075
------------------------------------
Number clusters = 0.0
Max Number points in event queue = 0.0
Avg number points in clusters= 0.0
Avg Rmc size = 0.0
Avg Length exps= 0.0
#window: 89
Total #outliers: 374
Average Time: 88.20496258426965 ms
Peak memory: 0.0 MB
Time index, remove data from structure: 0.0019903652584269665
Time for querying: 0.0
Time for new slide: 0.08103352496629214
Time for expired slide: 0.007168235831460674
------------------------------------
Number clusters = 0.0
Max Number points in event queue = 0.0
Avg number points in clusters= 0.0
Avg Rmc size = 0.0
Avg Length exps= 0.0
#window: 90
Total #outliers: 451
Average Time: 88.40132485555554 ms
Peak memory: 0.0 MB
Time index, remove data from structure: 0.0019878099666666665
Time for querying: 0.0
Time for new slide: 0.08121298995555555
Time for expired slide: 0.007185139122222222
------------------------------------
Number clusters = 0.0
Max Number points in event queue = 0.0
Avg number points in clusters= 0.0
Avg Rmc size = 0.0
Avg Length exps= 0.0
#window: 91
Total #outliers: 369
Average Time: 88.18383518681318 ms
Peak memory: 0.0 MB
Time index, remove data from structure: 0.0019844182527472528
Time for querying: 0.0
Time for new slide: 0.08098550441758241
Time for expired slide: 0.007195139747252747
------------------------------------
Number clusters = 0.0
Max Number points in event queue = 0.0
Avg number points in clusters= 0.0
Avg Rmc size = 0.0
Avg Length exps= 0.0
#window: 92
Total #outliers: 348
Average Time: 88.202145 ms
Peak memory: 0.0 MB
Time index, remove data from structure: 0.001981694445652174
Time for querying: 0.0
Time for new slide: 0.08096537789130434
Time for expired slide: 0.007233578815217391
------------------------------------
Number clusters = 0.0
Max Number points in event queue = 0.0
Avg number points in clusters= 0.0
Avg Rmc size = 0.0
Avg Length exps= 0.0
#window: 93
Total #outliers: 428
Average Time: 88.47527239784947 ms
Peak memory: 0.0 MB
Time index, remove data from structure: 0.0019785499247311827
Time for querying: 0.0
Time for new slide: 0.08125371469892473
Time for expired slide: 0.007218366731182796
------------------------------------
Number clusters = 0.0
Max Number points in event queue = 0.0
Avg number points in clusters= 0.0
Avg Rmc size = 0.0
Avg Length exps= 0.0
#window: 94
Total #outliers: 427
Average Time: 88.79612387234043 ms
Peak memory: 0.0 MB
Time index, remove data from structure: 0.0019758249468085107
Time for querying: 0.0
Time for new slide: 0.0815647174361702
Time for expired slide: 0.007228217680851063
------------------------------------
Number clusters = 0.0
Max Number points in event queue = 0.0
Avg number points in clusters= 0.0
Avg Rmc size = 0.0
Avg Length exps= 0.0
#window: 95
Total #outliers: 393
Average Time: 88.98438995789473 ms
Peak memory: 0.0 MB
Time index, remove data from structure: 0.0019712754210526313
Time for querying: 0.0
Time for new slide: 0.08177383387368421
Time for expired slide: 0.007207366578947369
------------------------------------
Number clusters = 0.0
Max Number points in event queue = 0.0
Avg number points in clusters= 0.0
Avg Rmc size = 0.0
Avg Length exps= 0.0
#window: 96
Total #outliers: 403
Average Time: 89.26095792708333 ms
Peak memory: 0.0 MB
Time index, remove data from structure: 0.001968116708333333
Time for querying: 0.0
Time for new slide: 0.08205122052083333
Time for expired slide: 0.007206552822916667
------------------------------------
Number clusters = 0.0
Max Number points in event queue = 0.0
Avg number points in clusters= 0.0
Avg Rmc size = 0.0
Avg Length exps= 0.0
#window: 97
Total #outliers: 409
Average Time: 89.52905388659795 ms
Peak memory: 0.0 MB
Time index, remove data from structure: 0.001964759432989691
Time for querying: 0.0
Time for new slide: 0.08233845560824743
Time for expired slide: 0.007187410896907217
------------------------------------
Number clusters = 0.0
Max Number points in event queue = 0.0
Avg number points in clusters= 0.0
Avg Rmc size = 0.0
Avg Length exps= 0.0
#window: 98
Total #outliers: 528
Average Time: 89.76801092857143 ms
Peak memory: 0.0 MB
Time index, remove data from structure: 0.0019614772142857143
Time for querying: 0.0
Time for new slide: 0.08259624315306122
Time for expired slide: 0.007168578836734695
------------------------------------
Number clusters = 0.0
Max Number points in event queue = 0.0
Avg number points in clusters= 0.0
Avg Rmc size = 0.0
Avg Length exps= 0.0
#window: 99
Total #outliers: 527
Average Time: 90.05194692929294 ms
Peak memory: 0.0 MB
Time index, remove data from structure: 0.001959283686868687
Time for querying: 0.0
Time for new slide: 0.0828648726969697
Time for expired slide: 0.007183893353535354
------------------------------------
Number clusters = 0.0
Max Number points in event queue = 0.0
Avg number points in clusters= 0.0
Avg Rmc size = 0.0
Avg Length exps= 0.0
#window: 100
Total #outliers: 535
Average Time: 90.37881548000001 ms
Peak memory: 0.0 MB
Time index, remove data from structure: 0.0019574706
Time for querying: 0.0
Time for new slide: 0.08319654718000001
Time for expired slide: 0.00717909072
------------------------------------
Number clusters = 0.0
Max Number points in event queue = 0.0
Avg number points in clusters= 0.0
Avg Rmc size = 0.0
Avg Length exps= 0.0
#window: 101
Total #outliers: 521
Average Time: 90.75196462376239 ms
Peak memory: 0.0 MB
Time index, remove data from structure: 0.001956255594059406
Time for querying: 0.0
Time for new slide: 0.08357492852475247
Time for expired slide: 0.007173862475247525
------------------------------------
Number clusters = 0.0
Max Number points in event queue = 0.0
Avg number points in clusters= 0.0
Avg Rmc size = 0.0
Avg Length exps= 0.0
#window: 102
Total #outliers: 546
Average Time: 91.18403199019609 ms
Peak memory: 0.0 MB
Time index, remove data from structure: 0.001954138764705882
Time for querying: 0.0
Time for new slide: 0.08401365970588236
Time for expired slide: 0.007167201176470589
------------------------------------
Number clusters = 0.0
Max Number points in event queue = 0.0
Avg number points in clusters= 0.0
Avg Rmc size = 0.0
Avg Length exps= 0.0
#window: 103
Total #outliers: 544
Average Time: 91.57025612621361 ms
Peak memory: 0.0 MB
Time index, remove data from structure: 0.001953369893203883
Time for querying: 0.0
Time for new slide: 0.08437740666019417
Time for expired slide: 0.007189681514563107
------------------------------------
Number clusters = 0.0
Max Number points in event queue = 0.0
Avg number points in clusters= 0.0
Avg Rmc size = 0.0
Avg Length exps= 0.0
#window: 104
Total #outliers: 559
Average Time: 91.9025748269231 ms
Peak memory: 0.0 MB
Time index, remove data from structure: 0.0019519791634615385
Time for querying: 0.0
Time for new slide: 0.08471383748076923
Time for expired slide: 0.007185571740384616
------------------------------------
Number clusters = 0.0
Max Number points in event queue = 0.0
Avg number points in clusters= 0.0
Avg Rmc size = 0.0
Avg Length exps= 0.0
#window: 105
Total #outliers: 552
Average Time: 92.35970584761907 ms
Peak memory: 0.0 MB
Time index, remove data from structure: 0.0019495812000000002
Time for querying: 0.0
Time for new slide: 0.08517464508571429
Time for expired slide: 0.007181898628571428
------------------------------------
Number clusters = 0.0
Max Number points in event queue = 0.0
Avg number points in clusters= 0.0
Avg Rmc size = 0.0
Avg Length exps= 0.0
#window: 106
Total #outliers: 555
Average Time: 92.63212376415098 ms
Peak memory: 0.0 MB
Time index, remove data from structure: 0.001948788066037736
Time for querying: 0.0
Time for new slide: 0.0854485750754717
Time for expired slide: 0.007180384754716981
------------------------------------
Number clusters = 0.0
Max Number points in event queue = 0.0
Avg number points in clusters= 0.0
Avg Rmc size = 0.0
Avg Length exps= 0.0
#window: 107
Total #outliers: 573
Average Time: 92.85468545794397 ms
Peak memory: 0.0 MB
Time index, remove data from structure: 0.0019465630654205608
Time for querying: 0.0
Time for new slide: 0.08567424541121496
Time for expired slide: 0.007177279598130842
------------------------------------
Number clusters = 0.0
Max Number points in event queue = 0.0
Avg number points in clusters= 0.0
Avg Rmc size = 0.0
Avg Length exps= 0.0
#window: 108
Total #outliers: 519
Average Time: 93.02953906481486 ms
Peak memory: 0.0 MB
Time index, remove data from structure: 0.0019458121296296296
Time for querying: 0.0
Time for new slide: 0.08583526271296295
Time for expired slide: 0.007191118185185186
------------------------------------
Number clusters = 0.0
Max Number points in event queue = 0.0
Avg number points in clusters= 0.0
Avg Rmc size = 0.0
Avg Length exps= 0.0
#window: 109
Total #outliers: 492
Average Time: 93.22827397247711 ms
Peak memory: 0.0 MB
Time index, remove data from structure: 0.0019455335504587157
Time for querying: 0.0
Time for new slide: 0.08600560390825687
Time for expired slide: 0.007219511669724771
------------------------------------
Number clusters = 0.0
Max Number points in event queue = 0.0
Avg number points in clusters= 0.0
Avg Rmc size = 0.0
Avg Length exps= 0.0
#window: 110
Total #outliers: 474
Average Time: 93.40581612727276 ms
Peak memory: 0.0 MB
Time index, remove data from structure: 0.0019447844727272727
Time for querying: 0.0
Time for new slide: 0.0861741761
Time for expired slide: 0.007228487863636364
------------------------------------
Number clusters = 0.0
Max Number points in event queue = 0.0
Avg number points in clusters= 0.0
Avg Rmc size = 0.0
Avg Length exps= 0.0
#window: 111
Total #outliers: 452
Average Time: 93.53763412612618 ms
Peak memory: 0.0 MB
Time index, remove data from structure: 0.0019406675855855855
Time for querying: 0.0
Time for new slide: 0.08630348044144144
Time for expired slide: 0.007230998945945946
------------------------------------
Number clusters = 0.0
Max Number points in event queue = 0.0
Avg number points in clusters= 0.0
Avg Rmc size = 0.0
Avg Length exps= 0.0
#window: 112
Total #outliers: 458
Average Time: 93.6941289821429 ms
Peak memory: 0.0 MB
Time index, remove data from structure: 0.0019389747053571427
Time for querying: 0.0
Time for new slide: 0.08644574708928572
Time for expired slide: 0.0072452287410714284
------------------------------------
Number clusters = 0.0
Max Number points in event queue = 0.0
Avg number points in clusters= 0.0
Avg Rmc size = 0.0
Avg Length exps= 0.0
#window: 113
Total #outliers: 425
Average Time: 93.80745075221243 ms
Peak memory: 0.0 MB
Time index, remove data from structure: 0.001939977592920354
Time for querying: 0.0
Time for new slide: 0.08656248226548674
Time for expired slide: 0.007241817309734513
------------------------------------
Number clusters = 0.0
Max Number points in event queue = 0.0
Avg number points in clusters= 0.0
Avg Rmc size = 0.0
Avg Length exps= 0.0
#window: 114
Total #outliers: 437
Average Time: 93.96348618421057 ms
Peak memory: 0.0 MB
Time index, remove data from structure: 0.0019388647368421053
Time for querying: 0.0
Time for new slide: 0.08672727895614035
Time for expired slide: 0.007233059640350877
------------------------------------
Number clusters = 0.0
Max Number points in event queue = 0.0
Avg number points in clusters= 0.0
Avg Rmc size = 0.0
Avg Length exps= 0.0
#window: 115
Total #outliers: 409
Average Time: 94.22256706956526 ms
Peak memory: 0.0 MB
Time index, remove data from structure: 0.0019380253391304348
Time for querying: 0.0
Time for new slide: 0.08696176894782609
Time for expired slide: 0.007257653982608695
------------------------------------
Number clusters = 0.0
Max Number points in event queue = 0.0
Avg number points in clusters= 0.0
Avg Rmc size = 0.0
Avg Length exps= 0.0
#window: 116
Total #outliers: 387
Average Time: 94.40539522413798 ms
Peak memory: 0.0 MB
Time index, remove data from structure: 0.0019369957155172413
Time for querying: 0.0
Time for new slide: 0.08714287747413793
Time for expired slide: 0.007259377784482758
------------------------------------
Number clusters = 0.0
Max Number points in event queue = 0.0
Avg number points in clusters= 0.0
Avg Rmc size = 0.0
Avg Length exps= 0.0
#window: 117
Total #outliers: 404
Average Time: 94.59346201709407 ms
Peak memory: 0.0 MB
Time index, remove data from structure: 0.0019371080854700855
Time for querying: 0.0
Time for new slide: 0.08731139808547009
Time for expired slide: 0.0072789262564102565
------------------------------------
Number clusters = 0.0
Max Number points in event queue = 0.0
Avg number points in clusters= 0.0
Avg Rmc size = 0.0
Avg Length exps= 0.0
#window: 118
Total #outliers: 437
Average Time: 94.79466361864411 ms
Peak memory: 0.0 MB
Time index, remove data from structure: 0.0019379617881355932
Time for querying: 0.0
Time for new slide: 0.08745887924576272
Time for expired slide: 0.007332650144067796
------------------------------------
Number clusters = 0.0
Max Number points in event queue = 0.0
Avg number points in clusters= 0.0
Avg Rmc size = 0.0
Avg Length exps= 0.0
#window: 119
Total #outliers: 432
Average Time: 95.01226341176476 ms
Peak memory: 0.0 MB
Time index, remove data from structure: 0.0019429253109243697
Time for querying: 0.0
Time for new slide: 0.0875819698067227
Time for expired slide: 0.007427159092436975
------------------------------------
Number clusters = 0.0
Max Number points in event queue = 0.0
Avg number points in clusters= 0.0
Avg Rmc size = 0.0
Avg Length exps= 0.0
#window: 120
Total #outliers: 501
Average Time: 95.14664635000005 ms
Peak memory: 0.0 MB
Time index, remove data from structure: 0.0019435387916666668
Time for querying: 0.0
Time for new slide: 0.08771503824166667
Time for expired slide: 0.007428474758333333
------------------------------------
Number clusters = 0.0
Max Number points in event queue = 0.0
Avg number points in clusters= 0.0
Avg Rmc size = 0.0
Avg Length exps= 0.0
#window: 121
Total #outliers: 566
Average Time: 95.27644888429757 ms
Peak memory: 0.0 MB
Time index, remove data from structure: 0.0019432343636363637
Time for querying: 0.0
Time for new slide: 0.087839908
Time for expired slide: 0.007433406570247934
------------------------------------
Number clusters = 0.0
Max Number points in event queue = 0.0
Avg number points in clusters= 0.0
Avg Rmc size = 0.0
Avg Length exps= 0.0
#window: 122
Total #outliers: 585
Average Time: 95.44351422950824 ms
Peak memory: 0.0 MB
Time index, remove data from structure: 0.001942971344262295
Time for querying: 0.0
Time for new slide: 0.08800284515573771
Time for expired slide: 0.007437535672131147
------------------------------------
Number clusters = 0.0
Max Number points in event queue = 0.0
Avg number points in clusters= 0.0
Avg Rmc size = 0.0
Avg Length exps= 0.0
#window: 123
Total #outliers: 602
Average Time: 95.63491900000004 ms
Peak memory: 0.0 MB
Time index, remove data from structure: 0.0019420451300813006
Time for querying: 0.0
Time for new slide: 0.08816421348780488
Time for expired slide: 0.0074675719430894304
------------------------------------
Number clusters = 0.0
Max Number points in event queue = 0.0
Avg number points in clusters= 0.0
Avg Rmc size = 0.0
Avg Length exps= 0.0
#window: 124
Total #outliers: 617
Average Time: 95.81412640322584 ms
Peak memory: 0.0 MB
Time index, remove data from structure: 0.0019397656209677418
Time for querying: 0.0
Time for new slide: 0.08835007410483871
Time for expired slide: 0.007460916846774193
------------------------------------
Number clusters = 0.0
Max Number points in event queue = 0.0
Avg number points in clusters= 0.0
Avg Rmc size = 0.0
Avg Length exps= 0.0
#window: 125
Total #outliers: 651
Average Time: 95.86034759200002 ms
Peak memory: 0.0 MB
Time index, remove data from structure: 0.00193836952
Time for querying: 0.0
Time for new slide: 0.088401826728
Time for expired slide: 0.007455382568
------------------------------------
Number clusters = 0.0
Max Number points in event queue = 0.0
Avg number points in clusters= 0.0
Avg Rmc size = 0.0
Avg Length exps= 0.0
#window: 126
Total #outliers: 690
Average Time: 95.57014336507939 ms
Peak memory: 0.0 MB
Time index, remove data from structure: 0.0019366323095238093
Time for querying: 0.0
Time for new slide: 0.08812091994444445
Time for expired slide: 0.007446086285714286
------------------------------------
Number clusters = 0.0
Max Number points in event queue = 0.0
Avg number points in clusters= 0.0
Avg Rmc size = 0.0
Avg Length exps= 0.0
#window: 127
Total #outliers: 651
Average Time: 95.27538832283467 ms
Peak memory: 0.0 MB
Time index, remove data from structure: 0.0019348952992125983
Time for querying: 0.0
Time for new slide: 0.08783372585826771
Time for expired slide: 0.007438524976377953
------------------------------------
Number clusters = 0.0
Max Number points in event queue = 0.0
Avg number points in clusters= 0.0
Avg Rmc size = 0.0
Avg Length exps= 0.0
#window: 128
Total #outliers: 665
Average Time: 95.00763656250004 ms
Peak memory: 0.0 MB
Time index, remove data from structure: 0.0019323409453125
Time for querying: 0.0
Time for new slide: 0.0875752361875
Time for expired slide: 0.007429258640625
------------------------------------
Number clusters = 0.0
Max Number points in event queue = 0.0
Avg number points in clusters= 0.0
Avg Rmc size = 0.0
Avg Length exps= 0.0
#window: 129
Total #outliers: 653
Average Time: 94.7809000775194 ms
Peak memory: 0.0 MB
Time index, remove data from structure: 0.0019302341317829457
Time for querying: 0.0
Time for new slide: 0.08735607291472869
Time for expired slide: 0.007421683813953489
------------------------------------
Number clusters = 0.0
Max Number points in event queue = 0.0
Avg number points in clusters= 0.0
Avg Rmc size = 0.0
Avg Length exps= 0.0
#window: 130
Total #outliers: 611
Average Time: 94.60326927692311 ms
Peak memory: 0.0 MB
Time index, remove data from structure: 0.001928731223076923
Time for querying: 0.0
Time for new slide: 0.08718571335384616
Time for expired slide: 0.007414410869230769
------------------------------------
Number clusters = 0.0
Max Number points in event queue = 0.0
Avg number points in clusters= 0.0
Avg Rmc size = 0.0
Avg Length exps= 0.0
#window: 131
Total #outliers: 596
Average Time: 94.3888117022901 ms
Peak memory: 0.0 MB
Time index, remove data from structure: 0.001926812114503817
Time for querying: 0.0
Time for new slide: 0.08698048668702289
Time for expired slide: 0.0074051779847328246
------------------------------------
Number clusters = 0.0
Max Number points in event queue = 0.0
Avg number points in clusters= 0.0
Avg Rmc size = 0.0
Avg Length exps= 0.0
#window: 132
Total #outliers: 576
Average Time: 94.19442006818186 ms
Peak memory: 0.0 MB
Time index, remove data from structure: 0.001924439
Time for querying: 0.0
Time for new slide: 0.08679636225757577
Time for expired slide: 0.007394911045454546
------------------------------------
Number clusters = 0.0
Max Number points in event queue = 0.0
Avg number points in clusters= 0.0
Avg Rmc size = 0.0
Avg Length exps= 0.0
#window: 133
Total #outliers: 583
Average Time: 93.91001216541358 ms
Peak memory: 0.0 MB
Time index, remove data from structure: 0.0019224306466165415
Time for querying: 0.0
Time for new slide: 0.08652158357142857
Time for expired slide: 0.007385281609022556
------------------------------------
Number clusters = 0.0
Max Number points in event queue = 0.0
Avg number points in clusters= 0.0
Avg Rmc size = 0.0
Avg Length exps= 0.0
#window: 134
Total #outliers: 567
Average Time: 93.61911333582093 ms
Peak memory: 0.0 MB
Time index, remove data from structure: 0.001920284104477612
Time for querying: 0.0
Time for new slide: 0.08624043032835821
Time for expired slide: 0.00737553628358209
------------------------------------
Number clusters = 0.0
Max Number points in event queue = 0.0
Avg number points in clusters= 0.0
Avg Rmc size = 0.0
Avg Length exps= 0.0
#window: 135
Total #outliers: 574
Average Time: 93.36895511111115 ms
Peak memory: 0.0 MB
Time index, remove data from structure: 0.001917806214814815
Time for querying: 0.0
Time for new slide: 0.08600005374074074
Time for expired slide: 0.007365756162962963
------------------------------------
Number clusters = 0.0
Max Number points in event queue = 0.0
Avg number points in clusters= 0.0
Avg Rmc size = 0.0
Avg Length exps= 0.0
#window: 136
Total #outliers: 588
Average Time: 93.14578514705886 ms
Peak memory: 0.0 MB
Time index, remove data from structure: 0.0019154697573529412
Time for querying: 0.0
Time for new slide: 0.08578715985294118
Time for expired slide: 0.007355481499999999
------------------------------------
Number clusters = 0.0
Max Number points in event queue = 0.0
Avg number points in clusters= 0.0
Avg Rmc size = 0.0
Avg Length exps= 0.0
#window: 137
Total #outliers: 577
Average Time: 92.98923644525551 ms
Peak memory: 0.0 MB
Time index, remove data from structure: 0.0019132044744525547
Time for querying: 0.0
Time for new slide: 0.08564043057664233
Time for expired slide: 0.007345660832116789
------------------------------------
Number clusters = 0.0
Max Number points in event queue = 0.0
Avg number points in clusters= 0.0
Avg Rmc size = 0.0
Avg Length exps= 0.0
#window: 138
Total #outliers: 494
Average Time: 92.88983755072468 ms
Peak memory: 0.0 MB
Time index, remove data from structure: 0.0019110431739130433
Time for querying: 0.0
Time for new slide: 0.08554983388405797
Time for expired slide: 0.0073368619492753615
------------------------------------
Number clusters = 0.0
Max Number points in event queue = 0.0
Avg number points in clusters= 0.0
Avg Rmc size = 0.0
Avg Length exps= 0.0
#window: 139
Total #outliers: 539
Average Time: 92.78893817985616 ms
Peak memory: 0.0 MB
Time index, remove data from structure: 0.0019089058129496404
Time for querying: 0.0
Time for new slide: 0.08546058044604317
Time for expired slide: 0.0073252167338129495
------------------------------------
Number clusters = 0.0
Max Number points in event queue = 0.0
Avg number points in clusters= 0.0
Avg Rmc size = 0.0
Avg Length exps= 0.0
#window: 140
Total #outliers: 476
Average Time: 92.71060574285718 ms
Peak memory: 0.0 MB
Time index, remove data from structure: 0.0019067753142857143
Time for querying: 0.0
Time for new slide: 0.08539198555000001
Time for expired slide: 0.007315481035714285
------------------------------------
Number clusters = 0.0
Max Number points in event queue = 0.0
Avg number points in clusters= 0.0
Avg Rmc size = 0.0
Avg Length exps= 0.0
#window: 141
Total #outliers: 491
Average Time: 92.64659977304969 ms
Peak memory: 0.0 MB
Time index, remove data from structure: 0.001905382
Time for querying: 0.0
Time for new slide: 0.0853383865177305
Time for expired slide: 0.007305074709219857
------------------------------------
Number clusters = 0.0
Max Number points in event queue = 0.0
Avg number points in clusters= 0.0
Avg Rmc size = 0.0
Avg Length exps= 0.0
#window: 142
Total #outliers: 514
Average Time: 92.672222915493 ms
Peak memory: 0.0 MB
Time index, remove data from structure: 0.0019034601901408452
Time for querying: 0.0
Time for new slide: 0.08537452908450703
Time for expired slide: 0.007294555330985915
------------------------------------
Number clusters = 0.0
Max Number points in event queue = 0.0
Avg number points in clusters= 0.0
Avg Rmc size = 0.0
Avg Length exps= 0.0
#window: 143
Total #outliers: 485
Average Time: 92.70846157342662 ms
Peak memory: 0.0 MB
Time index, remove data from structure: 0.0019008448951048952
Time for querying: 0.0
Time for new slide: 0.08542151603496503
Time for expired slide: 0.007283807118881119
------------------------------------
Number clusters = 0.0
Max Number points in event queue = 0.0
Avg number points in clusters= 0.0
Avg Rmc size = 0.0
Avg Length exps= 0.0
#window: 144
Total #outliers: 523
Average Time: 92.76363847916672 ms
Peak memory: 0.0 MB
Time index, remove data from structure: 0.0018984803680555553
Time for querying: 0.0
Time for new slide: 0.08548742645138889
Time for expired slide: 0.007273068361111111
------------------------------------
Number clusters = 0.0
Max Number points in event queue = 0.0
Avg number points in clusters= 0.0
Avg Rmc size = 0.0
Avg Length exps= 0.0
#window: 145
Total #outliers: 551
Average Time: 92.7937951655173 ms
Peak memory: 0.0 MB
Time index, remove data from structure: 0.001896280572413793
Time for querying: 0.0
Time for new slide: 0.08552646039310344
Time for expired slide: 0.007264188593103448
------------------------------------
Number clusters = 0.0
Max Number points in event queue = 0.0
Avg number points in clusters= 0.0
Avg Rmc size = 0.0
Avg Length exps= 0.0
#window: 146
Total #outliers: 552
Average Time: 92.83296200684936 ms
Peak memory: 0.0 MB
Time index, remove data from structure: 0.0018937166027397261
Time for querying: 0.0
Time for new slide: 0.08557319334931507
Time for expired slide: 0.007256621089041096
------------------------------------
Number clusters = 0.0
Max Number points in event queue = 0.0
Avg number points in clusters= 0.0
Avg Rmc size = 0.0
Avg Length exps= 0.0
#window: 147
Total #outliers: 506
Average Time: 92.83503710884358 ms
Peak memory: 0.0 MB
Time index, remove data from structure: 0.0018913467755102041
Time for querying: 0.0
Time for new slide: 0.08558348620408163
Time for expired slide: 0.007248402278911565
------------------------------------
Number clusters = 0.0
Max Number points in event queue = 0.0
Avg number points in clusters= 0.0
Avg Rmc size = 0.0
Avg Length exps= 0.0
#window: 148
Total #outliers: 542
Average Time: 92.89565687837843 ms
Peak memory: 0.0 MB
Time index, remove data from structure: 0.0018898122567567567
Time for querying: 0.0
Time for new slide: 0.08562298257432432
Time for expired slide: 0.007269526682432433
------------------------------------
Number clusters = 0.0
Max Number points in event queue = 0.0
Avg number points in clusters= 0.0
Avg Rmc size = 0.0
Avg Length exps= 0.0
#window: 149
Total #outliers: 531
Average Time: 92.94998060402689 ms
Peak memory: 0.0 MB
Time index, remove data from structure: 0.0018877557583892618
Time for querying: 0.0
Time for new slide: 0.08568486040939596
Time for expired slide: 0.007261969812080537
------------------------------------
Number clusters = 0.0
Max Number points in event queue = 0.0
Avg number points in clusters= 0.0
Avg Rmc size = 0.0
Avg Length exps= 0.0
#window: 150
Total #outliers: 519
Average Time: 92.98928370000004 ms
Peak memory: 0.0 MB
Time index, remove data from structure: 0.0018860612733333333
Time for querying: 0.0
Time for new slide: 0.08570241095333334
Time for expired slide: 0.0072836256466666666
------------------------------------
Number clusters = 0.0
Max Number points in event queue = 0.0
Avg number points in clusters= 0.0
Avg Rmc size = 0.0
Avg Length exps= 0.0
#window: 151
Total #outliers: 526
Average Time: 93.06675503973514 ms
Peak memory: 0.0 MB
Time index, remove data from structure: 0.001885124417218543
Time for querying: 0.0
Time for new slide: 0.08575478222516557
Time for expired slide: 0.007308724774834436
------------------------------------
Number clusters = 0.0
Max Number points in event queue = 0.0
Avg number points in clusters= 0.0
Avg Rmc size = 0.0
Avg Length exps= 0.0
#window: 152
Total #outliers: 585
Average Time: 93.14927671710531 ms
Peak memory: 0.0 MB
Time index, remove data from structure: 0.001884174769736842
Time for querying: 0.0
Time for new slide: 0.0858103778881579
Time for expired slide: 0.007335653282894737
------------------------------------
Number clusters = 0.0
Max Number points in event queue = 0.0
Avg number points in clusters= 0.0
Avg Rmc size = 0.0
Avg Length exps= 0.0
#window: 153
Total #outliers: 594
Average Time: 93.23943356209155 ms
Peak memory: 0.0 MB
Time index, remove data from structure: 0.0018834965816993464
Time for querying: 0.0
Time for new slide: 0.08589314540522876
Time for expired slide: 0.00734304248366013
------------------------------------
Number clusters = 0.0
Max Number points in event queue = 0.0
Avg number points in clusters= 0.0
Avg Rmc size = 0.0
Avg Length exps= 0.0
#window: 154
Total #outliers: 551
Average Time: 93.30028148701304 ms
Peak memory: 0.0 MB
Time index, remove data from structure: 0.001882245707792208
Time for querying: 0.0
Time for new slide: 0.08595912884415585
Time for expired slide: 0.007337901350649351
------------------------------------
Number clusters = 0.0
Max Number points in event queue = 0.0
Avg number points in clusters= 0.0
Avg Rmc size = 0.0
Avg Length exps= 0.0
#window: 155
Total #outliers: 549
Average Time: 93.42322045161295 ms
Peak memory: 0.0 MB
Time index, remove data from structure: 0.001881618270967742
Time for querying: 0.0
Time for new slide: 0.08608838052258064
Time for expired slide: 0.007331584838709678
------------------------------------
Number clusters = 0.0
Max Number points in event queue = 0.0
Avg number points in clusters= 0.0
Avg Rmc size = 0.0
Avg Length exps= 0.0
#window: 156
Total #outliers: 569
Average Time: 93.54084436538466 ms
Peak memory: 0.0 MB
Time index, remove data from structure: 0.0018804311025641025
Time for querying: 0.0
Time for new slide: 0.08621268456410257
Time for expired slide: 0.0073249039551282055
------------------------------------
Number clusters = 0.0
Max Number points in event queue = 0.0
Avg number points in clusters= 0.0
Avg Rmc size = 0.0
Avg Length exps= 0.0
#window: 157
Total #outliers: 567
Average Time: 93.68730430573252 ms
Peak memory: 0.0 MB
Time index, remove data from structure: 0.0018815589936305732
Time for querying: 0.0
Time for new slide: 0.08634511795541401
Time for expired slide: 0.007338930719745223
------------------------------------
Number clusters = 0.0
Max Number points in event queue = 0.0
Avg number points in clusters= 0.0
Avg Rmc size = 0.0
Avg Length exps= 0.0
#window: 158
Total #outliers: 597
Average Time: 93.78105455696208 ms
Peak memory: 0.0 MB
Time index, remove data from structure: 0.0018814599493670887
Time for querying: 0.0
Time for new slide: 0.08642629950632912
Time for expired slide: 0.007351501867088607
------------------------------------
Number clusters = 0.0
Max Number points in event queue = 0.0
Avg number points in clusters= 0.0
Avg Rmc size = 0.0
Avg Length exps= 0.0
#window: 159
Total #outliers: 590
Average Time: 93.8209478176101 ms
Peak memory: 0.0 MB
Time index, remove data from structure: 0.001880558327044025
Time for querying: 0.0
Time for new slide: 0.08647227567295597
Time for expired slide: 0.007345419754716981
------------------------------------
Number clusters = 0.0
Max Number points in event queue = 0.0
Avg number points in clusters= 0.0
Avg Rmc size = 0.0
Avg Length exps= 0.0
#window: 160
Total #outliers: 538
Average Time: 93.88322439375004 ms
Peak memory: 0.0 MB
Time index, remove data from structure: 0.0018801077625
Time for querying: 0.0
Time for new slide: 0.08652744513125
Time for expired slide: 0.007352530393749999
------------------------------------
Number clusters = 0.0
Max Number points in event queue = 0.0
Avg number points in clusters= 0.0
Avg Rmc size = 0.0
Avg Length exps= 0.0
#window: 161
Total #outliers: 534
Average Time: 93.92475331055905 ms
Peak memory: 0.0 MB
Time index, remove data from structure: 0.0018790585279503105
Time for querying: 0.0
Time for new slide: 0.08656105475776397
Time for expired slide: 0.0073604516832298135
------------------------------------
Number clusters = 0.0
Max Number points in event queue = 0.0
Avg number points in clusters= 0.0
Avg Rmc size = 0.0
Avg Length exps= 0.0
#window: 162
Total #outliers: 495
Average Time: 93.93390170987661 ms
Peak memory: 0.0 MB
Time index, remove data from structure: 0.0018786386666666667
Time for querying: 0.0
Time for new slide: 0.08654943869753086
Time for expired slide: 0.007381221080246913
------------------------------------
Number clusters = 0.0
Max Number points in event queue = 0.0
Avg number points in clusters= 0.0
Avg Rmc size = 0.0
Avg Length exps= 0.0
#window: 163
Total #outliers: 570
Average Time: 93.92471747852767 ms
Peak memory: 0.0 MB
Time index, remove data from structure: 0.0018782967423312882
Time for querying: 0.0
Time for new slide: 0.08651802840490798
Time for expired slide: 0.007403449625766872
------------------------------------
Number clusters = 0.0
Max Number points in event queue = 0.0
Avg number points in clusters= 0.0
Avg Rmc size = 0.0
Avg Length exps= 0.0
#window: 164
Total #outliers: 484
Average Time: 93.87684190243908 ms
Peak memory: 0.0 MB
Time index, remove data from structure: 0.001876723682926829
Time for querying: 0.0
Time for new slide: 0.08647785526829269
Time for expired slide: 0.007395746640243902
------------------------------------
Number clusters = 0.0
Max Number points in event queue = 0.0
Avg number points in clusters= 0.0
Avg Rmc size = 0.0
Avg Length exps= 0.0
#window: 165
Total #outliers: 395
Average Time: 93.903339939394 ms
Peak memory: 0.0 MB
Time index, remove data from structure: 0.0018752972363636365
Time for querying: 0.0
Time for new slide: 0.08649888928484849
Time for expired slide: 0.00740121393939394
------------------------------------
Number clusters = 0.0
Max Number points in event queue = 0.0
Avg number points in clusters= 0.0
Avg Rmc size = 0.0
Avg Length exps= 0.0
#window: 166
Total #outliers: 464
Average Time: 94.0344491144579 ms
Peak memory: 0.0 MB
Time index, remove data from structure: 0.001875424686746988
Time for querying: 0.0
Time for new slide: 0.0866306621566265
Time for expired slide: 0.007400548542168674
------------------------------------
Number clusters = 0.0
Max Number points in event queue = 0.0
Avg number points in clusters= 0.0
Avg Rmc size = 0.0
Avg Length exps= 0.0
#window: 167
Total #outliers: 462
Average Time: 94.02165791616773 ms
Peak memory: 0.0 MB
Time index, remove data from structure: 0.0018747892994011976
Time for querying: 0.0
Time for new slide: 0.08660214163473054
Time for expired slide: 0.007416279071856288
------------------------------------
Number clusters = 0.0
Max Number points in event queue = 0.0
Avg number points in clusters= 0.0
Avg Rmc size = 0.0
Avg Length exps= 0.0
#window: 168
Total #outliers: 471
Average Time: 94.0105862678572 ms
Peak memory: 0.0 MB
Time index, remove data from structure: 0.001873501392857143
Time for querying: 0.0
Time for new slide: 0.08660056405357143
Time for expired slide: 0.007406784327380953
------------------------------------
Number clusters = 0.0
Max Number points in event queue = 0.0
Avg number points in clusters= 0.0
Avg Rmc size = 0.0
Avg Length exps= 0.0
#window: 169
Total #outliers: 465
Average Time: 94.04050469230775 ms
Peak memory: 0.0 MB
Time index, remove data from structure: 0.0018722399822485205
Time for querying: 0.0
Time for new slide: 0.08662593692899408
Time for expired slide: 0.007411330426035504
------------------------------------
Number clusters = 0.0
Max Number points in event queue = 0.0
Avg number points in clusters= 0.0
Avg Rmc size = 0.0
Avg Length exps= 0.0
#window: 170
Total #outliers: 491
Average Time: 94.02810753529417 ms
Peak memory: 0.0 MB
Time index, remove data from structure: 0.0018709375588235292
Time for querying: 0.0
Time for new slide: 0.08660993004705882
Time for expired slide: 0.0074149408882352935
------------------------------------
Number clusters = 0.0
Max Number points in event queue = 0.0
Avg number points in clusters= 0.0
Avg Rmc size = 0.0
Avg Length exps= 0.0
#window: 171
Total #outliers: 503
Average Time: 93.97514333918133 ms
Peak memory: 0.0 MB
Time index, remove data from structure: 0.0018693787192982456
Time for querying: 0.0
Time for new slide: 0.08656674072514621
Time for expired slide: 0.00740516719883041
------------------------------------
Number clusters = 0.0
Max Number points in event queue = 0.0
Avg number points in clusters= 0.0
Avg Rmc size = 0.0
Avg Length exps= 0.0
#window: 172
Total #outliers: 505
Average Time: 93.92483645348841 ms
Peak memory: 0.0 MB
Time index, remove data from structure: 0.0018678237034883722
Time for querying: 0.0
Time for new slide: 0.08652466341860465
Time for expired slide: 0.007396937122093023
------------------------------------
Number clusters = 0.0
Max Number points in event queue = 0.0
Avg number points in clusters= 0.0
Avg Rmc size = 0.0
Avg Length exps= 0.0
#window: 173
Total #outliers: 525
Average Time: 93.92854246242779 ms
Peak memory: 0.0 MB
Time index, remove data from structure: 0.0018667816069364161
Time for querying: 0.0
Time for new slide: 0.08652529808092486
Time for expired slide: 0.007400006913294797
------------------------------------
Number clusters = 0.0
Max Number points in event queue = 0.0
Avg number points in clusters= 0.0
Avg Rmc size = 0.0
Avg Length exps= 0.0
#window: 174
Total #outliers: 556
Average Time: 93.96559058620693 ms
Peak memory: 0.0 MB
Time index, remove data from structure: 0.0018656261379310347
Time for querying: 0.0
Time for new slide: 0.08655011032183908
Time for expired slide: 0.007412245034482759
------------------------------------
Number clusters = 0.0
Max Number points in event queue = 0.0
Avg number points in clusters= 0.0
Avg Rmc size = 0.0
Avg Length exps= 0.0
#window: 175
Total #outliers: 603
Average Time: 93.97204648000003 ms
Peak memory: 0.0 MB
Time index, remove data from structure: 0.0018647880399999999
Time for querying: 0.0
Time for new slide: 0.08651846646285714
Time for expired slide: 0.007450346605714286
------------------------------------
Number clusters = 0.0
Max Number points in event queue = 0.0
Avg number points in clusters= 0.0
Avg Rmc size = 0.0
Avg Length exps= 0.0
#window: 176
Total #outliers: 648
Average Time: 93.9531635852273 ms
Peak memory: 0.0 MB
Time index, remove data from structure: 0.0018634531193181816
Time for querying: 0.0
Time for new slide: 0.08650535464772727
Time for expired slide: 0.0074445756875
------------------------------------
Number clusters = 0.0
Max Number points in event queue = 0.0
Avg number points in clusters= 0.0
Avg Rmc size = 0.0
Avg Length exps= 0.0
#window: 177
Total #outliers: 676
Average Time: 93.95876979661018 ms
Peak memory: 0.0 MB
Time index, remove data from structure: 0.0018624340395480225
Time for querying: 0.0
Time for new slide: 0.08650314818079095
Time for expired slide: 0.007452390389830508
------------------------------------
Number clusters = 0.0
Max Number points in event queue = 0.0
Avg number points in clusters= 0.0
Avg Rmc size = 0.0
Avg Length exps= 0.0
#window: 178
Total #outliers: 681
Average Time: 93.9744772022472 ms
Peak memory: 0.0 MB
Time index, remove data from structure: 0.0018609498988764043
Time for querying: 0.0
Time for new slide: 0.08652309812921348
Time for expired slide: 0.007448147455056179
------------------------------------
Number clusters = 0.0
Max Number points in event queue = 0.0
Avg number points in clusters= 0.0
Avg Rmc size = 0.0
Avg Length exps= 0.0
#window: 179
Total #outliers: 661
Average Time: 93.98729500000002 ms
Peak memory: 0.0 MB
Time index, remove data from structure: 0.001859751653631285
Time for querying: 0.0
Time for new slide: 0.08652938736871509
Time for expired slide: 0.007454678396648045
------------------------------------
Number clusters = 0.0
Max Number points in event queue = 0.0
Avg number points in clusters= 0.0
Avg Rmc size = 0.0
Avg Length exps= 0.0
#window: 180
Total #outliers: 690
Average Time: 94.00423623888888 ms
Peak memory: 0.0 MB
Time index, remove data from structure: 0.0018593898333333335
Time for querying: 0.0
Time for new slide: 0.08653455128333333
Time for expired slide: 0.007466457833333334
------------------------------------
Number clusters = 0.0
Max Number points in event queue = 0.0
Avg number points in clusters= 0.0
Avg Rmc size = 0.0
Avg Length exps= 0.0
#window: 181
Total #outliers: 785
Average Time: 93.90913533149173 ms
Peak memory: 0.0 MB
Time index, remove data from structure: 0.001859508320441989
Time for querying: 0.0
Time for new slide: 0.08643458379558011
Time for expired slide: 0.007471325171270718
------------------------------------
Number clusters = 0.0
Max Number points in event queue = 0.0
Avg number points in clusters= 0.0
Avg Rmc size = 0.0
Avg Length exps= 0.0
#window: 182
Total #outliers: 819
Average Time: 93.70272413736265 ms
Peak memory: 0.0 MB
Time index, remove data from structure: 0.001858199076923077
Time for querying: 0.0
Time for new slide: 0.08621054615384616
Time for expired slide: 0.007488956434065934
------------------------------------
Number clusters = 0.0
Max Number points in event queue = 0.0
Avg number points in clusters= 0.0
Avg Rmc size = 0.0
Avg Length exps= 0.0
#window: 183
Total #outliers: 860
Average Time: 93.4919621147541 ms
Peak memory: 0.0 MB
Time index, remove data from structure: 0.0018565323551912568
Time for querying: 0.0
Time for new slide: 0.08599968246994535
Time for expired slide: 0.007489061453551912
------------------------------------
Number clusters = 0.0
Max Number points in event queue = 0.0
Avg number points in clusters= 0.0
Avg Rmc size = 0.0
Avg Length exps= 0.0
#window: 184
Total #outliers: 871
Average Time: 93.30929333152174 ms
Peak memory: 0.0 MB
Time index, remove data from structure: 0.0018552912065217392
Time for querying: 0.0
Time for new slide: 0.08578158769021739
Time for expired slide: 0.00752449291847826
------------------------------------
Number clusters = 0.0
Max Number points in event queue = 0.0
Avg number points in clusters= 0.0
Avg Rmc size = 0.0
Avg Length exps= 0.0
#window: 185
Total #outliers: 877
Average Time: 93.16861603243244 ms
Peak memory: 0.0 MB
Time index, remove data from structure: 0.0018534581837837836
Time for querying: 0.0
Time for new slide: 0.08564038176756757
Time for expired slide: 0.007525024945945946
------------------------------------
Number clusters = 0.0
Max Number points in event queue = 0.0
Avg number points in clusters= 0.0
Avg Rmc size = 0.0
Avg Length exps= 0.0
#window: 186
Total #outliers: 881
Average Time: 93.07867135483872 ms
Peak memory: 0.0 MB
Time index, remove data from structure: 0.0018528627956989248
Time for querying: 0.0
Time for new slide: 0.08549557645698926
Time for expired slide: 0.007579888709677419
------------------------------------
Number clusters = 0.0
Max Number points in event queue = 0.0
Avg number points in clusters= 0.0
Avg Rmc size = 0.0
Avg Length exps= 0.0
#window: 187
Total #outliers: 867
Average Time: 92.98897624598932 ms
Peak memory: 0.0 MB
Time index, remove data from structure: 0.0018518646631016044
Time for querying: 0.0
Time for new slide: 0.08537546929411764
Time for expired slide: 0.007610301294117647
------------------------------------
Number clusters = 0.0
Max Number points in event queue = 0.0
Avg number points in clusters= 0.0
Avg Rmc size = 0.0
Avg Length exps= 0.0
#window: 188
Total #outliers: 859
Average Time: 92.88273871276598 ms
Peak memory: 0.0 MB
Time index, remove data from structure: 0.001849862159574468
Time for querying: 0.0
Time for new slide: 0.08526966458510638
Time for expired slide: 0.00760986714893617
------------------------------------
Number clusters = 0.0
Max Number points in event queue = 0.0
Avg number points in clusters= 0.0
Avg Rmc size = 0.0
Avg Length exps= 0.0
#window: 189
Total #outliers: 843
Average Time: 92.73606707407409 ms
Peak memory: 0.0 MB
Time index, remove data from structure: 0.0018476430952380951
Time for querying: 0.0
Time for new slide: 0.08512364442328042
Time for expired slide: 0.007609217386243387
------------------------------------
Number clusters = 0.0
Max Number points in event queue = 0.0
Avg number points in clusters= 0.0
Avg Rmc size = 0.0
Avg Length exps= 0.0
#window: 190
Total #outliers: 808
Average Time: 92.60751090000002 ms
Peak memory: 0.0 MB
Time index, remove data from structure: 0.0018461344578947368
Time for querying: 0.0
Time for new slide: 0.08498681743684211
Time for expired slide: 0.007617410315789474
------------------------------------
Number clusters = 0.0
Max Number points in event queue = 0.0
Avg number points in clusters= 0.0
Avg Rmc size = 0.0
Avg Length exps= 0.0
Peak memory: 73.04337310791016 MB
Average CPU time: 92.60751090000002 ms
