#window: 1
Total #outliers: 510
Average Time: 0.0 ms
Peak memory: 565.4424438476562 MB
Time index, remove data from structure: 0.0
Time for querying: 0.0
Time for new slide: 0.0
Time for expired slide: 0.0
------------------------------------
Number clusters = 0.0
Max Number points in event queue = 0.0
Avg number points in clusters= 0.0
Avg Rmc size = 0.0
Avg Length exps= 0.0
#window: 2
Total #outliers: 512
Average Time: 68.28706 ms
Peak memory: 565.4424438476562 MB
Time index, remove data from structure: 0.001796769
Time for querying: 0.0
Time for new slide: 0.05868085
Time for expired slide: 0.009604205
------------------------------------
Number clusters = 0.0
Max Number points in event queue = 0.0
Avg number points in clusters= 0.0
Avg Rmc size = 0.0
Avg Length exps= 0.0
#window: 3
Total #outliers: 519
Average Time: 89.65847033333334 ms
Peak memory: 565.4424438476562 MB
Time index, remove data from structure: 0.0019548356666666666
Time for querying: 0.0
Time for new slide: 0.07778847800000001
Time for expired slide: 0.011867603333333332
------------------------------------
Number clusters = 0.0
Max Number points in event queue = 0.0
Avg number points in clusters= 0.0
Avg Rmc size = 0.0
Avg Length exps= 0.0
#window: 4
Total #outliers: 516
Average Time: 103.0126725 ms
Peak memory: 565.4424438476562 MB
Time index, remove data from structure: 0.002105418
Time for querying: 0.0
Time for new slide: 0.08893843875
Time for expired slide: 0.01407168975
------------------------------------
Number clusters = 0.0
Max Number points in event queue = 0.0
Avg number points in clusters= 0.0
Avg Rmc size = 0.0
Avg Length exps= 0.0
#window: 5
Total #outliers: 537
Average Time: 111.5054688 ms
Peak memory: 565.4424438476562 MB
Time index, remove data from structure: 0.0021080222
Time for querying: 0.0
Time for new slide: 0.097055565
Time for expired slide: 0.014447284
------------------------------------
Number clusters = 0.0
Max Number points in event queue = 0.0
Avg number points in clusters= 0.0
Avg Rmc size = 0.0
Avg Length exps= 0.0
#window: 6
Total #outliers: 540
Average Time: 116.90113916666667 ms
Peak memory: 565.4424438476562 MB
Time index, remove data from structure: 0.0021138536666666665
Time for querying: 0.0
Time for new slide: 0.10219115333333334
Time for expired slide: 0.014707308333333334
------------------------------------
Number clusters = 0.0
Max Number points in event queue = 0.0
Avg number points in clusters= 0.0
Avg Rmc size = 0.0
Avg Length exps= 0.0
#window: 7
Total #outliers: 527
Average Time: 120.22447942857143 ms
Peak memory: 590.186393737793 MB
Time index, remove data from structure: 0.0021445985714285713
Time for querying: 0.0
Time for new slide: 0.10501669657142856
Time for expired slide: 0.015205089571428573
------------------------------------
Number clusters = 0.0
Max Number points in event queue = 0.0
Avg number points in clusters= 0.0
Avg Rmc size = 0.0
Avg Length exps= 0.0
#window: 8
Total #outliers: 512
Average Time: 122.2760835 ms
Peak memory: 590.186393737793 MB
Time index, remove data from structure: 0.002145814125
Time for querying: 0.0
Time for new slide: 0.106692198375
Time for expired slide: 0.015581140625
------------------------------------
Number clusters = 0.0
Max Number points in event queue = 0.0
Avg number points in clusters= 0.0
Avg Rmc size = 0.0
Avg Length exps= 0.0
#window: 9
Total #outliers: 524
Average Time: 123.5068028888889 ms
Peak memory: 590.186393737793 MB
Time index, remove data from structure: 0.0021492924444444445
Time for querying: 0.0
Time for new slide: 0.107423012
Time for expired slide: 0.01608100977777778
------------------------------------
Number clusters = 0.0
Max Number points in event queue = 0.0
Avg number points in clusters= 0.0
Avg Rmc size = 0.0
Avg Length exps= 0.0
#window: 10
Total #outliers: 511
Average Time: 124.76340950000001 ms
Peak memory: 590.186393737793 MB
Time index, remove data from structure: 0.0021452154
Time for querying: 0.0
Time for new slide: 0.1085038514
Time for expired slide: 0.016256748600000002
------------------------------------
Number clusters = 0.0
Max Number points in event queue = 0.0
Avg number points in clusters= 0.0
Avg Rmc size = 0.0
Avg Length exps= 0.0
#window: 11
Total #outliers: 510
Average Time: 125.93737118181816 ms
Peak memory: 590.186393737793 MB
Time index, remove data from structure: 0.002166730272727273
Time for querying: 0.0
Time for new slide: 0.10946384709090907
Time for expired slide: 0.01647065509090909
------------------------------------
Number clusters = 0.0
Max Number points in event queue = 0.0
Avg number points in clusters= 0.0
Avg Rmc size = 0.0
Avg Length exps= 0.0
#window: 12
Total #outliers: 507
Average Time: 126.46443074999999 ms
Peak memory: 590.186393737793 MB
Time index, remove data from structure: 0.0021742848333333336
Time for querying: 0.0
Time for new slide: 0.10985795966666667
Time for expired slide: 0.016603517416666668
------------------------------------
Number clusters = 0.0
Max Number points in event queue = 0.0
Avg number points in clusters= 0.0
Avg Rmc size = 0.0
Avg Length exps= 0.0
#window: 13
Total #outliers: 513
Average Time: 127.31567953846151 ms
Peak memory: 634.2158737182617 MB
Time index, remove data from structure: 0.002176133153846154
Time for querying: 0.0
Time for new slide: 0.1107757503076923
Time for expired slide: 0.01653697176923077
------------------------------------
Number clusters = 0.0
Max Number points in event queue = 0.0
Avg number points in clusters= 0.0
Avg Rmc size = 0.0
Avg Length exps= 0.0
#window: 14
Total #outliers: 497
Average Time: 131.02767385714284 ms
Peak memory: 693.4966583251953 MB
Time index, remove data from structure: 0.0022182825
Time for querying: 0.0
Time for new slide: 0.11363839857142857
Time for expired slide: 0.017386288928571428
------------------------------------
Number clusters = 0.0
Max Number points in event queue = 0.0
Avg number points in clusters= 0.0
Avg Rmc size = 0.0
Avg Length exps= 0.0
#window: 15
Total #outliers: 502
Average Time: 133.8879033333333 ms
Peak memory: 792.297966003418 MB
Time index, remove data from structure: 0.0022566265333333335
Time for querying: 0.0
Time for new slide: 0.11585180173333334
Time for expired slide: 0.01803240626666667
------------------------------------
Number clusters = 0.0
Max Number points in event queue = 0.0
Avg number points in clusters= 0.0
Avg Rmc size = 0.0
Avg Length exps= 0.0
#window: 16
Total #outliers: 511
Average Time: 136.0987690625 ms
Peak memory: 891.0992736816406 MB
Time index, remove data from structure: 0.0022827806875
Time for querying: 0.0
Time for new slide: 0.1178271968125
Time for expired slide: 0.0182678736875
------------------------------------
Number clusters = 0.0
Max Number points in event queue = 0.0
Avg number points in clusters= 0.0
Avg Rmc size = 0.0
Avg Length exps= 0.0
#window: 17
Total #outliers: 500
Average Time: 137.92693682352942 ms
Peak memory: 970.141716003418 MB
Time index, remove data from structure: 0.002284968882352941
Time for querying: 0.0
Time for new slide: 0.11952658870588237
Time for expired slide: 0.01839664723529412
------------------------------------
Number clusters = 0.0
Max Number points in event queue = 0.0
Avg number points in clusters= 0.0
Avg Rmc size = 0.0
Avg Length exps= 0.0
#window: 18
Total #outliers: 505
Average Time: 139.76204905555554 ms
Peak memory: 1029.4225463867188 MB
Time index, remove data from structure: 0.002291771611111111
Time for querying: 0.0
Time for new slide: 0.12123961405555556
Time for expired slide: 0.01851875561111111
------------------------------------
Number clusters = 0.0
Max Number points in event queue = 0.0
Avg number points in clusters= 0.0
Avg Rmc size = 0.0
Avg Length exps= 0.0
#window: 19
Total #outliers: 514
Average Time: 140.54766126315786 ms
Peak memory: 1068.9430694580078 MB
Time index, remove data from structure: 0.0022897314210526317
Time for querying: 0.0
Time for new slide: 0.12185464736842104
Time for expired slide: 0.018689362684210526
------------------------------------
Number clusters = 0.0
Max Number points in event queue = 0.0
Avg number points in clusters= 0.0
Avg Rmc size = 0.0
Avg Length exps= 0.0
#window: 20
Total #outliers: 523
Average Time: 139.85404545 ms
Peak memory: 1068.9430694580078 MB
Time index, remove data from structure: 0.0022772983
Time for querying: 0.0
Time for new slide: 0.1211626477
Time for expired slide: 0.01868775965
------------------------------------
Number clusters = 0.0
Max Number points in event queue = 0.0
Avg number points in clusters= 0.0
Avg Rmc size = 0.0
Avg Length exps= 0.0
#window: 21
Total #outliers: 518
Average Time: 139.11873357142858 ms
Peak memory: 1068.9430694580078 MB
Time index, remove data from structure: 0.002260681666666667
Time for querying: 0.0
Time for new slide: 0.12061612057142858
Time for expired slide: 0.018498965428571428
------------------------------------
Number clusters = 0.0
Max Number points in event queue = 0.0
Avg number points in clusters= 0.0
Avg Rmc size = 0.0
Avg Length exps= 0.0
#window: 22
Total #outliers: 513
Average Time: 138.46641986363636 ms
Peak memory: 1068.9430694580078 MB
Time index, remove data from structure: 0.002248672772727273
Time for querying: 0.0
Time for new slide: 0.12013458068181819
Time for expired slide: 0.018328211818181818
------------------------------------
Number clusters = 0.0
Max Number points in event queue = 0.0
Avg number points in clusters= 0.0
Avg Rmc size = 0.0
Avg Length exps= 0.0
#window: 23
Total #outliers: 512
Average Time: 138.05496634782608 ms
Peak memory: 1068.9430694580078 MB
Time index, remove data from structure: 0.0022405245217391304
Time for querying: 0.0
Time for new slide: 0.11977589947826087
Time for expired slide: 0.018275439391304348
------------------------------------
Number clusters = 0.0
Max Number points in event queue = 0.0
Avg number points in clusters= 0.0
Avg Rmc size = 0.0
Avg Length exps= 0.0
#window: 24
Total #outliers: 523
Average Time: 138.30227137499998 ms
Peak memory: 1068.9430694580078 MB
Time index, remove data from structure: 0.0022351910416666667
Time for querying: 0.0
Time for new slide: 0.11999167483333334
Time for expired slide: 0.018306684041666667
------------------------------------
Number clusters = 0.0
Max Number points in event queue = 0.0
Avg number points in clusters= 0.0
Avg Rmc size = 0.0
Avg Length exps= 0.0
#window: 25
Total #outliers: 514
Average Time: 138.15578552 ms
Peak memory: 1068.9430694580078 MB
Time index, remove data from structure: 0.00222936744
Time for querying: 0.0
Time for new slide: 0.11983114512
Time for expired slide: 0.01832077008
------------------------------------
Number clusters = 0.0
Max Number points in event queue = 0.0
Avg number points in clusters= 0.0
Avg Rmc size = 0.0
Avg Length exps= 0.0
#window: 26
Total #outliers: 509
Average Time: 138.03208619230767 ms
Peak memory: 1068.9430694580078 MB
Time index, remove data from structure: 0.0022225017692307694
Time for querying: 0.0
Time for new slide: 0.11960285226923076
Time for expired slide: 0.01842540246153846
------------------------------------
Number clusters = 0.0
Max Number points in event queue = 0.0
Avg number points in clusters= 0.0
Avg Rmc size = 0.0
Avg Length exps= 0.0
#window: 27
Total #outliers: 499
Average Time: 137.83620855555554 ms
Peak memory: 1068.9430694580078 MB
Time index, remove data from structure: 0.002221726888888889
Time for querying: 0.0
Time for new slide: 0.11933254874074074
Time for expired slide: 0.01849986485185185
------------------------------------
Number clusters = 0.0
Max Number points in event queue = 0.0
Avg number points in clusters= 0.0
Avg Rmc size = 0.0
Avg Length exps= 0.0
#window: 28
Total #outliers: 514
Average Time: 137.59708185714283 ms
Peak memory: 1068.9430694580078 MB
Time index, remove data from structure: 0.002215377142857143
Time for querying: 0.0
Time for new slide: 0.11909867667857144
Time for expired slide: 0.018494651785714283
------------------------------------
Number clusters = 0.0
Max Number points in event queue = 0.0
Avg number points in clusters= 0.0
Avg Rmc size = 0.0
Avg Length exps= 0.0
#window: 29
Total #outliers: 509
Average Time: 137.36527931034482 ms
Peak memory: 1068.9430694580078 MB
Time index, remove data from structure: 0.0022077952068965514
Time for querying: 0.0
Time for new slide: 0.11891611637931035
Time for expired slide: 0.018445456862068964
------------------------------------
Number clusters = 0.0
Max Number points in event queue = 0.0
Avg number points in clusters= 0.0
Avg Rmc size = 0.0
Avg Length exps= 0.0
#window: 30
Total #outliers: 524
Average Time: 137.20948399999997 ms
Peak memory: 1068.9430694580078 MB
Time index, remove data from structure: 0.0021991946666666666
Time for querying: 0.0
Time for new slide: 0.11882857686666666
Time for expired slide: 0.018377239599999998
------------------------------------
Number clusters = 0.0
Max Number points in event queue = 0.0
Avg number points in clusters= 0.0
Avg Rmc size = 0.0
Avg Length exps= 0.0
#window: 31
Total #outliers: 532
Average Time: 137.05012129032255 ms
Peak memory: 1068.9430694580078 MB
Time index, remove data from structure: 0.0021938328387096774
Time for querying: 0.0
Time for new slide: 0.11871715748387097
Time for expired slide: 0.018329321548387095
------------------------------------
Number clusters = 0.0
Max Number points in event queue = 0.0
Avg number points in clusters= 0.0
Avg Rmc size = 0.0
Avg Length exps= 0.0
#window: 32
Total #outliers: 532
Average Time: 136.50231712499996 ms
Peak memory: 1068.9430694580078 MB
Time index, remove data from structure: 0.00218072175
Time for querying: 0.0
Time for new slide: 0.118232196625
Time for expired slide: 0.0182664924375
------------------------------------
Number clusters = 0.0
Max Number points in event queue = 0.0
Avg number points in clusters= 0.0
Avg Rmc size = 0.0
Avg Length exps= 0.0
#window: 33
Total #outliers: 544
Average Time: 136.0675634242424 ms
Peak memory: 1068.9430694580078 MB
Time index, remove data from structure: 0.0021767667272727274
Time for querying: 0.0
Time for new slide: 0.11780298324242425
Time for expired slide: 0.018260967606060607
------------------------------------
Number clusters = 0.0
Max Number points in event queue = 0.0
Avg number points in clusters= 0.0
Avg Rmc size = 0.0
Avg Length exps= 0.0
#window: 34
Total #outliers: 536
Average Time: 135.6958467058823 ms
Peak memory: 1068.9430694580078 MB
Time index, remove data from structure: 0.002171182411764706
Time for querying: 0.0
Time for new slide: 0.11746879614705882
Time for expired slide: 0.01822345773529412
------------------------------------
Number clusters = 0.0
Max Number points in event queue = 0.0
Avg number points in clusters= 0.0
Avg Rmc size = 0.0
Avg Length exps= 0.0
#window: 35
Total #outliers: 537
Average Time: 135.21551808571425 ms
Peak memory: 1068.9430694580078 MB
Time index, remove data from structure: 0.002163102257142857
Time for querying: 0.0
Time for new slide: 0.11709518974285714
Time for expired slide: 0.018116751171428573
------------------------------------
Number clusters = 0.0
Max Number points in event queue = 0.0
Avg number points in clusters= 0.0
Avg Rmc size = 0.0
Avg Length exps= 0.0
#window: 36
Total #outliers: 532
Average Time: 134.86804613888884 ms
Peak memory: 1068.9430694580078 MB
Time index, remove data from structure: 0.0021567468055555556
Time for querying: 0.0
Time for new slide: 0.11680626813888889
Time for expired slide: 0.018058229999999998
------------------------------------
Number clusters = 0.0
Max Number points in event queue = 0.0
Avg number points in clusters= 0.0
Avg Rmc size = 0.0
Avg Length exps= 0.0
#window: 37
Total #outliers: 515
Average Time: 134.75811281081076 ms
Peak memory: 1068.9430694580078 MB
Time index, remove data from structure: 0.0021562197567567567
Time for querying: 0.0
Time for new slide: 0.11657542148648647
Time for expired slide: 0.0181791722972973
------------------------------------
Number clusters = 0.0
Max Number points in event queue = 0.0
Avg number points in clusters= 0.0
Avg Rmc size = 0.0
Avg Length exps= 0.0
#window: 38
Total #outliers: 508
Average Time: 134.49953799999994 ms
Peak memory: 1068.9430694580078 MB
Time index, remove data from structure: 0.0021527437894736843
Time for querying: 0.0
Time for new slide: 0.11635866449999999
Time for expired slide: 0.018137370315789474
------------------------------------
Number clusters = 0.0
Max Number points in event queue = 0.0
Avg number points in clusters= 0.0
Avg Rmc size = 0.0
Avg Length exps= 0.0
#window: 39
Total #outliers: 514
Average Time: 134.25743807692302 ms
Peak memory: 1068.9430694580078 MB
Time index, remove data from structure: 0.002144395871794872
Time for querying: 0.0
Time for new slide: 0.11616595115384616
Time for expired slide: 0.018087990871794874
------------------------------------
Number clusters = 0.0
Max Number points in event queue = 0.0
Avg number points in clusters= 0.0
Avg Rmc size = 0.0
Avg Length exps= 0.0
#window: 40
Total #outliers: 506
Average Time: 134.02825724999994 ms
Peak memory: 1068.9430694580078 MB
Time index, remove data from structure: 0.0021390946500000002
Time for querying: 0.0
Time for new slide: 0.11602090115000001
Time for expired slide: 0.018003865299999998
------------------------------------
Number clusters = 0.0
Max Number points in event queue = 0.0
Avg number points in clusters= 0.0
Avg Rmc size = 0.0
Avg Length exps= 0.0
#window: 41
Total #outliers: 530
Average Time: 133.80566948780483 ms
Peak memory: 1068.9430694580078 MB
Time index, remove data from structure: 0.0021313351951219514
Time for querying: 0.0
Time for new slide: 0.11588926358536585
Time for expired slide: 0.017912917463414633
------------------------------------
Number clusters = 0.0
Max Number points in event queue = 0.0
Avg number points in clusters= 0.0
Avg Rmc size = 0.0
Avg Length exps= 0.0
#window: 42
Total #outliers: 538
Average Time: 133.76734947619045 ms
Peak memory: 1074.4446411132812 MB
Time index, remove data from structure: 0.0021278145952380954
Time for querying: 0.0
Time for new slide: 0.11579208552380951
Time for expired slide: 0.017971790571428573
------------------------------------
Number clusters = 0.0
Max Number points in event queue = 0.0
Avg number points in clusters= 0.0
Avg Rmc size = 0.0
Avg Length exps= 0.0
#window: 43
Total #outliers: 548
Average Time: 133.64990897674414 ms
Peak memory: 1154.224136352539 MB
Time index, remove data from structure: 0.002124937860465116
Time for querying: 0.0
Time for new slide: 0.11574708120930231
Time for expired slide: 0.01789936041860465
------------------------------------
Number clusters = 0.0
Max Number points in event queue = 0.0
Avg number points in clusters= 0.0
Avg Rmc size = 0.0
Avg Length exps= 0.0
#window: 44
Total #outliers: 552
Average Time: 133.84189352272725 ms
Peak memory: 1194.113883972168 MB
Time index, remove data from structure: 0.002122108159090909
Time for querying: 0.0
Time for new slide: 0.11592756538636363
Time for expired slide: 0.017910869840909092
------------------------------------
Number clusters = 0.0
Max Number points in event queue = 0.0
Avg number points in clusters= 0.0
Avg Rmc size = 0.0
Avg Length exps= 0.0
#window: 45
Total #outliers: 543
Average Time: 134.43403788888887 ms
Peak memory: 1313.7831268310547 MB
Time index, remove data from structure: 0.0021237222444444445
Time for querying: 0.0
Time for new slide: 0.11651343471111111
Time for expired slide: 0.017917151533333335
------------------------------------
Number clusters = 0.0
Max Number points in event queue = 0.0
Avg number points in clusters= 0.0
Avg Rmc size = 0.0
Avg Length exps= 0.0
#window: 46
Total #outliers: 534
Average Time: 135.11842045652173 ms
Peak memory: 1393.5626220703125 MB
Time index, remove data from structure: 0.002123947347826087
Time for querying: 0.0
Time for new slide: 0.1171978347173913
Time for expired slide: 0.017917148086956523
------------------------------------
Number clusters = 0.0
Max Number points in event queue = 0.0
Avg number points in clusters= 0.0
Avg Rmc size = 0.0
Avg Length exps= 0.0
#window: 47
Total #outliers: 522
Average Time: 135.91565780851062 ms
Peak memory: 1433.4523696899414 MB
Time index, remove data from structure: 0.0021321478510638297
Time for querying: 0.0
Time for new slide: 0.1178244260425532
Time for expired slide: 0.018087784765957446
------------------------------------
Number clusters = 0.0
Max Number points in event queue = 0.0
Avg number points in clusters= 0.0
Avg Rmc size = 0.0
Avg Length exps= 0.0
#window: 48
Total #outliers: 498
Average Time: 136.4122326458333 ms
Peak memory: 1553.1216125488281 MB
Time index, remove data from structure: 0.00213137925
Time for querying: 0.0
Time for new slide: 0.118332631625
Time for expired slide: 0.0180761575
------------------------------------
Number clusters = 0.0
Max Number points in event queue = 0.0
Avg number points in clusters= 0.0
Avg Rmc size = 0.0
Avg Length exps= 0.0
#window: 49
Total #outliers: 496
Average Time: 137.01754022448978 ms
Peak memory: 1632.901107788086 MB
Time index, remove data from structure: 0.0021329205102040816
Time for querying: 0.0
Time for new slide: 0.11886654914285714
Time for expired slide: 0.01814754279591837
------------------------------------
Number clusters = 0.0
Max Number points in event queue = 0.0
Avg number points in clusters= 0.0
Avg Rmc size = 0.0
Avg Length exps= 0.0
#window: 50
Total #outliers: 493
Average Time: 137.62734482 ms
Peak memory: 1712.6806030273438 MB
Time index, remove data from structure: 0.00213382922
Time for querying: 0.0
Time for new slide: 0.11938667316
Time for expired slide: 0.01823722178
------------------------------------
Number clusters = 0.0
Max Number points in event queue = 0.0
Avg number points in clusters= 0.0
Avg Rmc size = 0.0
Avg Length exps= 0.0
#window: 51
Total #outliers: 482
Average Time: 138.16060798039214 ms
Peak memory: 1792.4600982666016 MB
Time index, remove data from structure: 0.002136837862745098
Time for querying: 0.0
Time for new slide: 0.11992742188235293
Time for expired slide: 0.018229738764705884
------------------------------------
Number clusters = 0.0
Max Number points in event queue = 0.0
Avg number points in clusters= 0.0
Avg Rmc size = 0.0
Avg Length exps= 0.0
#window: 52
Total #outliers: 485
Average Time: 138.8327771730769 ms
Peak memory: 1912.1293411254883 MB
Time index, remove data from structure: 0.0021390847884615385
Time for querying: 0.0
Time for new slide: 0.12060225619230769
Time for expired slide: 0.018227085596153846
------------------------------------
Number clusters = 0.0
Max Number points in event queue = 0.0
Avg number points in clusters= 0.0
Avg Rmc size = 0.0
Avg Length exps= 0.0
#window: 53
Total #outliers: 487
Average Time: 139.41078226415092 ms
Peak memory: 1952.0190887451172 MB
Time index, remove data from structure: 0.002140415716981132
Time for querying: 0.0
Time for new slide: 0.12110635894339622
Time for expired slide: 0.01830098403773585
------------------------------------
Number clusters = 0.0
Max Number points in event queue = 0.0
Avg number points in clusters= 0.0
Avg Rmc size = 0.0
Avg Length exps= 0.0
#window: 54
Total #outliers: 479
Average Time: 139.9619207222222 ms
Peak memory: 2031.798583984375 MB
Time index, remove data from structure: 0.002141287037037037
Time for querying: 0.0
Time for new slide: 0.12161707301851851
Time for expired slide: 0.018341410333333332
------------------------------------
Number clusters = 0.0
Max Number points in event queue = 0.0
Avg number points in clusters= 0.0
Avg Rmc size = 0.0
Avg Length exps= 0.0
#window: 55
Total #outliers: 493
Average Time: 140.38575145454544 ms
Peak memory: 2111.5781021118164 MB
Time index, remove data from structure: 0.002141069381818182
Time for querying: 0.0
Time for new slide: 0.12200329178181818
Time for expired slide: 0.01837903041818182
------------------------------------
Number clusters = 0.0
Max Number points in event queue = 0.0
Avg number points in clusters= 0.0
Avg Rmc size = 0.0
Avg Length exps= 0.0
#window: 56
Total #outliers: 491
Average Time: 140.00403187499995 ms
Peak memory: 2111.5781021118164 MB
Time index, remove data from structure: 0.0021354031964285715
Time for querying: 0.0
Time for new slide: 0.12165319019642858
Time for expired slide: 0.01834741905357143
------------------------------------
Number clusters = 0.0
Max Number points in event queue = 0.0
Avg number points in clusters= 0.0
Avg Rmc size = 0.0
Avg Length exps= 0.0
#window: 57
Total #outliers: 543
Average Time: 139.65206824561403 ms
Peak memory: 2111.5781021118164 MB
Time index, remove data from structure: 0.0021284176491228072
Time for querying: 0.0
Time for new slide: 0.12133739894736842
Time for expired slide: 0.01831124554385965
------------------------------------
Number clusters = 0.0
Max Number points in event queue = 0.0
Avg number points in clusters= 0.0
Avg Rmc size = 0.0
Avg Length exps= 0.0
#window: 58
Total #outliers: 532
Average Time: 139.3483134655172 ms
Peak memory: 2111.5781021118164 MB
Time index, remove data from structure: 0.0021258310862068966
Time for querying: 0.0
Time for new slide: 0.12102855381034482
Time for expired slide: 0.0183163435
------------------------------------
Number clusters = 0.0
Max Number points in event queue = 0.0
Avg number points in clusters= 0.0
Avg Rmc size = 0.0
Avg Length exps= 0.0
#window: 59
Total #outliers: 535
Average Time: 138.99739415254234 ms
Peak memory: 2111.5781021118164 MB
Time index, remove data from structure: 0.00211919113559322
Time for querying: 0.0
Time for new slide: 0.12074190179661017
Time for expired slide: 0.01825208538983051
------------------------------------
Number clusters = 0.0
Max Number points in event queue = 0.0
Avg number points in clusters= 0.0
Avg Rmc size = 0.0
Avg Length exps= 0.0
#window: 60
Total #outliers: 539
Average Time: 138.71937806666662 ms
Peak memory: 2111.5781021118164 MB
Time index, remove data from structure: 0.0021150562666666668
Time for querying: 0.0
Time for new slide: 0.12048898201666666
Time for expired slide: 0.018227001416666666
------------------------------------
Number clusters = 0.0
Max Number points in event queue = 0.0
Avg number points in clusters= 0.0
Avg Rmc size = 0.0
Avg Length exps= 0.0
#window: 61
Total #outliers: 526
Average Time: 138.425817557377 ms
Peak memory: 2111.5781021118164 MB
Time index, remove data from structure: 0.00211005668852459
Time for querying: 0.0
Time for new slide: 0.12025591013114754
Time for expired slide: 0.018166513245901638
------------------------------------
Number clusters = 0.0
Max Number points in event queue = 0.0
Avg number points in clusters= 0.0
Avg Rmc size = 0.0
Avg Length exps= 0.0
#window: 62
Total #outliers: 529
Average Time: 138.1938448548387 ms
Peak memory: 2111.5781021118164 MB
Time index, remove data from structure: 0.002104691
Time for querying: 0.0
Time for new slide: 0.120053308
Time for expired slide: 0.018137147758064517
------------------------------------
Number clusters = 0.0
Max Number points in event queue = 0.0
Avg number points in clusters= 0.0
Avg Rmc size = 0.0
Avg Length exps= 0.0
#window: 63
Total #outliers: 520
Average Time: 137.9329511587301 ms
Peak memory: 2111.5781021118164 MB
Time index, remove data from structure: 0.002097571349206349
Time for querying: 0.0
Time for new slide: 0.11985183898412699
Time for expired slide: 0.018077738126984128
------------------------------------
Number clusters = 0.0
Max Number points in event queue = 0.0
Avg number points in clusters= 0.0
Avg Rmc size = 0.0
Avg Length exps= 0.0
#window: 64
Total #outliers: 539
Average Time: 137.78140751562495 ms
Peak memory: 2111.5781021118164 MB
Time index, remove data from structure: 0.00209277359375
Time for querying: 0.0
Time for new slide: 0.119753973421875
Time for expired slide: 0.0180240676875
------------------------------------
Number clusters = 0.0
Max Number points in event queue = 0.0
Avg number points in clusters= 0.0
Avg Rmc size = 0.0
Avg Length exps= 0.0
#window: 65
Total #outliers: 544
Average Time: 137.65107221538457 ms
Peak memory: 2111.5781021118164 MB
Time index, remove data from structure: 0.002087913876923077
Time for querying: 0.0
Time for new slide: 0.11961302646153847
Time for expired slide: 0.01803446356923077
------------------------------------
Number clusters = 0.0
Max Number points in event queue = 0.0
Avg number points in clusters= 0.0
Avg Rmc size = 0.0
Avg Length exps= 0.0
#window: 66
Total #outliers: 541
Average Time: 137.52547149999998 ms
Peak memory: 2111.5781021118164 MB
Time index, remove data from structure: 0.002083026348484848
Time for querying: 0.0
Time for new slide: 0.1195037751969697
Time for expired slide: 0.01801813063636364
------------------------------------
Number clusters = 0.0
Max Number points in event queue = 0.0
Avg number points in clusters= 0.0
Avg Rmc size = 0.0
Avg Length exps= 0.0
#window: 67
Total #outliers: 543
Average Time: 137.5012889850746 ms
Peak memory: 2111.5781021118164 MB
Time index, remove data from structure: 0.0020774870597014927
Time for querying: 0.0
Time for new slide: 0.11943664397014925
Time for expired slide: 0.018061090582089552
------------------------------------
Number clusters = 0.0
Max Number points in event queue = 0.0
Avg number points in clusters= 0.0
Avg Rmc size = 0.0
Avg Length exps= 0.0
#window: 68
Total #outliers: 557
Average Time: 137.43542783823526 ms
Peak memory: 2111.5781021118164 MB
Time index, remove data from structure: 0.0020730063088235293
Time for querying: 0.0
Time for new slide: 0.11938969726470589
Time for expired slide: 0.01804219219117647
------------------------------------
Number clusters = 0.0
Max Number points in event queue = 0.0
Avg number points in clusters= 0.0
Avg Rmc size = 0.0
Avg Length exps= 0.0
#window: 69
Total #outliers: 550
Average Time: 137.3722266086956 ms
Peak memory: 2111.5781021118164 MB
Time index, remove data from structure: 0.002069555202898551
Time for querying: 0.0
Time for new slide: 0.11934112013043478
Time for expired slide: 0.018027578782608696
------------------------------------
Number clusters = 0.0
Max Number points in event queue = 0.0
Avg number points in clusters= 0.0
Avg Rmc size = 0.0
Avg Length exps= 0.0
#window: 70
Total #outliers: 554
Average Time: 137.3030697285714 ms
Peak memory: 2111.5781021118164 MB
Time index, remove data from structure: 0.002064598742857143
Time for querying: 0.0
Time for new slide: 0.11931440614285714
Time for expired slide: 0.017985142957142857
------------------------------------
Number clusters = 0.0
Max Number points in event queue = 0.0
Avg number points in clusters= 0.0
Avg Rmc size = 0.0
Avg Length exps= 0.0
#window: 71
Total #outliers: 558
Average Time: 137.3168522535211 ms
Peak memory: 2111.5781021118164 MB
Time index, remove data from structure: 0.002062006957746479
Time for querying: 0.0
Time for new slide: 0.11931720646478874
Time for expired slide: 0.017996129591549295
------------------------------------
Number clusters = 0.0
Max Number points in event queue = 0.0
Avg number points in clusters= 0.0
Avg Rmc size = 0.0
Avg Length exps= 0.0
#window: 72
Total #outliers: 544
Average Time: 137.28628895833327 ms
Peak memory: 2111.5781021118164 MB
Time index, remove data from structure: 0.0020590499166666665
Time for querying: 0.0
Time for new slide: 0.11930112659722221
Time for expired slide: 0.017981651624999997
------------------------------------
Number clusters = 0.0
Max Number points in event queue = 0.0
Avg number points in clusters= 0.0
Avg Rmc size = 0.0
Avg Length exps= 0.0
#window: 73
Total #outliers: 514
Average Time: 137.25770613698623 ms
Peak memory: 2111.5781021118164 MB
Time index, remove data from structure: 0.0020558413561643832
Time for querying: 0.0
Time for new slide: 0.11931504023287672
Time for expired slide: 0.017939156205479454
------------------------------------
Number clusters = 0.0
Max Number points in event queue = 0.0
Avg number points in clusters= 0.0
Avg Rmc size = 0.0
Avg Length exps= 0.0
#window: 74
Total #outliers: 516
Average Time: 137.30322709459452 ms
Peak memory: 2111.5781021118164 MB
Time index, remove data from structure: 0.002055337810810811
Time for querying: 0.0
Time for new slide: 0.11931860645945945
Time for expired slide: 0.01798111789189189
------------------------------------
Number clusters = 0.0
Max Number points in event queue = 0.0
Avg number points in clusters= 0.0
Avg Rmc size = 0.0
Avg Length exps= 0.0
#window: 75
Total #outliers: 508
Average Time: 137.3232384266666 ms
Peak memory: 2111.5781021118164 MB
Time index, remove data from structure: 0.0020521737333333333
Time for querying: 0.0
Time for new slide: 0.11935815588
Time for expired slide: 0.017961583813333334
------------------------------------
Number clusters = 0.0
Max Number points in event queue = 0.0
Avg number points in clusters= 0.0
Avg Rmc size = 0.0
Avg Length exps= 0.0
#window: 76
Total #outliers: 514
Average Time: 137.33649222368416 ms
Peak memory: 2111.5781021118164 MB
Time index, remove data from structure: 0.0020509271973684212
Time for querying: 0.0
Time for new slide: 0.11937733007894738
Time for expired slide: 0.017955667513157896
------------------------------------
Number clusters = 0.0
Max Number points in event queue = 0.0
Avg number points in clusters= 0.0
Avg Rmc size = 0.0
Avg Length exps= 0.0
#window: 77
Total #outliers: 501
Average Time: 137.35527789610381 ms
Peak memory: 2111.5781021118164 MB
Time index, remove data from structure: 0.0020493874805194807
Time for querying: 0.0
Time for new slide: 0.11940967284415584
Time for expired slide: 0.01794211738961039
------------------------------------
Number clusters = 0.0
Max Number points in event queue = 0.0
Avg number points in clusters= 0.0
Avg Rmc size = 0.0
Avg Length exps= 0.0
#window: 78
Total #outliers: 499
Average Time: 137.39224288461529 ms
Peak memory: 2111.5781021118164 MB
Time index, remove data from structure: 0.0020477045384615384
Time for querying: 0.0
Time for new slide: 0.11946129198717949
Time for expired slide: 0.01792747041025641
------------------------------------
Number clusters = 0.0
Max Number points in event queue = 0.0
Avg number points in clusters= 0.0
Avg Rmc size = 0.0
Avg Length exps= 0.0
#window: 79
Total #outliers: 492
Average Time: 137.3472337215189 ms
Peak memory: 2126.0321044921875 MB
Time index, remove data from structure: 0.002045616265822785
Time for querying: 0.0
Time for new slide: 0.11940971196202531
Time for expired slide: 0.017934038518987342
------------------------------------
Number clusters = 0.0
Max Number points in event queue = 0.0
Avg number points in clusters= 0.0
Avg Rmc size = 0.0
Avg Length exps= 0.0
#window: 80
Total #outliers: 494
Average Time: 137.08715343749995 ms
Peak memory: 2126.0321044921875 MB
Time index, remove data from structure: 0.0020417774125
Time for querying: 0.0
Time for new slide: 0.11919183204999999
Time for expired slide: 0.017891840125
------------------------------------
Number clusters = 0.0
Max Number points in event queue = 0.0
Avg number points in clusters= 0.0
Avg Rmc size = 0.0
Avg Length exps= 0.0
#window: 81
Total #outliers: 508
Average Time: 136.87842902469131 ms
Peak memory: 2126.0321044921875 MB
Time index, remove data from structure: 0.0020376582962962964
Time for querying: 0.0
Time for new slide: 0.119008916345679
Time for expired slide: 0.01786604150617284
------------------------------------
Number clusters = 0.0
Max Number points in event queue = 0.0
Avg number points in clusters= 0.0
Avg Rmc size = 0.0
Avg Length exps= 0.0
#window: 82
Total #outliers: 500
Average Time: 136.7768606463414 ms
Peak memory: 2126.0321044921875 MB
Time index, remove data from structure: 0.002034864817073171
Time for querying: 0.0
Time for new slide: 0.11889216508536586
Time for expired slide: 0.01788122920731707
------------------------------------
Number clusters = 0.0
Max Number points in event queue = 0.0
Avg number points in clusters= 0.0
Avg Rmc size = 0.0
Avg Length exps= 0.0
#window: 83
Total #outliers: 519
Average Time: 136.63543861445777 ms
Peak memory: 2126.0321044921875 MB
Time index, remove data from structure: 0.0020325489759036143
Time for querying: 0.0
Time for new slide: 0.11873668519277109
Time for expired slide: 0.017895293759036146
------------------------------------
Number clusters = 0.0
Max Number points in event queue = 0.0
Avg number points in clusters= 0.0
Avg Rmc size = 0.0
Avg Length exps= 0.0
#window: 84
Total #outliers: 506
Average Time: 136.48213765476183 ms
Peak memory: 2126.0321044921875 MB
Time index, remove data from structure: 0.0020315441666666667
Time for querying: 0.0
Time for new slide: 0.1185794285
Time for expired slide: 0.017899256892857145
------------------------------------
Number clusters = 0.0
Max Number points in event queue = 0.0
Avg number points in clusters= 0.0
Avg Rmc size = 0.0
Avg Length exps= 0.0
#window: 85
Total #outliers: 503
Average Time: 136.3356883411764 ms
Peak memory: 2126.0321044921875 MB
Time index, remove data from structure: 0.002028198094117647
Time for querying: 0.0
Time for new slide: 0.11847464731764705
Time for expired slide: 0.017857590094117647
------------------------------------
Number clusters = 0.0
Max Number points in event queue = 0.0
Avg number points in clusters= 0.0
Avg Rmc size = 0.0
Avg Length exps= 0.0
#window: 86
Total #outliers: 504
Average Time: 136.1863095697674 ms
Peak memory: 2126.0321044921875 MB
Time index, remove data from structure: 0.002025557546511628
Time for querying: 0.0
Time for new slide: 0.11834294808139535
Time for expired slide: 0.017839914441860467
------------------------------------
Number clusters = 0.0
Max Number points in event queue = 0.0
Avg number points in clusters= 0.0
Avg Rmc size = 0.0
Avg Length exps= 0.0
#window: 87
Total #outliers: 501
Average Time: 136.0428954482758 ms
Peak memory: 2126.0321044921875 MB
Time index, remove data from structure: 0.002023165390804598
Time for querying: 0.0
Time for new slide: 0.11821792772413792
Time for expired slide: 0.01782152775862069
------------------------------------
Number clusters = 0.0
Max Number points in event queue = 0.0
Avg number points in clusters= 0.0
Avg Rmc size = 0.0
Avg Length exps= 0.0
#window: 88
Total #outliers: 507
Average Time: 135.9184658295454 ms
Peak memory: 2126.0321044921875 MB
Time index, remove data from structure: 0.0020210763181818183
Time for querying: 0.0
Time for new slide: 0.118107892375
Time for expired slide: 0.017807137636363636
------------------------------------
Number clusters = 0.0
Max Number points in event queue = 0.0
Avg number points in clusters= 0.0
Avg Rmc size = 0.0
Avg Length exps= 0.0
#window: 89
Total #outliers: 496
Average Time: 135.80111043820216 ms
Peak memory: 2126.0321044921875 MB
Time index, remove data from structure: 0.0020188743595505616
Time for querying: 0.0
Time for new slide: 0.11802968888764044
Time for expired slide: 0.01776799215730337
------------------------------------
Number clusters = 0.0
Max Number points in event queue = 0.0
Avg number points in clusters= 0.0
Avg Rmc size = 0.0
Avg Length exps= 0.0
#window: 90
Total #outliers: 504
Average Time: 135.72015798888881 ms
Peak memory: 2126.0321044921875 MB
Time index, remove data from structure: 0.0020161453666666667
Time for querying: 0.0
Time for new slide: 0.11794613556666668
Time for expired slide: 0.01777060386666667
------------------------------------
Number clusters = 0.0
Max Number points in event queue = 0.0
Avg number points in clusters= 0.0
Avg Rmc size = 0.0
Avg Length exps= 0.0
#window: 91
Total #outliers: 496
Average Time: 135.66141237362632 ms
Peak memory: 2126.0321044921875 MB
Time index, remove data from structure: 0.0020150176923076925
Time for querying: 0.0
Time for new slide: 0.11787654282417581
Time for expired slide: 0.017781456571428572
------------------------------------
Number clusters = 0.0
Max Number points in event queue = 0.0
Avg number points in clusters= 0.0
Avg Rmc size = 0.0
Avg Length exps= 0.0
#window: 92
Total #outliers: 494
Average Time: 135.54608499999992 ms
Peak memory: 2126.0321044921875 MB
Time index, remove data from structure: 0.002012088054347826
Time for querying: 0.0
Time for new slide: 0.11779958540217392
Time for expired slide: 0.017743091347826086
------------------------------------
Number clusters = 0.0
Max Number points in event queue = 0.0
Avg number points in clusters= 0.0
Avg Rmc size = 0.0
Avg Length exps= 0.0
#window: 93
Total #outliers: 516
Average Time: 135.48795190322573 ms
Peak memory: 2126.0321044921875 MB
Time index, remove data from structure: 0.0020112430000000002
Time for querying: 0.0
Time for new slide: 0.11774420178494624
Time for expired slide: 0.017740347494623655
------------------------------------
Number clusters = 0.0
Max Number points in event queue = 0.0
Avg number points in clusters= 0.0
Avg Rmc size = 0.0
Avg Length exps= 0.0
#window: 94
Total #outliers: 535
Average Time: 135.43152232978716 ms
Peak memory: 2126.0321044921875 MB
Time index, remove data from structure: 0.0020079039574468086
Time for querying: 0.0
Time for new slide: 0.1177240405
Time for expired slide: 0.01770408285106383
------------------------------------
Number clusters = 0.0
Max Number points in event queue = 0.0
Avg number points in clusters= 0.0
Avg Rmc size = 0.0
Avg Length exps= 0.0
#window: 95
Total #outliers: 528
Average Time: 135.42938693684204 ms
Peak memory: 2126.0321044921875 MB
Time index, remove data from structure: 0.002006627452631579
Time for querying: 0.0
Time for new slide: 0.11772741465263158
Time for expired slide: 0.017698578673684212
------------------------------------
Number clusters = 0.0
Max Number points in event queue = 0.0
Avg number points in clusters= 0.0
Avg Rmc size = 0.0
Avg Length exps= 0.0
#window: 96
Total #outliers: 557
Average Time: 135.40168039583324 ms
Peak memory: 2126.0321044921875 MB
Time index, remove data from structure: 0.0020045893333333334
Time for querying: 0.0
Time for new slide: 0.117731818
Time for expired slide: 0.017666476625
------------------------------------
Number clusters = 0.0
Max Number points in event queue = 0.0
Avg number points in clusters= 0.0
Avg Rmc size = 0.0
Avg Length exps= 0.0
#window: 97
Total #outliers: 565
Average Time: 135.42050639175253 ms
Peak memory: 2126.0321044921875 MB
Time index, remove data from structure: 0.002002615340206186
Time for querying: 0.0
Time for new slide: 0.11777943982474226
Time for expired slide: 0.01763768474226804
------------------------------------
Number clusters = 0.0
Max Number points in event queue = 0.0
Avg number points in clusters= 0.0
Avg Rmc size = 0.0
Avg Length exps= 0.0
#window: 98
Total #outliers: 563
Average Time: 135.44322416326523 ms
Peak memory: 2126.0321044921875 MB
Time index, remove data from structure: 0.0020022182040816327
Time for querying: 0.0
Time for new slide: 0.11780764725510205
Time for expired slide: 0.017632201510204084
------------------------------------
Number clusters = 0.0
Max Number points in event queue = 0.0
Avg number points in clusters= 0.0
Avg Rmc size = 0.0
Avg Length exps= 0.0
#window: 99
Total #outliers: 580
Average Time: 135.5012215555555 ms
Peak memory: 2126.0321044921875 MB
Time index, remove data from structure: 0.0020017207474747473
Time for querying: 0.0
Time for new slide: 0.11785627135353535
Time for expired slide: 0.017641580696969698
------------------------------------
Number clusters = 0.0
Max Number points in event queue = 0.0
Avg number points in clusters= 0.0
Avg Rmc size = 0.0
Avg Length exps= 0.0
#window: 100
Total #outliers: 563
Average Time: 135.5240385799999 ms
Peak memory: 2126.0321044921875 MB
Time index, remove data from structure: 0.00200046693
Time for querying: 0.0
Time for new slide: 0.11790200374
Time for expired slide: 0.017618667089999998
------------------------------------
Number clusters = 0.0
Max Number points in event queue = 0.0
Avg number points in clusters= 0.0
Avg Rmc size = 0.0
Avg Length exps= 0.0
#window: 101
Total #outliers: 574
Average Time: 135.505855910891 ms
Peak memory: 2126.0321044921875 MB
Time index, remove data from structure: 0.001998957405940594
Time for querying: 0.0
Time for new slide: 0.11790961677227724
Time for expired slide: 0.017592872712871285
------------------------------------
Number clusters = 0.0
Max Number points in event queue = 0.0
Avg number points in clusters= 0.0
Avg Rmc size = 0.0
Avg Length exps= 0.0
#window: 102
Total #outliers: 564
Average Time: 135.52595649999992 ms
Peak memory: 2126.0321044921875 MB
Time index, remove data from structure: 0.0019972111274509804
Time for querying: 0.0
Time for new slide: 0.11793796063725491
Time for expired slide: 0.017584637529411765
------------------------------------
Number clusters = 0.0
Max Number points in event queue = 0.0
Avg number points in clusters= 0.0
Avg Rmc size = 0.0
Avg Length exps= 0.0
#window: 103
Total #outliers: 569
Average Time: 135.5639120776698 ms
Peak memory: 2163.6831665039062 MB
Time index, remove data from structure: 0.0019940606601941747
Time for querying: 0.0
Time for new slide: 0.11800170489320388
Time for expired slide: 0.017558853427184464
------------------------------------
Number clusters = 0.0
Max Number points in event queue = 0.0
Avg number points in clusters= 0.0
Avg Rmc size = 0.0
Avg Length exps= 0.0
#window: 104
Total #outliers: 570
Average Time: 135.72720966346148 ms
Peak memory: 2265.9116973876953 MB
Time index, remove data from structure: 0.001993461855769231
Time for querying: 0.0
Time for new slide: 0.11815845809615386
Time for expired slide: 0.01756540146153846
------------------------------------
Number clusters = 0.0
Max Number points in event queue = 0.0
Avg number points in clusters= 0.0
Avg Rmc size = 0.0
Avg Length exps= 0.0
#window: 105
Total #outliers: 585
Average Time: 136.03582821904754 ms
Peak memory: 2317.0259552001953 MB
Time index, remove data from structure: 0.0019928298
Time for querying: 0.0
Time for new slide: 0.11843439260952382
Time for expired slide: 0.017598087714285716
------------------------------------
Number clusters = 0.0
Max Number points in event queue = 0.0
Avg number points in clusters= 0.0
Avg Rmc size = 0.0
Avg Length exps= 0.0
#window: 106
Total #outliers: 562
Average Time: 136.32484647169804 ms
Peak memory: 2419.2544708251953 MB
Time index, remove data from structure: 0.001992017537735849
Time for querying: 0.0
Time for new slide: 0.1187158746037736
Time for expired slide: 0.017605625433962265
------------------------------------
Number clusters = 0.0
Max Number points in event queue = 0.0
Avg number points in clusters= 0.0
Avg Rmc size = 0.0
Avg Length exps= 0.0
#window: 107
Total #outliers: 548
Average Time: 136.67027548598122 ms
Peak memory: 2521.4829864501953 MB
Time index, remove data from structure: 0.0019922828224299065
Time for querying: 0.0
Time for new slide: 0.11900415457943926
Time for expired slide: 0.017662773224299065
------------------------------------
Number clusters = 0.0
Max Number points in event queue = 0.0
Avg number points in clusters= 0.0
Avg Rmc size = 0.0
Avg Length exps= 0.0
#window: 108
Total #outliers: 535
Average Time: 136.95160024074067 ms
Peak memory: 2572.5972442626953 MB
Time index, remove data from structure: 0.001991680657407407
Time for querying: 0.0
Time for new slide: 0.11927778374074073
Time for expired slide: 0.017670462935185184
------------------------------------
Number clusters = 0.0
Max Number points in event queue = 0.0
Avg number points in clusters= 0.0
Avg Rmc size = 0.0
Avg Length exps= 0.0
#window: 109
Total #outliers: 544
Average Time: 137.2903988165137 ms
Peak memory: 2674.8257598876953 MB
Time index, remove data from structure: 0.001992574376146789
Time for querying: 0.0
Time for new slide: 0.11955357750458714
Time for expired slide: 0.017733467366972476
------------------------------------
Number clusters = 0.0
Max Number points in event queue = 0.0
Avg number points in clusters= 0.0
Avg Rmc size = 0.0
Avg Length exps= 0.0
#window: 110
Total #outliers: 553
Average Time: 137.09713629090902 ms
Peak memory: 2674.8257598876953 MB
Time index, remove data from structure: 0.0019924996272727273
Time for querying: 0.0
Time for new slide: 0.11935625721818183
Time for expired slide: 0.017737520736363636
------------------------------------
Number clusters = 0.0
Max Number points in event queue = 0.0
Avg number points in clusters= 0.0
Avg Rmc size = 0.0
Avg Length exps= 0.0
#window: 111
Total #outliers: 538
Average Time: 136.89490889189182 ms
Peak memory: 2674.8257598876953 MB
Time index, remove data from structure: 0.001989852162162162
Time for querying: 0.0
Time for new slide: 0.11916868489189189
Time for expired slide: 0.01772286973873874
------------------------------------
Number clusters = 0.0
Max Number points in event queue = 0.0
Avg number points in clusters= 0.0
Avg Rmc size = 0.0
Avg Length exps= 0.0
#window: 112
Total #outliers: 522
Average Time: 136.70103556249992 ms
Peak memory: 2674.8257598876953 MB
Time index, remove data from structure: 0.0019880116339285716
Time for querying: 0.0
Time for new slide: 0.11898684193749999
Time for expired slide: 0.017710846098214286
------------------------------------
Number clusters = 0.0
Max Number points in event queue = 0.0
Avg number points in clusters= 0.0
Avg Rmc size = 0.0
Avg Length exps= 0.0
#window: 113
Total #outliers: 513
Average Time: 136.55204343362826 ms
Peak memory: 2674.8257598876953 MB
Time index, remove data from structure: 0.0019863692831858406
Time for querying: 0.0
Time for new slide: 0.11884886407964601
Time for expired slide: 0.017699837495575223
------------------------------------
Number clusters = 0.0
Max Number points in event queue = 0.0
Avg number points in clusters= 0.0
Avg Rmc size = 0.0
Avg Length exps= 0.0
#window: 114
Total #outliers: 522
Average Time: 136.4408458421052 ms
Peak memory: 2674.8257598876953 MB
Time index, remove data from structure: 0.0019832972631578945
Time for querying: 0.0
Time for new slide: 0.11875191510526316
Time for expired slide: 0.017685594692982455
------------------------------------
Number clusters = 0.0
Max Number points in event queue = 0.0
Avg number points in clusters= 0.0
Avg Rmc size = 0.0
Avg Length exps= 0.0
#window: 115
Total #outliers: 514
Average Time: 136.34359267826082 ms
Peak memory: 2674.8257598876953 MB
Time index, remove data from structure: 0.001982429608695652
Time for querying: 0.0
Time for new slide: 0.11863685189565217
Time for expired slide: 0.01770340640869565
------------------------------------
Number clusters = 0.0
Max Number points in event queue = 0.0
Avg number points in clusters= 0.0
Avg Rmc size = 0.0
Avg Length exps= 0.0
#window: 116
Total #outliers: 512
Average Time: 136.20364267241374 ms
Peak memory: 2674.8257598876953 MB
Time index, remove data from structure: 0.0019806236379310343
Time for querying: 0.0
Time for new slide: 0.118522374
Time for expired slide: 0.0176779374137931
------------------------------------
Number clusters = 0.0
Max Number points in event queue = 0.0
Avg number points in clusters= 0.0
Avg Rmc size = 0.0
Avg Length exps= 0.0
#window: 117
Total #outliers: 511
Average Time: 136.07028608547003 ms
Peak memory: 2674.8257598876953 MB
Time index, remove data from structure: 0.001978557769230769
Time for querying: 0.0
Time for new slide: 0.11840196693162394
Time for expired slide: 0.017664991854700857
------------------------------------
Number clusters = 0.0
Max Number points in event queue = 0.0
Avg number points in clusters= 0.0
Avg Rmc size = 0.0
Avg Length exps= 0.0
#window: 118
Total #outliers: 508
Average Time: 135.96251128813554 ms
Peak memory: 2674.8257598876953 MB
Time index, remove data from structure: 0.0019778479237288135
Time for querying: 0.0
Time for new slide: 0.11828564878813559
Time for expired slide: 0.017673536940677966
------------------------------------
Number clusters = 0.0
Max Number points in event queue = 0.0
Avg number points in clusters= 0.0
Avg Rmc size = 0.0
Avg Length exps= 0.0
#window: 119
Total #outliers: 514
Average Time: 135.89245773949574 ms
Peak memory: 2674.8257598876953 MB
Time index, remove data from structure: 0.0019771270672268907
Time for querying: 0.0
Time for new slide: 0.11823072956302522
Time for expired slide: 0.017658404168067226
------------------------------------
Number clusters = 0.0
Max Number points in event queue = 0.0
Avg number points in clusters= 0.0
Avg Rmc size = 0.0
Avg Length exps= 0.0
#window: 120
Total #outliers: 541
Average Time: 135.8524246916666 ms
Peak memory: 2674.8257598876953 MB
Time index, remove data from structure: 0.0019768081416666667
Time for querying: 0.0
Time for new slide: 0.118187568125
Time for expired slide: 0.01766153155
------------------------------------
Number clusters = 0.0
Max Number points in event queue = 0.0
Avg number points in clusters= 0.0
Avg Rmc size = 0.0
Avg Length exps= 0.0
#window: 121
Total #outliers: 554
Average Time: 135.77121695041316 ms
Peak memory: 2674.8257598876953 MB
Time index, remove data from structure: 0.001975001041322314
Time for querying: 0.0
Time for new slide: 0.11812617685950413
Time for expired slide: 0.01764171226446281
------------------------------------
Number clusters = 0.0
Max Number points in event queue = 0.0
Avg number points in clusters= 0.0
Avg Rmc size = 0.0
Avg Length exps= 0.0
#window: 122
Total #outliers: 549
Average Time: 135.70805915573763 ms
Peak memory: 2674.8257598876953 MB
Time index, remove data from structure: 0.001974489508196721
Time for querying: 0.0
Time for new slide: 0.1180836126147541
Time for expired slide: 0.017621116745901638
------------------------------------
Number clusters = 0.0
Max Number points in event queue = 0.0
Avg number points in clusters= 0.0
Avg Rmc size = 0.0
Avg Length exps= 0.0
#window: 123
Total #outliers: 550
Average Time: 135.66096660975606 ms
Peak memory: 2674.8257598876953 MB
Time index, remove data from structure: 0.0019719253658536584
Time for querying: 0.0
Time for new slide: 0.118040594
Time for expired slide: 0.0176170431300813
------------------------------------
Number clusters = 0.0
Max Number points in event queue = 0.0
Avg number points in clusters= 0.0
Avg Rmc size = 0.0
Avg Length exps= 0.0
#window: 124
Total #outliers: 547
Average Time: 135.61761845161283 ms
Peak memory: 2674.8257598876953 MB
Time index, remove data from structure: 0.0019710357016129035
Time for querying: 0.0
Time for new slide: 0.11800116188709676
Time for expired slide: 0.017613131927419354
------------------------------------
Number clusters = 0.0
Max Number points in event queue = 0.0
Avg number points in clusters= 0.0
Avg Rmc size = 0.0
Avg Length exps= 0.0
#window: 125
Total #outliers: 533
Average Time: 135.61306079199994 ms
Peak memory: 2674.8257598876953 MB
Time index, remove data from structure: 0.001969746816
Time for querying: 0.0
Time for new slide: 0.117973829488
Time for expired slide: 0.017635909528
------------------------------------
Number clusters = 0.0
Max Number points in event queue = 0.0
Avg number points in clusters= 0.0
Avg Rmc size = 0.0
Avg Length exps= 0.0
#window: 126
Total #outliers: 522
Average Time: 135.5998043571428 ms
Peak memory: 2674.8257598876953 MB
Time index, remove data from structure: 0.001968832714285714
Time for querying: 0.0
Time for new slide: 0.11796273406349206
Time for expired slide: 0.017633749214285715
------------------------------------
Number clusters = 0.0
Max Number points in event queue = 0.0
Avg number points in clusters= 0.0
Avg Rmc size = 0.0
Avg Length exps= 0.0
#window: 127
Total #outliers: 546
Average Time: 135.57434238582672 ms
Peak memory: 2674.8257598876953 MB
Time index, remove data from structure: 0.0019681107322834647
Time for querying: 0.0
Time for new slide: 0.11794635888188976
Time for expired slide: 0.017624661527559055
------------------------------------
Number clusters = 0.0
Max Number points in event queue = 0.0
Avg number points in clusters= 0.0
Avg Rmc size = 0.0
Avg Length exps= 0.0
#window: 128
Total #outliers: 510
Average Time: 135.55459898437493 ms
Peak memory: 2674.8257598876953 MB
Time index, remove data from structure: 0.0019669545703125
Time for querying: 0.0
Time for new slide: 0.1179323494375
Time for expired slide: 0.0176189245078125
------------------------------------
Number clusters = 0.0
Max Number points in event queue = 0.0
Avg number points in clusters= 0.0
Avg Rmc size = 0.0
Avg Length exps= 0.0
#window: 129
Total #outliers: 501
Average Time: 135.5669108217054 ms
Peak memory: 2674.8257598876953 MB
Time index, remove data from structure: 0.001966251333333333
Time for querying: 0.0
Time for new slide: 0.11794357139534883
Time for expired slide: 0.01762001568992248
------------------------------------
Number clusters = 0.0
Max Number points in event queue = 0.0
Avg number points in clusters= 0.0
Avg Rmc size = 0.0
Avg Length exps= 0.0
#window: 130
Total #outliers: 494
Average Time: 135.53052636153842 ms
Peak memory: 2674.8257598876953 MB
Time index, remove data from structure: 0.0019650995384615385
Time for querying: 0.0
Time for new slide: 0.11792712953846153
Time for expired slide: 0.017600074869230767
------------------------------------
Number clusters = 0.0
Max Number points in event queue = 0.0
Avg number points in clusters= 0.0
Avg Rmc size = 0.0
Avg Length exps= 0.0
#window: 131
Total #outliers: 486
Average Time: 135.53631772519083 ms
Peak memory: 2674.8257598876953 MB
Time index, remove data from structure: 0.001964000526717557
Time for querying: 0.0
Time for new slide: 0.11793419851145039
Time for expired slide: 0.0175987999389313
------------------------------------
Number clusters = 0.0
Max Number points in event queue = 0.0
Avg number points in clusters= 0.0
Avg Rmc size = 0.0
Avg Length exps= 0.0
#window: 132
Total #outliers: 486
Average Time: 135.506660280303 ms
Peak memory: 2674.8257598876953 MB
Time index, remove data from structure: 0.001962470371212121
Time for querying: 0.0
Time for new slide: 0.11791130734848485
Time for expired slide: 0.01759203678030303
------------------------------------
Number clusters = 0.0
Max Number points in event queue = 0.0
Avg number points in clusters= 0.0
Avg Rmc size = 0.0
Avg Length exps= 0.0
#window: 133
Total #outliers: 506
Average Time: 135.50102196240596 ms
Peak memory: 2674.8257598876953 MB
Time index, remove data from structure: 0.001962026210526316
Time for querying: 0.0
Time for new slide: 0.11790894991729324
Time for expired slide: 0.01758875409774436
------------------------------------
Number clusters = 0.0
Max Number points in event queue = 0.0
Avg number points in clusters= 0.0
Avg Rmc size = 0.0
Avg Length exps= 0.0
#window: 134
Total #outliers: 535
Average Time: 135.49936188059698 ms
Peak memory: 2674.8257598876953 MB
Time index, remove data from structure: 0.001962272186567164
Time for querying: 0.0
Time for new slide: 0.11790960852238806
Time for expired slide: 0.01758643547761194
------------------------------------
Number clusters = 0.0
Max Number points in event queue = 0.0
Avg number points in clusters= 0.0
Avg Rmc size = 0.0
Avg Length exps= 0.0
#window: 135
Total #outliers: 526
Average Time: 135.47411247407405 ms
Peak memory: 2674.8257598876953 MB
Time index, remove data from structure: 0.001960486037037037
Time for querying: 0.0
Time for new slide: 0.11790530701481482
Time for expired slide: 0.017565485977777778
------------------------------------
Number clusters = 0.0
Max Number points in event queue = 0.0
Avg number points in clusters= 0.0
Avg Rmc size = 0.0
Avg Length exps= 0.0
#window: 136
Total #outliers: 541
Average Time: 135.4838160220588 ms
Peak memory: 2674.8257598876953 MB
Time index, remove data from structure: 0.001959890375
Time for querying: 0.0
Time for new slide: 0.11791570411029412
Time for expired slide: 0.01756479573529412
------------------------------------
Number clusters = 0.0
Max Number points in event queue = 0.0
Avg number points in clusters= 0.0
Avg Rmc size = 0.0
Avg Length exps= 0.0
#window: 137
Total #outliers: 530
Average Time: 135.5038575474452 ms
Peak memory: 2674.8257598876953 MB
Time index, remove data from structure: 0.0019590508102189782
Time for querying: 0.0
Time for new slide: 0.11792280604379562
Time for expired slide: 0.01757773502919708
------------------------------------
Number clusters = 0.0
Max Number points in event queue = 0.0
Avg number points in clusters= 0.0
Avg Rmc size = 0.0
Avg Length exps= 0.0
#window: 138
Total #outliers: 550
Average Time: 135.46914192028984 ms
Peak memory: 2674.8257598876953 MB
Time index, remove data from structure: 0.001957965731884058
Time for querying: 0.0
Time for new slide: 0.11790758620289855
Time for expired slide: 0.017558242420289857
------------------------------------
Number clusters = 0.0
Max Number points in event queue = 0.0
Avg number points in clusters= 0.0
Avg Rmc size = 0.0
Avg Length exps= 0.0
#window: 139
Total #outliers: 549
Average Time: 135.444670942446 ms
Peak memory: 2674.8257598876953 MB
Time index, remove data from structure: 0.0019565724820143886
Time for querying: 0.0
Time for new slide: 0.1179022498561151
Time for expired slide: 0.017539109179856117
------------------------------------
Number clusters = 0.0
Max Number points in event queue = 0.0
Avg number points in clusters= 0.0
Avg Rmc size = 0.0
Avg Length exps= 0.0
#window: 140
Total #outliers: 517
Average Time: 135.3710193428571 ms
Peak memory: 2683.3024826049805 MB
Time index, remove data from structure: 0.001954979757142857
Time for querying: 0.0
Time for new slide: 0.11783268116428573
Time for expired slide: 0.01753502285
------------------------------------
Number clusters = 0.0
Max Number points in event queue = 0.0
Avg number points in clusters= 0.0
Avg Rmc size = 0.0
Avg Length exps= 0.0
#window: 141
Total #outliers: 498
Average Time: 135.24240780141838 ms
Peak memory: 2683.3024826049805 MB
Time index, remove data from structure: 0.0019529364255319148
Time for querying: 0.0
Time for new slide: 0.11771457733333333
Time for expired slide: 0.01752451619858156
------------------------------------
Number clusters = 0.0
Max Number points in event queue = 0.0
Avg number points in clusters= 0.0
Avg Rmc size = 0.0
Avg Length exps= 0.0
#window: 142
Total #outliers: 507
Average Time: 135.10317469718305 ms
Peak memory: 2683.3024826049805 MB
Time index, remove data from structure: 0.001951105584507042
Time for querying: 0.0
Time for new slide: 0.11759691875352114
Time for expired slide: 0.01750294381690141
------------------------------------
Number clusters = 0.0
Max Number points in event queue = 0.0
Avg number points in clusters= 0.0
Avg Rmc size = 0.0
Avg Length exps= 0.0
#window: 143
Total #outliers: 526
Average Time: 134.97273319580415 ms
Peak memory: 2683.3024826049805 MB
Time index, remove data from structure: 0.0019488533706293705
Time for querying: 0.0
Time for new slide: 0.11748838443356645
Time for expired slide: 0.017481038930069928
------------------------------------
Number clusters = 0.0
Max Number points in event queue = 0.0
Avg number points in clusters= 0.0
Avg Rmc size = 0.0
Avg Length exps= 0.0
#window: 144
Total #outliers: 524
Average Time: 134.84456157638883 ms
Peak memory: 2683.3024826049805 MB
Time index, remove data from structure: 0.001946236451388889
Time for querying: 0.0
Time for new slide: 0.11738042313888888
Time for expired slide: 0.01746082671527778
------------------------------------
Number clusters = 0.0
Max Number points in event queue = 0.0
Avg number points in clusters= 0.0
Avg Rmc size = 0.0
Avg Length exps= 0.0
#window: 145
Total #outliers: 539
Average Time: 134.77355795862064 ms
Peak memory: 2683.3024826049805 MB
Time index, remove data from structure: 0.0019445638206896552
Time for querying: 0.0
Time for new slide: 0.11729376213793105
Time for expired slide: 0.017476483151724138
------------------------------------
Number clusters = 0.0
Max Number points in event queue = 0.0
Avg number points in clusters= 0.0
Avg Rmc size = 0.0
Avg Length exps= 0.0
#window: 146
Total #outliers: 553
Average Time: 134.68812165753423 ms
Peak memory: 2683.3024826049805 MB
Time index, remove data from structure: 0.0019432108698630138
Time for querying: 0.0
Time for new slide: 0.11721657409589041
Time for expired slide: 0.0174682378630137
------------------------------------
Number clusters = 0.0
Max Number points in event queue = 0.0
Avg number points in clusters= 0.0
Avg Rmc size = 0.0
Avg Length exps= 0.0
#window: 147
Total #outliers: 544
Average Time: 134.59142630612243 ms
Peak memory: 2683.3024826049805 MB
Time index, remove data from structure: 0.001941780755102041
Time for querying: 0.0
Time for new slide: 0.11713863042176871
Time for expired slide: 0.017449489156462585
------------------------------------
Number clusters = 0.0
Max Number points in event queue = 0.0
Avg number points in clusters= 0.0
Avg Rmc size = 0.0
Avg Length exps= 0.0
#window: 148
Total #outliers: 555
Average Time: 134.52017030405403 ms
Peak memory: 2683.3024826049805 MB
Time index, remove data from structure: 0.001939660337837838
Time for querying: 0.0
Time for new slide: 0.11707058993243243
Time for expired slide: 0.017446278040540542
------------------------------------
Number clusters = 0.0
Max Number points in event queue = 0.0
Avg number points in clusters= 0.0
Avg Rmc size = 0.0
Avg Length exps= 0.0
#window: 149
Total #outliers: 556
Average Time: 134.45362224832215 ms
Peak memory: 2683.3024826049805 MB
Time index, remove data from structure: 0.0019390285906040268
Time for querying: 0.0
Time for new slide: 0.11700541480536912
Time for expired slide: 0.01744490973825503
------------------------------------
Number clusters = 0.0
Max Number points in event queue = 0.0
Avg number points in clusters= 0.0
Avg Rmc size = 0.0
Avg Length exps= 0.0
#window: 150
Total #outliers: 542
Average Time: 134.39271190666665 ms
Peak memory: 2683.3024826049805 MB
Time index, remove data from structure: 0.0019373718266666666
Time for querying: 0.0
Time for new slide: 0.11695206367333334
Time for expired slide: 0.017437351566666665
------------------------------------
Number clusters = 0.0
Max Number points in event queue = 0.0
Avg number points in clusters= 0.0
Avg Rmc size = 0.0
Avg Length exps= 0.0
#window: 151
Total #outliers: 545
Average Time: 134.34557102649006 ms
Peak memory: 2683.3024826049805 MB
Time index, remove data from structure: 0.0019359308278145697
Time for querying: 0.0
Time for new slide: 0.11690785708609272
Time for expired slide: 0.01743441755629139
------------------------------------
Number clusters = 0.0
Max Number points in event queue = 0.0
Avg number points in clusters= 0.0
Avg Rmc size = 0.0
Avg Length exps= 0.0
#window: 152
Total #outliers: 536
Average Time: 134.28743464473683 ms
Peak memory: 2683.3024826049805 MB
Time index, remove data from structure: 0.0019335826513157896
Time for querying: 0.0
Time for new slide: 0.11686713667763159
Time for expired slide: 0.01741700119736842
------------------------------------
Number clusters = 0.0
Max Number points in event queue = 0.0
Avg number points in clusters= 0.0
Avg Rmc size = 0.0
Avg Length exps= 0.0
#window: 153
Total #outliers: 525
Average Time: 134.27862825490195 ms
Peak memory: 2683.3024826049805 MB
Time index, remove data from structure: 0.0019332228692810456
Time for querying: 0.0
Time for new slide: 0.11685264962745098
Time for expired slide: 0.01742268068627451
------------------------------------
Number clusters = 0.0
Max Number points in event queue = 0.0
Avg number points in clusters= 0.0
Avg Rmc size = 0.0
Avg Length exps= 0.0
#window: 154
Total #outliers: 516
Average Time: 134.28966252597402 ms
Peak memory: 2683.3024826049805 MB
Time index, remove data from structure: 0.0019331398376623379
Time for querying: 0.0
Time for new slide: 0.11684670886363638
Time for expired slide: 0.01743965757792208
------------------------------------
Number clusters = 0.0
Max Number points in event queue = 0.0
Avg number points in clusters= 0.0
Avg Rmc size = 0.0
Avg Length exps= 0.0
#window: 155
Total #outliers: 526
Average Time: 134.2597086967742 ms
Peak memory: 2683.3024826049805 MB
Time index, remove data from structure: 0.0019321451741935484
Time for querying: 0.0
Time for new slide: 0.11683466121290324
Time for expired slide: 0.017421750225806453
------------------------------------
Number clusters = 0.0
Max Number points in event queue = 0.0
Avg number points in clusters= 0.0
Avg Rmc size = 0.0
Avg Length exps= 0.0
#window: 156
Total #outliers: 520
Average Time: 134.23634556410255 ms
Peak memory: 2683.3024826049805 MB
Time index, remove data from structure: 0.0019310856666666669
Time for querying: 0.0
Time for new slide: 0.11682659745512822
Time for expired slide: 0.01740645107051282
------------------------------------
Number clusters = 0.0
Max Number points in event queue = 0.0
Avg number points in clusters= 0.0
Avg Rmc size = 0.0
Avg Length exps= 0.0
#window: 157
Total #outliers: 524
Average Time: 134.20313191082803 ms
Peak memory: 2683.3024826049805 MB
Time index, remove data from structure: 0.0019300528662420384
Time for querying: 0.0
Time for new slide: 0.1168105240254777
Time for expired slide: 0.01738922129936306
------------------------------------
Number clusters = 0.0
Max Number points in event queue = 0.0
Avg number points in clusters= 0.0
Avg Rmc size = 0.0
Avg Length exps= 0.0
#window: 158
Total #outliers: 514
Average Time: 134.26546313924052 ms
Peak memory: 2683.3024826049805 MB
Time index, remove data from structure: 0.0019291281139240505
Time for querying: 0.0
Time for new slide: 0.11687582072784809
Time for expired slide: 0.017386255348101266
------------------------------------
Number clusters = 0.0
Max Number points in event queue = 0.0
Avg number points in clusters= 0.0
Avg Rmc size = 0.0
Avg Length exps= 0.0
#window: 159
Total #outliers: 493
Average Time: 134.28155676729563 ms
Peak memory: 2683.3024826049805 MB
Time index, remove data from structure: 0.001928118471698113
Time for querying: 0.0
Time for new slide: 0.11690598028930817
Time for expired slide: 0.017372189345911948
------------------------------------
Number clusters = 0.0
Max Number points in event queue = 0.0
Avg number points in clusters= 0.0
Avg Rmc size = 0.0
Avg Length exps= 0.0
#window: 160
Total #outliers: 508
Average Time: 134.29258509375003 ms
Peak memory: 2683.3024826049805 MB
Time index, remove data from structure: 0.0019272303875
Time for querying: 0.0
Time for new slide: 0.11691967943124999
Time for expired slide: 0.0173695200375
------------------------------------
Number clusters = 0.0
Max Number points in event queue = 0.0
Avg number points in clusters= 0.0
Avg Rmc size = 0.0
Avg Length exps= 0.0
#window: 161
Total #outliers: 507
Average Time: 134.28194766459632 ms
Peak memory: 2683.3024826049805 MB
Time index, remove data from structure: 0.001926069894409938
Time for querying: 0.0
Time for new slide: 0.11692494267701864
Time for expired slide: 0.017353619633540374
------------------------------------
Number clusters = 0.0
Max Number points in event queue = 0.0
Avg number points in clusters= 0.0
Avg Rmc size = 0.0
Avg Length exps= 0.0
#window: 162
Total #outliers: 517
Average Time: 134.3124535432099 ms
Peak memory: 2683.3024826049805 MB
Time index, remove data from structure: 0.0019267569444444445
Time for querying: 0.0
Time for new slide: 0.1169328861419753
Time for expired slide: 0.017376183487654323
------------------------------------
Number clusters = 0.0
Max Number points in event queue = 0.0
Avg number points in clusters= 0.0
Avg Rmc size = 0.0
Avg Length exps= 0.0
#window: 163
Total #outliers: 514
Average Time: 134.3288008650307 ms
Peak memory: 2683.3024826049805 MB
Time index, remove data from structure: 0.0019259381779141104
Time for querying: 0.0
Time for new slide: 0.11694934906748466
Time for expired slide: 0.01737606871165644
------------------------------------
Number clusters = 0.0
Max Number points in event queue = 0.0
Avg number points in clusters= 0.0
Avg Rmc size = 0.0
Avg Length exps= 0.0
#window: 164
Total #outliers: 521
Average Time: 134.3331949268293 ms
Peak memory: 2683.3024826049805 MB
Time index, remove data from structure: 0.001925324969512195
Time for querying: 0.0
Time for new slide: 0.11695752670731707
Time for expired slide: 0.017372287768292683
------------------------------------
Number clusters = 0.0
Max Number points in event queue = 0.0
Avg number points in clusters= 0.0
Avg Rmc size = 0.0
Avg Length exps= 0.0
#window: 165
Total #outliers: 499
Average Time: 134.33322180000002 ms
Peak memory: 2683.3024826049805 MB
Time index, remove data from structure: 0.0019244059575757575
Time for querying: 0.0
Time for new slide: 0.11697307387272726
Time for expired slide: 0.01735676681818182
------------------------------------
Number clusters = 0.0
Max Number points in event queue = 0.0
Avg number points in clusters= 0.0
Avg Rmc size = 0.0
Avg Length exps= 0.0
#window: 166
Total #outliers: 529
Average Time: 134.3699150120482 ms
Peak memory: 2683.3024826049805 MB
Time index, remove data from structure: 0.0019247015602409639
Time for querying: 0.0
Time for new slide: 0.11699380081927711
Time for expired slide: 0.017372733289156627
------------------------------------
Number clusters = 0.0
Max Number points in event queue = 0.0
Avg number points in clusters= 0.0
Avg Rmc size = 0.0
Avg Length exps= 0.0
#window: 167
Total #outliers: 530
Average Time: 134.37354917365272 ms
Peak memory: 2683.3024826049805 MB
Time index, remove data from structure: 0.0019240867904191617
Time for querying: 0.0
Time for new slide: 0.11701186336526946
Time for expired slide: 0.017358307233532936
------------------------------------
Number clusters = 0.0
Max Number points in event queue = 0.0
Avg number points in clusters= 0.0
Avg Rmc size = 0.0
Avg Length exps= 0.0
#window: 168
Total #outliers: 532
Average Time: 134.38983218452384 ms
Peak memory: 2683.3024826049805 MB
Time index, remove data from structure: 0.0019225439464285714
Time for querying: 0.0
Time for new slide: 0.1170290918095238
Time for expired slide: 0.017357362952380953
------------------------------------
Number clusters = 0.0
Max Number points in event queue = 0.0
Avg number points in clusters= 0.0
Avg Rmc size = 0.0
Avg Length exps= 0.0
#window: 169
Total #outliers: 525
Average Time: 134.3827570473373 ms
Peak memory: 2683.3024826049805 MB
Time index, remove data from structure: 0.001921988775147929
Time for querying: 0.0
Time for new slide: 0.11703573112426036
Time for expired slide: 0.017343649213017752
------------------------------------
Number clusters = 0.0
Max Number points in event queue = 0.0
Avg number points in clusters= 0.0
Avg Rmc size = 0.0
Avg Length exps= 0.0
#window: 170
Total #outliers: 514
Average Time: 134.35106860000002 ms
Peak memory: 2683.3024826049805 MB
Time index, remove data from structure: 0.0019215802411764705
Time for querying: 0.0
Time for new slide: 0.1170046547
Time for expired slide: 0.01734303645882353
------------------------------------
Number clusters = 0.0
Max Number points in event queue = 0.0
Avg number points in clusters= 0.0
Avg Rmc size = 0.0
Avg Length exps= 0.0
#window: 171
Total #outliers: 507
Average Time: 134.2476017368421 ms
Peak memory: 2683.3024826049805 MB
Time index, remove data from structure: 0.0019209403918128655
Time for querying: 0.0
Time for new slide: 0.116905108374269
Time for expired slide: 0.017339117953216375
------------------------------------
Number clusters = 0.0
Max Number points in event queue = 0.0
Avg number points in clusters= 0.0
Avg Rmc size = 0.0
Avg Length exps= 0.0
#window: 172
Total #outliers: 505
Average Time: 134.14390271511627 ms
Peak memory: 2683.3024826049805 MB
Time index, remove data from structure: 0.001919276430232558
Time for querying: 0.0
Time for new slide: 0.11681743781395348
Time for expired slide: 0.017323091877906975
------------------------------------
Number clusters = 0.0
Max Number points in event queue = 0.0
Avg number points in clusters= 0.0
Avg Rmc size = 0.0
Avg Length exps= 0.0
#window: 173
Total #outliers: 507
Average Time: 134.07083878612715 ms
Peak memory: 2683.3024826049805 MB
Time index, remove data from structure: 0.001919069063583815
Time for querying: 0.0
Time for new slide: 0.11673485569942195
Time for expired slide: 0.017332612352601157
------------------------------------
Number clusters = 0.0
Max Number points in event queue = 0.0
Avg number points in clusters= 0.0
Avg Rmc size = 0.0
Avg Length exps= 0.0
#window: 174
Total #outliers: 503
Average Time: 134.0132859310345 ms
Peak memory: 2683.3024826049805 MB
Time index, remove data from structure: 0.001918979051724138
Time for querying: 0.0
Time for new slide: 0.11667067383333332
Time for expired slide: 0.017339240454022988
------------------------------------
Number clusters = 0.0
Max Number points in event queue = 0.0
Avg number points in clusters= 0.0
Avg Rmc size = 0.0
Avg Length exps= 0.0
#window: 175
Total #outliers: 504
Average Time: 133.92055962857143 ms
Peak memory: 2683.3024826049805 MB
Time index, remove data from structure: 0.0019177924514285714
Time for querying: 0.0
Time for new slide: 0.11659446310857143
Time for expired slide: 0.017322724337142856
------------------------------------
Number clusters = 0.0
Max Number points in event queue = 0.0
Avg number points in clusters= 0.0
Avg Rmc size = 0.0
Avg Length exps= 0.0
#window: 176
Total #outliers: 504
Average Time: 133.84641935795452 ms
Peak memory: 2683.3024826049805 MB
Time index, remove data from structure: 0.0019164858636363637
Time for querying: 0.0
Time for new slide: 0.11653691060227273
Time for expired slide: 0.017306134835227274
------------------------------------
Number clusters = 0.0
Max Number points in event queue = 0.0
Avg number points in clusters= 0.0
Avg Rmc size = 0.0
Avg Length exps= 0.0
#window: 177
Total #outliers: 486
Average Time: 133.78333533333333 ms
Peak memory: 2683.3024826049805 MB
Time index, remove data from structure: 0.0019153800169491525
Time for querying: 0.0
Time for new slide: 0.11648174989830509
Time for expired slide: 0.017298212231638417
------------------------------------
Number clusters = 0.0
Max Number points in event queue = 0.0
Avg number points in clusters= 0.0
Avg Rmc size = 0.0
Avg Length exps= 0.0
#window: 178
Total #outliers: 465
Average Time: 133.7224644213483 ms
Peak memory: 2683.3024826049805 MB
Time index, remove data from structure: 0.0019146079943820225
Time for querying: 0.0
Time for new slide: 0.11642346337078652
Time for expired slide: 0.017295631539325843
------------------------------------
Number clusters = 0.0
Max Number points in event queue = 0.0
Avg number points in clusters= 0.0
Avg Rmc size = 0.0
Avg Length exps= 0.0
#window: 179
Total #outliers: 461
Average Time: 133.68735893296088 ms
Peak memory: 2683.3024826049805 MB
Time index, remove data from structure: 0.001914869033519553
Time for querying: 0.0
Time for new slide: 0.1163839910670391
Time for expired slide: 0.01729999584916201
------------------------------------
Number clusters = 0.0
Max Number points in event queue = 0.0
Avg number points in clusters= 0.0
Avg Rmc size = 0.0
Avg Length exps= 0.0
#window: 180
Total #outliers: 481
Average Time: 133.6215442222222 ms
Peak memory: 2683.3024826049805 MB
Time index, remove data from structure: 0.0019134703833333334
Time for querying: 0.0
Time for new slide: 0.11633412049444444
Time for expired slide: 0.017284052027777778
------------------------------------
Number clusters = 0.0
Max Number points in event queue = 0.0
Avg number points in clusters= 0.0
Avg Rmc size = 0.0
Avg Length exps= 0.0
#window: 181
Total #outliers: 475
Average Time: 133.58447359116022 ms
Peak memory: 2683.3024826049805 MB
Time index, remove data from structure: 0.0019122971215469614
Time for querying: 0.0
Time for new slide: 0.11630212976243093
Time for expired slide: 0.017278973370165745
------------------------------------
Number clusters = 0.0
Max Number points in event queue = 0.0
Avg number points in clusters= 0.0
Avg Rmc size = 0.0
Avg Length exps= 0.0
Peak memory: 2683.3024826049805 MB
Average CPU time: 133.58447359116022 ms
