#window: 1
Total #outliers: 254
Average Time: 0.0 ms
Peak memory: 539.8035888671875 MB
Time index, remove data from structure: 0.0
Time for querying: 0.0
Time for new slide: 0.0
Time for expired slide: 0.0
------------------------------------
Number clusters = 0.0
Max Number points in event queue = 0.0
Avg number points in clusters= 0.0
Avg Rmc size = 0.0
Avg Length exps= 0.0
#window: 2
Total #outliers: 257
Average Time: 62.2736245 ms
Peak memory: 549.6258926391602 MB
Time index, remove data from structure: 0.0014154565
Time for querying: 0.0
Time for new slide: 0.052124991
Time for expired slide: 0.0101465315
------------------------------------
Number clusters = 0.0
Max Number points in event queue = 0.0
Avg number points in clusters= 0.0
Avg Rmc size = 0.0
Avg Length exps= 0.0
#window: 3
Total #outliers: 257
Average Time: 78.73493599999999 ms
Peak memory: 549.6258926391602 MB
Time index, remove data from structure: 0.0014910466666666665
Time for querying: 0.0
Time for new slide: 0.06635974833333333
Time for expired slide: 0.012372568666666667
------------------------------------
Number clusters = 0.0
Max Number points in event queue = 0.0
Avg number points in clusters= 0.0
Avg Rmc size = 0.0
Avg Length exps= 0.0
#window: 4
Total #outliers: 260
Average Time: 86.40867525 ms
Peak memory: 549.6258926391602 MB
Time index, remove data from structure: 0.00149001175
Time for querying: 0.0
Time for new slide: 0.0733122245
Time for expired slide: 0.01309379625
------------------------------------
Number clusters = 0.0
Max Number points in event queue = 0.0
Avg number points in clusters= 0.0
Avg Rmc size = 0.0
Avg Length exps= 0.0
#window: 5
Total #outliers: 260
Average Time: 91.33036899999999 ms
Peak memory: 549.6258926391602 MB
Time index, remove data from structure: 0.0014869637999999998
Time for querying: 0.0
Time for new slide: 0.0779057642
Time for expired slide: 0.013421915400000001
------------------------------------
Number clusters = 0.0
Max Number points in event queue = 0.0
Avg number points in clusters= 0.0
Avg Rmc size = 0.0
Avg Length exps= 0.0
#window: 6
Total #outliers: 249
Average Time: 94.76490033333333 ms
Peak memory: 549.6258926391602 MB
Time index, remove data from structure: 0.0014912251666666665
Time for querying: 0.0
Time for new slide: 0.08104081933333333
Time for expired slide: 0.013721439
------------------------------------
Number clusters = 0.0
Max Number points in event queue = 0.0
Avg number points in clusters= 0.0
Avg Rmc size = 0.0
Avg Length exps= 0.0
#window: 7
Total #outliers: 252
Average Time: 98.30069185714285 ms
Peak memory: 549.6258926391602 MB
Time index, remove data from structure: 0.0015706964285714285
Time for querying: 0.0
Time for new slide: 0.08394167457142857
Time for expired slide: 0.014356297428571429
------------------------------------
Number clusters = 0.0
Max Number points in event queue = 0.0
Avg number points in clusters= 0.0
Avg Rmc size = 0.0
Avg Length exps= 0.0
#window: 8
Total #outliers: 249
Average Time: 102.04415474999999 ms
Peak memory: 639.1354751586914 MB
Time index, remove data from structure: 0.00158236175
Time for querying: 0.0
Time for new slide: 0.087558112
Time for expired slide: 0.01448329975
------------------------------------
Number clusters = 0.0
Max Number points in event queue = 0.0
Avg number points in clusters= 0.0
Avg Rmc size = 0.0
Avg Length exps= 0.0
#window: 9
Total #outliers: 242
Average Time: 107.708041 ms
Peak memory: 717.9778518676758 MB
Time index, remove data from structure: 0.0015882955555555555
Time for querying: 0.0
Time for new slide: 0.09235815644444445
Time for expired slide: 0.015347123999999998
------------------------------------
Number clusters = 0.0
Max Number points in event queue = 0.0
Avg number points in clusters= 0.0
Avg Rmc size = 0.0
Avg Length exps= 0.0
#window: 10
Total #outliers: 235
Average Time: 112.00361929999998 ms
Peak memory: 836.2414398193359 MB
Time index, remove data from structure: 0.0016001900999999998
Time for querying: 0.0
Time for new slide: 0.0961897839
Time for expired slide: 0.0158110656
------------------------------------
Number clusters = 0.0
Max Number points in event queue = 0.0
Avg number points in clusters= 0.0
Avg Rmc size = 0.0
Avg Length exps= 0.0
#window: 11
Total #outliers: 244
Average Time: 116.04009454545454 ms
Peak memory: 915.0838165283203 MB
Time index, remove data from structure: 0.001621766909090909
Time for querying: 0.0
Time for new slide: 0.09986907881818183
Time for expired slide: 0.016168207
------------------------------------
Number clusters = 0.0
Max Number points in event queue = 0.0
Avg number points in clusters= 0.0
Avg Rmc size = 0.0
Avg Length exps= 0.0
#window: 12
Total #outliers: 247
Average Time: 119.49814866666665 ms
Peak memory: 1033.3473815917969 MB
Time index, remove data from structure: 0.0016363434166666666
Time for querying: 0.0
Time for new slide: 0.10298721374999999
Time for expired slide: 0.016508088083333334
------------------------------------
Number clusters = 0.0
Max Number points in event queue = 0.0
Avg number points in clusters= 0.0
Avg Rmc size = 0.0
Avg Length exps= 0.0
#window: 13
Total #outliers: 252
Average Time: 120.09329253846153 ms
Peak memory: 1033.3473815917969 MB
Time index, remove data from structure: 0.0016428393846153846
Time for querying: 0.0
Time for new slide: 0.10326480584615384
Time for expired slide: 0.016825582384615383
------------------------------------
Number clusters = 0.0
Max Number points in event queue = 0.0
Avg number points in clusters= 0.0
Avg Rmc size = 0.0
Avg Length exps= 0.0
#window: 14
Total #outliers: 245
Average Time: 119.95383428571428 ms
Peak memory: 1033.3473815917969 MB
Time index, remove data from structure: 0.0016443592142857141
Time for querying: 0.0
Time for new slide: 0.10306626435714285
Time for expired slide: 0.016884654000000002
------------------------------------
Number clusters = 0.0
Max Number points in event queue = 0.0
Avg number points in clusters= 0.0
Avg Rmc size = 0.0
Avg Length exps= 0.0
#window: 15
Total #outliers: 249
Average Time: 119.82845999999999 ms
Peak memory: 1033.3473815917969 MB
Time index, remove data from structure: 0.0016341806666666666
Time for querying: 0.0
Time for new slide: 0.10293588773333333
Time for expired slide: 0.016887898466666666
------------------------------------
Number clusters = 0.0
Max Number points in event queue = 0.0
Avg number points in clusters= 0.0
Avg Rmc size = 0.0
Avg Length exps= 0.0
#window: 16
Total #outliers: 253
Average Time: 119.76761143750001 ms
Peak memory: 1033.3473815917969 MB
Time index, remove data from structure: 0.00162988725
Time for querying: 0.0
Time for new slide: 0.10286111225
Time for expired slide: 0.0169019325
------------------------------------
Number clusters = 0.0
Max Number points in event queue = 0.0
Avg number points in clusters= 0.0
Avg Rmc size = 0.0
Avg Length exps= 0.0
#window: 17
Total #outliers: 243
Average Time: 119.5781715882353 ms
Peak memory: 1033.3473815917969 MB
Time index, remove data from structure: 0.0016157279411764705
Time for querying: 0.0
Time for new slide: 0.10270422211764706
Time for expired slide: 0.016869478470588235
------------------------------------
Number clusters = 0.0
Max Number points in event queue = 0.0
Avg number points in clusters= 0.0
Avg Rmc size = 0.0
Avg Length exps= 0.0
#window: 18
Total #outliers: 253
Average Time: 119.64983872222223 ms
Peak memory: 1033.3473815917969 MB
Time index, remove data from structure: 0.001608230888888889
Time for querying: 0.0
Time for new slide: 0.10273418627777778
Time for expired slide: 0.016911226333333335
------------------------------------
Number clusters = 0.0
Max Number points in event queue = 0.0
Avg number points in clusters= 0.0
Avg Rmc size = 0.0
Avg Length exps= 0.0
#window: 19
Total #outliers: 245
Average Time: 119.76792952631581 ms
Peak memory: 1033.3473815917969 MB
Time index, remove data from structure: 0.0016066894736842107
Time for querying: 0.0
Time for new slide: 0.10281920973684211
Time for expired slide: 0.016944361789473682
------------------------------------
Number clusters = 0.0
Max Number points in event queue = 0.0
Avg number points in clusters= 0.0
Avg Rmc size = 0.0
Avg Length exps= 0.0
#window: 20
Total #outliers: 258
Average Time: 119.94831010000003 ms
Peak memory: 1033.3473815917969 MB
Time index, remove data from structure: 0.00160356005
Time for querying: 0.0
Time for new slide: 0.10301321405
Time for expired slide: 0.0169307388
------------------------------------
Number clusters = 0.0
Max Number points in event queue = 0.0
Avg number points in clusters= 0.0
Avg Rmc size = 0.0
Avg Length exps= 0.0
#window: 21
Total #outliers: 260
Average Time: 120.05958652380954 ms
Peak memory: 1033.3473815917969 MB
Time index, remove data from structure: 0.0015969330476190476
Time for querying: 0.0
Time for new slide: 0.10310476890476192
Time for expired slide: 0.01695050238095238
------------------------------------
Number clusters = 0.0
Max Number points in event queue = 0.0
Avg number points in clusters= 0.0
Avg Rmc size = 0.0
Avg Length exps= 0.0
#window: 22
Total #outliers: 250
Average Time: 120.14221322727273 ms
Peak memory: 1033.3473815917969 MB
Time index, remove data from structure: 0.0015914568636363638
Time for querying: 0.0
Time for new slide: 0.103192157
Time for expired slide: 0.016945791181818184
------------------------------------
Number clusters = 0.0
Max Number points in event queue = 0.0
Avg number points in clusters= 0.0
Avg Rmc size = 0.0
Avg Length exps= 0.0
#window: 23
Total #outliers: 258
Average Time: 119.73972965217393 ms
Peak memory: 1033.3473815917969 MB
Time index, remove data from structure: 0.0015876501739130436
Time for querying: 0.0
Time for new slide: 0.10279154826086956
Time for expired slide: 0.016943940391304348
------------------------------------
Number clusters = 0.0
Max Number points in event queue = 0.0
Avg number points in clusters= 0.0
Avg Rmc size = 0.0
Avg Length exps= 0.0
#window: 24
Total #outliers: 255
Average Time: 119.08555529166668 ms
Peak memory: 1033.3473815917969 MB
Time index, remove data from structure: 0.0015756467499999998
Time for querying: 0.0
Time for new slide: 0.10224678
Time for expired slide: 0.016833339875000002
------------------------------------
Number clusters = 0.0
Max Number points in event queue = 0.0
Avg number points in clusters= 0.0
Avg Rmc size = 0.0
Avg Length exps= 0.0
#window: 25
Total #outliers: 262
Average Time: 118.50015224000002 ms
Peak memory: 1033.3473815917969 MB
Time index, remove data from structure: 0.00156762996
Time for querying: 0.0
Time for new slide: 0.10177713596
Time for expired slide: 0.0167176872
------------------------------------
Number clusters = 0.0
Max Number points in event queue = 0.0
Avg number points in clusters= 0.0
Avg Rmc size = 0.0
Avg Length exps= 0.0
#window: 26
Total #outliers: 256
Average Time: 118.00228480769233 ms
Peak memory: 1033.3473815917969 MB
Time index, remove data from structure: 0.001561606423076923
Time for querying: 0.0
Time for new slide: 0.10140113538461538
Time for expired slide: 0.016595911346153847
------------------------------------
Number clusters = 0.0
Max Number points in event queue = 0.0
Avg number points in clusters= 0.0
Avg Rmc size = 0.0
Avg Length exps= 0.0
#window: 27
Total #outliers: 252
Average Time: 117.61279911111114 ms
Peak memory: 1033.3473815917969 MB
Time index, remove data from structure: 0.0015557804444444445
Time for querying: 0.0
Time for new slide: 0.10111154251851852
Time for expired slide: 0.01649611825925926
------------------------------------
Number clusters = 0.0
Max Number points in event queue = 0.0
Avg number points in clusters= 0.0
Avg Rmc size = 0.0
Avg Length exps= 0.0
#window: 28
Total #outliers: 259
Average Time: 117.43058803571431 ms
Peak memory: 1033.3473815917969 MB
Time index, remove data from structure: 0.0015535386071428572
Time for querying: 0.0
Time for new slide: 0.10099056149999999
Time for expired slide: 0.016434966357142856
------------------------------------
Number clusters = 0.0
Max Number points in event queue = 0.0
Avg number points in clusters= 0.0
Avg Rmc size = 0.0
Avg Length exps= 0.0
#window: 29
Total #outliers: 264
Average Time: 117.14616927586209 ms
Peak memory: 1033.3473815917969 MB
Time index, remove data from structure: 0.001547466620689655
Time for querying: 0.0
Time for new slide: 0.10078812179310344
Time for expired slide: 0.016353067344827586
------------------------------------
Number clusters = 0.0
Max Number points in event queue = 0.0
Avg number points in clusters= 0.0
Avg Rmc size = 0.0
Avg Length exps= 0.0
#window: 30
Total #outliers: 262
Average Time: 116.80478780000003 ms
Peak memory: 1033.3473815917969 MB
Time index, remove data from structure: 0.0015408205666666668
Time for querying: 0.0
Time for new slide: 0.10054717063333334
Time for expired slide: 0.01625271396666667
------------------------------------
Number clusters = 0.0
Max Number points in event queue = 0.0
Avg number points in clusters= 0.0
Avg Rmc size = 0.0
Avg Length exps= 0.0
#window: 31
Total #outliers: 265
Average Time: 116.48262109677424 ms
Peak memory: 1033.3473815917969 MB
Time index, remove data from structure: 0.0015361575806451613
Time for querying: 0.0
Time for new slide: 0.10030997545161291
Time for expired slide: 0.016167823612903226
------------------------------------
Number clusters = 0.0
Max Number points in event queue = 0.0
Avg number points in clusters= 0.0
Avg Rmc size = 0.0
Avg Length exps= 0.0
#window: 32
Total #outliers: 253
Average Time: 116.21186725000003 ms
Peak memory: 1033.3473815917969 MB
Time index, remove data from structure: 0.001529176
Time for querying: 0.0
Time for new slide: 0.1001188309375
Time for expired slide: 0.01608827834375
------------------------------------
Number clusters = 0.0
Max Number points in event queue = 0.0
Avg number points in clusters= 0.0
Avg Rmc size = 0.0
Avg Length exps= 0.0
#window: 33
Total #outliers: 251
Average Time: 116.29947178787882 ms
Peak memory: 1099.698959350586 MB
Time index, remove data from structure: 0.0015216755757575758
Time for querying: 0.0
Time for new slide: 0.10028439912121212
Time for expired slide: 0.01601037572727273
------------------------------------
Number clusters = 0.0
Max Number points in event queue = 0.0
Avg number points in clusters= 0.0
Avg Rmc size = 0.0
Avg Length exps= 0.0
#window: 34
Total #outliers: 254
Average Time: 116.8830597647059 ms
Peak memory: 1179.211898803711 MB
Time index, remove data from structure: 0.0015191465294117647
Time for querying: 0.0
Time for new slide: 0.10092989835294118
Time for expired slide: 0.015948526852941177
------------------------------------
Number clusters = 0.0
Max Number points in event queue = 0.0
Avg number points in clusters= 0.0
Avg Rmc size = 0.0
Avg Length exps= 0.0
#window: 35
Total #outliers: 255
Average Time: 117.6772361714286 ms
Peak memory: 1298.4813079833984 MB
Time index, remove data from structure: 0.0015165112857142857
Time for querying: 0.0
Time for new slide: 0.10167687085714286
Time for expired slide: 0.01599577545714286
------------------------------------
Number clusters = 0.0
Max Number points in event queue = 0.0
Avg number points in clusters= 0.0
Avg Rmc size = 0.0
Avg Length exps= 0.0
#window: 36
Total #outliers: 249
Average Time: 118.46786016666668 ms
Peak memory: 1377.9942474365234 MB
Time index, remove data from structure: 0.001514022611111111
Time for querying: 0.0
Time for new slide: 0.10240986877777777
Time for expired slide: 0.01605345675
------------------------------------
Number clusters = 0.0
Max Number points in event queue = 0.0
Avg number points in clusters= 0.0
Avg Rmc size = 0.0
Avg Length exps= 0.0
#window: 37
Total #outliers: 252
Average Time: 119.25386262162165 ms
Peak memory: 1497.2636642456055 MB
Time index, remove data from structure: 0.0015122724594594595
Time for querying: 0.0
Time for new slide: 0.10314508164864865
Time for expired slide: 0.016104278837837837
------------------------------------
Number clusters = 0.0
Max Number points in event queue = 0.0
Avg number points in clusters= 0.0
Avg Rmc size = 0.0
Avg Length exps= 0.0
#window: 38
Total #outliers: 255
Average Time: 120.00854860526319 ms
Peak memory: 1576.7766036987305 MB
Time index, remove data from structure: 0.0015082641315789472
Time for querying: 0.0
Time for new slide: 0.10386050810526315
Time for expired slide: 0.016143564210526314
------------------------------------
Number clusters = 0.0
Max Number points in event queue = 0.0
Avg number points in clusters= 0.0
Avg Rmc size = 0.0
Avg Length exps= 0.0
#window: 39
Total #outliers: 259
Average Time: 120.75761882051285 ms
Peak memory: 1696.046012878418 MB
Time index, remove data from structure: 0.0015100482051282052
Time for querying: 0.0
Time for new slide: 0.10454707307692307
Time for expired slide: 0.016206108282051282
------------------------------------
Number clusters = 0.0
Max Number points in event queue = 0.0
Avg number points in clusters= 0.0
Avg Rmc size = 0.0
Avg Length exps= 0.0
#window: 40
Total #outliers: 261
Average Time: 121.46524892500003 ms
Peak memory: 1775.558952331543 MB
Time index, remove data from structure: 0.001507657325
Time for querying: 0.0
Time for new slide: 0.105219358075
Time for expired slide: 0.01624148895
------------------------------------
Number clusters = 0.0
Max Number points in event queue = 0.0
Avg number points in clusters= 0.0
Avg Rmc size = 0.0
Avg Length exps= 0.0
#window: 41
Total #outliers: 254
Average Time: 122.17652907317076 ms
Peak memory: 1894.8283615112305 MB
Time index, remove data from structure: 0.001505139243902439
Time for querying: 0.0
Time for new slide: 0.10589970992682926
Time for expired slide: 0.016272462097560978
------------------------------------
Number clusters = 0.0
Max Number points in event queue = 0.0
Avg number points in clusters= 0.0
Avg Rmc size = 0.0
Avg Length exps= 0.0
#window: 42
Total #outliers: 261
Average Time: 122.86327554761907 ms
Peak memory: 1974.341323852539 MB
Time index, remove data from structure: 0.0015023778333333334
Time for querying: 0.0
Time for new slide: 0.10655711611904761
Time for expired slide: 0.01630184223809524
------------------------------------
Number clusters = 0.0
Max Number points in event queue = 0.0
Avg number points in clusters= 0.0
Avg Rmc size = 0.0
Avg Length exps= 0.0
#window: 43
Total #outliers: 262
Average Time: 123.18509700000003 ms
Peak memory: 2053.854263305664 MB
Time index, remove data from structure: 0.0015007116279069767
Time for querying: 0.0
Time for new slide: 0.10683072048837208
Time for expired slide: 0.016350095534883723
------------------------------------
Number clusters = 0.0
Max Number points in event queue = 0.0
Avg number points in clusters= 0.0
Avg Rmc size = 0.0
Avg Length exps= 0.0
#window: 44
Total #outliers: 256
Average Time: 122.75449345454548 ms
Peak memory: 2053.854263305664 MB
Time index, remove data from structure: 0.001494185840909091
Time for querying: 0.0
Time for new slide: 0.10647282670454544
Time for expired slide: 0.01627743256818182
------------------------------------
Number clusters = 0.0
Max Number points in event queue = 0.0
Avg number points in clusters= 0.0
Avg Rmc size = 0.0
Avg Length exps= 0.0
#window: 45
Total #outliers: 254
Average Time: 122.40917826666669 ms
Peak memory: 2053.854263305664 MB
Time index, remove data from structure: 0.0014920659777777777
Time for querying: 0.0
Time for new slide: 0.10617050751111111
Time for expired slide: 0.0162344782
------------------------------------
Number clusters = 0.0
Max Number points in event queue = 0.0
Avg number points in clusters= 0.0
Avg Rmc size = 0.0
Avg Length exps= 0.0
#window: 46
Total #outliers: 254
Average Time: 122.05692132608696 ms
Peak memory: 2053.854263305664 MB
Time index, remove data from structure: 0.0014895513043478262
Time for querying: 0.0
Time for new slide: 0.10587437323913043
Time for expired slide: 0.016178394152173915
------------------------------------
Number clusters = 0.0
Max Number points in event queue = 0.0
Avg number points in clusters= 0.0
Avg Rmc size = 0.0
Avg Length exps= 0.0
#window: 47
Total #outliers: 249
Average Time: 121.75978372340428 ms
Peak memory: 2053.854263305664 MB
Time index, remove data from structure: 0.001485068489361702
Time for querying: 0.0
Time for new slide: 0.1056281774255319
Time for expired slide: 0.016127494425531914
------------------------------------
Number clusters = 0.0
Max Number points in event queue = 0.0
Avg number points in clusters= 0.0
Avg Rmc size = 0.0
Avg Length exps= 0.0
#window: 48
Total #outliers: 242
Average Time: 121.48841314583335 ms
Peak memory: 2053.854263305664 MB
Time index, remove data from structure: 0.0014822264166666668
Time for querying: 0.0
Time for new slide: 0.10539676931250001
Time for expired slide: 0.016087570916666665
------------------------------------
Number clusters = 0.0
Max Number points in event queue = 0.0
Avg number points in clusters= 0.0
Avg Rmc size = 0.0
Avg Length exps= 0.0
#window: 49
Total #outliers: 248
Average Time: 121.23609185714287 ms
Peak memory: 2053.854263305664 MB
Time index, remove data from structure: 0.0014794641224489796
Time for querying: 0.0
Time for new slide: 0.10519585012244898
Time for expired slide: 0.01603620793877551
------------------------------------
Number clusters = 0.0
Max Number points in event queue = 0.0
Avg number points in clusters= 0.0
Avg Rmc size = 0.0
Avg Length exps= 0.0
#window: 50
Total #outliers: 240
Average Time: 121.01096386 ms
Peak memory: 2053.854263305664 MB
Time index, remove data from structure: 0.00147628388
Time for querying: 0.0
Time for new slide: 0.10500615778
Time for expired slide: 0.01600081136
------------------------------------
Number clusters = 0.0
Max Number points in event queue = 0.0
Avg number points in clusters= 0.0
Avg Rmc size = 0.0
Avg Length exps= 0.0
#window: 51
Total #outliers: 234
Average Time: 120.7896862745098 ms
Peak memory: 2053.854263305664 MB
Time index, remove data from structure: 0.001471548156862745
Time for querying: 0.0
Time for new slide: 0.10483282654901961
Time for expired slide: 0.015952895196078433
------------------------------------
Number clusters = 0.0
Max Number points in event queue = 0.0
Avg number points in clusters= 0.0
Avg Rmc size = 0.0
Avg Length exps= 0.0
#window: 52
Total #outliers: 230
Average Time: 120.59137298076925 ms
Peak memory: 2053.854263305664 MB
Time index, remove data from structure: 0.001467267903846154
Time for querying: 0.0
Time for new slide: 0.1046813583076923
Time for expired slide: 0.01590608023076923
------------------------------------
Number clusters = 0.0
Max Number points in event queue = 0.0
Avg number points in clusters= 0.0
Avg Rmc size = 0.0
Avg Length exps= 0.0
#window: 53
Total #outliers: 236
Average Time: 120.35811062264153 ms
Peak memory: 2053.854263305664 MB
Time index, remove data from structure: 0.0014648127358490566
Time for querying: 0.0
Time for new slide: 0.1044981586037736
Time for expired slide: 0.01585578354716981
------------------------------------
Number clusters = 0.0
Max Number points in event queue = 0.0
Avg number points in clusters= 0.0
Avg Rmc size = 0.0
Avg Length exps= 0.0
#window: 54
Total #outliers: 234
Average Time: 120.15825596296298 ms
Peak memory: 2053.854263305664 MB
Time index, remove data from structure: 0.0014610049444444444
Time for querying: 0.0
Time for new slide: 0.10434634746296297
Time for expired slide: 0.015807779537037037
------------------------------------
Number clusters = 0.0
Max Number points in event queue = 0.0
Avg number points in clusters= 0.0
Avg Rmc size = 0.0
Avg Length exps= 0.0
#window: 55
Total #outliers: 237
Average Time: 120.02421050909093 ms
Peak memory: 2053.854263305664 MB
Time index, remove data from structure: 0.0014585548181818182
Time for querying: 0.0
Time for new slide: 0.10425505030909091
Time for expired slide: 0.015765064890909092
------------------------------------
Number clusters = 0.0
Max Number points in event queue = 0.0
Avg number points in clusters= 0.0
Avg Rmc size = 0.0
Avg Length exps= 0.0
#window: 56
Total #outliers: 239
Average Time: 119.90169321428571 ms
Peak memory: 2053.854263305664 MB
Time index, remove data from structure: 0.0014557544285714286
Time for querying: 0.0
Time for new slide: 0.10416161858928571
Time for expired slide: 0.015736013125
------------------------------------
Number clusters = 0.0
Max Number points in event queue = 0.0
Avg number points in clusters= 0.0
Avg Rmc size = 0.0
Avg Length exps= 0.0
#window: 57
Total #outliers: 244
Average Time: 119.83312471929825 ms
Peak memory: 2053.854263305664 MB
Time index, remove data from structure: 0.0014538332280701755
Time for querying: 0.0
Time for new slide: 0.10412784542105263
Time for expired slide: 0.015701239140350876
------------------------------------
Number clusters = 0.0
Max Number points in event queue = 0.0
Avg number points in clusters= 0.0
Avg Rmc size = 0.0
Avg Length exps= 0.0
#window: 58
Total #outliers: 246
Average Time: 119.79367581034485 ms
Peak memory: 2053.854263305664 MB
Time index, remove data from structure: 0.001452084775862069
Time for querying: 0.0
Time for new slide: 0.10411608005172414
Time for expired slide: 0.015673580431034482
------------------------------------
Number clusters = 0.0
Max Number points in event queue = 0.0
Avg number points in clusters= 0.0
Avg Rmc size = 0.0
Avg Length exps= 0.0
#window: 59
Total #outliers: 233
Average Time: 119.71773 ms
Peak memory: 2053.854263305664 MB
Time index, remove data from structure: 0.0014486042033898304
Time for querying: 0.0
Time for new slide: 0.10407248449152541
Time for expired slide: 0.01564124884745763
------------------------------------
Number clusters = 0.0
Max Number points in event queue = 0.0
Avg number points in clusters= 0.0
Avg Rmc size = 0.0
Avg Length exps= 0.0
#window: 60
Total #outliers: 228
Average Time: 119.66127678333334 ms
Peak memory: 2053.854263305664 MB
Time index, remove data from structure: 0.0014476046666666667
Time for querying: 0.0
Time for new slide: 0.10403529456666667
Time for expired slide: 0.015622009383333333
------------------------------------
Number clusters = 0.0
Max Number points in event queue = 0.0
Avg number points in clusters= 0.0
Avg Rmc size = 0.0
Avg Length exps= 0.0
#window: 61
Total #outliers: 236
Average Time: 119.62340290163935 ms
Peak memory: 2053.854263305664 MB
Time index, remove data from structure: 0.0014458678852459017
Time for querying: 0.0
Time for new slide: 0.10401024493442623
Time for expired slide: 0.015609211639344261
------------------------------------
Number clusters = 0.0
Max Number points in event queue = 0.0
Avg number points in clusters= 0.0
Avg Rmc size = 0.0
Avg Length exps= 0.0
#window: 62
Total #outliers: 236
Average Time: 119.58758867741936 ms
Peak memory: 2053.854263305664 MB
Time index, remove data from structure: 0.0014448091129032259
Time for querying: 0.0
Time for new slide: 0.1039940734032258
Time for expired slide: 0.015589593241935484
------------------------------------
Number clusters = 0.0
Max Number points in event queue = 0.0
Avg number points in clusters= 0.0
Avg Rmc size = 0.0
Avg Length exps= 0.0
#window: 63
Total #outliers: 232
Average Time: 119.50091609523811 ms
Peak memory: 2061.0957412719727 MB
Time index, remove data from structure: 0.001442580650793651
Time for querying: 0.0
Time for new slide: 0.10393347328571428
Time for expired slide: 0.015563530015873015
------------------------------------
Number clusters = 0.0
Max Number points in event queue = 0.0
Avg number points in clusters= 0.0
Avg Rmc size = 0.0
Avg Length exps= 0.0
#window: 64
Total #outliers: 242
Average Time: 119.25882023437501 ms
Peak memory: 2061.0957412719727 MB
Time index, remove data from structure: 0.001439901046875
Time for querying: 0.0
Time for new slide: 0.1037307024375
Time for expired slide: 0.015524224078125
------------------------------------
Number clusters = 0.0
Max Number points in event queue = 0.0
Avg number points in clusters= 0.0
Avg Rmc size = 0.0
Avg Length exps= 0.0
#window: 65
Total #outliers: 243
Average Time: 119.02444010769233 ms
Peak memory: 2061.0957412719727 MB
Time index, remove data from structure: 0.0014388264461538463
Time for querying: 0.0
Time for new slide: 0.1035290634
Time for expired slide: 0.015491502338461539
------------------------------------
Number clusters = 0.0
Max Number points in event queue = 0.0
Avg number points in clusters= 0.0
Avg Rmc size = 0.0
Avg Length exps= 0.0
#window: 66
Total #outliers: 252
Average Time: 118.80267212121214 ms
Peak memory: 2061.0957412719727 MB
Time index, remove data from structure: 0.001436239196969697
Time for querying: 0.0
Time for new slide: 0.10334608284848486
Time for expired slide: 0.015452730575757575
------------------------------------
Number clusters = 0.0
Max Number points in event queue = 0.0
Avg number points in clusters= 0.0
Avg Rmc size = 0.0
Avg Length exps= 0.0
#window: 67
Total #outliers: 259
Average Time: 118.6486327313433 ms
Peak memory: 2061.0957412719727 MB
Time index, remove data from structure: 0.0014345880298507463
Time for querying: 0.0
Time for new slide: 0.1032112937164179
Time for expired slide: 0.015433503492537314
------------------------------------
Number clusters = 0.0
Max Number points in event queue = 0.0
Avg number points in clusters= 0.0
Avg Rmc size = 0.0
Avg Length exps= 0.0
#window: 68
Total #outliers: 247
Average Time: 118.50081227941178 ms
Peak memory: 2061.0957412719727 MB
Time index, remove data from structure: 0.0014340073235294118
Time for querying: 0.0
Time for new slide: 0.10308065844117646
Time for expired slide: 0.015416339558823529
------------------------------------
Number clusters = 0.0
Max Number points in event queue = 0.0
Avg number points in clusters= 0.0
Avg Rmc size = 0.0
Avg Length exps= 0.0
#window: 69
Total #outliers: 242
Average Time: 118.41842717391307 ms
Peak memory: 2061.0957412719727 MB
Time index, remove data from structure: 0.0014331078695652174
Time for querying: 0.0
Time for new slide: 0.10302090717391303
Time for expired slide: 0.015393724043478262
------------------------------------
Number clusters = 0.0
Max Number points in event queue = 0.0
Avg number points in clusters= 0.0
Avg Rmc size = 0.0
Avg Length exps= 0.0
#window: 70
Total #outliers: 239
Average Time: 118.37942820000004 ms
Peak memory: 2061.0957412719727 MB
Time index, remove data from structure: 0.0014326536142857144
Time for querying: 0.0
Time for new slide: 0.10299538068571429
Time for expired slide: 0.015380262785714284
------------------------------------
Number clusters = 0.0
Max Number points in event queue = 0.0
Avg number points in clusters= 0.0
Avg Rmc size = 0.0
Avg Length exps= 0.0
#window: 71
Total #outliers: 250
Average Time: 118.29581739436624 ms
Peak memory: 2061.0957412719727 MB
Time index, remove data from structure: 0.0014317552676056339
Time for querying: 0.0
Time for new slide: 0.10292655304225352
Time for expired slide: 0.015365496549295777
------------------------------------
Number clusters = 0.0
Max Number points in event queue = 0.0
Avg number points in clusters= 0.0
Avg Rmc size = 0.0
Avg Length exps= 0.0
#window: 72
Total #outliers: 253
Average Time: 118.20212362500006 ms
Peak memory: 2061.0957412719727 MB
Time index, remove data from structure: 0.0014315913055555555
Time for querying: 0.0
Time for new slide: 0.10285157595833333
Time for expired slide: 0.015346800541666665
------------------------------------
Number clusters = 0.0
Max Number points in event queue = 0.0
Avg number points in clusters= 0.0
Avg Rmc size = 0.0
Avg Length exps= 0.0
#window: 73
Total #outliers: 249
Average Time: 118.09890031506856 ms
Peak memory: 2061.0957412719727 MB
Time index, remove data from structure: 0.001430578
Time for querying: 0.0
Time for new slide: 0.10277864552054794
Time for expired slide: 0.015316521054794521
------------------------------------
Number clusters = 0.0
Max Number points in event queue = 0.0
Avg number points in clusters= 0.0
Avg Rmc size = 0.0
Avg Length exps= 0.0
#window: 74
Total #outliers: 256
Average Time: 118.01245136486492 ms
Peak memory: 2061.0957412719727 MB
Time index, remove data from structure: 0.0014297860540540541
Time for querying: 0.0
Time for new slide: 0.10271336985135135
Time for expired slide: 0.015295358229729729
------------------------------------
Number clusters = 0.0
Max Number points in event queue = 0.0
Avg number points in clusters= 0.0
Avg Rmc size = 0.0
Avg Length exps= 0.0
#window: 75
Total #outliers: 261
Average Time: 117.95096642666671 ms
Peak memory: 2061.0957412719727 MB
Time index, remove data from structure: 0.0014285232
Time for querying: 0.0
Time for new slide: 0.10266248255999999
Time for expired slide: 0.015284771733333334
------------------------------------
Number clusters = 0.0
Max Number points in event queue = 0.0
Avg number points in clusters= 0.0
Avg Rmc size = 0.0
Avg Length exps= 0.0
#window: 76
Total #outliers: 267
Average Time: 117.90157322368427 ms
Peak memory: 2061.0957412719727 MB
Time index, remove data from structure: 0.0014274125394736843
Time for querying: 0.0
Time for new slide: 0.10263044714473683
Time for expired slide: 0.015267426236842107
------------------------------------
Number clusters = 0.0
Max Number points in event queue = 0.0
Avg number points in clusters= 0.0
Avg Rmc size = 0.0
Avg Length exps= 0.0
#window: 77
Total #outliers: 274
Average Time: 117.86003529870136 ms
Peak memory: 2061.0957412719727 MB
Time index, remove data from structure: 0.0014263746883116882
Time for querying: 0.0
Time for new slide: 0.10260380776623378
Time for expired slide: 0.015252541025974026
------------------------------------
Number clusters = 0.0
Max Number points in event queue = 0.0
Avg number points in clusters= 0.0
Avg Rmc size = 0.0
Avg Length exps= 0.0
#window: 78
Total #outliers: 277
Average Time: 117.83879047435904 ms
Peak memory: 2061.0957412719727 MB
Time index, remove data from structure: 0.0014254473717948718
Time for querying: 0.0
Time for new slide: 0.10258932610256409
Time for expired slide: 0.015245794192307692
------------------------------------
Number clusters = 0.0
Max Number points in event queue = 0.0
Avg number points in clusters= 0.0
Avg Rmc size = 0.0
Avg Length exps= 0.0
#window: 79
Total #outliers: 274
Average Time: 117.82764712658235 ms
Peak memory: 2061.0957412719727 MB
Time index, remove data from structure: 0.0014252317848101265
Time for querying: 0.0
Time for new slide: 0.10259001411392406
Time for expired slide: 0.015233975873417722
------------------------------------
Number clusters = 0.0
Max Number points in event queue = 0.0
Avg number points in clusters= 0.0
Avg Rmc size = 0.0
Avg Length exps= 0.0
#window: 80
Total #outliers: 282
Average Time: 117.79939978750006 ms
Peak memory: 2061.0957412719727 MB
Time index, remove data from structure: 0.0014234765875
Time for querying: 0.0
Time for new slide: 0.10257977916250001
Time for expired slide: 0.015215980125
------------------------------------
Number clusters = 0.0
Max Number points in event queue = 0.0
Avg number points in clusters= 0.0
Avg Rmc size = 0.0
Avg Length exps= 0.0
#window: 81
Total #outliers: 287
Average Time: 117.8020467407408 ms
Peak memory: 2061.0957412719727 MB
Time index, remove data from structure: 0.0014226525185185184
Time for querying: 0.0
Time for new slide: 0.10259418566666666
Time for expired slide: 0.015204235049382715
------------------------------------
Number clusters = 0.0
Max Number points in event queue = 0.0
Avg number points in clusters= 0.0
Avg Rmc size = 0.0
Avg Length exps= 0.0
#window: 82
Total #outliers: 267
Average Time: 117.80984881707325 ms
Peak memory: 2061.0957412719727 MB
Time index, remove data from structure: 0.0014209380487804877
Time for querying: 0.0
Time for new slide: 0.10261601234146342
Time for expired slide: 0.01519021662195122
------------------------------------
Number clusters = 0.0
Max Number points in event queue = 0.0
Avg number points in clusters= 0.0
Avg Rmc size = 0.0
Avg Length exps= 0.0
#window: 83
Total #outliers: 278
Average Time: 117.86203616867479 ms
Peak memory: 2116.309196472168 MB
Time index, remove data from structure: 0.0014190416385542169
Time for querying: 0.0
Time for new slide: 0.10268497500000001
Time for expired slide: 0.015173458216867471
------------------------------------
Number clusters = 0.0
Max Number points in event queue = 0.0
Avg number points in clusters= 0.0
Avg Rmc size = 0.0
Avg Length exps= 0.0
#window: 84
Total #outliers: 276
Average Time: 118.24958773809533 ms
Peak memory: 2167.5507278442383 MB
Time index, remove data from structure: 0.0014195019404761905
Time for querying: 0.0
Time for new slide: 0.10303573870238096
Time for expired slide: 0.015210254011904763
------------------------------------
Number clusters = 0.0
Max Number points in event queue = 0.0
Avg number points in clusters= 0.0
Avg Rmc size = 0.0
Avg Length exps= 0.0
#window: 85
Total #outliers: 270
Average Time: 118.68088645882361 ms
Peak memory: 2321.275321960449 MB
Time index, remove data from structure: 0.001418874482352941
Time for querying: 0.0
Time for new slide: 0.10343567304705882
Time for expired slide: 0.015241624717647059
------------------------------------
Number clusters = 0.0
Max Number points in event queue = 0.0
Avg number points in clusters= 0.0
Avg Rmc size = 0.0
Avg Length exps= 0.0
#window: 86
Total #outliers: 270
Average Time: 119.11607930232564 ms
Peak memory: 2372.5168533325195 MB
Time index, remove data from structure: 0.0014189346976744186
Time for querying: 0.0
Time for new slide: 0.10383817482558139
Time for expired slide: 0.015274322802325583
------------------------------------
Number clusters = 0.0
Max Number points in event queue = 0.0
Avg number points in clusters= 0.0
Avg Rmc size = 0.0
Avg Length exps= 0.0
#window: 87
Total #outliers: 259
Average Time: 119.53730066666675 ms
Peak memory: 2526.2414474487305 MB
Time index, remove data from structure: 0.0014198439655172413
Time for querying: 0.0
Time for new slide: 0.10422330950574714
Time for expired slide: 0.015310421287356322
------------------------------------
Number clusters = 0.0
Max Number points in event queue = 0.0
Avg number points in clusters= 0.0
Avg Rmc size = 0.0
Avg Length exps= 0.0
#window: 88
Total #outliers: 268
Average Time: 119.95519437500009 ms
Peak memory: 2577.482978820801 MB
Time index, remove data from structure: 0.0014206465795454544
Time for querying: 0.0
Time for new slide: 0.10460736395454545
Time for expired slide: 0.015344262306818181
------------------------------------
Number clusters = 0.0
Max Number points in event queue = 0.0
Avg number points in clusters= 0.0
Avg Rmc size = 0.0
Avg Length exps= 0.0
#window: 89
Total #outliers: 270
Average Time: 120.0296010000001 ms
Peak memory: 2628.724510192871 MB
Time index, remove data from structure: 0.0014209348314606742
Time for querying: 0.0
Time for new slide: 0.10464902699999999
Time for expired slide: 0.015377007191011236
------------------------------------
Number clusters = 0.0
Max Number points in event queue = 0.0
Avg number points in clusters= 0.0
Avg Rmc size = 0.0
Avg Length exps= 0.0
#window: 90
Total #outliers: 268
Average Time: 119.89559002222234 ms
Peak memory: 2628.724510192871 MB
Time index, remove data from structure: 0.0014194902444444443
Time for querying: 0.0
Time for new slide: 0.10453591538888889
Time for expired slide: 0.015356118511111112
------------------------------------
Number clusters = 0.0
Max Number points in event queue = 0.0
Avg number points in clusters= 0.0
Avg Rmc size = 0.0
Avg Length exps= 0.0
#window: 91
Total #outliers: 265
Average Time: 119.7729786043957 ms
Peak memory: 2628.724510192871 MB
Time index, remove data from structure: 0.0014182216483516483
Time for querying: 0.0
Time for new slide: 0.104430807
Time for expired slide: 0.015338625098901099
------------------------------------
Number clusters = 0.0
Max Number points in event queue = 0.0
Avg number points in clusters= 0.0
Avg Rmc size = 0.0
Avg Length exps= 0.0
#window: 92
Total #outliers: 265
Average Time: 119.65091189130446 ms
Peak memory: 2628.724510192871 MB
Time index, remove data from structure: 0.001417330456521739
Time for querying: 0.0
Time for new slide: 0.10432100200000001
Time for expired slide: 0.015326379826086955
------------------------------------
Number clusters = 0.0
Max Number points in event queue = 0.0
Avg number points in clusters= 0.0
Avg Rmc size = 0.0
Avg Length exps= 0.0
#window: 93
Total #outliers: 272
Average Time: 119.5373940967743 ms
Peak memory: 2628.724510192871 MB
Time index, remove data from structure: 0.0014163079247311828
Time for querying: 0.0
Time for new slide: 0.10422060730107527
Time for expired slide: 0.015313269612903226
------------------------------------
Number clusters = 0.0
Max Number points in event queue = 0.0
Avg number points in clusters= 0.0
Avg Rmc size = 0.0
Avg Length exps= 0.0
#window: 94
Total #outliers: 280
Average Time: 119.44489034042563 ms
Peak memory: 2628.724510192871 MB
Time index, remove data from structure: 0.0014164861489361703
Time for querying: 0.0
Time for new slide: 0.10413439426595746
Time for expired slide: 0.015306989936170214
------------------------------------
Number clusters = 0.0
Max Number points in event queue = 0.0
Avg number points in clusters= 0.0
Avg Rmc size = 0.0
Avg Length exps= 0.0
#window: 95
Total #outliers: 279
Average Time: 119.3476475894738 ms
Peak memory: 2628.724510192871 MB
Time index, remove data from structure: 0.0014157708526315788
Time for querying: 0.0
Time for new slide: 0.10405095414736842
Time for expired slide: 0.015293197989473685
------------------------------------
Number clusters = 0.0
Max Number points in event queue = 0.0
Avg number points in clusters= 0.0
Avg Rmc size = 0.0
Avg Length exps= 0.0
#window: 96
Total #outliers: 280
Average Time: 119.26617211458344 ms
Peak memory: 2628.724510192871 MB
Time index, remove data from structure: 0.0014143319895833333
Time for querying: 0.0
Time for new slide: 0.10398429898958333
Time for expired slide: 0.015278385270833333
------------------------------------
Number clusters = 0.0
Max Number points in event queue = 0.0
Avg number points in clusters= 0.0
Avg Rmc size = 0.0
Avg Length exps= 0.0
#window: 97
Total #outliers: 281
Average Time: 119.20687403092795 ms
Peak memory: 2628.724510192871 MB
Time index, remove data from structure: 0.001412623649484536
Time for querying: 0.0
Time for new slide: 0.10393948268041238
Time for expired slide: 0.015263914896907215
------------------------------------
Number clusters = 0.0
Max Number points in event queue = 0.0
Avg number points in clusters= 0.0
Avg Rmc size = 0.0
Avg Length exps= 0.0
#window: 98
Total #outliers: 271
Average Time: 119.13177325510216 ms
Peak memory: 2628.724510192871 MB
Time index, remove data from structure: 0.0014105933469387756
Time for querying: 0.0
Time for new slide: 0.10387688780612246
Time for expired slide: 0.01525142013265306
------------------------------------
Number clusters = 0.0
Max Number points in event queue = 0.0
Avg number points in clusters= 0.0
Avg Rmc size = 0.0
Avg Length exps= 0.0
#window: 99
Total #outliers: 268
Average Time: 119.06384152525264 ms
Peak memory: 2628.724510192871 MB
Time index, remove data from structure: 0.001410070090909091
Time for querying: 0.0
Time for new slide: 0.10382165735353535
Time for expired slide: 0.015238731444444445
------------------------------------
Number clusters = 0.0
Max Number points in event queue = 0.0
Avg number points in clusters= 0.0
Avg Rmc size = 0.0
Avg Length exps= 0.0
#window: 100
Total #outliers: 274
Average Time: 118.99107066000012 ms
Peak memory: 2628.724510192871 MB
Time index, remove data from structure: 0.00140911383
Time for querying: 0.0
Time for new slide: 0.1037646822
Time for expired slide: 0.015222946610000001
------------------------------------
Number clusters = 0.0
Max Number points in event queue = 0.0
Avg number points in clusters= 0.0
Avg Rmc size = 0.0
Avg Length exps= 0.0
#window: 101
Total #outliers: 277
Average Time: 118.93215185148526 ms
Peak memory: 2628.724510192871 MB
Time index, remove data from structure: 0.0014083548514851486
Time for querying: 0.0
Time for new slide: 0.10372076561386138
Time for expired slide: 0.01520795598019802
------------------------------------
Number clusters = 0.0
Max Number points in event queue = 0.0
Avg number points in clusters= 0.0
Avg Rmc size = 0.0
Avg Length exps= 0.0
#window: 102
Total #outliers: 281
Average Time: 118.88107516666676 ms
Peak memory: 2628.724510192871 MB
Time index, remove data from structure: 0.0014073819019607844
Time for querying: 0.0
Time for new slide: 0.10368250424509803
Time for expired slide: 0.015195154568627451
------------------------------------
Number clusters = 0.0
Max Number points in event queue = 0.0
Avg number points in clusters= 0.0
Avg Rmc size = 0.0
Avg Length exps= 0.0
#window: 103
Total #outliers: 279
Average Time: 118.83028209708749 ms
Peak memory: 2628.724510192871 MB
Time index, remove data from structure: 0.0014073823786407767
Time for querying: 0.0
Time for new slide: 0.10364572429126213
Time for expired slide: 0.01518115086407767
------------------------------------
Number clusters = 0.0
Max Number points in event queue = 0.0
Avg number points in clusters= 0.0
Avg Rmc size = 0.0
Avg Length exps= 0.0
#window: 104
Total #outliers: 279
Average Time: 118.78301224038472 ms
Peak memory: 2628.724510192871 MB
Time index, remove data from structure: 0.0014059142115384615
Time for querying: 0.0
Time for new slide: 0.10361443925000001
Time for expired slide: 0.015165172740384616
------------------------------------
Number clusters = 0.0
Max Number points in event queue = 0.0
Avg number points in clusters= 0.0
Avg Rmc size = 0.0
Avg Length exps= 0.0
#window: 105
Total #outliers: 280
Average Time: 118.75258050476202 ms
Peak memory: 2628.724510192871 MB
Time index, remove data from structure: 0.001404648161904762
Time for querying: 0.0
Time for new slide: 0.10360048300000001
Time for expired slide: 0.015148704599999998
------------------------------------
Number clusters = 0.0
Max Number points in event queue = 0.0
Avg number points in clusters= 0.0
Avg Rmc size = 0.0
Avg Length exps= 0.0
#window: 106
Total #outliers: 278
Average Time: 118.73765508490575 ms
Peak memory: 2628.724510192871 MB
Time index, remove data from structure: 0.0014033200660377358
Time for querying: 0.0
Time for new slide: 0.10360183486792451
Time for expired slide: 0.015132433094339624
------------------------------------
Number clusters = 0.0
Max Number points in event queue = 0.0
Avg number points in clusters= 0.0
Avg Rmc size = 0.0
Avg Length exps= 0.0
#window: 107
Total #outliers: 275
Average Time: 118.72666594392534 ms
Peak memory: 2628.724510192871 MB
Time index, remove data from structure: 0.0014023802242990654
Time for querying: 0.0
Time for new slide: 0.10359297789719625
Time for expired slide: 0.01513030440186916
------------------------------------
Number clusters = 0.0
Max Number points in event queue = 0.0
Avg number points in clusters= 0.0
Avg Rmc size = 0.0
Avg Length exps= 0.0
#window: 108
Total #outliers: 268
Average Time: 118.7149549074075 ms
Peak memory: 2628.724510192871 MB
Time index, remove data from structure: 0.0014018213148148148
Time for querying: 0.0
Time for new slide: 0.10359261198148148
Time for expired slide: 0.01511896812962963
------------------------------------
Number clusters = 0.0
Max Number points in event queue = 0.0
Avg number points in clusters= 0.0
Avg Rmc size = 0.0
Avg Length exps= 0.0
#window: 109
Total #outliers: 271
Average Time: 118.69138755045881 ms
Peak memory: 2628.724510192871 MB
Time index, remove data from structure: 0.0014005994862385323
Time for querying: 0.0
Time for new slide: 0.1035824783027523
Time for expired slide: 0.01510553966055046
------------------------------------
Number clusters = 0.0
Max Number points in event queue = 0.0
Avg number points in clusters= 0.0
Avg Rmc size = 0.0
Avg Length exps= 0.0
#window: 110
Total #outliers: 276
Average Time: 118.6714157000001 ms
Peak memory: 2628.724510192871 MB
Time index, remove data from structure: 0.0014000803181818183
Time for querying: 0.0
Time for new slide: 0.10357244754545455
Time for expired slide: 0.015095606390909093
------------------------------------
Number clusters = 0.0
Max Number points in event queue = 0.0
Avg number points in clusters= 0.0
Avg Rmc size = 0.0
Avg Length exps= 0.0
#window: 111
Total #outliers: 264
Average Time: 118.73471728828838 ms
Peak memory: 2628.724510192871 MB
Time index, remove data from structure: 0.0013995799639639637
Time for querying: 0.0
Time for new slide: 0.10364541792792793
Time for expired slide: 0.015085942747747749
------------------------------------
Number clusters = 0.0
Max Number points in event queue = 0.0
Avg number points in clusters= 0.0
Avg Rmc size = 0.0
Avg Length exps= 0.0
#window: 112
Total #outliers: 266
Average Time: 118.80299955357152 ms
Peak memory: 2628.724510192871 MB
Time index, remove data from structure: 0.0013998808571428572
Time for querying: 0.0
Time for new slide: 0.10371251197321428
Time for expired slide: 0.0150871295625
------------------------------------
Number clusters = 0.0
Max Number points in event queue = 0.0
Avg number points in clusters= 0.0
Avg Rmc size = 0.0
Avg Length exps= 0.0
#window: 113
Total #outliers: 266
Average Time: 118.83010354867265 ms
Peak memory: 2628.724510192871 MB
Time index, remove data from structure: 0.0013995374601769913
Time for querying: 0.0
Time for new slide: 0.10374455461061947
Time for expired slide: 0.015082190991150443
------------------------------------
Number clusters = 0.0
Max Number points in event queue = 0.0
Avg number points in clusters= 0.0
Avg Rmc size = 0.0
Avg Length exps= 0.0
#window: 114
Total #outliers: 248
Average Time: 118.7989537368422 ms
Peak memory: 2632.7698135375977 MB
Time index, remove data from structure: 0.0013988060087719298
Time for querying: 0.0
Time for new slide: 0.10371811476315788
Time for expired slide: 0.015077482447368422
------------------------------------
Number clusters = 0.0
Max Number points in event queue = 0.0
Avg number points in clusters= 0.0
Avg Rmc size = 0.0
Avg Length exps= 0.0
#window: 115
Total #outliers: 242
Average Time: 118.70090895652183 ms
Peak memory: 2632.7698135375977 MB
Time index, remove data from structure: 0.0013983317913043478
Time for querying: 0.0
Time for new slide: 0.10362904127826086
Time for expired slide: 0.015068519573913045
------------------------------------
Number clusters = 0.0
Max Number points in event queue = 0.0
Avg number points in clusters= 0.0
Avg Rmc size = 0.0
Avg Length exps= 0.0
#window: 116
Total #outliers: 240
Average Time: 118.61054062931042 ms
Peak memory: 2632.7698135375977 MB
Time index, remove data from structure: 0.0013974729655172413
Time for querying: 0.0
Time for new slide: 0.10354744418103448
Time for expired slide: 0.01505975351724138
------------------------------------
Number clusters = 0.0
Max Number points in event queue = 0.0
Avg number points in clusters= 0.0
Avg Rmc size = 0.0
Avg Length exps= 0.0
#window: 117
Total #outliers: 249
Average Time: 118.52039374358984 ms
Peak memory: 2632.7698135375977 MB
Time index, remove data from structure: 0.0013967415726495727
Time for querying: 0.0
Time for new slide: 0.10346699473504274
Time for expired slide: 0.015050061384615385
------------------------------------
Number clusters = 0.0
Max Number points in event queue = 0.0
Avg number points in clusters= 0.0
Avg Rmc size = 0.0
Avg Length exps= 0.0
#window: 118
Total #outliers: 252
Average Time: 118.44091012711873 ms
Peak memory: 2632.7698135375977 MB
Time index, remove data from structure: 0.0013954565932203392
Time for querying: 0.0
Time for new slide: 0.1033961657118644
Time for expired slide: 0.015041410991525424
------------------------------------
Number clusters = 0.0
Max Number points in event queue = 0.0
Avg number points in clusters= 0.0
Avg Rmc size = 0.0
Avg Length exps= 0.0
#window: 119
Total #outliers: 244
Average Time: 118.37177027731101 ms
Peak memory: 2632.7698135375977 MB
Time index, remove data from structure: 0.0013946920756302522
Time for querying: 0.0
Time for new slide: 0.10333397968907562
Time for expired slide: 0.015034463361344539
------------------------------------
Number clusters = 0.0
Max Number points in event queue = 0.0
Avg number points in clusters= 0.0
Avg Rmc size = 0.0
Avg Length exps= 0.0
#window: 120
Total #outliers: 244
Average Time: 118.29903864166675 ms
Peak memory: 2632.7698135375977 MB
Time index, remove data from structure: 0.001393375775
Time for querying: 0.0
Time for new slide: 0.10327340125833334
Time for expired slide: 0.0150223115
------------------------------------
Number clusters = 0.0
Max Number points in event queue = 0.0
Avg number points in clusters= 0.0
Avg Rmc size = 0.0
Avg Length exps= 0.0
#window: 121
Total #outliers: 234
Average Time: 118.23646863636374 ms
Peak memory: 2632.7698135375977 MB
Time index, remove data from structure: 0.0013931189090909092
Time for querying: 0.0
Time for new slide: 0.10322049609917355
Time for expired slide: 0.015012649537190084
------------------------------------
Number clusters = 0.0
Max Number points in event queue = 0.0
Avg number points in clusters= 0.0
Avg Rmc size = 0.0
Avg Length exps= 0.0
#window: 122
Total #outliers: 240
Average Time: 118.17749805737715 ms
Peak memory: 2632.7698135375977 MB
Time index, remove data from structure: 0.0013918320983606557
Time for querying: 0.0
Time for new slide: 0.10317173750819672
Time for expired slide: 0.015002439418032787
------------------------------------
Number clusters = 0.0
Max Number points in event queue = 0.0
Avg number points in clusters= 0.0
Avg Rmc size = 0.0
Avg Length exps= 0.0
#window: 123
Total #outliers: 241
Average Time: 118.12469216260173 ms
Peak memory: 2632.7698135375977 MB
Time index, remove data from structure: 0.0013910257235772358
Time for querying: 0.0
Time for new slide: 0.10312542365853658
Time for expired slide: 0.014995953333333334
------------------------------------
Number clusters = 0.0
Max Number points in event queue = 0.0
Avg number points in clusters= 0.0
Avg Rmc size = 0.0
Avg Length exps= 0.0
#window: 124
Total #outliers: 246
Average Time: 118.0784558467743 ms
Peak memory: 2632.7698135375977 MB
Time index, remove data from structure: 0.001389767322580645
Time for querying: 0.0
Time for new slide: 0.10308993801612903
Time for expired slide: 0.014985204572580645
------------------------------------
Number clusters = 0.0
Max Number points in event queue = 0.0
Avg number points in clusters= 0.0
Avg Rmc size = 0.0
Avg Length exps= 0.0
#window: 125
Total #outliers: 233
Average Time: 118.04284085600011 ms
Peak memory: 2632.7698135375977 MB
Time index, remove data from structure: 0.001388467248
Time for querying: 0.0
Time for new slide: 0.103062816176
Time for expired slide: 0.014976714544
------------------------------------
Number clusters = 0.0
Max Number points in event queue = 0.0
Avg number points in clusters= 0.0
Avg Rmc size = 0.0
Avg Length exps= 0.0
#window: 126
Total #outliers: 233
Average Time: 118.01132988888901 ms
Peak memory: 2632.7698135375977 MB
Time index, remove data from structure: 0.0013879331111111112
Time for querying: 0.0
Time for new slide: 0.10303686892063493
Time for expired slide: 0.014971155261904762
------------------------------------
Number clusters = 0.0
Max Number points in event queue = 0.0
Avg number points in clusters= 0.0
Avg Rmc size = 0.0
Avg Length exps= 0.0
#window: 127
Total #outliers: 237
Average Time: 117.9945428976379 ms
Peak memory: 2632.7698135375977 MB
Time index, remove data from structure: 0.0013876790236220472
Time for querying: 0.0
Time for new slide: 0.10302254756692913
Time for expired slide: 0.014968697228346458
------------------------------------
Number clusters = 0.0
Max Number points in event queue = 0.0
Avg number points in clusters= 0.0
Avg Rmc size = 0.0
Avg Length exps= 0.0
#window: 128
Total #outliers: 239
Average Time: 117.9748667968751 ms
Peak memory: 2632.7698135375977 MB
Time index, remove data from structure: 0.00138710659375
Time for querying: 0.0
Time for new slide: 0.10300996084375
Time for expired slide: 0.0149616124140625
------------------------------------
Number clusters = 0.0
Max Number points in event queue = 0.0
Avg number points in clusters= 0.0
Avg Rmc size = 0.0
Avg Length exps= 0.0
#window: 129
Total #outliers: 240
Average Time: 117.96200689922492 ms
Peak memory: 2632.7698135375977 MB
Time index, remove data from structure: 0.0013865308372093023
Time for querying: 0.0
Time for new slide: 0.10300436956589147
Time for expired slide: 0.014954346488372093
------------------------------------
Number clusters = 0.0
Max Number points in event queue = 0.0
Avg number points in clusters= 0.0
Avg Rmc size = 0.0
Avg Length exps= 0.0
#window: 130
Total #outliers: 248
Average Time: 117.95884985384625 ms
Peak memory: 2632.7698135375977 MB
Time index, remove data from structure: 0.001386117176923077
Time for querying: 0.0
Time for new slide: 0.10300383078461538
Time for expired slide: 0.014951732246153846
------------------------------------
Number clusters = 0.0
Max Number points in event queue = 0.0
Avg number points in clusters= 0.0
Avg Rmc size = 0.0
Avg Length exps= 0.0
#window: 131
Total #outliers: 247
Average Time: 117.9540080687024 ms
Peak memory: 2632.7698135375977 MB
Time index, remove data from structure: 0.0013856849618320611
Time for querying: 0.0
Time for new slide: 0.10300535328244274
Time for expired slide: 0.014945371778625954
------------------------------------
Number clusters = 0.0
Max Number points in event queue = 0.0
Avg number points in clusters= 0.0
Avg Rmc size = 0.0
Avg Length exps= 0.0
#window: 132
Total #outliers: 248
Average Time: 117.94208538636373 ms
Peak memory: 2632.7698135375977 MB
Time index, remove data from structure: 0.0013855679015151515
Time for querying: 0.0
Time for new slide: 0.10299262600757575
Time for expired slide: 0.014946180121212122
------------------------------------
Number clusters = 0.0
Max Number points in event queue = 0.0
Avg number points in clusters= 0.0
Avg Rmc size = 0.0
Avg Length exps= 0.0
#window: 133
Total #outliers: 259
Average Time: 117.91514752631589 ms
Peak memory: 2632.7698135375977 MB
Time index, remove data from structure: 0.0013853684060150377
Time for querying: 0.0
Time for new slide: 0.10297311793233083
Time for expired slide: 0.014938757
------------------------------------
Number clusters = 0.0
Max Number points in event queue = 0.0
Avg number points in clusters= 0.0
Avg Rmc size = 0.0
Avg Length exps= 0.0
#window: 134
Total #outliers: 260
Average Time: 117.90326261940308 ms
Peak memory: 2632.7698135375977 MB
Time index, remove data from structure: 0.0013846384626865671
Time for querying: 0.0
Time for new slide: 0.10297307586567164
Time for expired slide: 0.014926918119402987
------------------------------------
Number clusters = 0.0
Max Number points in event queue = 0.0
Avg number points in clusters= 0.0
Avg Rmc size = 0.0
Avg Length exps= 0.0
#window: 135
Total #outliers: 277
Average Time: 117.90288905925935 ms
Peak memory: 2632.7698135375977 MB
Time index, remove data from structure: 0.0013839980444444444
Time for querying: 0.0
Time for new slide: 0.10297875294074073
Time for expired slide: 0.014920871333333332
------------------------------------
Number clusters = 0.0
Max Number points in event queue = 0.0
Avg number points in clusters= 0.0
Avg Rmc size = 0.0
Avg Length exps= 0.0
#window: 136
Total #outliers: 290
Average Time: 117.90294657352949 ms
Peak memory: 2632.7698135375977 MB
Time index, remove data from structure: 0.0013836689044117647
Time for querying: 0.0
Time for new slide: 0.10298421568382353
Time for expired slide: 0.014915471176470588
------------------------------------
Number clusters = 0.0
Max Number points in event queue = 0.0
Avg number points in clusters= 0.0
Avg Rmc size = 0.0
Avg Length exps= 0.0
#window: 137
Total #outliers: 269
Average Time: 117.90640379562052 ms
Peak memory: 2632.7698135375977 MB
Time index, remove data from structure: 0.0013833325328467152
Time for querying: 0.0
Time for new slide: 0.10299348823357664
Time for expired slide: 0.01490966401459854
------------------------------------
Number clusters = 0.0
Max Number points in event queue = 0.0
Avg number points in clusters= 0.0
Avg Rmc size = 0.0
Avg Length exps= 0.0
#window: 138
Total #outliers: 265
Average Time: 117.91277038405805 ms
Peak memory: 2632.7698135375977 MB
Time index, remove data from structure: 0.0013823778333333333
Time for querying: 0.0
Time for new slide: 0.10300744352173913
Time for expired slide: 0.014902079666666668
------------------------------------
Number clusters = 0.0
Max Number points in event queue = 0.0
Avg number points in clusters= 0.0
Avg Rmc size = 0.0
Avg Length exps= 0.0
#window: 139
Total #outliers: 279
Average Time: 117.9068486474821 ms
Peak memory: 2642.0263595581055 MB
Time index, remove data from structure: 0.0013820203021582733
Time for querying: 0.0
Time for new slide: 0.10300408295683453
Time for expired slide: 0.014899520791366907
------------------------------------
Number clusters = 0.0
Max Number points in event queue = 0.0
Avg number points in clusters= 0.0
Avg Rmc size = 0.0
Avg Length exps= 0.0
#window: 140
Total #outliers: 282
Average Time: 117.83666285714294 ms
Peak memory: 2642.0263595581055 MB
Time index, remove data from structure: 0.0013811252928571428
Time for querying: 0.0
Time for new slide: 0.10294036312142857
Time for expired slide: 0.014893061221428572
------------------------------------
Number clusters = 0.0
Max Number points in event queue = 0.0
Avg number points in clusters= 0.0
Avg Rmc size = 0.0
Avg Length exps= 0.0
#window: 141
Total #outliers: 281
Average Time: 117.77939955319157 ms
Peak memory: 2642.0263595581055 MB
Time index, remove data from structure: 0.0013801444468085106
Time for querying: 0.0
Time for new slide: 0.10288937887943263
Time for expired slide: 0.01488678839716312
------------------------------------
Number clusters = 0.0
Max Number points in event queue = 0.0
Avg number points in clusters= 0.0
Avg Rmc size = 0.0
Avg Length exps= 0.0
#window: 142
Total #outliers: 292
Average Time: 117.72252485211277 ms
Peak memory: 2642.0263595581055 MB
Time index, remove data from structure: 0.0013789281690140846
Time for querying: 0.0
Time for new slide: 0.1028403038943662
Time for expired slide: 0.014878994443661971
------------------------------------
Number clusters = 0.0
Max Number points in event queue = 0.0
Avg number points in clusters= 0.0
Avg Rmc size = 0.0
Avg Length exps= 0.0
#window: 143
Total #outliers: 290
Average Time: 117.66967842657351 ms
Peak memory: 2642.0263595581055 MB
Time index, remove data from structure: 0.0013784647412587413
Time for querying: 0.0
Time for new slide: 0.10279075272027972
Time for expired slide: 0.01487570458041958
------------------------------------
Number clusters = 0.0
Max Number points in event queue = 0.0
Avg number points in clusters= 0.0
Avg Rmc size = 0.0
Avg Length exps= 0.0
#window: 144
Total #outliers: 293
Average Time: 117.61490980555564 ms
Peak memory: 2642.0263595581055 MB
Time index, remove data from structure: 0.0013774007430555556
Time for querying: 0.0
Time for new slide: 0.10274368813888889
Time for expired slide: 0.014868006527777776
------------------------------------
Number clusters = 0.0
Max Number points in event queue = 0.0
Avg number points in clusters= 0.0
Avg Rmc size = 0.0
Avg Length exps= 0.0
#window: 145
Total #outliers: 288
Average Time: 117.5680814551725 ms
Peak memory: 2642.0263595581055 MB
Time index, remove data from structure: 0.001377024779310345
Time for querying: 0.0
Time for new slide: 0.1027025069724138
Time for expired slide: 0.014862366317241379
------------------------------------
Number clusters = 0.0
Max Number points in event queue = 0.0
Avg number points in clusters= 0.0
Avg Rmc size = 0.0
Avg Length exps= 0.0
#window: 146
Total #outliers: 294
Average Time: 117.52571899315076 ms
Peak memory: 2642.0263595581055 MB
Time index, remove data from structure: 0.0013766085410958904
Time for querying: 0.0
Time for new slide: 0.10266619435616438
Time for expired slide: 0.014856321691780822
------------------------------------
Number clusters = 0.0
Max Number points in event queue = 0.0
Avg number points in clusters= 0.0
Avg Rmc size = 0.0
Avg Length exps= 0.0
#window: 147
Total #outliers: 280
Average Time: 117.49383302040825 ms
Peak memory: 2642.0263595581055 MB
Time index, remove data from structure: 0.00137573393877551
Time for querying: 0.0
Time for new slide: 0.10263973665986394
Time for expired slide: 0.01485089750340136
------------------------------------
Number clusters = 0.0
Max Number points in event queue = 0.0
Avg number points in clusters= 0.0
Avg Rmc size = 0.0
Avg Length exps= 0.0
#window: 148
Total #outliers: 294
Average Time: 117.45461689864874 ms
Peak memory: 2642.0263595581055 MB
Time index, remove data from structure: 0.0013752747094594596
Time for querying: 0.0
Time for new slide: 0.10260801408783783
Time for expired slide: 0.014843406243243243
------------------------------------
Number clusters = 0.0
Max Number points in event queue = 0.0
Avg number points in clusters= 0.0
Avg Rmc size = 0.0
Avg Length exps= 0.0
#window: 149
Total #outliers: 286
Average Time: 117.40814448322158 ms
Peak memory: 2642.0263595581055 MB
Time index, remove data from structure: 0.001374463402684564
Time for querying: 0.0
Time for new slide: 0.10257065106711409
Time for expired slide: 0.014834302234899328
------------------------------------
Number clusters = 0.0
Max Number points in event queue = 0.0
Avg number points in clusters= 0.0
Avg Rmc size = 0.0
Avg Length exps= 0.0
#window: 150
Total #outliers: 290
Average Time: 117.37779392666677 ms
Peak memory: 2642.0263595581055 MB
Time index, remove data from structure: 0.0013736279866666666
Time for querying: 0.0
Time for new slide: 0.1025501325
Time for expired slide: 0.014824470813333334
------------------------------------
Number clusters = 0.0
Max Number points in event queue = 0.0
Avg number points in clusters= 0.0
Avg Rmc size = 0.0
Avg Length exps= 0.0
#window: 151
Total #outliers: 287
Average Time: 117.35956571523188 ms
Peak memory: 2642.0263595581055 MB
Time index, remove data from structure: 0.0013728099072847682
Time for querying: 0.0
Time for new slide: 0.10253751698013244
Time for expired slide: 0.01481885923178808
------------------------------------
Number clusters = 0.0
Max Number points in event queue = 0.0
Avg number points in clusters= 0.0
Avg Rmc size = 0.0
Avg Length exps= 0.0
#window: 152
Total #outliers: 281
Average Time: 117.33643619736851 ms
Peak memory: 2642.0263595581055 MB
Time index, remove data from structure: 0.0013719614210526317
Time for querying: 0.0
Time for new slide: 0.10252041453289473
Time for expired slide: 0.014812832914473684
------------------------------------
Number clusters = 0.0
Max Number points in event queue = 0.0
Avg number points in clusters= 0.0
Avg Rmc size = 0.0
Avg Length exps= 0.0
#window: 153
Total #outliers: 267
Average Time: 117.32818922222232 ms
Peak memory: 2642.0263595581055 MB
Time index, remove data from structure: 0.0013714411437908496
Time for querying: 0.0
Time for new slide: 0.10251679962091503
Time for expired slide: 0.014808202856209152
------------------------------------
Number clusters = 0.0
Max Number points in event queue = 0.0
Avg number points in clusters= 0.0
Avg Rmc size = 0.0
Avg Length exps= 0.0
#window: 154
Total #outliers: 266
Average Time: 117.3151032922079 ms
Peak memory: 2642.0263595581055 MB
Time index, remove data from structure: 0.0013710857337662337
Time for querying: 0.0
Time for new slide: 0.10251087851298701
Time for expired slide: 0.014801040941558442
------------------------------------
Number clusters = 0.0
Max Number points in event queue = 0.0
Avg number points in clusters= 0.0
Avg Rmc size = 0.0
Avg Length exps= 0.0
#window: 155
Total #outliers: 265
Average Time: 117.36893912903236 ms
Peak memory: 2642.0263595581055 MB
Time index, remove data from structure: 0.0013705692580645162
Time for querying: 0.0
Time for new slide: 0.1025707646451613
Time for expired slide: 0.01479498950967742
------------------------------------
Number clusters = 0.0
Max Number points in event queue = 0.0
Avg number points in clusters= 0.0
Avg Rmc size = 0.0
Avg Length exps= 0.0
#window: 156
Total #outliers: 267
Average Time: 117.38743216025652 ms
Peak memory: 2642.0263595581055 MB
Time index, remove data from structure: 0.0013705117756410256
Time for querying: 0.0
Time for new slide: 0.10259159417948717
Time for expired slide: 0.014792653192307692
------------------------------------
Number clusters = 0.0
Max Number points in event queue = 0.0
Avg number points in clusters= 0.0
Avg Rmc size = 0.0
Avg Length exps= 0.0
#window: 157
Total #outliers: 274
Average Time: 117.39432115286637 ms
Peak memory: 2642.0263595581055 MB
Time index, remove data from structure: 0.0013699858917197453
Time for querying: 0.0
Time for new slide: 0.10260160163694268
Time for expired slide: 0.01478953407643312
------------------------------------
Number clusters = 0.0
Max Number points in event queue = 0.0
Avg number points in clusters= 0.0
Avg Rmc size = 0.0
Avg Length exps= 0.0
#window: 158
Total #outliers: 279
Average Time: 117.39862108860773 ms
Peak memory: 2642.0263595581055 MB
Time index, remove data from structure: 0.0013688787341772151
Time for querying: 0.0
Time for new slide: 0.1026126937278481
Time for expired slide: 0.014782739594936709
------------------------------------
Number clusters = 0.0
Max Number points in event queue = 0.0
Avg number points in clusters= 0.0
Avg Rmc size = 0.0
Avg Length exps= 0.0
#window: 159
Total #outliers: 279
Average Time: 117.41214369182403 ms
Peak memory: 2642.0263595581055 MB
Time index, remove data from structure: 0.0013685929119496855
Time for querying: 0.0
Time for new slide: 0.10262914975471699
Time for expired slide: 0.014779807968553459
------------------------------------
Number clusters = 0.0
Max Number points in event queue = 0.0
Avg number points in clusters= 0.0
Avg Rmc size = 0.0
Avg Length exps= 0.0
#window: 160
Total #outliers: 277
Average Time: 117.41514638125012 ms
Peak memory: 2642.0263595581055 MB
Time index, remove data from structure: 0.00136800236875
Time for querying: 0.0
Time for new slide: 0.10263717984375001
Time for expired slide: 0.014774779462500002
------------------------------------
Number clusters = 0.0
Max Number points in event queue = 0.0
Avg number points in clusters= 0.0
Avg Rmc size = 0.0
Avg Length exps= 0.0
#window: 161
Total #outliers: 264
Average Time: 117.42596394409951 ms
Peak memory: 2642.0263595581055 MB
Time index, remove data from structure: 0.0013678149627329192
Time for querying: 0.0
Time for new slide: 0.10265026614285715
Time for expired slide: 0.014772510670807452
------------------------------------
Number clusters = 0.0
Max Number points in event queue = 0.0
Avg number points in clusters= 0.0
Avg Rmc size = 0.0
Avg Length exps= 0.0
#window: 162
Total #outliers: 270
Average Time: 117.43013873456802 ms
Peak memory: 2642.0263595581055 MB
Time index, remove data from structure: 0.0013677085246913579
Time for querying: 0.0
Time for new slide: 0.102657845845679
Time for expired slide: 0.014769104111111112
------------------------------------
Number clusters = 0.0
Max Number points in event queue = 0.0
Avg number points in clusters= 0.0
Avg Rmc size = 0.0
Avg Length exps= 0.0
#window: 163
Total #outliers: 265
Average Time: 117.42584386503079 ms
Peak memory: 2642.0263595581055 MB
Time index, remove data from structure: 0.0013669686134969324
Time for querying: 0.0
Time for new slide: 0.10265825349079755
Time for expired slide: 0.014764403460122697
------------------------------------
Number clusters = 0.0
Max Number points in event queue = 0.0
Avg number points in clusters= 0.0
Avg Rmc size = 0.0
Avg Length exps= 0.0
#window: 164
Total #outliers: 259
Average Time: 117.37584101219524 ms
Peak memory: 2642.0263595581055 MB
Time index, remove data from structure: 0.0013664786158536586
Time for querying: 0.0
Time for new slide: 0.102613463
Time for expired slide: 0.014759194195121953
------------------------------------
Number clusters = 0.0
Max Number points in event queue = 0.0
Avg number points in clusters= 0.0
Avg Rmc size = 0.0
Avg Length exps= 0.0
#window: 165
Total #outliers: 249
Average Time: 117.32968085454557 ms
Peak memory: 2642.0263595581055 MB
Time index, remove data from structure: 0.0013656097515151516
Time for querying: 0.0
Time for new slide: 0.10257286775757576
Time for expired slide: 0.014753633593939395
------------------------------------
Number clusters = 0.0
Max Number points in event queue = 0.0
Avg number points in clusters= 0.0
Avg Rmc size = 0.0
Avg Length exps= 0.0
#window: 166
Total #outliers: 249
Average Time: 117.29068198192783 ms
Peak memory: 2642.0263595581055 MB
Time index, remove data from structure: 0.00136494521686747
Time for querying: 0.0
Time for new slide: 0.10253929913855421
Time for expired slide: 0.014748209042168675
------------------------------------
Number clusters = 0.0
Max Number points in event queue = 0.0
Avg number points in clusters= 0.0
Avg Rmc size = 0.0
Avg Length exps= 0.0
#window: 167
Total #outliers: 252
Average Time: 117.25514962275462 ms
Peak memory: 2642.0263595581055 MB
Time index, remove data from structure: 0.0013643899161676647
Time for querying: 0.0
Time for new slide: 0.10250728685628742
Time for expired slide: 0.01474469451497006
------------------------------------
Number clusters = 0.0
Max Number points in event queue = 0.0
Avg number points in clusters= 0.0
Avg Rmc size = 0.0
Avg Length exps= 0.0
#window: 168
Total #outliers: 253
Average Time: 117.22598822619061 ms
Peak memory: 2642.0263595581055 MB
Time index, remove data from structure: 0.0013644395535714286
Time for querying: 0.0
Time for new slide: 0.10248090210714286
Time for expired slide: 0.014741920773809522
------------------------------------
Number clusters = 0.0
Max Number points in event queue = 0.0
Avg number points in clusters= 0.0
Avg Rmc size = 0.0
Avg Length exps= 0.0
#window: 169
Total #outliers: 262
Average Time: 117.19594098224867 ms
Peak memory: 2642.0263595581055 MB
Time index, remove data from structure: 0.0013641497869822485
Time for querying: 0.0
Time for new slide: 0.10245468273372782
Time for expired slide: 0.014738095840236687
------------------------------------
Number clusters = 0.0
Max Number points in event queue = 0.0
Avg number points in clusters= 0.0
Avg Rmc size = 0.0
Avg Length exps= 0.0
#window: 170
Total #outliers: 253
Average Time: 117.17290467058838 ms
Peak memory: 2642.0263595581055 MB
Time index, remove data from structure: 0.0013636131882352942
Time for querying: 0.0
Time for new slide: 0.10243776179411765
Time for expired slide: 0.014731983141176469
------------------------------------
Number clusters = 0.0
Max Number points in event queue = 0.0
Avg number points in clusters= 0.0
Avg Rmc size = 0.0
Avg Length exps= 0.0
#window: 171
Total #outliers: 255
Average Time: 117.15171440350892 ms
Peak memory: 2642.0263595581055 MB
Time index, remove data from structure: 0.001363083298245614
Time for querying: 0.0
Time for new slide: 0.10242056287719299
Time for expired slide: 0.01472799411111111
------------------------------------
Number clusters = 0.0
Max Number points in event queue = 0.0
Avg number points in clusters= 0.0
Avg Rmc size = 0.0
Avg Length exps= 0.0
#window: 172
Total #outliers: 260
Average Time: 117.12248483139551 ms
Peak memory: 2642.0263595581055 MB
Time index, remove data from structure: 0.0013626505639534883
Time for querying: 0.0
Time for new slide: 0.1023976833372093
Time for expired slide: 0.014721645773255815
------------------------------------
Number clusters = 0.0
Max Number points in event queue = 0.0
Avg number points in clusters= 0.0
Avg Rmc size = 0.0
Avg Length exps= 0.0
#window: 173
Total #outliers: 260
Average Time: 117.10911708670537 ms
Peak memory: 2642.0263595581055 MB
Time index, remove data from structure: 0.0013621588150289018
Time for querying: 0.0
Time for new slide: 0.10238870074566475
Time for expired slide: 0.014717264358381504
------------------------------------
Number clusters = 0.0
Max Number points in event queue = 0.0
Avg number points in clusters= 0.0
Avg Rmc size = 0.0
Avg Length exps= 0.0
#window: 174
Total #outliers: 262
Average Time: 117.0992109425289 ms
Peak memory: 2642.0263595581055 MB
Time index, remove data from structure: 0.0013615873678160919
Time for querying: 0.0
Time for new slide: 0.10238284748850575
Time for expired slide: 0.014713213528735633
------------------------------------
Number clusters = 0.0
Max Number points in event queue = 0.0
Avg number points in clusters= 0.0
Avg Rmc size = 0.0
Avg Length exps= 0.0
#window: 175
Total #outliers: 263
Average Time: 117.09290467428588 ms
Peak memory: 2642.0263595581055 MB
Time index, remove data from structure: 0.0013613028857142858
Time for querying: 0.0
Time for new slide: 0.10238174828
Time for expired slide: 0.014708009108571429
------------------------------------
Number clusters = 0.0
Max Number points in event queue = 0.0
Avg number points in clusters= 0.0
Avg Rmc size = 0.0
Avg Length exps= 0.0
#window: 176
Total #outliers: 259
Average Time: 117.09713647159106 ms
Peak memory: 2642.0263595581055 MB
Time index, remove data from structure: 0.0013608925397727272
Time for querying: 0.0
Time for new slide: 0.10238661159659092
Time for expired slide: 0.014707380488636363
------------------------------------
Number clusters = 0.0
Max Number points in event queue = 0.0
Avg number points in clusters= 0.0
Avg Rmc size = 0.0
Avg Length exps= 0.0
#window: 177
Total #outliers: 252
Average Time: 117.09959257062162 ms
Peak memory: 2642.0263595581055 MB
Time index, remove data from structure: 0.0013609733163841807
Time for querying: 0.0
Time for new slide: 0.102390723480226
Time for expired slide: 0.014705727677966102
------------------------------------
Number clusters = 0.0
Max Number points in event queue = 0.0
Avg number points in clusters= 0.0
Avg Rmc size = 0.0
Avg Length exps= 0.0
#window: 178
Total #outliers: 251
Average Time: 117.10060878651701 ms
Peak memory: 2642.0263595581055 MB
Time index, remove data from structure: 0.0013604711853932585
Time for querying: 0.0
Time for new slide: 0.10239628016292135
Time for expired slide: 0.014701188016853932
------------------------------------
Number clusters = 0.0
Max Number points in event queue = 0.0
Avg number points in clusters= 0.0
Avg Rmc size = 0.0
Avg Length exps= 0.0
#window: 179
Total #outliers: 248
Average Time: 117.10750762011189 ms
Peak memory: 2642.0263595581055 MB
Time index, remove data from structure: 0.001360063530726257
Time for querying: 0.0
Time for new slide: 0.10240640451955307
Time for expired slide: 0.014697961234636873
------------------------------------
Number clusters = 0.0
Max Number points in event queue = 0.0
Avg number points in clusters= 0.0
Avg Rmc size = 0.0
Avg Length exps= 0.0
#window: 180
Total #outliers: 258
Average Time: 117.11417533888904 ms
Peak memory: 2642.0263595581055 MB
Time index, remove data from structure: 0.0013595475833333333
Time for querying: 0.0
Time for new slide: 0.10241741853333332
Time for expired slide: 0.014693615583333333
------------------------------------
Number clusters = 0.0
Max Number points in event queue = 0.0
Avg number points in clusters= 0.0
Avg Rmc size = 0.0
Avg Length exps= 0.0
#window: 181
Total #outliers: 271
Average Time: 117.12702645303882 ms
Peak memory: 2642.0263595581055 MB
Time index, remove data from structure: 0.0013589837403314917
Time for querying: 0.0
Time for new slide: 0.10243344531491712
Time for expired slide: 0.014690440939226519
------------------------------------
Number clusters = 0.0
Max Number points in event queue = 0.0
Avg number points in clusters= 0.0
Avg Rmc size = 0.0
Avg Length exps= 0.0
Peak memory: 2642.0263595581055 MB
Average CPU time: 117.12702645303882 ms
