#window: 1
Total #outliers: 461
Average Time: 0.0 ms
Peak memory: 300.9023895263672 MB
Time index, remove data from structure: 0.0
Time for querying: 0.0
Time for new slide: 0.0
Time for expired slide: 0.0
------------------------------------
Number clusters = 0.0
Max Number points in event queue = 0.0
Avg number points in clusters= 0.0
Avg Rmc size = 0.0
Avg Length exps= 0.0
#window: 2
Total #outliers: 493
Average Time: 44.7780585 ms
Peak memory: 300.9023895263672 MB
Time index, remove data from structure: 0.001452436
Time for querying: 0.0
Time for new slide: 0.0400334665
Time for expired slide: 0.0047423105
------------------------------------
Number clusters = 0.0
Max Number points in event queue = 0.0
Avg number points in clusters= 0.0
Avg Rmc size = 0.0
Avg Length exps= 0.0
#window: 3
Total #outliers: 513
Average Time: 64.58483866666666 ms
Peak memory: 300.9023895263672 MB
Time index, remove data from structure: 0.0015882966666666666
Time for querying: 0.0
Time for new slide: 0.05919794166666667
Time for expired slide: 0.005384313666666667
------------------------------------
Number clusters = 0.0
Max Number points in event queue = 0.0
Avg number points in clusters= 0.0
Avg Rmc size = 0.0
Avg Length exps= 0.0
#window: 4
Total #outliers: 472
Average Time: 77.42834475 ms
Peak memory: 300.9023895263672 MB
Time index, remove data from structure: 0.00176098625
Time for querying: 0.0
Time for new slide: 0.07146414275
Time for expired slide: 0.00596140675
------------------------------------
Number clusters = 0.0
Max Number points in event queue = 0.0
Avg number points in clusters= 0.0
Avg Rmc size = 0.0
Avg Length exps= 0.0
#window: 5
Total #outliers: 450
Average Time: 85.2959918 ms
Peak memory: 313.7876510620117 MB
Time index, remove data from structure: 0.0019120565999999999
Time for querying: 0.0
Time for new slide: 0.0781030218
Time for expired slide: 0.0071900487999999995
------------------------------------
Number clusters = 0.0
Max Number points in event queue = 0.0
Avg number points in clusters= 0.0
Avg Rmc size = 0.0
Avg Length exps= 0.0
#window: 6
Total #outliers: 471
Average Time: 89.82818116666665 ms
Peak memory: 328.2347412109375 MB
Time index, remove data from structure: 0.0020112236666666667
Time for querying: 0.0
Time for new slide: 0.08127005783333334
Time for expired slide: 0.008555161666666667
------------------------------------
Number clusters = 0.0
Max Number points in event queue = 0.0
Avg number points in clusters= 0.0
Avg Rmc size = 0.0
Avg Length exps= 0.0
#window: 7
Total #outliers: 437
Average Time: 88.15518899999998 ms
Peak memory: 328.2347412109375 MB
Time index, remove data from structure: 0.0020229805714285713
Time for querying: 0.0
Time for new slide: 0.07983295642857144
Time for expired slide: 0.00831918357142857
------------------------------------
Number clusters = 0.0
Max Number points in event queue = 0.0
Avg number points in clusters= 0.0
Avg Rmc size = 0.0
Avg Length exps= 0.0
#window: 8
Total #outliers: 418
Average Time: 85.51973449999998 ms
Peak memory: 328.2347412109375 MB
Time index, remove data from structure: 0.00203013275
Time for querying: 0.0
Time for new slide: 0.07741962875
Time for expired slide: 0.008097012625
------------------------------------
Number clusters = 0.0
Max Number points in event queue = 0.0
Avg number points in clusters= 0.0
Avg Rmc size = 0.0
Avg Length exps= 0.0
#window: 9
Total #outliers: 403
Average Time: 83.58933699999999 ms
Peak memory: 328.2347412109375 MB
Time index, remove data from structure: 0.0020439888888888888
Time for querying: 0.0
Time for new slide: 0.07566783366666667
Time for expired slide: 0.007918437333333334
------------------------------------
Number clusters = 0.0
Max Number points in event queue = 0.0
Avg number points in clusters= 0.0
Avg Rmc size = 0.0
Avg Length exps= 0.0
#window: 10
Total #outliers: 416
Average Time: 80.4449272 ms
Peak memory: 328.2347412109375 MB
Time index, remove data from structure: 0.0020419768000000003
Time for querying: 0.0
Time for new slide: 0.0726831525
Time for expired slide: 0.0077587012999999995
------------------------------------
Number clusters = 0.0
Max Number points in event queue = 0.0
Avg number points in clusters= 0.0
Avg Rmc size = 0.0
Avg Length exps= 0.0
#window: 11
Total #outliers: 391
Average Time: 79.24040972727272 ms
Peak memory: 328.2347412109375 MB
Time index, remove data from structure: 0.002055123909090909
Time for querying: 0.0
Time for new slide: 0.07082945027272727
Time for expired slide: 0.008407906727272728
------------------------------------
Number clusters = 0.0
Max Number points in event queue = 0.0
Avg number points in clusters= 0.0
Avg Rmc size = 0.0
Avg Length exps= 0.0
#window: 12
Total #outliers: 439
Average Time: 78.84090291666666 ms
Peak memory: 328.2347412109375 MB
Time index, remove data from structure: 0.002066689
Time for querying: 0.0
Time for new slide: 0.07018709458333333
Time for expired slide: 0.008650753083333334
------------------------------------
Number clusters = 0.0
Max Number points in event queue = 0.0
Avg number points in clusters= 0.0
Avg Rmc size = 0.0
Avg Length exps= 0.0
#window: 13
Total #outliers: 487
Average Time: 78.59315184615384 ms
Peak memory: 328.2347412109375 MB
Time index, remove data from structure: 0.0020721757692307692
Time for querying: 0.0
Time for new slide: 0.06978905561538461
Time for expired slide: 0.008801054692307693
------------------------------------
Number clusters = 0.0
Max Number points in event queue = 0.0
Avg number points in clusters= 0.0
Avg Rmc size = 0.0
Avg Length exps= 0.0
#window: 14
Total #outliers: 510
Average Time: 79.57876214285713 ms
Peak memory: 328.2347412109375 MB
Time index, remove data from structure: 0.0020914575714285713
Time for querying: 0.0
Time for new slide: 0.07072097128571428
Time for expired slide: 0.008854756357142857
------------------------------------
Number clusters = 0.0
Max Number points in event queue = 0.0
Avg number points in clusters= 0.0
Avg Rmc size = 0.0
Avg Length exps= 0.0
#window: 15
Total #outliers: 504
Average Time: 81.80263506666665 ms
Peak memory: 328.2347412109375 MB
Time index, remove data from structure: 0.0020895258
Time for querying: 0.0
Time for new slide: 0.07292360933333333
Time for expired slide: 0.008874390333333334
------------------------------------
Number clusters = 0.0
Max Number points in event queue = 0.0
Avg number points in clusters= 0.0
Avg Rmc size = 0.0
Avg Length exps= 0.0
#window: 16
Total #outliers: 492
Average Time: 83.78004056249999 ms
Peak memory: 328.2347412109375 MB
Time index, remove data from structure: 0.0020919373125
Time for querying: 0.0
Time for new slide: 0.07491058325
Time for expired slide: 0.008864891125
------------------------------------
Number clusters = 0.0
Max Number points in event queue = 0.0
Avg number points in clusters= 0.0
Avg Rmc size = 0.0
Avg Length exps= 0.0
#window: 17
Total #outliers: 440
Average Time: 85.77986805882352 ms
Peak memory: 328.2347412109375 MB
Time index, remove data from structure: 0.002084173705882353
Time for querying: 0.0
Time for new slide: 0.07705830952941177
Time for expired slide: 0.00871702611764706
------------------------------------
Number clusters = 0.0
Max Number points in event queue = 0.0
Avg number points in clusters= 0.0
Avg Rmc size = 0.0
Avg Length exps= 0.0
#window: 18
Total #outliers: 421
Average Time: 86.31824144444444 ms
Peak memory: 328.2347412109375 MB
Time index, remove data from structure: 0.0020698896666666664
Time for querying: 0.0
Time for new slide: 0.07774695177777778
Time for expired slide: 0.008566818166666667
------------------------------------
Number clusters = 0.0
Max Number points in event queue = 0.0
Avg number points in clusters= 0.0
Avg Rmc size = 0.0
Avg Length exps= 0.0
#window: 19
Total #outliers: 394
Average Time: 86.34697057894736 ms
Peak memory: 328.2347412109375 MB
Time index, remove data from structure: 0.002058131894736842
Time for querying: 0.0
Time for new slide: 0.07791438478947368
Time for expired slide: 0.008428144578947368
------------------------------------
Number clusters = 0.0
Max Number points in event queue = 0.0
Avg number points in clusters= 0.0
Avg Rmc size = 0.0
Avg Length exps= 0.0
#window: 20
Total #outliers: 396
Average Time: 86.57446815 ms
Peak memory: 328.2347412109375 MB
Time index, remove data from structure: 0.0020469131500000003
Time for querying: 0.0
Time for new slide: 0.07825904615
Time for expired slide: 0.0083110194
------------------------------------
Number clusters = 0.0
Max Number points in event queue = 0.0
Avg number points in clusters= 0.0
Avg Rmc size = 0.0
Avg Length exps= 0.0
#window: 21
Total #outliers: 399
Average Time: 87.49737114285713 ms
Peak memory: 328.2347412109375 MB
Time index, remove data from structure: 0.0020385790476190476
Time for querying: 0.0
Time for new slide: 0.07912543342857144
Time for expired slide: 0.008367577952380953
------------------------------------
Number clusters = 0.0
Max Number points in event queue = 0.0
Avg number points in clusters= 0.0
Avg Rmc size = 0.0
Avg Length exps= 0.0
#window: 22
Total #outliers: 457
Average Time: 88.2212364090909 ms
Peak memory: 341.34938049316406 MB
Time index, remove data from structure: 0.0020412708181818183
Time for querying: 0.0
Time for new slide: 0.07981397945454545
Time for expired slide: 0.008402935772727273
------------------------------------
Number clusters = 0.0
Max Number points in event queue = 0.0
Avg number points in clusters= 0.0
Avg Rmc size = 0.0
Avg Length exps= 0.0
#window: 23
Total #outliers: 481
Average Time: 89.28342913043478 ms
Peak memory: 351.03050231933594 MB
Time index, remove data from structure: 0.0020434215217391303
Time for querying: 0.0
Time for new slide: 0.08082855460869565
Time for expired slide: 0.008450545478260869
------------------------------------
Number clusters = 0.0
Max Number points in event queue = 0.0
Avg number points in clusters= 0.0
Avg Rmc size = 0.0
Avg Length exps= 0.0
#window: 24
Total #outliers: 606
Average Time: 90.44636029166668 ms
Peak memory: 370.3927459716797 MB
Time index, remove data from structure: 0.0020405829166666666
Time for querying: 0.0
Time for new slide: 0.082071082125
Time for expired slide: 0.008370698250000001
------------------------------------
Number clusters = 0.0
Max Number points in event queue = 0.0
Avg number points in clusters= 0.0
Avg Rmc size = 0.0
Avg Length exps= 0.0
#window: 25
Total #outliers: 602
Average Time: 91.85507748 ms
Peak memory: 380.0739974975586 MB
Time index, remove data from structure: 0.00204534232
Time for querying: 0.0
Time for new slide: 0.08319552747999999
Time for expired slide: 0.00865503164
------------------------------------
Number clusters = 0.0
Max Number points in event queue = 0.0
Avg number points in clusters= 0.0
Avg Rmc size = 0.0
Avg Length exps= 0.0
#window: 26
Total #outliers: 582
Average Time: 93.70596215384616 ms
Peak memory: 399.436279296875 MB
Time index, remove data from structure: 0.0020543111153846156
Time for querying: 0.0
Time for new slide: 0.08453471938461539
Time for expired slide: 0.009166796230769231
------------------------------------
Number clusters = 0.0
Max Number points in event queue = 0.0
Avg number points in clusters= 0.0
Avg Rmc size = 0.0
Avg Length exps= 0.0
#window: 27
Total #outliers: 522
Average Time: 95.31706322222223 ms
Peak memory: 409.1174011230469 MB
Time index, remove data from structure: 0.002060087333333333
Time for querying: 0.0
Time for new slide: 0.08601343
Time for expired slide: 0.009299221888888888
------------------------------------
Number clusters = 0.0
Max Number points in event queue = 0.0
Avg number points in clusters= 0.0
Avg Rmc size = 0.0
Avg Length exps= 0.0
#window: 28
Total #outliers: 506
Average Time: 96.99731357142859 ms
Peak memory: 438.16087341308594 MB
Time index, remove data from structure: 0.002069965964285714
Time for querying: 0.0
Time for new slide: 0.08777432767857142
Time for expired slide: 0.009218623321428572
------------------------------------
Number clusters = 0.0
Max Number points in event queue = 0.0
Avg number points in clusters= 0.0
Avg Rmc size = 0.0
Avg Length exps= 0.0
#window: 29
Total #outliers: 465
Average Time: 98.4128405172414 ms
Peak memory: 447.8419952392578 MB
Time index, remove data from structure: 0.002079700965517241
Time for querying: 0.0
Time for new slide: 0.08899188803448276
Time for expired slide: 0.009416629931034483
------------------------------------
Number clusters = 0.0
Max Number points in event queue = 0.0
Avg number points in clusters= 0.0
Avg Rmc size = 0.0
Avg Length exps= 0.0
#window: 30
Total #outliers: 444
Average Time: 99.33811050000003 ms
Peak memory: 457.5231018066406 MB
Time index, remove data from structure: 0.002084691866666667
Time for querying: 0.0
Time for new slide: 0.09001247893333333
Time for expired slide: 0.0093213432
------------------------------------
Number clusters = 0.0
Max Number points in event queue = 0.0
Avg number points in clusters= 0.0
Avg Rmc size = 0.0
Avg Length exps= 0.0
#window: 31
Total #outliers: 447
Average Time: 100.75694803225808 ms
Peak memory: 476.8853454589844 MB
Time index, remove data from structure: 0.002095337806451613
Time for querying: 0.0
Time for new slide: 0.09133916903225807
Time for expired slide: 0.009413523322580646
------------------------------------
Number clusters = 0.0
Max Number points in event queue = 0.0
Avg number points in clusters= 0.0
Avg Rmc size = 0.0
Avg Length exps= 0.0
#window: 32
Total #outliers: 489
Average Time: 101.74818409375001 ms
Peak memory: 486.56646728515625 MB
Time index, remove data from structure: 0.0021028925
Time for querying: 0.0
Time for new slide: 0.09231659359375
Time for expired slide: 0.00942735996875
------------------------------------
Number clusters = 0.0
Max Number points in event queue = 0.0
Avg number points in clusters= 0.0
Avg Rmc size = 0.0
Avg Length exps= 0.0
#window: 33
Total #outliers: 528
Average Time: 102.5086910909091 ms
Peak memory: 496.2475891113281 MB
Time index, remove data from structure: 0.0021066657272727275
Time for querying: 0.0
Time for new slide: 0.09316069012121211
Time for expired slide: 0.009343389333333334
------------------------------------
Number clusters = 0.0
Max Number points in event queue = 0.0
Avg number points in clusters= 0.0
Avg Rmc size = 0.0
Avg Length exps= 0.0
#window: 34
Total #outliers: 504
Average Time: 103.3455375882353 ms
Peak memory: 525.2909545898438 MB
Time index, remove data from structure: 0.0021020690882352943
Time for querying: 0.0
Time for new slide: 0.09408297658823529
Time for expired slide: 0.009258003147058824
------------------------------------
Number clusters = 0.0
Max Number points in event queue = 0.0
Avg number points in clusters= 0.0
Avg Rmc size = 0.0
Avg Length exps= 0.0
#window: 35
Total #outliers: 479
Average Time: 104.32287542857144 ms
Peak memory: 534.9721221923828 MB
Time index, remove data from structure: 0.0020939696571428573
Time for querying: 0.0
Time for new slide: 0.0951544202
Time for expired slide: 0.009163945485714284
------------------------------------
Number clusters = 0.0
Max Number points in event queue = 0.0
Avg number points in clusters= 0.0
Avg Rmc size = 0.0
Avg Length exps= 0.0
#window: 36
Total #outliers: 480
Average Time: 105.07353016666669 ms
Peak memory: 544.6532440185547 MB
Time index, remove data from structure: 0.0020894423611111114
Time for querying: 0.0
Time for new slide: 0.09592249586111111
Time for expired slide: 0.00914656275
------------------------------------
Number clusters = 0.0
Max Number points in event queue = 0.0
Avg number points in clusters= 0.0
Avg Rmc size = 0.0
Avg Length exps= 0.0
#window: 37
Total #outliers: 544
Average Time: 105.49637845945949 ms
Peak memory: 554.3343658447266 MB
Time index, remove data from structure: 0.002085358864864865
Time for querying: 0.0
Time for new slide: 0.09642765627027026
Time for expired slide: 0.009064299783783784
------------------------------------
Number clusters = 0.0
Max Number points in event queue = 0.0
Avg number points in clusters= 0.0
Avg Rmc size = 0.0
Avg Length exps= 0.0
#window: 38
Total #outliers: 529
Average Time: 105.9080507894737 ms
Peak memory: 573.6966247558594 MB
Time index, remove data from structure: 0.0020814988157894735
Time for querying: 0.0
Time for new slide: 0.09690822378947368
Time for expired slide: 0.00899542744736842
------------------------------------
Number clusters = 0.0
Max Number points in event queue = 0.0
Avg number points in clusters= 0.0
Avg Rmc size = 0.0
Avg Length exps= 0.0
#window: 39
Total #outliers: 504
Average Time: 106.38327553846156 ms
Peak memory: 583.3777923583984 MB
Time index, remove data from structure: 0.0020812196153846153
Time for querying: 0.0
Time for new slide: 0.09736242292307692
Time for expired slide: 0.009016474692307692
------------------------------------
Number clusters = 0.0
Max Number points in event queue = 0.0
Avg number points in clusters= 0.0
Avg Rmc size = 0.0
Avg Length exps= 0.0
#window: 40
Total #outliers: 586
Average Time: 106.99461515000002 ms
Peak memory: 593.0589141845703 MB
Time index, remove data from structure: 0.00208403715
Time for querying: 0.0
Time for new slide: 0.09802945469999999
Time for expired slide: 0.008960408625000001
------------------------------------
Number clusters = 0.0
Max Number points in event queue = 0.0
Avg number points in clusters= 0.0
Avg Rmc size = 0.0
Avg Length exps= 0.0
#window: 41
Total #outliers: 657
Average Time: 107.73342029268294 ms
Peak memory: 593.0589141845703 MB
Time index, remove data from structure: 0.0020906287804878052
Time for querying: 0.0
Time for new slide: 0.09875931624390244
Time for expired slide: 0.008969395634146341
------------------------------------
Number clusters = 0.0
Max Number points in event queue = 0.0
Avg number points in clusters= 0.0
Avg Rmc size = 0.0
Avg Length exps= 0.0
#window: 42
Total #outliers: 762
Average Time: 108.00099773809524 ms
Peak memory: 593.0589141845703 MB
Time index, remove data from structure: 0.002093910142857143
Time for querying: 0.0
Time for new slide: 0.09899835785714287
Time for expired slide: 0.008997977928571429
------------------------------------
Number clusters = 0.0
Max Number points in event queue = 0.0
Avg number points in clusters= 0.0
Avg Rmc size = 0.0
Avg Length exps= 0.0
#window: 43
Total #outliers: 676
Average Time: 108.33744211627909 ms
Peak memory: 593.0589141845703 MB
Time index, remove data from structure: 0.0020935219069767442
Time for querying: 0.0
Time for new slide: 0.09937013513953488
Time for expired slide: 0.008962680186046512
------------------------------------
Number clusters = 0.0
Max Number points in event queue = 0.0
Avg number points in clusters= 0.0
Avg Rmc size = 0.0
Avg Length exps= 0.0
#window: 44
Total #outliers: 560
Average Time: 107.805757 ms
Peak memory: 593.0589141845703 MB
Time index, remove data from structure: 0.0020926276136363636
Time for querying: 0.0
Time for new slide: 0.09888007402272728
Time for expired slide: 0.008921096568181817
------------------------------------
Number clusters = 0.0
Max Number points in event queue = 0.0
Avg number points in clusters= 0.0
Avg Rmc size = 0.0
Avg Length exps= 0.0
#window: 45
Total #outliers: 551
Average Time: 107.32732400000002 ms
Peak memory: 593.0589141845703 MB
Time index, remove data from structure: 0.0020902604444444444
Time for querying: 0.0
Time for new slide: 0.09846186217777778
Time for expired slide: 0.008860917266666667
------------------------------------
Number clusters = 0.0
Max Number points in event queue = 0.0
Avg number points in clusters= 0.0
Avg Rmc size = 0.0
Avg Length exps= 0.0
#window: 46
Total #outliers: 520
Average Time: 107.5772257173913 ms
Peak memory: 593.0589141845703 MB
Time index, remove data from structure: 0.002087228195652174
Time for querying: 0.0
Time for new slide: 0.09877220297826086
Time for expired slide: 0.008800513260869565
------------------------------------
Number clusters = 0.0
Max Number points in event queue = 0.0
Avg number points in clusters= 0.0
Avg Rmc size = 0.0
Avg Length exps= 0.0
#window: 47
Total #outliers: 424
Average Time: 107.75570236170212 ms
Peak memory: 593.0589141845703 MB
Time index, remove data from structure: 0.00208684785106383
Time for querying: 0.0
Time for new slide: 0.0990061300425532
Time for expired slide: 0.008745085340425531
------------------------------------
Number clusters = 0.0
Max Number points in event queue = 0.0
Avg number points in clusters= 0.0
Avg Rmc size = 0.0
Avg Length exps= 0.0
#window: 48
Total #outliers: 396
Average Time: 107.57111322916667 ms
Peak memory: 593.0589141845703 MB
Time index, remove data from structure: 0.002082790875
Time for querying: 0.0
Time for new slide: 0.09888912266666666
Time for expired slide: 0.008677533375
------------------------------------
Number clusters = 0.0
Max Number points in event queue = 0.0
Avg number points in clusters= 0.0
Avg Rmc size = 0.0
Avg Length exps= 0.0
#window: 49
Total #outliers: 370
Average Time: 107.30111067346938 ms
Peak memory: 593.0589141845703 MB
Time index, remove data from structure: 0.0020774141836734693
Time for querying: 0.0
Time for new slide: 0.0986871288367347
Time for expired slide: 0.00860956112244898
------------------------------------
Number clusters = 0.0
Max Number points in event queue = 0.0
Avg number points in clusters= 0.0
Avg Rmc size = 0.0
Avg Length exps= 0.0
#window: 50
Total #outliers: 463
Average Time: 107.20957956 ms
Peak memory: 593.0589141845703 MB
Time index, remove data from structure: 0.00207310766
Time for querying: 0.0
Time for new slide: 0.09866005327999999
Time for expired slide: 0.00854513808
------------------------------------
Number clusters = 0.0
Max Number points in event queue = 0.0
Avg number points in clusters= 0.0
Avg Rmc size = 0.0
Avg Length exps= 0.0
#window: 51
Total #outliers: 537
Average Time: 108.63153745098039 ms
Peak memory: 593.0589141845703 MB
Time index, remove data from structure: 0.002069981862745098
Time for querying: 0.0
Time for new slide: 0.10013136860784315
Time for expired slide: 0.008495809901960784
------------------------------------
Number clusters = 0.0
Max Number points in event queue = 0.0
Avg number points in clusters= 0.0
Avg Rmc size = 0.0
Avg Length exps= 0.0
#window: 52
Total #outliers: 578
Average Time: 110.03838886538463 ms
Peak memory: 593.0589141845703 MB
Time index, remove data from structure: 0.002067529192307692
Time for querying: 0.0
Time for new slide: 0.10157743542307693
Time for expired slide: 0.00845662723076923
------------------------------------
Number clusters = 0.0
Max Number points in event queue = 0.0
Avg number points in clusters= 0.0
Avg Rmc size = 0.0
Avg Length exps= 0.0
#window: 53
Total #outliers: 579
Average Time: 111.19244433962265 ms
Peak memory: 593.0589141845703 MB
Time index, remove data from structure: 0.0020648174528301888
Time for querying: 0.0
Time for new slide: 0.1027597816037736
Time for expired slide: 0.008428353320754717
------------------------------------
Number clusters = 0.0
Max Number points in event queue = 0.0
Avg number points in clusters= 0.0
Avg Rmc size = 0.0
Avg Length exps= 0.0
#window: 54
Total #outliers: 570
Average Time: 112.35955157407408 ms
Peak memory: 593.0589141845703 MB
Time index, remove data from structure: 0.0020586911296296296
Time for querying: 0.0
Time for new slide: 0.10395684809259259
Time for expired slide: 0.008398411462962963
------------------------------------
Number clusters = 0.0
Max Number points in event queue = 0.0
Avg number points in clusters= 0.0
Avg Rmc size = 0.0
Avg Length exps= 0.0
#window: 55
Total #outliers: 617
Average Time: 113.1334187090909 ms
Peak memory: 593.0589141845703 MB
Time index, remove data from structure: 0.0020515406363636364
Time for querying: 0.0
Time for new slide: 0.10476127736363636
Time for expired slide: 0.008367866690909092
------------------------------------
Number clusters = 0.0
Max Number points in event queue = 0.0
Avg number points in clusters= 0.0
Avg Rmc size = 0.0
Avg Length exps= 0.0
#window: 56
Total #outliers: 701
Average Time: 113.10915383928572 ms
Peak memory: 593.0589141845703 MB
Time index, remove data from structure: 0.0020439688392857145
Time for querying: 0.0
Time for new slide: 0.10476457146428572
Time for expired slide: 0.008340324142857142
------------------------------------
Number clusters = 0.0
Max Number points in event queue = 0.0
Avg number points in clusters= 0.0
Avg Rmc size = 0.0
Avg Length exps= 0.0
#window: 57
Total #outliers: 609
Average Time: 113.36236854385966 ms
Peak memory: 593.0589141845703 MB
Time index, remove data from structure: 0.0020372187368421055
Time for querying: 0.0
Time for new slide: 0.1050431630877193
Time for expired slide: 0.008314963842105264
------------------------------------
Number clusters = 0.0
Max Number points in event queue = 0.0
Avg number points in clusters= 0.0
Avg Rmc size = 0.0
Avg Length exps= 0.0
#window: 58
Total #outliers: 480
Average Time: 113.66231867241379 ms
Peak memory: 593.0589141845703 MB
Time index, remove data from structure: 0.0020296758965517242
Time for querying: 0.0
Time for new slide: 0.10537018925862068
Time for expired slide: 0.00828790427586207
------------------------------------
Number clusters = 0.0
Max Number points in event queue = 0.0
Avg number points in clusters= 0.0
Avg Rmc size = 0.0
Avg Length exps= 0.0
#window: 59
Total #outliers: 677
Average Time: 114.43516974576272 ms
Peak memory: 593.0589141845703 MB
Time index, remove data from structure: 0.002029590898305085
Time for querying: 0.0
Time for new slide: 0.10608059774576271
Time for expired slide: 0.008350376559322035
------------------------------------
Number clusters = 0.0
Max Number points in event queue = 0.0
Avg number points in clusters= 0.0
Avg Rmc size = 0.0
Avg Length exps= 0.0
#window: 60
Total #outliers: 592
Average Time: 116.35944276666667 ms
Peak memory: 593.0589141845703 MB
Time index, remove data from structure: 0.0020235292999999997
Time for querying: 0.0
Time for new slide: 0.10795139463333332
Time for expired slide: 0.00840387955
------------------------------------
Number clusters = 0.0
Max Number points in event queue = 0.0
Avg number points in clusters= 0.0
Avg Rmc size = 0.0
Avg Length exps= 0.0
#window: 61
Total #outliers: 563
Average Time: 117.18674452459015 ms
Peak memory: 593.0589141845703 MB
Time index, remove data from structure: 0.0020157008524590166
Time for querying: 0.0
Time for new slide: 0.10880232852459017
Time for expired slide: 0.008380259163934426
------------------------------------
Number clusters = 0.0
Max Number points in event queue = 0.0
Avg number points in clusters= 0.0
Avg Rmc size = 0.0
Avg Length exps= 0.0
#window: 62
Total #outliers: 428
Average Time: 117.80838124193549 ms
Peak memory: 595.1104965209961 MB
Time index, remove data from structure: 0.002010741435483871
Time for querying: 0.0
Time for new slide: 0.10938121299999999
Time for expired slide: 0.008423044661290324
------------------------------------
Number clusters = 0.0
Max Number points in event queue = 0.0
Avg number points in clusters= 0.0
Avg Rmc size = 0.0
Avg Length exps= 0.0
#window: 63
Total #outliers: 482
Average Time: 118.43398896825398 ms
Peak memory: 614.7239761352539 MB
Time index, remove data from structure: 0.0020320124126984125
Time for querying: 0.0
Time for new slide: 0.10988388955555556
Time for expired slide: 0.008545993714285714
------------------------------------
Number clusters = 0.0
Max Number points in event queue = 0.0
Avg number points in clusters= 0.0
Avg Rmc size = 0.0
Avg Length exps= 0.0
#window: 64
Total #outliers: 600
Average Time: 118.390896046875 ms
Peak memory: 614.7239761352539 MB
Time index, remove data from structure: 0.00204847209375
Time for querying: 0.0
Time for new slide: 0.10976113996875
Time for expired slide: 0.008625668328125
------------------------------------
Number clusters = 0.0
Max Number points in event queue = 0.0
Avg number points in clusters= 0.0
Avg Rmc size = 0.0
Avg Length exps= 0.0
#window: 65
Total #outliers: 571
Average Time: 117.99243683076924 ms
Peak memory: 614.7239761352539 MB
Time index, remove data from structure: 0.0020688947384615384
Time for querying: 0.0
Time for new slide: 0.10929907476923077
Time for expired slide: 0.00868928636923077
------------------------------------
Number clusters = 0.0
Max Number points in event queue = 0.0
Avg number points in clusters= 0.0
Avg Rmc size = 0.0
Avg Length exps= 0.0
#window: 66
Total #outliers: 541
Average Time: 117.43597468181818 ms
Peak memory: 614.7239761352539 MB
Time index, remove data from structure: 0.0020671485454545452
Time for querying: 0.0
Time for new slide: 0.10876778190909091
Time for expired slide: 0.008664135742424242
------------------------------------
Number clusters = 0.0
Max Number points in event queue = 0.0
Avg number points in clusters= 0.0
Avg Rmc size = 0.0
Avg Length exps= 0.0
#window: 67
Total #outliers: 537
Average Time: 117.08412795522389 ms
Peak memory: 614.7239761352539 MB
Time index, remove data from structure: 0.002057991194029851
Time for querying: 0.0
Time for new slide: 0.10844745411940299
Time for expired slide: 0.008632632925373135
------------------------------------
Number clusters = 0.0
Max Number points in event queue = 0.0
Avg number points in clusters= 0.0
Avg Rmc size = 0.0
Avg Length exps= 0.0
#window: 68
Total #outliers: 534
Average Time: 116.78265844117648 ms
Peak memory: 614.7239761352539 MB
Time index, remove data from structure: 0.0020499140147058822
Time for querying: 0.0
Time for new slide: 0.10817717189705883
Time for expired slide: 0.008601460720588235
------------------------------------
Number clusters = 0.0
Max Number points in event queue = 0.0
Avg number points in clusters= 0.0
Avg Rmc size = 0.0
Avg Length exps= 0.0
#window: 69
Total #outliers: 557
Average Time: 116.64460740579712 ms
Peak memory: 614.7239761352539 MB
Time index, remove data from structure: 0.0020436374782608698
Time for querying: 0.0
Time for new slide: 0.108018756
Time for expired slide: 0.008621835710144929
------------------------------------
Number clusters = 0.0
Max Number points in event queue = 0.0
Avg number points in clusters= 0.0
Avg Rmc size = 0.0
Avg Length exps= 0.0
#window: 70
Total #outliers: 614
Average Time: 116.79074777142857 ms
Peak memory: 614.7239761352539 MB
Time index, remove data from structure: 0.0020519691428571426
Time for querying: 0.0
Time for new slide: 0.10806461939999999
Time for expired slide: 0.0087221264
------------------------------------
Number clusters = 0.0
Max Number points in event queue = 0.0
Avg number points in clusters= 0.0
Avg Rmc size = 0.0
Avg Length exps= 0.0
#window: 71
Total #outliers: 609
Average Time: 117.05909657746479 ms
Peak memory: 614.7239761352539 MB
Time index, remove data from structure: 0.0020430048028169012
Time for querying: 0.0
Time for new slide: 0.10820944232394367
Time for expired slide: 0.008845668619718309
------------------------------------
Number clusters = 0.0
Max Number points in event queue = 0.0
Avg number points in clusters= 0.0
Avg Rmc size = 0.0
Avg Length exps= 0.0
#window: 72
Total #outliers: 606
Average Time: 117.1887479861111 ms
Peak memory: 614.7239761352539 MB
Time index, remove data from structure: 0.0020342225972222222
Time for querying: 0.0
Time for new slide: 0.10836369319444444
Time for expired slide: 0.008821078597222221
------------------------------------
Number clusters = 0.0
Max Number points in event queue = 0.0
Avg number points in clusters= 0.0
Avg Rmc size = 0.0
Avg Length exps= 0.0
#window: 73
Total #outliers: 592
Average Time: 117.28412415068493 ms
Peak memory: 614.7239761352539 MB
Time index, remove data from structure: 0.002025905082191781
Time for querying: 0.0
Time for new slide: 0.10848667871232877
Time for expired slide: 0.008793480643835616
------------------------------------
Number clusters = 0.0
Max Number points in event queue = 0.0
Avg number points in clusters= 0.0
Avg Rmc size = 0.0
Avg Length exps= 0.0
#window: 74
Total #outliers: 600
Average Time: 117.22003048648648 ms
Peak memory: 614.7239761352539 MB
Time index, remove data from structure: 0.0020169390675675676
Time for querying: 0.0
Time for new slide: 0.10845029166216216
Time for expired slide: 0.008765773472972973
------------------------------------
Number clusters = 0.0
Max Number points in event queue = 0.0
Avg number points in clusters= 0.0
Avg Rmc size = 0.0
Avg Length exps= 0.0
#window: 75
Total #outliers: 513
Average Time: 117.29436464 ms
Peak memory: 614.7239761352539 MB
Time index, remove data from structure: 0.0020101117333333335
Time for querying: 0.0
Time for new slide: 0.10855343546666667
Time for expired slide: 0.008736971573333334
------------------------------------
Number clusters = 0.0
Max Number points in event queue = 0.0
Avg number points in clusters= 0.0
Avg Rmc size = 0.0
Avg Length exps= 0.0
#window: 76
Total #outliers: 392
Average Time: 117.21619235526316 ms
Peak memory: 614.7239761352539 MB
Time index, remove data from structure: 0.002004423447368421
Time for querying: 0.0
Time for new slide: 0.1085090852236842
Time for expired slide: 0.008703161026315789
------------------------------------
Number clusters = 0.0
Max Number points in event queue = 0.0
Avg number points in clusters= 0.0
Avg Rmc size = 0.0
Avg Length exps= 0.0
#window: 77
Total #outliers: 362
Average Time: 117.16595706493506 ms
Peak memory: 614.7239761352539 MB
Time index, remove data from structure: 0.0019970866753246754
Time for querying: 0.0
Time for new slide: 0.10849539146753247
Time for expired slide: 0.008666622857142857
------------------------------------
Number clusters = 0.0
Max Number points in event queue = 0.0
Avg number points in clusters= 0.0
Avg Rmc size = 0.0
Avg Length exps= 0.0
#window: 78
Total #outliers: 390
Average Time: 116.92656165384615 ms
Peak memory: 614.7239761352539 MB
Time index, remove data from structure: 0.001989662064102564
Time for querying: 0.0
Time for new slide: 0.10829327787179487
Time for expired slide: 0.008629345602564103
------------------------------------
Number clusters = 0.0
Max Number points in event queue = 0.0
Avg number points in clusters= 0.0
Avg Rmc size = 0.0
Avg Length exps= 0.0
#window: 79
Total #outliers: 384
Average Time: 116.68331689873418 ms
Peak memory: 614.7239761352539 MB
Time index, remove data from structure: 0.0019838677468354427
Time for querying: 0.0
Time for new slide: 0.10805001181012659
Time for expired slide: 0.008629377113924051
------------------------------------
Number clusters = 0.0
Max Number points in event queue = 0.0
Avg number points in clusters= 0.0
Avg Rmc size = 0.0
Avg Length exps= 0.0
#window: 80
Total #outliers: 794
Average Time: 117.081960525 ms
Peak memory: 614.7239761352539 MB
Time index, remove data from structure: 0.0020017973750000003
Time for querying: 0.0
Time for new slide: 0.108133087375
Time for expired slide: 0.008944950475000001
------------------------------------
Number clusters = 0.0
Max Number points in event queue = 0.0
Avg number points in clusters= 0.0
Avg Rmc size = 0.0
Avg Length exps= 0.0
#window: 81
Total #outliers: 798
Average Time: 117.22360409876543 ms
Peak memory: 616.8892364501953 MB
Time index, remove data from structure: 0.002005694925925926
Time for querying: 0.0
Time for new slide: 0.10823429995061729
Time for expired slide: 0.00898538598765432
------------------------------------
Number clusters = 0.0
Max Number points in event queue = 0.0
Avg number points in clusters= 0.0
Avg Rmc size = 0.0
Avg Length exps= 0.0
#window: 82
Total #outliers: 531
Average Time: 117.39215896341463 ms
Peak memory: 636.6068115234375 MB
Time index, remove data from structure: 0.0020053736463414634
Time for querying: 0.0
Time for new slide: 0.10824904897560975
Time for expired slide: 0.009139195890243902
------------------------------------
Number clusters = 0.0
Max Number points in event queue = 0.0
Avg number points in clusters= 0.0
Avg Rmc size = 0.0
Avg Length exps= 0.0
#window: 83
Total #outliers: 488
Average Time: 117.53955166265062 ms
Peak memory: 636.6068115234375 MB
Time index, remove data from structure: 0.0020185741807228915
Time for querying: 0.0
Time for new slide: 0.10832992554216866
Time for expired slide: 0.009205710674698796
------------------------------------
Number clusters = 0.0
Max Number points in event queue = 0.0
Avg number points in clusters= 0.0
Avg Rmc size = 0.0
Avg Length exps= 0.0
#window: 84
Total #outliers: 392
Average Time: 117.67396317857144 ms
Peak memory: 676.0420074462891 MB
Time index, remove data from structure: 0.002017258857142857
Time for querying: 0.0
Time for new slide: 0.10842654860714285
Time for expired slide: 0.009243509142857143
------------------------------------
Number clusters = 0.0
Max Number points in event queue = 0.0
Avg number points in clusters= 0.0
Avg Rmc size = 0.0
Avg Length exps= 0.0
#window: 85
Total #outliers: 383
Average Time: 117.8799481764706 ms
Peak memory: 695.7595825195312 MB
Time index, remove data from structure: 0.0020133700352941175
Time for querying: 0.0
Time for new slide: 0.10856766957647059
Time for expired slide: 0.009308378788235294
------------------------------------
Number clusters = 0.0
Max Number points in event queue = 0.0
Avg number points in clusters= 0.0
Avg Rmc size = 0.0
Avg Length exps= 0.0
#window: 86
Total #outliers: 333
Average Time: 118.20917843023258 ms
Peak memory: 715.4771575927734 MB
Time index, remove data from structure: 0.002010733976744186
Time for querying: 0.0
Time for new slide: 0.10886194244186047
Time for expired slide: 0.009343345825581396
------------------------------------
Number clusters = 0.0
Max Number points in event queue = 0.0
Avg number points in clusters= 0.0
Avg Rmc size = 0.0
Avg Length exps= 0.0
#window: 87
Total #outliers: 360
Average Time: 118.69834940229889 ms
Peak memory: 754.9123077392578 MB
Time index, remove data from structure: 0.002011574402298851
Time for querying: 0.0
Time for new slide: 0.10923185001149424
Time for expired slide: 0.009462616494252873
------------------------------------
Number clusters = 0.0
Max Number points in event queue = 0.0
Avg number points in clusters= 0.0
Avg Rmc size = 0.0
Avg Length exps= 0.0
#window: 88
Total #outliers: 337
Average Time: 119.08450853409093 ms
Peak memory: 754.9123077392578 MB
Time index, remove data from structure: 0.0020099460113636365
Time for querying: 0.0
Time for new slide: 0.1096226231590909
Time for expired slide: 0.009458009420454546
------------------------------------
Number clusters = 0.0
Max Number points in event queue = 0.0
Avg number points in clusters= 0.0
Avg Rmc size = 0.0
Avg Length exps= 0.0
#window: 89
Total #outliers: 414
Average Time: 119.34340916853934 ms
Peak memory: 794.3474731445312 MB
Time index, remove data from structure: 0.002008657438202247
Time for querying: 0.0
Time for new slide: 0.10988996995505618
Time for expired slide: 0.009449573876404493
------------------------------------
Number clusters = 0.0
Max Number points in event queue = 0.0
Avg number points in clusters= 0.0
Avg Rmc size = 0.0
Avg Length exps= 0.0
#window: 90
Total #outliers: 540
Average Time: 119.81953423333333 ms
Peak memory: 814.0650482177734 MB
Time index, remove data from structure: 0.0020084982333333336
Time for querying: 0.0
Time for new slide: 0.11032119423333332
Time for expired slide: 0.009494478088888888
------------------------------------
Number clusters = 0.0
Max Number points in event queue = 0.0
Avg number points in clusters= 0.0
Avg Rmc size = 0.0
Avg Length exps= 0.0
#window: 91
Total #outliers: 399
Average Time: 119.9339514945055 ms
Peak memory: 833.7826232910156 MB
Time index, remove data from structure: 0.0020065158791208793
Time for querying: 0.0
Time for new slide: 0.11040983823076923
Time for expired slide: 0.009520262901098902
------------------------------------
Number clusters = 0.0
Max Number points in event queue = 0.0
Avg number points in clusters= 0.0
Avg Rmc size = 0.0
Avg Length exps= 0.0
#window: 92
Total #outliers: 467
Average Time: 121.09650166304347 ms
Peak memory: 873.2177734375 MB
Time index, remove data from structure: 0.0020071106086956524
Time for querying: 0.0
Time for new slide: 0.11153620731521738
Time for expired slide: 0.00955645079347826
------------------------------------
Number clusters = 0.0
Max Number points in event queue = 0.0
Avg number points in clusters= 0.0
Avg Rmc size = 0.0
Avg Length exps= 0.0
#window: 93
Total #outliers: 530
Average Time: 121.57957159139785 ms
Peak memory: 892.9353485107422 MB
Time index, remove data from structure: 0.00200505423655914
Time for querying: 0.0
Time for new slide: 0.11205070601075269
Time for expired slide: 0.009525022440860216
------------------------------------
Number clusters = 0.0
Max Number points in event queue = 0.0
Avg number points in clusters= 0.0
Avg Rmc size = 0.0
Avg Length exps= 0.0
#window: 94
Total #outliers: 514
Average Time: 121.97400154255318 ms
Peak memory: 892.9353485107422 MB
Time index, remove data from structure: 0.002002506776595745
Time for querying: 0.0
Time for new slide: 0.11243754470212765
Time for expired slide: 0.00953261640425532
------------------------------------
Number clusters = 0.0
Max Number points in event queue = 0.0
Avg number points in clusters= 0.0
Avg Rmc size = 0.0
Avg Length exps= 0.0
#window: 95
Total #outliers: 444
Average Time: 122.36935682105263 ms
Peak memory: 932.3704986572266 MB
Time index, remove data from structure: 0.001999511968421053
Time for querying: 0.0
Time for new slide: 0.11283152994736842
Time for expired slide: 0.009533993715789474
------------------------------------
Number clusters = 0.0
Max Number points in event queue = 0.0
Avg number points in clusters= 0.0
Avg Rmc size = 0.0
Avg Length exps= 0.0
#window: 96
Total #outliers: 448
Average Time: 122.72255215625 ms
Peak memory: 952.0880737304688 MB
Time index, remove data from structure: 0.001996808604166667
Time for querying: 0.0
Time for new slide: 0.1132155065625
Time for expired slide: 0.009503214739583333
------------------------------------
Number clusters = 0.0
Max Number points in event queue = 0.0
Avg number points in clusters= 0.0
Avg Rmc size = 0.0
Avg Length exps= 0.0
#window: 97
Total #outliers: 461
Average Time: 122.97846410309278 ms
Peak memory: 971.8056488037109 MB
Time index, remove data from structure: 0.001993184824742268
Time for querying: 0.0
Time for new slide: 0.11348646698969071
Time for expired slide: 0.009488173659793814
------------------------------------
Number clusters = 0.0
Max Number points in event queue = 0.0
Avg number points in clusters= 0.0
Avg Rmc size = 0.0
Avg Length exps= 0.0
#window: 98
Total #outliers: 569
Average Time: 123.12934713265305 ms
Peak memory: 991.5232696533203 MB
Time index, remove data from structure: 0.001991159418367347
Time for querying: 0.0
Time for new slide: 0.11364279608163265
Time for expired slide: 0.009482729459183672
------------------------------------
Number clusters = 0.0
Max Number points in event queue = 0.0
Avg number points in clusters= 0.0
Avg Rmc size = 0.0
Avg Length exps= 0.0
#window: 99
Total #outliers: 593
Average Time: 123.37864355555554 ms
Peak memory: 1011.2408599853516 MB
Time index, remove data from structure: 0.0019893753535353536
Time for querying: 0.0
Time for new slide: 0.11386070784848486
Time for expired slide: 0.009514122555555556
------------------------------------
Number clusters = 0.0
Max Number points in event queue = 0.0
Avg number points in clusters= 0.0
Avg Rmc size = 0.0
Avg Length exps= 0.0
#window: 100
Total #outliers: 610
Average Time: 123.60867585999998 ms
Peak memory: 1011.2408599853516 MB
Time index, remove data from structure: 0.00198609526
Time for querying: 0.0
Time for new slide: 0.11411476059
Time for expired slide: 0.009490098970000001
------------------------------------
Number clusters = 0.0
Max Number points in event queue = 0.0
Avg number points in clusters= 0.0
Avg Rmc size = 0.0
Avg Length exps= 0.0
#window: 101
Total #outliers: 598
Average Time: 123.90721739603957 ms
Peak memory: 1050.676010131836 MB
Time index, remove data from structure: 0.0019840529900990098
Time for querying: 0.0
Time for new slide: 0.11441133032673266
Time for expired slide: 0.009492078217821782
------------------------------------
Number clusters = 0.0
Max Number points in event queue = 0.0
Avg number points in clusters= 0.0
Avg Rmc size = 0.0
Avg Length exps= 0.0
#window: 102
Total #outliers: 644
Average Time: 124.35910420588232 ms
Peak memory: 1070.3935852050781 MB
Time index, remove data from structure: 0.001981627470588235
Time for querying: 0.0
Time for new slide: 0.11488445924509805
Time for expired slide: 0.009470843294117648
------------------------------------
Number clusters = 0.0
Max Number points in event queue = 0.0
Avg number points in clusters= 0.0
Avg Rmc size = 0.0
Avg Length exps= 0.0
#window: 103
Total #outliers: 722
Average Time: 125.4063530873786 ms
Peak memory: 1090.1111679077148 MB
Time index, remove data from structure: 0.0019805200388349513
Time for querying: 0.0
Time for new slide: 0.1159505709223301
Time for expired slide: 0.009451984980582525
------------------------------------
Number clusters = 0.0
Max Number points in event queue = 0.0
Avg number points in clusters= 0.0
Avg Rmc size = 0.0
Avg Length exps= 0.0
#window: 104
Total #outliers: 730
Average Time: 126.81919258653845 ms
Peak memory: 1129.5820617675781 MB
Time index, remove data from structure: 0.0019785283076923076
Time for querying: 0.0
Time for new slide: 0.11737722760576924
Time for expired slide: 0.009438172673076924
------------------------------------
Number clusters = 0.0
Max Number points in event queue = 0.0
Avg number points in clusters= 0.0
Avg Rmc size = 0.0
Avg Length exps= 0.0
#window: 105
Total #outliers: 686
Average Time: 127.57316344761901 ms
Peak memory: 1129.5820617675781 MB
Time index, remove data from structure: 0.001976027771428571
Time for querying: 0.0
Time for new slide: 0.1181160466
Time for expired slide: 0.0094533298
------------------------------------
Number clusters = 0.0
Max Number points in event queue = 0.0
Avg number points in clusters= 0.0
Avg Rmc size = 0.0
Avg Length exps= 0.0
#window: 106
Total #outliers: 688
Average Time: 128.08418377358487 ms
Peak memory: 1144.651351928711 MB
Time index, remove data from structure: 0.00197447670754717
Time for querying: 0.0
Time for new slide: 0.11864163485849055
Time for expired slide: 0.009438765971698114
------------------------------------
Number clusters = 0.0
Max Number points in event queue = 0.0
Avg number points in clusters= 0.0
Avg Rmc size = 0.0
Avg Length exps= 0.0
#window: 107
Total #outliers: 672
Average Time: 128.30009508411214 ms
Peak memory: 1144.651351928711 MB
Time index, remove data from structure: 0.001971771457943925
Time for querying: 0.0
Time for new slide: 0.11886178171028038
Time for expired slide: 0.009434537280373833
------------------------------------
Number clusters = 0.0
Max Number points in event queue = 0.0
Avg number points in clusters= 0.0
Avg Rmc size = 0.0
Avg Length exps= 0.0
#window: 108
Total #outliers: 606
Average Time: 128.5047258796296 ms
Peak memory: 1144.651351928711 MB
Time index, remove data from structure: 0.001969539648148148
Time for querying: 0.0
Time for new slide: 0.11906158426851851
Time for expired slide: 0.00943937225925926
------------------------------------
Number clusters = 0.0
Max Number points in event queue = 0.0
Avg number points in clusters= 0.0
Avg Rmc size = 0.0
Avg Length exps= 0.0
#window: 109
Total #outliers: 587
Average Time: 128.78460299082568 ms
Peak memory: 1144.651351928711 MB
Time index, remove data from structure: 0.0019688230642201836
Time for querying: 0.0
Time for new slide: 0.1193475353119266
Time for expired slide: 0.00943330733027523
------------------------------------
Number clusters = 0.0
Max Number points in event queue = 0.0
Avg number points in clusters= 0.0
Avg Rmc size = 0.0
Avg Length exps= 0.0
#window: 110
Total #outliers: 602
Average Time: 128.9754930545454 ms
Peak memory: 1144.651351928711 MB
Time index, remove data from structure: 0.0019672999
Time for querying: 0.0
Time for new slide: 0.11954829543636364
Time for expired slide: 0.009423448754545455
------------------------------------
Number clusters = 0.0
Max Number points in event queue = 0.0
Avg number points in clusters= 0.0
Avg Rmc size = 0.0
Avg Length exps= 0.0
#window: 111
Total #outliers: 609
Average Time: 129.3034276126126 ms
Peak memory: 1144.651351928711 MB
Time index, remove data from structure: 0.0019633498468468466
Time for querying: 0.0
Time for new slide: 0.11988590551351351
Time for expired slide: 0.009413784891891893
------------------------------------
Number clusters = 0.0
Max Number points in event queue = 0.0
Avg number points in clusters= 0.0
Avg Rmc size = 0.0
Avg Length exps= 0.0
#window: 112
Total #outliers: 586
Average Time: 129.30992370535714 ms
Peak memory: 1144.651351928711 MB
Time index, remove data from structure: 0.0019619917321428574
Time for querying: 0.0
Time for new slide: 0.11989590739285715
Time for expired slide: 0.009410289330357143
------------------------------------
Number clusters = 0.0
Max Number points in event queue = 0.0
Avg number points in clusters= 0.0
Avg Rmc size = 0.0
Avg Length exps= 0.0
#window: 113
Total #outliers: 508
Average Time: 129.37489544247785 ms
Peak memory: 1144.651351928711 MB
Time index, remove data from structure: 0.0019628531769911505
Time for querying: 0.0
Time for new slide: 0.11993922204424778
Time for expired slide: 0.009431951557522123
------------------------------------
Number clusters = 0.0
Max Number points in event queue = 0.0
Avg number points in clusters= 0.0
Avg Rmc size = 0.0
Avg Length exps= 0.0
#window: 114
Total #outliers: 480
Average Time: 129.3548674298245 ms
Peak memory: 1144.651351928711 MB
Time index, remove data from structure: 0.001962966649122807
Time for querying: 0.0
Time for new slide: 0.11986962849122806
Time for expired slide: 0.00948152592982456
------------------------------------
Number clusters = 0.0
Max Number points in event queue = 0.0
Avg number points in clusters= 0.0
Avg Rmc size = 0.0
Avg Length exps= 0.0
#window: 115
Total #outliers: 484
Average Time: 129.2783781391304 ms
Peak memory: 1144.651351928711 MB
Time index, remove data from structure: 0.0019629079565217393
Time for querying: 0.0
Time for new slide: 0.11977568407826088
Time for expired slide: 0.009498981547826087
------------------------------------
Number clusters = 0.0
Max Number points in event queue = 0.0
Avg number points in clusters= 0.0
Avg Rmc size = 0.0
Avg Length exps= 0.0
#window: 116
Total #outliers: 461
Average Time: 129.23481565517238 ms
Peak memory: 1144.651351928711 MB
Time index, remove data from structure: 0.0019618005862068965
Time for querying: 0.0
Time for new slide: 0.11974119275
Time for expired slide: 0.00948991303448276
------------------------------------
Number clusters = 0.0
Max Number points in event queue = 0.0
Avg number points in clusters= 0.0
Avg Rmc size = 0.0
Avg Length exps= 0.0
#window: 117
Total #outliers: 481
Average Time: 129.1996103418803 ms
Peak memory: 1144.651351928711 MB
Time index, remove data from structure: 0.0019617041025641025
Time for querying: 0.0
Time for new slide: 0.11964318003418804
Time for expired slide: 0.009552728982905982
------------------------------------
Number clusters = 0.0
Max Number points in event queue = 0.0
Avg number points in clusters= 0.0
Avg Rmc size = 0.0
Avg Length exps= 0.0
#window: 118
Total #outliers: 471
Average Time: 129.13618693220334 ms
Peak memory: 1144.651351928711 MB
Time index, remove data from structure: 0.0019633068644067794
Time for querying: 0.0
Time for new slide: 0.11953224508474576
Time for expired slide: 0.009600245957627119
------------------------------------
Number clusters = 0.0
Max Number points in event queue = 0.0
Avg number points in clusters= 0.0
Avg Rmc size = 0.0
Avg Length exps= 0.0
#window: 119
Total #outliers: 532
Average Time: 129.0054159915966 ms
Peak memory: 1144.651351928711 MB
Time index, remove data from structure: 0.001963356336134454
Time for querying: 0.0
Time for new slide: 0.11942828397478991
Time for expired slide: 0.009573441092436975
------------------------------------
Number clusters = 0.0
Max Number points in event queue = 0.0
Avg number points in clusters= 0.0
Avg Rmc size = 0.0
Avg Length exps= 0.0
#window: 120
Total #outliers: 750
Average Time: 129.0363262833333 ms
Peak memory: 1144.651351928711 MB
Time index, remove data from structure: 0.001963417825
Time for querying: 0.0
Time for new slide: 0.11946296510833333
Time for expired slide: 0.009569677116666668
------------------------------------
Number clusters = 0.0
Max Number points in event queue = 0.0
Avg number points in clusters= 0.0
Avg Rmc size = 0.0
Avg Length exps= 0.0
#window: 121
Total #outliers: 778
Average Time: 129.0260768181818 ms
Peak memory: 1144.651351928711 MB
Time index, remove data from structure: 0.0019629473223140496
Time for querying: 0.0
Time for new slide: 0.11946876778512397
Time for expired slide: 0.009553625272727273
------------------------------------
Number clusters = 0.0
Max Number points in event queue = 0.0
Avg number points in clusters= 0.0
Avg Rmc size = 0.0
Avg Length exps= 0.0
#window: 122
Total #outliers: 782
Average Time: 128.97676138524588 ms
Peak memory: 1144.651351928711 MB
Time index, remove data from structure: 0.001962114975409836
Time for querying: 0.0
Time for new slide: 0.11943508355737706
Time for expired slide: 0.009537992540983607
------------------------------------
Number clusters = 0.0
Max Number points in event queue = 0.0
Avg number points in clusters= 0.0
Avg Rmc size = 0.0
Avg Length exps= 0.0
#window: 123
Total #outliers: 742
Average Time: 129.0283258211382 ms
Peak memory: 1144.651351928711 MB
Time index, remove data from structure: 0.001961133520325203
Time for querying: 0.0
Time for new slide: 0.11946287629268293
Time for expired slide: 0.009561773268292682
------------------------------------
Number clusters = 0.0
Max Number points in event queue = 0.0
Avg number points in clusters= 0.0
Avg Rmc size = 0.0
Avg Length exps= 0.0
#window: 124
Total #outliers: 745
Average Time: 129.01819694354836 ms
Peak memory: 1144.651351928711 MB
Time index, remove data from structure: 0.0019589319193548385
Time for querying: 0.0
Time for new slide: 0.11946959673387096
Time for expired slide: 0.009544927983870967
------------------------------------
Number clusters = 0.0
Max Number points in event queue = 0.0
Avg number points in clusters= 0.0
Avg Rmc size = 0.0
Avg Length exps= 0.0
#window: 125
Total #outliers: 756
Average Time: 129.00673758399998 ms
Peak memory: 1144.651351928711 MB
Time index, remove data from structure: 0.001957229072
Time for querying: 0.0
Time for new slide: 0.119474387864
Time for expired slide: 0.00952867916
------------------------------------
Number clusters = 0.0
Max Number points in event queue = 0.0
Avg number points in clusters= 0.0
Avg Rmc size = 0.0
Avg Length exps= 0.0
#window: 126
Total #outliers: 797
Average Time: 129.19242849999998 ms
Peak memory: 1144.651351928711 MB
Time index, remove data from structure: 0.0019554981269841267
Time for querying: 0.0
Time for new slide: 0.11967574252380953
Time for expired slide: 0.009513022547619049
------------------------------------
Number clusters = 0.0
Max Number points in event queue = 0.0
Avg number points in clusters= 0.0
Avg Rmc size = 0.0
Avg Length exps= 0.0
#window: 127
Total #outliers: 797
Average Time: 129.45841661417325 ms
Peak memory: 1144.651351928711 MB
Time index, remove data from structure: 0.001953676086614173
Time for querying: 0.0
Time for new slide: 0.11995309393700787
Time for expired slide: 0.009501662267716534
------------------------------------
Number clusters = 0.0
Max Number points in event queue = 0.0
Avg number points in clusters= 0.0
Avg Rmc size = 0.0
Avg Length exps= 0.0
#window: 128
Total #outliers: 777
Average Time: 129.6322086796875 ms
Peak memory: 1144.651351928711 MB
Time index, remove data from structure: 0.0019514230234375
Time for querying: 0.0
Time for new slide: 0.120140455703125
Time for expired slide: 0.0094880979375
------------------------------------
Number clusters = 0.0
Max Number points in event queue = 0.0
Avg number points in clusters= 0.0
Avg Rmc size = 0.0
Avg Length exps= 0.0
#window: 129
Total #outliers: 761
Average Time: 129.94929682170542 ms
Peak memory: 1144.651351928711 MB
Time index, remove data from structure: 0.0019497897906976742
Time for querying: 0.0
Time for new slide: 0.12046949379069768
Time for expired slide: 0.009476148294573643
------------------------------------
Number clusters = 0.0
Max Number points in event queue = 0.0
Avg number points in clusters= 0.0
Avg Rmc size = 0.0
Avg Length exps= 0.0
#window: 130
Total #outliers: 716
Average Time: 130.18691909230768 ms
Peak memory: 1144.651351928711 MB
Time index, remove data from structure: 0.0019487383230769233
Time for querying: 0.0
Time for new slide: 0.12072018971538462
Time for expired slide: 0.009463076453846154
------------------------------------
Number clusters = 0.0
Max Number points in event queue = 0.0
Avg number points in clusters= 0.0
Avg Rmc size = 0.0
Avg Length exps= 0.0
#window: 131
Total #outliers: 699
Average Time: 130.2871346717557 ms
Peak memory: 1144.651351928711 MB
Time index, remove data from structure: 0.0019470605496183207
Time for querying: 0.0
Time for new slide: 0.12083641905343512
Time for expired slide: 0.009447061045801527
------------------------------------
Number clusters = 0.0
Max Number points in event queue = 0.0
Avg number points in clusters= 0.0
Avg Rmc size = 0.0
Avg Length exps= 0.0
#window: 132
Total #outliers: 689
Average Time: 130.17407316666666 ms
Peak memory: 1144.651351928711 MB
Time index, remove data from structure: 0.0019451394621212122
Time for querying: 0.0
Time for new slide: 0.12074082972727272
Time for expired slide: 0.009429591886363636
------------------------------------
Number clusters = 0.0
Max Number points in event queue = 0.0
Avg number points in clusters= 0.0
Avg Rmc size = 0.0
Avg Length exps= 0.0
#window: 133
Total #outliers: 761
Average Time: 130.13890769924814 ms
Peak memory: 1144.651351928711 MB
Time index, remove data from structure: 0.001943212315789474
Time for querying: 0.0
Time for new slide: 0.12072255859398497
Time for expired slide: 0.00941269882706767
------------------------------------
Number clusters = 0.0
Max Number points in event queue = 0.0
Avg number points in clusters= 0.0
Avg Rmc size = 0.0
Avg Length exps= 0.0
#window: 134
Total #outliers: 752
Average Time: 130.27668864925374 ms
Peak memory: 1144.651351928711 MB
Time index, remove data from structure: 0.001940928723880597
Time for querying: 0.0
Time for new slide: 0.1208752605074627
Time for expired slide: 0.009397779164179105
------------------------------------
Number clusters = 0.0
Max Number points in event queue = 0.0
Avg number points in clusters= 0.0
Avg Rmc size = 0.0
Avg Length exps= 0.0
#window: 135
Total #outliers: 761
Average Time: 130.3875889111111 ms
Peak memory: 1144.651351928711 MB
Time index, remove data from structure: 0.0019384173407407407
Time for querying: 0.0
Time for new slide: 0.12100196362222222
Time for expired slide: 0.009381977614814815
------------------------------------
Number clusters = 0.0
Max Number points in event queue = 0.0
Avg number points in clusters= 0.0
Avg Rmc size = 0.0
Avg Length exps= 0.0
#window: 136
Total #outliers: 772
Average Time: 130.57114816911763 ms
Peak memory: 1144.651351928711 MB
Time index, remove data from structure: 0.0019365364191176473
Time for querying: 0.0
Time for new slide: 0.12120060384558823
Time for expired slide: 0.009366896375000001
------------------------------------
Number clusters = 0.0
Max Number points in event queue = 0.0
Avg number points in clusters= 0.0
Avg Rmc size = 0.0
Avg Length exps= 0.0
#window: 137
Total #outliers: 972
Average Time: 130.62087681021893 ms
Peak memory: 1144.651351928711 MB
Time index, remove data from structure: 0.0019339544452554745
Time for querying: 0.0
Time for new slide: 0.12126468271532846
Time for expired slide: 0.009352548248175182
------------------------------------
Number clusters = 0.0
Max Number points in event queue = 0.0
Avg number points in clusters= 0.0
Avg Rmc size = 0.0
Avg Length exps= 0.0
#window: 138
Total #outliers: 832
Average Time: 131.07170277536233 ms
Peak memory: 1144.651351928711 MB
Time index, remove data from structure: 0.0019315515652173914
Time for querying: 0.0
Time for new slide: 0.12172070684057971
Time for expired slide: 0.009347351876811594
------------------------------------
Number clusters = 0.0
Max Number points in event queue = 0.0
Avg number points in clusters= 0.0
Avg Rmc size = 0.0
Avg Length exps= 0.0
#window: 139
Total #outliers: 880
Average Time: 131.41760966906475 ms
Peak memory: 1144.651351928711 MB
Time index, remove data from structure: 0.0019296726474820143
Time for querying: 0.0
Time for new slide: 0.12206640063309353
Time for expired slide: 0.009347563877697841
------------------------------------
Number clusters = 0.0
Max Number points in event queue = 0.0
Avg number points in clusters= 0.0
Avg Rmc size = 0.0
Avg Length exps= 0.0
#window: 140
Total #outliers: 858
Average Time: 131.42850992142857 ms
Peak memory: 1144.651351928711 MB
Time index, remove data from structure: 0.0019307899571428572
Time for querying: 0.0
Time for new slide: 0.12206557755714285
Time for expired slide: 0.009359286364285714
------------------------------------
Number clusters = 0.0
Max Number points in event queue = 0.0
Avg number points in clusters= 0.0
Avg Rmc size = 0.0
Avg Length exps= 0.0
#window: 141
Total #outliers: 763
Average Time: 131.30157868085107 ms
Peak memory: 1144.651351928711 MB
Time index, remove data from structure: 0.0019289506737588653
Time for querying: 0.0
Time for new slide: 0.12194748891489361
Time for expired slide: 0.009350441524822695
------------------------------------
Number clusters = 0.0
Max Number points in event queue = 0.0
Avg number points in clusters= 0.0
Avg Rmc size = 0.0
Avg Length exps= 0.0
#window: 142
Total #outliers: 824
Average Time: 131.2120443802817 ms
Peak memory: 1144.651351928711 MB
Time index, remove data from structure: 0.0019274467394366196
Time for querying: 0.0
Time for new slide: 0.12186857945070423
Time for expired slide: 0.009339816985915492
------------------------------------
Number clusters = 0.0
Max Number points in event queue = 0.0
Avg number points in clusters= 0.0
Avg Rmc size = 0.0
Avg Length exps= 0.0
#window: 143
Total #outliers: 806
Average Time: 131.18067832167833 ms
Peak memory: 1144.651351928711 MB
Time index, remove data from structure: 0.0019254791958041957
Time for querying: 0.0
Time for new slide: 0.12184418672727272
Time for expired slide: 0.009332845216783217
------------------------------------
Number clusters = 0.0
Max Number points in event queue = 0.0
Avg number points in clusters= 0.0
Avg Rmc size = 0.0
Avg Length exps= 0.0
#window: 144
Total #outliers: 803
Average Time: 131.05250876388888 ms
Peak memory: 1144.651351928711 MB
Time index, remove data from structure: 0.0019233218819444443
Time for querying: 0.0
Time for new slide: 0.12172444010416666
Time for expired slide: 0.009324416368055555
------------------------------------
Number clusters = 0.0
Max Number points in event queue = 0.0
Avg number points in clusters= 0.0
Avg Rmc size = 0.0
Avg Length exps= 0.0
#window: 145
Total #outliers: 843
Average Time: 130.91994304137933 ms
Peak memory: 1144.651351928711 MB
Time index, remove data from structure: 0.001921781179310345
Time for querying: 0.0
Time for new slide: 0.12159739922068964
Time for expired slide: 0.009318890841379312
------------------------------------
Number clusters = 0.0
Max Number points in event queue = 0.0
Avg number points in clusters= 0.0
Avg Rmc size = 0.0
Avg Length exps= 0.0
#window: 146
Total #outliers: 822
Average Time: 130.8125357054795 ms
Peak memory: 1144.651351928711 MB
Time index, remove data from structure: 0.0019197502739726026
Time for querying: 0.0
Time for new slide: 0.12149564569863013
Time for expired slide: 0.009313233356164383
------------------------------------
Number clusters = 0.0
Max Number points in event queue = 0.0
Avg number points in clusters= 0.0
Avg Rmc size = 0.0
Avg Length exps= 0.0
#window: 147
Total #outliers: 816
Average Time: 130.6678304217687 ms
Peak memory: 1144.651351928711 MB
Time index, remove data from structure: 0.0019181675578231294
Time for querying: 0.0
Time for new slide: 0.12129279724489796
Time for expired slide: 0.009371380448979592
------------------------------------
Number clusters = 0.0
Max Number points in event queue = 0.0
Avg number points in clusters= 0.0
Avg Rmc size = 0.0
Avg Length exps= 0.0
#window: 148
Total #outliers: 763
Average Time: 130.56718716891893 ms
Peak memory: 1144.651351928711 MB
Time index, remove data from structure: 0.0019184067364864865
Time for querying: 0.0
Time for new slide: 0.12114486732432433
Time for expired slide: 0.009418673837837838
------------------------------------
Number clusters = 0.0
Max Number points in event queue = 0.0
Avg number points in clusters= 0.0
Avg Rmc size = 0.0
Avg Length exps= 0.0
#window: 149
Total #outliers: 732
Average Time: 130.47138544295302 ms
Peak memory: 1144.651351928711 MB
Time index, remove data from structure: 0.001919084308724832
Time for querying: 0.0
Time for new slide: 0.12102304233557049
Time for expired slide: 0.009444699536912751
------------------------------------
Number clusters = 0.0
Max Number points in event queue = 0.0
Avg number points in clusters= 0.0
Avg Rmc size = 0.0
Avg Length exps= 0.0
#window: 150
Total #outliers: 745
Average Time: 130.38715144666668 ms
Peak memory: 1144.651351928711 MB
Time index, remove data from structure: 0.0019187944333333333
Time for querying: 0.0
Time for new slide: 0.12091451364666668
Time for expired slide: 0.009468995726666667
------------------------------------
Number clusters = 0.0
Max Number points in event queue = 0.0
Avg number points in clusters= 0.0
Avg Rmc size = 0.0
Avg Length exps= 0.0
#window: 151
Total #outliers: 757
Average Time: 130.3062641125828 ms
Peak memory: 1144.651351928711 MB
Time index, remove data from structure: 0.0019209958410596028
Time for querying: 0.0
Time for new slide: 0.12081241621854305
Time for expired slide: 0.009490208503311257
------------------------------------
Number clusters = 0.0
Max Number points in event queue = 0.0
Avg number points in clusters= 0.0
Avg Rmc size = 0.0
Avg Length exps= 0.0
#window: 152
Total #outliers: 789
Average Time: 130.20714026973687 ms
Peak memory: 1144.651351928711 MB
Time index, remove data from structure: 0.0019207831644736841
Time for querying: 0.0
Time for new slide: 0.12072074987499999
Time for expired slide: 0.009482752565789473
------------------------------------
Number clusters = 0.0
Max Number points in event queue = 0.0
Avg number points in clusters= 0.0
Avg Rmc size = 0.0
Avg Length exps= 0.0
#window: 153
Total #outliers: 785
Average Time: 130.17215894771243 ms
Peak memory: 1144.651351928711 MB
Time index, remove data from structure: 0.001920628339869281
Time for querying: 0.0
Time for new slide: 0.12065739439869282
Time for expired slide: 0.0095111268627451
------------------------------------
Number clusters = 0.0
Max Number points in event queue = 0.0
Avg number points in clusters= 0.0
Avg Rmc size = 0.0
Avg Length exps= 0.0
#window: 154
Total #outliers: 843
Average Time: 130.12665881168834 ms
Peak memory: 1144.651351928711 MB
Time index, remove data from structure: 0.001919988253246753
Time for querying: 0.0
Time for new slide: 0.12061789844155844
Time for expired slide: 0.009505115577922078
------------------------------------
Number clusters = 0.0
Max Number points in event queue = 0.0
Avg number points in clusters= 0.0
Avg Rmc size = 0.0
Avg Length exps= 0.0
#window: 155
Total #outliers: 821
Average Time: 130.16327045806455 ms
Peak memory: 1144.651351928711 MB
Time index, remove data from structure: 0.0019203887096774193
Time for querying: 0.0
Time for new slide: 0.1206230249032258
Time for expired slide: 0.009536604438709677
------------------------------------
Number clusters = 0.0
Max Number points in event queue = 0.0
Avg number points in clusters= 0.0
Avg Rmc size = 0.0
Avg Length exps= 0.0
#window: 156
Total #outliers: 839
Average Time: 130.06960720512822 ms
Peak memory: 1149.3455352783203 MB
Time index, remove data from structure: 0.0019190923653846154
Time for querying: 0.0
Time for new slide: 0.1205348337948718
Time for expired slide: 0.009531132576923076
------------------------------------
Number clusters = 0.0
Max Number points in event queue = 0.0
Avg number points in clusters= 0.0
Avg Rmc size = 0.0
Avg Length exps= 0.0
#window: 157
Total #outliers: 897
Average Time: 129.80016638853505 ms
Peak memory: 1149.3455352783203 MB
Time index, remove data from structure: 0.0019212332038216562
Time for querying: 0.0
Time for new slide: 0.1202182613121019
Time for expired slide: 0.009578266127388536
------------------------------------
Number clusters = 0.0
Max Number points in event queue = 0.0
Avg number points in clusters= 0.0
Avg Rmc size = 0.0
Avg Length exps= 0.0
#window: 158
Total #outliers: 864
Average Time: 129.44270993037978 ms
Peak memory: 1149.3455352783203 MB
Time index, remove data from structure: 0.001921591329113924
Time for querying: 0.0
Time for new slide: 0.1198342973164557
Time for expired slide: 0.009604783639240506
------------------------------------
Number clusters = 0.0
Max Number points in event queue = 0.0
Avg number points in clusters= 0.0
Avg Rmc size = 0.0
Avg Length exps= 0.0
#window: 159
Total #outliers: 807
Average Time: 129.108948754717 ms
Peak memory: 1149.3455352783203 MB
Time index, remove data from structure: 0.0019210569999999999
Time for querying: 0.0
Time for new slide: 0.11950941972955975
Time for expired slide: 0.009595907742138365
------------------------------------
Number clusters = 0.0
Max Number points in event queue = 0.0
Avg number points in clusters= 0.0
Avg Rmc size = 0.0
Avg Length exps= 0.0
#window: 160
Total #outliers: 738
Average Time: 128.68815335000002 ms
Peak memory: 1149.3455352783203 MB
Time index, remove data from structure: 0.0019197650375
Time for querying: 0.0
Time for new slide: 0.11909899529375001
Time for expired slide: 0.00958554481875
------------------------------------
Number clusters = 0.0
Max Number points in event queue = 0.0
Avg number points in clusters= 0.0
Avg Rmc size = 0.0
Avg Length exps= 0.0
#window: 161
Total #outliers: 751
Average Time: 128.29933336024848 ms
Peak memory: 1149.3455352783203 MB
Time index, remove data from structure: 0.0019180527701863352
Time for querying: 0.0
Time for new slide: 0.11871974296273292
Time for expired slide: 0.009575984093167702
------------------------------------
Number clusters = 0.0
Max Number points in event queue = 0.0
Avg number points in clusters= 0.0
Avg Rmc size = 0.0
Avg Length exps= 0.0
#window: 162
Total #outliers: 663
Average Time: 127.97978492592598 ms
Peak memory: 1149.3455352783203 MB
Time index, remove data from structure: 0.0019165197901234567
Time for querying: 0.0
Time for new slide: 0.11839586315432098
Time for expired slide: 0.009580318845679014
------------------------------------
Number clusters = 0.0
Max Number points in event queue = 0.0
Avg number points in clusters= 0.0
Avg Rmc size = 0.0
Avg Length exps= 0.0
#window: 163
Total #outliers: 727
Average Time: 127.8289924294479 ms
Peak memory: 1149.3455352783203 MB
Time index, remove data from structure: 0.0019162808404907976
Time for querying: 0.0
Time for new slide: 0.11815361172392637
Time for expired slide: 0.009671779920245399
------------------------------------
Number clusters = 0.0
Max Number points in event queue = 0.0
Avg number points in clusters= 0.0
Avg Rmc size = 0.0
Avg Length exps= 0.0
#window: 164
Total #outliers: 768
Average Time: 127.55957706707325 ms
Peak memory: 1149.3455352783203 MB
Time index, remove data from structure: 0.0019154500731707318
Time for querying: 0.0
Time for new slide: 0.11785068020731708
Time for expired slide: 0.009705301146341463
------------------------------------
Number clusters = 0.0
Max Number points in event queue = 0.0
Avg number points in clusters= 0.0
Avg Rmc size = 0.0
Avg Length exps= 0.0
#window: 165
Total #outliers: 640
Average Time: 127.36761829090915 ms
Peak memory: 1149.3455352783203 MB
Time index, remove data from structure: 0.0019146850666666667
Time for querying: 0.0
Time for new slide: 0.11760252154545454
Time for expired slide: 0.009761506096969698
------------------------------------
Number clusters = 0.0
Max Number points in event queue = 0.0
Avg number points in clusters= 0.0
Avg Rmc size = 0.0
Avg Length exps= 0.0
#window: 166
Total #outliers: 534
Average Time: 127.0980237530121 ms
Peak memory: 1149.3455352783203 MB
Time index, remove data from structure: 0.0019146422228915661
Time for querying: 0.0
Time for new slide: 0.11734441213855422
Time for expired slide: 0.009750021921686747
------------------------------------
Number clusters = 0.0
Max Number points in event queue = 0.0
Avg number points in clusters= 0.0
Avg Rmc size = 0.0
Avg Length exps= 0.0
#window: 167
Total #outliers: 536
Average Time: 126.82696557485038 ms
Peak memory: 1149.3455352783203 MB
Time index, remove data from structure: 0.0019130542934131735
Time for querying: 0.0
Time for new slide: 0.11709355191017963
Time for expired slide: 0.009729828359281437
------------------------------------
Number clusters = 0.0
Max Number points in event queue = 0.0
Avg number points in clusters= 0.0
Avg Rmc size = 0.0
Avg Length exps= 0.0
#window: 168
Total #outliers: 524
Average Time: 126.5678286845239 ms
Peak memory: 1149.3455352783203 MB
Time index, remove data from structure: 0.0019113105535714285
Time for querying: 0.0
Time for new slide: 0.11685350501785714
Time for expired slide: 0.009710742017857142
------------------------------------
Number clusters = 0.0
Max Number points in event queue = 0.0
Avg number points in clusters= 0.0
Avg Rmc size = 0.0
Avg Length exps= 0.0
#window: 169
Total #outliers: 534
Average Time: 126.30212912426045 ms
Peak memory: 1149.3455352783203 MB
Time index, remove data from structure: 0.0019105846923076922
Time for querying: 0.0
Time for new slide: 0.11658714849112425
Time for expired slide: 0.009711403639053255
------------------------------------
Number clusters = 0.0
Max Number points in event queue = 0.0
Avg number points in clusters= 0.0
Avg Rmc size = 0.0
Avg Length exps= 0.0
#window: 170
Total #outliers: 558
Average Time: 126.07953530588242 ms
Peak memory: 1149.3455352783203 MB
Time index, remove data from structure: 0.0019098132411764707
Time for querying: 0.0
Time for new slide: 0.11638091052941177
Time for expired slide: 0.009695045405882353
------------------------------------
Number clusters = 0.0
Max Number points in event queue = 0.0
Avg number points in clusters= 0.0
Avg Rmc size = 0.0
Avg Length exps= 0.0
#window: 171
Total #outliers: 582
Average Time: 125.9651908362574 ms
Peak memory: 1149.3455352783203 MB
Time index, remove data from structure: 0.0019092921929824563
Time for querying: 0.0
Time for new slide: 0.1162225757017544
Time for expired slide: 0.009739039608187134
------------------------------------
Number clusters = 0.0
Max Number points in event queue = 0.0
Avg number points in clusters= 0.0
Avg Rmc size = 0.0
Avg Length exps= 0.0
#window: 172
Total #outliers: 582
Average Time: 125.9023195232559 ms
Peak memory: 1149.3455352783203 MB
Time index, remove data from structure: 0.0019077058139534884
Time for querying: 0.0
Time for new slide: 0.11614866330232558
Time for expired slide: 0.009750086872093023
------------------------------------
Number clusters = 0.0
Max Number points in event queue = 0.0
Avg number points in clusters= 0.0
Avg Rmc size = 0.0
Avg Length exps= 0.0
#window: 173
Total #outliers: 620
Average Time: 125.7933143005781 ms
Peak memory: 1149.3455352783203 MB
Time index, remove data from structure: 0.001907035034682081
Time for querying: 0.0
Time for new slide: 0.11603506728323701
Time for expired slide: 0.009754682895953758
------------------------------------
Number clusters = 0.0
Max Number points in event queue = 0.0
Avg number points in clusters= 0.0
Avg Rmc size = 0.0
Avg Length exps= 0.0
#window: 174
Total #outliers: 719
Average Time: 125.64689900000009 ms
Peak memory: 1149.3455352783203 MB
Time index, remove data from structure: 0.0019063052068965518
Time for querying: 0.0
Time for new slide: 0.11590106140804597
Time for expired slide: 0.009742277965517241
------------------------------------
Number clusters = 0.0
Max Number points in event queue = 0.0
Avg number points in clusters= 0.0
Avg Rmc size = 0.0
Avg Length exps= 0.0
#window: 175
Total #outliers: 785
Average Time: 125.44011290285722 ms
Peak memory: 1149.3455352783203 MB
Time index, remove data from structure: 0.0019043772971428573
Time for querying: 0.0
Time for new slide: 0.11570554232000001
Time for expired slide: 0.009731016102857143
------------------------------------
Number clusters = 0.0
Max Number points in event queue = 0.0
Avg number points in clusters= 0.0
Avg Rmc size = 0.0
Avg Length exps= 0.0
#window: 176
Total #outliers: 789
Average Time: 125.22073547159101 ms
Peak memory: 1149.3455352783203 MB
Time index, remove data from structure: 0.0019024108125
Time for querying: 0.0
Time for new slide: 0.1154967568409091
Time for expired slide: 0.0097204260625
------------------------------------
Number clusters = 0.0
Max Number points in event queue = 0.0
Avg number points in clusters= 0.0
Avg Rmc size = 0.0
Avg Length exps= 0.0
#window: 177
Total #outliers: 810
Average Time: 125.13382584745771 ms
Peak memory: 1149.3455352783203 MB
Time index, remove data from structure: 0.0019005936440677966
Time for querying: 0.0
Time for new slide: 0.1153944448361582
Time for expired slide: 0.009735833875706215
------------------------------------
Number clusters = 0.0
Max Number points in event queue = 0.0
Avg number points in clusters= 0.0
Avg Rmc size = 0.0
Avg Length exps= 0.0
#window: 178
Total #outliers: 757
Average Time: 124.98390639325852 ms
Peak memory: 1149.3455352783203 MB
Time index, remove data from structure: 0.0018989302303370787
Time for querying: 0.0
Time for new slide: 0.11525388043820224
Time for expired slide: 0.009726481061797753
------------------------------------
Number clusters = 0.0
Max Number points in event queue = 0.0
Avg number points in clusters= 0.0
Avg Rmc size = 0.0
Avg Length exps= 0.0
#window: 179
Total #outliers: 731
Average Time: 124.81064682122916 ms
Peak memory: 1149.3455352783203 MB
Time index, remove data from structure: 0.0018982010782122906
Time for querying: 0.0
Time for new slide: 0.11507342831284915
Time for expired slide: 0.009733678832402235
------------------------------------
Number clusters = 0.0
Max Number points in event queue = 0.0
Avg number points in clusters= 0.0
Avg Rmc size = 0.0
Avg Length exps= 0.0
#window: 180
Total #outliers: 778
Average Time: 124.70580678333343 ms
Peak memory: 1149.3455352783203 MB
Time index, remove data from structure: 0.0018976127555555555
Time for querying: 0.0
Time for new slide: 0.11497762065
Time for expired slide: 0.009724647677777778
------------------------------------
Number clusters = 0.0
Max Number points in event queue = 0.0
Avg number points in clusters= 0.0
Avg Rmc size = 0.0
Avg Length exps= 0.0
#window: 181
Total #outliers: 884
Average Time: 124.57804758011059 ms
Peak memory: 1149.3455352783203 MB
Time index, remove data from structure: 0.0018992301270718233
Time for querying: 0.0
Time for new slide: 0.1148270596243094
Time for expired slide: 0.009747455055248619
------------------------------------
Number clusters = 0.0
Max Number points in event queue = 0.0
Avg number points in clusters= 0.0
Avg Rmc size = 0.0
Avg Length exps= 0.0
#window: 182
Total #outliers: 934
Average Time: 124.39635476923085 ms
Peak memory: 1149.3455352783203 MB
Time index, remove data from structure: 0.0018992092692307692
Time for querying: 0.0
Time for new slide: 0.11464395775824175
Time for expired slide: 0.00974886584065934
------------------------------------
Number clusters = 0.0
Max Number points in event queue = 0.0
Avg number points in clusters= 0.0
Avg Rmc size = 0.0
Avg Length exps= 0.0
#window: 183
Total #outliers: 968
Average Time: 124.37211432240446 ms
Peak memory: 1149.3455352783203 MB
Time index, remove data from structure: 0.0018980048797814207
Time for querying: 0.0
Time for new slide: 0.11460206174863387
Time for expired slide: 0.009766526601092897
------------------------------------
Number clusters = 0.0
Max Number points in event queue = 0.0
Avg number points in clusters= 0.0
Avg Rmc size = 0.0
Avg Length exps= 0.0
#window: 184
Total #outliers: 1005
Average Time: 124.2868018369566 ms
Peak memory: 1149.3455352783203 MB
Time index, remove data from structure: 0.001898931418478261
Time for querying: 0.0
Time for new slide: 0.11442833948369566
Time for expired slide: 0.00985493518478261
------------------------------------
Number clusters = 0.0
Max Number points in event queue = 0.0
Avg number points in clusters= 0.0
Avg Rmc size = 0.0
Avg Length exps= 0.0
#window: 185
Total #outliers: 1060
Average Time: 124.13830638918927 ms
Peak memory: 1149.3455352783203 MB
Time index, remove data from structure: 0.0018995135891891892
Time for querying: 0.0
Time for new slide: 0.11422878456216216
Time for expired slide: 0.00990600032972973
------------------------------------
Number clusters = 0.0
Max Number points in event queue = 0.0
Avg number points in clusters= 0.0
Avg Rmc size = 0.0
Avg Length exps= 0.0
#window: 186
Total #outliers: 1114
Average Time: 124.0039454892474 ms
Peak memory: 1149.3455352783203 MB
Time index, remove data from structure: 0.0019047478172043012
Time for querying: 0.0
Time for new slide: 0.11403751470967742
Time for expired slide: 0.009962914849462367
------------------------------------
Number clusters = 0.0
Max Number points in event queue = 0.0
Avg number points in clusters= 0.0
Avg Rmc size = 0.0
Avg Length exps= 0.0
#window: 187
Total #outliers: 1087
Average Time: 123.83005820320864 ms
Peak memory: 1149.3455352783203 MB
Time index, remove data from structure: 0.0019051961818181817
Time for querying: 0.0
Time for new slide: 0.11382818188770054
Time for expired slide: 0.009998366994652405
------------------------------------
Number clusters = 0.0
Max Number points in event queue = 0.0
Avg number points in clusters= 0.0
Avg Rmc size = 0.0
Avg Length exps= 0.0
#window: 188
Total #outliers: 1106
Average Time: 123.65201796808519 ms
Peak memory: 1149.3455352783203 MB
Time index, remove data from structure: 0.0019048469521276595
Time for querying: 0.0
Time for new slide: 0.11362290355851064
Time for expired slide: 0.010025613579787235
------------------------------------
Number clusters = 0.0
Max Number points in event queue = 0.0
Avg number points in clusters= 0.0
Avg Rmc size = 0.0
Avg Length exps= 0.0
#window: 189
Total #outliers: 1144
Average Time: 123.47036343386252 ms
Peak memory: 1149.3455352783203 MB
Time index, remove data from structure: 0.0019038805132275132
Time for querying: 0.0
Time for new slide: 0.11342804456084656
Time for expired slide: 0.010038821544973545
------------------------------------
Number clusters = 0.0
Max Number points in event queue = 0.0
Avg number points in clusters= 0.0
Avg Rmc size = 0.0
Avg Length exps= 0.0
#window: 190
Total #outliers: 1132
Average Time: 123.35289386842113 ms
Peak memory: 1149.3455352783203 MB
Time index, remove data from structure: 0.0019025249263157895
Time for querying: 0.0
Time for new slide: 0.11327865468947368
Time for expired slide: 0.010070746094736842
------------------------------------
Number clusters = 0.0
Max Number points in event queue = 0.0
Avg number points in clusters= 0.0
Avg Rmc size = 0.0
Avg Length exps= 0.0
Peak memory: 1149.3455352783203 MB
Average CPU time: 123.35289386842113 ms
