#window: 1
Total #outliers: 555
Average Time: 0.0 ms
Peak memory: 292.20059967041016 MB
Time index, remove data from structure: 0.0
Time for querying: 0.0
Time for new slide: 0.0
Time for expired slide: 0.0
------------------------------------
Number clusters = 0.0
Max Number points in event queue = 0.0
Avg number points in clusters= 0.0
Avg Rmc size = 0.0
Avg Length exps= 0.0
#window: 2
Total #outliers: 589
Average Time: 44.630125 ms
Peak memory: 292.20059967041016 MB
Time index, remove data from structure: 0.001560436
Time for querying: 0.0
Time for new slide: 0.039433347
Time for expired slide: 0.0051944415
------------------------------------
Number clusters = 0.0
Max Number points in event queue = 0.0
Avg number points in clusters= 0.0
Avg Rmc size = 0.0
Avg Length exps= 0.0
#window: 3
Total #outliers: 625
Average Time: 66.423016 ms
Peak memory: 292.20059967041016 MB
Time index, remove data from structure: 0.001685148
Time for querying: 0.0
Time for new slide: 0.06048379166666667
Time for expired slide: 0.005936504333333333
------------------------------------
Number clusters = 0.0
Max Number points in event queue = 0.0
Avg number points in clusters= 0.0
Avg Rmc size = 0.0
Avg Length exps= 0.0
#window: 4
Total #outliers: 663
Average Time: 73.88050825 ms
Peak memory: 292.20059967041016 MB
Time index, remove data from structure: 0.00180640175
Time for querying: 0.0
Time for new slide: 0.0674725965
Time for expired slide: 0.0064049945
------------------------------------
Number clusters = 0.0
Max Number points in event queue = 0.0
Avg number points in clusters= 0.0
Avg Rmc size = 0.0
Avg Length exps= 0.0
#window: 5
Total #outliers: 693
Average Time: 78.835662 ms
Peak memory: 292.20059967041016 MB
Time index, remove data from structure: 0.0018799364
Time for querying: 0.0
Time for new slide: 0.0720188668
Time for expired slide: 0.006813864
------------------------------------
Number clusters = 0.0
Max Number points in event queue = 0.0
Avg number points in clusters= 0.0
Avg Rmc size = 0.0
Avg Length exps= 0.0
#window: 6
Total #outliers: 637
Average Time: 87.41331050000001 ms
Peak memory: 292.20059967041016 MB
Time index, remove data from structure: 0.0021625066666666666
Time for querying: 0.0
Time for new slide: 0.07578552649999999
Time for expired slide: 0.011624799166666666
------------------------------------
Number clusters = 0.0
Max Number points in event queue = 0.0
Avg number points in clusters= 0.0
Avg Rmc size = 0.0
Avg Length exps= 0.0
#window: 7
Total #outliers: 645
Average Time: 91.29999714285715 ms
Peak memory: 298.3318405151367 MB
Time index, remove data from structure: 0.0021818018571428573
Time for querying: 0.0
Time for new slide: 0.08015130414285714
Time for expired slide: 0.011145605571428572
------------------------------------
Number clusters = 0.0
Max Number points in event queue = 0.0
Avg number points in clusters= 0.0
Avg Rmc size = 0.0
Avg Length exps= 0.0
#window: 8
Total #outliers: 592
Average Time: 96.16445862500001 ms
Peak memory: 307.9488830566406 MB
Time index, remove data from structure: 0.00222115875
Time for querying: 0.0
Time for new slide: 0.08397904975
Time for expired slide: 0.01218232425
------------------------------------
Number clusters = 0.0
Max Number points in event queue = 0.0
Avg number points in clusters= 0.0
Avg Rmc size = 0.0
Avg Length exps= 0.0
#window: 9
Total #outliers: 579
Average Time: 100.0440158888889 ms
Peak memory: 332.00138092041016 MB
Time index, remove data from structure: 0.002247310222222222
Time for querying: 0.0
Time for new slide: 0.08829653477777778
Time for expired slide: 0.011744395666666666
------------------------------------
Number clusters = 0.0
Max Number points in event queue = 0.0
Avg number points in clusters= 0.0
Avg Rmc size = 0.0
Avg Length exps= 0.0
#window: 10
Total #outliers: 570
Average Time: 102.49046800000002 ms
Peak memory: 332.00138092041016 MB
Time index, remove data from structure: 0.0022529304
Time for querying: 0.0
Time for new slide: 0.0906218254
Time for expired slide: 0.01186551
------------------------------------
Number clusters = 0.0
Max Number points in event queue = 0.0
Avg number points in clusters= 0.0
Avg Rmc size = 0.0
Avg Length exps= 0.0
#window: 11
Total #outliers: 568
Average Time: 104.78779290909092 ms
Peak memory: 332.00138092041016 MB
Time index, remove data from structure: 0.0022644625454545453
Time for querying: 0.0
Time for new slide: 0.09255348136363638
Time for expired slide: 0.01223117881818182
------------------------------------
Number clusters = 0.0
Max Number points in event queue = 0.0
Avg number points in clusters= 0.0
Avg Rmc size = 0.0
Avg Length exps= 0.0
#window: 12
Total #outliers: 731
Average Time: 110.63845083333335 ms
Peak memory: 332.00138092041016 MB
Time index, remove data from structure: 0.0022796816666666667
Time for querying: 0.0
Time for new slide: 0.09834090108333333
Time for expired slide: 0.012294389000000001
------------------------------------
Number clusters = 0.0
Max Number points in event queue = 0.0
Avg number points in clusters= 0.0
Avg Rmc size = 0.0
Avg Length exps= 0.0
#window: 13
Total #outliers: 755
Average Time: 117.80205884615386 ms
Peak memory: 332.00138092041016 MB
Time index, remove data from structure: 0.0022880194615384616
Time for querying: 0.0
Time for new slide: 0.10499202384615385
Time for expired slide: 0.012806864538461539
------------------------------------
Number clusters = 0.0
Max Number points in event queue = 0.0
Avg number points in clusters= 0.0
Avg Rmc size = 0.0
Avg Length exps= 0.0
#window: 14
Total #outliers: 776
Average Time: 125.98167021428571 ms
Peak memory: 332.00138092041016 MB
Time index, remove data from structure: 0.002337347
Time for querying: 0.0
Time for new slide: 0.11252855457142856
Time for expired slide: 0.01344997942857143
------------------------------------
Number clusters = 0.0
Max Number points in event queue = 0.0
Avg number points in clusters= 0.0
Avg Rmc size = 0.0
Avg Length exps= 0.0
#window: 15
Total #outliers: 780
Average Time: 132.43314400000003 ms
Peak memory: 332.00138092041016 MB
Time index, remove data from structure: 0.002338954
Time for querying: 0.0
Time for new slide: 0.11933817606666668
Time for expired slide: 0.013089894266666667
------------------------------------
Number clusters = 0.0
Max Number points in event queue = 0.0
Avg number points in clusters= 0.0
Avg Rmc size = 0.0
Avg Length exps= 0.0
#window: 16
Total #outliers: 786
Average Time: 136.88364212500002 ms
Peak memory: 332.00138092041016 MB
Time index, remove data from structure: 0.002338852375
Time for querying: 0.0
Time for new slide: 0.12411550275
Time for expired slide: 0.0127632090625
------------------------------------
Number clusters = 0.0
Max Number points in event queue = 0.0
Avg number points in clusters= 0.0
Avg Rmc size = 0.0
Avg Length exps= 0.0
#window: 17
Total #outliers: 735
Average Time: 138.23174876470588 ms
Peak memory: 332.00138092041016 MB
Time index, remove data from structure: 0.002325598588235294
Time for querying: 0.0
Time for new slide: 0.12577227864705884
Time for expired slide: 0.012454637294117648
------------------------------------
Number clusters = 0.0
Max Number points in event queue = 0.0
Avg number points in clusters= 0.0
Avg Rmc size = 0.0
Avg Length exps= 0.0
#window: 18
Total #outliers: 659
Average Time: 138.28813516666668 ms
Peak memory: 332.00138092041016 MB
Time index, remove data from structure: 0.002320727388888889
Time for querying: 0.0
Time for new slide: 0.12514123755555553
Time for expired slide: 0.013142158722222222
------------------------------------
Number clusters = 0.0
Max Number points in event queue = 0.0
Avg number points in clusters= 0.0
Avg Rmc size = 0.0
Avg Length exps= 0.0
#window: 19
Total #outliers: 683
Average Time: 136.62366473684213 ms
Peak memory: 332.00138092041016 MB
Time index, remove data from structure: 0.0023153364210526314
Time for querying: 0.0
Time for new slide: 0.1235029257368421
Time for expired slide: 0.01311605394736842
------------------------------------
Number clusters = 0.0
Max Number points in event queue = 0.0
Avg number points in clusters= 0.0
Avg Rmc size = 0.0
Avg Length exps= 0.0
#window: 20
Total #outliers: 755
Average Time: 135.40662305 ms
Peak memory: 332.00138092041016 MB
Time index, remove data from structure: 0.0023144007
Time for querying: 0.0
Time for new slide: 0.12227196254999999
Time for expired slide: 0.01313002395
------------------------------------
Number clusters = 0.0
Max Number points in event queue = 0.0
Avg number points in clusters= 0.0
Avg Rmc size = 0.0
Avg Length exps= 0.0
#window: 21
Total #outliers: 780
Average Time: 134.3935387142857 ms
Peak memory: 348.73228454589844 MB
Time index, remove data from structure: 0.0023170545714285714
Time for querying: 0.0
Time for new slide: 0.12092790980952381
Time for expired slide: 0.013461039238095239
------------------------------------
Number clusters = 0.0
Max Number points in event queue = 0.0
Avg number points in clusters= 0.0
Avg Rmc size = 0.0
Avg Length exps= 0.0
#window: 22
Total #outliers: 744
Average Time: 132.6560150909091 ms
Peak memory: 358.4282989501953 MB
Time index, remove data from structure: 0.0023204538636363635
Time for querying: 0.0
Time for new slide: 0.11944629595454546
Time for expired slide: 0.013205156227272726
------------------------------------
Number clusters = 0.0
Max Number points in event queue = 0.0
Avg number points in clusters= 0.0
Avg Rmc size = 0.0
Avg Length exps= 0.0
#window: 23
Total #outliers: 759
Average Time: 131.67648682608697 ms
Peak memory: 368.1243133544922 MB
Time index, remove data from structure: 0.0023194631739130436
Time for querying: 0.0
Time for new slide: 0.11870102834782609
Time for expired slide: 0.012970923304347825
------------------------------------
Number clusters = 0.0
Max Number points in event queue = 0.0
Avg number points in clusters= 0.0
Avg Rmc size = 0.0
Avg Length exps= 0.0
#window: 24
Total #outliers: 770
Average Time: 130.95720541666665 ms
Peak memory: 377.8203659057617 MB
Time index, remove data from structure: 0.002306605375
Time for querying: 0.0
Time for new slide: 0.11821800512500001
Time for expired slide: 0.012734342583333334
------------------------------------
Number clusters = 0.0
Max Number points in event queue = 0.0
Avg number points in clusters= 0.0
Avg Rmc size = 0.0
Avg Length exps= 0.0
#window: 25
Total #outliers: 826
Average Time: 131.08776492 ms
Peak memory: 406.9084167480469 MB
Time index, remove data from structure: 0.00231330652
Time for querying: 0.0
Time for new slide: 0.11801624616
Time for expired slide: 0.01306672932
------------------------------------
Number clusters = 0.0
Max Number points in event queue = 0.0
Avg number points in clusters= 0.0
Avg Rmc size = 0.0
Avg Length exps= 0.0
#window: 26
Total #outliers: 883
Average Time: 131.15797565384617 ms
Peak memory: 416.6044464111328 MB
Time index, remove data from structure: 0.0023265275
Time for querying: 0.0
Time for new slide: 0.11825699926923076
Time for expired slide: 0.012896242769230768
------------------------------------
Number clusters = 0.0
Max Number points in event queue = 0.0
Avg number points in clusters= 0.0
Avg Rmc size = 0.0
Avg Length exps= 0.0
#window: 27
Total #outliers: 852
Average Time: 131.46188922222223 ms
Peak memory: 416.6044464111328 MB
Time index, remove data from structure: 0.002326683074074074
Time for querying: 0.0
Time for new slide: 0.11861408818518519
Time for expired slide: 0.012843118296296297
------------------------------------
Number clusters = 0.0
Max Number points in event queue = 0.0
Avg number points in clusters= 0.0
Avg Rmc size = 0.0
Avg Length exps= 0.0
#window: 28
Total #outliers: 931
Average Time: 132.25544046428573 ms
Peak memory: 435.99647521972656 MB
Time index, remove data from structure: 0.002333165392857143
Time for querying: 0.0
Time for new slide: 0.11905021067857144
Time for expired slide: 0.013200586142857143
------------------------------------
Number clusters = 0.0
Max Number points in event queue = 0.0
Avg number points in clusters= 0.0
Avg Rmc size = 0.0
Avg Length exps= 0.0
#window: 29
Total #outliers: 970
Average Time: 133.39902289655174 ms
Peak memory: 455.3885269165039 MB
Time index, remove data from structure: 0.002340854068965517
Time for querying: 0.0
Time for new slide: 0.11974317003448276
Time for expired slide: 0.01365124372413793
------------------------------------
Number clusters = 0.0
Max Number points in event queue = 0.0
Avg number points in clusters= 0.0
Avg Rmc size = 0.0
Avg Length exps= 0.0
#window: 30
Total #outliers: 955
Average Time: 134.07055186666668 ms
Peak memory: 465.0845413208008 MB
Time index, remove data from structure: 0.0023440485333333333
Time for querying: 0.0
Time for new slide: 0.12055233543333334
Time for expired slide: 0.013513649133333333
------------------------------------
Number clusters = 0.0
Max Number points in event queue = 0.0
Avg number points in clusters= 0.0
Avg Rmc size = 0.0
Avg Length exps= 0.0
#window: 31
Total #outliers: 979
Average Time: 134.42231212903226 ms
Peak memory: 484.48363494873047 MB
Time index, remove data from structure: 0.002341755387096774
Time for querying: 0.0
Time for new slide: 0.12104499625806452
Time for expired slide: 0.013372796774193549
------------------------------------
Number clusters = 0.0
Max Number points in event queue = 0.0
Avg number points in clusters= 0.0
Avg Rmc size = 0.0
Avg Length exps= 0.0
#window: 32
Total #outliers: 956
Average Time: 134.9350124375 ms
Peak memory: 484.48363494873047 MB
Time index, remove data from structure: 0.00234100328125
Time for querying: 0.0
Time for new slide: 0.121558075375
Time for expired slide: 0.0133724578125
------------------------------------
Number clusters = 0.0
Max Number points in event queue = 0.0
Avg number points in clusters= 0.0
Avg Rmc size = 0.0
Avg Length exps= 0.0
#window: 33
Total #outliers: 967
Average Time: 135.1537633030303 ms
Peak memory: 503.8756866455078 MB
Time index, remove data from structure: 0.002338994242424242
Time for querying: 0.0
Time for new slide: 0.12191175781818182
Time for expired slide: 0.01323756909090909
------------------------------------
Number clusters = 0.0
Max Number points in event queue = 0.0
Avg number points in clusters= 0.0
Avg Rmc size = 0.0
Avg Length exps= 0.0
#window: 34
Total #outliers: 1032
Average Time: 135.5674922352941 ms
Peak memory: 513.5717010498047 MB
Time index, remove data from structure: 0.002332821
Time for querying: 0.0
Time for new slide: 0.12245016776470588
Time for expired slide: 0.013112915235294117
------------------------------------
Number clusters = 0.0
Max Number points in event queue = 0.0
Avg number points in clusters= 0.0
Avg Rmc size = 0.0
Avg Length exps= 0.0
#window: 35
Total #outliers: 1002
Average Time: 136.08927388571428 ms
Peak memory: 523.2677154541016 MB
Time index, remove data from structure: 0.0023217926857142857
Time for querying: 0.0
Time for new slide: 0.1230718984
Time for expired slide: 0.013012996085714285
------------------------------------
Number clusters = 0.0
Max Number points in event queue = 0.0
Avg number points in clusters= 0.0
Avg Rmc size = 0.0
Avg Length exps= 0.0
#window: 36
Total #outliers: 1064
Average Time: 136.59336811111112 ms
Peak memory: 532.9637298583984 MB
Time index, remove data from structure: 0.0023109994722222225
Time for querying: 0.0
Time for new slide: 0.12368865713888888
Time for expired slide: 0.012900358972222222
------------------------------------
Number clusters = 0.0
Max Number points in event queue = 0.0
Avg number points in clusters= 0.0
Avg Rmc size = 0.0
Avg Length exps= 0.0
#window: 37
Total #outliers: 1015
Average Time: 137.26585416216216 ms
Peak memory: 552.3571548461914 MB
Time index, remove data from structure: 0.0023091041621621624
Time for querying: 0.0
Time for new slide: 0.12431189756756757
Time for expired slide: 0.012949633756756757
------------------------------------
Number clusters = 0.0
Max Number points in event queue = 0.0
Avg number points in clusters= 0.0
Avg Rmc size = 0.0
Avg Length exps= 0.0
#window: 38
Total #outliers: 933
Average Time: 137.2629834473684 ms
Peak memory: 562.0531692504883 MB
Time index, remove data from structure: 0.002304969657894737
Time for querying: 0.0
Time for new slide: 0.12439921986842106
Time for expired slide: 0.01285947647368421
------------------------------------
Number clusters = 0.0
Max Number points in event queue = 0.0
Avg number points in clusters= 0.0
Avg Rmc size = 0.0
Avg Length exps= 0.0
#window: 39
Total #outliers: 924
Average Time: 137.26839876923074 ms
Peak memory: 562.0531692504883 MB
Time index, remove data from structure: 0.0022999678717948715
Time for querying: 0.0
Time for new slide: 0.12451267138461539
Time for expired slide: 0.012751449564102565
------------------------------------
Number clusters = 0.0
Max Number points in event queue = 0.0
Avg number points in clusters= 0.0
Avg Rmc size = 0.0
Avg Length exps= 0.0
#window: 40
Total #outliers: 1086
Average Time: 137.74346907499998 ms
Peak memory: 581.4458236694336 MB
Time index, remove data from structure: 0.0023013876749999997
Time for querying: 0.0
Time for new slide: 0.1250820326
Time for expired slide: 0.012657193325
------------------------------------
Number clusters = 0.0
Max Number points in event queue = 0.0
Avg number points in clusters= 0.0
Avg Rmc size = 0.0
Avg Length exps= 0.0
#window: 41
Total #outliers: 1065
Average Time: 140.55984963414633 ms
Peak memory: 598.5173263549805 MB
Time index, remove data from structure: 0.0022985163658536586
Time for querying: 0.0
Time for new slide: 0.12796085809756097
Time for expired slide: 0.012594783902439026
------------------------------------
Number clusters = 0.0
Max Number points in event queue = 0.0
Avg number points in clusters= 0.0
Avg Rmc size = 0.0
Avg Length exps= 0.0
#window: 42
Total #outliers: 989
Average Time: 139.44841859523808 ms
Peak memory: 598.5173263549805 MB
Time index, remove data from structure: 0.0022995874047619046
Time for querying: 0.0
Time for new slide: 0.12678965814285714
Time for expired slide: 0.012654578452380952
------------------------------------
Number clusters = 0.0
Max Number points in event queue = 0.0
Avg number points in clusters= 0.0
Avg Rmc size = 0.0
Avg Length exps= 0.0
#window: 43
Total #outliers: 815
Average Time: 138.72083095348836 ms
Peak memory: 598.5173263549805 MB
Time index, remove data from structure: 0.0022968687209302327
Time for querying: 0.0
Time for new slide: 0.12616576862790696
Time for expired slide: 0.01255091458139535
------------------------------------
Number clusters = 0.0
Max Number points in event queue = 0.0
Avg number points in clusters= 0.0
Avg Rmc size = 0.0
Avg Length exps= 0.0
#window: 44
Total #outliers: 698
Average Time: 137.58100029545454 ms
Peak memory: 598.5173263549805 MB
Time index, remove data from structure: 0.0022926904772727274
Time for querying: 0.0
Time for new slide: 0.12514888297727272
Time for expired slide: 0.012427993204545455
------------------------------------
Number clusters = 0.0
Max Number points in event queue = 0.0
Avg number points in clusters= 0.0
Avg Rmc size = 0.0
Avg Length exps= 0.0
#window: 45
Total #outliers: 599
Average Time: 136.4916402222222 ms
Peak memory: 598.5173263549805 MB
Time index, remove data from structure: 0.0022895532
Time for querying: 0.0
Time for new slide: 0.1241856164
Time for expired slide: 0.012301926733333333
------------------------------------
Number clusters = 0.0
Max Number points in event queue = 0.0
Avg number points in clusters= 0.0
Avg Rmc size = 0.0
Avg Length exps= 0.0
#window: 46
Total #outliers: 585
Average Time: 135.5578901304348 ms
Peak memory: 598.5173263549805 MB
Time index, remove data from structure: 0.0022901090434782607
Time for querying: 0.0
Time for new slide: 0.12337489793478261
Time for expired slide: 0.012178923326086956
------------------------------------
Number clusters = 0.0
Max Number points in event queue = 0.0
Avg number points in clusters= 0.0
Avg Rmc size = 0.0
Avg Length exps= 0.0
#window: 47
Total #outliers: 605
Average Time: 134.83153048936168 ms
Peak memory: 598.5173263549805 MB
Time index, remove data from structure: 0.0022878552765957447
Time for querying: 0.0
Time for new slide: 0.12277611627659574
Time for expired slide: 0.012051368021276597
------------------------------------
Number clusters = 0.0
Max Number points in event queue = 0.0
Avg number points in clusters= 0.0
Avg Rmc size = 0.0
Avg Length exps= 0.0
#window: 48
Total #outliers: 631
Average Time: 134.2419215 ms
Peak memory: 598.5173263549805 MB
Time index, remove data from structure: 0.0022845364166666667
Time for querying: 0.0
Time for new slide: 0.12229940172916666
Time for expired slide: 0.011938489354166667
------------------------------------
Number clusters = 0.0
Max Number points in event queue = 0.0
Avg number points in clusters= 0.0
Avg Rmc size = 0.0
Avg Length exps= 0.0
#window: 49
Total #outliers: 429
Average Time: 133.70375114285713 ms
Peak memory: 598.5173263549805 MB
Time index, remove data from structure: 0.0022793260408163264
Time for querying: 0.0
Time for new slide: 0.12187299508163266
Time for expired slide: 0.011826752918367347
------------------------------------
Number clusters = 0.0
Max Number points in event queue = 0.0
Avg number points in clusters= 0.0
Avg Rmc size = 0.0
Avg Length exps= 0.0
#window: 50
Total #outliers: 595
Average Time: 133.43554073999996 ms
Peak memory: 598.5173263549805 MB
Time index, remove data from structure: 0.0022751332599999998
Time for querying: 0.0
Time for new slide: 0.12173030192
Time for expired slide: 0.01170125694
------------------------------------
Number clusters = 0.0
Max Number points in event queue = 0.0
Avg number points in clusters= 0.0
Avg Rmc size = 0.0
Avg Length exps= 0.0
#window: 51
Total #outliers: 788
Average Time: 135.75495949019606 ms
Peak memory: 598.5173263549805 MB
Time index, remove data from structure: 0.0022731040980392154
Time for querying: 0.0
Time for new slide: 0.12414621915686275
Time for expired slide: 0.011604785274509803
------------------------------------
Number clusters = 0.0
Max Number points in event queue = 0.0
Avg number points in clusters= 0.0
Avg Rmc size = 0.0
Avg Length exps= 0.0
#window: 52
Total #outliers: 761
Average Time: 139.06648532692307 ms
Peak memory: 598.5173263549805 MB
Time index, remove data from structure: 0.002269106153846154
Time for querying: 0.0
Time for new slide: 0.12753728146153848
Time for expired slide: 0.011525275865384616
------------------------------------
Number clusters = 0.0
Max Number points in event queue = 0.0
Avg number points in clusters= 0.0
Avg Rmc size = 0.0
Avg Length exps= 0.0
#window: 53
Total #outliers: 748
Average Time: 139.6737782641509 ms
Peak memory: 598.5173263549805 MB
Time index, remove data from structure: 0.0022655982641509435
Time for querying: 0.0
Time for new slide: 0.12821612939622642
Time for expired slide: 0.011453735358490567
------------------------------------
Number clusters = 0.0
Max Number points in event queue = 0.0
Avg number points in clusters= 0.0
Avg Rmc size = 0.0
Avg Length exps= 0.0
#window: 54
Total #outliers: 756
Average Time: 140.6171081111111 ms
Peak memory: 598.5173263549805 MB
Time index, remove data from structure: 0.0022591654999999998
Time for querying: 0.0
Time for new slide: 0.12923306355555556
Time for expired slide: 0.011380142462962962
------------------------------------
Number clusters = 0.0
Max Number points in event queue = 0.0
Avg number points in clusters= 0.0
Avg Rmc size = 0.0
Avg Length exps= 0.0
#window: 55
Total #outliers: 818
Average Time: 140.77396194545452 ms
Peak memory: 598.5173263549805 MB
Time index, remove data from structure: 0.0022512251636363635
Time for querying: 0.0
Time for new slide: 0.12945756756363638
Time for expired slide: 0.011312517981818182
------------------------------------
Number clusters = 0.0
Max Number points in event queue = 0.0
Avg number points in clusters= 0.0
Avg Rmc size = 0.0
Avg Length exps= 0.0
#window: 56
Total #outliers: 876
Average Time: 140.69647530357142 ms
Peak memory: 598.5173263549805 MB
Time index, remove data from structure: 0.0022419638214285715
Time for querying: 0.0
Time for new slide: 0.12944669182142857
Time for expired slide: 0.011245925857142857
------------------------------------
Number clusters = 0.0
Max Number points in event queue = 0.0
Avg number points in clusters= 0.0
Avg Rmc size = 0.0
Avg Length exps= 0.0
#window: 57
Total #outliers: 820
Average Time: 141.4871668070175 ms
Peak memory: 598.5173263549805 MB
Time index, remove data from structure: 0.0022323277719298244
Time for querying: 0.0
Time for new slide: 0.13029854487719297
Time for expired slide: 0.01118477698245614
------------------------------------
Number clusters = 0.0
Max Number points in event queue = 0.0
Avg number points in clusters= 0.0
Avg Rmc size = 0.0
Avg Length exps= 0.0
#window: 58
Total #outliers: 824
Average Time: 142.2901414827586 ms
Peak memory: 598.5173263549805 MB
Time index, remove data from structure: 0.002223771379310345
Time for querying: 0.0
Time for new slide: 0.13097164596551725
Time for expired slide: 0.011314669293103449
------------------------------------
Number clusters = 0.0
Max Number points in event queue = 0.0
Avg number points in clusters= 0.0
Avg Rmc size = 0.0
Avg Length exps= 0.0
#window: 59
Total #outliers: 1074
Average Time: 143.72640628813554 ms
Peak memory: 598.5173263549805 MB
Time index, remove data from structure: 0.0022398890169491527
Time for querying: 0.0
Time for new slide: 0.13203833759322034
Time for expired slide: 0.011684264237288137
------------------------------------
Number clusters = 0.0
Max Number points in event queue = 0.0
Avg number points in clusters= 0.0
Avg Rmc size = 0.0
Avg Length exps= 0.0
#window: 60
Total #outliers: 1183
Average Time: 147.24816543333327 ms
Peak memory: 598.5173263549805 MB
Time index, remove data from structure: 0.00223617685
Time for querying: 0.0
Time for new slide: 0.1352850396
Time for expired slide: 0.011959337733333332
------------------------------------
Number clusters = 0.0
Max Number points in event queue = 0.0
Avg number points in clusters= 0.0
Avg Rmc size = 0.0
Avg Length exps= 0.0
#window: 61
Total #outliers: 944
Average Time: 149.05261714754093 ms
Peak memory: 598.5173263549805 MB
Time index, remove data from structure: 0.0022258002295081967
Time for querying: 0.0
Time for new slide: 0.13710958721311475
Time for expired slide: 0.011939260540983607
------------------------------------
Number clusters = 0.0
Max Number points in event queue = 0.0
Avg number points in clusters= 0.0
Avg Rmc size = 0.0
Avg Length exps= 0.0
#window: 62
Total #outliers: 806
Average Time: 150.56692903225803 ms
Peak memory: 598.5173263549805 MB
Time index, remove data from structure: 0.0022251062096774192
Time for querying: 0.0
Time for new slide: 0.1385834806612903
Time for expired slide: 0.01197969335483871
------------------------------------
Number clusters = 0.0
Max Number points in event queue = 0.0
Avg number points in clusters= 0.0
Avg Rmc size = 0.0
Avg Length exps= 0.0
#window: 63
Total #outliers: 792
Average Time: 151.7224582539682 ms
Peak memory: 623.7904663085938 MB
Time index, remove data from structure: 0.002265090095238095
Time for querying: 0.0
Time for new slide: 0.13917308561904762
Time for expired slide: 0.012545635285714285
------------------------------------
Number clusters = 0.0
Max Number points in event queue = 0.0
Avg number points in clusters= 0.0
Avg Rmc size = 0.0
Avg Length exps= 0.0
#window: 64
Total #outliers: 828
Average Time: 151.42554443749998 ms
Peak memory: 623.7904663085938 MB
Time index, remove data from structure: 0.002293694921875
Time for querying: 0.0
Time for new slide: 0.1388709460625
Time for expired slide: 0.012550877828125
------------------------------------
Number clusters = 0.0
Max Number points in event queue = 0.0
Avg number points in clusters= 0.0
Avg Rmc size = 0.0
Avg Length exps= 0.0
#window: 65
Total #outliers: 743
Average Time: 150.79345558461534 ms
Peak memory: 623.7904663085938 MB
Time index, remove data from structure: 0.0023197791999999997
Time for querying: 0.0
Time for new slide: 0.1382310468
Time for expired slide: 0.012558709369230769
------------------------------------
Number clusters = 0.0
Max Number points in event queue = 0.0
Avg number points in clusters= 0.0
Avg Rmc size = 0.0
Avg Length exps= 0.0
#window: 66
Total #outliers: 710
Average Time: 149.80860171212117 ms
Peak memory: 623.7904663085938 MB
Time index, remove data from structure: 0.002317345287878788
Time for querying: 0.0
Time for new slide: 0.1372076213939394
Time for expired slide: 0.012597294818181818
------------------------------------
Number clusters = 0.0
Max Number points in event queue = 0.0
Avg number points in clusters= 0.0
Avg Rmc size = 0.0
Avg Length exps= 0.0
#window: 67
Total #outliers: 708
Average Time: 148.80589713432832 ms
Peak memory: 623.7904663085938 MB
Time index, remove data from structure: 0.0023062229701492536
Time for querying: 0.0
Time for new slide: 0.13628664455223882
Time for expired slide: 0.012515580641791046
------------------------------------
Number clusters = 0.0
Max Number points in event queue = 0.0
Avg number points in clusters= 0.0
Avg Rmc size = 0.0
Avg Length exps= 0.0
#window: 68
Total #outliers: 706
Average Time: 147.97721698529406 ms
Peak memory: 623.7904663085938 MB
Time index, remove data from structure: 0.0022948452352941177
Time for querying: 0.0
Time for new slide: 0.13553678852941178
Time for expired slide: 0.012436771382352942
------------------------------------
Number clusters = 0.0
Max Number points in event queue = 0.0
Avg number points in clusters= 0.0
Avg Rmc size = 0.0
Avg Length exps= 0.0
#window: 69
Total #outliers: 729
Average Time: 147.17099868115938 ms
Peak memory: 623.7904663085938 MB
Time index, remove data from structure: 0.002288539086956522
Time for querying: 0.0
Time for new slide: 0.1348022393478261
Time for expired slide: 0.01236511588405797
------------------------------------
Number clusters = 0.0
Max Number points in event queue = 0.0
Avg number points in clusters= 0.0
Avg Rmc size = 0.0
Avg Length exps= 0.0
#window: 70
Total #outliers: 822
Average Time: 146.67677391428566 ms
Peak memory: 623.7904663085938 MB
Time index, remove data from structure: 0.002300027085714286
Time for querying: 0.0
Time for new slide: 0.13425061942857144
Time for expired slide: 0.012422526228571429
------------------------------------
Number clusters = 0.0
Max Number points in event queue = 0.0
Avg number points in clusters= 0.0
Avg Rmc size = 0.0
Avg Length exps= 0.0
#window: 71
Total #outliers: 807
Average Time: 146.25605943661967 ms
Peak memory: 623.7904663085938 MB
Time index, remove data from structure: 0.0022887919154929576
Time for querying: 0.0
Time for new slide: 0.1338927712394366
Time for expired slide: 0.012359662732394366
------------------------------------
Number clusters = 0.0
Max Number points in event queue = 0.0
Avg number points in clusters= 0.0
Avg Rmc size = 0.0
Avg Length exps= 0.0
#window: 72
Total #outliers: 839
Average Time: 145.95295237499994 ms
Peak memory: 623.7904663085938 MB
Time index, remove data from structure: 0.002275632027777778
Time for querying: 0.0
Time for new slide: 0.13365602733333332
Time for expired slide: 0.012293317527777778
------------------------------------
Number clusters = 0.0
Max Number points in event queue = 0.0
Avg number points in clusters= 0.0
Avg Rmc size = 0.0
Avg Length exps= 0.0
#window: 73
Total #outliers: 816
Average Time: 145.8880349315068 ms
Peak memory: 623.7904663085938 MB
Time index, remove data from structure: 0.0022641881780821917
Time for querying: 0.0
Time for new slide: 0.1336521468219178
Time for expired slide: 0.012232286383561644
------------------------------------
Number clusters = 0.0
Max Number points in event queue = 0.0
Avg number points in clusters= 0.0
Avg Rmc size = 0.0
Avg Length exps= 0.0
#window: 74
Total #outliers: 817
Average Time: 145.99173031081077 ms
Peak memory: 623.7904663085938 MB
Time index, remove data from structure: 0.002252431310810811
Time for querying: 0.0
Time for new slide: 0.13381612364864864
Time for expired slide: 0.012172015013513513
------------------------------------
Number clusters = 0.0
Max Number points in event queue = 0.0
Avg number points in clusters= 0.0
Avg Rmc size = 0.0
Avg Length exps= 0.0
#window: 75
Total #outliers: 719
Average Time: 146.0725662533333 ms
Peak memory: 623.7904663085938 MB
Time index, remove data from structure: 0.0022421626266666667
Time for querying: 0.0
Time for new slide: 0.13395985162666665
Time for expired slide: 0.012109136693333333
------------------------------------
Number clusters = 0.0
Max Number points in event queue = 0.0
Avg number points in clusters= 0.0
Avg Rmc size = 0.0
Avg Length exps= 0.0
#window: 76
Total #outliers: 608
Average Time: 146.43267022368417 ms
Peak memory: 623.7904663085938 MB
Time index, remove data from structure: 0.0022340228684210525
Time for querying: 0.0
Time for new slide: 0.13438668310526317
Time for expired slide: 0.01204242247368421
------------------------------------
Number clusters = 0.0
Max Number points in event queue = 0.0
Avg number points in clusters= 0.0
Avg Rmc size = 0.0
Avg Length exps= 0.0
#window: 77
Total #outliers: 585
Average Time: 146.6497504415584 ms
Peak memory: 623.7904663085938 MB
Time index, remove data from structure: 0.002226113896103896
Time for querying: 0.0
Time for new slide: 0.1345657431038961
Time for expired slide: 0.012080447896103897
------------------------------------
Number clusters = 0.0
Max Number points in event queue = 0.0
Avg number points in clusters= 0.0
Avg Rmc size = 0.0
Avg Length exps= 0.0
#window: 78
Total #outliers: 593
Average Time: 146.6709110641025 ms
Peak memory: 623.7904663085938 MB
Time index, remove data from structure: 0.002216687294871795
Time for querying: 0.0
Time for new slide: 0.13465150823076924
Time for expired slide: 0.012015851512820513
------------------------------------
Number clusters = 0.0
Max Number points in event queue = 0.0
Avg number points in clusters= 0.0
Avg Rmc size = 0.0
Avg Length exps= 0.0
#window: 79
Total #outliers: 831
Average Time: 147.21568040506324 ms
Peak memory: 623.7904663085938 MB
Time index, remove data from structure: 0.002210411974683544
Time for querying: 0.0
Time for new slide: 0.13493798956962025
Time for expired slide: 0.012274144329113923
------------------------------------
Number clusters = 0.0
Max Number points in event queue = 0.0
Avg number points in clusters= 0.0
Avg Rmc size = 0.0
Avg Length exps= 0.0
#window: 80
Total #outliers: 1087
Average Time: 148.84576158749996 ms
Peak memory: 623.7904663085938 MB
Time index, remove data from structure: 0.0022619496375
Time for querying: 0.0
Time for new slide: 0.1359584559875
Time for expired slide: 0.012883769712500001
------------------------------------
Number clusters = 0.0
Max Number points in event queue = 0.0
Avg number points in clusters= 0.0
Avg Rmc size = 0.0
Avg Length exps= 0.0
#window: 81
Total #outliers: 845
Average Time: 149.16689341975305 ms
Peak memory: 634.6648635864258 MB
Time index, remove data from structure: 0.0022735948024691357
Time for querying: 0.0
Time for new slide: 0.13601900449382714
Time for expired slide: 0.013144364888888888
------------------------------------
Number clusters = 0.0
Max Number points in event queue = 0.0
Avg number points in clusters= 0.0
Avg Rmc size = 0.0
Avg Length exps= 0.0
#window: 82
Total #outliers: 575
Average Time: 149.05438268292679 ms
Peak memory: 634.6648635864258 MB
Time index, remove data from structure: 0.0022954146341463413
Time for querying: 0.0
Time for new slide: 0.13555694297560977
Time for expired slide: 0.013493920109756098
------------------------------------
Number clusters = 0.0
Max Number points in event queue = 0.0
Avg number points in clusters= 0.0
Avg Rmc size = 0.0
Avg Length exps= 0.0
#window: 83
Total #outliers: 643
Average Time: 148.99688087951805 ms
Peak memory: 673.9466781616211 MB
Time index, remove data from structure: 0.0023540759036144577
Time for querying: 0.0
Time for new slide: 0.13522918613253013
Time for expired slide: 0.013764183987951808
------------------------------------
Number clusters = 0.0
Max Number points in event queue = 0.0
Avg number points in clusters= 0.0
Avg Rmc size = 0.0
Avg Length exps= 0.0
#window: 84
Total #outliers: 474
Average Time: 148.97983746428568 ms
Peak memory: 693.5875778198242 MB
Time index, remove data from structure: 0.0023563605476190474
Time for querying: 0.0
Time for new slide: 0.135083377
Time for expired slide: 0.01389295311904762
------------------------------------
Number clusters = 0.0
Max Number points in event queue = 0.0
Avg number points in clusters= 0.0
Avg Rmc size = 0.0
Avg Length exps= 0.0
#window: 85
Total #outliers: 457
Average Time: 149.29875641176466 ms
Peak memory: 732.8694000244141 MB
Time index, remove data from structure: 0.002357493011764706
Time for querying: 0.0
Time for new slide: 0.13513628418823528
Time for expired slide: 0.014158969470588234
------------------------------------
Number clusters = 0.0
Max Number points in event queue = 0.0
Avg number points in clusters= 0.0
Avg Rmc size = 0.0
Avg Length exps= 0.0
#window: 86
Total #outliers: 449
Average Time: 149.42835522093017 ms
Peak memory: 752.5103149414062 MB
Time index, remove data from structure: 0.0023563933023255813
Time for querying: 0.0
Time for new slide: 0.13514967966279068
Time for expired slide: 0.0142751805
------------------------------------
Number clusters = 0.0
Max Number points in event queue = 0.0
Avg number points in clusters= 0.0
Avg Rmc size = 0.0
Avg Length exps= 0.0
#window: 87
Total #outliers: 413
Average Time: 149.18172913793094 ms
Peak memory: 772.1512145996094 MB
Time index, remove data from structure: 0.0023556893333333334
Time for querying: 0.0
Time for new slide: 0.13490751147126437
Time for expired slide: 0.014270729505747126
------------------------------------
Number clusters = 0.0
Max Number points in event queue = 0.0
Avg number points in clusters= 0.0
Avg Rmc size = 0.0
Avg Length exps= 0.0
#window: 88
Total #outliers: 477
Average Time: 149.1341263295454 ms
Peak memory: 791.7921142578125 MB
Time index, remove data from structure: 0.002363074818181818
Time for querying: 0.0
Time for new slide: 0.13480696048863636
Time for expired slide: 0.014323676488636363
------------------------------------
Number clusters = 0.0
Max Number points in event queue = 0.0
Avg number points in clusters= 0.0
Avg Rmc size = 0.0
Avg Length exps= 0.0
#window: 89
Total #outliers: 626
Average Time: 149.16563792134826 ms
Peak memory: 811.4330139160156 MB
Time index, remove data from structure: 0.0023602489213483146
Time for querying: 0.0
Time for new slide: 0.13485741338202248
Time for expired slide: 0.014304743101123596
------------------------------------
Number clusters = 0.0
Max Number points in event queue = 0.0
Avg number points in clusters= 0.0
Avg Rmc size = 0.0
Avg Length exps= 0.0
#window: 90
Total #outliers: 637
Average Time: 149.3093802444444 ms
Peak memory: 850.7148208618164 MB
Time index, remove data from structure: 0.0023638742555555556
Time for querying: 0.0
Time for new slide: 0.13498904314444446
Time for expired slide: 0.01431686411111111
------------------------------------
Number clusters = 0.0
Max Number points in event queue = 0.0
Avg number points in clusters= 0.0
Avg Rmc size = 0.0
Avg Length exps= 0.0
#window: 91
Total #outliers: 647
Average Time: 149.01311442857138 ms
Peak memory: 870.3557434082031 MB
Time index, remove data from structure: 0.002358785923076923
Time for querying: 0.0
Time for new slide: 0.13477215868131867
Time for expired slide: 0.014237495923076923
------------------------------------
Number clusters = 0.0
Max Number points in event queue = 0.0
Avg number points in clusters= 0.0
Avg Rmc size = 0.0
Avg Length exps= 0.0
#window: 92
Total #outliers: 727
Average Time: 149.6309741086956 ms
Peak memory: 889.9966583251953 MB
Time index, remove data from structure: 0.0023537405869565216
Time for querying: 0.0
Time for new slide: 0.13546562304347826
Time for expired slide: 0.014161897119565219
------------------------------------
Number clusters = 0.0
Max Number points in event queue = 0.0
Avg number points in clusters= 0.0
Avg Rmc size = 0.0
Avg Length exps= 0.0
#window: 93
Total #outliers: 756
Average Time: 149.47939202150533 ms
Peak memory: 909.6375579833984 MB
Time index, remove data from structure: 0.0023478897311827954
Time for querying: 0.0
Time for new slide: 0.13532663593548389
Time for expired slide: 0.014149311548387096
------------------------------------
Number clusters = 0.0
Max Number points in event queue = 0.0
Avg number points in clusters= 0.0
Avg Rmc size = 0.0
Avg Length exps= 0.0
#window: 94
Total #outliers: 596
Average Time: 149.1308256489361 ms
Peak memory: 909.6375579833984 MB
Time index, remove data from structure: 0.0023410574361702125
Time for querying: 0.0
Time for new slide: 0.13504975890425533
Time for expired slide: 0.014077624031914893
------------------------------------
Number clusters = 0.0
Max Number points in event queue = 0.0
Avg number points in clusters= 0.0
Avg Rmc size = 0.0
Avg Length exps= 0.0
#window: 95
Total #outliers: 496
Average Time: 149.00963290526312 ms
Peak memory: 948.9214782714844 MB
Time index, remove data from structure: 0.002334391905263158
Time for querying: 0.0
Time for new slide: 0.1348821689368421
Time for expired slide: 0.014124030231578948
------------------------------------
Number clusters = 0.0
Max Number points in event queue = 0.0
Avg number points in clusters= 0.0
Avg Rmc size = 0.0
Avg Length exps= 0.0
#window: 96
Total #outliers: 506
Average Time: 148.75774359374995 ms
Peak memory: 968.5623931884766 MB
Time index, remove data from structure: 0.0023271968854166668
Time for querying: 0.0
Time for new slide: 0.13471372460416667
Time for expired slide: 0.014040589583333332
------------------------------------
Number clusters = 0.0
Max Number points in event queue = 0.0
Avg number points in clusters= 0.0
Avg Rmc size = 0.0
Avg Length exps= 0.0
#window: 97
Total #outliers: 526
Average Time: 148.60463298969069 ms
Peak memory: 968.5623931884766 MB
Time index, remove data from structure: 0.002320739618556701
Time for querying: 0.0
Time for new slide: 0.1345957493814433
Time for expired slide: 0.014005460247422682
------------------------------------
Number clusters = 0.0
Max Number points in event queue = 0.0
Avg number points in clusters= 0.0
Avg Rmc size = 0.0
Avg Length exps= 0.0
#window: 98
Total #outliers: 630
Average Time: 148.40303561224485 ms
Peak memory: 1007.844612121582 MB
Time index, remove data from structure: 0.0023147241326530615
Time for querying: 0.0
Time for new slide: 0.13441490057142857
Time for expired slide: 0.013984720387755103
------------------------------------
Number clusters = 0.0
Max Number points in event queue = 0.0
Avg number points in clusters= 0.0
Avg Rmc size = 0.0
Avg Length exps= 0.0
#window: 99
Total #outliers: 712
Average Time: 148.27879753535348 ms
Peak memory: 1027.4855499267578 MB
Time index, remove data from structure: 0.002309184626262626
Time for querying: 0.0
Time for new slide: 0.13436087954545456
Time for expired slide: 0.013914513616161616
------------------------------------
Number clusters = 0.0
Max Number points in event queue = 0.0
Avg number points in clusters= 0.0
Avg Rmc size = 0.0
Avg Length exps= 0.0
#window: 100
Total #outliers: 754
Average Time: 148.11900822999996 ms
Peak memory: 1027.4855499267578 MB
Time index, remove data from structure: 0.00230283707
Time for querying: 0.0
Time for new slide: 0.13426720052
Time for expired slide: 0.01384841149
------------------------------------
Number clusters = 0.0
Max Number points in event queue = 0.0
Avg number points in clusters= 0.0
Avg Rmc size = 0.0
Avg Length exps= 0.0
#window: 101
Total #outliers: 742
Average Time: 148.28033728712867 ms
Peak memory: 1066.767349243164 MB
Time index, remove data from structure: 0.0022973980198019803
Time for querying: 0.0
Time for new slide: 0.13444422586138613
Time for expired slide: 0.013832720732673269
------------------------------------
Number clusters = 0.0
Max Number points in event queue = 0.0
Avg number points in clusters= 0.0
Avg Rmc size = 0.0
Avg Length exps= 0.0
#window: 102
Total #outliers: 803
Average Time: 148.43941636274505 ms
Peak memory: 1086.4082489013672 MB
Time index, remove data from structure: 0.0022926040098039217
Time for querying: 0.0
Time for new slide: 0.1346058448627451
Time for expired slide: 0.013830189
------------------------------------
Number clusters = 0.0
Max Number points in event queue = 0.0
Avg number points in clusters= 0.0
Avg Rmc size = 0.0
Avg Length exps= 0.0
#window: 103
Total #outliers: 773
Average Time: 148.430682776699 ms
Peak memory: 1086.4082489013672 MB
Time index, remove data from structure: 0.0022891296116504855
Time for querying: 0.0
Time for new slide: 0.1345955513592233
Time for expired slide: 0.013831757427184465
------------------------------------
Number clusters = 0.0
Max Number points in event queue = 0.0
Avg number points in clusters= 0.0
Avg Rmc size = 0.0
Avg Length exps= 0.0
#window: 104
Total #outliers: 794
Average Time: 148.37536099038456 ms
Peak memory: 1106.0491485595703 MB
Time index, remove data from structure: 0.0022842155865384615
Time for querying: 0.0
Time for new slide: 0.1345979649326923
Time for expired slide: 0.01377402689423077
------------------------------------
Number clusters = 0.0
Max Number points in event queue = 0.0
Avg number points in clusters= 0.0
Avg Rmc size = 0.0
Avg Length exps= 0.0
#window: 105
Total #outliers: 767
Average Time: 148.55444532380946 ms
Peak memory: 1125.6900482177734 MB
Time index, remove data from structure: 0.0022795206666666665
Time for querying: 0.0
Time for new slide: 0.1347256987904762
Time for expired slide: 0.01382538457142857
------------------------------------
Number clusters = 0.0
Max Number points in event queue = 0.0
Avg number points in clusters= 0.0
Avg Rmc size = 0.0
Avg Length exps= 0.0
#window: 106
Total #outliers: 786
Average Time: 148.6252222169811 ms
Peak memory: 1159.778221130371 MB
Time index, remove data from structure: 0.0022758279433962264
Time for querying: 0.0
Time for new slide: 0.13478214732075472
Time for expired slide: 0.013839721537735848
------------------------------------
Number clusters = 0.0
Max Number points in event queue = 0.0
Avg number points in clusters= 0.0
Avg Rmc size = 0.0
Avg Length exps= 0.0
#window: 107
Total #outliers: 812
Average Time: 148.43881048598126 ms
Peak memory: 1159.778221130371 MB
Time index, remove data from structure: 0.002273734738317757
Time for querying: 0.0
Time for new slide: 0.13454411477570094
Time for expired slide: 0.013891347028037382
------------------------------------
Number clusters = 0.0
Max Number points in event queue = 0.0
Avg number points in clusters= 0.0
Avg Rmc size = 0.0
Avg Length exps= 0.0
#window: 108
Total #outliers: 753
Average Time: 147.89180474999995 ms
Peak memory: 1159.778221130371 MB
Time index, remove data from structure: 0.00226929625
Time for querying: 0.0
Time for new slide: 0.13399715655555555
Time for expired slide: 0.013891304722222221
------------------------------------
Number clusters = 0.0
Max Number points in event queue = 0.0
Avg number points in clusters= 0.0
Avg Rmc size = 0.0
Avg Length exps= 0.0
#window: 109
Total #outliers: 796
Average Time: 147.6961713761467 ms
Peak memory: 1159.778221130371 MB
Time index, remove data from structure: 0.002264757779816514
Time for querying: 0.0
Time for new slide: 0.13386658058715598
Time for expired slide: 0.013826250238532109
------------------------------------
Number clusters = 0.0
Max Number points in event queue = 0.0
Avg number points in clusters= 0.0
Avg Rmc size = 0.0
Avg Length exps= 0.0
#window: 110
Total #outliers: 750
Average Time: 148.12572466363628 ms
Peak memory: 1159.778221130371 MB
Time index, remove data from structure: 0.0022620185636363635
Time for querying: 0.0
Time for new slide: 0.13424693972727272
Time for expired slide: 0.01387544940909091
------------------------------------
Number clusters = 0.0
Max Number points in event queue = 0.0
Avg number points in clusters= 0.0
Avg Rmc size = 0.0
Avg Length exps= 0.0
#window: 111
Total #outliers: 765
Average Time: 147.92241222522514 ms
Peak memory: 1159.778221130371 MB
Time index, remove data from structure: 0.002257737549549549
Time for querying: 0.0
Time for new slide: 0.13408978958558557
Time for expired slide: 0.013829297018018018
------------------------------------
Number clusters = 0.0
Max Number points in event queue = 0.0
Avg number points in clusters= 0.0
Avg Rmc size = 0.0
Avg Length exps= 0.0
#window: 112
Total #outliers: 730
Average Time: 147.81461876785707 ms
Peak memory: 1159.778221130371 MB
Time index, remove data from structure: 0.002257607419642857
Time for querying: 0.0
Time for new slide: 0.13400541492857143
Time for expired slide: 0.013805887348214285
------------------------------------
Number clusters = 0.0
Max Number points in event queue = 0.0
Avg number points in clusters= 0.0
Avg Rmc size = 0.0
Avg Length exps= 0.0
#window: 113
Total #outliers: 635
Average Time: 147.65665538053088 ms
Peak memory: 1159.778221130371 MB
Time index, remove data from structure: 0.0022604624070796464
Time for querying: 0.0
Time for new slide: 0.13383708461061947
Time for expired slide: 0.01381626289380531
------------------------------------
Number clusters = 0.0
Max Number points in event queue = 0.0
Avg number points in clusters= 0.0
Avg Rmc size = 0.0
Avg Length exps= 0.0
#window: 114
Total #outliers: 653
Average Time: 147.88467634210517 ms
Peak memory: 1159.778221130371 MB
Time index, remove data from structure: 0.0022605550175438596
Time for querying: 0.0
Time for new slide: 0.13390403993859648
Time for expired slide: 0.013977334964912281
------------------------------------
Number clusters = 0.0
Max Number points in event queue = 0.0
Avg number points in clusters= 0.0
Avg Rmc size = 0.0
Avg Length exps= 0.0
#window: 115
Total #outliers: 648
Average Time: 147.88571698260864 ms
Peak memory: 1159.778221130371 MB
Time index, remove data from structure: 0.0022594454869565217
Time for querying: 0.0
Time for new slide: 0.1338519777478261
Time for expired slide: 0.01403044204347826
------------------------------------
Number clusters = 0.0
Max Number points in event queue = 0.0
Avg number points in clusters= 0.0
Avg Rmc size = 0.0
Avg Length exps= 0.0
#window: 116
Total #outliers: 649
Average Time: 147.72389636206887 ms
Peak memory: 1159.778221130371 MB
Time index, remove data from structure: 0.0022597598879310343
Time for querying: 0.0
Time for new slide: 0.13362429096551726
Time for expired slide: 0.014096312017241378
------------------------------------
Number clusters = 0.0
Max Number points in event queue = 0.0
Avg number points in clusters= 0.0
Avg Rmc size = 0.0
Avg Length exps= 0.0
#window: 117
Total #outliers: 670
Average Time: 147.84259047008538 ms
Peak memory: 1159.778221130371 MB
Time index, remove data from structure: 0.002260054376068376
Time for querying: 0.0
Time for new slide: 0.13365521946153847
Time for expired slide: 0.014184083666666666
------------------------------------
Number clusters = 0.0
Max Number points in event queue = 0.0
Avg number points in clusters= 0.0
Avg Rmc size = 0.0
Avg Length exps= 0.0
#window: 118
Total #outliers: 725
Average Time: 148.00108957627108 ms
Peak memory: 1159.778221130371 MB
Time index, remove data from structure: 0.002258520152542373
Time for querying: 0.0
Time for new slide: 0.13387299508474576
Time for expired slide: 0.014124805110169492
------------------------------------
Number clusters = 0.0
Max Number points in event queue = 0.0
Avg number points in clusters= 0.0
Avg Rmc size = 0.0
Avg Length exps= 0.0
#window: 119
Total #outliers: 909
Average Time: 148.12081071428562 ms
Peak memory: 1159.778221130371 MB
Time index, remove data from structure: 0.0022568003781512605
Time for querying: 0.0
Time for new slide: 0.13400182758823528
Time for expired slide: 0.014115699109243698
------------------------------------
Number clusters = 0.0
Max Number points in event queue = 0.0
Avg number points in clusters= 0.0
Avg Rmc size = 0.0
Avg Length exps= 0.0
#window: 120
Total #outliers: 868
Average Time: 148.25228559166658 ms
Peak memory: 1159.778221130371 MB
Time index, remove data from structure: 0.002254408975
Time for querying: 0.0
Time for new slide: 0.134183183475
Time for expired slide: 0.014065823433333334
------------------------------------
Number clusters = 0.0
Max Number points in event queue = 0.0
Avg number points in clusters= 0.0
Avg Rmc size = 0.0
Avg Length exps= 0.0
#window: 121
Total #outliers: 954
Average Time: 148.37261666115694 ms
Peak memory: 1159.778221130371 MB
Time index, remove data from structure: 0.0022507144958677687
Time for querying: 0.0
Time for new slide: 0.13435673647107438
Time for expired slide: 0.014012606132231405
------------------------------------
Number clusters = 0.0
Max Number points in event queue = 0.0
Avg number points in clusters= 0.0
Avg Rmc size = 0.0
Avg Length exps= 0.0
#window: 122
Total #outliers: 830
Average Time: 148.53474557377038 ms
Peak memory: 1159.778221130371 MB
Time index, remove data from structure: 0.0022480939098360655
Time for querying: 0.0
Time for new slide: 0.13450326417213115
Time for expired slide: 0.014028210655737705
------------------------------------
Number clusters = 0.0
Max Number points in event queue = 0.0
Avg number points in clusters= 0.0
Avg Rmc size = 0.0
Avg Length exps= 0.0
#window: 123
Total #outliers: 814
Average Time: 148.72873237398366 ms
Peak memory: 1159.778221130371 MB
Time index, remove data from structure: 0.0022442717479674796
Time for querying: 0.0
Time for new slide: 0.13475129208130082
Time for expired slide: 0.013974174398373984
------------------------------------
Number clusters = 0.0
Max Number points in event queue = 0.0
Avg number points in clusters= 0.0
Avg Rmc size = 0.0
Avg Length exps= 0.0
#window: 124
Total #outliers: 808
Average Time: 149.06306437903217 ms
Peak memory: 1159.778221130371 MB
Time index, remove data from structure: 0.0022395389032258068
Time for querying: 0.0
Time for new slide: 0.13513945558870968
Time for expired slide: 0.013920346927419355
------------------------------------
Number clusters = 0.0
Max Number points in event queue = 0.0
Avg number points in clusters= 0.0
Avg Rmc size = 0.0
Avg Length exps= 0.0
#window: 125
Total #outliers: 828
Average Time: 149.44493726399992 ms
Peak memory: 1159.778221130371 MB
Time index, remove data from structure: 0.002235853648
Time for querying: 0.0
Time for new slide: 0.135520933584
Time for expired slide: 0.013920746208
------------------------------------
Number clusters = 0.0
Max Number points in event queue = 0.0
Avg number points in clusters= 0.0
Avg Rmc size = 0.0
Avg Length exps= 0.0
#window: 126
Total #outliers: 874
Average Time: 149.73468426190468 ms
Peak memory: 1159.778221130371 MB
Time index, remove data from structure: 0.002232090349206349
Time for querying: 0.0
Time for new slide: 0.13586326813492064
Time for expired slide: 0.013868161277777779
------------------------------------
Number clusters = 0.0
Max Number points in event queue = 0.0
Avg number points in clusters= 0.0
Avg Rmc size = 0.0
Avg Length exps= 0.0
#window: 127
Total #outliers: 907
Average Time: 150.06468181889753 ms
Peak memory: 1159.778221130371 MB
Time index, remove data from structure: 0.0022280102047244096
Time for querying: 0.0
Time for new slide: 0.13624201682677164
Time for expired slide: 0.013819413440944882
------------------------------------
Number clusters = 0.0
Max Number points in event queue = 0.0
Avg number points in clusters= 0.0
Avg Rmc size = 0.0
Avg Length exps= 0.0
#window: 128
Total #outliers: 906
Average Time: 150.3503926249999 ms
Peak memory: 1159.778221130371 MB
Time index, remove data from structure: 0.0022234998828125
Time for querying: 0.0
Time for new slide: 0.136575243015625
Time for expired slide: 0.013771896390625
------------------------------------
Number clusters = 0.0
Max Number points in event queue = 0.0
Avg number points in clusters= 0.0
Avg Rmc size = 0.0
Avg Length exps= 0.0
#window: 129
Total #outliers: 870
Average Time: 150.68026110852705 ms
Peak memory: 1159.778221130371 MB
Time index, remove data from structure: 0.0022201090465116275
Time for querying: 0.0
Time for new slide: 0.13694881380620152
Time for expired slide: 0.013728196069767442
------------------------------------
Number clusters = 0.0
Max Number points in event queue = 0.0
Avg number points in clusters= 0.0
Avg Rmc size = 0.0
Avg Length exps= 0.0
#window: 130
Total #outliers: 836
Average Time: 150.78697330769222 ms
Peak memory: 1159.778221130371 MB
Time index, remove data from structure: 0.0022171021153846154
Time for querying: 0.0
Time for new slide: 0.1370994334
Time for expired slide: 0.013684289161538462
------------------------------------
Number clusters = 0.0
Max Number points in event queue = 0.0
Avg number points in clusters= 0.0
Avg Rmc size = 0.0
Avg Length exps= 0.0
#window: 131
Total #outliers: 794
Average Time: 150.95596580152662 ms
Peak memory: 1159.778221130371 MB
Time index, remove data from structure: 0.0022148019236641224
Time for querying: 0.0
Time for new slide: 0.1373116955496183
Time for expired slide: 0.013641023938931298
------------------------------------
Number clusters = 0.0
Max Number points in event queue = 0.0
Avg number points in clusters= 0.0
Avg Rmc size = 0.0
Avg Length exps= 0.0
#window: 132
Total #outliers: 776
Average Time: 151.01339318939387 ms
Peak memory: 1159.778221130371 MB
Time index, remove data from structure: 0.0022111650303030307
Time for querying: 0.0
Time for new slide: 0.13741557553030304
Time for expired slide: 0.013594574795454544
------------------------------------
Number clusters = 0.0
Max Number points in event queue = 0.0
Avg number points in clusters= 0.0
Avg Rmc size = 0.0
Avg Length exps= 0.0
#window: 133
Total #outliers: 813
Average Time: 151.0968124436089 ms
Peak memory: 1159.778221130371 MB
Time index, remove data from structure: 0.0022090652857142856
Time for querying: 0.0
Time for new slide: 0.13748012858646616
Time for expired slide: 0.013613442804511277
------------------------------------
Number clusters = 0.0
Max Number points in event queue = 0.0
Avg number points in clusters= 0.0
Avg Rmc size = 0.0
Avg Length exps= 0.0
#window: 134
Total #outliers: 823
Average Time: 151.09721426119393 ms
Peak memory: 1159.778221130371 MB
Time index, remove data from structure: 0.002205635343283582
Time for querying: 0.0
Time for new slide: 0.1375254048955224
Time for expired slide: 0.013568569223880597
------------------------------------
Number clusters = 0.0
Max Number points in event queue = 0.0
Avg number points in clusters= 0.0
Avg Rmc size = 0.0
Avg Length exps= 0.0
#window: 135
Total #outliers: 848
Average Time: 151.00237544444434 ms
Peak memory: 1159.778221130371 MB
Time index, remove data from structure: 0.0022012389703703703
Time for querying: 0.0
Time for new slide: 0.13747522712592591
Time for expired slide: 0.01352391
------------------------------------
Number clusters = 0.0
Max Number points in event queue = 0.0
Avg number points in clusters= 0.0
Avg Rmc size = 0.0
Avg Length exps= 0.0
#window: 136
Total #outliers: 856
Average Time: 150.88377697058814 ms
Peak memory: 1159.778221130371 MB
Time index, remove data from structure: 0.0021969915588235293
Time for querying: 0.0
Time for new slide: 0.13739967961764707
Time for expired slide: 0.013480865426470588
------------------------------------
Number clusters = 0.0
Max Number points in event queue = 0.0
Avg number points in clusters= 0.0
Avg Rmc size = 0.0
Avg Length exps= 0.0
#window: 137
Total #outliers: 1142
Average Time: 150.7726231751824 ms
Peak memory: 1159.778221130371 MB
Time index, remove data from structure: 0.002192921087591241
Time for querying: 0.0
Time for new slide: 0.13733088573722627
Time for expired slide: 0.013438506627737226
------------------------------------
Number clusters = 0.0
Max Number points in event queue = 0.0
Avg number points in clusters= 0.0
Avg Rmc size = 0.0
Avg Length exps= 0.0
#window: 138
Total #outliers: 1260
Average Time: 150.87043384057964 ms
Peak memory: 1159.778221130371 MB
Time index, remove data from structure: 0.002189048992753623
Time for querying: 0.0
Time for new slide: 0.13745525735507247
Time for expired slide: 0.01341194947826087
------------------------------------
Number clusters = 0.0
Max Number points in event queue = 0.0
Avg number points in clusters= 0.0
Avg Rmc size = 0.0
Avg Length exps= 0.0
#window: 139
Total #outliers: 1390
Average Time: 151.24938187769777 ms
Peak memory: 1159.778221130371 MB
Time index, remove data from structure: 0.0021856727985611513
Time for querying: 0.0
Time for new slide: 0.13785270400719424
Time for expired slide: 0.013393455136690647
------------------------------------
Number clusters = 0.0
Max Number points in event queue = 0.0
Avg number points in clusters= 0.0
Avg Rmc size = 0.0
Avg Length exps= 0.0
#window: 140
Total #outliers: 1495
Average Time: 151.51698295714277 ms
Peak memory: 1159.778221130371 MB
Time index, remove data from structure: 0.0021822057785714287
Time for querying: 0.0
Time for new slide: 0.13811068940714286
Time for expired slide: 0.013403072514285713
------------------------------------
Number clusters = 0.0
Max Number points in event queue = 0.0
Avg number points in clusters= 0.0
Avg Rmc size = 0.0
Avg Length exps= 0.0
#window: 141
Total #outliers: 1201
Average Time: 151.82852557446802 ms
Peak memory: 1159.778221130371 MB
Time index, remove data from structure: 0.002178253758865248
Time for querying: 0.0
Time for new slide: 0.1384094974255319
Time for expired slide: 0.013415806120567376
------------------------------------
Number clusters = 0.0
Max Number points in event queue = 0.0
Avg number points in clusters= 0.0
Avg Rmc size = 0.0
Avg Length exps= 0.0
#window: 142
Total #outliers: 1135
Average Time: 152.00598412676047 ms
Peak memory: 1159.778221130371 MB
Time index, remove data from structure: 0.002175273661971831
Time for querying: 0.0
Time for new slide: 0.1386023720422535
Time for expired slide: 0.013400392732394366
------------------------------------
Number clusters = 0.0
Max Number points in event queue = 0.0
Avg number points in clusters= 0.0
Avg Rmc size = 0.0
Avg Length exps= 0.0
#window: 143
Total #outliers: 1022
Average Time: 152.26109723776216 ms
Peak memory: 1159.778221130371 MB
Time index, remove data from structure: 0.002171752202797203
Time for querying: 0.0
Time for new slide: 0.1388826186013986
Time for expired slide: 0.013375260657342658
------------------------------------
Number clusters = 0.0
Max Number points in event queue = 0.0
Avg number points in clusters= 0.0
Avg Rmc size = 0.0
Avg Length exps= 0.0
#window: 144
Total #outliers: 1013
Average Time: 152.19064211111106 ms
Peak memory: 1159.778221130371 MB
Time index, remove data from structure: 0.0021679877083333335
Time for querying: 0.0
Time for new slide: 0.13884523118055556
Time for expired slide: 0.013342196222222222
------------------------------------
Number clusters = 0.0
Max Number points in event queue = 0.0
Avg number points in clusters= 0.0
Avg Rmc size = 0.0
Avg Length exps= 0.0
#window: 145
Total #outliers: 993
Average Time: 152.16920478620685 ms
Peak memory: 1159.778221130371 MB
Time index, remove data from structure: 0.0021646180344827588
Time for querying: 0.0
Time for new slide: 0.13885487150344827
Time for expired slide: 0.013311027903448276
------------------------------------
Number clusters = 0.0
Max Number points in event queue = 0.0
Avg number points in clusters= 0.0
Avg Rmc size = 0.0
Avg Length exps= 0.0
#window: 146
Total #outliers: 989
Average Time: 152.20275795890407 ms
Peak memory: 1159.778221130371 MB
Time index, remove data from structure: 0.002161724109589041
Time for querying: 0.0
Time for new slide: 0.1389198646780822
Time for expired slide: 0.0132795901369863
------------------------------------
Number clusters = 0.0
Max Number points in event queue = 0.0
Avg number points in clusters= 0.0
Avg Rmc size = 0.0
Avg Length exps= 0.0
#window: 147
Total #outliers: 1071
Average Time: 152.52351056462578 ms
Peak memory: 1159.778221130371 MB
Time index, remove data from structure: 0.00216245968707483
Time for querying: 0.0
Time for new slide: 0.13908344766666667
Time for expired slide: 0.013436763965986394
------------------------------------
Number clusters = 0.0
Max Number points in event queue = 0.0
Avg number points in clusters= 0.0
Avg Rmc size = 0.0
Avg Length exps= 0.0
#window: 148
Total #outliers: 1079
Average Time: 152.753123581081 ms
Peak memory: 1159.778221130371 MB
Time index, remove data from structure: 0.0021625699594594594
Time for querying: 0.0
Time for new slide: 0.13933482206081083
Time for expired slide: 0.013415004885135135
------------------------------------
Number clusters = 0.0
Max Number points in event queue = 0.0
Avg number points in clusters= 0.0
Avg Rmc size = 0.0
Avg Length exps= 0.0
#window: 149
Total #outliers: 1054
Average Time: 153.16379661073816 ms
Peak memory: 1159.778221130371 MB
Time index, remove data from structure: 0.0021652037248322147
Time for querying: 0.0
Time for new slide: 0.13968513677852348
Time for expired slide: 0.013475365288590604
------------------------------------
Number clusters = 0.0
Max Number points in event queue = 0.0
Avg number points in clusters= 0.0
Avg Rmc size = 0.0
Avg Length exps= 0.0
#window: 150
Total #outliers: 1016
Average Time: 153.62717150666657 ms
Peak memory: 1159.778221130371 MB
Time index, remove data from structure: 0.00216605084
Time for querying: 0.0
Time for new slide: 0.14009328397333334
Time for expired slide: 0.013530594026666665
------------------------------------
Number clusters = 0.0
Max Number points in event queue = 0.0
Avg number points in clusters= 0.0
Avg Rmc size = 0.0
Avg Length exps= 0.0
#window: 151
Total #outliers: 1014
Average Time: 153.8743039072847 ms
Peak memory: 1159.778221130371 MB
Time index, remove data from structure: 0.002168204437086093
Time for querying: 0.0
Time for new slide: 0.1403621816821192
Time for expired slide: 0.013508831622516555
------------------------------------
Number clusters = 0.0
Max Number points in event queue = 0.0
Avg number points in clusters= 0.0
Avg Rmc size = 0.0
Avg Length exps= 0.0
#window: 152
Total #outliers: 1032
Average Time: 154.2750119407894 ms
Peak memory: 1159.778221130371 MB
Time index, remove data from structure: 0.0021686033881578946
Time for querying: 0.0
Time for new slide: 0.1407112561513158
Time for expired slide: 0.013560468506578946
------------------------------------
Number clusters = 0.0
Max Number points in event queue = 0.0
Avg number points in clusters= 0.0
Avg Rmc size = 0.0
Avg Length exps= 0.0
#window: 153
Total #outliers: 1072
Average Time: 154.6918934183006 ms
Peak memory: 1159.778221130371 MB
Time index, remove data from structure: 0.0021686564444444445
Time for querying: 0.0
Time for new slide: 0.1411505489869281
Time for expired slide: 0.013538060150326797
------------------------------------
Number clusters = 0.0
Max Number points in event queue = 0.0
Avg number points in clusters= 0.0
Avg Rmc size = 0.0
Avg Length exps= 0.0
#window: 154
Total #outliers: 1099
Average Time: 154.971786551948 ms
Peak memory: 1159.778221130371 MB
Time index, remove data from structure: 0.0021660627012987013
Time for querying: 0.0
Time for new slide: 0.14145232703896105
Time for expired slide: 0.013516177948051947
------------------------------------
Number clusters = 0.0
Max Number points in event queue = 0.0
Avg number points in clusters= 0.0
Avg Rmc size = 0.0
Avg Length exps= 0.0
#window: 155
Total #outliers: 1110
Average Time: 155.2019655870967 ms
Peak memory: 1159.778221130371 MB
Time index, remove data from structure: 0.0021635821741935483
Time for querying: 0.0
Time for new slide: 0.14170281575483873
Time for expired slide: 0.013495868251612902
------------------------------------
Number clusters = 0.0
Max Number points in event queue = 0.0
Avg number points in clusters= 0.0
Avg Rmc size = 0.0
Avg Length exps= 0.0
#window: 156
Total #outliers: 1126
Average Time: 155.33923044871787 ms
Peak memory: 1159.778221130371 MB
Time index, remove data from structure: 0.0021607258653846156
Time for querying: 0.0
Time for new slide: 0.1418589096602564
Time for expired slide: 0.013477041499999998
------------------------------------
Number clusters = 0.0
Max Number points in event queue = 0.0
Avg number points in clusters= 0.0
Avg Rmc size = 0.0
Avg Length exps= 0.0
#window: 157
Total #outliers: 1157
Average Time: 155.1593893503184 ms
Peak memory: 1159.778221130371 MB
Time index, remove data from structure: 0.002158850127388535
Time for querying: 0.0
Time for new slide: 0.1417021169044586
Time for expired slide: 0.0134539970955414
------------------------------------
Number clusters = 0.0
Max Number points in event queue = 0.0
Avg number points in clusters= 0.0
Avg Rmc size = 0.0
Avg Length exps= 0.0
#window: 158
Total #outliers: 1085
Average Time: 155.66503287974675 ms
Peak memory: 1159.778221130371 MB
Time index, remove data from structure: 0.002157258253164557
Time for querying: 0.0
Time for new slide: 0.14210294605063292
Time for expired slide: 0.01355881525949367
------------------------------------
Number clusters = 0.0
Max Number points in event queue = 0.0
Avg number points in clusters= 0.0
Avg Rmc size = 0.0
Avg Length exps= 0.0
#window: 159
Total #outliers: 997
Average Time: 155.86467142138358 ms
Peak memory: 1159.778221130371 MB
Time index, remove data from structure: 0.0021542572955974846
Time for querying: 0.0
Time for new slide: 0.1423311724591195
Time for expired slide: 0.013530230867924528
------------------------------------
Number clusters = 0.0
Max Number points in event queue = 0.0
Avg number points in clusters= 0.0
Avg Rmc size = 0.0
Avg Length exps= 0.0
#window: 160
Total #outliers: 961
Average Time: 155.97904103749994 ms
Peak memory: 1159.778221130371 MB
Time index, remove data from structure: 0.00215296856875
Time for querying: 0.0
Time for new slide: 0.14235939555
Time for expired slide: 0.013616381687500002
------------------------------------
Number clusters = 0.0
Max Number points in event queue = 0.0
Avg number points in clusters= 0.0
Avg Rmc size = 0.0
Avg Length exps= 0.0
#window: 161
Total #outliers: 912
Average Time: 156.15515367080738 ms
Peak memory: 1159.778221130371 MB
Time index, remove data from structure: 0.0021539171118012423
Time for querying: 0.0
Time for new slide: 0.14237337101863354
Time for expired slide: 0.013778519254658386
------------------------------------
Number clusters = 0.0
Max Number points in event queue = 0.0
Avg number points in clusters= 0.0
Avg Rmc size = 0.0
Avg Length exps= 0.0
#window: 162
Total #outliers: 893
Average Time: 156.29221754938263 ms
Peak memory: 1159.778221130371 MB
Time index, remove data from structure: 0.002153148450617284
Time for querying: 0.0
Time for new slide: 0.14244105280246913
Time for expired slide: 0.013847902172839507
------------------------------------
Number clusters = 0.0
Max Number points in event queue = 0.0
Avg number points in clusters= 0.0
Avg Rmc size = 0.0
Avg Length exps= 0.0
#window: 163
Total #outliers: 820
Average Time: 156.66066668098154 ms
Peak memory: 1159.778221130371 MB
Time index, remove data from structure: 0.002158975435582822
Time for querying: 0.0
Time for new slide: 0.1425869447852761
Time for expired slide: 0.014070461441717792
------------------------------------
Number clusters = 0.0
Max Number points in event queue = 0.0
Avg number points in clusters= 0.0
Avg Rmc size = 0.0
Avg Length exps= 0.0
#window: 164
Total #outliers: 960
Average Time: 156.75538780487796 ms
Peak memory: 1159.778221130371 MB
Time index, remove data from structure: 0.0021595155
Time for querying: 0.0
Time for new slide: 0.1426747160487805
Time for expired slide: 0.014077415963414636
------------------------------------
Number clusters = 0.0
Max Number points in event queue = 0.0
Avg number points in clusters= 0.0
Avg Rmc size = 0.0
Avg Length exps= 0.0
#window: 165
Total #outliers: 914
Average Time: 157.35307607878778 ms
Peak memory: 1159.778221130371 MB
Time index, remove data from structure: 0.0021620011212121213
Time for querying: 0.0
Time for new slide: 0.1430538789090909
Time for expired slide: 0.014295943793939394
------------------------------------
Number clusters = 0.0
Max Number points in event queue = 0.0
Avg number points in clusters= 0.0
Avg Rmc size = 0.0
Avg Length exps= 0.0
#window: 166
Total #outliers: 872
Average Time: 157.72264659036136 ms
Peak memory: 1159.778221130371 MB
Time index, remove data from structure: 0.0021643778493975903
Time for querying: 0.0
Time for new slide: 0.14339929075903615
Time for expired slide: 0.014320104271084337
------------------------------------
Number clusters = 0.0
Max Number points in event queue = 0.0
Avg number points in clusters= 0.0
Avg Rmc size = 0.0
Avg Length exps= 0.0
#window: 167
Total #outliers: 733
Average Time: 157.78213016167655 ms
Peak memory: 1159.778221130371 MB
Time index, remove data from structure: 0.0021627518023952094
Time for querying: 0.0
Time for new slide: 0.14349605815568864
Time for expired slide: 0.01428282205988024
------------------------------------
Number clusters = 0.0
Max Number points in event queue = 0.0
Avg number points in clusters= 0.0
Avg Rmc size = 0.0
Avg Length exps= 0.0
#window: 168
Total #outliers: 763
Average Time: 157.60493967261897 ms
Peak memory: 1159.778221130371 MB
Time index, remove data from structure: 0.002160712529761905
Time for querying: 0.0
Time for new slide: 0.1433589515
Time for expired slide: 0.014242740892857143
------------------------------------
Number clusters = 0.0
Max Number points in event queue = 0.0
Avg number points in clusters= 0.0
Avg Rmc size = 0.0
Avg Length exps= 0.0
#window: 169
Total #outliers: 764
Average Time: 157.5152725739644 ms
Peak memory: 1159.778221130371 MB
Time index, remove data from structure: 0.0021592933846153847
Time for querying: 0.0
Time for new slide: 0.1432752706035503
Time for expired slide: 0.014236759775147928
------------------------------------
Number clusters = 0.0
Max Number points in event queue = 0.0
Avg number points in clusters= 0.0
Avg Rmc size = 0.0
Avg Length exps= 0.0
#window: 170
Total #outliers: 829
Average Time: 157.4031640882352 ms
Peak memory: 1159.778221130371 MB
Time index, remove data from structure: 0.0021592198764705884
Time for querying: 0.0
Time for new slide: 0.14316121664705883
Time for expired slide: 0.01423870767647059
------------------------------------
Number clusters = 0.0
Max Number points in event queue = 0.0
Avg number points in clusters= 0.0
Avg Rmc size = 0.0
Avg Length exps= 0.0
#window: 171
Total #outliers: 860
Average Time: 157.3855810409356 ms
Peak memory: 1159.778221130371 MB
Time index, remove data from structure: 0.0021595800350877195
Time for querying: 0.0
Time for new slide: 0.14317192600584797
Time for expired slide: 0.014210415906432747
------------------------------------
Number clusters = 0.0
Max Number points in event queue = 0.0
Avg number points in clusters= 0.0
Avg Rmc size = 0.0
Avg Length exps= 0.0
#window: 172
Total #outliers: 857
Average Time: 157.45620437209294 ms
Peak memory: 1159.778221130371 MB
Time index, remove data from structure: 0.0021572134127906977
Time for querying: 0.0
Time for new slide: 0.14327602829651162
Time for expired slide: 0.01417693931395349
------------------------------------
Number clusters = 0.0
Max Number points in event queue = 0.0
Avg number points in clusters= 0.0
Avg Rmc size = 0.0
Avg Length exps= 0.0
#window: 173
Total #outliers: 1055
Average Time: 157.47276930057794 ms
Peak memory: 1159.778221130371 MB
Time index, remove data from structure: 0.002155492901734104
Time for querying: 0.0
Time for new slide: 0.14332355199421967
Time for expired slide: 0.014145981150289018
------------------------------------
Number clusters = 0.0
Max Number points in event queue = 0.0
Avg number points in clusters= 0.0
Avg Rmc size = 0.0
Avg Length exps= 0.0
#window: 174
Total #outliers: 1095
Average Time: 157.38083498275853 ms
Peak memory: 1159.778221130371 MB
Time index, remove data from structure: 0.0021532030057471265
Time for querying: 0.0
Time for new slide: 0.14325911660919538
Time for expired slide: 0.014118482206896552
------------------------------------
Number clusters = 0.0
Max Number points in event queue = 0.0
Avg number points in clusters= 0.0
Avg Rmc size = 0.0
Avg Length exps= 0.0
#window: 175
Total #outliers: 1222
Average Time: 157.4977054857142 ms
Peak memory: 1159.778221130371 MB
Time index, remove data from structure: 0.002150763948571429
Time for querying: 0.0
Time for new slide: 0.1432801574057143
Time for expired slide: 0.01421431345142857
------------------------------------
Number clusters = 0.0
Max Number points in event queue = 0.0
Avg number points in clusters= 0.0
Avg Rmc size = 0.0
Avg Length exps= 0.0
#window: 176
Total #outliers: 1162
Average Time: 157.7660339318181 ms
Peak memory: 1159.778221130371 MB
Time index, remove data from structure: 0.0021490931363636365
Time for querying: 0.0
Time for new slide: 0.1435615830852273
Time for expired slide: 0.014201216079545454
------------------------------------
Number clusters = 0.0
Max Number points in event queue = 0.0
Avg number points in clusters= 0.0
Avg Rmc size = 0.0
Avg Length exps= 0.0
#window: 177
Total #outliers: 1102
Average Time: 158.0385197005649 ms
Peak memory: 1159.778221130371 MB
Time index, remove data from structure: 0.0021463242824858756
Time for querying: 0.0
Time for new slide: 0.14385301263841807
Time for expired slide: 0.01418227306779661
------------------------------------
Number clusters = 0.0
Max Number points in event queue = 0.0
Avg number points in clusters= 0.0
Avg Rmc size = 0.0
Avg Length exps= 0.0
#window: 178
Total #outliers: 1053
Average Time: 158.1203332808988 ms
Peak memory: 1159.778221130371 MB
Time index, remove data from structure: 0.0021436201011235953
Time for querying: 0.0
Time for new slide: 0.14395955677528088
Time for expired slide: 0.014157542247191011
------------------------------------
Number clusters = 0.0
Max Number points in event queue = 0.0
Avg number points in clusters= 0.0
Avg Rmc size = 0.0
Avg Length exps= 0.0
#window: 179
Total #outliers: 1018
Average Time: 158.1857610558658 ms
Peak memory: 1159.778221130371 MB
Time index, remove data from structure: 0.002142755653631285
Time for querying: 0.0
Time for new slide: 0.14404934890502794
Time for expired slide: 0.014133179837988829
------------------------------------
Number clusters = 0.0
Max Number points in event queue = 0.0
Avg number points in clusters= 0.0
Avg Rmc size = 0.0
Avg Length exps= 0.0
#window: 180
Total #outliers: 996
Average Time: 158.3593391388888 ms
Peak memory: 1159.778221130371 MB
Time index, remove data from structure: 0.002141092427777778
Time for querying: 0.0
Time for new slide: 0.14424950122777777
Time for expired slide: 0.0141066092
------------------------------------
Number clusters = 0.0
Max Number points in event queue = 0.0
Avg number points in clusters= 0.0
Avg Rmc size = 0.0
Avg Length exps= 0.0
#window: 181
Total #outliers: 1087
Average Time: 158.64685026519328 ms
Peak memory: 1159.778221130371 MB
Time index, remove data from structure: 0.0021401846961325967
Time for querying: 0.0
Time for new slide: 0.144562790198895
Time for expired slide: 0.014080830243093924
------------------------------------
Number clusters = 0.0
Max Number points in event queue = 0.0
Avg number points in clusters= 0.0
Avg Rmc size = 0.0
Avg Length exps= 0.0
#window: 182
Total #outliers: 1180
Average Time: 158.9193268791208 ms
Peak memory: 1159.778221130371 MB
Time index, remove data from structure: 0.0021385391153846156
Time for querying: 0.0
Time for new slide: 0.14485687160439562
Time for expired slide: 0.014059228357142859
------------------------------------
Number clusters = 0.0
Max Number points in event queue = 0.0
Avg number points in clusters= 0.0
Avg Rmc size = 0.0
Avg Length exps= 0.0
#window: 183
Total #outliers: 1168
Average Time: 159.2732771803278 ms
Peak memory: 1159.778221130371 MB
Time index, remove data from structure: 0.002136905092896175
Time for querying: 0.0
Time for new slide: 0.14516546447540984
Time for expired slide: 0.014104586786885245
------------------------------------
Number clusters = 0.0
Max Number points in event queue = 0.0
Avg number points in clusters= 0.0
Avg Rmc size = 0.0
Avg Length exps= 0.0
#window: 184
Total #outliers: 1254
Average Time: 159.4913575434782 ms
Peak memory: 1159.778221130371 MB
Time index, remove data from structure: 0.002136468407608696
Time for querying: 0.0
Time for new slide: 0.14533897808695653
Time for expired slide: 0.01414915614673913
------------------------------------
Number clusters = 0.0
Max Number points in event queue = 0.0
Avg number points in clusters= 0.0
Avg Rmc size = 0.0
Avg Length exps= 0.0
#window: 185
Total #outliers: 1315
Average Time: 159.73412035135127 ms
Peak memory: 1159.778221130371 MB
Time index, remove data from structure: 0.0021381963675675677
Time for querying: 0.0
Time for new slide: 0.14547751731351352
Time for expired slide: 0.014253384394594594
------------------------------------
Number clusters = 0.0
Max Number points in event queue = 0.0
Avg number points in clusters= 0.0
Avg Rmc size = 0.0
Avg Length exps= 0.0
#window: 186
Total #outliers: 1411
Average Time: 160.14798304301064 ms
Peak memory: 1159.778221130371 MB
Time index, remove data from structure: 0.0021416034784946234
Time for querying: 0.0
Time for new slide: 0.14589639291935483
Time for expired slide: 0.014248377516129031
------------------------------------
Number clusters = 0.0
Max Number points in event queue = 0.0
Avg number points in clusters= 0.0
Avg Rmc size = 0.0
Avg Length exps= 0.0
#window: 187
Total #outliers: 1300
Average Time: 160.93622006417104 ms
Peak memory: 1159.778221130371 MB
Time index, remove data from structure: 0.002144535128342246
Time for querying: 0.0
Time for new slide: 0.14652700656684492
Time for expired slide: 0.014406003165775401
------------------------------------
Number clusters = 0.0
Max Number points in event queue = 0.0
Avg number points in clusters= 0.0
Avg Rmc size = 0.0
Avg Length exps= 0.0
#window: 188
Total #outliers: 1331
Average Time: 161.48129035106373 ms
Peak memory: 1159.778221130371 MB
Time index, remove data from structure: 0.002143788654255319
Time for querying: 0.0
Time for new slide: 0.14707671810106382
Time for expired slide: 0.014401363670212766
------------------------------------
Number clusters = 0.0
Max Number points in event queue = 0.0
Avg number points in clusters= 0.0
Avg Rmc size = 0.0
Avg Length exps= 0.0
#window: 189
Total #outliers: 1415
Average Time: 162.23433017989407 ms
Peak memory: 1159.778221130371 MB
Time index, remove data from structure: 0.0021424180793650793
Time for querying: 0.0
Time for new slide: 0.14767277986243385
Time for expired slide: 0.014558345603174603
------------------------------------
Number clusters = 0.0
Max Number points in event queue = 0.0
Avg number points in clusters= 0.0
Avg Rmc size = 0.0
Avg Length exps= 0.0
#window: 190
Total #outliers: 1480
Average Time: 163.05755432631568 ms
Peak memory: 1159.778221130371 MB
Time index, remove data from structure: 0.0021430691105263156
Time for querying: 0.0
Time for new slide: 0.1483929309368421
Time for expired slide: 0.014661421989473684
------------------------------------
Number clusters = 0.0
Max Number points in event queue = 0.0
Avg number points in clusters= 0.0
Avg Rmc size = 0.0
Avg Length exps= 0.0
Peak memory: 1159.778221130371 MB
Average CPU time: 163.05755432631568 ms
