#window: 1
Total #outliers: 391
Average Time: 0.0 ms
Peak memory: 286.90218353271484 MB
Time index, remove data from structure: 0.0
Time for querying: 0.0
Time for new slide: 0.0
Time for expired slide: 0.0
------------------------------------
Number clusters = 0.0
Max Number points in event queue = 0.0
Avg number points in clusters= 0.0
Avg Rmc size = 0.0
Avg Length exps= 0.0
#window: 2
Total #outliers: 383
Average Time: 40.152559999999994 ms
Peak memory: 286.90218353271484 MB
Time index, remove data from structure: 0.00142768
Time for querying: 0.0
Time for new slide: 0.035749381
Time for expired slide: 0.00440091
------------------------------------
Number clusters = 0.0
Max Number points in event queue = 0.0
Avg number points in clusters= 0.0
Avg Rmc size = 0.0
Avg Length exps= 0.0
#window: 3
Total #outliers: 359
Average Time: 47.06827499999999 ms
Peak memory: 286.90218353271484 MB
Time index, remove data from structure: 0.0015801373333333335
Time for querying: 0.0
Time for new slide: 0.042029072
Time for expired slide: 0.005036584333333333
------------------------------------
Number clusters = 0.0
Max Number points in event queue = 0.0
Avg number points in clusters= 0.0
Avg Rmc size = 0.0
Avg Length exps= 0.0
#window: 4
Total #outliers: 339
Average Time: 53.637959 ms
Peak memory: 286.90218353271484 MB
Time index, remove data from structure: 0.001699665
Time for querying: 0.0
Time for new slide: 0.04826582125
Time for expired slide: 0.00536933575
------------------------------------
Number clusters = 0.0
Max Number points in event queue = 0.0
Avg number points in clusters= 0.0
Avg Rmc size = 0.0
Avg Length exps= 0.0
#window: 5
Total #outliers: 330
Average Time: 60.9036922 ms
Peak memory: 286.90218353271484 MB
Time index, remove data from structure: 0.0017668366000000001
Time for querying: 0.0
Time for new slide: 0.05536441439999999
Time for expired slide: 0.0055363624
------------------------------------
Number clusters = 0.0
Max Number points in event queue = 0.0
Avg number points in clusters= 0.0
Avg Rmc size = 0.0
Avg Length exps= 0.0
#window: 6
Total #outliers: 345
Average Time: 68.48219883333334 ms
Peak memory: 286.90218353271484 MB
Time index, remove data from structure: 0.0019796936666666666
Time for querying: 0.0
Time for new slide: 0.06104802533333333
Time for expired slide: 0.0074311255
------------------------------------
Number clusters = 0.0
Max Number points in event queue = 0.0
Avg number points in clusters= 0.0
Avg Rmc size = 0.0
Avg Length exps= 0.0
#window: 7
Total #outliers: 332
Average Time: 72.33182242857143 ms
Peak memory: 286.90218353271484 MB
Time index, remove data from structure: 0.002015777142857143
Time for querying: 0.0
Time for new slide: 0.06481214885714286
Time for expired slide: 0.0075166058571428575
------------------------------------
Number clusters = 0.0
Max Number points in event queue = 0.0
Avg number points in clusters= 0.0
Avg Rmc size = 0.0
Avg Length exps= 0.0
#window: 8
Total #outliers: 332
Average Time: 75.3173215 ms
Peak memory: 286.90218353271484 MB
Time index, remove data from structure: 0.00203377875
Time for querying: 0.0
Time for new slide: 0.06792985425
Time for expired slide: 0.0073843615
------------------------------------
Number clusters = 0.0
Max Number points in event queue = 0.0
Avg number points in clusters= 0.0
Avg Rmc size = 0.0
Avg Length exps= 0.0
#window: 9
Total #outliers: 320
Average Time: 76.89178055555557 ms
Peak memory: 286.90218353271484 MB
Time index, remove data from structure: 0.002049352333333333
Time for querying: 0.0
Time for new slide: 0.06963141566666667
Time for expired slide: 0.007257249444444443
------------------------------------
Number clusters = 0.0
Max Number points in event queue = 0.0
Avg number points in clusters= 0.0
Avg Rmc size = 0.0
Avg Length exps= 0.0
#window: 10
Total #outliers: 331
Average Time: 76.8106412 ms
Peak memory: 286.90218353271484 MB
Time index, remove data from structure: 0.0020487190999999997
Time for querying: 0.0
Time for new slide: 0.0696789267
Time for expired slide: 0.007128594300000001
------------------------------------
Number clusters = 0.0
Max Number points in event queue = 0.0
Avg number points in clusters= 0.0
Avg Rmc size = 0.0
Avg Length exps= 0.0
#window: 11
Total #outliers: 317
Average Time: 78.0368570909091 ms
Peak memory: 286.90218353271484 MB
Time index, remove data from structure: 0.002044118
Time for querying: 0.0
Time for new slide: 0.07101122563636364
Time for expired slide: 0.007022440454545454
------------------------------------
Number clusters = 0.0
Max Number points in event queue = 0.0
Avg number points in clusters= 0.0
Avg Rmc size = 0.0
Avg Length exps= 0.0
#window: 12
Total #outliers: 340
Average Time: 79.98406091666666 ms
Peak memory: 300.338623046875 MB
Time index, remove data from structure: 0.0020446503333333334
Time for querying: 0.0
Time for new slide: 0.07270837116666666
Time for expired slide: 0.007272507
------------------------------------
Number clusters = 0.0
Max Number points in event queue = 0.0
Avg number points in clusters= 0.0
Avg Rmc size = 0.0
Avg Length exps= 0.0
#window: 13
Total #outliers: 379
Average Time: 81.20450492307693 ms
Peak memory: 319.5872116088867 MB
Time index, remove data from structure: 0.0020479058461538462
Time for querying: 0.0
Time for new slide: 0.07388424646153846
Time for expired slide: 0.007317089
------------------------------------
Number clusters = 0.0
Max Number points in event queue = 0.0
Avg number points in clusters= 0.0
Avg Rmc size = 0.0
Avg Length exps= 0.0
#window: 14
Total #outliers: 374
Average Time: 80.25541421428571 ms
Peak memory: 319.5872116088867 MB
Time index, remove data from structure: 0.0020640439285714287
Time for querying: 0.0
Time for new slide: 0.07283527571428572
Time for expired slide: 0.007417014142857143
------------------------------------
Number clusters = 0.0
Max Number points in event queue = 0.0
Avg number points in clusters= 0.0
Avg Rmc size = 0.0
Avg Length exps= 0.0
#window: 15
Total #outliers: 347
Average Time: 78.89336533333332 ms
Peak memory: 319.5872116088867 MB
Time index, remove data from structure: 0.0020681390666666666
Time for querying: 0.0
Time for new slide: 0.07155801660000001
Time for expired slide: 0.0073306558
------------------------------------
Number clusters = 0.0
Max Number points in event queue = 0.0
Avg number points in clusters= 0.0
Avg Rmc size = 0.0
Avg Length exps= 0.0
#window: 16
Total #outliers: 330
Average Time: 77.7983384375 ms
Peak memory: 319.5872116088867 MB
Time index, remove data from structure: 0.0020783010625
Time for querying: 0.0
Time for new slide: 0.0705408033125
Time for expired slide: 0.0072529319375
------------------------------------
Number clusters = 0.0
Max Number points in event queue = 0.0
Avg number points in clusters= 0.0
Avg Rmc size = 0.0
Avg Length exps= 0.0
#window: 17
Total #outliers: 329
Average Time: 76.74126694117648 ms
Peak memory: 319.5872116088867 MB
Time index, remove data from structure: 0.002073155823529412
Time for querying: 0.0
Time for new slide: 0.06958786170588235
Time for expired slide: 0.007148863117647059
------------------------------------
Number clusters = 0.0
Max Number points in event queue = 0.0
Avg number points in clusters= 0.0
Avg Rmc size = 0.0
Avg Length exps= 0.0
#window: 18
Total #outliers: 302
Average Time: 76.03683583333333 ms
Peak memory: 319.5872116088867 MB
Time index, remove data from structure: 0.0020694709444444444
Time for querying: 0.0
Time for new slide: 0.06896813822222223
Time for expired slide: 0.007064233111111111
------------------------------------
Number clusters = 0.0
Max Number points in event queue = 0.0
Avg number points in clusters= 0.0
Avg Rmc size = 0.0
Avg Length exps= 0.0
#window: 19
Total #outliers: 291
Average Time: 75.47721684210526 ms
Peak memory: 319.5872116088867 MB
Time index, remove data from structure: 0.002065210052631579
Time for querying: 0.0
Time for new slide: 0.06849036068421054
Time for expired slide: 0.006982457263157895
------------------------------------
Number clusters = 0.0
Max Number points in event queue = 0.0
Avg number points in clusters= 0.0
Avg Rmc size = 0.0
Avg Length exps= 0.0
#window: 20
Total #outliers: 298
Average Time: 75.4428793 ms
Peak memory: 319.5872116088867 MB
Time index, remove data from structure: 0.00206235565
Time for querying: 0.0
Time for new slide: 0.06840324805
Time for expired slide: 0.00703528715
------------------------------------
Number clusters = 0.0
Max Number points in event queue = 0.0
Avg number points in clusters= 0.0
Avg Rmc size = 0.0
Avg Length exps= 0.0
#window: 21
Total #outliers: 283
Average Time: 75.64406571428572 ms
Peak memory: 319.5872116088867 MB
Time index, remove data from structure: 0.002048237380952381
Time for querying: 0.0
Time for new slide: 0.068684889
Time for expired slide: 0.006954883238095238
------------------------------------
Number clusters = 0.0
Max Number points in event queue = 0.0
Avg number points in clusters= 0.0
Avg Rmc size = 0.0
Avg Length exps= 0.0
#window: 22
Total #outliers: 320
Average Time: 75.98237031818181 ms
Peak memory: 319.5872116088867 MB
Time index, remove data from structure: 0.0020536678636363637
Time for querying: 0.0
Time for new slide: 0.06896447818181818
Time for expired slide: 0.007013623227272728
------------------------------------
Number clusters = 0.0
Max Number points in event queue = 0.0
Avg number points in clusters= 0.0
Avg Rmc size = 0.0
Avg Length exps= 0.0
#window: 23
Total #outliers: 339
Average Time: 76.62554160869564 ms
Peak memory: 319.5872116088867 MB
Time index, remove data from structure: 0.002057488652173913
Time for querying: 0.0
Time for new slide: 0.06964687104347826
Time for expired slide: 0.006974445217391305
------------------------------------
Number clusters = 0.0
Max Number points in event queue = 0.0
Avg number points in clusters= 0.0
Avg Rmc size = 0.0
Avg Length exps= 0.0
#window: 24
Total #outliers: 378
Average Time: 77.61383683333332 ms
Peak memory: 319.5872116088867 MB
Time index, remove data from structure: 0.0020613320416666666
Time for querying: 0.0
Time for new slide: 0.07053589108333333
Time for expired slide: 0.007073452958333334
------------------------------------
Number clusters = 0.0
Max Number points in event queue = 0.0
Avg number points in clusters= 0.0
Avg Rmc size = 0.0
Avg Length exps= 0.0
#window: 25
Total #outliers: 391
Average Time: 78.45868955999998 ms
Peak memory: 319.5872116088867 MB
Time index, remove data from structure: 0.00206942796
Time for querying: 0.0
Time for new slide: 0.07133492192
Time for expired slide: 0.00711932632
------------------------------------
Number clusters = 0.0
Max Number points in event queue = 0.0
Avg number points in clusters= 0.0
Avg Rmc size = 0.0
Avg Length exps= 0.0
#window: 26
Total #outliers: 378
Average Time: 79.57635607692306 ms
Peak memory: 319.5872116088867 MB
Time index, remove data from structure: 0.0020691880384615387
Time for querying: 0.0
Time for new slide: 0.0724032495
Time for expired slide: 0.007168709615384615
------------------------------------
Number clusters = 0.0
Max Number points in event queue = 0.0
Avg number points in clusters= 0.0
Avg Rmc size = 0.0
Avg Length exps= 0.0
#window: 27
Total #outliers: 362
Average Time: 80.44683403703702 ms
Peak memory: 319.5872116088867 MB
Time index, remove data from structure: 0.0020653308148148148
Time for querying: 0.0
Time for new slide: 0.07334463870370371
Time for expired slide: 0.007097851296296296
------------------------------------
Number clusters = 0.0
Max Number points in event queue = 0.0
Avg number points in clusters= 0.0
Avg Rmc size = 0.0
Avg Length exps= 0.0
#window: 28
Total #outliers: 278
Average Time: 81.60682067857142 ms
Peak memory: 319.5872116088867 MB
Time index, remove data from structure: 0.00207460025
Time for querying: 0.0
Time for new slide: 0.07440413814285715
Time for expired slide: 0.007198373642857143
------------------------------------
Number clusters = 0.0
Max Number points in event queue = 0.0
Avg number points in clusters= 0.0
Avg Rmc size = 0.0
Avg Length exps= 0.0
#window: 29
Total #outliers: 263
Average Time: 82.79761417241379 ms
Peak memory: 319.5872116088867 MB
Time index, remove data from structure: 0.002079944103448276
Time for querying: 0.0
Time for new slide: 0.07562430262068966
Time for expired slide: 0.007169028379310345
------------------------------------
Number clusters = 0.0
Max Number points in event queue = 0.0
Avg number points in clusters= 0.0
Avg Rmc size = 0.0
Avg Length exps= 0.0
#window: 30
Total #outliers: 249
Average Time: 84.00513923333334 ms
Peak memory: 319.5872116088867 MB
Time index, remove data from structure: 0.002093809633333333
Time for querying: 0.0
Time for new slide: 0.07675236673333334
Time for expired slide: 0.0072485250666666666
------------------------------------
Number clusters = 0.0
Max Number points in event queue = 0.0
Avg number points in clusters= 0.0
Avg Rmc size = 0.0
Avg Length exps= 0.0
#window: 31
Total #outliers: 224
Average Time: 85.12523496774192 ms
Peak memory: 327.7496109008789 MB
Time index, remove data from structure: 0.002099749
Time for querying: 0.0
Time for new slide: 0.0778533341935484
Time for expired slide: 0.007267697290322581
------------------------------------
Number clusters = 0.0
Max Number points in event queue = 0.0
Avg number points in clusters= 0.0
Avg Rmc size = 0.0
Avg Length exps= 0.0
#window: 32
Total #outliers: 211
Average Time: 86.00624662499999 ms
Peak memory: 337.46106719970703 MB
Time index, remove data from structure: 0.00210653671875
Time for querying: 0.0
Time for new slide: 0.07876488140625
Time for expired slide: 0.00723718996875
------------------------------------
Number clusters = 0.0
Max Number points in event queue = 0.0
Avg number points in clusters= 0.0
Avg Rmc size = 0.0
Avg Length exps= 0.0
#window: 33
Total #outliers: 245
Average Time: 87.48055045454545 ms
Peak memory: 347.17252349853516 MB
Time index, remove data from structure: 0.002114444787878788
Time for querying: 0.0
Time for new slide: 0.08026498996969697
Time for expired slide: 0.007211372454545455
------------------------------------
Number clusters = 0.0
Max Number points in event queue = 0.0
Avg number points in clusters= 0.0
Avg Rmc size = 0.0
Avg Length exps= 0.0
#window: 34
Total #outliers: 306
Average Time: 88.70064785294117 ms
Peak memory: 366.5954818725586 MB
Time index, remove data from structure: 0.0021171817058823527
Time for querying: 0.0
Time for new slide: 0.08154137191176469
Time for expired slide: 0.007155118294117647
------------------------------------
Number clusters = 0.0
Max Number points in event queue = 0.0
Avg number points in clusters= 0.0
Avg Rmc size = 0.0
Avg Length exps= 0.0
#window: 35
Total #outliers: 290
Average Time: 89.50970385714284 ms
Peak memory: 376.3069381713867 MB
Time index, remove data from structure: 0.002114826342857143
Time for querying: 0.0
Time for new slide: 0.08240457265714286
Time for expired slide: 0.007100991228571428
------------------------------------
Number clusters = 0.0
Max Number points in event queue = 0.0
Avg number points in clusters= 0.0
Avg Rmc size = 0.0
Avg Length exps= 0.0
#window: 36
Total #outliers: 326
Average Time: 90.51387113888887 ms
Peak memory: 386.01839447021484 MB
Time index, remove data from structure: 0.002118424
Time for querying: 0.0
Time for new slide: 0.08338274066666668
Time for expired slide: 0.007127010166666666
------------------------------------
Number clusters = 0.0
Max Number points in event queue = 0.0
Avg number points in clusters= 0.0
Avg Rmc size = 0.0
Avg Length exps= 0.0
#window: 37
Total #outliers: 319
Average Time: 91.3570605135135 ms
Peak memory: 395.7298812866211 MB
Time index, remove data from structure: 0.002117404135135135
Time for querying: 0.0
Time for new slide: 0.08423159483783783
Time for expired slide: 0.007121371189189189
------------------------------------
Number clusters = 0.0
Max Number points in event queue = 0.0
Avg number points in clusters= 0.0
Avg Rmc size = 0.0
Avg Length exps= 0.0
#window: 38
Total #outliers: 330
Average Time: 92.21474768421052 ms
Peak memory: 405.4413375854492 MB
Time index, remove data from structure: 0.0021183122631578946
Time for querying: 0.0
Time for new slide: 0.0851263307368421
Time for expired slide: 0.007084353868421052
------------------------------------
Number clusters = 0.0
Max Number points in event queue = 0.0
Avg number points in clusters= 0.0
Avg Rmc size = 0.0
Avg Length exps= 0.0
#window: 39
Total #outliers: 326
Average Time: 92.94688546153844 ms
Peak memory: 424.86427307128906 MB
Time index, remove data from structure: 0.0021198533846153848
Time for querying: 0.0
Time for new slide: 0.08589067143589743
Time for expired slide: 0.0070521802820512815
------------------------------------
Number clusters = 0.0
Max Number points in event queue = 0.0
Avg number points in clusters= 0.0
Avg Rmc size = 0.0
Avg Length exps= 0.0
#window: 40
Total #outliers: 373
Average Time: 93.54220259999998 ms
Peak memory: 434.57576751708984 MB
Time index, remove data from structure: 0.002125902575
Time for querying: 0.0
Time for new slide: 0.086510003525
Time for expired slide: 0.00702818095
------------------------------------
Number clusters = 0.0
Max Number points in event queue = 0.0
Avg number points in clusters= 0.0
Avg Rmc size = 0.0
Avg Length exps= 0.0
#window: 41
Total #outliers: 403
Average Time: 94.2546406097561 ms
Peak memory: 444.2875061035156 MB
Time index, remove data from structure: 0.002133040951219512
Time for querying: 0.0
Time for new slide: 0.0871721455609756
Time for expired slide: 0.007078491902439025
------------------------------------
Number clusters = 0.0
Max Number points in event queue = 0.0
Avg number points in clusters= 0.0
Avg Rmc size = 0.0
Avg Length exps= 0.0
#window: 42
Total #outliers: 433
Average Time: 95.02181052380952 ms
Peak memory: 453.99896240234375 MB
Time index, remove data from structure: 0.0021425048333333333
Time for querying: 0.0
Time for new slide: 0.08791378492857142
Time for expired slide: 0.007104043857142857
------------------------------------
Number clusters = 0.0
Max Number points in event queue = 0.0
Avg number points in clusters= 0.0
Avg Rmc size = 0.0
Avg Length exps= 0.0
#window: 43
Total #outliers: 481
Average Time: 95.82301986046511 ms
Peak memory: 473.42191314697266 MB
Time index, remove data from structure: 0.0021468976976744187
Time for querying: 0.0
Time for new slide: 0.08867606279069767
Time for expired slide: 0.007142999581395349
------------------------------------
Number clusters = 0.0
Max Number points in event queue = 0.0
Avg number points in clusters= 0.0
Avg Rmc size = 0.0
Avg Length exps= 0.0
#window: 44
Total #outliers: 440
Average Time: 96.43956938636364 ms
Peak memory: 483.13340759277344 MB
Time index, remove data from structure: 0.0021506790681818182
Time for querying: 0.0
Time for new slide: 0.08930387806818182
Time for expired slide: 0.007131745863636363
------------------------------------
Number clusters = 0.0
Max Number points in event queue = 0.0
Avg number points in clusters= 0.0
Avg Rmc size = 0.0
Avg Length exps= 0.0
#window: 45
Total #outliers: 425
Average Time: 97.02725351111111 ms
Peak memory: 492.84486389160156 MB
Time index, remove data from structure: 0.002153473111111111
Time for querying: 0.0
Time for new slide: 0.0898868126
Time for expired slide: 0.0071365192888888885
------------------------------------
Number clusters = 0.0
Max Number points in event queue = 0.0
Avg number points in clusters= 0.0
Avg Rmc size = 0.0
Avg Length exps= 0.0
#window: 46
Total #outliers: 414
Average Time: 97.63808630434782 ms
Peak memory: 512.2678146362305 MB
Time index, remove data from structure: 0.0021580980217391302
Time for querying: 0.0
Time for new slide: 0.0905104792173913
Time for expired slide: 0.007123700086956521
------------------------------------
Number clusters = 0.0
Max Number points in event queue = 0.0
Avg number points in clusters= 0.0
Avg Rmc size = 0.0
Avg Length exps= 0.0
#window: 47
Total #outliers: 352
Average Time: 98.034922106383 ms
Peak memory: 521.9792709350586 MB
Time index, remove data from structure: 0.002161847978723404
Time for querying: 0.0
Time for new slide: 0.09092549821276595
Time for expired slide: 0.007105536191489362
------------------------------------
Number clusters = 0.0
Max Number points in event queue = 0.0
Avg number points in clusters= 0.0
Avg Rmc size = 0.0
Avg Length exps= 0.0
#window: 48
Total #outliers: 337
Average Time: 98.34259502083336 ms
Peak memory: 541.4022674560547 MB
Time index, remove data from structure: 0.0021625417708333334
Time for querying: 0.0
Time for new slide: 0.09125318466666667
Time for expired slide: 0.0070855350624999995
------------------------------------
Number clusters = 0.0
Max Number points in event queue = 0.0
Avg number points in clusters= 0.0
Avg Rmc size = 0.0
Avg Length exps= 0.0
#window: 49
Total #outliers: 278
Average Time: 98.93826691836736 ms
Peak memory: 560.8252029418945 MB
Time index, remove data from structure: 0.0021616991836734697
Time for querying: 0.0
Time for new slide: 0.0918711823265306
Time for expired slide: 0.007063226979591837
------------------------------------
Number clusters = 0.0
Max Number points in event queue = 0.0
Avg number points in clusters= 0.0
Avg Rmc size = 0.0
Avg Length exps= 0.0
#window: 50
Total #outliers: 399
Average Time: 99.10214604000002 ms
Peak memory: 570.5366592407227 MB
Time index, remove data from structure: 0.0021617600400000003
Time for querying: 0.0
Time for new slide: 0.09205803694
Time for expired slide: 0.00704026526
------------------------------------
Number clusters = 0.0
Max Number points in event queue = 0.0
Avg number points in clusters= 0.0
Avg Rmc size = 0.0
Avg Length exps= 0.0
#window: 51
Total #outliers: 457
Average Time: 99.04383760784316 ms
Peak memory: 570.5366592407227 MB
Time index, remove data from structure: 0.002162671470588235
Time for querying: 0.0
Time for new slide: 0.0920124025882353
Time for expired slide: 0.007027604176470589
------------------------------------
Number clusters = 0.0
Max Number points in event queue = 0.0
Avg number points in clusters= 0.0
Avg Rmc size = 0.0
Avg Length exps= 0.0
#window: 52
Total #outliers: 436
Average Time: 98.41991757692308 ms
Peak memory: 570.5366592407227 MB
Time index, remove data from structure: 0.00216156925
Time for querying: 0.0
Time for new slide: 0.09140142928846154
Time for expired slide: 0.007014678269230769
------------------------------------
Number clusters = 0.0
Max Number points in event queue = 0.0
Avg number points in clusters= 0.0
Avg Rmc size = 0.0
Avg Length exps= 0.0
#window: 53
Total #outliers: 429
Average Time: 97.59218547169812 ms
Peak memory: 570.5366592407227 MB
Time index, remove data from structure: 0.002160787660377358
Time for querying: 0.0
Time for new slide: 0.09058487522641509
Time for expired slide: 0.00700351879245283
------------------------------------
Number clusters = 0.0
Max Number points in event queue = 0.0
Avg number points in clusters= 0.0
Avg Rmc size = 0.0
Avg Length exps= 0.0
#window: 54
Total #outliers: 366
Average Time: 96.7400168888889 ms
Peak memory: 570.5366592407227 MB
Time index, remove data from structure: 0.0021570615185185185
Time for querying: 0.0
Time for new slide: 0.08975029525925926
Time for expired slide: 0.006985950037037037
------------------------------------
Number clusters = 0.0
Max Number points in event queue = 0.0
Avg number points in clusters= 0.0
Avg Rmc size = 0.0
Avg Length exps= 0.0
#window: 55
Total #outliers: 420
Average Time: 95.89222121818183 ms
Peak memory: 570.5366592407227 MB
Time index, remove data from structure: 0.002149310890909091
Time for querying: 0.0
Time for new slide: 0.08892857701818181
Time for expired slide: 0.006959889781818182
------------------------------------
Number clusters = 0.0
Max Number points in event queue = 0.0
Avg number points in clusters= 0.0
Avg Rmc size = 0.0
Avg Length exps= 0.0
#window: 56
Total #outliers: 385
Average Time: 95.24059382142859 ms
Peak memory: 570.5366592407227 MB
Time index, remove data from structure: 0.0021425899464285717
Time for querying: 0.0
Time for new slide: 0.08829825610714286
Time for expired slide: 0.006938609517857143
------------------------------------
Number clusters = 0.0
Max Number points in event queue = 0.0
Avg number points in clusters= 0.0
Avg Rmc size = 0.0
Avg Length exps= 0.0
#window: 57
Total #outliers: 321
Average Time: 94.60131364912283 ms
Peak memory: 570.5366592407227 MB
Time index, remove data from structure: 0.0021350424210526318
Time for querying: 0.0
Time for new slide: 0.08768362861403509
Time for expired slide: 0.006913976666666666
------------------------------------
Number clusters = 0.0
Max Number points in event queue = 0.0
Avg number points in clusters= 0.0
Avg Rmc size = 0.0
Avg Length exps= 0.0
#window: 58
Total #outliers: 307
Average Time: 94.11504977586209 ms
Peak memory: 570.5366592407227 MB
Time index, remove data from structure: 0.002127614551724138
Time for querying: 0.0
Time for new slide: 0.08722381855172413
Time for expired slide: 0.0068875404827586206
------------------------------------
Number clusters = 0.0
Max Number points in event queue = 0.0
Avg number points in clusters= 0.0
Avg Rmc size = 0.0
Avg Length exps= 0.0
#window: 59
Total #outliers: 483
Average Time: 93.83252718644071 ms
Peak memory: 570.5366592407227 MB
Time index, remove data from structure: 0.0021217870169491526
Time for querying: 0.0
Time for new slide: 0.08694968422033898
Time for expired slide: 0.00687916513559322
------------------------------------
Number clusters = 0.0
Max Number points in event queue = 0.0
Avg number points in clusters= 0.0
Avg Rmc size = 0.0
Avg Length exps= 0.0
#window: 60
Total #outliers: 389
Average Time: 93.95940070000003 ms
Peak memory: 570.5366592407227 MB
Time index, remove data from structure: 0.0021134533
Time for querying: 0.0
Time for new slide: 0.08708599874999999
Time for expired slide: 0.006869740333333333
------------------------------------
Number clusters = 0.0
Max Number points in event queue = 0.0
Avg number points in clusters= 0.0
Avg Rmc size = 0.0
Avg Length exps= 0.0
#window: 61
Total #outliers: 310
Average Time: 93.77631044262299 ms
Peak memory: 570.5366592407227 MB
Time index, remove data from structure: 0.002105565049180328
Time for querying: 0.0
Time for new slide: 0.08691090662295083
Time for expired slide: 0.006861756770491803
------------------------------------
Number clusters = 0.0
Max Number points in event queue = 0.0
Avg number points in clusters= 0.0
Avg Rmc size = 0.0
Avg Length exps= 0.0
#window: 62
Total #outliers: 314
Average Time: 93.4850857419355 ms
Peak memory: 570.5366592407227 MB
Time index, remove data from structure: 0.0020989998064516132
Time for querying: 0.0
Time for new slide: 0.08663476419354839
Time for expired slide: 0.006846682483870967
------------------------------------
Number clusters = 0.0
Max Number points in event queue = 0.0
Avg number points in clusters= 0.0
Avg Rmc size = 0.0
Avg Length exps= 0.0
#window: 63
Total #outliers: 321
Average Time: 93.34253282539686 ms
Peak memory: 570.5366592407227 MB
Time index, remove data from structure: 0.002106905412698413
Time for querying: 0.0
Time for new slide: 0.08637968619047619
Time for expired slide: 0.006959211984126984
------------------------------------
Number clusters = 0.0
Max Number points in event queue = 0.0
Avg number points in clusters= 0.0
Avg Rmc size = 0.0
Avg Length exps= 0.0
#window: 64
Total #outliers: 446
Average Time: 93.26155117187503 ms
Peak memory: 570.5366592407227 MB
Time index, remove data from structure: 0.0021155834375
Time for querying: 0.0
Time for new slide: 0.086217179921875
Time for expired slide: 0.0070407524375
------------------------------------
Number clusters = 0.0
Max Number points in event queue = 0.0
Avg number points in clusters= 0.0
Avg Rmc size = 0.0
Avg Length exps= 0.0
#window: 65
Total #outliers: 418
Average Time: 93.00491123076925 ms
Peak memory: 570.5366592407227 MB
Time index, remove data from structure: 0.0021203741384615386
Time for querying: 0.0
Time for new slide: 0.08593121493846154
Time for expired slide: 0.007070087046153846
------------------------------------
Number clusters = 0.0
Max Number points in event queue = 0.0
Avg number points in clusters= 0.0
Avg Rmc size = 0.0
Avg Length exps= 0.0
#window: 66
Total #outliers: 439
Average Time: 92.74980601515153 ms
Peak memory: 570.5366592407227 MB
Time index, remove data from structure: 0.0021178090757575756
Time for querying: 0.0
Time for new slide: 0.08565287063636363
Time for expired slide: 0.007093346469696969
------------------------------------
Number clusters = 0.0
Max Number points in event queue = 0.0
Avg number points in clusters= 0.0
Avg Rmc size = 0.0
Avg Length exps= 0.0
#window: 67
Total #outliers: 447
Average Time: 92.58527798507464 ms
Peak memory: 570.5366592407227 MB
Time index, remove data from structure: 0.0021089227462686567
Time for querying: 0.0
Time for new slide: 0.08550203268656716
Time for expired slide: 0.007079671671641791
------------------------------------
Number clusters = 0.0
Max Number points in event queue = 0.0
Avg number points in clusters= 0.0
Avg Rmc size = 0.0
Avg Length exps= 0.0
#window: 68
Total #outliers: 451
Average Time: 92.5852247647059 ms
Peak memory: 570.5366592407227 MB
Time index, remove data from structure: 0.0021007147058823526
Time for querying: 0.0
Time for new slide: 0.0855146645147059
Time for expired slide: 0.007066997632352941
------------------------------------
Number clusters = 0.0
Max Number points in event queue = 0.0
Avg number points in clusters= 0.0
Avg Rmc size = 0.0
Avg Length exps= 0.0
#window: 69
Total #outliers: 452
Average Time: 92.67397649275365 ms
Peak memory: 570.5366592407227 MB
Time index, remove data from structure: 0.0020932763043478263
Time for querying: 0.0
Time for new slide: 0.0856133771884058
Time for expired slide: 0.007057050434782609
------------------------------------
Number clusters = 0.0
Max Number points in event queue = 0.0
Avg number points in clusters= 0.0
Avg Rmc size = 0.0
Avg Length exps= 0.0
#window: 70
Total #outliers: 472
Average Time: 92.7116977857143 ms
Peak memory: 570.5366592407227 MB
Time index, remove data from structure: 0.0020900699285714285
Time for querying: 0.0
Time for new slide: 0.08557594367142858
Time for expired slide: 0.0071322093714285715
------------------------------------
Number clusters = 0.0
Max Number points in event queue = 0.0
Avg number points in clusters= 0.0
Avg Rmc size = 0.0
Avg Length exps= 0.0
#window: 71
Total #outliers: 484
Average Time: 92.60953615492959 ms
Peak memory: 570.5366592407227 MB
Time index, remove data from structure: 0.002080226774647887
Time for querying: 0.0
Time for new slide: 0.08548026923943662
Time for expired slide: 0.007125724436619719
------------------------------------
Number clusters = 0.0
Max Number points in event queue = 0.0
Avg number points in clusters= 0.0
Avg Rmc size = 0.0
Avg Length exps= 0.0
#window: 72
Total #outliers: 496
Average Time: 92.57659597222224 ms
Peak memory: 573.5490264892578 MB
Time index, remove data from structure: 0.0020705867222222223
Time for querying: 0.0
Time for new slide: 0.08545276541666666
Time for expired slide: 0.007120293486111111
------------------------------------
Number clusters = 0.0
Max Number points in event queue = 0.0
Avg number points in clusters= 0.0
Avg Rmc size = 0.0
Avg Length exps= 0.0
#window: 73
Total #outliers: 504
Average Time: 92.16431905479453 ms
Peak memory: 573.5490264892578 MB
Time index, remove data from structure: 0.002060796287671233
Time for querying: 0.0
Time for new slide: 0.08504708361643835
Time for expired slide: 0.007113706397260274
------------------------------------
Number clusters = 0.0
Max Number points in event queue = 0.0
Avg number points in clusters= 0.0
Avg Rmc size = 0.0
Avg Length exps= 0.0
#window: 74
Total #outliers: 509
Average Time: 91.59568260810812 ms
Peak memory: 573.5490264892578 MB
Time index, remove data from structure: 0.0020507831351351353
Time for querying: 0.0
Time for new slide: 0.08448154599999999
Time for expired slide: 0.007110616162162162
------------------------------------
Number clusters = 0.0
Max Number points in event queue = 0.0
Avg number points in clusters= 0.0
Avg Rmc size = 0.0
Avg Length exps= 0.0
#window: 75
Total #outliers: 465
Average Time: 91.09796870666669 ms
Peak memory: 573.5490264892578 MB
Time index, remove data from structure: 0.0020435585999999998
Time for querying: 0.0
Time for new slide: 0.08398621712
Time for expired slide: 0.0071082366400000005
------------------------------------
Number clusters = 0.0
Max Number points in event queue = 0.0
Avg number points in clusters= 0.0
Avg Rmc size = 0.0
Avg Length exps= 0.0
#window: 76
Total #outliers: 308
Average Time: 90.62276340789475 ms
Peak memory: 573.5490264892578 MB
Time index, remove data from structure: 0.0020372614605263157
Time for querying: 0.0
Time for new slide: 0.08352263721052632
Time for expired slide: 0.007096613052631579
------------------------------------
Number clusters = 0.0
Max Number points in event queue = 0.0
Avg number points in clusters= 0.0
Avg Rmc size = 0.0
Avg Length exps= 0.0
#window: 77
Total #outliers: 318
Average Time: 90.2443667012987 ms
Peak memory: 573.5490264892578 MB
Time index, remove data from structure: 0.0020290325194805194
Time for querying: 0.0
Time for new slide: 0.08316094544155844
Time for expired slide: 0.007079914454545454
------------------------------------
Number clusters = 0.0
Max Number points in event queue = 0.0
Avg number points in clusters= 0.0
Avg Rmc size = 0.0
Avg Length exps= 0.0
#window: 78
Total #outliers: 346
Average Time: 89.89053971794873 ms
Peak memory: 573.5490264892578 MB
Time index, remove data from structure: 0.002021679448717949
Time for querying: 0.0
Time for new slide: 0.08281761585897436
Time for expired slide: 0.007069422551282052
------------------------------------
Number clusters = 0.0
Max Number points in event queue = 0.0
Avg number points in clusters= 0.0
Avg Rmc size = 0.0
Avg Length exps= 0.0
#window: 79
Total #outliers: 343
Average Time: 89.65680212658228 ms
Peak memory: 573.5490264892578 MB
Time index, remove data from structure: 0.0020138065316455695
Time for querying: 0.0
Time for new slide: 0.08255832207594938
Time for expired slide: 0.007094986
------------------------------------
Number clusters = 0.0
Max Number points in event queue = 0.0
Avg number points in clusters= 0.0
Avg Rmc size = 0.0
Avg Length exps= 0.0
#window: 80
Total #outliers: 354
Average Time: 89.73726567500002 ms
Peak memory: 573.5490264892578 MB
Time index, remove data from structure: 0.0020165291
Time for querying: 0.0
Time for new slide: 0.0824306546375
Time for expired slide: 0.0073031213499999996
------------------------------------
Number clusters = 0.0
Max Number points in event queue = 0.0
Avg number points in clusters= 0.0
Avg Rmc size = 0.0
Avg Length exps= 0.0
#window: 81
Total #outliers: 596
Average Time: 89.70052450617284 ms
Peak memory: 573.5490264892578 MB
Time index, remove data from structure: 0.0020167794567901233
Time for querying: 0.0
Time for new slide: 0.08235269114814814
Time for expired slide: 0.007344345962962963
------------------------------------
Number clusters = 0.0
Max Number points in event queue = 0.0
Avg number points in clusters= 0.0
Avg Rmc size = 0.0
Avg Length exps= 0.0
#window: 82
Total #outliers: 505
Average Time: 89.58660103658538 ms
Peak memory: 573.5490264892578 MB
Time index, remove data from structure: 0.0020130511707317075
Time for querying: 0.0
Time for new slide: 0.08224140217073171
Time for expired slide: 0.0073417179146341455
------------------------------------
Number clusters = 0.0
Max Number points in event queue = 0.0
Avg number points in clusters= 0.0
Avg Rmc size = 0.0
Avg Length exps= 0.0
#window: 83
Total #outliers: 391
Average Time: 89.58312944578314 ms
Peak memory: 573.5490264892578 MB
Time index, remove data from structure: 0.0020157222891566268
Time for querying: 0.0
Time for new slide: 0.08216151819277108
Time for expired slide: 0.007418132361445783
------------------------------------
Number clusters = 0.0
Max Number points in event queue = 0.0
Avg number points in clusters= 0.0
Avg Rmc size = 0.0
Avg Length exps= 0.0
#window: 84
Total #outliers: 313
Average Time: 89.52009776190476 ms
Peak memory: 573.5490264892578 MB
Time index, remove data from structure: 0.0020112975595238092
Time for querying: 0.0
Time for new slide: 0.08210401783333333
Time for expired slide: 0.007412607666666667
------------------------------------
Number clusters = 0.0
Max Number points in event queue = 0.0
Avg number points in clusters= 0.0
Avg Rmc size = 0.0
Avg Length exps= 0.0
#window: 85
Total #outliers: 311
Average Time: 89.53379145882353 ms
Peak memory: 573.5490264892578 MB
Time index, remove data from structure: 0.002006506223529412
Time for querying: 0.0
Time for new slide: 0.08212804011764706
Time for expired slide: 0.007402283105882353
------------------------------------
Number clusters = 0.0
Max Number points in event queue = 0.0
Avg number points in clusters= 0.0
Avg Rmc size = 0.0
Avg Length exps= 0.0
#window: 86
Total #outliers: 300
Average Time: 89.5567098023256 ms
Peak memory: 573.5490264892578 MB
Time index, remove data from structure: 0.0020021767674418605
Time for querying: 0.0
Time for new slide: 0.08217687324418604
Time for expired slide: 0.007376372418604652
------------------------------------
Number clusters = 0.0
Max Number points in event queue = 0.0
Avg number points in clusters= 0.0
Avg Rmc size = 0.0
Avg Length exps= 0.0
#window: 87
Total #outliers: 301
Average Time: 89.63407227586208 ms
Peak memory: 573.5490264892578 MB
Time index, remove data from structure: 0.0020002310574712646
Time for querying: 0.0
Time for new slide: 0.08222873857471265
Time for expired slide: 0.007401874678160919
------------------------------------
Number clusters = 0.0
Max Number points in event queue = 0.0
Avg number points in clusters= 0.0
Avg Rmc size = 0.0
Avg Length exps= 0.0
#window: 88
Total #outliers: 323
Average Time: 89.81461761363637 ms
Peak memory: 573.5490264892578 MB
Time index, remove data from structure: 0.001997596931818182
Time for querying: 0.0
Time for new slide: 0.08242142671590909
Time for expired slide: 0.007389734011363636
------------------------------------
Number clusters = 0.0
Max Number points in event queue = 0.0
Avg number points in clusters= 0.0
Avg Rmc size = 0.0
Avg Length exps= 0.0
#window: 89
Total #outliers: 374
Average Time: 89.95963256179776 ms
Peak memory: 573.5490264892578 MB
Time index, remove data from structure: 0.00199435497752809
Time for querying: 0.0
Time for new slide: 0.0825486753483146
Time for expired slide: 0.007407501831460673
------------------------------------
Number clusters = 0.0
Max Number points in event queue = 0.0
Avg number points in clusters= 0.0
Avg Rmc size = 0.0
Avg Length exps= 0.0
#window: 90
Total #outliers: 451
Average Time: 90.22569964444445 ms
Peak memory: 573.5490264892578 MB
Time index, remove data from structure: 0.0019916011666666665
Time for querying: 0.0
Time for new slide: 0.08279715748888888
Time for expired slide: 0.007425089611111111
------------------------------------
Number clusters = 0.0
Max Number points in event queue = 0.0
Avg number points in clusters= 0.0
Avg Rmc size = 0.0
Avg Length exps= 0.0
#window: 91
Total #outliers: 369
Average Time: 90.06777949450549 ms
Peak memory: 573.5490264892578 MB
Time index, remove data from structure: 0.0019883172417582418
Time for querying: 0.0
Time for new slide: 0.0826253749120879
Time for expired slide: 0.007438956714285714
------------------------------------
Number clusters = 0.0
Max Number points in event queue = 0.0
Avg number points in clusters= 0.0
Avg Rmc size = 0.0
Avg Length exps= 0.0
#window: 92
Total #outliers: 348
Average Time: 90.08308464130435 ms
Peak memory: 573.5490264892578 MB
Time index, remove data from structure: 0.0019860712065217392
Time for querying: 0.0
Time for new slide: 0.08259812581521739
Time for expired slide: 0.007481513282608696
------------------------------------
Number clusters = 0.0
Max Number points in event queue = 0.0
Avg number points in clusters= 0.0
Avg Rmc size = 0.0
Avg Length exps= 0.0
#window: 93
Total #outliers: 428
Average Time: 90.35955924731184 ms
Peak memory: 573.5490264892578 MB
Time index, remove data from structure: 0.0019835252903225805
Time for querying: 0.0
Time for new slide: 0.08288739631182795
Time for expired slide: 0.007468720311827957
------------------------------------
Number clusters = 0.0
Max Number points in event queue = 0.0
Avg number points in clusters= 0.0
Avg Rmc size = 0.0
Avg Length exps= 0.0
#window: 94
Total #outliers: 427
Average Time: 90.66698408510638 ms
Peak memory: 573.5490264892578 MB
Time index, remove data from structure: 0.001980643606382979
Time for querying: 0.0
Time for new slide: 0.08318466830851064
Time for expired slide: 0.007478869914893617
------------------------------------
Number clusters = 0.0
Max Number points in event queue = 0.0
Avg number points in clusters= 0.0
Avg Rmc size = 0.0
Avg Length exps= 0.0
#window: 95
Total #outliers: 393
Average Time: 90.8461070736842 ms
Peak memory: 573.5490264892578 MB
Time index, remove data from structure: 0.0019764125157894735
Time for querying: 0.0
Time for new slide: 0.08338396068421053
Time for expired slide: 0.007458702242105263
------------------------------------
Number clusters = 0.0
Max Number points in event queue = 0.0
Avg number points in clusters= 0.0
Avg Rmc size = 0.0
Avg Length exps= 0.0
#window: 96
Total #outliers: 403
Average Time: 91.09244702083332 ms
Peak memory: 588.4233703613281 MB
Time index, remove data from structure: 0.00197274378125
Time for querying: 0.0
Time for new slide: 0.08363184667708333
Time for expired slide: 0.007457154260416667
------------------------------------
Number clusters = 0.0
Max Number points in event queue = 0.0
Avg number points in clusters= 0.0
Avg Rmc size = 0.0
Avg Length exps= 0.0
#window: 97
Total #outliers: 409
Average Time: 91.34465641237112 ms
Peak memory: 608.2256317138672 MB
Time index, remove data from structure: 0.001969110969072165
Time for querying: 0.0
Time for new slide: 0.08390374701030928
Time for expired slide: 0.007437460391752577
------------------------------------
Number clusters = 0.0
Max Number points in event queue = 0.0
Avg number points in clusters= 0.0
Avg Rmc size = 0.0
Avg Length exps= 0.0
#window: 98
Total #outliers: 528
Average Time: 91.56685225510202 ms
Peak memory: 628.0278930664062 MB
Time index, remove data from structure: 0.001965218285714286
Time for querying: 0.0
Time for new slide: 0.08414527860204081
Time for expired slide: 0.007418122530612244
------------------------------------
Number clusters = 0.0
Max Number points in event queue = 0.0
Avg number points in clusters= 0.0
Avg Rmc size = 0.0
Avg Length exps= 0.0
#window: 99
Total #outliers: 527
Average Time: 91.84042451515151 ms
Peak memory: 628.0278930664062 MB
Time index, remove data from structure: 0.0019626040909090908
Time for querying: 0.0
Time for new slide: 0.08440448665656565
Time for expired slide: 0.007432492282828282
------------------------------------
Number clusters = 0.0
Max Number points in event queue = 0.0
Avg number points in clusters= 0.0
Avg Rmc size = 0.0
Avg Length exps= 0.0
#window: 100
Total #outliers: 535
Average Time: 92.15533174999999 ms
Peak memory: 667.6324310302734 MB
Time index, remove data from structure: 0.0019605230600000002
Time for querying: 0.0
Time for new slide: 0.08472396656
Time for expired slide: 0.00742792674
------------------------------------
Number clusters = 0.0
Max Number points in event queue = 0.0
Avg number points in clusters= 0.0
Avg Rmc size = 0.0
Avg Length exps= 0.0
#window: 101
Total #outliers: 521
Average Time: 92.51392470297029 ms
Peak memory: 667.6324310302734 MB
Time index, remove data from structure: 0.0019592760297029704
Time for querying: 0.0
Time for new slide: 0.08508824688118813
Time for expired slide: 0.007422242227722772
------------------------------------
Number clusters = 0.0
Max Number points in event queue = 0.0
Avg number points in clusters= 0.0
Avg Rmc size = 0.0
Avg Length exps= 0.0
#window: 102
Total #outliers: 546
Average Time: 92.93338474509804 ms
Peak memory: 687.4346923828125 MB
Time index, remove data from structure: 0.0019570112647058825
Time for querying: 0.0
Time for new slide: 0.08551440951960784
Time for expired slide: 0.007415543019607843
------------------------------------
Number clusters = 0.0
Max Number points in event queue = 0.0
Avg number points in clusters= 0.0
Avg Rmc size = 0.0
Avg Length exps= 0.0
#window: 103
Total #outliers: 544
Average Time: 93.30415033980582 ms
Peak memory: 707.2379302978516 MB
Time index, remove data from structure: 0.0019559205242718446
Time for querying: 0.0
Time for new slide: 0.08586406715533981
Time for expired slide: 0.007436649728155339
------------------------------------
Number clusters = 0.0
Max Number points in event queue = 0.0
Avg number points in clusters= 0.0
Avg Rmc size = 0.0
Avg Length exps= 0.0
#window: 104
Total #outliers: 559
Average Time: 93.61341854807691 ms
Peak memory: 727.0592651367188 MB
Time index, remove data from structure: 0.001954315144230769
Time for querying: 0.0
Time for new slide: 0.08617866861538462
Time for expired slide: 0.007431319625
------------------------------------
Number clusters = 0.0
Max Number points in event queue = 0.0
Avg number points in clusters= 0.0
Avg Rmc size = 0.0
Avg Length exps= 0.0
#window: 105
Total #outliers: 552
Average Time: 93.99033176190476 ms
Peak memory: 746.8615264892578 MB
Time index, remove data from structure: 0.0019517468666666667
Time for querying: 0.0
Time for new slide: 0.08656036034285713
Time for expired slide: 0.0074265414
------------------------------------
Number clusters = 0.0
Max Number points in event queue = 0.0
Avg number points in clusters= 0.0
Avg Rmc size = 0.0
Avg Length exps= 0.0
#window: 106
Total #outliers: 555
Average Time: 94.23723787735848 ms
Peak memory: 773.1897888183594 MB
Time index, remove data from structure: 0.0019499922169811323
Time for querying: 0.0
Time for new slide: 0.08681170714150943
Time for expired slide: 0.007422098735849056
------------------------------------
Number clusters = 0.0
Max Number points in event queue = 0.0
Avg number points in clusters= 0.0
Avg Rmc size = 0.0
Avg Length exps= 0.0
#window: 107
Total #outliers: 573
Average Time: 94.44745079439251 ms
Peak memory: 792.9920501708984 MB
Time index, remove data from structure: 0.0019477936355140188
Time for querying: 0.0
Time for new slide: 0.08702624316822431
Time for expired slide: 0.007417779654205608
------------------------------------
Number clusters = 0.0
Max Number points in event queue = 0.0
Avg number points in clusters= 0.0
Avg Rmc size = 0.0
Avg Length exps= 0.0
#window: 108
Total #outliers: 519
Average Time: 94.60698847222223 ms
Peak memory: 812.7943115234375 MB
Time index, remove data from structure: 0.0019472637314814814
Time for querying: 0.0
Time for new slide: 0.08717316147222222
Time for expired slide: 0.007430397712962964
------------------------------------
Number clusters = 0.0
Max Number points in event queue = 0.0
Avg number points in clusters= 0.0
Avg Rmc size = 0.0
Avg Length exps= 0.0
#window: 109
Total #outliers: 492
Average Time: 94.79559726605505 ms
Peak memory: 832.5966186523438 MB
Time index, remove data from structure: 0.0019468594587155963
Time for querying: 0.0
Time for new slide: 0.08733489766972477
Time for expired slide: 0.00745727380733945
------------------------------------
Number clusters = 0.0
Max Number points in event queue = 0.0
Avg number points in clusters= 0.0
Avg Rmc size = 0.0
Avg Length exps= 0.0
#window: 110
Total #outliers: 474
Average Time: 94.96464316363635 ms
Peak memory: 832.5966186523438 MB
Time index, remove data from structure: 0.0019463736181818182
Time for querying: 0.0
Time for new slide: 0.08749391132727272
Time for expired slide: 0.007467302027272728
------------------------------------
Number clusters = 0.0
Max Number points in event queue = 0.0
Avg number points in clusters= 0.0
Avg Rmc size = 0.0
Avg Length exps= 0.0
#window: 111
Total #outliers: 452
Average Time: 95.08470453153151 ms
Peak memory: 852.3988800048828 MB
Time index, remove data from structure: 0.0019416357027027026
Time for querying: 0.0
Time for new slide: 0.08761186324324324
Time for expired slide: 0.007469412531531531
------------------------------------
Number clusters = 0.0
Max Number points in event queue = 0.0
Avg number points in clusters= 0.0
Avg Rmc size = 0.0
Avg Length exps= 0.0
#window: 112
Total #outliers: 458
Average Time: 95.23156766964284 ms
Peak memory: 872.2011871337891 MB
Time index, remove data from structure: 0.001940113625
Time for querying: 0.0
Time for new slide: 0.08774410379464286
Time for expired slide: 0.0074840330625
------------------------------------
Number clusters = 0.0
Max Number points in event queue = 0.0
Avg number points in clusters= 0.0
Avg Rmc size = 0.0
Avg Length exps= 0.0
#window: 113
Total #outliers: 425
Average Time: 95.32430868141591 ms
Peak memory: 892.0034484863281 MB
Time index, remove data from structure: 0.001940563442477876
Time for querying: 0.0
Time for new slide: 0.08784186631858407
Time for expired slide: 0.007479012451327434
------------------------------------
Number clusters = 0.0
Max Number points in event queue = 0.0
Avg number points in clusters= 0.0
Avg Rmc size = 0.0
Avg Length exps= 0.0
#window: 114
Total #outliers: 437
Average Time: 95.46961900877191 ms
Peak memory: 911.8057098388672 MB
Time index, remove data from structure: 0.0019390625964912282
Time for querying: 0.0
Time for new slide: 0.08799681264035088
Time for expired slide: 0.007469377736842105
------------------------------------
Number clusters = 0.0
Max Number points in event queue = 0.0
Avg number points in clusters= 0.0
Avg Rmc size = 0.0
Avg Length exps= 0.0
#window: 115
Total #outliers: 409
Average Time: 95.71346406086954 ms
Peak memory: 931.6079711914062 MB
Time index, remove data from structure: 0.0019382899913043478
Time for querying: 0.0
Time for new slide: 0.08821558902608695
Time for expired slide: 0.007494449095652174
------------------------------------
Number clusters = 0.0
Max Number points in event queue = 0.0
Avg number points in clusters= 0.0
Avg Rmc size = 0.0
Avg Length exps= 0.0
#window: 116
Total #outliers: 387
Average Time: 95.88699943965516 ms
Peak memory: 951.4102401733398 MB
Time index, remove data from structure: 0.0019378366637931035
Time for querying: 0.0
Time for new slide: 0.08838695631896551
Time for expired slide: 0.007496615439655172
------------------------------------
Number clusters = 0.0
Max Number points in event queue = 0.0
Avg number points in clusters= 0.0
Avg Rmc size = 0.0
Avg Length exps= 0.0
#window: 117
Total #outliers: 404
Average Time: 96.06825485470084 ms
Peak memory: 971.2125091552734 MB
Time index, remove data from structure: 0.0019379628547008547
Time for querying: 0.0
Time for new slide: 0.08854726985470085
Time for expired slide: 0.007517557555555556
------------------------------------
Number clusters = 0.0
Max Number points in event queue = 0.0
Avg number points in clusters= 0.0
Avg Rmc size = 0.0
Avg Length exps= 0.0
#window: 118
Total #outliers: 437
Average Time: 96.26157421186439 ms
Peak memory: 991.0147705078125 MB
Time index, remove data from structure: 0.0019391769406779662
Time for querying: 0.0
Time for new slide: 0.08868679027118645
Time for expired slide: 0.0075713584152542375
------------------------------------
Number clusters = 0.0
Max Number points in event queue = 0.0
Avg number points in clusters= 0.0
Avg Rmc size = 0.0
Avg Length exps= 0.0
#window: 119
Total #outliers: 432
Average Time: 96.44613958823528 ms
Peak memory: 991.0147705078125 MB
Time index, remove data from structure: 0.0019414850924369747
Time for querying: 0.0
Time for new slide: 0.08879659522689075
Time for expired slide: 0.0076461189915966385
------------------------------------
Number clusters = 0.0
Max Number points in event queue = 0.0
Avg number points in clusters= 0.0
Avg Rmc size = 0.0
Avg Length exps= 0.0
#window: 120
Total #outliers: 501
Average Time: 96.56942512499998 ms
Peak memory: 1010.8170318603516 MB
Time index, remove data from structure: 0.0019420276916666667
Time for querying: 0.0
Time for new slide: 0.08891959520833333
Time for expired slide: 0.007646409475
------------------------------------
Number clusters = 0.0
Max Number points in event queue = 0.0
Avg number points in clusters= 0.0
Avg Rmc size = 0.0
Avg Length exps= 0.0
#window: 121
Total #outliers: 566
Average Time: 96.67786472727272 ms
Peak memory: 1030.6192932128906 MB
Time index, remove data from structure: 0.0019419167933884297
Time for querying: 0.0
Time for new slide: 0.08902377608264463
Time for expired slide: 0.007650675438016529
------------------------------------
Number clusters = 0.0
Max Number points in event queue = 0.0
Avg number points in clusters= 0.0
Avg Rmc size = 0.0
Avg Length exps= 0.0
#window: 122
Total #outliers: 585
Average Time: 96.84536109016392 ms
Peak memory: 1050.4215545654297 MB
Time index, remove data from structure: 0.0019422209426229508
Time for querying: 0.0
Time for new slide: 0.08918664481147541
Time for expired slide: 0.007655304172131148
------------------------------------
Number clusters = 0.0
Max Number points in event queue = 0.0
Avg number points in clusters= 0.0
Avg Rmc size = 0.0
Avg Length exps= 0.0
#window: 123
Total #outliers: 602
Average Time: 97.0402045609756 ms
Peak memory: 1070.2238159179688 MB
Time index, remove data from structure: 0.0019418232682926828
Time for querying: 0.0
Time for new slide: 0.08934934426829269
Time for expired slide: 0.0076874492845528455
------------------------------------
Number clusters = 0.0
Max Number points in event queue = 0.0
Avg number points in clusters= 0.0
Avg Rmc size = 0.0
Avg Length exps= 0.0
#window: 124
Total #outliers: 617
Average Time: 97.21280719354837 ms
Peak memory: 1090.0260772705078 MB
Time index, remove data from structure: 0.0019399700967741935
Time for querying: 0.0
Time for new slide: 0.0895271923548387
Time for expired slide: 0.00768220195967742
------------------------------------
Number clusters = 0.0
Max Number points in event queue = 0.0
Avg number points in clusters= 0.0
Avg Rmc size = 0.0
Avg Length exps= 0.0
#window: 125
Total #outliers: 651
Average Time: 97.38917491999999 ms
Peak memory: 1090.0260772705078 MB
Time index, remove data from structure: 0.001939166152
Time for querying: 0.0
Time for new slide: 0.089707910008
Time for expired slide: 0.0076778529359999995
------------------------------------
Number clusters = 0.0
Max Number points in event queue = 0.0
Avg number points in clusters= 0.0
Avg Rmc size = 0.0
Avg Length exps= 0.0
#window: 126
Total #outliers: 690
Average Time: 97.16394707142855 ms
Peak memory: 1097.3427658081055 MB
Time index, remove data from structure: 0.0019382195317460317
Time for querying: 0.0
Time for new slide: 0.08948665126984127
Time for expired slide: 0.0076738800714285715
------------------------------------
Number clusters = 0.0
Max Number points in event queue = 0.0
Avg number points in clusters= 0.0
Avg Rmc size = 0.0
Avg Length exps= 0.0
#window: 127
Total #outliers: 651
Average Time: 96.85372593700787 ms
Peak memory: 1097.3427658081055 MB
Time index, remove data from structure: 0.0019362820078740158
Time for querying: 0.0
Time for new slide: 0.08918250188188977
Time for expired slide: 0.007667812196850394
------------------------------------
Number clusters = 0.0
Max Number points in event queue = 0.0
Avg number points in clusters= 0.0
Avg Rmc size = 0.0
Avg Length exps= 0.0
#window: 128
Total #outliers: 665
Average Time: 96.56289132031249 ms
Peak memory: 1097.3427658081055 MB
Time index, remove data from structure: 0.0019339078359375
Time for querying: 0.0
Time for new slide: 0.0889020347734375
Time for expired slide: 0.0076574388125
------------------------------------
Number clusters = 0.0
Max Number points in event queue = 0.0
Avg number points in clusters= 0.0
Avg Rmc size = 0.0
Avg Length exps= 0.0
#window: 129
Total #outliers: 653
Average Time: 96.31815360465116 ms
Peak memory: 1097.3427658081055 MB
Time index, remove data from structure: 0.0019322919224806201
Time for querying: 0.0
Time for new slide: 0.08866397907751937
Time for expired slide: 0.007650757782945736
------------------------------------
Number clusters = 0.0
Max Number points in event queue = 0.0
Avg number points in clusters= 0.0
Avg Rmc size = 0.0
Avg Length exps= 0.0
#window: 130
Total #outliers: 611
Average Time: 96.11683923846152 ms
Peak memory: 1097.3427658081055 MB
Time index, remove data from structure: 0.0019305882538461537
Time for querying: 0.0
Time for new slide: 0.08847086623846154
Time for expired slide: 0.007642559661538461
------------------------------------
Number clusters = 0.0
Max Number points in event queue = 0.0
Avg number points in clusters= 0.0
Avg Rmc size = 0.0
Avg Length exps= 0.0
#window: 131
Total #outliers: 596
Average Time: 95.88078921374046 ms
Peak memory: 1097.3427658081055 MB
Time index, remove data from structure: 0.0019283394732824428
Time for querying: 0.0
Time for new slide: 0.0882448335572519
Time for expired slide: 0.007632544267175573
------------------------------------
Number clusters = 0.0
Max Number points in event queue = 0.0
Avg number points in clusters= 0.0
Avg Rmc size = 0.0
Avg Length exps= 0.0
#window: 132
Total #outliers: 576
Average Time: 95.66469062878787 ms
Peak memory: 1097.3427658081055 MB
Time index, remove data from structure: 0.0019257786136363635
Time for querying: 0.0
Time for new slide: 0.08804009395454546
Time for expired slide: 0.00762118725
------------------------------------
Number clusters = 0.0
Max Number points in event queue = 0.0
Avg number points in clusters= 0.0
Avg Rmc size = 0.0
Avg Length exps= 0.0
#window: 133
Total #outliers: 583
Average Time: 95.37330059398494 ms
Peak memory: 1097.3427658081055 MB
Time index, remove data from structure: 0.0019235265488721804
Time for querying: 0.0
Time for new slide: 0.08775897621052632
Time for expired slide: 0.007610915496240601
------------------------------------
Number clusters = 0.0
Max Number points in event queue = 0.0
Avg number points in clusters= 0.0
Avg Rmc size = 0.0
Avg Length exps= 0.0
#window: 134
Total #outliers: 567
Average Time: 95.06726038059699 ms
Peak memory: 1097.3427658081055 MB
Time index, remove data from structure: 0.001920812567164179
Time for querying: 0.0
Time for new slide: 0.08746452876119404
Time for expired slide: 0.007599323514925374
------------------------------------
Number clusters = 0.0
Max Number points in event queue = 0.0
Avg number points in clusters= 0.0
Avg Rmc size = 0.0
Avg Length exps= 0.0
#window: 135
Total #outliers: 574
Average Time: 94.80174500740738 ms
Peak memory: 1097.3427658081055 MB
Time index, remove data from structure: 0.001918515962962963
Time for querying: 0.0
Time for new slide: 0.08721024322222222
Time for expired slide: 0.007588093711111112
------------------------------------
Number clusters = 0.0
Max Number points in event queue = 0.0
Avg number points in clusters= 0.0
Avg Rmc size = 0.0
Avg Length exps= 0.0
#window: 136
Total #outliers: 588
Average Time: 94.55948271323527 ms
Peak memory: 1097.3427658081055 MB
Time index, remove data from structure: 0.0019159906911764705
Time for querying: 0.0
Time for new slide: 0.08697903269852941
Time for expired slide: 0.007577043617647058
------------------------------------
Number clusters = 0.0
Max Number points in event queue = 0.0
Avg number points in clusters= 0.0
Avg Rmc size = 0.0
Avg Length exps= 0.0
#window: 137
Total #outliers: 577
Average Time: 94.38699953284669 ms
Peak memory: 1097.3427658081055 MB
Time index, remove data from structure: 0.0019135276496350365
Time for querying: 0.0
Time for new slide: 0.08681640510218978
Time for expired slide: 0.007567190649635037
------------------------------------
Number clusters = 0.0
Max Number points in event queue = 0.0
Avg number points in clusters= 0.0
Avg Rmc size = 0.0
Avg Length exps= 0.0
#window: 138
Total #outliers: 494
Average Time: 94.28055315942026 ms
Peak memory: 1097.3427658081055 MB
Time index, remove data from structure: 0.0019111483985507249
Time for querying: 0.0
Time for new slide: 0.08671974260869565
Time for expired slide: 0.0075574123695652164
------------------------------------
Number clusters = 0.0
Max Number points in event queue = 0.0
Avg number points in clusters= 0.0
Avg Rmc size = 0.0
Avg Length exps= 0.0
#window: 139
Total #outliers: 539
Average Time: 94.21524885611508 ms
Peak memory: 1097.3427658081055 MB
Time index, remove data from structure: 0.0019087558057553958
Time for querying: 0.0
Time for new slide: 0.0866656944172662
Time for expired slide: 0.007546154143884892
------------------------------------
Number clusters = 0.0
Max Number points in event queue = 0.0
Avg number points in clusters= 0.0
Avg Rmc size = 0.0
Avg Length exps= 0.0
#window: 140
Total #outliers: 476
Average Time: 94.14532980714284 ms
Peak memory: 1097.3427658081055 MB
Time index, remove data from structure: 0.0019070631214285713
Time for querying: 0.0
Time for new slide: 0.08660338543571429
Time for expired slide: 0.007538547407142858
------------------------------------
Number clusters = 0.0
Max Number points in event queue = 0.0
Avg number points in clusters= 0.0
Avg Rmc size = 0.0
Avg Length exps= 0.0
#window: 141
Total #outliers: 491
Average Time: 94.1035853687943 ms
Peak memory: 1097.3427658081055 MB
Time index, remove data from structure: 0.0019062016737588653
Time for querying: 0.0
Time for new slide: 0.08657079310638298
Time for expired slide: 0.007529393971631206
------------------------------------
Number clusters = 0.0
Max Number points in event queue = 0.0
Avg number points in clusters= 0.0
Avg Rmc size = 0.0
Avg Length exps= 0.0
#window: 142
Total #outliers: 514
Average Time: 94.12144466197181 ms
Peak memory: 1097.3427658081055 MB
Time index, remove data from structure: 0.0019040377605633804
Time for querying: 0.0
Time for new slide: 0.08659948826760563
Time for expired slide: 0.0075185595
------------------------------------
Number clusters = 0.0
Max Number points in event queue = 0.0
Avg number points in clusters= 0.0
Avg Rmc size = 0.0
Avg Length exps= 0.0
#window: 143
Total #outliers: 485
Average Time: 94.14275618181817 ms
Peak memory: 1097.3427658081055 MB
Time index, remove data from structure: 0.0019014834265734264
Time for querying: 0.0
Time for new slide: 0.08663174851748252
Time for expired slide: 0.007507616055944057
------------------------------------
Number clusters = 0.0
Max Number points in event queue = 0.0
Avg number points in clusters= 0.0
Avg Rmc size = 0.0
Avg Length exps= 0.0
#window: 144
Total #outliers: 523
Average Time: 94.19041048611109 ms
Peak memory: 1097.3427658081055 MB
Time index, remove data from structure: 0.0018993175972222222
Time for querying: 0.0
Time for new slide: 0.08669009630555555
Time for expired slide: 0.007496922118055556
------------------------------------
Number clusters = 0.0
Max Number points in event queue = 0.0
Avg number points in clusters= 0.0
Avg Rmc size = 0.0
Avg Length exps= 0.0
#window: 145
Total #outliers: 551
Average Time: 94.21165063448274 ms
Peak memory: 1097.3427658081055 MB
Time index, remove data from structure: 0.0018970090827586208
Time for querying: 0.0
Time for new slide: 0.08672105611034484
Time for expired slide: 0.00748720015862069
------------------------------------
Number clusters = 0.0
Max Number points in event queue = 0.0
Avg number points in clusters= 0.0
Avg Rmc size = 0.0
Avg Length exps= 0.0
#window: 146
Total #outliers: 552
Average Time: 94.24107867808218 ms
Peak memory: 1097.3427658081055 MB
Time index, remove data from structure: 0.001894411109589041
Time for querying: 0.0
Time for new slide: 0.0867589158630137
Time for expired slide: 0.007478764054794521
------------------------------------
Number clusters = 0.0
Max Number points in event queue = 0.0
Avg number points in clusters= 0.0
Avg Rmc size = 0.0
Avg Length exps= 0.0
#window: 147
Total #outliers: 506
Average Time: 94.2252364829932 ms
Peak memory: 1097.3427658081055 MB
Time index, remove data from structure: 0.0018919461088435373
Time for querying: 0.0
Time for new slide: 0.08675130108163265
Time for expired slide: 0.007470536265306122
------------------------------------
Number clusters = 0.0
Max Number points in event queue = 0.0
Avg number points in clusters= 0.0
Avg Rmc size = 0.0
Avg Length exps= 0.0
#window: 148
Total #outliers: 542
Average Time: 94.2768532027027 ms
Peak memory: 1097.3427658081055 MB
Time index, remove data from structure: 0.001890523972972973
Time for querying: 0.0
Time for new slide: 0.08678190818243244
Time for expired slide: 0.00749154477027027
------------------------------------
Number clusters = 0.0
Max Number points in event queue = 0.0
Avg number points in clusters= 0.0
Avg Rmc size = 0.0
Avg Length exps= 0.0
#window: 149
Total #outliers: 531
Average Time: 94.31982127516777 ms
Peak memory: 1097.3427658081055 MB
Time index, remove data from structure: 0.0018884406912751679
Time for querying: 0.0
Time for new slide: 0.08683348418120806
Time for expired slide: 0.0074829398120805374
------------------------------------
Number clusters = 0.0
Max Number points in event queue = 0.0
Avg number points in clusters= 0.0
Avg Rmc size = 0.0
Avg Length exps= 0.0
#window: 150
Total #outliers: 519
Average Time: 94.35110358 ms
Peak memory: 1097.3427658081055 MB
Time index, remove data from structure: 0.0018867764400000001
Time for querying: 0.0
Time for new slide: 0.08684400778000001
Time for expired slide: 0.007503700899999999
------------------------------------
Number clusters = 0.0
Max Number points in event queue = 0.0
Avg number points in clusters= 0.0
Avg Rmc size = 0.0
Avg Length exps= 0.0
#window: 151
Total #outliers: 526
Average Time: 94.41819399337747 ms
Peak memory: 1097.3427658081055 MB
Time index, remove data from structure: 0.0018857820264900661
Time for querying: 0.0
Time for new slide: 0.08688647359602648
Time for expired slide: 0.0075283270066225155
------------------------------------
Number clusters = 0.0
Max Number points in event queue = 0.0
Avg number points in clusters= 0.0
Avg Rmc size = 0.0
Avg Length exps= 0.0
#window: 152
Total #outliers: 585
Average Time: 94.49270041447367 ms
Peak memory: 1097.3427658081055 MB
Time index, remove data from structure: 0.0018848432960526316
Time for querying: 0.0
Time for new slide: 0.08693466322368422
Time for expired slide: 0.007554642177631579
------------------------------------
Number clusters = 0.0
Max Number points in event queue = 0.0
Avg number points in clusters= 0.0
Avg Rmc size = 0.0
Avg Length exps= 0.0
#window: 153
Total #outliers: 594
Average Time: 94.57541333333333 ms
Peak memory: 1097.3427658081055 MB
Time index, remove data from structure: 0.0018840941307189541
Time for querying: 0.0
Time for new slide: 0.08701062234640522
Time for expired slide: 0.007561394653594771
------------------------------------
Number clusters = 0.0
Max Number points in event queue = 0.0
Avg number points in clusters= 0.0
Avg Rmc size = 0.0
Avg Length exps= 0.0
#window: 154
Total #outliers: 551
Average Time: 94.62971164935065 ms
Peak memory: 1097.3427658081055 MB
Time index, remove data from structure: 0.0018828710584415584
Time for querying: 0.0
Time for new slide: 0.08707020114935064
Time for expired slide: 0.007556115292207792
------------------------------------
Number clusters = 0.0
Max Number points in event queue = 0.0
Avg number points in clusters= 0.0
Avg Rmc size = 0.0
Avg Length exps= 0.0
#window: 155
Total #outliers: 549
Average Time: 94.75584478709676 ms
Peak memory: 1097.3427658081055 MB
Time index, remove data from structure: 0.001882182722580645
Time for querying: 0.0
Time for new slide: 0.08720247612258064
Time for expired slide: 0.007549968006451613
------------------------------------
Number clusters = 0.0
Max Number points in event queue = 0.0
Avg number points in clusters= 0.0
Avg Rmc size = 0.0
Avg Length exps= 0.0
#window: 156
Total #outliers: 569
Average Time: 94.85355758974357 ms
Peak memory: 1097.3427658081055 MB
Time index, remove data from structure: 0.001880690987179487
Time for querying: 0.0
Time for new slide: 0.08730598135897437
Time for expired slide: 0.007544171846153846
------------------------------------
Number clusters = 0.0
Max Number points in event queue = 0.0
Avg number points in clusters= 0.0
Avg Rmc size = 0.0
Avg Length exps= 0.0
#window: 157
Total #outliers: 567
Average Time: 94.9518222165605 ms
Peak memory: 1097.3427658081055 MB
Time index, remove data from structure: 0.0018803447133757963
Time for querying: 0.0
Time for new slide: 0.0873964345477707
Time for expired slide: 0.0075519827324840765
------------------------------------
Number clusters = 0.0
Max Number points in event queue = 0.0
Avg number points in clusters= 0.0
Avg Rmc size = 0.0
Avg Length exps= 0.0
#window: 158
Total #outliers: 597
Average Time: 95.0323619113924 ms
Peak memory: 1097.3427658081055 MB
Time index, remove data from structure: 0.001880281405063291
Time for querying: 0.0
Time for new slide: 0.08746535177215191
Time for expired slide: 0.007563608569620253
------------------------------------
Number clusters = 0.0
Max Number points in event queue = 0.0
Avg number points in clusters= 0.0
Avg Rmc size = 0.0
Avg Length exps= 0.0
#window: 159
Total #outliers: 590
Average Time: 95.06630628301886 ms
Peak memory: 1097.3427658081055 MB
Time index, remove data from structure: 0.0018796104528301886
Time for querying: 0.0
Time for new slide: 0.08750506275471698
Time for expired slide: 0.007557840339622642
------------------------------------
Number clusters = 0.0
Max Number points in event queue = 0.0
Avg number points in clusters= 0.0
Avg Rmc size = 0.0
Avg Length exps= 0.0
#window: 160
Total #outliers: 538
Average Time: 95.12061195624999 ms
Peak memory: 1097.3427658081055 MB
Time index, remove data from structure: 0.0018791024
Time for querying: 0.0
Time for new slide: 0.08755206276250001
Time for expired slide: 0.007565145425
------------------------------------
Number clusters = 0.0
Max Number points in event queue = 0.0
Avg number points in clusters= 0.0
Avg Rmc size = 0.0
Avg Length exps= 0.0
#window: 161
Total #outliers: 534
Average Time: 95.15223642857141 ms
Peak memory: 1097.3427658081055 MB
Time index, remove data from structure: 0.0018778854720496894
Time for querying: 0.0
Time for new slide: 0.08757672667701864
Time for expired slide: 0.007572105453416148
------------------------------------
Number clusters = 0.0
Max Number points in event queue = 0.0
Avg number points in clusters= 0.0
Avg Rmc size = 0.0
Avg Length exps= 0.0
#window: 162
Total #outliers: 495
Average Time: 95.15430330246913 ms
Peak memory: 1097.3427658081055 MB
Time index, remove data from structure: 0.001877544925925926
Time for querying: 0.0
Time for new slide: 0.08755796066666667
Time for expired slide: 0.007592941061728395
------------------------------------
Number clusters = 0.0
Max Number points in event queue = 0.0
Avg number points in clusters= 0.0
Avg Rmc size = 0.0
Avg Length exps= 0.0
#window: 163
Total #outliers: 570
Average Time: 95.13677294478528 ms
Peak memory: 1097.3427658081055 MB
Time index, remove data from structure: 0.0018780243680981596
Time for querying: 0.0
Time for new slide: 0.08751939912883436
Time for expired slide: 0.007613974975460123
------------------------------------
Number clusters = 0.0
Max Number points in event queue = 0.0
Avg number points in clusters= 0.0
Avg Rmc size = 0.0
Avg Length exps= 0.0
#window: 164
Total #outliers: 484
Average Time: 95.08345790243901 ms
Peak memory: 1097.3427658081055 MB
Time index, remove data from structure: 0.0018766760304878049
Time for querying: 0.0
Time for new slide: 0.0874711837195122
Time for expired slide: 0.007608875097560976
------------------------------------
Number clusters = 0.0
Max Number points in event queue = 0.0
Avg number points in clusters= 0.0
Avg Rmc size = 0.0
Avg Length exps= 0.0
#window: 165
Total #outliers: 395
Average Time: 95.10256347272725 ms
Peak memory: 1097.3427658081055 MB
Time index, remove data from structure: 0.0018749477696969696
Time for querying: 0.0
Time for new slide: 0.08748697055151515
Time for expired slide: 0.007612194284848484
------------------------------------
Number clusters = 0.0
Max Number points in event queue = 0.0
Avg number points in clusters= 0.0
Avg Rmc size = 0.0
Avg Length exps= 0.0
#window: 166
Total #outliers: 464
Average Time: 95.1072308192771 ms
Peak memory: 1097.3427658081055 MB
Time index, remove data from structure: 0.0018754331024096386
Time for querying: 0.0
Time for new slide: 0.08749078119879518
Time for expired slide: 0.007613052831325301
------------------------------------
Number clusters = 0.0
Max Number points in event queue = 0.0
Avg number points in clusters= 0.0
Avg Rmc size = 0.0
Avg Length exps= 0.0
#window: 167
Total #outliers: 462
Average Time: 95.09281752095808 ms
Peak memory: 1097.3427658081055 MB
Time index, remove data from structure: 0.0018744225449101796
Time for querying: 0.0
Time for new slide: 0.08746205106586827
Time for expired slide: 0.007627371443113773
------------------------------------
Number clusters = 0.0
Max Number points in event queue = 0.0
Avg number points in clusters= 0.0
Avg Rmc size = 0.0
Avg Length exps= 0.0
#window: 168
Total #outliers: 471
Average Time: 95.07728998809525 ms
Peak memory: 1097.3427658081055 MB
Time index, remove data from structure: 0.0018729608749999999
Time for querying: 0.0
Time for new slide: 0.08745566664880952
Time for expired slide: 0.007618226773809524
------------------------------------
Number clusters = 0.0
Max Number points in event queue = 0.0
Avg number points in clusters= 0.0
Avg Rmc size = 0.0
Avg Length exps= 0.0
#window: 169
Total #outliers: 465
Average Time: 95.10246249704142 ms
Peak memory: 1097.3427658081055 MB
Time index, remove data from structure: 0.0018717600828402367
Time for querying: 0.0
Time for new slide: 0.08747586708284023
Time for expired slide: 0.007623197289940828
------------------------------------
Number clusters = 0.0
Max Number points in event queue = 0.0
Avg number points in clusters= 0.0
Avg Rmc size = 0.0
Avg Length exps= 0.0
#window: 170
Total #outliers: 491
Average Time: 95.09414617058825 ms
Peak memory: 1097.3427658081055 MB
Time index, remove data from structure: 0.0018706856058823527
Time for querying: 0.0
Time for new slide: 0.08746304042352941
Time for expired slide: 0.00762770854117647
------------------------------------
Number clusters = 0.0
Max Number points in event queue = 0.0
Avg number points in clusters= 0.0
Avg Rmc size = 0.0
Avg Length exps= 0.0
#window: 171
Total #outliers: 503
Average Time: 95.06303331578947 ms
Peak memory: 1097.3427658081055 MB
Time index, remove data from structure: 0.0018689667368421055
Time for querying: 0.0
Time for new slide: 0.08744146535672515
Time for expired slide: 0.007618169538011696
------------------------------------
Number clusters = 0.0
Max Number points in event queue = 0.0
Avg number points in clusters= 0.0
Avg Rmc size = 0.0
Avg Length exps= 0.0
#window: 172
Total #outliers: 505
Average Time: 95.00726167441861 ms
Peak memory: 1097.3427658081055 MB
Time index, remove data from structure: 0.001866886406976744
Time for querying: 0.0
Time for new slide: 0.08739457127906976
Time for expired slide: 0.0076092910697674425
------------------------------------
Number clusters = 0.0
Max Number points in event queue = 0.0
Avg number points in clusters= 0.0
Avg Rmc size = 0.0
Avg Length exps= 0.0
#window: 173
Total #outliers: 525
Average Time: 95.00534150867054 ms
Peak memory: 1097.3427658081055 MB
Time index, remove data from structure: 0.0018654637572254333
Time for querying: 0.0
Time for new slide: 0.08739009485549132
Time for expired slide: 0.00761184487283237
------------------------------------
Number clusters = 0.0
Max Number points in event queue = 0.0
Avg number points in clusters= 0.0
Avg Rmc size = 0.0
Avg Length exps= 0.0
#window: 174
Total #outliers: 556
Average Time: 95.03539105172416 ms
Peak memory: 1097.3427658081055 MB
Time index, remove data from structure: 0.0018645296149425287
Time for querying: 0.0
Time for new slide: 0.08740772033908045
Time for expired slide: 0.007624270505747126
------------------------------------
Number clusters = 0.0
Max Number points in event queue = 0.0
Avg number points in clusters= 0.0
Avg Rmc size = 0.0
Avg Length exps= 0.0
#window: 175
Total #outliers: 603
Average Time: 95.03570766285716 ms
Peak memory: 1097.3427658081055 MB
Time index, remove data from structure: 0.0018637316285714284
Time for querying: 0.0
Time for new slide: 0.08737043616571429
Time for expired slide: 0.007661871188571428
------------------------------------
Number clusters = 0.0
Max Number points in event queue = 0.0
Avg number points in clusters= 0.0
Avg Rmc size = 0.0
Avg Length exps= 0.0
#window: 176
Total #outliers: 648
Average Time: 95.0120878295455 ms
Peak memory: 1097.3427658081055 MB
Time index, remove data from structure: 0.001862439971590909
Time for querying: 0.0
Time for new slide: 0.08735222321590909
Time for expired slide: 0.007656463914772727
------------------------------------
Number clusters = 0.0
Max Number points in event queue = 0.0
Avg number points in clusters= 0.0
Avg Rmc size = 0.0
Avg Length exps= 0.0
#window: 177
Total #outliers: 676
Average Time: 94.99825934463281 ms
Peak memory: 1097.3427658081055 MB
Time index, remove data from structure: 0.0018611254350282488
Time for querying: 0.0
Time for new slide: 0.08733146118644068
Time for expired slide: 0.007663396209039547
------------------------------------
Number clusters = 0.0
Max Number points in event queue = 0.0
Avg number points in clusters= 0.0
Avg Rmc size = 0.0
Avg Length exps= 0.0
#window: 178
Total #outliers: 681
Average Time: 95.0090336853933 ms
Peak memory: 1097.3427658081055 MB
Time index, remove data from structure: 0.0018595226853932586
Time for querying: 0.0
Time for new slide: 0.0873470101011236
Time for expired slide: 0.00765862270224719
------------------------------------
Number clusters = 0.0
Max Number points in event queue = 0.0
Avg number points in clusters= 0.0
Avg Rmc size = 0.0
Avg Length exps= 0.0
#window: 179
Total #outliers: 661
Average Time: 95.01516013407824 ms
Peak memory: 1097.3427658081055 MB
Time index, remove data from structure: 0.0018584492402234638
Time for querying: 0.0
Time for new slide: 0.0873463238603352
Time for expired slide: 0.0076654359944134075
------------------------------------
Number clusters = 0.0
Max Number points in event queue = 0.0
Avg number points in clusters= 0.0
Avg Rmc size = 0.0
Avg Length exps= 0.0
#window: 180
Total #outliers: 690
Average Time: 95.02477377222226 ms
Peak memory: 1097.3427658081055 MB
Time index, remove data from structure: 0.001857913961111111
Time for querying: 0.0
Time for new slide: 0.08734423072222222
Time for expired slide: 0.0076771433666666675
------------------------------------
Number clusters = 0.0
Max Number points in event queue = 0.0
Avg number points in clusters= 0.0
Avg Rmc size = 0.0
Avg Length exps= 0.0
#window: 181
Total #outliers: 785
Average Time: 95.01343706077353 ms
Peak memory: 1097.3427658081055 MB
Time index, remove data from structure: 0.0018580709116022098
Time for querying: 0.0
Time for new slide: 0.0873282729281768
Time for expired slide: 0.007681766364640884
------------------------------------
Number clusters = 0.0
Max Number points in event queue = 0.0
Avg number points in clusters= 0.0
Avg Rmc size = 0.0
Avg Length exps= 0.0
#window: 182
Total #outliers: 819
Average Time: 94.79188271978026 ms
Peak memory: 1097.3427658081055 MB
Time index, remove data from structure: 0.0018568071208791208
Time for querying: 0.0
Time for new slide: 0.08708898788461539
Time for expired slide: 0.007699499989010989
------------------------------------
Number clusters = 0.0
Max Number points in event queue = 0.0
Avg number points in clusters= 0.0
Avg Rmc size = 0.0
Avg Length exps= 0.0
#window: 183
Total #outliers: 860
Average Time: 94.56945714207656 ms
Peak memory: 1097.3427658081055 MB
Time index, remove data from structure: 0.0018551219234972677
Time for querying: 0.0
Time for new slide: 0.0868658966830601
Time for expired slide: 0.007700170459016394
------------------------------------
Number clusters = 0.0
Max Number points in event queue = 0.0
Avg number points in clusters= 0.0
Avg Rmc size = 0.0
Avg Length exps= 0.0
#window: 184
Total #outliers: 871
Average Time: 94.37450808695658 ms
Peak memory: 1097.3427658081055 MB
Time index, remove data from structure: 0.001853589722826087
Time for querying: 0.0
Time for new slide: 0.08663766642391305
Time for expired slide: 0.007733452010869566
------------------------------------
Number clusters = 0.0
Max Number points in event queue = 0.0
Avg number points in clusters= 0.0
Avg Rmc size = 0.0
Avg Length exps= 0.0
#window: 185
Total #outliers: 877
Average Time: 94.22020761621627 ms
Peak memory: 1097.3427658081055 MB
Time index, remove data from structure: 0.0018517122432432432
Time for querying: 0.0
Time for new slide: 0.0864820811135135
Time for expired slide: 0.007734739972972973
------------------------------------
Number clusters = 0.0
Max Number points in event queue = 0.0
Avg number points in clusters= 0.0
Avg Rmc size = 0.0
Avg Length exps= 0.0
#window: 186
Total #outliers: 881
Average Time: 94.12091883870974 ms
Peak memory: 1097.3427658081055 MB
Time index, remove data from structure: 0.001851261311827957
Time for querying: 0.0
Time for new slide: 0.08632764317204301
Time for expired slide: 0.007789891602150537
------------------------------------
Number clusters = 0.0
Max Number points in event queue = 0.0
Avg number points in clusters= 0.0
Avg Rmc size = 0.0
Avg Length exps= 0.0
#window: 187
Total #outliers: 867
Average Time: 94.0232607005348 ms
Peak memory: 1097.3427658081055 MB
Time index, remove data from structure: 0.001850418524064171
Time for querying: 0.0
Time for new slide: 0.08619789705882354
Time for expired slide: 0.007821982807486631
------------------------------------
Number clusters = 0.0
Max Number points in event queue = 0.0
Avg number points in clusters= 0.0
Avg Rmc size = 0.0
Avg Length exps= 0.0
#window: 188
Total #outliers: 859
Average Time: 93.90993162765963 ms
Peak memory: 1097.3427658081055 MB
Time index, remove data from structure: 0.001848203643617021
Time for querying: 0.0
Time for new slide: 0.08608374060106384
Time for expired slide: 0.007822811207446809
------------------------------------
Number clusters = 0.0
Max Number points in event queue = 0.0
Avg number points in clusters= 0.0
Avg Rmc size = 0.0
Avg Length exps= 0.0
#window: 189
Total #outliers: 843
Average Time: 93.756638936508 ms
Peak memory: 1097.3427658081055 MB
Time index, remove data from structure: 0.0018458153333333332
Time for querying: 0.0
Time for new slide: 0.08592944000529101
Time for expired slide: 0.00782382035978836
------------------------------------
Number clusters = 0.0
Max Number points in event queue = 0.0
Avg number points in clusters= 0.0
Avg Rmc size = 0.0
Avg Length exps= 0.0
#window: 190
Total #outliers: 808
Average Time: 93.61847054736847 ms
Peak memory: 1097.3427658081055 MB
Time index, remove data from structure: 0.0018435809210526316
Time for querying: 0.0
Time for new slide: 0.08578329642631578
Time for expired slide: 0.00783179747368421
------------------------------------
Number clusters = 0.0
Max Number points in event queue = 0.0
Avg number points in clusters= 0.0
Avg Rmc size = 0.0
Avg Length exps= 0.0
Peak memory: 1097.3427658081055 MB
Average CPU time: 93.61847054736847 ms
