#window: 1
Total #outliers: 220
Average Time: 0.0 ms
Peak memory: 291.6981430053711 MB
Time index, remove data from structure: 0.0
Time for querying: 0.0
Time for new slide: 0.0
Time for expired slide: 0.0
------------------------------------
Number clusters = 0.0
Max Number points in event queue = 0.0
Avg number points in clusters= 0.0
Avg Rmc size = 0.0
Avg Length exps= 0.0
#window: 2
Total #outliers: 193
Average Time: 27.877168 ms
Peak memory: 291.6981430053711 MB
Time index, remove data from structure: 0.001610008
Time for querying: 0.0
Time for new slide: 0.023413523
Time for expired slide: 0.0044615645
------------------------------------
Number clusters = 0.0
Max Number points in event queue = 0.0
Avg number points in clusters= 0.0
Avg Rmc size = 0.0
Avg Length exps= 0.0
#window: 3
Total #outliers: 186
Average Time: 35.212463 ms
Peak memory: 291.6981430053711 MB
Time index, remove data from structure: 0.0016829936666666668
Time for querying: 0.0
Time for new slide: 0.03055135
Time for expired slide: 0.004658835666666667
------------------------------------
Number clusters = 0.0
Max Number points in event queue = 0.0
Avg number points in clusters= 0.0
Avg Rmc size = 0.0
Avg Length exps= 0.0
#window: 4
Total #outliers: 187
Average Time: 40.650256 ms
Peak memory: 291.6981430053711 MB
Time index, remove data from structure: 0.00177950925
Time for querying: 0.0
Time for new slide: 0.0357902385
Time for expired slide: 0.004857583
------------------------------------
Number clusters = 0.0
Max Number points in event queue = 0.0
Avg number points in clusters= 0.0
Avg Rmc size = 0.0
Avg Length exps= 0.0
#window: 5
Total #outliers: 169
Average Time: 45.6322732 ms
Peak memory: 291.6981430053711 MB
Time index, remove data from structure: 0.0018117838
Time for querying: 0.0
Time for new slide: 0.040687097
Time for expired slide: 0.0049426822
------------------------------------
Number clusters = 0.0
Max Number points in event queue = 0.0
Avg number points in clusters= 0.0
Avg Rmc size = 0.0
Avg Length exps= 0.0
#window: 6
Total #outliers: 153
Average Time: 49.85164849999999 ms
Peak memory: 291.6981430053711 MB
Time index, remove data from structure: 0.0018742168333333333
Time for querying: 0.0
Time for new slide: 0.04409069466666667
Time for expired slide: 0.0057560104999999995
------------------------------------
Number clusters = 0.0
Max Number points in event queue = 0.0
Avg number points in clusters= 0.0
Avg Rmc size = 0.0
Avg Length exps= 0.0
#window: 7
Total #outliers: 153
Average Time: 53.073075714285714 ms
Peak memory: 291.6981430053711 MB
Time index, remove data from structure: 0.0018925839999999999
Time for querying: 0.0
Time for new slide: 0.04737286857142857
Time for expired slide: 0.005695553428571428
------------------------------------
Number clusters = 0.0
Max Number points in event queue = 0.0
Avg number points in clusters= 0.0
Avg Rmc size = 0.0
Avg Length exps= 0.0
#window: 8
Total #outliers: 155
Average Time: 56.541065875 ms
Peak memory: 291.6981430053711 MB
Time index, remove data from structure: 0.00190692625
Time for querying: 0.0
Time for new slide: 0.050765987
Time for expired slide: 0.005770574375
------------------------------------
Number clusters = 0.0
Max Number points in event queue = 0.0
Avg number points in clusters= 0.0
Avg Rmc size = 0.0
Avg Length exps= 0.0
#window: 9
Total #outliers: 165
Average Time: 58.69434399999999 ms
Peak memory: 291.6981430053711 MB
Time index, remove data from structure: 0.001920082111111111
Time for querying: 0.0
Time for new slide: 0.05296446677777778
Time for expired slide: 0.005725541666666667
------------------------------------
Number clusters = 0.0
Max Number points in event queue = 0.0
Avg number points in clusters= 0.0
Avg Rmc size = 0.0
Avg Length exps= 0.0
#window: 10
Total #outliers: 182
Average Time: 59.78193329999999 ms
Peak memory: 291.6981430053711 MB
Time index, remove data from structure: 0.0019270132999999999
Time for querying: 0.0
Time for new slide: 0.05410081530000001
Time for expired slide: 0.0056769143000000005
------------------------------------
Number clusters = 0.0
Max Number points in event queue = 0.0
Avg number points in clusters= 0.0
Avg Rmc size = 0.0
Avg Length exps= 0.0
#window: 11
Total #outliers: 193
Average Time: 61.63825299999999 ms
Peak memory: 291.6981430053711 MB
Time index, remove data from structure: 0.0019311503636363636
Time for querying: 0.0
Time for new slide: 0.055978233090909095
Time for expired slide: 0.005655905636363636
------------------------------------
Number clusters = 0.0
Max Number points in event queue = 0.0
Avg number points in clusters= 0.0
Avg Rmc size = 0.0
Avg Length exps= 0.0
#window: 12
Total #outliers: 174
Average Time: 63.53822291666665 ms
Peak memory: 291.6981430053711 MB
Time index, remove data from structure: 0.0019273783333333334
Time for querying: 0.0
Time for new slide: 0.05773368758333333
Time for expired slide: 0.0058005159999999995
------------------------------------
Number clusters = 0.0
Max Number points in event queue = 0.0
Avg number points in clusters= 0.0
Avg Rmc size = 0.0
Avg Length exps= 0.0
#window: 13
Total #outliers: 163
Average Time: 65.46025938461537 ms
Peak memory: 307.9429931640625 MB
Time index, remove data from structure: 0.0019329806923076922
Time for querying: 0.0
Time for new slide: 0.05964984292307692
Time for expired slide: 0.005806516076923077
------------------------------------
Number clusters = 0.0
Max Number points in event queue = 0.0
Avg number points in clusters= 0.0
Avg Rmc size = 0.0
Avg Length exps= 0.0
#window: 14
Total #outliers: 188
Average Time: 63.88948271428571 ms
Peak memory: 307.9429931640625 MB
Time index, remove data from structure: 0.001952564
Time for querying: 0.0
Time for new slide: 0.05790725578571428
Time for expired slide: 0.005978386214285715
------------------------------------
Number clusters = 0.0
Max Number points in event queue = 0.0
Avg number points in clusters= 0.0
Avg Rmc size = 0.0
Avg Length exps= 0.0
#window: 15
Total #outliers: 159
Average Time: 62.44360206666666 ms
Peak memory: 307.9429931640625 MB
Time index, remove data from structure: 0.0019516315333333333
Time for querying: 0.0
Time for new slide: 0.0565336264
Time for expired slide: 0.005904661733333333
------------------------------------
Number clusters = 0.0
Max Number points in event queue = 0.0
Avg number points in clusters= 0.0
Avg Rmc size = 0.0
Avg Length exps= 0.0
#window: 16
Total #outliers: 170
Average Time: 61.38335681249999 ms
Peak memory: 307.9429931640625 MB
Time index, remove data from structure: 0.001949042375
Time for querying: 0.0
Time for new slide: 0.0555415055
Time for expired slide: 0.0058366980625
------------------------------------
Number clusters = 0.0
Max Number points in event queue = 0.0
Avg number points in clusters= 0.0
Avg Rmc size = 0.0
Avg Length exps= 0.0
#window: 17
Total #outliers: 162
Average Time: 60.60840852941176 ms
Peak memory: 307.9429931640625 MB
Time index, remove data from structure: 0.0019431032941176472
Time for querying: 0.0
Time for new slide: 0.05482900317647059
Time for expired slide: 0.0057743716470588236
------------------------------------
Number clusters = 0.0
Max Number points in event queue = 0.0
Avg number points in clusters= 0.0
Avg Rmc size = 0.0
Avg Length exps= 0.0
#window: 18
Total #outliers: 173
Average Time: 60.35963277777777 ms
Peak memory: 307.9429931640625 MB
Time index, remove data from structure: 0.0019353877777777775
Time for querying: 0.0
Time for new slide: 0.054616490499999996
Time for expired slide: 0.005738198444444444
------------------------------------
Number clusters = 0.0
Max Number points in event queue = 0.0
Avg number points in clusters= 0.0
Avg Rmc size = 0.0
Avg Length exps= 0.0
#window: 19
Total #outliers: 180
Average Time: 60.433336052631574 ms
Peak memory: 307.9429931640625 MB
Time index, remove data from structure: 0.001938362157894737
Time for querying: 0.0
Time for new slide: 0.05470586684210526
Time for expired slide: 0.005722624631578947
------------------------------------
Number clusters = 0.0
Max Number points in event queue = 0.0
Avg number points in clusters= 0.0
Avg Rmc size = 0.0
Avg Length exps= 0.0
#window: 20
Total #outliers: 182
Average Time: 60.68357999999999 ms
Peak memory: 307.9429931640625 MB
Time index, remove data from structure: 0.0019319288000000001
Time for querying: 0.0
Time for new slide: 0.05500305365
Time for expired slide: 0.0056757542
------------------------------------
Number clusters = 0.0
Max Number points in event queue = 0.0
Avg number points in clusters= 0.0
Avg Rmc size = 0.0
Avg Length exps= 0.0
#window: 21
Total #outliers: 180
Average Time: 61.08793928571427 ms
Peak memory: 307.9429931640625 MB
Time index, remove data from structure: 0.0019191133809523808
Time for querying: 0.0
Time for new slide: 0.05546439661904762
Time for expired slide: 0.005618174238095238
------------------------------------
Number clusters = 0.0
Max Number points in event queue = 0.0
Avg number points in clusters= 0.0
Avg Rmc size = 0.0
Avg Length exps= 0.0
#window: 22
Total #outliers: 213
Average Time: 61.68848654545454 ms
Peak memory: 307.9429931640625 MB
Time index, remove data from structure: 0.001923836681818182
Time for querying: 0.0
Time for new slide: 0.05599241613636363
Time for expired slide: 0.005690815727272727
------------------------------------
Number clusters = 0.0
Max Number points in event queue = 0.0
Avg number points in clusters= 0.0
Avg Rmc size = 0.0
Avg Length exps= 0.0
#window: 23
Total #outliers: 218
Average Time: 62.73516247826086 ms
Peak memory: 307.9429931640625 MB
Time index, remove data from structure: 0.0019353850434782607
Time for querying: 0.0
Time for new slide: 0.057036888304347826
Time for expired slide: 0.0056930969130434775
------------------------------------
Number clusters = 0.0
Max Number points in event queue = 0.0
Avg number points in clusters= 0.0
Avg Rmc size = 0.0
Avg Length exps= 0.0
#window: 24
Total #outliers: 203
Average Time: 63.76863170833332 ms
Peak memory: 307.9429931640625 MB
Time index, remove data from structure: 0.0019329521249999999
Time for querying: 0.0
Time for new slide: 0.05809078904166667
Time for expired slide: 0.005672431916666667
------------------------------------
Number clusters = 0.0
Max Number points in event queue = 0.0
Avg number points in clusters= 0.0
Avg Rmc size = 0.0
Avg Length exps= 0.0
#window: 25
Total #outliers: 186
Average Time: 64.66266499999999 ms
Peak memory: 307.9429931640625 MB
Time index, remove data from structure: 0.00192461568
Time for querying: 0.0
Time for new slide: 0.0590316858
Time for expired slide: 0.0056256569199999995
------------------------------------
Number clusters = 0.0
Max Number points in event queue = 0.0
Avg number points in clusters= 0.0
Avg Rmc size = 0.0
Avg Length exps= 0.0
#window: 26
Total #outliers: 160
Average Time: 65.87006892307691 ms
Peak memory: 307.9429931640625 MB
Time index, remove data from structure: 0.0019182373846153846
Time for querying: 0.0
Time for new slide: 0.06024717353846154
Time for expired slide: 0.0056176512307692305
------------------------------------
Number clusters = 0.0
Max Number points in event queue = 0.0
Avg number points in clusters= 0.0
Avg Rmc size = 0.0
Avg Length exps= 0.0
#window: 27
Total #outliers: 172
Average Time: 67.16779559259257 ms
Peak memory: 307.9429931640625 MB
Time index, remove data from structure: 0.0019172044074074075
Time for querying: 0.0
Time for new slide: 0.061575085555555555
Time for expired slide: 0.005587545962962963
------------------------------------
Number clusters = 0.0
Max Number points in event queue = 0.0
Avg number points in clusters= 0.0
Avg Rmc size = 0.0
Avg Length exps= 0.0
#window: 28
Total #outliers: 159
Average Time: 68.11206296428571 ms
Peak memory: 307.9429931640625 MB
Time index, remove data from structure: 0.0019191296428571428
Time for querying: 0.0
Time for new slide: 0.06253701242857143
Time for expired slide: 0.005569963
------------------------------------
Number clusters = 0.0
Max Number points in event queue = 0.0
Avg number points in clusters= 0.0
Avg Rmc size = 0.0
Avg Length exps= 0.0
#window: 29
Total #outliers: 170
Average Time: 69.17487848275861 ms
Peak memory: 313.9138412475586 MB
Time index, remove data from structure: 0.001925631827586207
Time for querying: 0.0
Time for new slide: 0.06360060631034482
Time for expired slide: 0.005569263655172414
------------------------------------
Number clusters = 0.0
Max Number points in event queue = 0.0
Avg number points in clusters= 0.0
Avg Rmc size = 0.0
Avg Length exps= 0.0
#window: 30
Total #outliers: 181
Average Time: 70.27001806666667 ms
Peak memory: 333.3373336791992 MB
Time index, remove data from structure: 0.0019380139333333333
Time for querying: 0.0
Time for new slide: 0.06470170173333332
Time for expired slide: 0.0055633784333333335
------------------------------------
Number clusters = 0.0
Max Number points in event queue = 0.0
Avg number points in clusters= 0.0
Avg Rmc size = 0.0
Avg Length exps= 0.0
#window: 31
Total #outliers: 175
Average Time: 71.57902245161289 ms
Peak memory: 343.04907989501953 MB
Time index, remove data from structure: 0.0019458145161290322
Time for querying: 0.0
Time for new slide: 0.06602480061290322
Time for expired slide: 0.005549347387096774
------------------------------------
Number clusters = 0.0
Max Number points in event queue = 0.0
Avg number points in clusters= 0.0
Avg Rmc size = 0.0
Avg Length exps= 0.0
#window: 32
Total #outliers: 158
Average Time: 73.12015993749998 ms
Peak memory: 362.4725875854492 MB
Time index, remove data from structure: 0.0019558851875
Time for querying: 0.0
Time for new slide: 0.0675536834375
Time for expired slide: 0.0055616595
------------------------------------
Number clusters = 0.0
Max Number points in event queue = 0.0
Avg number points in clusters= 0.0
Avg Rmc size = 0.0
Avg Length exps= 0.0
#window: 33
Total #outliers: 154
Average Time: 74.82857866666664 ms
Peak memory: 381.89608001708984 MB
Time index, remove data from structure: 0.001965639545454545
Time for querying: 0.0
Time for new slide: 0.06926268866666667
Time for expired slide: 0.005561119606060607
------------------------------------
Number clusters = 0.0
Max Number points in event queue = 0.0
Avg number points in clusters= 0.0
Avg Rmc size = 0.0
Avg Length exps= 0.0
#window: 34
Total #outliers: 154
Average Time: 76.20794508823526 ms
Peak memory: 391.60782623291016 MB
Time index, remove data from structure: 0.0019702229705882354
Time for querying: 0.0
Time for new slide: 0.07062792420588236
Time for expired slide: 0.005575302852941176
------------------------------------
Number clusters = 0.0
Max Number points in event queue = 0.0
Avg number points in clusters= 0.0
Avg Rmc size = 0.0
Avg Length exps= 0.0
#window: 35
Total #outliers: 149
Average Time: 77.04646822857141 ms
Peak memory: 401.319580078125 MB
Time index, remove data from structure: 0.0019707077714285716
Time for querying: 0.0
Time for new slide: 0.07146091414285714
Time for expired slide: 0.005580885457142857
------------------------------------
Number clusters = 0.0
Max Number points in event queue = 0.0
Avg number points in clusters= 0.0
Avg Rmc size = 0.0
Avg Length exps= 0.0
#window: 36
Total #outliers: 181
Average Time: 77.95508827777776 ms
Peak memory: 420.7430725097656 MB
Time index, remove data from structure: 0.0019699090555555555
Time for querying: 0.0
Time for new slide: 0.07238184922222222
Time for expired slide: 0.005568626111111111
------------------------------------
Number clusters = 0.0
Max Number points in event queue = 0.0
Avg number points in clusters= 0.0
Avg Rmc size = 0.0
Avg Length exps= 0.0
#window: 37
Total #outliers: 186
Average Time: 78.78036024324322 ms
Peak memory: 430.45481872558594 MB
Time index, remove data from structure: 0.001966640513513514
Time for querying: 0.0
Time for new slide: 0.07322694629729729
Time for expired slide: 0.005548845216216217
------------------------------------
Number clusters = 0.0
Max Number points in event queue = 0.0
Avg number points in clusters= 0.0
Avg Rmc size = 0.0
Avg Length exps= 0.0
#window: 38
Total #outliers: 171
Average Time: 79.75943094736841 ms
Peak memory: 440.16656494140625 MB
Time index, remove data from structure: 0.001969604947368421
Time for querying: 0.0
Time for new slide: 0.07420956810526315
Time for expired slide: 0.005545323763157895
------------------------------------
Number clusters = 0.0
Max Number points in event queue = 0.0
Avg number points in clusters= 0.0
Avg Rmc size = 0.0
Avg Length exps= 0.0
#window: 39
Total #outliers: 179
Average Time: 80.63435725641024 ms
Peak memory: 449.87835693359375 MB
Time index, remove data from structure: 0.001975295717948718
Time for querying: 0.0
Time for new slide: 0.07506390248717948
Time for expired slide: 0.005565935871794872
------------------------------------
Number clusters = 0.0
Max Number points in event queue = 0.0
Avg number points in clusters= 0.0
Avg Rmc size = 0.0
Avg Length exps= 0.0
#window: 40
Total #outliers: 210
Average Time: 81.231547725 ms
Peak memory: 459.59010314941406 MB
Time index, remove data from structure: 0.0019791069000000003
Time for querying: 0.0
Time for new slide: 0.075665626075
Time for expired slide: 0.005561440475
------------------------------------
Number clusters = 0.0
Max Number points in event queue = 0.0
Avg number points in clusters= 0.0
Avg Rmc size = 0.0
Avg Length exps= 0.0
#window: 41
Total #outliers: 154
Average Time: 81.58654404878048 ms
Peak memory: 479.0136260986328 MB
Time index, remove data from structure: 0.001984404146341463
Time for querying: 0.0
Time for new slide: 0.07600170514634146
Time for expired slide: 0.00558039643902439
------------------------------------
Number clusters = 0.0
Max Number points in event queue = 0.0
Avg number points in clusters= 0.0
Avg Rmc size = 0.0
Avg Length exps= 0.0
#window: 42
Total #outliers: 145
Average Time: 82.25227842857142 ms
Peak memory: 488.7253723144531 MB
Time index, remove data from structure: 0.001988462119047619
Time for querying: 0.0
Time for new slide: 0.07663944395238095
Time for expired slide: 0.005608429357142857
------------------------------------
Number clusters = 0.0
Max Number points in event queue = 0.0
Avg number points in clusters= 0.0
Avg Rmc size = 0.0
Avg Length exps= 0.0
#window: 43
Total #outliers: 158
Average Time: 82.79309646511628 ms
Peak memory: 508.1679382324219 MB
Time index, remove data from structure: 0.001993991023255814
Time for querying: 0.0
Time for new slide: 0.07716926395348837
Time for expired slide: 0.005619460604651163
------------------------------------
Number clusters = 0.0
Max Number points in event queue = 0.0
Avg number points in clusters= 0.0
Avg Rmc size = 0.0
Avg Length exps= 0.0
#window: 44
Total #outliers: 181
Average Time: 83.33668588636363 ms
Peak memory: 527.5914993286133 MB
Time index, remove data from structure: 0.0019973918863636364
Time for querying: 0.0
Time for new slide: 0.07771053993181819
Time for expired slide: 0.0056218051590909085
------------------------------------
Number clusters = 0.0
Max Number points in event queue = 0.0
Avg number points in clusters= 0.0
Avg Rmc size = 0.0
Avg Length exps= 0.0
#window: 45
Total #outliers: 172
Average Time: 83.85535913333334 ms
Peak memory: 547.0149917602539 MB
Time index, remove data from structure: 0.001998207466666667
Time for querying: 0.0
Time for new slide: 0.07823955291111112
Time for expired slide: 0.0056114938444444444
------------------------------------
Number clusters = 0.0
Max Number points in event queue = 0.0
Avg number points in clusters= 0.0
Avg Rmc size = 0.0
Avg Length exps= 0.0
#window: 46
Total #outliers: 214
Average Time: 84.31834306521739 ms
Peak memory: 556.7267532348633 MB
Time index, remove data from structure: 0.0020034121739130432
Time for querying: 0.0
Time for new slide: 0.07869622899999999
Time for expired slide: 0.005617819369565217
------------------------------------
Number clusters = 0.0
Max Number points in event queue = 0.0
Avg number points in clusters= 0.0
Avg Rmc size = 0.0
Avg Length exps= 0.0
#window: 47
Total #outliers: 195
Average Time: 84.54968095744682 ms
Peak memory: 566.4384994506836 MB
Time index, remove data from structure: 0.002005123744680851
Time for querying: 0.0
Time for new slide: 0.07894066410638298
Time for expired slide: 0.005604755659574468
------------------------------------
Number clusters = 0.0
Max Number points in event queue = 0.0
Avg number points in clusters= 0.0
Avg Rmc size = 0.0
Avg Length exps= 0.0
#window: 48
Total #outliers: 180
Average Time: 83.70410687500001 ms
Peak memory: 566.4384994506836 MB
Time index, remove data from structure: 0.0020033601041666666
Time for querying: 0.0
Time for new slide: 0.07810993104166666
Time for expired slide: 0.005589936145833333
------------------------------------
Number clusters = 0.0
Max Number points in event queue = 0.0
Avg number points in clusters= 0.0
Avg Rmc size = 0.0
Avg Length exps= 0.0
#window: 49
Total #outliers: 176
Average Time: 82.84771679591837 ms
Peak memory: 566.4384994506836 MB
Time index, remove data from structure: 0.0020008984897959183
Time for querying: 0.0
Time for new slide: 0.0772803209387755
Time for expired slide: 0.005563188653061224
------------------------------------
Number clusters = 0.0
Max Number points in event queue = 0.0
Avg number points in clusters= 0.0
Avg Rmc size = 0.0
Avg Length exps= 0.0
#window: 50
Total #outliers: 308
Average Time: 81.98036514 ms
Peak memory: 566.4384994506836 MB
Time index, remove data from structure: 0.0019981091
Time for querying: 0.0
Time for new slide: 0.07644043058
Time for expired slide: 0.00553576494
------------------------------------
Number clusters = 0.0
Max Number points in event queue = 0.0
Avg number points in clusters= 0.0
Avg Rmc size = 0.0
Avg Length exps= 0.0
#window: 51
Total #outliers: 272
Average Time: 81.33762205882351 ms
Peak memory: 566.4384994506836 MB
Time index, remove data from structure: 0.0019971431372549017
Time for querying: 0.0
Time for new slide: 0.07581027892156862
Time for expired slide: 0.005523209529411765
------------------------------------
Number clusters = 0.0
Max Number points in event queue = 0.0
Avg number points in clusters= 0.0
Avg Rmc size = 0.0
Avg Length exps= 0.0
#window: 52
Total #outliers: 263
Average Time: 80.62032409615384 ms
Peak memory: 566.4384994506836 MB
Time index, remove data from structure: 0.001995165
Time for querying: 0.0
Time for new slide: 0.07510202761538462
Time for expired slide: 0.0055141937115384615
------------------------------------
Number clusters = 0.0
Max Number points in event queue = 0.0
Avg number points in clusters= 0.0
Avg Rmc size = 0.0
Avg Length exps= 0.0
#window: 53
Total #outliers: 187
Average Time: 79.94241207547171 ms
Peak memory: 566.4384994506836 MB
Time index, remove data from structure: 0.0019942601698113207
Time for querying: 0.0
Time for new slide: 0.07442966120754717
Time for expired slide: 0.0055086549999999995
------------------------------------
Number clusters = 0.0
Max Number points in event queue = 0.0
Avg number points in clusters= 0.0
Avg Rmc size = 0.0
Avg Length exps= 0.0
#window: 54
Total #outliers: 186
Average Time: 79.37925859259259 ms
Peak memory: 566.4384994506836 MB
Time index, remove data from structure: 0.001991395351851852
Time for querying: 0.0
Time for new slide: 0.07387730064814815
Time for expired slide: 0.005497887314814815
------------------------------------
Number clusters = 0.0
Max Number points in event queue = 0.0
Avg number points in clusters= 0.0
Avg Rmc size = 0.0
Avg Length exps= 0.0
#window: 55
Total #outliers: 216
Average Time: 78.93065047272727 ms
Peak memory: 566.4384994506836 MB
Time index, remove data from structure: 0.0019892409636363636
Time for querying: 0.0
Time for new slide: 0.07343233316363636
Time for expired slide: 0.005494258127272727
------------------------------------
Number clusters = 0.0
Max Number points in event queue = 0.0
Avg number points in clusters= 0.0
Avg Rmc size = 0.0
Avg Length exps= 0.0
#window: 56
Total #outliers: 204
Average Time: 78.57014833928571 ms
Peak memory: 566.4384994506836 MB
Time index, remove data from structure: 0.001984709625
Time for querying: 0.0
Time for new slide: 0.073079508875
Time for expired slide: 0.005486598982142857
------------------------------------
Number clusters = 0.0
Max Number points in event queue = 0.0
Avg number points in clusters= 0.0
Avg Rmc size = 0.0
Avg Length exps= 0.0
#window: 57
Total #outliers: 171
Average Time: 78.1658012105263 ms
Peak memory: 566.4384994506836 MB
Time index, remove data from structure: 0.0019789234912280704
Time for querying: 0.0
Time for new slide: 0.07268772071929824
Time for expired slide: 0.0054740556666666666
------------------------------------
Number clusters = 0.0
Max Number points in event queue = 0.0
Avg number points in clusters= 0.0
Avg Rmc size = 0.0
Avg Length exps= 0.0
#window: 58
Total #outliers: 159
Average Time: 77.8152324827586 ms
Peak memory: 566.4384994506836 MB
Time index, remove data from structure: 0.0019728984655172413
Time for querying: 0.0
Time for new slide: 0.07234856815517242
Time for expired slide: 0.005462654672413793
------------------------------------
Number clusters = 0.0
Max Number points in event queue = 0.0
Avg number points in clusters= 0.0
Avg Rmc size = 0.0
Avg Length exps= 0.0
#window: 59
Total #outliers: 216
Average Time: 77.46327030508475 ms
Peak memory: 566.4384994506836 MB
Time index, remove data from structure: 0.001966669
Time for querying: 0.0
Time for new slide: 0.07200961493220338
Time for expired slide: 0.005449673762711864
------------------------------------
Number clusters = 0.0
Max Number points in event queue = 0.0
Avg number points in clusters= 0.0
Avg Rmc size = 0.0
Avg Length exps= 0.0
#window: 60
Total #outliers: 181
Average Time: 77.21055855 ms
Peak memory: 566.4384994506836 MB
Time index, remove data from structure: 0.0019590259
Time for querying: 0.0
Time for new slide: 0.07176462538333334
Time for expired slide: 0.005441971033333334
------------------------------------
Number clusters = 0.0
Max Number points in event queue = 0.0
Avg number points in clusters= 0.0
Avg Rmc size = 0.0
Avg Length exps= 0.0
#window: 61
Total #outliers: 191
Average Time: 76.98161337704919 ms
Peak memory: 566.4384994506836 MB
Time index, remove data from structure: 0.0019515483606557377
Time for querying: 0.0
Time for new slide: 0.07153925000000001
Time for expired slide: 0.005438412524590164
------------------------------------
Number clusters = 0.0
Max Number points in event queue = 0.0
Avg number points in clusters= 0.0
Avg Rmc size = 0.0
Avg Length exps= 0.0
#window: 62
Total #outliers: 174
Average Time: 76.81643161290323 ms
Peak memory: 566.4384994506836 MB
Time index, remove data from structure: 0.001945331064516129
Time for querying: 0.0
Time for new slide: 0.07137379356451613
Time for expired slide: 0.00543870320967742
------------------------------------
Number clusters = 0.0
Max Number points in event queue = 0.0
Avg number points in clusters= 0.0
Avg Rmc size = 0.0
Avg Length exps= 0.0
#window: 63
Total #outliers: 179
Average Time: 76.64092636507937 ms
Peak memory: 566.4384994506836 MB
Time index, remove data from structure: 0.0019401084444444444
Time for querying: 0.0
Time for new slide: 0.07118123323809525
Time for expired slide: 0.005455772523809524
------------------------------------
Number clusters = 0.0
Max Number points in event queue = 0.0
Avg number points in clusters= 0.0
Avg Rmc size = 0.0
Avg Length exps= 0.0
#window: 64
Total #outliers: 214
Average Time: 76.543585734375 ms
Peak memory: 566.4384994506836 MB
Time index, remove data from structure: 0.00193730396875
Time for querying: 0.0
Time for new slide: 0.071029277015625
Time for expired slide: 0.005510407578125
------------------------------------
Number clusters = 0.0
Max Number points in event queue = 0.0
Avg number points in clusters= 0.0
Avg Rmc size = 0.0
Avg Length exps= 0.0
#window: 65
Total #outliers: 213
Average Time: 76.49990760000001 ms
Peak memory: 566.4384994506836 MB
Time index, remove data from structure: 0.0019364380461538463
Time for querying: 0.0
Time for new slide: 0.0709621640153846
Time for expired slide: 0.0055338501846153845
------------------------------------
Number clusters = 0.0
Max Number points in event queue = 0.0
Avg number points in clusters= 0.0
Avg Rmc size = 0.0
Avg Length exps= 0.0
#window: 66
Total #outliers: 238
Average Time: 76.4579896969697 ms
Peak memory: 566.4384994506836 MB
Time index, remove data from structure: 0.0019321528787878788
Time for querying: 0.0
Time for new slide: 0.0708973771969697
Time for expired slide: 0.005556734363636364
------------------------------------
Number clusters = 0.0
Max Number points in event queue = 0.0
Avg number points in clusters= 0.0
Avg Rmc size = 0.0
Avg Length exps= 0.0
#window: 67
Total #outliers: 236
Average Time: 76.53529926865673 ms
Peak memory: 566.4384994506836 MB
Time index, remove data from structure: 0.0019252820298507462
Time for querying: 0.0
Time for new slide: 0.0709765548358209
Time for expired slide: 0.0055548771791044775
------------------------------------
Number clusters = 0.0
Max Number points in event queue = 0.0
Avg number points in clusters= 0.0
Avg Rmc size = 0.0
Avg Length exps= 0.0
#window: 68
Total #outliers: 235
Average Time: 76.67872155882354 ms
Peak memory: 566.4384994506836 MB
Time index, remove data from structure: 0.0019193703529411766
Time for querying: 0.0
Time for new slide: 0.07112248230882354
Time for expired slide: 0.005552385985294118
------------------------------------
Number clusters = 0.0
Max Number points in event queue = 0.0
Avg number points in clusters= 0.0
Avg Rmc size = 0.0
Avg Length exps= 0.0
#window: 69
Total #outliers: 238
Average Time: 76.79590314492754 ms
Peak memory: 566.4384994506836 MB
Time index, remove data from structure: 0.0019140500289855074
Time for querying: 0.0
Time for new slide: 0.07123341017391303
Time for expired slide: 0.005558650028985507
------------------------------------
Number clusters = 0.0
Max Number points in event queue = 0.0
Avg number points in clusters= 0.0
Avg Rmc size = 0.0
Avg Length exps= 0.0
#window: 70
Total #outliers: 239
Average Time: 76.70295850000001 ms
Peak memory: 567.8971862792969 MB
Time index, remove data from structure: 0.0019092257
Time for querying: 0.0
Time for new slide: 0.07112894857142858
Time for expired slide: 0.005570180714285715
------------------------------------
Number clusters = 0.0
Max Number points in event queue = 0.0
Avg number points in clusters= 0.0
Avg Rmc size = 0.0
Avg Length exps= 0.0
#window: 71
Total #outliers: 228
Average Time: 76.13561412676057 ms
Peak memory: 567.8971862792969 MB
Time index, remove data from structure: 0.001899762605633803
Time for querying: 0.0
Time for new slide: 0.07057163314084507
Time for expired slide: 0.005560168352112677
------------------------------------
Number clusters = 0.0
Max Number points in event queue = 0.0
Avg number points in clusters= 0.0
Avg Rmc size = 0.0
Avg Length exps= 0.0
#window: 72
Total #outliers: 229
Average Time: 75.64676501388891 ms
Peak memory: 567.8971862792969 MB
Time index, remove data from structure: 0.0018911630000000002
Time for querying: 0.0
Time for new slide: 0.07009339045833334
Time for expired slide: 0.005549576138888889
------------------------------------
Number clusters = 0.0
Max Number points in event queue = 0.0
Avg number points in clusters= 0.0
Avg Rmc size = 0.0
Avg Length exps= 0.0
#window: 73
Total #outliers: 225
Average Time: 75.22972753424659 ms
Peak memory: 567.8971862792969 MB
Time index, remove data from structure: 0.0018831365479452054
Time for querying: 0.0
Time for new slide: 0.06968566871232877
Time for expired slide: 0.005540279712328767
------------------------------------
Number clusters = 0.0
Max Number points in event queue = 0.0
Avg number points in clusters= 0.0
Avg Rmc size = 0.0
Avg Length exps= 0.0
#window: 74
Total #outliers: 229
Average Time: 74.85299183783785 ms
Peak memory: 567.8971862792969 MB
Time index, remove data from structure: 0.0018751665540540539
Time for querying: 0.0
Time for new slide: 0.06931832844594595
Time for expired slide: 0.005530898662162162
------------------------------------
Number clusters = 0.0
Max Number points in event queue = 0.0
Avg number points in clusters= 0.0
Avg Rmc size = 0.0
Avg Length exps= 0.0
#window: 75
Total #outliers: 278
Average Time: 74.52070794666668 ms
Peak memory: 567.8971862792969 MB
Time index, remove data from structure: 0.00186920208
Time for querying: 0.0
Time for new slide: 0.06898856545333333
Time for expired slide: 0.0055283899200000005
------------------------------------
Number clusters = 0.0
Max Number points in event queue = 0.0
Avg number points in clusters= 0.0
Avg Rmc size = 0.0
Avg Length exps= 0.0
#window: 76
Total #outliers: 221
Average Time: 74.22658475 ms
Peak memory: 567.8971862792969 MB
Time index, remove data from structure: 0.0018644067894736842
Time for querying: 0.0
Time for new slide: 0.06870059577631578
Time for expired slide: 0.005522249144736842
------------------------------------
Number clusters = 0.0
Max Number points in event queue = 0.0
Avg number points in clusters= 0.0
Avg Rmc size = 0.0
Avg Length exps= 0.0
#window: 77
Total #outliers: 240
Average Time: 73.95946023376625 ms
Peak memory: 567.8971862792969 MB
Time index, remove data from structure: 0.0018576054675324676
Time for querying: 0.0
Time for new slide: 0.06843808054545454
Time for expired slide: 0.005517643168831169
------------------------------------
Number clusters = 0.0
Max Number points in event queue = 0.0
Avg number points in clusters= 0.0
Avg Rmc size = 0.0
Avg Length exps= 0.0
#window: 78
Total #outliers: 250
Average Time: 73.77924114102565 ms
Peak memory: 567.8971862792969 MB
Time index, remove data from structure: 0.0018512592307692306
Time for querying: 0.0
Time for new slide: 0.06826064275641026
Time for expired slide: 0.0055148720128205125
------------------------------------
Number clusters = 0.0
Max Number points in event queue = 0.0
Avg number points in clusters= 0.0
Avg Rmc size = 0.0
Avg Length exps= 0.0
#window: 79
Total #outliers: 229
Average Time: 73.67654954430381 ms
Peak memory: 567.8971862792969 MB
Time index, remove data from structure: 0.0018439584810126582
Time for querying: 0.0
Time for new slide: 0.06815719064556962
Time for expired slide: 0.005515638177215189
------------------------------------
Number clusters = 0.0
Max Number points in event queue = 0.0
Avg number points in clusters= 0.0
Avg Rmc size = 0.0
Avg Length exps= 0.0
#window: 80
Total #outliers: 191
Average Time: 73.6450343625 ms
Peak memory: 567.8971862792969 MB
Time index, remove data from structure: 0.00184139355
Time for querying: 0.0
Time for new slide: 0.068063496075
Time for expired slide: 0.0055778230249999994
------------------------------------
Number clusters = 0.0
Max Number points in event queue = 0.0
Avg number points in clusters= 0.0
Avg Rmc size = 0.0
Avg Length exps= 0.0
#window: 81
Total #outliers: 311
Average Time: 73.55352097530866 ms
Peak memory: 567.8971862792969 MB
Time index, remove data from structure: 0.0018410059382716049
Time for querying: 0.0
Time for new slide: 0.06792119581481482
Time for expired slide: 0.005628624530864198
------------------------------------
Number clusters = 0.0
Max Number points in event queue = 0.0
Avg number points in clusters= 0.0
Avg Rmc size = 0.0
Avg Length exps= 0.0
#window: 82
Total #outliers: 349
Average Time: 73.47141658536586 ms
Peak memory: 567.8971862792969 MB
Time index, remove data from structure: 0.0018369875731707318
Time for querying: 0.0
Time for new slide: 0.06782222293902439
Time for expired slide: 0.005645503390243903
------------------------------------
Number clusters = 0.0
Max Number points in event queue = 0.0
Avg number points in clusters= 0.0
Avg Rmc size = 0.0
Avg Length exps= 0.0
#window: 83
Total #outliers: 304
Average Time: 73.45500739759036 ms
Peak memory: 567.8971862792969 MB
Time index, remove data from structure: 0.0018341350963855423
Time for querying: 0.0
Time for new slide: 0.0677886101807229
Time for expired slide: 0.0056627218072289156
------------------------------------
Number clusters = 0.0
Max Number points in event queue = 0.0
Avg number points in clusters= 0.0
Avg Rmc size = 0.0
Avg Length exps= 0.0
#window: 84
Total #outliers: 234
Average Time: 73.42141722619048 ms
Peak memory: 567.8971862792969 MB
Time index, remove data from structure: 0.0018298776309523808
Time for querying: 0.0
Time for new slide: 0.06775577132142857
Time for expired slide: 0.005661975321428571
------------------------------------
Number clusters = 0.0
Max Number points in event queue = 0.0
Avg number points in clusters= 0.0
Avg Rmc size = 0.0
Avg Length exps= 0.0
#window: 85
Total #outliers: 224
Average Time: 73.45400712941178 ms
Peak memory: 567.8971862792969 MB
Time index, remove data from structure: 0.001825597376470588
Time for querying: 0.0
Time for new slide: 0.06779452729411764
Time for expired slide: 0.005655820517647059
------------------------------------
Number clusters = 0.0
Max Number points in event queue = 0.0
Avg number points in clusters= 0.0
Avg Rmc size = 0.0
Avg Length exps= 0.0
#window: 86
Total #outliers: 254
Average Time: 73.47597508139535 ms
Peak memory: 567.8971862792969 MB
Time index, remove data from structure: 0.0018227918139534882
Time for querying: 0.0
Time for new slide: 0.06782066997674419
Time for expired slide: 0.005651653395348837
------------------------------------
Number clusters = 0.0
Max Number points in event queue = 0.0
Avg number points in clusters= 0.0
Avg Rmc size = 0.0
Avg Length exps= 0.0
#window: 87
Total #outliers: 278
Average Time: 73.53685582758621 ms
Peak memory: 567.8971862792969 MB
Time index, remove data from structure: 0.0018203570344827588
Time for querying: 0.0
Time for new slide: 0.06788154487356322
Time for expired slide: 0.00565166616091954
------------------------------------
Number clusters = 0.0
Max Number points in event queue = 0.0
Avg number points in clusters= 0.0
Avg Rmc size = 0.0
Avg Length exps= 0.0
#window: 88
Total #outliers: 266
Average Time: 73.64443376136363 ms
Peak memory: 567.8971862792969 MB
Time index, remove data from structure: 0.0018169597840909093
Time for querying: 0.0
Time for new slide: 0.06799473340909092
Time for expired slide: 0.0056460637159090905
------------------------------------
Number clusters = 0.0
Max Number points in event queue = 0.0
Avg number points in clusters= 0.0
Avg Rmc size = 0.0
Avg Length exps= 0.0
#window: 89
Total #outliers: 293
Average Time: 73.77052008988764 ms
Peak memory: 567.8971862792969 MB
Time index, remove data from structure: 0.0018125613370786517
Time for querying: 0.0
Time for new slide: 0.06813134492134831
Time for expired slide: 0.005635541247191012
------------------------------------
Number clusters = 0.0
Max Number points in event queue = 0.0
Avg number points in clusters= 0.0
Avg Rmc size = 0.0
Avg Length exps= 0.0
#window: 90
Total #outliers: 253
Average Time: 73.97003325555555 ms
Peak memory: 567.8971862792969 MB
Time index, remove data from structure: 0.0018100538222222222
Time for querying: 0.0
Time for new slide: 0.06831541001111112
Time for expired slide: 0.005650994611111112
------------------------------------
Number clusters = 0.0
Max Number points in event queue = 0.0
Avg number points in clusters= 0.0
Avg Rmc size = 0.0
Avg Length exps= 0.0
#window: 91
Total #outliers: 271
Average Time: 73.79674673626374 ms
Peak memory: 567.8971862792969 MB
Time index, remove data from structure: 0.001807632802197802
Time for querying: 0.0
Time for new slide: 0.06814593027472526
Time for expired slide: 0.005647194384615385
------------------------------------
Number clusters = 0.0
Max Number points in event queue = 0.0
Avg number points in clusters= 0.0
Avg Rmc size = 0.0
Avg Length exps= 0.0
#window: 92
Total #outliers: 271
Average Time: 73.78818448913043 ms
Peak memory: 573.0077056884766 MB
Time index, remove data from structure: 0.0018051710434782609
Time for querying: 0.0
Time for new slide: 0.06813575279347826
Time for expired slide: 0.005648815673913044
------------------------------------
Number clusters = 0.0
Max Number points in event queue = 0.0
Avg number points in clusters= 0.0
Avg Rmc size = 0.0
Avg Length exps= 0.0
#window: 93
Total #outliers: 279
Average Time: 73.95886048387098 ms
Peak memory: 592.7803726196289 MB
Time index, remove data from structure: 0.0018029476021505376
Time for querying: 0.0
Time for new slide: 0.0683016856451613
Time for expired slide: 0.005653563193548388
------------------------------------
Number clusters = 0.0
Max Number points in event queue = 0.0
Avg number points in clusters= 0.0
Avg Rmc size = 0.0
Avg Length exps= 0.0
#window: 94
Total #outliers: 328
Average Time: 74.14874597872341 ms
Peak memory: 612.5530242919922 MB
Time index, remove data from structure: 0.0017998147978723403
Time for querying: 0.0
Time for new slide: 0.06849395495744681
Time for expired slide: 0.005651188808510638
------------------------------------
Number clusters = 0.0
Max Number points in event queue = 0.0
Avg number points in clusters= 0.0
Avg Rmc size = 0.0
Avg Length exps= 0.0
#window: 95
Total #outliers: 309
Average Time: 74.41536676842107 ms
Peak memory: 632.3256759643555 MB
Time index, remove data from structure: 0.001797192694736842
Time for querying: 0.0
Time for new slide: 0.06875261061052632
Time for expired slide: 0.005659162221052632
------------------------------------
Number clusters = 0.0
Max Number points in event queue = 0.0
Avg number points in clusters= 0.0
Avg Rmc size = 0.0
Avg Length exps= 0.0
#window: 96
Total #outliers: 298
Average Time: 74.72182925000001 ms
Peak memory: 652.0983276367188 MB
Time index, remove data from structure: 0.0017957325625
Time for querying: 0.0
Time for new slide: 0.06905213617708333
Time for expired slide: 0.00566610446875
------------------------------------
Number clusters = 0.0
Max Number points in event queue = 0.0
Avg number points in clusters= 0.0
Avg Rmc size = 0.0
Avg Length exps= 0.0
#window: 97
Total #outliers: 317
Average Time: 75.00073845360826 ms
Peak memory: 671.870979309082 MB
Time index, remove data from structure: 0.0017929573608247422
Time for querying: 0.0
Time for new slide: 0.06933397363917526
Time for expired slide: 0.005663179896907216
------------------------------------
Number clusters = 0.0
Max Number points in event queue = 0.0
Avg number points in clusters= 0.0
Avg Rmc size = 0.0
Avg Length exps= 0.0
#window: 98
Total #outliers: 378
Average Time: 75.25050490816328 ms
Peak memory: 691.6436309814453 MB
Time index, remove data from structure: 0.0017909559285714286
Time for querying: 0.0
Time for new slide: 0.06958510252040816
Time for expired slide: 0.00566182387755102
------------------------------------
Number clusters = 0.0
Max Number points in event queue = 0.0
Avg number points in clusters= 0.0
Avg Rmc size = 0.0
Avg Length exps= 0.0
#window: 99
Total #outliers: 377
Average Time: 75.54373822222223 ms
Peak memory: 711.4162826538086 MB
Time index, remove data from structure: 0.0017896620101010101
Time for querying: 0.0
Time for new slide: 0.06986465223232323
Time for expired slide: 0.005675515939393939
------------------------------------
Number clusters = 0.0
Max Number points in event queue = 0.0
Avg number points in clusters= 0.0
Avg Rmc size = 0.0
Avg Length exps= 0.0
#window: 100
Total #outliers: 351
Average Time: 75.82482499000001 ms
Peak memory: 731.1889343261719 MB
Time index, remove data from structure: 0.00178793949
Time for querying: 0.0
Time for new slide: 0.07014460465
Time for expired slide: 0.005676655080000001
------------------------------------
Number clusters = 0.0
Max Number points in event queue = 0.0
Avg number points in clusters= 0.0
Avg Rmc size = 0.0
Avg Length exps= 0.0
#window: 101
Total #outliers: 356
Average Time: 76.13741402970298 ms
Peak memory: 731.1889343261719 MB
Time index, remove data from structure: 0.0017864589999999998
Time for querying: 0.0
Time for new slide: 0.0704483662970297
Time for expired slide: 0.005685490891089109
------------------------------------
Number clusters = 0.0
Max Number points in event queue = 0.0
Avg number points in clusters= 0.0
Avg Rmc size = 0.0
Avg Length exps= 0.0
#window: 102
Total #outliers: 405
Average Time: 76.42795865686276 ms
Peak memory: 750.9615859985352 MB
Time index, remove data from structure: 0.0017848932450980392
Time for querying: 0.0
Time for new slide: 0.07073172352941176
Time for expired slide: 0.005692685558823529
------------------------------------
Number clusters = 0.0
Max Number points in event queue = 0.0
Avg number points in clusters= 0.0
Avg Rmc size = 0.0
Avg Length exps= 0.0
#window: 103
Total #outliers: 398
Average Time: 76.68634983495147 ms
Peak memory: 770.734260559082 MB
Time index, remove data from structure: 0.0017848434563106797
Time for querying: 0.0
Time for new slide: 0.07097913249514563
Time for expired slide: 0.005703670233009709
------------------------------------
Number clusters = 0.0
Max Number points in event queue = 0.0
Avg number points in clusters= 0.0
Avg Rmc size = 0.0
Avg Length exps= 0.0
#window: 104
Total #outliers: 384
Average Time: 76.90340227884616 ms
Peak memory: 790.5069122314453 MB
Time index, remove data from structure: 0.0017842202115384614
Time for querying: 0.0
Time for new slide: 0.0711870085673077
Time for expired slide: 0.005712855057692308
------------------------------------
Number clusters = 0.0
Max Number points in event queue = 0.0
Avg number points in clusters= 0.0
Avg Rmc size = 0.0
Avg Length exps= 0.0
#window: 105
Total #outliers: 379
Average Time: 77.11492686666666 ms
Peak memory: 810.2795639038086 MB
Time index, remove data from structure: 0.001782425076190476
Time for querying: 0.0
Time for new slide: 0.07139741807619047
Time for expired slide: 0.005713976647619047
------------------------------------
Number clusters = 0.0
Max Number points in event queue = 0.0
Avg number points in clusters= 0.0
Avg Rmc size = 0.0
Avg Length exps= 0.0
#window: 106
Total #outliers: 365
Average Time: 77.35000676415095 ms
Peak memory: 830.0522155761719 MB
Time index, remove data from structure: 0.0017808244528301888
Time for querying: 0.0
Time for new slide: 0.07163294050943396
Time for expired slide: 0.005713536896226415
------------------------------------
Number clusters = 0.0
Max Number points in event queue = 0.0
Avg number points in clusters= 0.0
Avg Rmc size = 0.0
Avg Length exps= 0.0
#window: 107
Total #outliers: 385
Average Time: 77.58065254205609 ms
Peak memory: 849.8248825073242 MB
Time index, remove data from structure: 0.0017795430560747663
Time for querying: 0.0
Time for new slide: 0.0718547863457944
Time for expired slide: 0.005722338392523365
------------------------------------
Number clusters = 0.0
Max Number points in event queue = 0.0
Avg number points in clusters= 0.0
Avg Rmc size = 0.0
Avg Length exps= 0.0
#window: 108
Total #outliers: 369
Average Time: 77.82021577777779 ms
Peak memory: 869.597541809082 MB
Time index, remove data from structure: 0.0017784792592592594
Time for querying: 0.0
Time for new slide: 0.07208777102777778
Time for expired slide: 0.005728922712962963
------------------------------------
Number clusters = 0.0
Max Number points in event queue = 0.0
Avg number points in clusters= 0.0
Avg Rmc size = 0.0
Avg Length exps= 0.0
#window: 109
Total #outliers: 342
Average Time: 78.04008020183487 ms
Peak memory: 869.597541809082 MB
Time index, remove data from structure: 0.0017774905963302752
Time for querying: 0.0
Time for new slide: 0.07230443326605504
Time for expired slide: 0.005732128697247706
------------------------------------
Number clusters = 0.0
Max Number points in event queue = 0.0
Avg number points in clusters= 0.0
Avg Rmc size = 0.0
Avg Length exps= 0.0
#window: 110
Total #outliers: 326
Average Time: 78.24501072727273 ms
Peak memory: 889.3701934814453 MB
Time index, remove data from structure: 0.0017764279272727273
Time for querying: 0.0
Time for new slide: 0.07250414006363637
Time for expired slide: 0.005737353790909091
------------------------------------
Number clusters = 0.0
Max Number points in event queue = 0.0
Avg number points in clusters= 0.0
Avg Rmc size = 0.0
Avg Length exps= 0.0
#window: 111
Total #outliers: 313
Average Time: 78.43229151351353 ms
Peak memory: 909.1428451538086 MB
Time index, remove data from structure: 0.0017725255045045044
Time for querying: 0.0
Time for new slide: 0.07267303231531531
Time for expired slide: 0.005755747198198198
------------------------------------
Number clusters = 0.0
Max Number points in event queue = 0.0
Avg number points in clusters= 0.0
Avg Rmc size = 0.0
Avg Length exps= 0.0
#window: 112
Total #outliers: 306
Average Time: 78.63258351785717 ms
Peak memory: 928.9154968261719 MB
Time index, remove data from structure: 0.001770841642857143
Time for querying: 0.0
Time for new slide: 0.07285949761607144
Time for expired slide: 0.005769578383928572
------------------------------------
Number clusters = 0.0
Max Number points in event queue = 0.0
Avg number points in clusters= 0.0
Avg Rmc size = 0.0
Avg Length exps= 0.0
#window: 113
Total #outliers: 283
Average Time: 78.78302430973454 ms
Peak memory: 948.6881637573242 MB
Time index, remove data from structure: 0.0017713345221238939
Time for querying: 0.0
Time for new slide: 0.07300501054867256
Time for expired slide: 0.005774513079646017
------------------------------------
Number clusters = 0.0
Max Number points in event queue = 0.0
Avg number points in clusters= 0.0
Avg Rmc size = 0.0
Avg Length exps= 0.0
#window: 114
Total #outliers: 309
Average Time: 78.96719795614037 ms
Peak memory: 968.4608154296875 MB
Time index, remove data from structure: 0.0017709917894736843
Time for querying: 0.0
Time for new slide: 0.07318365424561404
Time for expired slide: 0.005780046096491228
------------------------------------
Number clusters = 0.0
Max Number points in event queue = 0.0
Avg number points in clusters= 0.0
Avg Rmc size = 0.0
Avg Length exps= 0.0
#window: 115
Total #outliers: 324
Average Time: 79.21177646956525 ms
Peak memory: 988.2334747314453 MB
Time index, remove data from structure: 0.001770523904347826
Time for querying: 0.0
Time for new slide: 0.07342865926956522
Time for expired slide: 0.005779624713043478
------------------------------------
Number clusters = 0.0
Max Number points in event queue = 0.0
Avg number points in clusters= 0.0
Avg Rmc size = 0.0
Avg Length exps= 0.0
#window: 116
Total #outliers: 316
Average Time: 79.43861082758623 ms
Peak memory: 1008.0061264038086 MB
Time index, remove data from structure: 0.0017703811810344827
Time for querying: 0.0
Time for new slide: 0.07365580212068965
Time for expired slide: 0.005779322939655172
------------------------------------
Number clusters = 0.0
Max Number points in event queue = 0.0
Avg number points in clusters= 0.0
Avg Rmc size = 0.0
Avg Length exps= 0.0
#window: 117
Total #outliers: 331
Average Time: 79.70384968376071 ms
Peak memory: 1027.778823852539 MB
Time index, remove data from structure: 0.0017699334188034186
Time for querying: 0.0
Time for new slide: 0.07392158645299145
Time for expired slide: 0.005778784931623932
------------------------------------
Number clusters = 0.0
Max Number points in event queue = 0.0
Avg number points in clusters= 0.0
Avg Rmc size = 0.0
Avg Length exps= 0.0
#window: 118
Total #outliers: 358
Average Time: 79.89551259322035 ms
Peak memory: 1047.5514755249023 MB
Time index, remove data from structure: 0.00176968193220339
Time for querying: 0.0
Time for new slide: 0.07410618338983051
Time for expired slide: 0.00578585286440678
------------------------------------
Number clusters = 0.0
Max Number points in event queue = 0.0
Avg number points in clusters= 0.0
Avg Rmc size = 0.0
Avg Length exps= 0.0
#window: 119
Total #outliers: 341
Average Time: 80.07937064705885 ms
Peak memory: 1067.3241271972656 MB
Time index, remove data from structure: 0.0017698219075630254
Time for querying: 0.0
Time for new slide: 0.07427447902521009
Time for expired slide: 0.005801421571428571
------------------------------------
Number clusters = 0.0
Max Number points in event queue = 0.0
Avg number points in clusters= 0.0
Avg Rmc size = 0.0
Avg Length exps= 0.0
#window: 120
Total #outliers: 352
Average Time: 80.10518174166668 ms
Peak memory: 1067.3241271972656 MB
Time index, remove data from structure: 0.0017704579333333334
Time for querying: 0.0
Time for new slide: 0.07427438801666668
Time for expired slide: 0.00582732915
------------------------------------
Number clusters = 0.0
Max Number points in event queue = 0.0
Avg number points in clusters= 0.0
Avg Rmc size = 0.0
Avg Length exps= 0.0
#window: 121
Total #outliers: 358
Average Time: 79.75867638842976 ms
Peak memory: 1067.3241271972656 MB
Time index, remove data from structure: 0.0017702315371900825
Time for querying: 0.0
Time for new slide: 0.07392919430578512
Time for expired slide: 0.005826027611570248
------------------------------------
Number clusters = 0.0
Max Number points in event queue = 0.0
Avg number points in clusters= 0.0
Avg Rmc size = 0.0
Avg Length exps= 0.0
#window: 122
Total #outliers: 367
Average Time: 79.43251128688524 ms
Peak memory: 1067.3241271972656 MB
Time index, remove data from structure: 0.001769634368852459
Time for querying: 0.0
Time for new slide: 0.07360304296721312
Time for expired slide: 0.00582602062295082
------------------------------------
Number clusters = 0.0
Max Number points in event queue = 0.0
Avg number points in clusters= 0.0
Avg Rmc size = 0.0
Avg Length exps= 0.0
#window: 123
Total #outliers: 368
Average Time: 79.12495789430895 ms
Peak memory: 1067.3241271972656 MB
Time index, remove data from structure: 0.0017683963739837398
Time for querying: 0.0
Time for new slide: 0.07330072322764226
Time for expired slide: 0.005820790487804878
------------------------------------
Number clusters = 0.0
Max Number points in event queue = 0.0
Avg number points in clusters= 0.0
Avg Rmc size = 0.0
Avg Length exps= 0.0
#window: 124
Total #outliers: 382
Average Time: 78.85586041129032 ms
Peak memory: 1067.3241271972656 MB
Time index, remove data from structure: 0.0017671327096774193
Time for querying: 0.0
Time for new slide: 0.07303711883870968
Time for expired slide: 0.005815304806451613
------------------------------------
Number clusters = 0.0
Max Number points in event queue = 0.0
Avg number points in clusters= 0.0
Avg Rmc size = 0.0
Avg Length exps= 0.0
#window: 125
Total #outliers: 389
Average Time: 78.62734092000001 ms
Peak memory: 1067.3241271972656 MB
Time index, remove data from structure: 0.001765955384
Time for querying: 0.0
Time for new slide: 0.07281549522400001
Time for expired slide: 0.005808416488
------------------------------------
Number clusters = 0.0
Max Number points in event queue = 0.0
Avg number points in clusters= 0.0
Avg Rmc size = 0.0
Avg Length exps= 0.0
#window: 126
Total #outliers: 359
Average Time: 78.42711719047621 ms
Peak memory: 1067.3241271972656 MB
Time index, remove data from structure: 0.001765735119047619
Time for querying: 0.0
Time for new slide: 0.07261695133333333
Time for expired slide: 0.0058067465634920636
------------------------------------
Number clusters = 0.0
Max Number points in event queue = 0.0
Avg number points in clusters= 0.0
Avg Rmc size = 0.0
Avg Length exps= 0.0
#window: 127
Total #outliers: 360
Average Time: 78.22909839370081 ms
Peak memory: 1067.3241271972656 MB
Time index, remove data from structure: 0.0017650547637795275
Time for querying: 0.0
Time for new slide: 0.07242621873228347
Time for expired slide: 0.005799468078740158
------------------------------------
Number clusters = 0.0
Max Number points in event queue = 0.0
Avg number points in clusters= 0.0
Avg Rmc size = 0.0
Avg Length exps= 0.0
#window: 128
Total #outliers: 363
Average Time: 78.07232521093752 ms
Peak memory: 1067.3241271972656 MB
Time index, remove data from structure: 0.0017637536328125
Time for querying: 0.0
Time for new slide: 0.0722760403515625
Time for expired slide: 0.0057928726484375
------------------------------------
Number clusters = 0.0
Max Number points in event queue = 0.0
Avg number points in clusters= 0.0
Avg Rmc size = 0.0
Avg Length exps= 0.0
#window: 129
Total #outliers: 382
Average Time: 77.95197878294576 ms
Peak memory: 1067.3241271972656 MB
Time index, remove data from structure: 0.0017633800465116278
Time for querying: 0.0
Time for new slide: 0.07215909955038759
Time for expired slide: 0.0057894692945736435
------------------------------------
Number clusters = 0.0
Max Number points in event queue = 0.0
Avg number points in clusters= 0.0
Avg Rmc size = 0.0
Avg Length exps= 0.0
#window: 130
Total #outliers: 383
Average Time: 77.87610934615385 ms
Peak memory: 1067.3241271972656 MB
Time index, remove data from structure: 0.001762891046153846
Time for querying: 0.0
Time for new slide: 0.07208770729230769
Time for expired slide: 0.005784995646153846
------------------------------------
Number clusters = 0.0
Max Number points in event queue = 0.0
Avg number points in clusters= 0.0
Avg Rmc size = 0.0
Avg Length exps= 0.0
#window: 131
Total #outliers: 390
Average Time: 77.8080243282443 ms
Peak memory: 1067.3241271972656 MB
Time index, remove data from structure: 0.0017619628702290077
Time for querying: 0.0
Time for new slide: 0.07202479782442747
Time for expired slide: 0.005779820694656489
------------------------------------
Number clusters = 0.0
Max Number points in event queue = 0.0
Avg number points in clusters= 0.0
Avg Rmc size = 0.0
Avg Length exps= 0.0
#window: 132
Total #outliers: 366
Average Time: 77.7292977878788 ms
Peak memory: 1067.3241271972656 MB
Time index, remove data from structure: 0.0017607046818181819
Time for querying: 0.0
Time for new slide: 0.0719512726439394
Time for expired slide: 0.005774619757575757
------------------------------------
Number clusters = 0.0
Max Number points in event queue = 0.0
Avg number points in clusters= 0.0
Avg Rmc size = 0.0
Avg Length exps= 0.0
#window: 133
Total #outliers: 374
Average Time: 77.59301747368423 ms
Peak memory: 1067.3241271972656 MB
Time index, remove data from structure: 0.0017608905563909775
Time for querying: 0.0
Time for new slide: 0.071818635
Time for expired slide: 0.005770982428571428
------------------------------------
Number clusters = 0.0
Max Number points in event queue = 0.0
Avg number points in clusters= 0.0
Avg Rmc size = 0.0
Avg Length exps= 0.0
#window: 134
Total #outliers: 370
Average Time: 77.46872581343285 ms
Peak memory: 1067.3241271972656 MB
Time index, remove data from structure: 0.0017593155671641791
Time for querying: 0.0
Time for new slide: 0.07169898455970149
Time for expired slide: 0.005766345574626865
------------------------------------
Number clusters = 0.0
Max Number points in event queue = 0.0
Avg number points in clusters= 0.0
Avg Rmc size = 0.0
Avg Length exps= 0.0
#window: 135
Total #outliers: 395
Average Time: 77.37432742222225 ms
Peak memory: 1067.3241271972656 MB
Time index, remove data from structure: 0.0017578209333333334
Time for querying: 0.0
Time for new slide: 0.07161050025925926
Time for expired slide: 0.005760439459259259
------------------------------------
Number clusters = 0.0
Max Number points in event queue = 0.0
Avg number points in clusters= 0.0
Avg Rmc size = 0.0
Avg Length exps= 0.0
#window: 136
Total #outliers: 411
Average Time: 77.31037980882355 ms
Peak memory: 1067.3241271972656 MB
Time index, remove data from structure: 0.001756307625
Time for querying: 0.0
Time for new slide: 0.07155210572058823
Time for expired slide: 0.005754891014705882
------------------------------------
Number clusters = 0.0
Max Number points in event queue = 0.0
Avg number points in clusters= 0.0
Avg Rmc size = 0.0
Avg Length exps= 0.0
#window: 137
Total #outliers: 301
Average Time: 77.27544951094892 ms
Peak memory: 1067.3241271972656 MB
Time index, remove data from structure: 0.0017549921897810218
Time for querying: 0.0
Time for new slide: 0.07152008156934307
Time for expired slide: 0.00575198694160584
------------------------------------
Number clusters = 0.0
Max Number points in event queue = 0.0
Avg number points in clusters= 0.0
Avg Rmc size = 0.0
Avg Length exps= 0.0
#window: 138
Total #outliers: 316
Average Time: 77.27254350000001 ms
Peak memory: 1067.3241271972656 MB
Time index, remove data from structure: 0.0017536008260869566
Time for querying: 0.0
Time for new slide: 0.0715201060942029
Time for expired slide: 0.005749053130434783
------------------------------------
Number clusters = 0.0
Max Number points in event queue = 0.0
Avg number points in clusters= 0.0
Avg Rmc size = 0.0
Avg Length exps= 0.0
#window: 139
Total #outliers: 283
Average Time: 77.30187578417267 ms
Peak memory: 1067.3241271972656 MB
Time index, remove data from structure: 0.0017520886690647482
Time for querying: 0.0
Time for new slide: 0.07155472324460431
Time for expired slide: 0.005743771848920863
------------------------------------
Number clusters = 0.0
Max Number points in event queue = 0.0
Avg number points in clusters= 0.0
Avg Rmc size = 0.0
Avg Length exps= 0.0
#window: 140
Total #outliers: 257
Average Time: 77.32850541428573 ms
Peak memory: 1067.3241271972656 MB
Time index, remove data from structure: 0.0017506446714285716
Time for querying: 0.0
Time for new slide: 0.07158751712142858
Time for expired slide: 0.005737610821428572
------------------------------------
Number clusters = 0.0
Max Number points in event queue = 0.0
Avg number points in clusters= 0.0
Avg Rmc size = 0.0
Avg Length exps= 0.0
#window: 141
Total #outliers: 264
Average Time: 77.36445609929078 ms
Peak memory: 1067.3241271972656 MB
Time index, remove data from structure: 0.0017493090212765956
Time for querying: 0.0
Time for new slide: 0.07162814829078014
Time for expired slide: 0.005732934581560284
------------------------------------
Number clusters = 0.0
Max Number points in event queue = 0.0
Avg number points in clusters= 0.0
Avg Rmc size = 0.0
Avg Length exps= 0.0
#window: 142
Total #outliers: 265
Average Time: 77.43327149295776 ms
Peak memory: 1067.3241271972656 MB
Time index, remove data from structure: 0.0017485161126760563
Time for querying: 0.0
Time for new slide: 0.07170177345070422
Time for expired slide: 0.005728126126760564
------------------------------------
Number clusters = 0.0
Max Number points in event queue = 0.0
Avg number points in clusters= 0.0
Avg Rmc size = 0.0
Avg Length exps= 0.0
#window: 143
Total #outliers: 260
Average Time: 77.48911961538461 ms
Peak memory: 1067.3241271972656 MB
Time index, remove data from structure: 0.001747748104895105
Time for querying: 0.0
Time for new slide: 0.07176213856643356
Time for expired slide: 0.005723609839160839
------------------------------------
Number clusters = 0.0
Max Number points in event queue = 0.0
Avg number points in clusters= 0.0
Avg Rmc size = 0.0
Avg Length exps= 0.0
#window: 144
Total #outliers: 250
Average Time: 77.60392465277778 ms
Peak memory: 1067.3241271972656 MB
Time index, remove data from structure: 0.0017463280347222224
Time for querying: 0.0
Time for new slide: 0.07188190710416667
Time for expired slide: 0.005718650097222222
------------------------------------
Number clusters = 0.0
Max Number points in event queue = 0.0
Avg number points in clusters= 0.0
Avg Rmc size = 0.0
Avg Length exps= 0.0
#window: 145
Total #outliers: 267
Average Time: 77.66957480689655 ms
Peak memory: 1067.3241271972656 MB
Time index, remove data from structure: 0.0017452314965517243
Time for querying: 0.0
Time for new slide: 0.07195231553103448
Time for expired slide: 0.005713892172413793
------------------------------------
Number clusters = 0.0
Max Number points in event queue = 0.0
Avg number points in clusters= 0.0
Avg Rmc size = 0.0
Avg Length exps= 0.0
#window: 146
Total #outliers: 281
Average Time: 77.72791576712329 ms
Peak memory: 1067.3241271972656 MB
Time index, remove data from structure: 0.0017441081369863013
Time for querying: 0.0
Time for new slide: 0.07201170347260273
Time for expired slide: 0.005712846198630137
------------------------------------
Number clusters = 0.0
Max Number points in event queue = 0.0
Avg number points in clusters= 0.0
Avg Rmc size = 0.0
Avg Length exps= 0.0
#window: 147
Total #outliers: 257
Average Time: 77.76203306122449 ms
Peak memory: 1067.3241271972656 MB
Time index, remove data from structure: 0.0017426061632653058
Time for querying: 0.0
Time for new slide: 0.07205088682993198
Time for expired slide: 0.005707784340136054
------------------------------------
Number clusters = 0.0
Max Number points in event queue = 0.0
Avg number points in clusters= 0.0
Avg Rmc size = 0.0
Avg Length exps= 0.0
#window: 148
Total #outliers: 286
Average Time: 77.82198283108107 ms
Peak memory: 1067.3241271972656 MB
Time index, remove data from structure: 0.0017414496486486486
Time for querying: 0.0
Time for new slide: 0.07211263887837838
Time for expired slide: 0.005705981858108109
------------------------------------
Number clusters = 0.0
Max Number points in event queue = 0.0
Avg number points in clusters= 0.0
Avg Rmc size = 0.0
Avg Length exps= 0.0
#window: 149
Total #outliers: 312
Average Time: 77.88036595302013 ms
Peak memory: 1067.3241271972656 MB
Time index, remove data from structure: 0.0017402475167785235
Time for querying: 0.0
Time for new slide: 0.07217554469798658
Time for expired slide: 0.005701462939597315
------------------------------------
Number clusters = 0.0
Max Number points in event queue = 0.0
Avg number points in clusters= 0.0
Avg Rmc size = 0.0
Avg Length exps= 0.0
#window: 150
Total #outliers: 311
Average Time: 77.93053573333331 ms
Peak memory: 1067.3241271972656 MB
Time index, remove data from structure: 0.0017385348866666664
Time for querying: 0.0
Time for new slide: 0.07223014753333333
Time for expired slide: 0.005697030073333334
------------------------------------
Number clusters = 0.0
Max Number points in event queue = 0.0
Avg number points in clusters= 0.0
Avg Rmc size = 0.0
Avg Length exps= 0.0
#window: 151
Total #outliers: 321
Average Time: 78.00284042384105 ms
Peak memory: 1067.3241271972656 MB
Time index, remove data from structure: 0.001737571894039735
Time for querying: 0.0
Time for new slide: 0.07230417315231788
Time for expired slide: 0.005695310317880795
------------------------------------
Number clusters = 0.0
Max Number points in event queue = 0.0
Avg number points in clusters= 0.0
Avg Rmc size = 0.0
Avg Length exps= 0.0
#window: 152
Total #outliers: 303
Average Time: 78.09339724999998 ms
Peak memory: 1067.3241271972656 MB
Time index, remove data from structure: 0.0017367680789473685
Time for querying: 0.0
Time for new slide: 0.07239632167763159
Time for expired slide: 0.005693721414473684
------------------------------------
Number clusters = 0.0
Max Number points in event queue = 0.0
Avg number points in clusters= 0.0
Avg Rmc size = 0.0
Avg Length exps= 0.0
#window: 153
Total #outliers: 297
Average Time: 78.18040374509802 ms
Peak memory: 1067.3241271972656 MB
Time index, remove data from structure: 0.0017353772875816993
Time for querying: 0.0
Time for new slide: 0.07248680280392157
Time for expired slide: 0.005690244627450981
------------------------------------
Number clusters = 0.0
Max Number points in event queue = 0.0
Avg number points in clusters= 0.0
Avg Rmc size = 0.0
Avg Length exps= 0.0
#window: 154
Total #outliers: 279
Average Time: 78.28339248051947 ms
Peak memory: 1067.3241271972656 MB
Time index, remove data from structure: 0.0017348991558441558
Time for querying: 0.0
Time for new slide: 0.07259259723376624
Time for expired slide: 0.005687440194805195
------------------------------------
Number clusters = 0.0
Max Number points in event queue = 0.0
Avg number points in clusters= 0.0
Avg Rmc size = 0.0
Avg Length exps= 0.0
#window: 155
Total #outliers: 280
Average Time: 78.43346154838709 ms
Peak memory: 1067.3241271972656 MB
Time index, remove data from structure: 0.0017341053161290323
Time for querying: 0.0
Time for new slide: 0.0727467458967742
Time for expired slide: 0.005683362419354839
------------------------------------
Number clusters = 0.0
Max Number points in event queue = 0.0
Avg number points in clusters= 0.0
Avg Rmc size = 0.0
Avg Length exps= 0.0
#window: 156
Total #outliers: 296
Average Time: 78.5592532179487 ms
Peak memory: 1067.3241271972656 MB
Time index, remove data from structure: 0.0017335075320512822
Time for querying: 0.0
Time for new slide: 0.07287539056410257
Time for expired slide: 0.005680510346153846
------------------------------------
Number clusters = 0.0
Max Number points in event queue = 0.0
Avg number points in clusters= 0.0
Avg Rmc size = 0.0
Avg Length exps= 0.0
#window: 157
Total #outliers: 302
Average Time: 78.71883383439489 ms
Peak memory: 1067.3241271972656 MB
Time index, remove data from structure: 0.0017328905732484077
Time for querying: 0.0
Time for new slide: 0.07303042607006369
Time for expired slide: 0.005685055777070063
------------------------------------
Number clusters = 0.0
Max Number points in event queue = 0.0
Avg number points in clusters= 0.0
Avg Rmc size = 0.0
Avg Length exps= 0.0
#window: 158
Total #outliers: 314
Average Time: 78.83724792405062 ms
Peak memory: 1067.3241271972656 MB
Time index, remove data from structure: 0.0017323777658227848
Time for querying: 0.0
Time for new slide: 0.07314852494936709
Time for expired slide: 0.005685371278481012
------------------------------------
Number clusters = 0.0
Max Number points in event queue = 0.0
Avg number points in clusters= 0.0
Avg Rmc size = 0.0
Avg Length exps= 0.0
#window: 159
Total #outliers: 385
Average Time: 78.91273426415093 ms
Peak memory: 1067.3241271972656 MB
Time index, remove data from structure: 0.0017324261635220126
Time for querying: 0.0
Time for new slide: 0.0732235377672956
Time for expired slide: 0.005685847383647798
------------------------------------
Number clusters = 0.0
Max Number points in event queue = 0.0
Avg number points in clusters= 0.0
Avg Rmc size = 0.0
Avg Length exps= 0.0
#window: 160
Total #outliers: 397
Average Time: 78.98410739374998 ms
Peak memory: 1067.3241271972656 MB
Time index, remove data from structure: 0.0017318100375
Time for querying: 0.0
Time for new slide: 0.07329318439375
Time for expired slide: 0.00568757420625
------------------------------------
Number clusters = 0.0
Max Number points in event queue = 0.0
Avg number points in clusters= 0.0
Avg Rmc size = 0.0
Avg Length exps= 0.0
#window: 161
Total #outliers: 393
Average Time: 79.03369888819874 ms
Peak memory: 1067.3241271972656 MB
Time index, remove data from structure: 0.0017315438260869565
Time for querying: 0.0
Time for new slide: 0.07333350605590062
Time for expired slide: 0.005696847434782609
------------------------------------
Number clusters = 0.0
Max Number points in event queue = 0.0
Avg number points in clusters= 0.0
Avg Rmc size = 0.0
Avg Length exps= 0.0
#window: 162
Total #outliers: 382
Average Time: 79.01600619753086 ms
Peak memory: 1067.3241271972656 MB
Time index, remove data from structure: 0.0017311740925925927
Time for querying: 0.0
Time for new slide: 0.07331367469753086
Time for expired slide: 0.005698989790123457
------------------------------------
Number clusters = 0.0
Max Number points in event queue = 0.0
Avg number points in clusters= 0.0
Avg Rmc size = 0.0
Avg Length exps= 0.0
#window: 163
Total #outliers: 348
Average Time: 79.01751123926378 ms
Peak memory: 1067.3241271972656 MB
Time index, remove data from structure: 0.001731700619631902
Time for querying: 0.0
Time for new slide: 0.07329638500613497
Time for expired slide: 0.005717785300613497
------------------------------------
Number clusters = 0.0
Max Number points in event queue = 0.0
Avg number points in clusters= 0.0
Avg Rmc size = 0.0
Avg Length exps= 0.0
#window: 164
Total #outliers: 344
Average Time: 79.01133207926827 ms
Peak memory: 1067.3241271972656 MB
Time index, remove data from structure: 0.0017309505000000002
Time for querying: 0.0
Time for new slide: 0.07329121222560976
Time for expired slide: 0.005716783262195122
------------------------------------
Number clusters = 0.0
Max Number points in event queue = 0.0
Avg number points in clusters= 0.0
Avg Rmc size = 0.0
Avg Length exps= 0.0
#window: 165
Total #outliers: 319
Average Time: 79.03036926060604 ms
Peak memory: 1067.3241271972656 MB
Time index, remove data from structure: 0.0017297795757575756
Time for querying: 0.0
Time for new slide: 0.07331239260606061
Time for expired slide: 0.005714641981818182
------------------------------------
Number clusters = 0.0
Max Number points in event queue = 0.0
Avg number points in clusters= 0.0
Avg Rmc size = 0.0
Avg Length exps= 0.0
#window: 166
Total #outliers: 326
Average Time: 79.05886888554214 ms
Peak memory: 1067.3241271972656 MB
Time index, remove data from structure: 0.0017292513313253012
Time for querying: 0.0
Time for new slide: 0.07333742689156626
Time for expired slide: 0.005718109126506024
------------------------------------
Number clusters = 0.0
Max Number points in event queue = 0.0
Avg number points in clusters= 0.0
Avg Rmc size = 0.0
Avg Length exps= 0.0
#window: 167
Total #outliers: 349
Average Time: 79.1202951317365 ms
Peak memory: 1067.3241271972656 MB
Time index, remove data from structure: 0.0017286775269461077
Time for querying: 0.0
Time for new slide: 0.07339781024550898
Time for expired slide: 0.0057191540119760475
------------------------------------
Number clusters = 0.0
Max Number points in event queue = 0.0
Avg number points in clusters= 0.0
Avg Rmc size = 0.0
Avg Length exps= 0.0
#window: 168
Total #outliers: 377
Average Time: 79.15040269047617 ms
Peak memory: 1067.3241271972656 MB
Time index, remove data from structure: 0.0017276841964285713
Time for querying: 0.0
Time for new slide: 0.07342900945238096
Time for expired slide: 0.005718064119047619
------------------------------------
Number clusters = 0.0
Max Number points in event queue = 0.0
Avg number points in clusters= 0.0
Avg Rmc size = 0.0
Avg Length exps= 0.0
#window: 169
Total #outliers: 360
Average Time: 79.1594778343195 ms
Peak memory: 1067.3241271972656 MB
Time index, remove data from structure: 0.0017268107100591717
Time for querying: 0.0
Time for new slide: 0.07343822730769231
Time for expired slide: 0.005717924343195267
------------------------------------
Number clusters = 0.0
Max Number points in event queue = 0.0
Avg number points in clusters= 0.0
Avg Rmc size = 0.0
Avg Length exps= 0.0
#window: 170
Total #outliers: 367
Average Time: 79.18703010588233 ms
Peak memory: 1067.3241271972656 MB
Time index, remove data from structure: 0.001725619194117647
Time for querying: 0.0
Time for new slide: 0.07346649388235295
Time for expired slide: 0.005717210382352941
------------------------------------
Number clusters = 0.0
Max Number points in event queue = 0.0
Avg number points in clusters= 0.0
Avg Rmc size = 0.0
Avg Length exps= 0.0
#window: 171
Total #outliers: 384
Average Time: 79.22180087719295 ms
Peak memory: 1067.3241271972656 MB
Time index, remove data from structure: 0.001724366058479532
Time for querying: 0.0
Time for new slide: 0.07350130877192983
Time for expired slide: 0.005717170140350877
------------------------------------
Number clusters = 0.0
Max Number points in event queue = 0.0
Avg number points in clusters= 0.0
Avg Rmc size = 0.0
Avg Length exps= 0.0
#window: 172
Total #outliers: 394
Average Time: 79.23921207558136 ms
Peak memory: 1067.3241271972656 MB
Time index, remove data from structure: 0.0017231805523255815
Time for querying: 0.0
Time for new slide: 0.0735197425
Time for expired slide: 0.005716149604651163
------------------------------------
Number clusters = 0.0
Max Number points in event queue = 0.0
Avg number points in clusters= 0.0
Avg Rmc size = 0.0
Avg Length exps= 0.0
#window: 173
Total #outliers: 430
Average Time: 79.273802583815 ms
Peak memory: 1067.3241271972656 MB
Time index, remove data from structure: 0.0017219690751445085
Time for querying: 0.0
Time for new slide: 0.07355029753179192
Time for expired slide: 0.0057201875433526015
------------------------------------
Number clusters = 0.0
Max Number points in event queue = 0.0
Avg number points in clusters= 0.0
Avg Rmc size = 0.0
Avg Length exps= 0.0
#window: 174
Total #outliers: 431
Average Time: 79.12756669540228 ms
Peak memory: 1073.1223754882812 MB
Time index, remove data from structure: 0.0017211088218390804
Time for querying: 0.0
Time for new slide: 0.07339527775862069
Time for expired slide: 0.005728971057471264
------------------------------------
Number clusters = 0.0
Max Number points in event queue = 0.0
Avg number points in clusters= 0.0
Avg Rmc size = 0.0
Avg Length exps= 0.0
#window: 175
Total #outliers: 443
Average Time: 78.89780383999998 ms
Peak memory: 1073.1223754882812 MB
Time index, remove data from structure: 0.0017202863542857142
Time for querying: 0.0
Time for new slide: 0.07315774589142857
Time for expired slide: 0.005736740908571429
------------------------------------
Number clusters = 0.0
Max Number points in event queue = 0.0
Avg number points in clusters= 0.0
Avg Rmc size = 0.0
Avg Length exps= 0.0
#window: 176
Total #outliers: 450
Average Time: 78.68207614772724 ms
Peak memory: 1073.1223754882812 MB
Time index, remove data from structure: 0.0017188436193181819
Time for querying: 0.0
Time for new slide: 0.07293513931818182
Time for expired slide: 0.005743622278409091
------------------------------------
Number clusters = 0.0
Max Number points in event queue = 0.0
Avg number points in clusters= 0.0
Avg Rmc size = 0.0
Avg Length exps= 0.0
#window: 177
Total #outliers: 507
Average Time: 78.48803529378529 ms
Peak memory: 1073.1223754882812 MB
Time index, remove data from structure: 0.0017174364011299434
Time for querying: 0.0
Time for new slide: 0.07273925435028249
Time for expired slide: 0.005745470203389831
------------------------------------
Number clusters = 0.0
Max Number points in event queue = 0.0
Avg number points in clusters= 0.0
Avg Rmc size = 0.0
Avg Length exps= 0.0
#window: 178
Total #outliers: 520
Average Time: 78.31279949438199 ms
Peak memory: 1073.1223754882812 MB
Time index, remove data from structure: 0.0017163356629213485
Time for querying: 0.0
Time for new slide: 0.07255465180898876
Time for expired slide: 0.005754840393258427
------------------------------------
Number clusters = 0.0
Max Number points in event queue = 0.0
Avg number points in clusters= 0.0
Avg Rmc size = 0.0
Avg Length exps= 0.0
#window: 179
Total #outliers: 542
Average Time: 78.13707325698321 ms
Peak memory: 1073.1223754882812 MB
Time index, remove data from structure: 0.0017156957150837988
Time for querying: 0.0
Time for new slide: 0.07237240583798883
Time for expired slide: 0.005761364106145251
------------------------------------
Number clusters = 0.0
Max Number points in event queue = 0.0
Avg number points in clusters= 0.0
Avg Rmc size = 0.0
Avg Length exps= 0.0
#window: 180
Total #outliers: 530
Average Time: 77.9795015222222 ms
Peak memory: 1073.1223754882812 MB
Time index, remove data from structure: 0.0017144312777777778
Time for querying: 0.0
Time for new slide: 0.07220627208333334
Time for expired slide: 0.005769929844444445
------------------------------------
Number clusters = 0.0
Max Number points in event queue = 0.0
Avg number points in clusters= 0.0
Avg Rmc size = 0.0
Avg Length exps= 0.0
#window: 181
Total #outliers: 542
Average Time: 77.8342557071823 ms
Peak memory: 1073.1223754882812 MB
Time index, remove data from structure: 0.0017143318895027624
Time for querying: 0.0
Time for new slide: 0.0720519003756906
Time for expired slide: 0.005779059955801105
------------------------------------
Number clusters = 0.0
Max Number points in event queue = 0.0
Avg number points in clusters= 0.0
Avg Rmc size = 0.0
Avg Length exps= 0.0
#window: 182
Total #outliers: 584
Average Time: 77.72130826373623 ms
Peak memory: 1073.1223754882812 MB
Time index, remove data from structure: 0.0017141005384615382
Time for querying: 0.0
Time for new slide: 0.07192697026373626
Time for expired slide: 0.005791046489010989
------------------------------------
Number clusters = 0.0
Max Number points in event queue = 0.0
Avg number points in clusters= 0.0
Avg Rmc size = 0.0
Avg Length exps= 0.0
#window: 183
Total #outliers: 621
Average Time: 77.62130938251363 ms
Peak memory: 1073.1223754882812 MB
Time index, remove data from structure: 0.0017129963278688523
Time for querying: 0.0
Time for new slide: 0.07182074281967213
Time for expired slide: 0.005797277579234973
------------------------------------
Number clusters = 0.0
Max Number points in event queue = 0.0
Avg number points in clusters= 0.0
Avg Rmc size = 0.0
Avg Length exps= 0.0
#window: 184
Total #outliers: 586
Average Time: 77.5660356467391 ms
Peak memory: 1073.1223754882812 MB
Time index, remove data from structure: 0.0017124223206521738
Time for querying: 0.0
Time for new slide: 0.07174133978260869
Time for expired slide: 0.005821409679347827
------------------------------------
Number clusters = 0.0
Max Number points in event queue = 0.0
Avg number points in clusters= 0.0
Avg Rmc size = 0.0
Avg Length exps= 0.0
#window: 185
Total #outliers: 606
Average Time: 77.47544757837835 ms
Peak memory: 1073.1223754882812 MB
Time index, remove data from structure: 0.0017119860108108108
Time for querying: 0.0
Time for new slide: 0.07163947924864865
Time for expired slide: 0.005832684178378378
------------------------------------
Number clusters = 0.0
Max Number points in event queue = 0.0
Avg number points in clusters= 0.0
Avg Rmc size = 0.0
Avg Length exps= 0.0
#window: 186
Total #outliers: 575
Average Time: 77.37971954838706 ms
Peak memory: 1073.1223754882812 MB
Time index, remove data from structure: 0.001711535494623656
Time for querying: 0.0
Time for new slide: 0.07153232906989247
Time for expired slide: 0.0058441104892473115
------------------------------------
Number clusters = 0.0
Max Number points in event queue = 0.0
Avg number points in clusters= 0.0
Avg Rmc size = 0.0
Avg Length exps= 0.0
#window: 187
Total #outliers: 623
Average Time: 77.29225659358285 ms
Peak memory: 1073.1223754882812 MB
Time index, remove data from structure: 0.001711052486631016
Time for querying: 0.0
Time for new slide: 0.0714259205026738
Time for expired slide: 0.005863058101604278
------------------------------------
Number clusters = 0.0
Max Number points in event queue = 0.0
Avg number points in clusters= 0.0
Avg Rmc size = 0.0
Avg Length exps= 0.0
#window: 188
Total #outliers: 601
Average Time: 77.22942925531912 ms
Peak memory: 1073.1223754882812 MB
Time index, remove data from structure: 0.0017097925425531913
Time for querying: 0.0
Time for new slide: 0.07135379237234042
Time for expired slide: 0.005872360893617022
------------------------------------
Number clusters = 0.0
Max Number points in event queue = 0.0
Avg number points in clusters= 0.0
Avg Rmc size = 0.0
Avg Length exps= 0.0
#window: 189
Total #outliers: 566
Average Time: 77.17718812169309 ms
Peak memory: 1073.1223754882812 MB
Time index, remove data from structure: 0.0017084212328042328
Time for querying: 0.0
Time for new slide: 0.07129692133862434
Time for expired slide: 0.005876990619047619
------------------------------------
Number clusters = 0.0
Max Number points in event queue = 0.0
Avg number points in clusters= 0.0
Avg Rmc size = 0.0
Avg Length exps= 0.0
#window: 190
Total #outliers: 586
Average Time: 77.14202255789469 ms
Peak memory: 1073.1223754882812 MB
Time index, remove data from structure: 0.0017069151368421052
Time for querying: 0.0
Time for new slide: 0.07125936017368421
Time for expired slide: 0.005879388242105263
------------------------------------
Number clusters = 0.0
Max Number points in event queue = 0.0
Avg number points in clusters= 0.0
Avg Rmc size = 0.0
Avg Length exps= 0.0
Peak memory: 1073.1223754882812 MB
Average CPU time: 77.14202255789469 ms
