#window: 1
Total #outliers: 7718
Average Time: 0.0 ms
Peak memory: 503.31356048583984 MB
Time index, remove data from structure: 0.0
Time for querying: 0.0
Time for new slide: 0.0
Time for expired slide: 0.0
------------------------------------
Number clusters = 0.0
Max Number points in event queue = 0.0
Avg number points in clusters= 0.0
Avg Rmc size = 0.0
Avg Length exps= 0.0
#window: 2
Total #outliers: 7819
Average Time: 3677.3400149999998 ms
Peak memory: 600.4847030639648 MB
Time index, remove data from structure: 0.008907833
Time for querying: 0.0
Time for new slide: 3.587588578
Time for expired slide: 0.08974881
------------------------------------
Number clusters = 0.0
Max Number points in event queue = 0.0
Avg number points in clusters= 0.0
Avg Rmc size = 0.0
Avg Length exps= 0.0
#window: 3
Total #outliers: 7773
Average Time: 4821.975803666666 ms
Peak memory: 675.2017364501953 MB
Time index, remove data from structure: 0.011219025
Time for querying: 0.0
Time for new slide: 4.675255283
Time for expired slide: 0.14671722
------------------------------------
Number clusters = 0.0
Max Number points in event queue = 0.0
Avg number points in clusters= 0.0
Avg Rmc size = 0.0
Avg Length exps= 0.0
#window: 4
Total #outliers: 7891
Average Time: 5028.438314 ms
Peak memory: 675.2017364501953 MB
Time index, remove data from structure: 0.01205539025
Time for querying: 0.0
Time for new slide: 4.83309085425
Time for expired slide: 0.195343878
------------------------------------
Number clusters = 0.0
Max Number points in event queue = 0.0
Avg number points in clusters= 0.0
Avg Rmc size = 0.0
Avg Length exps= 0.0
#window: 5
Total #outliers: 8072
Average Time: 5212.7518961999995 ms
Peak memory: 675.2017364501953 MB
Time index, remove data from structure: 0.0127843706
Time for querying: 0.0
Time for new slide: 4.9941049004
Time for expired slide: 0.2186432808
------------------------------------
Number clusters = 0.0
Max Number points in event queue = 0.0
Avg number points in clusters= 0.0
Avg Rmc size = 0.0
Avg Length exps= 0.0
#window: 6
Total #outliers: 7996
Average Time: 5383.543398666667 ms
Peak memory: 675.2017364501953 MB
Time index, remove data from structure: 0.013117146166666668
Time for querying: 0.0
Time for new slide: 5.125453032333334
Time for expired slide: 0.258086531
------------------------------------
Number clusters = 0.0
Max Number points in event queue = 0.0
Avg number points in clusters= 0.0
Avg Rmc size = 0.0
Avg Length exps= 0.0
#window: 7
Total #outliers: 7937
Average Time: 5542.900367285713 ms
Peak memory: 675.2017364501953 MB
Time index, remove data from structure: 0.013655188
Time for querying: 0.0
Time for new slide: 5.282940474
Time for expired slide: 0.25995609157142857
------------------------------------
Number clusters = 0.0
Max Number points in event queue = 0.0
Avg number points in clusters= 0.0
Avg Rmc size = 0.0
Avg Length exps= 0.0
#window: 8
Total #outliers: 7876
Average Time: 5751.526408999999 ms
Peak memory: 713.9414596557617 MB
Time index, remove data from structure: 0.014110145375
Time for querying: 0.0
Time for new slide: 5.447053168875
Time for expired slide: 0.304469412875
------------------------------------
Number clusters = 0.0
Max Number points in event queue = 0.0
Avg number points in clusters= 0.0
Avg Rmc size = 0.0
Avg Length exps= 0.0
#window: 9
Total #outliers: 7875
Average Time: 5727.976202777778 ms
Peak memory: 718.3628082275391 MB
Time index, remove data from structure: 0.014774511333333332
Time for querying: 0.0
Time for new slide: 5.386767125666667
Time for expired slide: 0.341204994
------------------------------------
Number clusters = 0.0
Max Number points in event queue = 0.0
Avg number points in clusters= 0.0
Avg Rmc size = 0.0
Avg Length exps= 0.0
#window: 10
Total #outliers: 7823
Average Time: 5762.2086475999995 ms
Peak memory: 718.3628082275391 MB
Time index, remove data from structure: 0.0152420693
Time for querying: 0.0
Time for new slide: 5.389580259400001
Time for expired slide: 0.37262427919999996
------------------------------------
Number clusters = 0.0
Max Number points in event queue = 0.0
Avg number points in clusters= 0.0
Avg Rmc size = 0.0
Avg Length exps= 0.0
#window: 11
Total #outliers: 7877
Average Time: 5808.871174818181 ms
Peak memory: 718.3628082275391 MB
Time index, remove data from structure: 0.015733575818181817
Time for querying: 0.0
Time for new slide: 5.418599281181819
Time for expired slide: 0.39026775036363637
------------------------------------
Number clusters = 0.0
Max Number points in event queue = 0.0
Avg number points in clusters= 0.0
Avg Rmc size = 0.0
Avg Length exps= 0.0
#window: 12
Total #outliers: 7755
Average Time: 5882.272868916666 ms
Peak memory: 718.3628082275391 MB
Time index, remove data from structure: 0.0162188915
Time for querying: 0.0
Time for new slide: 5.477435038583334
Time for expired slide: 0.40483363316666665
------------------------------------
Number clusters = 0.0
Max Number points in event queue = 0.0
Avg number points in clusters= 0.0
Avg Rmc size = 0.0
Avg Length exps= 0.0
#window: 13
Total #outliers: 7647
Average Time: 5957.585504384615 ms
Peak memory: 747.2816848754883 MB
Time index, remove data from structure: 0.016856735153846156
Time for querying: 0.0
Time for new slide: 5.522122420692308
Time for expired slide: 0.43545884384615385
------------------------------------
Number clusters = 0.0
Max Number points in event queue = 0.0
Avg number points in clusters= 0.0
Avg Rmc size = 0.0
Avg Length exps= 0.0
#window: 14
Total #outliers: 7644
Average Time: 6021.064951285714 ms
Peak memory: 845.8383865356445 MB
Time index, remove data from structure: 0.017508151
Time for querying: 0.0
Time for new slide: 5.593303524428571
Time for expired slide: 0.42775721257142857
------------------------------------
Number clusters = 0.0
Max Number points in event queue = 0.0
Avg number points in clusters= 0.0
Avg Rmc size = 0.0
Avg Length exps= 0.0
#window: 15
Total #outliers: 7765
Average Time: 6146.7583542 ms
Peak memory: 944.3947906494141 MB
Time index, remove data from structure: 0.018226512933333334
Time for querying: 0.0
Time for new slide: 5.702705176066667
Time for expired slide: 0.44404821926666665
------------------------------------
Number clusters = 0.0
Max Number points in event queue = 0.0
Avg number points in clusters= 0.0
Avg Rmc size = 0.0
Avg Length exps= 0.0
#window: 16
Total #outliers: 7846
Average Time: 6307.70899025 ms
Peak memory: 1042.9511947631836 MB
Time index, remove data from structure: 0.01886858775
Time for querying: 0.0
Time for new slide: 5.830632427375
Time for expired slide: 0.477071602
------------------------------------
Number clusters = 0.0
Max Number points in event queue = 0.0
Avg number points in clusters= 0.0
Avg Rmc size = 0.0
Avg Length exps= 0.0
#window: 17
Total #outliers: 7802
Average Time: 6481.059600352942 ms
Peak memory: 1141.5075988769531 MB
Time index, remove data from structure: 0.019760478647058825
Time for querying: 0.0
Time for new slide: 5.959913121294117
Time for expired slide: 0.5211415474117648
------------------------------------
Number clusters = 0.0
Max Number points in event queue = 0.0
Avg number points in clusters= 0.0
Avg Rmc size = 0.0
Avg Length exps= 0.0
#window: 18
Total #outliers: 7833
Average Time: 6615.059895388888 ms
Peak memory: 1258.4993591308594 MB
Time index, remove data from structure: 0.02049161738888889
Time for querying: 0.0
Time for new slide: 6.079412198277778
Time for expired slide: 0.535642769
------------------------------------
Number clusters = 0.0
Max Number points in event queue = 0.0
Avg number points in clusters= 0.0
Avg Rmc size = 0.0
Avg Length exps= 0.0
#window: 19
Total #outliers: 7889
Average Time: 6565.068490631579 ms
Peak memory: 1258.4993591308594 MB
Time index, remove data from structure: 0.021231809210526316
Time for querying: 0.0
Time for new slide: 6.003755877894736
Time for expired slide: 0.5613076880526315
------------------------------------
Number clusters = 0.0
Max Number points in event queue = 0.0
Avg number points in clusters= 0.0
Avg Rmc size = 0.0
Avg Length exps= 0.0
#window: 20
Total #outliers: 7886
Average Time: 6522.5447446 ms
Peak memory: 1258.4993591308594 MB
Time index, remove data from structure: 0.02174242775
Time for querying: 0.0
Time for new slide: 5.96318121615
Time for expired slide: 0.5593586115
------------------------------------
Number clusters = 0.0
Max Number points in event queue = 0.0
Avg number points in clusters= 0.0
Avg Rmc size = 0.0
Avg Length exps= 0.0
#window: 21
Total #outliers: 7917
Average Time: 6505.149822857143 ms
Peak memory: 1258.4993591308594 MB
Time index, remove data from structure: 0.022250589809523807
Time for querying: 0.0
Time for new slide: 5.942347898095238
Time for expired slide: 0.5627970117142856
------------------------------------
Number clusters = 0.0
Max Number points in event queue = 0.0
Avg number points in clusters= 0.0
Avg Rmc size = 0.0
Avg Length exps= 0.0
#window: 22
Total #outliers: 7849
Average Time: 6511.066700681818 ms
Peak memory: 1258.4993591308594 MB
Time index, remove data from structure: 0.022720168
Time for querying: 0.0
Time for new slide: 5.942944313363636
Time for expired slide: 0.5681175028181819
------------------------------------
Number clusters = 0.0
Max Number points in event queue = 0.0
Avg number points in clusters= 0.0
Avg Rmc size = 0.0
Avg Length exps= 0.0
#window: 23
Total #outliers: 7690
Average Time: 6541.226762956522 ms
Peak memory: 1258.4993591308594 MB
Time index, remove data from structure: 0.023079538043478263
Time for querying: 0.0
Time for new slide: 5.949204479
Time for expired slide: 0.5920174100434783
------------------------------------
Number clusters = 0.0
Max Number points in event queue = 0.0
Avg number points in clusters= 0.0
Avg Rmc size = 0.0
Avg Length exps= 0.0
#window: 24
Total #outliers: 7679
Average Time: 6552.898790041667 ms
Peak memory: 1258.4993591308594 MB
Time index, remove data from structure: 0.023537828
Time for querying: 0.0
Time for new slide: 5.962181005583333
Time for expired slide: 0.5907126281666667
------------------------------------
Number clusters = 0.0
Max Number points in event queue = 0.0
Avg number points in clusters= 0.0
Avg Rmc size = 0.0
Avg Length exps= 0.0
#window: 25
Total #outliers: 7574
Average Time: 6602.10392552 ms
Peak memory: 1258.4993591308594 MB
Time index, remove data from structure: 0.02398717408
Time for querying: 0.0
Time for new slide: 5.999844370439999
Time for expired slide: 0.6022544536400001
------------------------------------
Number clusters = 0.0
Max Number points in event queue = 0.0
Avg number points in clusters= 0.0
Avg Rmc size = 0.0
Avg Length exps= 0.0
#window: 26
Total #outliers: 7541
Average Time: 6651.149602576923 ms
Peak memory: 1258.4993591308594 MB
Time index, remove data from structure: 0.024332746923076923
Time for querying: 0.0
Time for new slide: 6.028590733115385
Time for expired slide: 0.6225537964230768
------------------------------------
Number clusters = 0.0
Max Number points in event queue = 0.0
Avg number points in clusters= 0.0
Avg Rmc size = 0.0
Avg Length exps= 0.0
#window: 27
Total #outliers: 7478
Average Time: 6709.961740814814 ms
Peak memory: 1258.4993591308594 MB
Time index, remove data from structure: 0.024785044740740742
Time for querying: 0.0
Time for new slide: 6.0771949302222215
Time for expired slide: 0.6327617615925926
------------------------------------
Number clusters = 0.0
Max Number points in event queue = 0.0
Avg number points in clusters= 0.0
Avg Rmc size = 0.0
Avg Length exps= 0.0
#window: 28
Total #outliers: 7479
Average Time: 6777.810424178571 ms
Peak memory: 1320.0619888305664 MB
Time index, remove data from structure: 0.025220263392857146
Time for querying: 0.0
Time for new slide: 6.133077363571429
Time for expired slide: 0.6447280508214286
------------------------------------
Number clusters = 0.0
Max Number points in event queue = 0.0
Avg number points in clusters= 0.0
Avg Rmc size = 0.0
Avg Length exps= 0.0
#window: 29
Total #outliers: 7535
Average Time: 6721.666686275862 ms
Peak memory: 1320.0619888305664 MB
Time index, remove data from structure: 0.025585441
Time for querying: 0.0
Time for new slide: 6.07454690237931
Time for expired slide: 0.6471148234137931
------------------------------------
Number clusters = 0.0
Max Number points in event queue = 0.0
Avg number points in clusters= 0.0
Avg Rmc size = 0.0
Avg Length exps= 0.0
#window: 30
Total #outliers: 7481
Average Time: 6674.213901033332 ms
Peak memory: 1320.0619888305664 MB
Time index, remove data from structure: 0.025864904666666667
Time for querying: 0.0
Time for new slide: 6.0303059531
Time for expired slide: 0.6439030046333334
------------------------------------
Number clusters = 0.0
Max Number points in event queue = 0.0
Avg number points in clusters= 0.0
Avg Rmc size = 0.0
Avg Length exps= 0.0
#window: 31
Total #outliers: 7497
Average Time: 6654.268899548386 ms
Peak memory: 1320.0619888305664 MB
Time index, remove data from structure: 0.026183277193548387
Time for querying: 0.0
Time for new slide: 6.002131540258064
Time for expired slide: 0.6521324438064516
------------------------------------
Number clusters = 0.0
Max Number points in event queue = 0.0
Avg number points in clusters= 0.0
Avg Rmc size = 0.0
Avg Length exps= 0.0
#window: 32
Total #outliers: 7742
Average Time: 6648.77988378125 ms
Peak memory: 1320.0619888305664 MB
Time index, remove data from structure: 0.0264691456875
Time for querying: 0.0
Time for new slide: 5.98862521996875
Time for expired slide: 0.660149775625
------------------------------------
Number clusters = 0.0
Max Number points in event queue = 0.0
Avg number points in clusters= 0.0
Avg Rmc size = 0.0
Avg Length exps= 0.0
#window: 33
Total #outliers: 7701
Average Time: 6646.598277636363 ms
Peak memory: 1320.0619888305664 MB
Time index, remove data from structure: 0.026813783333333334
Time for querying: 0.0
Time for new slide: 5.988779266151515
Time for expired slide: 0.6578141538484849
------------------------------------
Number clusters = 0.0
Max Number points in event queue = 0.0
Avg number points in clusters= 0.0
Avg Rmc size = 0.0
Avg Length exps= 0.0
#window: 34
Total #outliers: 7611
Average Time: 6660.349693323529 ms
Peak memory: 1320.0619888305664 MB
Time index, remove data from structure: 0.026967522323529412
Time for querying: 0.0
Time for new slide: 5.9997229222058825
Time for expired slide: 0.6606219394705883
------------------------------------
Number clusters = 0.0
Max Number points in event queue = 0.0
Avg number points in clusters= 0.0
Avg Rmc size = 0.0
Avg Length exps= 0.0
#window: 35
Total #outliers: 7749
Average Time: 6690.233668742857 ms
Peak memory: 1320.0619888305664 MB
Time index, remove data from structure: 0.027152732514285717
Time for querying: 0.0
Time for new slide: 6.0274157371428565
Time for expired slide: 0.6628131006571428
------------------------------------
Number clusters = 0.0
Max Number points in event queue = 0.0
Avg number points in clusters= 0.0
Avg Rmc size = 0.0
Avg Length exps= 0.0
#window: 36
Total #outliers: 7907
Average Time: 6739.192772527777 ms
Peak memory: 1320.0619888305664 MB
Time index, remove data from structure: 0.02739775038888889
Time for querying: 0.0
Time for new slide: 6.065012582194445
Time for expired slide: 0.6741753651388889
------------------------------------
Number clusters = 0.0
Max Number points in event queue = 0.0
Avg number points in clusters= 0.0
Avg Rmc size = 0.0
Avg Length exps= 0.0
#window: 37
Total #outliers: 7729
Average Time: 6780.122154621621 ms
Peak memory: 1320.0619888305664 MB
Time index, remove data from structure: 0.027652144594594596
Time for querying: 0.0
Time for new slide: 6.105975500243243
Time for expired slide: 0.6741418544054054
------------------------------------
Number clusters = 0.0
Max Number points in event queue = 0.0
Avg number points in clusters= 0.0
Avg Rmc size = 0.0
Avg Length exps= 0.0
#window: 38
Total #outliers: 7767
Average Time: 6842.078647105262 ms
Peak memory: 1392.3050689697266 MB
Time index, remove data from structure: 0.027945934921052632
Time for querying: 0.0
Time for new slide: 6.152425307684211
Time for expired slide: 0.6896485599210527
------------------------------------
Number clusters = 0.0
Max Number points in event queue = 0.0
Avg number points in clusters= 0.0
Avg Rmc size = 0.0
Avg Length exps= 0.0
#window: 39
Total #outliers: 7636
Average Time: 6904.410379923074 ms
Peak memory: 1471.0294723510742 MB
Time index, remove data from structure: 0.028192352743589746
Time for querying: 0.0
Time for new slide: 6.206325520025642
Time for expired slide: 0.6980801011025641
------------------------------------
Number clusters = 0.0
Max Number points in event queue = 0.0
Avg number points in clusters= 0.0
Avg Rmc size = 0.0
Avg Length exps= 0.0
#window: 40
Total #outliers: 7682
Average Time: 6979.288570999998 ms
Peak memory: 1589.1160430908203 MB
Time index, remove data from structure: 0.02835728375
Time for querying: 0.0
Time for new slide: 6.2727670496000005
Time for expired slide: 0.706516787125
------------------------------------
Number clusters = 0.0
Max Number points in event queue = 0.0
Avg number points in clusters= 0.0
Avg Rmc size = 0.0
Avg Length exps= 0.0
#window: 41
Total #outliers: 7683
Average Time: 7058.31346321951 ms
Peak memory: 1707.2026138305664 MB
Time index, remove data from structure: 0.028615674317073167
Time for querying: 0.0
Time for new slide: 6.344302609634146
Time for expired slide: 0.7140061258780488
------------------------------------
Number clusters = 0.0
Max Number points in event queue = 0.0
Avg number points in clusters= 0.0
Avg Rmc size = 0.0
Avg Length exps= 0.0
#window: 42
Total #outliers: 7865
Average Time: 7134.153287333331 ms
Peak memory: 1785.9269943237305 MB
Time index, remove data from structure: 0.028877506642857143
Time for querying: 0.0
Time for new slide: 6.4185964593571425
Time for expired slide: 0.7155521266666667
------------------------------------
Number clusters = 0.0
Max Number points in event queue = 0.0
Avg number points in clusters= 0.0
Avg Rmc size = 0.0
Avg Length exps= 0.0
#window: 43
Total #outliers: 7891
Average Time: 7211.018438627905 ms
Peak memory: 1864.6517944335938 MB
Time index, remove data from structure: 0.029115871790697676
Time for querying: 0.0
Time for new slide: 6.497272359325581
Time for expired slide: 0.7137413975813953
------------------------------------
Number clusters = 0.0
Max Number points in event queue = 0.0
Avg number points in clusters= 0.0
Avg Rmc size = 0.0
Avg Length exps= 0.0
#window: 44
Total #outliers: 7722
Average Time: 7291.554223636362 ms
Peak memory: 1982.7383651733398 MB
Time index, remove data from structure: 0.029386817386363638
Time for querying: 0.0
Time for new slide: 6.570382767113636
Time for expired slide: 0.7211667845
------------------------------------
Number clusters = 0.0
Max Number points in event queue = 0.0
Avg number points in clusters= 0.0
Avg Rmc size = 0.0
Avg Length exps= 0.0
#window: 45
Total #outliers: 7985
Average Time: 7370.2082405777755 ms
Peak memory: 2061.4633712768555 MB
Time index, remove data from structure: 0.029600038822222223
Time for querying: 0.0
Time for new slide: 6.650026458488888
Time for expired slide: 0.720177119688889
------------------------------------
Number clusters = 0.0
Max Number points in event queue = 0.0
Avg number points in clusters= 0.0
Avg Rmc size = 0.0
Avg Length exps= 0.0
#window: 46
Total #outliers: 7918
Average Time: 7458.208017260868 ms
Peak memory: 2179.5499420166016 MB
Time index, remove data from structure: 0.029835235173913042
Time for querying: 0.0
Time for new slide: 6.728792354282609
Time for expired slide: 0.7294110155652175
------------------------------------
Number clusters = 0.0
Max Number points in event queue = 0.0
Avg number points in clusters= 0.0
Avg Rmc size = 0.0
Avg Length exps= 0.0
#window: 47
Total #outliers: 7894
Average Time: 7567.989725212764 ms
Peak memory: 2297.636573791504 MB
Time index, remove data from structure: 0.030107156978723404
Time for querying: 0.0
Time for new slide: 6.8225599197446805
Time for expired slide: 0.7454251719787234
------------------------------------
Number clusters = 0.0
Max Number points in event queue = 0.0
Avg number points in clusters= 0.0
Avg Rmc size = 0.0
Avg Length exps= 0.0
#window: 48
Total #outliers: 7761
Average Time: 7624.703632812498 ms
Peak memory: 2344.0068969726562 MB
Time index, remove data from structure: 0.030327442729166668
Time for querying: 0.0
Time for new slide: 6.8669897060625
Time for expired slide: 0.7577093047708333
------------------------------------
Number clusters = 0.0
Max Number points in event queue = 0.0
Avg number points in clusters= 0.0
Avg Rmc size = 0.0
Avg Length exps= 0.0
#window: 49
Total #outliers: 7694
Average Time: 7575.011143448978 ms
Peak memory: 2344.0068969726562 MB
Time index, remove data from structure: 0.03033101144897959
Time for querying: 0.0
Time for new slide: 6.819542479734693
Time for expired slide: 0.7554640491632654
------------------------------------
Number clusters = 0.0
Max Number points in event queue = 0.0
Avg number points in clusters= 0.0
Avg Rmc size = 0.0
Avg Length exps= 0.0
#window: 50
Total #outliers: 7833
Average Time: 7540.449008799998 ms
Peak memory: 2344.0068969726562 MB
Time index, remove data from structure: 0.03028168314
Time for querying: 0.0
Time for new slide: 6.78720137182
Time for expired slide: 0.75324302932
------------------------------------
Number clusters = 0.0
Max Number points in event queue = 0.0
Avg number points in clusters= 0.0
Avg Rmc size = 0.0
Avg Length exps= 0.0
#window: 51
Total #outliers: 7841
Average Time: 7513.708781019606 ms
Peak memory: 2344.0068969726562 MB
Time index, remove data from structure: 0.030291163901960787
Time for querying: 0.0
Time for new slide: 6.763339886313725
Time for expired slide: 0.7503642919215686
------------------------------------
Number clusters = 0.0
Max Number points in event queue = 0.0
Avg number points in clusters= 0.0
Avg Rmc size = 0.0
Avg Length exps= 0.0
#window: 52
Total #outliers: 7785
Average Time: 7492.174546153844 ms
Peak memory: 2344.0068969726562 MB
Time index, remove data from structure: 0.030261779326923074
Time for querying: 0.0
Time for new slide: 6.746120778923077
Time for expired slide: 0.7460491831538462
------------------------------------
Number clusters = 0.0
Max Number points in event queue = 0.0
Avg number points in clusters= 0.0
Avg Rmc size = 0.0
Avg Length exps= 0.0
#window: 53
Total #outliers: 7770
Average Time: 7483.3194177924515 ms
Peak memory: 2344.0068969726562 MB
Time index, remove data from structure: 0.030230689509433965
Time for querying: 0.0
Time for new slide: 6.735058680962264
Time for expired slide: 0.7482558115660377
------------------------------------
Number clusters = 0.0
Max Number points in event queue = 0.0
Avg number points in clusters= 0.0
Avg Rmc size = 0.0
Avg Length exps= 0.0
#window: 54
Total #outliers: 7865
Average Time: 7478.0874917777755 ms
Peak memory: 2344.0068969726562 MB
Time index, remove data from structure: 0.030235758074074075
Time for querying: 0.0
Time for new slide: 6.732654735722223
Time for expired slide: 0.7454278511851852
------------------------------------
Number clusters = 0.0
Max Number points in event queue = 0.0
Avg number points in clusters= 0.0
Avg Rmc size = 0.0
Avg Length exps= 0.0
#window: 55
Total #outliers: 7769
Average Time: 7487.572330181815 ms
Peak memory: 2344.0068969726562 MB
Time index, remove data from structure: 0.03020892598181818
Time for querying: 0.0
Time for new slide: 6.735288542236364
Time for expired slide: 0.7522789043090908
------------------------------------
Number clusters = 0.0
Max Number points in event queue = 0.0
Avg number points in clusters= 0.0
Avg Rmc size = 0.0
Avg Length exps= 0.0
#window: 56
Total #outliers: 7785
Average Time: 7501.4094477142835 ms
Peak memory: 2344.0068969726562 MB
Time index, remove data from structure: 0.030197837375
Time for querying: 0.0
Time for new slide: 6.7477037425
Time for expired slide: 0.7537008338035714
------------------------------------
Number clusters = 0.0
Max Number points in event queue = 0.0
Avg number points in clusters= 0.0
Avg Rmc size = 0.0
Avg Length exps= 0.0
#window: 57
Total #outliers: 7913
Average Time: 7514.57444450877 ms
Peak memory: 2344.0068969726562 MB
Time index, remove data from structure: 0.030152784894736842
Time for querying: 0.0
Time for new slide: 6.764843602666667
Time for expired slide: 0.7497259871754385
------------------------------------
Number clusters = 0.0
Max Number points in event queue = 0.0
Avg number points in clusters= 0.0
Avg Rmc size = 0.0
Avg Length exps= 0.0
#window: 58
Total #outliers: 7918
Average Time: 7535.459752844826 ms
Peak memory: 2344.0068969726562 MB
Time index, remove data from structure: 0.030084224965517242
Time for querying: 0.0
Time for new slide: 6.7892749696379315
Time for expired slide: 0.7461799402931034
------------------------------------
Number clusters = 0.0
Max Number points in event queue = 0.0
Avg number points in clusters= 0.0
Avg Rmc size = 0.0
Avg Length exps= 0.0
#window: 59
Total #outliers: 7930
Average Time: 7559.837527796608 ms
Peak memory: 2344.0068969726562 MB
Time index, remove data from structure: 0.030037394661016948
Time for querying: 0.0
Time for new slide: 6.8100761826779665
Time for expired slide: 0.7497565224915254
------------------------------------
Number clusters = 0.0
Max Number points in event queue = 0.0
Avg number points in clusters= 0.0
Avg Rmc size = 0.0
Avg Length exps= 0.0
#window: 60
Total #outliers: 7933
Average Time: 7595.741268316664 ms
Peak memory: 2344.0068969726562 MB
Time index, remove data from structure: 0.030040245316666665
Time for querying: 0.0
Time for new slide: 6.83797182155
Time for expired slide: 0.7577646376333332
------------------------------------
Number clusters = 0.0
Max Number points in event queue = 0.0
Avg number points in clusters= 0.0
Avg Rmc size = 0.0
Avg Length exps= 0.0
#window: 61
Total #outliers: 8037
Average Time: 7630.15030277049 ms
Peak memory: 2344.0068969726562 MB
Time index, remove data from structure: 0.03005597206557377
Time for querying: 0.0
Time for new slide: 6.868279757147541
Time for expired slide: 0.761865747737705
------------------------------------
Number clusters = 0.0
Max Number points in event queue = 0.0
Avg number points in clusters= 0.0
Avg Rmc size = 0.0
Avg Length exps= 0.0
#window: 62
Total #outliers: 8011
Average Time: 7670.983693596772 ms
Peak memory: 2344.0068969726562 MB
Time index, remove data from structure: 0.030088393467741937
Time for querying: 0.0
Time for new slide: 6.90426817916129
Time for expired slide: 0.7667107288225806
------------------------------------
Number clusters = 0.0
Max Number points in event queue = 0.0
Avg number points in clusters= 0.0
Avg Rmc size = 0.0
Avg Length exps= 0.0
#window: 63
Total #outliers: 8042
Average Time: 7716.196377365077 ms
Peak memory: 2344.0068969726562 MB
Time index, remove data from structure: 0.030134388047619046
Time for querying: 0.0
Time for new slide: 6.946189927507937
Time for expired slide: 0.7700016759365079
------------------------------------
Number clusters = 0.0
Max Number points in event queue = 0.0
Avg number points in clusters= 0.0
Avg Rmc size = 0.0
Avg Length exps= 0.0
#window: 64
Total #outliers: 8062
Average Time: 7757.849952499998 ms
Peak memory: 2344.0068969726562 MB
Time index, remove data from structure: 0.030183550765625
Time for querying: 0.0
Time for new slide: 6.9870432126875
Time for expired slide: 0.7708019790625
------------------------------------
Number clusters = 0.0
Max Number points in event queue = 0.0
Avg number points in clusters= 0.0
Avg Rmc size = 0.0
Avg Length exps= 0.0
#window: 65
Total #outliers: 8080
Average Time: 7806.264114323075 ms
Peak memory: 2344.0068969726562 MB
Time index, remove data from structure: 0.03022351036923077
Time for querying: 0.0
Time for new slide: 7.0324608323230775
Time for expired slide: 0.7737985293846155
------------------------------------
Number clusters = 0.0
Max Number points in event queue = 0.0
Avg number points in clusters= 0.0
Avg Rmc size = 0.0
Avg Length exps= 0.0
#window: 66
Total #outliers: 8096
Average Time: 7853.163714166666 ms
Peak memory: 2344.0068969726562 MB
Time index, remove data from structure: 0.030295072606060607
Time for querying: 0.0
Time for new slide: 7.077542450393939
Time for expired slide: 0.7756165136515152
------------------------------------
Number clusters = 0.0
Max Number points in event queue = 0.0
Avg number points in clusters= 0.0
Avg Rmc size = 0.0
Avg Length exps= 0.0
#window: 67
Total #outliers: 8220
Average Time: 7910.071000880595 ms
Peak memory: 2344.0068969726562 MB
Time index, remove data from structure: 0.03031388910447761
Time for querying: 0.0
Time for new slide: 7.126939105656716
Time for expired slide: 0.7831271498955223
------------------------------------
Number clusters = 0.0
Max Number points in event queue = 0.0
Avg number points in clusters= 0.0
Avg Rmc size = 0.0
Avg Length exps= 0.0
#window: 68
Total #outliers: 8244
Average Time: 7896.539445514704 ms
Peak memory: 2344.0068969726562 MB
Time index, remove data from structure: 0.030353428882352942
Time for querying: 0.0
Time for new slide: 7.115552740911765
Time for expired slide: 0.780981974632353
------------------------------------
Number clusters = 0.0
Max Number points in event queue = 0.0
Avg number points in clusters= 0.0
Avg Rmc size = 0.0
Avg Length exps= 0.0
#window: 69
Total #outliers: 8254
Average Time: 7855.0017455217385 ms
Peak memory: 2344.0068969726562 MB
Time index, remove data from structure: 0.030334944086956524
Time for querying: 0.0
Time for new slide: 7.076856170956521
Time for expired slide: 0.7781408518405797
------------------------------------
Number clusters = 0.0
Max Number points in event queue = 0.0
Avg number points in clusters= 0.0
Avg Rmc size = 0.0
Avg Length exps= 0.0
#window: 70
Total #outliers: 8240
Average Time: 7822.7352774142855 ms
Peak memory: 2344.0068969726562 MB
Time index, remove data from structure: 0.0303148303
Time for querying: 0.0
Time for new slide: 7.045621442671428
Time for expired slide: 0.7771091149571429
------------------------------------
Number clusters = 0.0
Max Number points in event queue = 0.0
Avg number points in clusters= 0.0
Avg Rmc size = 0.0
Avg Length exps= 0.0
#window: 71
Total #outliers: 8416
Average Time: 7798.0054344225355 ms
Peak memory: 2344.0068969726562 MB
Time index, remove data from structure: 0.03030697985915493
Time for querying: 0.0
Time for new slide: 7.022362066788733
Time for expired slide: 0.7756386527605633
------------------------------------
Number clusters = 0.0
Max Number points in event queue = 0.0
Avg number points in clusters= 0.0
Avg Rmc size = 0.0
Avg Length exps= 0.0
#window: 72
Total #outliers: 8244
Average Time: 7778.513336888888 ms
Peak memory: 2344.0068969726562 MB
Time index, remove data from structure: 0.030288261722222223
Time for querying: 0.0
Time for new slide: 7.00452189325
Time for expired slide: 0.7739867316111111
------------------------------------
Number clusters = 0.0
Max Number points in event queue = 0.0
Avg number points in clusters= 0.0
Avg Rmc size = 0.0
Avg Length exps= 0.0
#window: 73
Total #outliers: 8395
Average Time: 7761.432421520548 ms
Peak memory: 2344.0068969726562 MB
Time index, remove data from structure: 0.03022240984931507
Time for querying: 0.0
Time for new slide: 6.99131685320548
Time for expired slide: 0.770110864739726
------------------------------------
Number clusters = 0.0
Max Number points in event queue = 0.0
Avg number points in clusters= 0.0
Avg Rmc size = 0.0
Avg Length exps= 0.0
#window: 74
Total #outliers: 8327
Average Time: 7756.510464405406 ms
Peak memory: 2344.0068969726562 MB
Time index, remove data from structure: 0.030187108743243245
Time for querying: 0.0
Time for new slide: 6.984468376013513
Time for expired slide: 0.7720373932162162
------------------------------------
Number clusters = 0.0
Max Number points in event queue = 0.0
Avg number points in clusters= 0.0
Avg Rmc size = 0.0
Avg Length exps= 0.0
#window: 75
Total #outliers: 8127
Average Time: 7748.015285146667 ms
Peak memory: 2344.0068969726562 MB
Time index, remove data from structure: 0.030107801186666668
Time for querying: 0.0
Time for new slide: 6.978428525546667
Time for expired slide: 0.7695820700133333
------------------------------------
Number clusters = 0.0
Max Number points in event queue = 0.0
Avg number points in clusters= 0.0
Avg Rmc size = 0.0
Avg Length exps= 0.0
#window: 76
Total #outliers: 8038
Average Time: 7747.053463868422 ms
Peak memory: 2344.0068969726562 MB
Time index, remove data from structure: 0.03008564522368421
Time for querying: 0.0
Time for new slide: 6.976295604355263
Time for expired slide: 0.7707531788552631
------------------------------------
Number clusters = 0.0
Max Number points in event queue = 0.0
Avg number points in clusters= 0.0
Avg Rmc size = 0.0
Avg Length exps= 0.0
#window: 77
Total #outliers: 7874
Average Time: 7748.088197506495 ms
Peak memory: 2344.0068969726562 MB
Time index, remove data from structure: 0.030048682584415586
Time for querying: 0.0
Time for new slide: 6.978853262844156
Time for expired slide: 0.7692302646753246
------------------------------------
Number clusters = 0.0
Max Number points in event queue = 0.0
Avg number points in clusters= 0.0
Avg Rmc size = 0.0
Avg Length exps= 0.0
#window: 78
Total #outliers: 8070
Average Time: 7753.942434282052 ms
Peak memory: 2344.0068969726562 MB
Time index, remove data from structure: 0.030019612615384616
Time for querying: 0.0
Time for new slide: 6.984303956628205
Time for expired slide: 0.7696338121794871
------------------------------------
Number clusters = 0.0
Max Number points in event queue = 0.0
Avg number points in clusters= 0.0
Avg Rmc size = 0.0
Avg Length exps= 0.0
#window: 79
Total #outliers: 8218
Average Time: 7766.327687468354 ms
Peak memory: 2344.0068969726562 MB
Time index, remove data from structure: 0.02997564726582278
Time for querying: 0.0
Time for new slide: 6.9955472498101265
Time for expired slide: 0.7707757724556963
------------------------------------
Number clusters = 0.0
Max Number points in event queue = 0.0
Avg number points in clusters= 0.0
Avg Rmc size = 0.0
Avg Length exps= 0.0
#window: 80
Total #outliers: 8242
Average Time: 7780.9823970375 ms
Peak memory: 2344.0068969726562 MB
Time index, remove data from structure: 0.029926875175
Time for querying: 0.0
Time for new slide: 7.009460351987499
Time for expired slide: 0.7715173818625
------------------------------------
Number clusters = 0.0
Max Number points in event queue = 0.0
Avg number points in clusters= 0.0
Avg Rmc size = 0.0
Avg Length exps= 0.0
#window: 81
Total #outliers: 8285
Average Time: 7808.194740098766 ms
Peak memory: 2344.0068969726562 MB
Time index, remove data from structure: 0.029916210925925925
Time for querying: 0.0
Time for new slide: 7.028970566271604
Time for expired slide: 0.7792195209012346
------------------------------------
Number clusters = 0.0
Max Number points in event queue = 0.0
Avg number points in clusters= 0.0
Avg Rmc size = 0.0
Avg Length exps= 0.0
#window: 82
Total #outliers: 8311
Average Time: 7834.492198926829 ms
Peak memory: 2344.0068969726562 MB
Time index, remove data from structure: 0.029945425682926827
Time for querying: 0.0
Time for new slide: 7.0518852516463415
Time for expired slide: 0.7826023010487805
------------------------------------
Number clusters = 0.0
Max Number points in event queue = 0.0
Avg number points in clusters= 0.0
Avg Rmc size = 0.0
Avg Length exps= 0.0
#window: 83
Total #outliers: 8244
Average Time: 7867.31137586747 ms
Peak memory: 2344.0068969726562 MB
Time index, remove data from structure: 0.030024204759036145
Time for querying: 0.0
Time for new slide: 7.08208654720482
Time for expired slide: 0.7852201841566265
------------------------------------
Number clusters = 0.0
Max Number points in event queue = 0.0
Avg number points in clusters= 0.0
Avg Rmc size = 0.0
Avg Length exps= 0.0
#window: 84
Total #outliers: 8290
Average Time: 7900.38564625 ms
Peak memory: 2344.0068969726562 MB
Time index, remove data from structure: 0.03006271717857143
Time for querying: 0.0
Time for new slide: 7.113411182428572
Time for expired slide: 0.7869698175238095
------------------------------------
Number clusters = 0.0
Max Number points in event queue = 0.0
Avg number points in clusters= 0.0
Avg Rmc size = 0.0
Avg Length exps= 0.0
#window: 85
Total #outliers: 8163
Average Time: 7936.960895847059 ms
Peak memory: 2344.0068969726562 MB
Time index, remove data from structure: 0.03010776965882353
Time for querying: 0.0
Time for new slide: 7.148582785788235
Time for expired slide: 0.7883734615058823
------------------------------------
Number clusters = 0.0
Max Number points in event queue = 0.0
Avg number points in clusters= 0.0
Avg Rmc size = 0.0
Avg Length exps= 0.0
#window: 86
Total #outliers: 8019
Average Time: 7980.78461227907 ms
Peak memory: 2344.0068969726562 MB
Time index, remove data from structure: 0.030180084906976743
Time for querying: 0.0
Time for new slide: 7.186469729697674
Time for expired slide: 0.7943102357790698
------------------------------------
Number clusters = 0.0
Max Number points in event queue = 0.0
Avg number points in clusters= 0.0
Avg Rmc size = 0.0
Avg Length exps= 0.0
#window: 87
Total #outliers: 7799
Average Time: 8016.891145643678 ms
Peak memory: 2344.0068969726562 MB
Time index, remove data from structure: 0.0303227853908046
Time for querying: 0.0
Time for new slide: 7.222067954724138
Time for expired slide: 0.7948185419999999
------------------------------------
Number clusters = 0.0
Max Number points in event queue = 0.0
Avg number points in clusters= 0.0
Avg Rmc size = 0.0
Avg Length exps= 0.0
#window: 88
Total #outliers: 7740
Average Time: 8059.838423045456 ms
Peak memory: 2386.2781829833984 MB
Time index, remove data from structure: 0.030428197170454543
Time for querying: 0.0
Time for new slide: 7.258862822875
Time for expired slide: 0.8009709565909091
------------------------------------
Number clusters = 0.0
Max Number points in event queue = 0.0
Avg number points in clusters= 0.0
Avg Rmc size = 0.0
Avg Length exps= 0.0
#window: 89
Total #outliers: 7705
Average Time: 8093.25172458427 ms
Peak memory: 2478.9552993774414 MB
Time index, remove data from structure: 0.030526860741573035
Time for querying: 0.0
Time for new slide: 7.292903060224719
Time for expired slide: 0.8003440201910111
------------------------------------
Number clusters = 0.0
Max Number points in event queue = 0.0
Avg number points in clusters= 0.0
Avg Rmc size = 0.0
Avg Length exps= 0.0
#window: 90
Total #outliers: 7743
Average Time: 8126.5069547 ms
Peak memory: 2571.6323776245117 MB
Time index, remove data from structure: 0.03055758267777778
Time for querying: 0.0
Time for new slide: 7.326155280066667
Time for expired slide: 0.8003470385777778
------------------------------------
Number clusters = 0.0
Max Number points in event queue = 0.0
Avg number points in clusters= 0.0
Avg Rmc size = 0.0
Avg Length exps= 0.0
#window: 91
Total #outliers: 7682
Average Time: 8105.983937648352 ms
Peak memory: 2589.700569152832 MB
Time index, remove data from structure: 0.03064962008791209
Time for querying: 0.0
Time for new slide: 7.2993677144505495
Time for expired slide: 0.8066115904285714
------------------------------------
Number clusters = 0.0
Max Number points in event queue = 0.0
Avg number points in clusters= 0.0
Avg Rmc size = 0.0
Avg Length exps= 0.0
#window: 92
Total #outliers: 7673
Average Time: 8072.942108510869 ms
Peak memory: 2589.700569152832 MB
Time index, remove data from structure: 0.030596489358695654
Time for querying: 0.0
Time for new slide: 7.270706830500001
Time for expired slide: 0.8022306531413044
------------------------------------
Number clusters = 0.0
Max Number points in event queue = 0.0
Avg number points in clusters= 0.0
Avg Rmc size = 0.0
Avg Length exps= 0.0
#window: 93
Total #outliers: 7558
Average Time: 8046.845798741936 ms
Peak memory: 2589.700569152832 MB
Time index, remove data from structure: 0.030539955268817205
Time for querying: 0.0
Time for new slide: 7.246171752258065
Time for expired slide: 0.8006694277096773
------------------------------------
Number clusters = 0.0
Max Number points in event queue = 0.0
Avg number points in clusters= 0.0
Avg Rmc size = 0.0
Avg Length exps= 0.0
#window: 94
Total #outliers: 7624
Average Time: 8023.17208325532 ms
Peak memory: 2589.700569152832 MB
Time index, remove data from structure: 0.03047684006382979
Time for querying: 0.0
Time for new slide: 7.226858022670212
Time for expired slide: 0.7963094476276595
------------------------------------
Number clusters = 0.0
Max Number points in event queue = 0.0
Avg number points in clusters= 0.0
Avg Rmc size = 0.0
Avg Length exps= 0.0
#window: 95
Total #outliers: 7602
Average Time: 8008.879831810526 ms
Peak memory: 2589.700569152832 MB
Time index, remove data from structure: 0.030424770315789475
Time for querying: 0.0
Time for new slide: 7.210317080894736
Time for expired slide: 0.7985581418631579
------------------------------------
Number clusters = 0.0
Max Number points in event queue = 0.0
Avg number points in clusters= 0.0
Avg Rmc size = 0.0
Avg Length exps= 0.0
#window: 96
Total #outliers: 7670
Average Time: 7997.363273427083 ms
Peak memory: 2589.700569152832 MB
Time index, remove data from structure: 0.030406058947916665
Time for querying: 0.0
Time for new slide: 7.1995016440729165
Time for expired slide: 0.7978570271770833
------------------------------------
Number clusters = 0.0
Max Number points in event queue = 0.0
Avg number points in clusters= 0.0
Avg Rmc size = 0.0
Avg Length exps= 0.0
#window: 97
Total #outliers: 7722
Average Time: 7995.742775000001 ms
Peak memory: 2589.700569152832 MB
Time index, remove data from structure: 0.0303746833814433
Time for querying: 0.0
Time for new slide: 7.1977478983608245
Time for expired slide: 0.7979902806907216
------------------------------------
Number clusters = 0.0
Max Number points in event queue = 0.0
Avg number points in clusters= 0.0
Avg Rmc size = 0.0
Avg Length exps= 0.0
#window: 98
Total #outliers: 7888
Average Time: 7995.733934193879 ms
Peak memory: 2589.700569152832 MB
Time index, remove data from structure: 0.030343252224489796
Time for querying: 0.0
Time for new slide: 7.197438652877551
Time for expired slide: 0.7982906877040817
------------------------------------
Number clusters = 0.0
Max Number points in event queue = 0.0
Avg number points in clusters= 0.0
Avg Rmc size = 0.0
Avg Length exps= 0.0
#window: 99
Total #outliers: 7772
Average Time: 8004.663334222222 ms
Peak memory: 2589.700569152832 MB
Time index, remove data from structure: 0.030303320737373737
Time for querying: 0.0
Time for new slide: 7.2026829263535355
Time for expired slide: 0.8019758205656566
------------------------------------
Number clusters = 0.0
Max Number points in event queue = 0.0
Avg number points in clusters= 0.0
Avg Rmc size = 0.0
Avg Length exps= 0.0
#window: 100
Total #outliers: 7691
Average Time: 8012.555667379999 ms
Peak memory: 2589.700569152832 MB
Time index, remove data from structure: 0.030310276360000003
Time for querying: 0.0
Time for new slide: 7.20912322784
Time for expired slide: 0.80342784995
------------------------------------
Number clusters = 0.0
Max Number points in event queue = 0.0
Avg number points in clusters= 0.0
Avg Rmc size = 0.0
Avg Length exps= 0.0
#window: 101
Total #outliers: 7620
Average Time: 8018.02336320792 ms
Peak memory: 2589.700569152832 MB
Time index, remove data from structure: 0.030273853574257423
Time for querying: 0.0
Time for new slide: 7.2125556691287125
Time for expired slide: 0.8054631036336634
------------------------------------
Number clusters = 0.0
Max Number points in event queue = 0.0
Avg number points in clusters= 0.0
Avg Rmc size = 0.0
Avg Length exps= 0.0
#window: 102
Total #outliers: 7694
Average Time: 8022.845812686274 ms
Peak memory: 2589.700569152832 MB
Time index, remove data from structure: 0.030277391274509804
Time for querying: 0.0
Time for new slide: 7.217699321666666
Time for expired slide: 0.8051419054705883
------------------------------------
Number clusters = 0.0
Max Number points in event queue = 0.0
Avg number points in clusters= 0.0
Avg Rmc size = 0.0
Avg Length exps= 0.0
#window: 103
Total #outliers: 7702
Average Time: 8031.824216184466 ms
Peak memory: 2589.700569152832 MB
Time index, remove data from structure: 0.030274819524271843
Time for querying: 0.0
Time for new slide: 7.22708822523301
Time for expired slide: 0.804731410737864
------------------------------------
Number clusters = 0.0
Max Number points in event queue = 0.0
Avg number points in clusters= 0.0
Avg Rmc size = 0.0
Avg Length exps= 0.0
#window: 104
Total #outliers: 7793
Average Time: 8043.942740192307 ms
Peak memory: 2589.700569152832 MB
Time index, remove data from structure: 0.030243054519230768
Time for querying: 0.0
Time for new slide: 7.239766393673078
Time for expired slide: 0.8041717718653847
------------------------------------
Number clusters = 0.0
Max Number points in event queue = 0.0
Avg number points in clusters= 0.0
Avg Rmc size = 0.0
Avg Length exps= 0.0
#window: 105
Total #outliers: 7903
Average Time: 8064.063915647617 ms
Peak memory: 2589.700569152832 MB
Time index, remove data from structure: 0.030243411561904764
Time for querying: 0.0
Time for new slide: 7.256949015152381
Time for expired slide: 0.807110330152381
------------------------------------
Number clusters = 0.0
Max Number points in event queue = 0.0
Avg number points in clusters= 0.0
Avg Rmc size = 0.0
Avg Length exps= 0.0
#window: 106
Total #outliers: 7884
Average Time: 8088.366096245282 ms
Peak memory: 2589.700569152832 MB
Time index, remove data from structure: 0.030248287141509435
Time for querying: 0.0
Time for new slide: 7.27591710385849
Time for expired slide: 0.8124444235566038
------------------------------------
Number clusters = 0.0
Max Number points in event queue = 0.0
Avg number points in clusters= 0.0
Avg Rmc size = 0.0
Avg Length exps= 0.0
#window: 107
Total #outliers: 7982
Average Time: 8105.140965327102 ms
Peak memory: 2589.700569152832 MB
Time index, remove data from structure: 0.03025522781308411
Time for querying: 0.0
Time for new slide: 7.291025907915889
Time for expired slide: 0.8141104959813085
------------------------------------
Number clusters = 0.0
Max Number points in event queue = 0.0
Avg number points in clusters= 0.0
Avg Rmc size = 0.0
Avg Length exps= 0.0
#window: 108
Total #outliers: 8048
Average Time: 8124.350020694444 ms
Peak memory: 2589.700569152832 MB
Time index, remove data from structure: 0.030240467555555556
Time for querying: 0.0
Time for new slide: 7.309332055305555
Time for expired slide: 0.815013408962963
------------------------------------
Number clusters = 0.0
Max Number points in event queue = 0.0
Avg number points in clusters= 0.0
Avg Rmc size = 0.0
Avg Length exps= 0.0
#window: 109
Total #outliers: 8000
Average Time: 8149.545454110092 ms
Peak memory: 2589.700569152832 MB
Time index, remove data from structure: 0.03028643104587156
Time for querying: 0.0
Time for new slide: 7.331764571256881
Time for expired slide: 0.8177763294770641
------------------------------------
Number clusters = 0.0
Max Number points in event queue = 0.0
Avg number points in clusters= 0.0
Avg Rmc size = 0.0
Avg Length exps= 0.0
#window: 110
Total #outliers: 8073
Average Time: 8178.461986190909 ms
Peak memory: 2589.700569152832 MB
Time index, remove data from structure: 0.03037283239090909
Time for querying: 0.0
Time for new slide: 7.355343851
Time for expired slide: 0.8231135877454545
------------------------------------
Number clusters = 0.0
Max Number points in event queue = 0.0
Avg number points in clusters= 0.0
Avg Rmc size = 0.0
Avg Length exps= 0.0
#window: 111
Total #outliers: 7959
Average Time: 8206.668199612612 ms
Peak memory: 2589.700569152832 MB
Time index, remove data from structure: 0.030451812864864865
Time for querying: 0.0
Time for new slide: 7.379320936621621
Time for expired slide: 0.8273427173783784
------------------------------------
Number clusters = 0.0
Max Number points in event queue = 0.0
Avg number points in clusters= 0.0
Avg Rmc size = 0.0
Avg Length exps= 0.0
#window: 112
Total #outliers: 7963
Average Time: 8236.620495964286 ms
Peak memory: 2589.700569152832 MB
Time index, remove data from structure: 0.030521518741071427
Time for querying: 0.0
Time for new slide: 7.405235100892858
Time for expired slide: 0.8313808527053571
------------------------------------
Number clusters = 0.0
Max Number points in event queue = 0.0
Avg number points in clusters= 0.0
Avg Rmc size = 0.0
Avg Length exps= 0.0
#window: 113
Total #outliers: 7921
Average Time: 8258.764744132743 ms
Peak memory: 2605.997444152832 MB
Time index, remove data from structure: 0.030647983955752214
Time for querying: 0.0
Time for new slide: 7.422858055619469
Time for expired slide: 0.835902148619469
------------------------------------
Number clusters = 0.0
Max Number points in event queue = 0.0
Avg number points in clusters= 0.0
Avg Rmc size = 0.0
Avg Length exps= 0.0
#window: 114
Total #outliers: 7948
Average Time: 8225.770901921052 ms
Peak memory: 2605.997444152832 MB
Time index, remove data from structure: 0.030636343728070177
Time for querying: 0.0
Time for new slide: 7.3930214242982455
Time for expired slide: 0.8327449390526316
------------------------------------
Number clusters = 0.0
Max Number points in event queue = 0.0
Avg number points in clusters= 0.0
Avg Rmc size = 0.0
Avg Length exps= 0.0
#window: 115
Total #outliers: 7892
Average Time: 8196.870746782608 ms
Peak memory: 2605.997444152832 MB
Time index, remove data from structure: 0.030644674434782606
Time for querying: 0.0
Time for new slide: 7.367143937113044
Time for expired slide: 0.8297222790000001
------------------------------------
Number clusters = 0.0
Max Number points in event queue = 0.0
Avg number points in clusters= 0.0
Avg Rmc size = 0.0
Avg Length exps= 0.0
#window: 116
Total #outliers: 7980
Average Time: 8169.971241551723 ms
Peak memory: 2605.997444152832 MB
Time index, remove data from structure: 0.03062947457758621
Time for querying: 0.0
Time for new slide: 7.344827915939655
Time for expired slide: 0.8251387976810345
------------------------------------
Number clusters = 0.0
Max Number points in event queue = 0.0
Avg number points in clusters= 0.0
Avg Rmc size = 0.0
Avg Length exps= 0.0
#window: 117
Total #outliers: 7966
Average Time: 8150.760826863248 ms
Peak memory: 2605.997444152832 MB
Time index, remove data from structure: 0.030592047034188035
Time for querying: 0.0
Time for new slide: 7.32725332151282
Time for expired slide: 0.8235029779316239
------------------------------------
Number clusters = 0.0
Max Number points in event queue = 0.0
Avg number points in clusters= 0.0
Avg Rmc size = 0.0
Avg Length exps= 0.0
#window: 118
Total #outliers: 8017
Average Time: 8132.835479957627 ms
Peak memory: 2605.997444152832 MB
Time index, remove data from structure: 0.030587361084745763
Time for querying: 0.0
Time for new slide: 7.311618117661017
Time for expired slide: 0.8212128429915254
------------------------------------
Number clusters = 0.0
Max Number points in event queue = 0.0
Avg number points in clusters= 0.0
Avg Rmc size = 0.0
Avg Length exps= 0.0
#window: 119
Total #outliers: 8065
Average Time: 8119.484431806722 ms
Peak memory: 2605.997444152832 MB
Time index, remove data from structure: 0.030589163176470587
Time for querying: 0.0
Time for new slide: 7.29845506879832
Time for expired slide: 0.8210248506470588
------------------------------------
Number clusters = 0.0
Max Number points in event queue = 0.0
Avg number points in clusters= 0.0
Avg Rmc size = 0.0
Avg Length exps= 0.0
#window: 120
Total #outliers: 8052
Average Time: 8108.914076108333 ms
Peak memory: 2605.997444152832 MB
Time index, remove data from structure: 0.030564853683333334
Time for querying: 0.0
Time for new slide: 7.2885650700583335
Time for expired slide: 0.8203444871166667
------------------------------------
Number clusters = 0.0
Max Number points in event queue = 0.0
Avg number points in clusters= 0.0
Avg Rmc size = 0.0
Avg Length exps= 0.0
#window: 121
Total #outliers: 8060
Average Time: 8102.926406214875 ms
Peak memory: 2605.997444152832 MB
Time index, remove data from structure: 0.030562394165289254
Time for querying: 0.0
Time for new slide: 7.2826551794876035
Time for expired slide: 0.8202667140247933
------------------------------------
Number clusters = 0.0
Max Number points in event queue = 0.0
Avg number points in clusters= 0.0
Avg Rmc size = 0.0
Avg Length exps= 0.0
#window: 122
Total #outliers: 8076
Average Time: 8099.6561702459 ms
Peak memory: 2605.997444152832 MB
Time index, remove data from structure: 0.03054897318032787
Time for querying: 0.0
Time for new slide: 7.2795075432950815
Time for expired slide: 0.8201441143278689
------------------------------------
Number clusters = 0.0
Max Number points in event queue = 0.0
Avg number points in clusters= 0.0
Avg Rmc size = 0.0
Avg Length exps= 0.0
#window: 123
Total #outliers: 7972
Average Time: 8093.885331536585 ms
Peak memory: 2605.997444152832 MB
Time index, remove data from structure: 0.03050182777235772
Time for querying: 0.0
Time for new slide: 7.277464373186992
Time for expired slide: 0.8164164470731707
------------------------------------
Number clusters = 0.0
Max Number points in event queue = 0.0
Avg number points in clusters= 0.0
Avg Rmc size = 0.0
Avg Length exps= 0.0
#window: 124
Total #outliers: 8029
Average Time: 8092.630057701612 ms
Peak memory: 2605.997444152832 MB
Time index, remove data from structure: 0.030470872532258067
Time for querying: 0.0
Time for new slide: 7.2768694620000005
Time for expired slide: 0.8157560803548387
------------------------------------
Number clusters = 0.0
Max Number points in event queue = 0.0
Avg number points in clusters= 0.0
Avg Rmc size = 0.0
Avg Length exps= 0.0
#window: 125
Total #outliers: 7961
Average Time: 8099.279983375998 ms
Peak memory: 2605.997444152832 MB
Time index, remove data from structure: 0.030452434656
Time for querying: 0.0
Time for new slide: 7.279868118448
Time for expired slide: 0.819407350984
------------------------------------
Number clusters = 0.0
Max Number points in event queue = 0.0
Avg number points in clusters= 0.0
Avg Rmc size = 0.0
Avg Length exps= 0.0
#window: 126
Total #outliers: 7851
Average Time: 8107.277135095238 ms
Peak memory: 2605.997444152832 MB
Time index, remove data from structure: 0.030448725531746032
Time for querying: 0.0
Time for new slide: 7.286148538571428
Time for expired slide: 0.8211240859285714
------------------------------------
Number clusters = 0.0
Max Number points in event queue = 0.0
Avg number points in clusters= 0.0
Avg Rmc size = 0.0
Avg Length exps= 0.0
#window: 127
Total #outliers: 7958
Average Time: 8115.593738755905 ms
Peak memory: 2605.997444152832 MB
Time index, remove data from structure: 0.03044940066141732
Time for querying: 0.0
Time for new slide: 7.293965808377953
Time for expired slide: 0.8216234244645669
------------------------------------
Number clusters = 0.0
Max Number points in event queue = 0.0
Avg number points in clusters= 0.0
Avg Rmc size = 0.0
Avg Length exps= 0.0
#window: 128
Total #outliers: 7921
Average Time: 8127.620473992186 ms
Peak memory: 2605.997444152832 MB
Time index, remove data from structure: 0.0304449790546875
Time for querying: 0.0
Time for new slide: 7.304505472523437
Time for expired slide: 0.8231104995078125
------------------------------------
Number clusters = 0.0
Max Number points in event queue = 0.0
Avg number points in clusters= 0.0
Avg Rmc size = 0.0
Avg Length exps= 0.0
#window: 129
Total #outliers: 7873
Average Time: 8140.9299832093 ms
Peak memory: 2605.997444152832 MB
Time index, remove data from structure: 0.0304358173875969
Time for querying: 0.0
Time for new slide: 7.318130261465116
Time for expired slide: 0.8227952247751938
------------------------------------
Number clusters = 0.0
Max Number points in event queue = 0.0
Avg number points in clusters= 0.0
Avg Rmc size = 0.0
Avg Length exps= 0.0
#window: 130
Total #outliers: 8022
Average Time: 8158.960940476922 ms
Peak memory: 2605.997444152832 MB
Time index, remove data from structure: 0.030460492461538462
Time for querying: 0.0
Time for new slide: 7.3337313748
Time for expired slide: 0.825225064176923
------------------------------------
Number clusters = 0.0
Max Number points in event queue = 0.0
Avg number points in clusters= 0.0
Avg Rmc size = 0.0
Avg Length exps= 0.0
#window: 131
Total #outliers: 8044
Average Time: 8176.615471251908 ms
Peak memory: 2605.997444152832 MB
Time index, remove data from structure: 0.030483076572519082
Time for querying: 0.0
Time for new slide: 7.350510951145038
Time for expired slide: 0.8261000215496184
------------------------------------
Number clusters = 0.0
Max Number points in event queue = 0.0
Avg number points in clusters= 0.0
Avg Rmc size = 0.0
Avg Length exps= 0.0
#window: 132
Total #outliers: 7921
Average Time: 8194.69964518182 ms
Peak memory: 2605.997444152832 MB
Time index, remove data from structure: 0.03053551990151515
Time for querying: 0.0
Time for new slide: 7.366117491833333
Time for expired slide: 0.8285776628409091
------------------------------------
Number clusters = 0.0
Max Number points in event queue = 0.0
Avg number points in clusters= 0.0
Avg Rmc size = 0.0
Avg Length exps= 0.0
#window: 133
Total #outliers: 7991
Average Time: 8217.00674618045 ms
Peak memory: 2605.997444152832 MB
Time index, remove data from structure: 0.030592951308270677
Time for querying: 0.0
Time for new slide: 7.3846034793834585
Time for expired slide: 0.8323987824511279
------------------------------------
Number clusters = 0.0
Max Number points in event queue = 0.0
Avg number points in clusters= 0.0
Avg Rmc size = 0.0
Avg Length exps= 0.0
#window: 134
Total #outliers: 7943
Average Time: 8237.454818007462 ms
Peak memory: 2605.997444152832 MB
Time index, remove data from structure: 0.030633458604477613
Time for querying: 0.0
Time for new slide: 7.402523111171642
Time for expired slide: 0.834927228141791
------------------------------------
Number clusters = 0.0
Max Number points in event queue = 0.0
Avg number points in clusters= 0.0
Avg Rmc size = 0.0
Avg Length exps= 0.0
#window: 135
Total #outliers: 8052
Average Time: 8255.97801136296 ms
Peak memory: 2605.997444152832 MB
Time index, remove data from structure: 0.030668154555555553
Time for querying: 0.0
Time for new slide: 7.421318340266667
Time for expired slide: 0.8346551965629629
------------------------------------
Number clusters = 0.0
Max Number points in event queue = 0.0
Avg number points in clusters= 0.0
Avg Rmc size = 0.0
Avg Length exps= 0.0
#window: 136
Total #outliers: 8110
Average Time: 8228.981811999998 ms
Peak memory: 2605.997444152832 MB
Time index, remove data from structure: 0.030626822191176472
Time for querying: 0.0
Time for new slide: 7.395933887808823
Time for expired slide: 0.833043453632353
------------------------------------
Number clusters = 0.0
Max Number points in event queue = 0.0
Avg number points in clusters= 0.0
Avg Rmc size = 0.0
Avg Length exps= 0.0
#window: 137
Total #outliers: 7974
Average Time: 8202.202969532847 ms
Peak memory: 2605.997444152832 MB
Time index, remove data from structure: 0.030592282846715328
Time for querying: 0.0
Time for new slide: 7.373197293562044
Time for expired slide: 0.8290012089124088
------------------------------------
Number clusters = 0.0
Max Number points in event queue = 0.0
Avg number points in clusters= 0.0
Avg Rmc size = 0.0
Avg Length exps= 0.0
#window: 138
Total #outliers: 8020
Average Time: 8183.6303578550705 ms
Peak memory: 2605.997444152832 MB
Time index, remove data from structure: 0.03057464868115942
Time for querying: 0.0
Time for new slide: 7.35390627634058
Time for expired slide: 0.8297196182898551
------------------------------------
Number clusters = 0.0
Max Number points in event queue = 0.0
Avg number points in clusters= 0.0
Avg Rmc size = 0.0
Avg Length exps= 0.0
#window: 139
Total #outliers: 8058
Average Time: 8167.788968417266 ms
Peak memory: 2605.997444152832 MB
Time index, remove data from structure: 0.030554658309352518
Time for querying: 0.0
Time for new slide: 7.337912020798561
Time for expired slide: 0.8298724884676258
------------------------------------
Number clusters = 0.0
Max Number points in event queue = 0.0
Avg number points in clusters= 0.0
Avg Rmc size = 0.0
Avg Length exps= 0.0
#window: 140
Total #outliers: 7993
Average Time: 8155.142019157143 ms
Peak memory: 2605.997444152832 MB
Time index, remove data from structure: 0.030551113885714288
Time for querying: 0.0
Time for new slide: 7.325573742642858
Time for expired slide: 0.8295638238928571
------------------------------------
Number clusters = 0.0
Max Number points in event queue = 0.0
Avg number points in clusters= 0.0
Avg Rmc size = 0.0
Avg Length exps= 0.0
#window: 141
Total #outliers: 7789
Average Time: 8142.356572836879 ms
Peak memory: 2605.997444152832 MB
Time index, remove data from structure: 0.030559478546099295
Time for querying: 0.0
Time for new slide: 7.314268860581561
Time for expired slide: 0.8280832639787234
------------------------------------
Number clusters = 0.0
Max Number points in event queue = 0.0
Avg number points in clusters= 0.0
Avg Rmc size = 0.0
Avg Length exps= 0.0
#window: 142
Total #outliers: 7840
Average Time: 8131.796946274648 ms
Peak memory: 2605.997444152832 MB
Time index, remove data from structure: 0.030539168408450702
Time for querying: 0.0
Time for new slide: 7.3048358193450715
Time for expired slide: 0.826956678387324
------------------------------------
Number clusters = 0.0
Max Number points in event queue = 0.0
Avg number points in clusters= 0.0
Avg Rmc size = 0.0
Avg Length exps= 0.0
#window: 143
Total #outliers: 7814
Average Time: 8123.318003965034 ms
Peak memory: 2605.997444152832 MB
Time index, remove data from structure: 0.030520847650349653
Time for querying: 0.0
Time for new slide: 7.297581127090909
Time for expired slide: 0.8257324282027972
------------------------------------
Number clusters = 0.0
Max Number points in event queue = 0.0
Avg number points in clusters= 0.0
Avg Rmc size = 0.0
Avg Length exps= 0.0
#window: 144
Total #outliers: 7869
Average Time: 8117.642078590277 ms
Peak memory: 2605.997444152832 MB
Time index, remove data from structure: 0.030514276638888886
Time for querying: 0.0
Time for new slide: 7.293625564451389
Time for expired slide: 0.8240120674027778
------------------------------------
Number clusters = 0.0
Max Number points in event queue = 0.0
Avg number points in clusters= 0.0
Avg Rmc size = 0.0
Avg Length exps= 0.0
#window: 145
Total #outliers: 7935
Average Time: 8115.379069496552 ms
Peak memory: 2605.997444152832 MB
Time index, remove data from structure: 0.030484710103448276
Time for querying: 0.0
Time for new slide: 7.291787774220689
Time for expired slide: 0.8235868533034483
------------------------------------
Number clusters = 0.0
Max Number points in event queue = 0.0
Avg number points in clusters= 0.0
Avg Rmc size = 0.0
Avg Length exps= 0.0
#window: 146
Total #outliers: 8021
Average Time: 8113.508415424658 ms
Peak memory: 2605.997444152832 MB
Time index, remove data from structure: 0.030468835739726027
Time for querying: 0.0
Time for new slide: 7.29102880279452
Time for expired slide: 0.822475174410959
------------------------------------
Number clusters = 0.0
Max Number points in event queue = 0.0
Avg number points in clusters= 0.0
Avg Rmc size = 0.0
Avg Length exps= 0.0
#window: 147
Total #outliers: 8038
Average Time: 8117.297282918368 ms
Peak memory: 2605.997444152832 MB
Time index, remove data from structure: 0.030439664564625848
Time for querying: 0.0
Time for new slide: 7.2947167954693874
Time for expired slide: 0.8225760477346938
------------------------------------
Number clusters = 0.0
Max Number points in event queue = 0.0
Avg number points in clusters= 0.0
Avg Rmc size = 0.0
Avg Length exps= 0.0
#window: 148
Total #outliers: 7989
Average Time: 8117.887791168921 ms
Peak memory: 2605.997444152832 MB
Time index, remove data from structure: 0.030411019898648646
Time for querying: 0.0
Time for new slide: 7.298189515317568
Time for expired slide: 0.8196938380270271
------------------------------------
Number clusters = 0.0
Max Number points in event queue = 0.0
Avg number points in clusters= 0.0
Avg Rmc size = 0.0
Avg Length exps= 0.0
#window: 149
Total #outliers: 7988
Average Time: 8126.456207275169 ms
Peak memory: 2605.997444152832 MB
Time index, remove data from structure: 0.03040033622147651
Time for querying: 0.0
Time for new slide: 7.304339609355704
Time for expired slide: 0.8221121609060402
------------------------------------
Number clusters = 0.0
Max Number points in event queue = 0.0
Avg number points in clusters= 0.0
Avg Rmc size = 0.0
Avg Length exps= 0.0
#window: 150
Total #outliers: 7901
Average Time: 8133.812234686668 ms
Peak memory: 2605.997444152832 MB
Time index, remove data from structure: 0.03040837124
Time for querying: 0.0
Time for new slide: 7.311857730633332
Time for expired slide: 0.8219500675333333
------------------------------------
Number clusters = 0.0
Max Number points in event queue = 0.0
Avg number points in clusters= 0.0
Avg Rmc size = 0.0
Avg Length exps= 0.0
#window: 151
Total #outliers: 7944
Average Time: 8145.152138675498 ms
Peak memory: 2605.997444152832 MB
Time index, remove data from structure: 0.030403246768211923
Time for querying: 0.0
Time for new slide: 7.3213433540529795
Time for expired slide: 0.8238043475231788
------------------------------------
Number clusters = 0.0
Max Number points in event queue = 0.0
Avg number points in clusters= 0.0
Avg Rmc size = 0.0
Avg Length exps= 0.0
#window: 152
Total #outliers: 7975
Average Time: 8158.37493799342 ms
Peak memory: 2605.997444152832 MB
Time index, remove data from structure: 0.030406020703947368
Time for querying: 0.0
Time for new slide: 7.3328803839210535
Time for expired slide: 0.8254901160197369
------------------------------------
Number clusters = 0.0
Max Number points in event queue = 0.0
Avg number points in clusters= 0.0
Avg Rmc size = 0.0
Avg Length exps= 0.0
#window: 153
Total #outliers: 7896
Average Time: 8173.424426189543 ms
Peak memory: 2605.997444152832 MB
Time index, remove data from structure: 0.030428034705882352
Time for querying: 0.0
Time for new slide: 7.346756402124184
Time for expired slide: 0.8266635871633987
------------------------------------
Number clusters = 0.0
Max Number points in event queue = 0.0
Avg number points in clusters= 0.0
Avg Rmc size = 0.0
Avg Length exps= 0.0
#window: 154
Total #outliers: 7829
Average Time: 8189.39134548052 ms
Peak memory: 2605.997444152832 MB
Time index, remove data from structure: 0.030438840376623373
Time for querying: 0.0
Time for new slide: 7.362572353714285
Time for expired slide: 0.8268145564090909
------------------------------------
Number clusters = 0.0
Max Number points in event queue = 0.0
Avg number points in clusters= 0.0
Avg Rmc size = 0.0
Avg Length exps= 0.0
#window: 155
Total #outliers: 7932
Average Time: 8206.946616993548 ms
Peak memory: 2605.997444152832 MB
Time index, remove data from structure: 0.030478947670967742
Time for querying: 0.0
Time for new slide: 7.3791587956258065
Time for expired slide: 0.8277833883741935
------------------------------------
Number clusters = 0.0
Max Number points in event queue = 0.0
Avg number points in clusters= 0.0
Avg Rmc size = 0.0
Avg Length exps= 0.0
#window: 156
Total #outliers: 7860
Average Time: 8220.370894384616 ms
Peak memory: 2605.997444152832 MB
Time index, remove data from structure: 0.03053482098076923
Time for querying: 0.0
Time for new slide: 7.388731931871796
Time for expired slide: 0.8316345265576922
------------------------------------
Number clusters = 0.0
Max Number points in event queue = 0.0
Avg number points in clusters= 0.0
Avg Rmc size = 0.0
Avg Length exps= 0.0
#window: 157
Total #outliers: 7836
Average Time: 8195.850838859875 ms
Peak memory: 2605.997444152832 MB
Time index, remove data from structure: 0.03051151922929936
Time for querying: 0.0
Time for new slide: 7.367024851394904
Time for expired slide: 0.8288215554968154
------------------------------------
Number clusters = 0.0
Max Number points in event queue = 0.0
Avg number points in clusters= 0.0
Avg Rmc size = 0.0
Avg Length exps= 0.0
#window: 158
Total #outliers: 7952
Average Time: 8176.100995278482 ms
Peak memory: 2605.997444152832 MB
Time index, remove data from structure: 0.03050157412658228
Time for querying: 0.0
Time for new slide: 7.347837212550632
Time for expired slide: 0.8282593543101266
------------------------------------
Number clusters = 0.0
Max Number points in event queue = 0.0
Avg number points in clusters= 0.0
Avg Rmc size = 0.0
Avg Length exps= 0.0
#window: 159
Total #outliers: 7909
Average Time: 8159.898819710692 ms
Peak memory: 2605.997444152832 MB
Time index, remove data from structure: 0.030490310069182392
Time for querying: 0.0
Time for new slide: 7.331637113050315
Time for expired slide: 0.8282572839119496
------------------------------------
Number clusters = 0.0
Max Number points in event queue = 0.0
Avg number points in clusters= 0.0
Avg Rmc size = 0.0
Avg Length exps= 0.0
#window: 160
Total #outliers: 7871
Average Time: 8143.848163625 ms
Peak memory: 2605.997444152832 MB
Time index, remove data from structure: 0.030477029306249997
Time for querying: 0.0
Time for new slide: 7.318409191556251
Time for expired slide: 0.8254345524062501
------------------------------------
Number clusters = 0.0
Max Number points in event queue = 0.0
Avg number points in clusters= 0.0
Avg Rmc size = 0.0
Avg Length exps= 0.0
#window: 161
Total #outliers: 7865
Average Time: 8129.765179925467 ms
Peak memory: 2605.997444152832 MB
Time index, remove data from structure: 0.030443725720496896
Time for querying: 0.0
Time for new slide: 7.3058460959192555
Time for expired slide: 0.8239146636273292
------------------------------------
Number clusters = 0.0
Max Number points in event queue = 0.0
Avg number points in clusters= 0.0
Avg Rmc size = 0.0
Avg Length exps= 0.0
#window: 162
Total #outliers: 7912
Average Time: 8118.168379648148 ms
Peak memory: 2605.997444152832 MB
Time index, remove data from structure: 0.030421626666666667
Time for querying: 0.0
Time for new slide: 7.295388208567902
Time for expired slide: 0.8227757546604938
------------------------------------
Number clusters = 0.0
Max Number points in event queue = 0.0
Avg number points in clusters= 0.0
Avg Rmc size = 0.0
Avg Length exps= 0.0
#window: 163
Total #outliers: 7852
Average Time: 8110.231224466258 ms
Peak memory: 2605.997444152832 MB
Time index, remove data from structure: 0.030397154085889572
Time for querying: 0.0
Time for new slide: 7.287848589018405
Time for expired slide: 0.8223782215582821
------------------------------------
Number clusters = 0.0
Max Number points in event queue = 0.0
Avg number points in clusters= 0.0
Avg Rmc size = 0.0
Avg Length exps= 0.0
#window: 164
Total #outliers: 7924
Average Time: 8103.134835835366 ms
Peak memory: 2605.997444152832 MB
Time index, remove data from structure: 0.03037084200609756
Time for querying: 0.0
Time for new slide: 7.282277484701219
Time for expired slide: 0.8208529392743903
------------------------------------
Number clusters = 0.0
Max Number points in event queue = 0.0
Avg number points in clusters= 0.0
Avg Rmc size = 0.0
Avg Length exps= 0.0
#window: 165
Total #outliers: 7893
Average Time: 8098.085224521212 ms
Peak memory: 2605.997444152832 MB
Time index, remove data from structure: 0.03033434946060606
Time for querying: 0.0
Time for new slide: 7.278123449690908
Time for expired slide: 0.8199573630181819
------------------------------------
Number clusters = 0.0
Max Number points in event queue = 0.0
Avg number points in clusters= 0.0
Avg Rmc size = 0.0
Avg Length exps= 0.0
#window: 166
Total #outliers: 7746
Average Time: 8093.036888186747 ms
Peak memory: 2605.997444152832 MB
Time index, remove data from structure: 0.03031300213855422
Time for querying: 0.0
Time for new slide: 7.274568678716868
Time for expired slide: 0.8184638002771085
------------------------------------
Number clusters = 0.0
Max Number points in event queue = 0.0
Avg number points in clusters= 0.0
Avg Rmc size = 0.0
Avg Length exps= 0.0
#window: 167
Total #outliers: 7711
Average Time: 8092.744289538922 ms
Peak memory: 2605.997444152832 MB
Time index, remove data from structure: 0.030282035526946107
Time for querying: 0.0
Time for new slide: 7.2727109088802395
Time for expired slide: 0.8200289734431138
------------------------------------
Number clusters = 0.0
Max Number points in event queue = 0.0
Avg number points in clusters= 0.0
Avg Rmc size = 0.0
Avg Length exps= 0.0
#window: 168
Total #outliers: 7793
Average Time: 8095.139238029763 ms
Peak memory: 2605.997444152832 MB
Time index, remove data from structure: 0.030272348446428572
Time for querying: 0.0
Time for new slide: 7.274182296779762
Time for expired slide: 0.8209525353154762
------------------------------------
Number clusters = 0.0
Max Number points in event queue = 0.0
Avg number points in clusters= 0.0
Avg Rmc size = 0.0
Avg Length exps= 0.0
#window: 169
Total #outliers: 7733
Average Time: 8094.930727467455 ms
Peak memory: 2605.997444152832 MB
Time index, remove data from structure: 0.030257791337278107
Time for querying: 0.0
Time for new slide: 7.27493829564497
Time for expired slide: 0.819988027781065
------------------------------------
Number clusters = 0.0
Max Number points in event queue = 0.0
Avg number points in clusters= 0.0
Avg Rmc size = 0.0
Avg Length exps= 0.0
#window: 170
Total #outliers: 7746
Average Time: 8095.856963411764 ms
Peak memory: 2605.997444152832 MB
Time index, remove data from structure: 0.03024481334117647
Time for querying: 0.0
Time for new slide: 7.276568047900001
Time for expired slide: 0.8192845096647059
------------------------------------
Number clusters = 0.0
Max Number points in event queue = 0.0
Avg number points in clusters= 0.0
Avg Rmc size = 0.0
Avg Length exps= 0.0
#window: 171
Total #outliers: 7914
Average Time: 8101.893160994152 ms
Peak memory: 2605.997444152832 MB
Time index, remove data from structure: 0.030243991994152047
Time for querying: 0.0
Time for new slide: 7.282584120461988
Time for expired slide: 0.8193046360994153
------------------------------------
Number clusters = 0.0
Max Number points in event queue = 0.0
Avg number points in clusters= 0.0
Avg Rmc size = 0.0
Avg Length exps= 0.0
#window: 172
Total #outliers: 7884
Average Time: 8107.705533796512 ms
Peak memory: 2605.997444152832 MB
Time index, remove data from structure: 0.030226055941860466
Time for querying: 0.0
Time for new slide: 7.2890784465174425
Time for expired slide: 0.8186226820174418
------------------------------------
Number clusters = 0.0
Max Number points in event queue = 0.0
Avg number points in clusters= 0.0
Avg Rmc size = 0.0
Avg Length exps= 0.0
#window: 173
Total #outliers: 7868
Average Time: 8115.661691693642 ms
Peak memory: 2605.997444152832 MB
Time index, remove data from structure: 0.03020843256069364
Time for querying: 0.0
Time for new slide: 7.297635442895954
Time for expired slide: 0.8180218441040463
------------------------------------
Number clusters = 0.0
Max Number points in event queue = 0.0
Avg number points in clusters= 0.0
Avg Rmc size = 0.0
Avg Length exps= 0.0
#window: 174
Total #outliers: 8008
Average Time: 8128.563728459769 ms
Peak memory: 2605.997444152832 MB
Time index, remove data from structure: 0.030202940764367817
Time for querying: 0.0
Time for new slide: 7.30906304824138
Time for expired slide: 0.8194962770862069
------------------------------------
Number clusters = 0.0
Max Number points in event queue = 0.0
Avg number points in clusters= 0.0
Avg Rmc size = 0.0
Avg Length exps= 0.0
#window: 175
Total #outliers: 7972
Average Time: 8141.414898057143 ms
Peak memory: 2605.997444152832 MB
Time index, remove data from structure: 0.03019242610857143
Time for querying: 0.0
Time for new slide: 7.320268332405714
Time for expired slide: 0.8211421640628571
------------------------------------
Number clusters = 0.0
Max Number points in event queue = 0.0
Avg number points in clusters= 0.0
Avg Rmc size = 0.0
Avg Length exps= 0.0
#window: 176
Total #outliers: 7945
Average Time: 8146.1226809772725 ms
Peak memory: 2605.997444152832 MB
Time index, remove data from structure: 0.03020285953977273
Time for querying: 0.0
Time for new slide: 7.320530024034091
Time for expired slide: 0.825588253528409
------------------------------------
Number clusters = 0.0
Max Number points in event queue = 0.0
Avg number points in clusters= 0.0
Avg Rmc size = 0.0
Avg Length exps= 0.0
#window: 177
Total #outliers: 8099
Average Time: 8126.920221666665 ms
Peak memory: 2605.997444152832 MB
Time index, remove data from structure: 0.030167969327683612
Time for querying: 0.0
Time for new slide: 7.301909913197741
Time for expired slide: 0.825005904497175
------------------------------------
Number clusters = 0.0
Max Number points in event queue = 0.0
Avg number points in clusters= 0.0
Avg Rmc size = 0.0
Avg Length exps= 0.0
#window: 178
Total #outliers: 8001
Average Time: 8109.026093449436 ms
Peak memory: 2605.997444152832 MB
Time index, remove data from structure: 0.03014593324719101
Time for querying: 0.0
Time for new slide: 7.285463533780899
Time for expired slide: 0.823558156735955
------------------------------------
Number clusters = 0.0
Max Number points in event queue = 0.0
Avg number points in clusters= 0.0
Avg Rmc size = 0.0
Avg Length exps= 0.0
#window: 179
Total #outliers: 7910
Average Time: 8094.074377474859 ms
Peak memory: 2605.997444152832 MB
Time index, remove data from structure: 0.030145275949720673
Time for querying: 0.0
Time for new slide: 7.271471554759776
Time for expired slide: 0.8225984214134078
------------------------------------
Number clusters = 0.0
Max Number points in event queue = 0.0
Avg number points in clusters= 0.0
Avg Rmc size = 0.0
Avg Length exps= 0.0
#window: 180
Total #outliers: 7888
Average Time: 8080.300605044444 ms
Peak memory: 2605.997444152832 MB
Time index, remove data from structure: 0.03013067115
Time for querying: 0.0
Time for new slide: 7.2590612021
Time for expired slide: 0.8212350030833333
------------------------------------
Number clusters = 0.0
Max Number points in event queue = 0.0
Avg number points in clusters= 0.0
Avg Rmc size = 0.0
Avg Length exps= 0.0
#window: 181
Total #outliers: 7921
Average Time: 8069.565063276242 ms
Peak memory: 2605.997444152832 MB
Time index, remove data from structure: 0.030121175872928178
Time for querying: 0.0
Time for new slide: 7.248170615790055
Time for expired slide: 0.8213900508618784
------------------------------------
Number clusters = 0.0
Max Number points in event queue = 0.0
Avg number points in clusters= 0.0
Avg Rmc size = 0.0
Avg Length exps= 0.0
Peak memory: 2605.997444152832 MB
Average CPU time: 8069.565063276242 ms
