#window: 1
Total #outliers: 530
Average Time: 0.0 ms
Peak memory: 292.32640075683594 MB
Time index, remove data from structure: 0.0
Time for querying: 0.0
Time for new slide: 0.0
Time for expired slide: 0.0
------------------------------------
Number clusters = 0.0
Max Number points in event queue = 0.0
Avg number points in clusters= 0.0
Avg Rmc size = 0.0
Avg Length exps= 0.0
#window: 2
Total #outliers: 560
Average Time: 36.303893499999994 ms
Peak memory: 292.32640075683594 MB
Time index, remove data from structure: 0.0012476305
Time for querying: 0.0
Time for new slide: 0.031313866
Time for expired slide: 0.0049879095
------------------------------------
Number clusters = 0.0
Max Number points in event queue = 0.0
Avg number points in clusters= 0.0
Avg Rmc size = 0.0
Avg Length exps= 0.0
#window: 3
Total #outliers: 592
Average Time: 48.669889 ms
Peak memory: 292.32640075683594 MB
Time index, remove data from structure: 0.0013617003333333334
Time for querying: 0.0
Time for new slide: 0.042739167
Time for expired slide: 0.005928160333333334
------------------------------------
Number clusters = 0.0
Max Number points in event queue = 0.0
Avg number points in clusters= 0.0
Avg Rmc size = 0.0
Avg Length exps= 0.0
#window: 4
Total #outliers: 620
Average Time: 57.494668499999996 ms
Peak memory: 312.8302536010742 MB
Time index, remove data from structure: 0.001461062
Time for querying: 0.0
Time for new slide: 0.05100708325
Time for expired slide: 0.0064848215
------------------------------------
Number clusters = 0.0
Max Number points in event queue = 0.0
Avg number points in clusters= 0.0
Avg Rmc size = 0.0
Avg Length exps= 0.0
#window: 5
Total #outliers: 614
Average Time: 59.85297859999999 ms
Peak memory: 312.8302536010742 MB
Time index, remove data from structure: 0.0015972748
Time for querying: 0.0
Time for new slide: 0.052139715600000004
Time for expired slide: 0.007710465
------------------------------------
Number clusters = 0.0
Max Number points in event queue = 0.0
Avg number points in clusters= 0.0
Avg Rmc size = 0.0
Avg Length exps= 0.0
#window: 6
Total #outliers: 588
Average Time: 62.86989283333333 ms
Peak memory: 312.8302536010742 MB
Time index, remove data from structure: 0.001748747
Time for querying: 0.0
Time for new slide: 0.05316860833333333
Time for expired slide: 0.009698444666666667
------------------------------------
Number clusters = 0.0
Max Number points in event queue = 0.0
Avg number points in clusters= 0.0
Avg Rmc size = 0.0
Avg Length exps= 0.0
#window: 7
Total #outliers: 583
Average Time: 62.80224685714285 ms
Peak memory: 312.8302536010742 MB
Time index, remove data from structure: 0.0017554277142857143
Time for querying: 0.0
Time for new slide: 0.05329754914285715
Time for expired slide: 0.009501806428571428
------------------------------------
Number clusters = 0.0
Max Number points in event queue = 0.0
Avg number points in clusters= 0.0
Avg Rmc size = 0.0
Avg Length exps= 0.0
#window: 8
Total #outliers: 583
Average Time: 64.192599625 ms
Peak memory: 312.8302536010742 MB
Time index, remove data from structure: 0.001776982875
Time for querying: 0.0
Time for new slide: 0.054346901
Time for expired slide: 0.00984279825
------------------------------------
Number clusters = 0.0
Max Number points in event queue = 0.0
Avg number points in clusters= 0.0
Avg Rmc size = 0.0
Avg Length exps= 0.0
#window: 9
Total #outliers: 591
Average Time: 66.11855911111111 ms
Peak memory: 312.8302536010742 MB
Time index, remove data from structure: 0.0017887971111111112
Time for querying: 0.0
Time for new slide: 0.05644373344444445
Time for expired slide: 0.00967190588888889
------------------------------------
Number clusters = 0.0
Max Number points in event queue = 0.0
Avg number points in clusters= 0.0
Avg Rmc size = 0.0
Avg Length exps= 0.0
#window: 10
Total #outliers: 564
Average Time: 68.5790426 ms
Peak memory: 312.8302536010742 MB
Time index, remove data from structure: 0.0017965086000000003
Time for querying: 0.0
Time for new slide: 0.0586438411
Time for expired slide: 0.009932274000000001
------------------------------------
Number clusters = 0.0
Max Number points in event queue = 0.0
Avg number points in clusters= 0.0
Avg Rmc size = 0.0
Avg Length exps= 0.0
#window: 11
Total #outliers: 586
Average Time: 71.693544 ms
Peak memory: 312.8302536010742 MB
Time index, remove data from structure: 0.0017976167272727272
Time for querying: 0.0
Time for new slide: 0.06151439354545454
Time for expired slide: 0.010176234909090908
------------------------------------
Number clusters = 0.0
Max Number points in event queue = 0.0
Avg number points in clusters= 0.0
Avg Rmc size = 0.0
Avg Length exps= 0.0
#window: 12
Total #outliers: 728
Average Time: 74.25413433333331 ms
Peak memory: 312.8302536010742 MB
Time index, remove data from structure: 0.0018413991666666669
Time for querying: 0.0
Time for new slide: 0.06340166816666666
Time for expired slide: 0.010849541166666666
------------------------------------
Number clusters = 0.0
Max Number points in event queue = 0.0
Avg number points in clusters= 0.0
Avg Rmc size = 0.0
Avg Length exps= 0.0
#window: 13
Total #outliers: 793
Average Time: 74.71719476923076 ms
Peak memory: 312.8302536010742 MB
Time index, remove data from structure: 0.0018502294615384616
Time for querying: 0.0
Time for new slide: 0.06390234307692308
Time for expired slide: 0.010811930461538461
------------------------------------
Number clusters = 0.0
Max Number points in event queue = 0.0
Avg number points in clusters= 0.0
Avg Rmc size = 0.0
Avg Length exps= 0.0
#window: 14
Total #outliers: 805
Average Time: 76.40460999999999 ms
Peak memory: 312.8302536010742 MB
Time index, remove data from structure: 0.0018921520714285714
Time for querying: 0.0
Time for new slide: 0.06497976707142858
Time for expired slide: 0.011421912642857144
------------------------------------
Number clusters = 0.0
Max Number points in event queue = 0.0
Avg number points in clusters= 0.0
Avg Rmc size = 0.0
Avg Length exps= 0.0
#window: 15
Total #outliers: 809
Average Time: 78.68376819999997 ms
Peak memory: 318.1082992553711 MB
Time index, remove data from structure: 0.0018876639333333333
Time for querying: 0.0
Time for new slide: 0.06733929293333334
Time for expired slide: 0.011339857
------------------------------------
Number clusters = 0.0
Max Number points in event queue = 0.0
Avg number points in clusters= 0.0
Avg Rmc size = 0.0
Avg Length exps= 0.0
#window: 16
Total #outliers: 797
Average Time: 81.66400587499999 ms
Peak memory: 357.09386444091797 MB
Time index, remove data from structure: 0.0018771078125
Time for querying: 0.0
Time for new slide: 0.070494981375
Time for expired slide: 0.0111645014375
------------------------------------
Number clusters = 0.0
Max Number points in event queue = 0.0
Avg number points in clusters= 0.0
Avg Rmc size = 0.0
Avg Length exps= 0.0
#window: 17
Total #outliers: 751
Average Time: 84.2254964117647 ms
Peak memory: 376.5866165161133 MB
Time index, remove data from structure: 0.0018693868235294116
Time for querying: 0.0
Time for new slide: 0.07276367511764706
Time for expired slide: 0.011457370470588236
------------------------------------
Number clusters = 0.0
Max Number points in event queue = 0.0
Avg number points in clusters= 0.0
Avg Rmc size = 0.0
Avg Length exps= 0.0
#window: 18
Total #outliers: 699
Average Time: 85.32190394444444 ms
Peak memory: 396.07938385009766 MB
Time index, remove data from structure: 0.0018681240555555555
Time for querying: 0.0
Time for new slide: 0.073562158
Time for expired slide: 0.011755349944444445
------------------------------------
Number clusters = 0.0
Max Number points in event queue = 0.0
Avg number points in clusters= 0.0
Avg Rmc size = 0.0
Avg Length exps= 0.0
#window: 19
Total #outliers: 666
Average Time: 86.1470829473684 ms
Peak memory: 415.57215881347656 MB
Time index, remove data from structure: 0.0018730541052631579
Time for querying: 0.0
Time for new slide: 0.07422058436842105
Time for expired slide: 0.011922171315789473
------------------------------------
Number clusters = 0.0
Max Number points in event queue = 0.0
Avg number points in clusters= 0.0
Avg Rmc size = 0.0
Avg Length exps= 0.0
#window: 20
Total #outliers: 729
Average Time: 87.38241285 ms
Peak memory: 435.0649108886719 MB
Time index, remove data from structure: 0.0018653135000000001
Time for querying: 0.0
Time for new slide: 0.0756128818
Time for expired slide: 0.011765226450000001
------------------------------------
Number clusters = 0.0
Max Number points in event queue = 0.0
Avg number points in clusters= 0.0
Avg Rmc size = 0.0
Avg Length exps= 0.0
#window: 21
Total #outliers: 729
Average Time: 89.88840890476189 ms
Peak memory: 477.3181686401367 MB
Time index, remove data from structure: 0.0018737321428571427
Time for querying: 0.0
Time for new slide: 0.07782477166666667
Time for expired slide: 0.012059373095238095
------------------------------------
Number clusters = 0.0
Max Number points in event queue = 0.0
Avg number points in clusters= 0.0
Avg Rmc size = 0.0
Avg Length exps= 0.0
#window: 22
Total #outliers: 773
Average Time: 91.26898095454544 ms
Peak memory: 496.81092071533203 MB
Time index, remove data from structure: 0.0018854274545454545
Time for querying: 0.0
Time for new slide: 0.07921983686363637
Time for expired slide: 0.012044100136363638
------------------------------------
Number clusters = 0.0
Max Number points in event queue = 0.0
Avg number points in clusters= 0.0
Avg Rmc size = 0.0
Avg Length exps= 0.0
#window: 23
Total #outliers: 783
Average Time: 92.94310382608694 ms
Peak memory: 506.5572967529297 MB
Time index, remove data from structure: 0.0018842970869565217
Time for querying: 0.0
Time for new slide: 0.08100740473913044
Time for expired slide: 0.011930737782608695
------------------------------------
Number clusters = 0.0
Max Number points in event queue = 0.0
Avg number points in clusters= 0.0
Avg Rmc size = 0.0
Avg Length exps= 0.0
#window: 24
Total #outliers: 807
Average Time: 94.37055949999997 ms
Peak memory: 526.050048828125 MB
Time index, remove data from structure: 0.0018803368333333334
Time for querying: 0.0
Time for new slide: 0.08255754429166666
Time for expired slide: 0.011807792041666668
------------------------------------
Number clusters = 0.0
Max Number points in event queue = 0.0
Avg number points in clusters= 0.0
Avg Rmc size = 0.0
Avg Length exps= 0.0
#window: 25
Total #outliers: 846
Average Time: 96.31605015999996 ms
Peak memory: 555.289192199707 MB
Time index, remove data from structure: 0.0018889172000000002
Time for querying: 0.0
Time for new slide: 0.08427526739999999
Time for expired slide: 0.012035637560000001
------------------------------------
Number clusters = 0.0
Max Number points in event queue = 0.0
Avg number points in clusters= 0.0
Avg Rmc size = 0.0
Avg Length exps= 0.0
#window: 26
Total #outliers: 931
Average Time: 97.78037830769227 ms
Peak memory: 574.7819900512695 MB
Time index, remove data from structure: 0.001919147
Time for querying: 0.0
Time for new slide: 0.08557549776923076
Time for expired slide: 0.012199808346153846
------------------------------------
Number clusters = 0.0
Max Number points in event queue = 0.0
Avg number points in clusters= 0.0
Avg Rmc size = 0.0
Avg Length exps= 0.0
#window: 27
Total #outliers: 859
Average Time: 97.65093485185182 ms
Peak memory: 586.1920013427734 MB
Time index, remove data from structure: 0.001925430925925926
Time for querying: 0.0
Time for new slide: 0.08522408888888888
Time for expired slide: 0.01242184874074074
------------------------------------
Number clusters = 0.0
Max Number points in event queue = 0.0
Avg number points in clusters= 0.0
Avg Rmc size = 0.0
Avg Length exps= 0.0
#window: 28
Total #outliers: 952
Average Time: 97.46754346428568 ms
Peak memory: 586.1920013427734 MB
Time index, remove data from structure: 0.0019299798571428572
Time for querying: 0.0
Time for new slide: 0.08467249839285715
Time for expired slide: 0.012790131321428571
------------------------------------
Number clusters = 0.0
Max Number points in event queue = 0.0
Avg number points in clusters= 0.0
Avg Rmc size = 0.0
Avg Length exps= 0.0
#window: 29
Total #outliers: 998
Average Time: 96.82956296551721 ms
Peak memory: 586.1920013427734 MB
Time index, remove data from structure: 0.0019228345862068966
Time for querying: 0.0
Time for new slide: 0.08418135013793103
Time for expired slide: 0.012643374137931035
------------------------------------
Number clusters = 0.0
Max Number points in event queue = 0.0
Avg number points in clusters= 0.0
Avg Rmc size = 0.0
Avg Length exps= 0.0
#window: 30
Total #outliers: 1015
Average Time: 95.98226799999998 ms
Peak memory: 586.1920013427734 MB
Time index, remove data from structure: 0.0019155740666666665
Time for querying: 0.0
Time for new slide: 0.0834649806
Time for expired slide: 0.012512520800000001
------------------------------------
Number clusters = 0.0
Max Number points in event queue = 0.0
Avg number points in clusters= 0.0
Avg Rmc size = 0.0
Avg Length exps= 0.0
#window: 31
Total #outliers: 992
Average Time: 95.18477609677417 ms
Peak memory: 586.1920013427734 MB
Time index, remove data from structure: 0.001907604806451613
Time for querying: 0.0
Time for new slide: 0.08278438425806452
Time for expired slide: 0.012395685483870968
------------------------------------
Number clusters = 0.0
Max Number points in event queue = 0.0
Avg number points in clusters= 0.0
Avg Rmc size = 0.0
Avg Length exps= 0.0
#window: 32
Total #outliers: 956
Average Time: 94.49440378124999 ms
Peak memory: 586.1920013427734 MB
Time index, remove data from structure: 0.00189796590625
Time for querying: 0.0
Time for new slide: 0.08222072140625
Time for expired slide: 0.01226904025
------------------------------------
Number clusters = 0.0
Max Number points in event queue = 0.0
Avg number points in clusters= 0.0
Avg Rmc size = 0.0
Avg Length exps= 0.0
#window: 33
Total #outliers: 923
Average Time: 93.71845545454543 ms
Peak memory: 586.1920013427734 MB
Time index, remove data from structure: 0.001893585393939394
Time for querying: 0.0
Time for new slide: 0.08156437518181818
Time for expired slide: 0.012149481121212122
------------------------------------
Number clusters = 0.0
Max Number points in event queue = 0.0
Avg number points in clusters= 0.0
Avg Rmc size = 0.0
Avg Length exps= 0.0
#window: 34
Total #outliers: 939
Average Time: 93.25780297058822 ms
Peak memory: 586.1920013427734 MB
Time index, remove data from structure: 0.0018846285294117646
Time for querying: 0.0
Time for new slide: 0.08116257982352941
Time for expired slide: 0.012090660647058823
------------------------------------
Number clusters = 0.0
Max Number points in event queue = 0.0
Avg number points in clusters= 0.0
Avg Rmc size = 0.0
Avg Length exps= 0.0
#window: 35
Total #outliers: 907
Average Time: 92.88355274285712 ms
Peak memory: 586.1920013427734 MB
Time index, remove data from structure: 0.0018729655142857144
Time for querying: 0.0
Time for new slide: 0.08090437834285713
Time for expired slide: 0.011974662685714286
------------------------------------
Number clusters = 0.0
Max Number points in event queue = 0.0
Avg number points in clusters= 0.0
Avg Rmc size = 0.0
Avg Length exps= 0.0
#window: 36
Total #outliers: 906
Average Time: 92.62822544444444 ms
Peak memory: 586.1920013427734 MB
Time index, remove data from structure: 0.0018631125833333336
Time for querying: 0.0
Time for new slide: 0.0807091873888889
Time for expired slide: 0.011914566833333333
------------------------------------
Number clusters = 0.0
Max Number points in event queue = 0.0
Avg number points in clusters= 0.0
Avg Rmc size = 0.0
Avg Length exps= 0.0
#window: 37
Total #outliers: 917
Average Time: 92.21290881081079 ms
Peak memory: 586.1920013427734 MB
Time index, remove data from structure: 0.001859676027027027
Time for querying: 0.0
Time for new slide: 0.0802562101081081
Time for expired slide: 0.01195225872972973
------------------------------------
Number clusters = 0.0
Max Number points in event queue = 0.0
Avg number points in clusters= 0.0
Avg Rmc size = 0.0
Avg Length exps= 0.0
#window: 38
Total #outliers: 879
Average Time: 91.98565055263157 ms
Peak memory: 586.1920013427734 MB
Time index, remove data from structure: 0.001855258605263158
Time for querying: 0.0
Time for new slide: 0.08012657921052631
Time for expired slide: 0.011854670999999999
------------------------------------
Number clusters = 0.0
Max Number points in event queue = 0.0
Avg number points in clusters= 0.0
Avg Rmc size = 0.0
Avg Length exps= 0.0
#window: 39
Total #outliers: 850
Average Time: 91.81103923076921 ms
Peak memory: 586.1920013427734 MB
Time index, remove data from structure: 0.0018485830000000002
Time for querying: 0.0
Time for new slide: 0.08005218366666667
Time for expired slide: 0.011754487615384616
------------------------------------
Number clusters = 0.0
Max Number points in event queue = 0.0
Avg number points in clusters= 0.0
Avg Rmc size = 0.0
Avg Length exps= 0.0
#window: 40
Total #outliers: 983
Average Time: 91.74792249999999 ms
Peak memory: 586.1920013427734 MB
Time index, remove data from structure: 0.0018418592
Time for querying: 0.0
Time for new slide: 0.08008942287500001
Time for expired slide: 0.011654169075
------------------------------------
Number clusters = 0.0
Max Number points in event queue = 0.0
Avg number points in clusters= 0.0
Avg Rmc size = 0.0
Avg Length exps= 0.0
#window: 41
Total #outliers: 1028
Average Time: 92.77554548780485 ms
Peak memory: 586.1920013427734 MB
Time index, remove data from structure: 0.0018395983658536586
Time for querying: 0.0
Time for new slide: 0.08115339490243903
Time for expired slide: 0.011617856902439024
------------------------------------
Number clusters = 0.0
Max Number points in event queue = 0.0
Avg number points in clusters= 0.0
Avg Rmc size = 0.0
Avg Length exps= 0.0
#window: 42
Total #outliers: 1018
Average Time: 93.1219024285714 ms
Peak memory: 586.1920013427734 MB
Time index, remove data from structure: 0.0018404431666666668
Time for querying: 0.0
Time for new slide: 0.08145441366666667
Time for expired slide: 0.011663224142857143
------------------------------------
Number clusters = 0.0
Max Number points in event queue = 0.0
Avg number points in clusters= 0.0
Avg Rmc size = 0.0
Avg Length exps= 0.0
#window: 43
Total #outliers: 851
Average Time: 93.53019672093022 ms
Peak memory: 586.1920013427734 MB
Time index, remove data from structure: 0.0018356300465116279
Time for querying: 0.0
Time for new slide: 0.08192655211627907
Time for expired slide: 0.011599403558139536
------------------------------------
Number clusters = 0.0
Max Number points in event queue = 0.0
Avg number points in clusters= 0.0
Avg Rmc size = 0.0
Avg Length exps= 0.0
#window: 44
Total #outliers: 744
Average Time: 93.70426538636362 ms
Peak memory: 586.1920013427734 MB
Time index, remove data from structure: 0.0018322011363636364
Time for querying: 0.0
Time for new slide: 0.08218346311363636
Time for expired slide: 0.011516585727272727
------------------------------------
Number clusters = 0.0
Max Number points in event queue = 0.0
Avg number points in clusters= 0.0
Avg Rmc size = 0.0
Avg Length exps= 0.0
#window: 45
Total #outliers: 638
Average Time: 93.88639355555553 ms
Peak memory: 586.1920013427734 MB
Time index, remove data from structure: 0.001827174511111111
Time for querying: 0.0
Time for new slide: 0.08245415113333333
Time for expired slide: 0.011428051199999999
------------------------------------
Number clusters = 0.0
Max Number points in event queue = 0.0
Avg number points in clusters= 0.0
Avg Rmc size = 0.0
Avg Length exps= 0.0
#window: 46
Total #outliers: 613
Average Time: 94.14237976086955 ms
Peak memory: 586.1920013427734 MB
Time index, remove data from structure: 0.0018217158260869564
Time for querying: 0.0
Time for new slide: 0.08280645063043479
Time for expired slide: 0.011331758326086955
------------------------------------
Number clusters = 0.0
Max Number points in event queue = 0.0
Avg number points in clusters= 0.0
Avg Rmc size = 0.0
Avg Length exps= 0.0
#window: 47
Total #outliers: 622
Average Time: 94.40746604255318 ms
Peak memory: 586.1920013427734 MB
Time index, remove data from structure: 0.0018179182340425533
Time for querying: 0.0
Time for new slide: 0.08316201708510639
Time for expired slide: 0.011241296531914892
------------------------------------
Number clusters = 0.0
Max Number points in event queue = 0.0
Avg number points in clusters= 0.0
Avg Rmc size = 0.0
Avg Length exps= 0.0
#window: 48
Total #outliers: 605
Average Time: 94.62651622916664 ms
Peak memory: 586.1920013427734 MB
Time index, remove data from structure: 0.0018116302708333332
Time for querying: 0.0
Time for new slide: 0.08346407460416666
Time for expired slide: 0.0111583055625
------------------------------------
Number clusters = 0.0
Max Number points in event queue = 0.0
Avg number points in clusters= 0.0
Avg Rmc size = 0.0
Avg Length exps= 0.0
#window: 49
Total #outliers: 485
Average Time: 94.73988644897958 ms
Peak memory: 586.1920013427734 MB
Time index, remove data from structure: 0.0018050869387755103
Time for querying: 0.0
Time for new slide: 0.08366028548979591
Time for expired slide: 0.011075491061224489
------------------------------------
Number clusters = 0.0
Max Number points in event queue = 0.0
Avg number points in clusters= 0.0
Avg Rmc size = 0.0
Avg Length exps= 0.0
#window: 50
Total #outliers: 616
Average Time: 94.87141689999997 ms
Peak memory: 586.1920013427734 MB
Time index, remove data from structure: 0.0017998929599999998
Time for querying: 0.0
Time for new slide: 0.08388378402
Time for expired slide: 0.010983546980000002
------------------------------------
Number clusters = 0.0
Max Number points in event queue = 0.0
Avg number points in clusters= 0.0
Avg Rmc size = 0.0
Avg Length exps= 0.0
#window: 51
Total #outliers: 872
Average Time: 96.56809584313723 ms
Peak memory: 599.2854690551758 MB
Time index, remove data from structure: 0.0017949263529411764
Time for querying: 0.0
Time for new slide: 0.0856551943137255
Time for expired slide: 0.010908842333333333
------------------------------------
Number clusters = 0.0
Max Number points in event queue = 0.0
Avg number points in clusters= 0.0
Avg Rmc size = 0.0
Avg Length exps= 0.0
#window: 52
Total #outliers: 744
Average Time: 98.31446549999997 ms
Peak memory: 599.2854690551758 MB
Time index, remove data from structure: 0.0017896582499999998
Time for querying: 0.0
Time for new slide: 0.08744108994230769
Time for expired slide: 0.010869336423076923
------------------------------------
Number clusters = 0.0
Max Number points in event queue = 0.0
Avg number points in clusters= 0.0
Avg Rmc size = 0.0
Avg Length exps= 0.0
#window: 53
Total #outliers: 760
Average Time: 98.88361383018866 ms
Peak memory: 599.2854690551758 MB
Time index, remove data from structure: 0.0017861866226415095
Time for querying: 0.0
Time for new slide: 0.08804655096226414
Time for expired slide: 0.010833046037735848
------------------------------------
Number clusters = 0.0
Max Number points in event queue = 0.0
Avg number points in clusters= 0.0
Avg Rmc size = 0.0
Avg Length exps= 0.0
#window: 54
Total #outliers: 748
Average Time: 99.41413090740738 ms
Peak memory: 599.2854690551758 MB
Time index, remove data from structure: 0.0017814487592592591
Time for querying: 0.0
Time for new slide: 0.08857067931481481
Time for expired slide: 0.010839465777777777
------------------------------------
Number clusters = 0.0
Max Number points in event queue = 0.0
Avg number points in clusters= 0.0
Avg Rmc size = 0.0
Avg Length exps= 0.0
#window: 55
Total #outliers: 825
Average Time: 99.4120365090909 ms
Peak memory: 599.2854690551758 MB
Time index, remove data from structure: 0.0017744415454545455
Time for querying: 0.0
Time for new slide: 0.0886055616
Time for expired slide: 0.0108025212
------------------------------------
Number clusters = 0.0
Max Number points in event queue = 0.0
Avg number points in clusters= 0.0
Avg Rmc size = 0.0
Avg Length exps= 0.0
#window: 56
Total #outliers: 902
Average Time: 99.08564187499998 ms
Peak memory: 599.2854690551758 MB
Time index, remove data from structure: 0.0017677495892857143
Time for querying: 0.0
Time for new slide: 0.08830882501785715
Time for expired slide: 0.01077288207142857
------------------------------------
Number clusters = 0.0
Max Number points in event queue = 0.0
Avg number points in clusters= 0.0
Avg Rmc size = 0.0
Avg Length exps= 0.0
#window: 57
Total #outliers: 879
Average Time: 99.3713625087719 ms
Peak memory: 599.2854690551758 MB
Time index, remove data from structure: 0.0017609442280701756
Time for querying: 0.0
Time for new slide: 0.08862106519298245
Time for expired slide: 0.01074637850877193
------------------------------------
Number clusters = 0.0
Max Number points in event queue = 0.0
Avg number points in clusters= 0.0
Avg Rmc size = 0.0
Avg Length exps= 0.0
#window: 58
Total #outliers: 792
Average Time: 99.7448327068965 ms
Peak memory: 599.2854690551758 MB
Time index, remove data from structure: 0.0017621956896551724
Time for querying: 0.0
Time for new slide: 0.08887459667241379
Time for expired slide: 0.010866332293103449
------------------------------------
Number clusters = 0.0
Max Number points in event queue = 0.0
Avg number points in clusters= 0.0
Avg Rmc size = 0.0
Avg Length exps= 0.0
#window: 59
Total #outliers: 1069
Average Time: 100.84920352542369 ms
Peak memory: 599.2854690551758 MB
Time index, remove data from structure: 0.0017769935423728813
Time for querying: 0.0
Time for new slide: 0.08985061686440678
Time for expired slide: 0.010994708508474576
------------------------------------
Number clusters = 0.0
Max Number points in event queue = 0.0
Avg number points in clusters= 0.0
Avg Rmc size = 0.0
Avg Length exps= 0.0
#window: 60
Total #outliers: 977
Average Time: 103.34153353333328 ms
Peak memory: 599.2854690551758 MB
Time index, remove data from structure: 0.0017754902666666666
Time for querying: 0.0
Time for new slide: 0.09216806761666667
Time for expired slide: 0.011169615683333333
------------------------------------
Number clusters = 0.0
Max Number points in event queue = 0.0
Avg number points in clusters= 0.0
Avg Rmc size = 0.0
Avg Length exps= 0.0
#window: 61
Total #outliers: 913
Average Time: 104.46555052459011 ms
Peak memory: 599.2854690551758 MB
Time index, remove data from structure: 0.0017696746721311476
Time for querying: 0.0
Time for new slide: 0.09330592924590163
Time for expired slide: 0.011155786983606558
------------------------------------
Number clusters = 0.0
Max Number points in event queue = 0.0
Avg number points in clusters= 0.0
Avg Rmc size = 0.0
Avg Length exps= 0.0
#window: 62
Total #outliers: 811
Average Time: 105.39291912903221 ms
Peak memory: 599.2854690551758 MB
Time index, remove data from structure: 0.001770968741935484
Time for querying: 0.0
Time for new slide: 0.09419201032258065
Time for expired slide: 0.011197087903225806
------------------------------------
Number clusters = 0.0
Max Number points in event queue = 0.0
Avg number points in clusters= 0.0
Avg Rmc size = 0.0
Avg Length exps= 0.0
#window: 63
Total #outliers: 886
Average Time: 106.36449373015869 ms
Peak memory: 599.2854690551758 MB
Time index, remove data from structure: 0.0018104831746031747
Time for querying: 0.0
Time for new slide: 0.094905352
Time for expired slide: 0.011455335031746032
------------------------------------
Number clusters = 0.0
Max Number points in event queue = 0.0
Avg number points in clusters= 0.0
Avg Rmc size = 0.0
Avg Length exps= 0.0
#window: 64
Total #outliers: 905
Average Time: 107.06188137499994 ms
Peak memory: 599.2854690551758 MB
Time index, remove data from structure: 0.001848881140625
Time for querying: 0.0
Time for new slide: 0.095396117859375
Time for expired slide: 0.011661970640625
------------------------------------
Number clusters = 0.0
Max Number points in event queue = 0.0
Avg number points in clusters= 0.0
Avg Rmc size = 0.0
Avg Length exps= 0.0
#window: 65
Total #outliers: 802
Average Time: 107.42979713846148 ms
Peak memory: 606.6947555541992 MB
Time index, remove data from structure: 0.0018994646307692307
Time for querying: 0.0
Time for new slide: 0.09543905444615385
Time for expired slide: 0.011986955446153847
------------------------------------
Number clusters = 0.0
Max Number points in event queue = 0.0
Avg number points in clusters= 0.0
Avg Rmc size = 0.0
Avg Length exps= 0.0
#window: 66
Total #outliers: 768
Average Time: 107.31144748484843 ms
Peak memory: 646.2989883422852 MB
Time index, remove data from structure: 0.0019073947424242425
Time for querying: 0.0
Time for new slide: 0.09528084387878788
Time for expired slide: 0.012026825
------------------------------------
Number clusters = 0.0
Max Number points in event queue = 0.0
Avg number points in clusters= 0.0
Avg Rmc size = 0.0
Avg Length exps= 0.0
#window: 67
Total #outliers: 766
Average Time: 107.36427541791039 ms
Peak memory: 685.9032211303711 MB
Time index, remove data from structure: 0.0019023883582089554
Time for querying: 0.0
Time for new slide: 0.09532718237313434
Time for expired slide: 0.012033337686567164
------------------------------------
Number clusters = 0.0
Max Number points in event queue = 0.0
Avg number points in clusters= 0.0
Avg Rmc size = 0.0
Avg Length exps= 0.0
#window: 68
Total #outliers: 754
Average Time: 107.60666149999993 ms
Peak memory: 705.7053375244141 MB
Time index, remove data from structure: 0.0018971664558823532
Time for querying: 0.0
Time for new slide: 0.0955929399264706
Time for expired slide: 0.012009975441176471
------------------------------------
Number clusters = 0.0
Max Number points in event queue = 0.0
Avg number points in clusters= 0.0
Avg Rmc size = 0.0
Avg Length exps= 0.0
#window: 69
Total #outliers: 790
Average Time: 107.82350657971008 ms
Peak memory: 745.3095703125 MB
Time index, remove data from structure: 0.0018947705942028983
Time for querying: 0.0
Time for new slide: 0.09574549953623188
Time for expired slide: 0.012074274231884058
------------------------------------
Number clusters = 0.0
Max Number points in event queue = 0.0
Avg number points in clusters= 0.0
Avg Rmc size = 0.0
Avg Length exps= 0.0
#window: 70
Total #outliers: 879
Average Time: 108.06789858571422 ms
Peak memory: 804.7159576416016 MB
Time index, remove data from structure: 0.001918539857142857
Time for querying: 0.0
Time for new slide: 0.0958390551
Time for expired slide: 0.012225123657142857
------------------------------------
Number clusters = 0.0
Max Number points in event queue = 0.0
Avg number points in clusters= 0.0
Avg Rmc size = 0.0
Avg Length exps= 0.0
#window: 71
Total #outliers: 867
Average Time: 108.18459366197177 ms
Peak memory: 844.3202362060547 MB
Time index, remove data from structure: 0.0019116847464788732
Time for querying: 0.0
Time for new slide: 0.09596972061971831
Time for expired slide: 0.012211160408450704
------------------------------------
Number clusters = 0.0
Max Number points in event queue = 0.0
Avg number points in clusters= 0.0
Avg Rmc size = 0.0
Avg Length exps= 0.0
#window: 72
Total #outliers: 892
Average Time: 108.37755166666662 ms
Peak memory: 864.1223526000977 MB
Time index, remove data from structure: 0.0019053449722222222
Time for querying: 0.0
Time for new slide: 0.09617767280555556
Time for expired slide: 0.012196175125
------------------------------------
Number clusters = 0.0
Max Number points in event queue = 0.0
Avg number points in clusters= 0.0
Avg Rmc size = 0.0
Avg Length exps= 0.0
#window: 73
Total #outliers: 843
Average Time: 108.81115328767119 ms
Peak memory: 903.7265853881836 MB
Time index, remove data from structure: 0.0019011242465753425
Time for querying: 0.0
Time for new slide: 0.09655127920547946
Time for expired slide: 0.012256177630136986
------------------------------------
Number clusters = 0.0
Max Number points in event queue = 0.0
Avg number points in clusters= 0.0
Avg Rmc size = 0.0
Avg Length exps= 0.0
#window: 74
Total #outliers: 851
Average Time: 108.96239328378373 ms
Peak memory: 963.1329345703125 MB
Time index, remove data from structure: 0.0018958021081081082
Time for querying: 0.0
Time for new slide: 0.0966494178918919
Time for expired slide: 0.012309290216216216
------------------------------------
Number clusters = 0.0
Max Number points in event queue = 0.0
Avg number points in clusters= 0.0
Avg Rmc size = 0.0
Avg Length exps= 0.0
#window: 75
Total #outliers: 760
Average Time: 108.97663861333328 ms
Peak memory: 982.9350509643555 MB
Time index, remove data from structure: 0.0018905791066666667
Time for querying: 0.0
Time for new slide: 0.09668382536
Time for expired slide: 0.012289135413333334
------------------------------------
Number clusters = 0.0
Max Number points in event queue = 0.0
Avg number points in clusters= 0.0
Avg Rmc size = 0.0
Avg Length exps= 0.0
#window: 76
Total #outliers: 646
Average Time: 109.19553367105257 ms
Peak memory: 1022.5392837524414 MB
Time index, remove data from structure: 0.0018853762763157893
Time for querying: 0.0
Time for new slide: 0.09693013990789474
Time for expired slide: 0.012261721131578947
------------------------------------
Number clusters = 0.0
Max Number points in event queue = 0.0
Avg number points in clusters= 0.0
Avg Rmc size = 0.0
Avg Length exps= 0.0
#window: 77
Total #outliers: 611
Average Time: 109.43048523376619 ms
Peak memory: 1042.3414001464844 MB
Time index, remove data from structure: 0.0018797624285714284
Time for querying: 0.0
Time for new slide: 0.09719471933766234
Time for expired slide: 0.012232103103896105
------------------------------------
Number clusters = 0.0
Max Number points in event queue = 0.0
Avg number points in clusters= 0.0
Avg Rmc size = 0.0
Avg Length exps= 0.0
#window: 78
Total #outliers: 648
Average Time: 110.02379294871791 ms
Peak memory: 1101.7477951049805 MB
Time index, remove data from structure: 0.0018800993717948717
Time for querying: 0.0
Time for new slide: 0.09753996671794872
Time for expired slide: 0.012480169307692307
------------------------------------
Number clusters = 0.0
Max Number points in event queue = 0.0
Avg number points in clusters= 0.0
Avg Rmc size = 0.0
Avg Length exps= 0.0
#window: 79
Total #outliers: 726
Average Time: 109.89893340506325 ms
Peak memory: 1101.7477951049805 MB
Time index, remove data from structure: 0.0018842972531645569
Time for querying: 0.0
Time for new slide: 0.09732112178481013
Time for expired slide: 0.012574162037974682
------------------------------------
Number clusters = 0.0
Max Number points in event queue = 0.0
Avg number points in clusters= 0.0
Avg Rmc size = 0.0
Avg Length exps= 0.0
#window: 80
Total #outliers: 1130
Average Time: 110.15136754999996 ms
Peak memory: 1101.7477951049805 MB
Time index, remove data from structure: 0.0019095970125
Time for querying: 0.0
Time for new slide: 0.097135105625
Time for expired slide: 0.0130126255125
------------------------------------
Number clusters = 0.0
Max Number points in event queue = 0.0
Avg number points in clusters= 0.0
Avg Rmc size = 0.0
Avg Length exps= 0.0
#window: 81
Total #outliers: 893
Average Time: 110.15211516049379 ms
Peak memory: 1101.7477951049805 MB
Time index, remove data from structure: 0.0019199647037037037
Time for querying: 0.0
Time for new slide: 0.09683307754320987
Time for expired slide: 0.013315409432098767
------------------------------------
Number clusters = 0.0
Max Number points in event queue = 0.0
Avg number points in clusters= 0.0
Avg Rmc size = 0.0
Avg Length exps= 0.0
#window: 82
Total #outliers: 679
Average Time: 109.87002376829265 ms
Peak memory: 1101.7477951049805 MB
Time index, remove data from structure: 0.0019305541097560976
Time for querying: 0.0
Time for new slide: 0.09634008152439025
Time for expired slide: 0.013526323012195121
------------------------------------
Number clusters = 0.0
Max Number points in event queue = 0.0
Avg number points in clusters= 0.0
Avg Rmc size = 0.0
Avg Length exps= 0.0
#window: 83
Total #outliers: 636
Average Time: 109.4718719759036 ms
Peak memory: 1101.7477951049805 MB
Time index, remove data from structure: 0.0019438962409638555
Time for querying: 0.0
Time for new slide: 0.09580706901204819
Time for expired slide: 0.013661193746987951
------------------------------------
Number clusters = 0.0
Max Number points in event queue = 0.0
Avg number points in clusters= 0.0
Avg Rmc size = 0.0
Avg Length exps= 0.0
#window: 84
Total #outliers: 495
Average Time: 109.03049219047618 ms
Peak memory: 1101.7477951049805 MB
Time index, remove data from structure: 0.0019450746547619048
Time for querying: 0.0
Time for new slide: 0.09532299913095238
Time for expired slide: 0.013703895976190475
------------------------------------
Number clusters = 0.0
Max Number points in event queue = 0.0
Avg number points in clusters= 0.0
Avg Rmc size = 0.0
Avg Length exps= 0.0
#window: 85
Total #outliers: 470
Average Time: 108.63285299999998 ms
Peak memory: 1101.7477951049805 MB
Time index, remove data from structure: 0.0019449512
Time for querying: 0.0
Time for new slide: 0.09481446250588235
Time for expired slide: 0.013814805458823529
------------------------------------
Number clusters = 0.0
Max Number points in event queue = 0.0
Avg number points in clusters= 0.0
Avg Rmc size = 0.0
Avg Length exps= 0.0
#window: 86
Total #outliers: 442
Average Time: 108.17153170930231 ms
Peak memory: 1101.7477951049805 MB
Time index, remove data from structure: 0.0019405672906976745
Time for querying: 0.0
Time for new slide: 0.09439352788372092
Time for expired slide: 0.01377443073255814
------------------------------------
Number clusters = 0.0
Max Number points in event queue = 0.0
Avg number points in clusters= 0.0
Avg Rmc size = 0.0
Avg Length exps= 0.0
#window: 87
Total #outliers: 464
Average Time: 107.77192004597701 ms
Peak memory: 1101.7477951049805 MB
Time index, remove data from structure: 0.0019379237586206897
Time for querying: 0.0
Time for new slide: 0.09398727665517241
Time for expired slide: 0.013781080459770115
------------------------------------
Number clusters = 0.0
Max Number points in event queue = 0.0
Avg number points in clusters= 0.0
Avg Rmc size = 0.0
Avg Length exps= 0.0
#window: 88
Total #outliers: 480
Average Time: 107.38865323863635 ms
Peak memory: 1101.7477951049805 MB
Time index, remove data from structure: 0.001934410977272727
Time for querying: 0.0
Time for new slide: 0.09364747745454545
Time for expired slide: 0.013737622806818183
------------------------------------
Number clusters = 0.0
Max Number points in event queue = 0.0
Avg number points in clusters= 0.0
Avg Rmc size = 0.0
Avg Length exps= 0.0
#window: 89
Total #outliers: 605
Average Time: 107.02447330337078 ms
Peak memory: 1101.7477951049805 MB
Time index, remove data from structure: 0.0019304361348314607
Time for querying: 0.0
Time for new slide: 0.09331138637078651
Time for expired slide: 0.013709540662921349
------------------------------------
Number clusters = 0.0
Max Number points in event queue = 0.0
Avg number points in clusters= 0.0
Avg Rmc size = 0.0
Avg Length exps= 0.0
#window: 90
Total #outliers: 626
Average Time: 106.80678012222222 ms
Peak memory: 1101.7477951049805 MB
Time index, remove data from structure: 0.0019281100888888891
Time for querying: 0.0
Time for new slide: 0.09304268614444446
Time for expired slide: 0.013760552866666666
------------------------------------
Number clusters = 0.0
Max Number points in event queue = 0.0
Avg number points in clusters= 0.0
Avg Rmc size = 0.0
Avg Length exps= 0.0
#window: 91
Total #outliers: 572
Average Time: 106.74959179120879 ms
Peak memory: 1101.7477951049805 MB
Time index, remove data from structure: 0.0019237194615384615
Time for querying: 0.0
Time for new slide: 0.09302685573626374
Time for expired slide: 0.013719203252747253
------------------------------------
Number clusters = 0.0
Max Number points in event queue = 0.0
Avg number points in clusters= 0.0
Avg Rmc size = 0.0
Avg Length exps= 0.0
#window: 92
Total #outliers: 698
Average Time: 106.55179965217391 ms
Peak memory: 1101.7477951049805 MB
Time index, remove data from structure: 0.001920254141304348
Time for querying: 0.0
Time for new slide: 0.09284295344565219
Time for expired slide: 0.013705319630434783
------------------------------------
Number clusters = 0.0
Max Number points in event queue = 0.0
Avg number points in clusters= 0.0
Avg Rmc size = 0.0
Avg Length exps= 0.0
#window: 93
Total #outliers: 711
Average Time: 106.29219858064518 ms
Peak memory: 1101.7477951049805 MB
Time index, remove data from structure: 0.0019161030752688172
Time for querying: 0.0
Time for new slide: 0.09262361578494623
Time for expired slide: 0.013665064731182796
------------------------------------
Number clusters = 0.0
Max Number points in event queue = 0.0
Avg number points in clusters= 0.0
Avg Rmc size = 0.0
Avg Length exps= 0.0
#window: 94
Total #outliers: 633
Average Time: 106.06943536170215 ms
Peak memory: 1101.7477951049805 MB
Time index, remove data from structure: 0.0019110198510638298
Time for querying: 0.0
Time for new slide: 0.09246268981914894
Time for expired slide: 0.013603232734042554
------------------------------------
Number clusters = 0.0
Max Number points in event queue = 0.0
Avg number points in clusters= 0.0
Avg Rmc size = 0.0
Avg Length exps= 0.0
#window: 95
Total #outliers: 517
Average Time: 105.83973983157897 ms
Peak memory: 1101.7477951049805 MB
Time index, remove data from structure: 0.0019065299157894737
Time for querying: 0.0
Time for new slide: 0.0922862116
Time for expired slide: 0.013550019715789473
------------------------------------
Number clusters = 0.0
Max Number points in event queue = 0.0
Avg number points in clusters= 0.0
Avg Rmc size = 0.0
Avg Length exps= 0.0
#window: 96
Total #outliers: 572
Average Time: 105.69688156250001 ms
Peak memory: 1101.7477951049805 MB
Time index, remove data from structure: 0.0019013198020833334
Time for querying: 0.0
Time for new slide: 0.09219160970833333
Time for expired slide: 0.013501767010416667
------------------------------------
Number clusters = 0.0
Max Number points in event queue = 0.0
Avg number points in clusters= 0.0
Avg Rmc size = 0.0
Avg Length exps= 0.0
#window: 97
Total #outliers: 556
Average Time: 105.59156020618558 ms
Peak memory: 1101.7477951049805 MB
Time index, remove data from structure: 0.001896545587628866
Time for querying: 0.0
Time for new slide: 0.09211250221649483
Time for expired slide: 0.01347555955670103
------------------------------------
Number clusters = 0.0
Max Number points in event queue = 0.0
Avg number points in clusters= 0.0
Avg Rmc size = 0.0
Avg Length exps= 0.0
#window: 98
Total #outliers: 647
Average Time: 105.49765272448981 ms
Peak memory: 1101.7477951049805 MB
Time index, remove data from structure: 0.001893063612244898
Time for querying: 0.0
Time for new slide: 0.09203217478571428
Time for expired slide: 0.013461988714285715
------------------------------------
Number clusters = 0.0
Max Number points in event queue = 0.0
Avg number points in clusters= 0.0
Avg Rmc size = 0.0
Avg Length exps= 0.0
#window: 99
Total #outliers: 713
Average Time: 105.3734728080808 ms
Peak memory: 1101.7477951049805 MB
Time index, remove data from structure: 0.0018901674646464644
Time for querying: 0.0
Time for new slide: 0.09193324281818181
Time for expired slide: 0.013436744474747476
------------------------------------
Number clusters = 0.0
Max Number points in event queue = 0.0
Avg number points in clusters= 0.0
Avg Rmc size = 0.0
Avg Length exps= 0.0
#window: 100
Total #outliers: 745
Average Time: 105.27078997 ms
Peak memory: 1101.7477951049805 MB
Time index, remove data from structure: 0.00188568071
Time for querying: 0.0
Time for new slide: 0.09186477299
Time for expired slide: 0.0134025369
------------------------------------
Number clusters = 0.0
Max Number points in event queue = 0.0
Avg number points in clusters= 0.0
Avg Rmc size = 0.0
Avg Length exps= 0.0
#window: 101
Total #outliers: 738
Average Time: 105.21380636633664 ms
Peak memory: 1101.7477951049805 MB
Time index, remove data from structure: 0.0018818480792079208
Time for querying: 0.0
Time for new slide: 0.09185054184158416
Time for expired slide: 0.013359787435643563
------------------------------------
Number clusters = 0.0
Max Number points in event queue = 0.0
Avg number points in clusters= 0.0
Avg Rmc size = 0.0
Avg Length exps= 0.0
#window: 102
Total #outliers: 812
Average Time: 105.31098439215687 ms
Peak memory: 1101.7477951049805 MB
Time index, remove data from structure: 0.001879085862745098
Time for querying: 0.0
Time for new slide: 0.09192451683333333
Time for expired slide: 0.013382995049019608
------------------------------------
Number clusters = 0.0
Max Number points in event queue = 0.0
Avg number points in clusters= 0.0
Avg Rmc size = 0.0
Avg Length exps= 0.0
#window: 103
Total #outliers: 821
Average Time: 105.44189879611652 ms
Peak memory: 1101.7477951049805 MB
Time index, remove data from structure: 0.0018774692524271843
Time for querying: 0.0
Time for new slide: 0.09203494168932039
Time for expired slide: 0.013403489330097088
------------------------------------
Number clusters = 0.0
Max Number points in event queue = 0.0
Avg number points in clusters= 0.0
Avg Rmc size = 0.0
Avg Length exps= 0.0
#window: 104
Total #outliers: 818
Average Time: 105.50944513461539 ms
Peak memory: 1101.7477951049805 MB
Time index, remove data from structure: 0.0018747284615384615
Time for querying: 0.0
Time for new slide: 0.09212770846153846
Time for expired slide: 0.013378275615384615
------------------------------------
Number clusters = 0.0
Max Number points in event queue = 0.0
Avg number points in clusters= 0.0
Avg Rmc size = 0.0
Avg Length exps= 0.0
#window: 105
Total #outliers: 787
Average Time: 105.56729354285716 ms
Peak memory: 1101.7477951049805 MB
Time index, remove data from structure: 0.001871586057142857
Time for querying: 0.0
Time for new slide: 0.0921890167047619
Time for expired slide: 0.013374819628571429
------------------------------------
Number clusters = 0.0
Max Number points in event queue = 0.0
Avg number points in clusters= 0.0
Avg Rmc size = 0.0
Avg Length exps= 0.0
#window: 106
Total #outliers: 815
Average Time: 105.64847805660378 ms
Peak memory: 1101.7477951049805 MB
Time index, remove data from structure: 0.0018694452358490568
Time for querying: 0.0
Time for new slide: 0.09222169848113208
Time for expired slide: 0.013423328688679246
------------------------------------
Number clusters = 0.0
Max Number points in event queue = 0.0
Avg number points in clusters= 0.0
Avg Rmc size = 0.0
Avg Length exps= 0.0
#window: 107
Total #outliers: 801
Average Time: 105.77598657009347 ms
Peak memory: 1101.7477951049805 MB
Time index, remove data from structure: 0.0018688142523364485
Time for querying: 0.0
Time for new slide: 0.0923026688411215
Time for expired slide: 0.013469871345794393
------------------------------------
Number clusters = 0.0
Max Number points in event queue = 0.0
Avg number points in clusters= 0.0
Avg Rmc size = 0.0
Avg Length exps= 0.0
#window: 108
Total #outliers: 757
Average Time: 105.80272387962964 ms
Peak memory: 1101.7477951049805 MB
Time index, remove data from structure: 0.0018675693333333335
Time for querying: 0.0
Time for new slide: 0.0923514873425926
Time for expired slide: 0.01344779612962963
------------------------------------
Number clusters = 0.0
Max Number points in event queue = 0.0
Avg number points in clusters= 0.0
Avg Rmc size = 0.0
Avg Length exps= 0.0
#window: 109
Total #outliers: 803
Average Time: 105.861600146789 ms
Peak memory: 1101.7477951049805 MB
Time index, remove data from structure: 0.0018671671376146789
Time for querying: 0.0
Time for new slide: 0.09238377717431191
Time for expired slide: 0.013474386889908258
------------------------------------
Number clusters = 0.0
Max Number points in event queue = 0.0
Avg number points in clusters= 0.0
Avg Rmc size = 0.0
Avg Length exps= 0.0
#window: 110
Total #outliers: 780
Average Time: 105.93805549090911 ms
Peak memory: 1116.0420837402344 MB
Time index, remove data from structure: 0.0018673056272727273
Time for querying: 0.0
Time for new slide: 0.09240746883636362
Time for expired slide: 0.013527158318181819
------------------------------------
Number clusters = 0.0
Max Number points in event queue = 0.0
Avg number points in clusters= 0.0
Avg Rmc size = 0.0
Avg Length exps= 0.0
#window: 111
Total #outliers: 771
Average Time: 105.8762983873874 ms
Peak memory: 1116.0420837402344 MB
Time index, remove data from structure: 0.0018654342072072074
Time for querying: 0.0
Time for new slide: 0.09235069943243243
Time for expired slide: 0.013522178495495495
------------------------------------
Number clusters = 0.0
Max Number points in event queue = 0.0
Avg number points in clusters= 0.0
Avg Rmc size = 0.0
Avg Length exps= 0.0
#window: 112
Total #outliers: 748
Average Time: 105.52207433035717 ms
Peak memory: 1116.0420837402344 MB
Time index, remove data from structure: 0.001865206607142857
Time for querying: 0.0
Time for new slide: 0.09199389699107142
Time for expired slide: 0.013524762062500001
------------------------------------
Number clusters = 0.0
Max Number points in event queue = 0.0
Avg number points in clusters= 0.0
Avg Rmc size = 0.0
Avg Length exps= 0.0
#window: 113
Total #outliers: 646
Average Time: 105.25018299115047 ms
Peak memory: 1116.0420837402344 MB
Time index, remove data from structure: 0.0018655952654867258
Time for querying: 0.0
Time for new slide: 0.09170163209734514
Time for expired slide: 0.013545140362831857
------------------------------------
Number clusters = 0.0
Max Number points in event queue = 0.0
Avg number points in clusters= 0.0
Avg Rmc size = 0.0
Avg Length exps= 0.0
#window: 114
Total #outliers: 642
Average Time: 105.04894528070177 ms
Peak memory: 1116.0420837402344 MB
Time index, remove data from structure: 0.001865796254385965
Time for querying: 0.0
Time for new slide: 0.09143380524561404
Time for expired slide: 0.013611731228070176
------------------------------------
Number clusters = 0.0
Max Number points in event queue = 0.0
Avg number points in clusters= 0.0
Avg Rmc size = 0.0
Avg Length exps= 0.0
#window: 115
Total #outliers: 643
Average Time: 104.75710528695654 ms
Peak memory: 1116.0420837402344 MB
Time index, remove data from structure: 0.0018667730347826088
Time for querying: 0.0
Time for new slide: 0.09108856434782608
Time for expired slide: 0.013665138765217391
------------------------------------
Number clusters = 0.0
Max Number points in event queue = 0.0
Avg number points in clusters= 0.0
Avg Rmc size = 0.0
Avg Length exps= 0.0
#window: 116
Total #outliers: 646
Average Time: 104.4653285172414 ms
Peak memory: 1116.0420837402344 MB
Time index, remove data from structure: 0.0018664631637931035
Time for querying: 0.0
Time for new slide: 0.09076183014655173
Time for expired slide: 0.013700102172413794
------------------------------------
Number clusters = 0.0
Max Number points in event queue = 0.0
Avg number points in clusters= 0.0
Avg Rmc size = 0.0
Avg Length exps= 0.0
#window: 117
Total #outliers: 670
Average Time: 104.2074704786325 ms
Peak memory: 1116.0420837402344 MB
Time index, remove data from structure: 0.0018661404786324786
Time for querying: 0.0
Time for new slide: 0.09046169711111111
Time for expired slide: 0.013742382059829061
------------------------------------
Number clusters = 0.0
Max Number points in event queue = 0.0
Avg number points in clusters= 0.0
Avg Rmc size = 0.0
Avg Length exps= 0.0
#window: 118
Total #outliers: 738
Average Time: 103.89425016101697 ms
Peak memory: 1116.0420837402344 MB
Time index, remove data from structure: 0.0018660534406779662
Time for querying: 0.0
Time for new slide: 0.09017965395762712
Time for expired slide: 0.013711206644067797
------------------------------------
Number clusters = 0.0
Max Number points in event queue = 0.0
Avg number points in clusters= 0.0
Avg Rmc size = 0.0
Avg Length exps= 0.0
#window: 119
Total #outliers: 891
Average Time: 103.57411360504204 ms
Peak memory: 1116.0420837402344 MB
Time index, remove data from structure: 0.00186471343697479
Time for querying: 0.0
Time for new slide: 0.0899104399159664
Time for expired slide: 0.013660286848739494
------------------------------------
Number clusters = 0.0
Max Number points in event queue = 0.0
Avg number points in clusters= 0.0
Avg Rmc size = 0.0
Avg Length exps= 0.0
#window: 120
Total #outliers: 847
Average Time: 103.34277813333335 ms
Peak memory: 1116.0420837402344 MB
Time index, remove data from structure: 0.0018626066500000002
Time for querying: 0.0
Time for new slide: 0.08970630553333334
Time for expired slide: 0.013633088783333334
------------------------------------
Number clusters = 0.0
Max Number points in event queue = 0.0
Avg number points in clusters= 0.0
Avg Rmc size = 0.0
Avg Length exps= 0.0
#window: 121
Total #outliers: 898
Average Time: 103.12855481818184 ms
Peak memory: 1116.0420837402344 MB
Time index, remove data from structure: 0.0018595051570247934
Time for querying: 0.0
Time for new slide: 0.08953719409917356
Time for expired slide: 0.01358797847107438
------------------------------------
Number clusters = 0.0
Max Number points in event queue = 0.0
Avg number points in clusters= 0.0
Avg Rmc size = 0.0
Avg Length exps= 0.0
#window: 122
Total #outliers: 787
Average Time: 102.90408718032788 ms
Peak memory: 1116.0420837402344 MB
Time index, remove data from structure: 0.0018572258852459016
Time for querying: 0.0
Time for new slide: 0.0893562291885246
Time for expired slide: 0.013544479221311476
------------------------------------
Number clusters = 0.0
Max Number points in event queue = 0.0
Avg number points in clusters= 0.0
Avg Rmc size = 0.0
Avg Length exps= 0.0
#window: 123
Total #outliers: 755
Average Time: 102.7078576666667 ms
Peak memory: 1116.0420837402344 MB
Time index, remove data from structure: 0.0018539140650406505
Time for querying: 0.0
Time for new slide: 0.08920557156910569
Time for expired slide: 0.013498906658536584
------------------------------------
Number clusters = 0.0
Max Number points in event queue = 0.0
Avg number points in clusters= 0.0
Avg Rmc size = 0.0
Avg Length exps= 0.0
#window: 124
Total #outliers: 745
Average Time: 102.55383341935486 ms
Peak memory: 1116.0420837402344 MB
Time index, remove data from structure: 0.0018499292338709677
Time for querying: 0.0
Time for new slide: 0.08907812342741935
Time for expired slide: 0.013472334225806452
------------------------------------
Number clusters = 0.0
Max Number points in event queue = 0.0
Avg number points in clusters= 0.0
Avg Rmc size = 0.0
Avg Length exps= 0.0
#window: 125
Total #outliers: 792
Average Time: 102.44076223200001 ms
Peak memory: 1116.0420837402344 MB
Time index, remove data from structure: 0.0018469626560000002
Time for querying: 0.0
Time for new slide: 0.08898130064
Time for expired slide: 0.013456087064
------------------------------------
Number clusters = 0.0
Max Number points in event queue = 0.0
Avg number points in clusters= 0.0
Avg Rmc size = 0.0
Avg Length exps= 0.0
#window: 126
Total #outliers: 841
Average Time: 102.36807800793652 ms
Peak memory: 1116.0420837402344 MB
Time index, remove data from structure: 0.0018439925476190476
Time for querying: 0.0
Time for new slide: 0.08893534524603175
Time for expired slide: 0.013429359825396826
------------------------------------
Number clusters = 0.0
Max Number points in event queue = 0.0
Avg number points in clusters= 0.0
Avg Rmc size = 0.0
Avg Length exps= 0.0
#window: 127
Total #outliers: 876
Average Time: 102.27062554330709 ms
Peak memory: 1116.0420837402344 MB
Time index, remove data from structure: 0.0018406426614173228
Time for querying: 0.0
Time for new slide: 0.08887978403937008
Time for expired slide: 0.013387471039370078
------------------------------------
Number clusters = 0.0
Max Number points in event queue = 0.0
Avg number points in clusters= 0.0
Avg Rmc size = 0.0
Avg Length exps= 0.0
#window: 128
Total #outliers: 872
Average Time: 102.21651470312501 ms
Peak memory: 1116.0420837402344 MB
Time index, remove data from structure: 0.0018368270546875
Time for querying: 0.0
Time for new slide: 0.0888652950390625
Time for expired slide: 0.01334784734375
------------------------------------
Number clusters = 0.0
Max Number points in event queue = 0.0
Avg number points in clusters= 0.0
Avg Rmc size = 0.0
Avg Length exps= 0.0
#window: 129
Total #outliers: 816
Average Time: 102.22990092248064 ms
Peak memory: 1116.0420837402344 MB
Time index, remove data from structure: 0.0018341849689922482
Time for querying: 0.0
Time for new slide: 0.08891546852713178
Time for expired slide: 0.013311063472868218
------------------------------------
Number clusters = 0.0
Max Number points in event queue = 0.0
Avg number points in clusters= 0.0
Avg Rmc size = 0.0
Avg Length exps= 0.0
#window: 130
Total #outliers: 761
Average Time: 102.22044130000002 ms
Peak memory: 1116.0420837402344 MB
Time index, remove data from structure: 0.0018311252384615383
Time for querying: 0.0
Time for new slide: 0.08894664601538461
Time for expired slide: 0.013270428976923076
------------------------------------
Number clusters = 0.0
Max Number points in event queue = 0.0
Avg number points in clusters= 0.0
Avg Rmc size = 0.0
Avg Length exps= 0.0
#window: 131
Total #outliers: 732
Average Time: 102.19825996183206 ms
Peak memory: 1116.0420837402344 MB
Time index, remove data from structure: 0.0018277917633587786
Time for querying: 0.0
Time for new slide: 0.08896707722137405
Time for expired slide: 0.013227817633587787
------------------------------------
Number clusters = 0.0
Max Number points in event queue = 0.0
Avg number points in clusters= 0.0
Avg Rmc size = 0.0
Avg Length exps= 0.0
#window: 132
Total #outliers: 683
Average Time: 102.14193370454548 ms
Peak memory: 1116.0420837402344 MB
Time index, remove data from structure: 0.0018244553560606061
Time for querying: 0.0
Time for new slide: 0.08895250999242424
Time for expired slide: 0.013186062636363637
------------------------------------
Number clusters = 0.0
Max Number points in event queue = 0.0
Avg number points in clusters= 0.0
Avg Rmc size = 0.0
Avg Length exps= 0.0
#window: 133
Total #outliers: 764
Average Time: 102.04757818045115 ms
Peak memory: 1116.0420837402344 MB
Time index, remove data from structure: 0.0018223897819548873
Time for querying: 0.0
Time for new slide: 0.08888286227819549
Time for expired slide: 0.01316135477443609
------------------------------------
Number clusters = 0.0
Max Number points in event queue = 0.0
Avg number points in clusters= 0.0
Avg Rmc size = 0.0
Avg Length exps= 0.0
#window: 134
Total #outliers: 771
Average Time: 101.91100880597017 ms
Peak memory: 1116.0420837402344 MB
Time index, remove data from structure: 0.0018199888880597013
Time for querying: 0.0
Time for new slide: 0.08876423491044776
Time for expired slide: 0.013143416
------------------------------------
Number clusters = 0.0
Max Number points in event queue = 0.0
Avg number points in clusters= 0.0
Avg Rmc size = 0.0
Avg Length exps= 0.0
#window: 135
Total #outliers: 795
Average Time: 101.73545662222224 ms
Peak memory: 1116.0420837402344 MB
Time index, remove data from structure: 0.0018163754296296297
Time for querying: 0.0
Time for new slide: 0.08862742310370371
Time for expired slide: 0.013104682148148148
------------------------------------
Number clusters = 0.0
Max Number points in event queue = 0.0
Avg number points in clusters= 0.0
Avg Rmc size = 0.0
Avg Length exps= 0.0
#window: 136
Total #outliers: 804
Average Time: 101.5956203014706 ms
Peak memory: 1116.0420837402344 MB
Time index, remove data from structure: 0.0018129289705882351
Time for querying: 0.0
Time for new slide: 0.08852598552941177
Time for expired slide: 0.013066284764705881
------------------------------------
Number clusters = 0.0
Max Number points in event queue = 0.0
Avg number points in clusters= 0.0
Avg Rmc size = 0.0
Avg Length exps= 0.0
#window: 137
Total #outliers: 1122
Average Time: 101.49743467153286 ms
Peak memory: 1116.0420837402344 MB
Time index, remove data from structure: 0.0018103465547445257
Time for querying: 0.0
Time for new slide: 0.08845630826277373
Time for expired slide: 0.013037780094890511
------------------------------------
Number clusters = 0.0
Max Number points in event queue = 0.0
Avg number points in clusters= 0.0
Avg Rmc size = 0.0
Avg Length exps= 0.0
#window: 138
Total #outliers: 1176
Average Time: 101.506813442029 ms
Peak memory: 1116.0420837402344 MB
Time index, remove data from structure: 0.0018073629927536233
Time for querying: 0.0
Time for new slide: 0.0884883268115942
Time for expired slide: 0.013015141398550725
------------------------------------
Number clusters = 0.0
Max Number points in event queue = 0.0
Avg number points in clusters= 0.0
Avg Rmc size = 0.0
Avg Length exps= 0.0
#window: 139
Total #outliers: 1329
Average Time: 101.5477802733813 ms
Peak memory: 1116.0420837402344 MB
Time index, remove data from structure: 0.0018045369424460433
Time for querying: 0.0
Time for new slide: 0.08854006174820143
Time for expired slide: 0.01300437837410072
------------------------------------
Number clusters = 0.0
Max Number points in event queue = 0.0
Avg number points in clusters= 0.0
Avg Rmc size = 0.0
Avg Length exps= 0.0
#window: 140
Total #outliers: 1345
Average Time: 101.63914114285716 ms
Peak memory: 1116.0420837402344 MB
Time index, remove data from structure: 0.0018018315357142857
Time for querying: 0.0
Time for new slide: 0.08862647110714286
Time for expired slide: 0.013009330364285714
------------------------------------
Number clusters = 0.0
Max Number points in event queue = 0.0
Avg number points in clusters= 0.0
Avg Rmc size = 0.0
Avg Length exps= 0.0
#window: 141
Total #outliers: 1173
Average Time: 101.80282014893619 ms
Peak memory: 1116.0420837402344 MB
Time index, remove data from structure: 0.001803051205673759
Time for querying: 0.0
Time for new slide: 0.08877696254609929
Time for expired slide: 0.013022520368794326
------------------------------------
Number clusters = 0.0
Max Number points in event queue = 0.0
Avg number points in clusters= 0.0
Avg Rmc size = 0.0
Avg Length exps= 0.0
#window: 142
Total #outliers: 1125
Average Time: 101.89396247887325 ms
Peak memory: 1116.0420837402344 MB
Time index, remove data from structure: 0.0018004943380281692
Time for querying: 0.0
Time for new slide: 0.08888131170422535
Time for expired slide: 0.013009311288732395
------------------------------------
Number clusters = 0.0
Max Number points in event queue = 0.0
Avg number points in clusters= 0.0
Avg Rmc size = 0.0
Avg Length exps= 0.0
#window: 143
Total #outliers: 948
Average Time: 102.08885054545456 ms
Peak memory: 1116.0420837402344 MB
Time index, remove data from structure: 0.0017975111888111888
Time for querying: 0.0
Time for new slide: 0.08909425014685315
Time for expired slide: 0.01299126446153846
------------------------------------
Number clusters = 0.0
Max Number points in event queue = 0.0
Avg number points in clusters= 0.0
Avg Rmc size = 0.0
Avg Length exps= 0.0
#window: 144
Total #outliers: 932
Average Time: 102.1020227777778 ms
Peak memory: 1116.0420837402344 MB
Time index, remove data from structure: 0.0017942090763888889
Time for querying: 0.0
Time for new slide: 0.08913461306249999
Time for expired slide: 0.012964075638888888
------------------------------------
Number clusters = 0.0
Max Number points in event queue = 0.0
Avg number points in clusters= 0.0
Avg Rmc size = 0.0
Avg Length exps= 0.0
#window: 145
Total #outliers: 976
Average Time: 102.09627784827588 ms
Peak memory: 1116.0420837402344 MB
Time index, remove data from structure: 0.0017913500551724137
Time for querying: 0.0
Time for new slide: 0.08915517591034483
Time for expired slide: 0.012937767420689656
------------------------------------
Number clusters = 0.0
Max Number points in event queue = 0.0
Avg number points in clusters= 0.0
Avg Rmc size = 0.0
Avg Length exps= 0.0
#window: 146
Total #outliers: 1004
Average Time: 102.1838275821918 ms
Peak memory: 1116.0420837402344 MB
Time index, remove data from structure: 0.0017889837191780822
Time for querying: 0.0
Time for new slide: 0.08924453428082192
Time for expired slide: 0.012935954979452055
------------------------------------
Number clusters = 0.0
Max Number points in event queue = 0.0
Avg number points in clusters= 0.0
Avg Rmc size = 0.0
Avg Length exps= 0.0
#window: 147
Total #outliers: 1056
Average Time: 102.2810406394558 ms
Peak memory: 1116.0420837402344 MB
Time index, remove data from structure: 0.0017890641292517004
Time for querying: 0.0
Time for new slide: 0.0892923803537415
Time for expired slide: 0.012985328081632653
------------------------------------
Number clusters = 0.0
Max Number points in event queue = 0.0
Avg number points in clusters= 0.0
Avg Rmc size = 0.0
Avg Length exps= 0.0
#window: 148
Total #outliers: 1089
Average Time: 102.39354600675676 ms
Peak memory: 1117.6127319335938 MB
Time index, remove data from structure: 0.001789086804054054
Time for querying: 0.0
Time for new slide: 0.08937165560135135
Time for expired slide: 0.013018560027027027
------------------------------------
Number clusters = 0.0
Max Number points in event queue = 0.0
Avg number points in clusters= 0.0
Avg Rmc size = 0.0
Avg Length exps= 0.0
#window: 149
Total #outliers: 1077
Average Time: 102.54174445637584 ms
Peak memory: 1117.6127319335938 MB
Time index, remove data from structure: 0.0017905616040268457
Time for querying: 0.0
Time for new slide: 0.08945131902013423
Time for expired slide: 0.013087095583892618
------------------------------------
Number clusters = 0.0
Max Number points in event queue = 0.0
Avg number points in clusters= 0.0
Avg Rmc size = 0.0
Avg Length exps= 0.0
#window: 150
Total #outliers: 1014
Average Time: 102.63621493333333 ms
Peak memory: 1157.5379104614258 MB
Time index, remove data from structure: 0.0017924117133333332
Time for querying: 0.0
Time for new slide: 0.08953057737999999
Time for expired slide: 0.013102309286666666
------------------------------------
Number clusters = 0.0
Max Number points in event queue = 0.0
Avg number points in clusters= 0.0
Avg Rmc size = 0.0
Avg Length exps= 0.0
#window: 151
Total #outliers: 1016
Average Time: 102.73463364900662 ms
Peak memory: 1157.5379104614258 MB
Time index, remove data from structure: 0.0017948190132450331
Time for querying: 0.0
Time for new slide: 0.08961443865562914
Time for expired slide: 0.01311686580794702
------------------------------------
Number clusters = 0.0
Max Number points in event queue = 0.0
Avg number points in clusters= 0.0
Avg Rmc size = 0.0
Avg Length exps= 0.0
#window: 152
Total #outliers: 1114
Average Time: 102.74557594736842 ms
Peak memory: 1197.4630661010742 MB
Time index, remove data from structure: 0.0017956844539473683
Time for querying: 0.0
Time for new slide: 0.08963474233552632
Time for expired slide: 0.013107503375000001
------------------------------------
Number clusters = 0.0
Max Number points in event queue = 0.0
Avg number points in clusters= 0.0
Avg Rmc size = 0.0
Avg Length exps= 0.0
#window: 153
Total #outliers: 1119
Average Time: 102.86738257516339 ms
Peak memory: 1237.3882217407227 MB
Time index, remove data from structure: 0.0017961441241830065
Time for querying: 0.0
Time for new slide: 0.08975072524836601
Time for expired slide: 0.013113329882352942
------------------------------------
Number clusters = 0.0
Max Number points in event queue = 0.0
Avg number points in clusters= 0.0
Avg Rmc size = 0.0
Avg Length exps= 0.0
#window: 154
Total #outliers: 1123
Average Time: 102.98687635064935 ms
Peak memory: 1277.313377380371 MB
Time index, remove data from structure: 0.001794968448051948
Time for querying: 0.0
Time for new slide: 0.08985340776623377
Time for expired slide: 0.013130139071428572
------------------------------------
Number clusters = 0.0
Max Number points in event queue = 0.0
Avg number points in clusters= 0.0
Avg Rmc size = 0.0
Avg Length exps= 0.0
#window: 155
Total #outliers: 1125
Average Time: 103.1544245483871 ms
Peak memory: 1277.313377380371 MB
Time index, remove data from structure: 0.0017933613290322583
Time for querying: 0.0
Time for new slide: 0.09002809360645161
Time for expired slide: 0.013123002180645162
------------------------------------
Number clusters = 0.0
Max Number points in event queue = 0.0
Avg number points in clusters= 0.0
Avg Rmc size = 0.0
Avg Length exps= 0.0
#window: 156
Total #outliers: 1143
Average Time: 103.3080208974359 ms
Peak memory: 1317.2385330200195 MB
Time index, remove data from structure: 0.00179221691025641
Time for querying: 0.0
Time for new slide: 0.09015670516666667
Time for expired slide: 0.01314798805128205
------------------------------------
Number clusters = 0.0
Max Number points in event queue = 0.0
Avg number points in clusters= 0.0
Avg Rmc size = 0.0
Avg Length exps= 0.0
#window: 157
Total #outliers: 1191
Average Time: 103.40661379617832 ms
Peak memory: 1357.163688659668 MB
Time index, remove data from structure: 0.0017916139171974522
Time for querying: 0.0
Time for new slide: 0.09026261921019109
Time for expired slide: 0.013140669152866241
------------------------------------
Number clusters = 0.0
Max Number points in event queue = 0.0
Avg number points in clusters= 0.0
Avg Rmc size = 0.0
Avg Length exps= 0.0
#window: 158
Total #outliers: 1078
Average Time: 103.71650385443036 ms
Peak memory: 1397.0888442993164 MB
Time index, remove data from structure: 0.0017942805886075948
Time for querying: 0.0
Time for new slide: 0.09046449231012658
Time for expired slide: 0.013248685246835442
------------------------------------
Number clusters = 0.0
Max Number points in event queue = 0.0
Avg number points in clusters= 0.0
Avg Rmc size = 0.0
Avg Length exps= 0.0
#window: 159
Total #outliers: 1009
Average Time: 104.07580265408802 ms
Peak memory: 1397.0888442993164 MB
Time index, remove data from structure: 0.0017925701572327046
Time for querying: 0.0
Time for new slide: 0.09083773042138366
Time for expired slide: 0.013234748270440251
------------------------------------
Number clusters = 0.0
Max Number points in event queue = 0.0
Avg number points in clusters= 0.0
Avg Rmc size = 0.0
Avg Length exps= 0.0
#window: 160
Total #outliers: 1019
Average Time: 104.28393796249998 ms
Peak memory: 1437.0139999389648 MB
Time index, remove data from structure: 0.00179437681875
Time for querying: 0.0
Time for new slide: 0.0910203748
Time for expired slide: 0.013260240331250001
------------------------------------
Number clusters = 0.0
Max Number points in event queue = 0.0
Avg number points in clusters= 0.0
Avg Rmc size = 0.0
Avg Length exps= 0.0
#window: 161
Total #outliers: 999
Average Time: 104.65212327950309 ms
Peak memory: 1476.9391555786133 MB
Time index, remove data from structure: 0.0017992134596273293
Time for querying: 0.0
Time for new slide: 0.09129853568322982
Time for expired slide: 0.013350270173913043
------------------------------------
Number clusters = 0.0
Max Number points in event queue = 0.0
Avg number points in clusters= 0.0
Avg Rmc size = 0.0
Avg Length exps= 0.0
#window: 162
Total #outliers: 949
Average Time: 105.07842269135801 ms
Peak memory: 1476.9391555786133 MB
Time index, remove data from structure: 0.001802981302469136
Time for querying: 0.0
Time for new slide: 0.09160245270370371
Time for expired slide: 0.013472654938271605
------------------------------------
Number clusters = 0.0
Max Number points in event queue = 0.0
Avg number points in clusters= 0.0
Avg Rmc size = 0.0
Avg Length exps= 0.0
#window: 163
Total #outliers: 878
Average Time: 105.6592904785276 ms
Peak memory: 1516.8643112182617 MB
Time index, remove data from structure: 0.001812055116564417
Time for querying: 0.0
Time for new slide: 0.09200281203680982
Time for expired slide: 0.01365316411042945
------------------------------------
Number clusters = 0.0
Max Number points in event queue = 0.0
Avg number points in clusters= 0.0
Avg Rmc size = 0.0
Avg Length exps= 0.0
#window: 164
Total #outliers: 1042
Average Time: 105.93077352439025 ms
Peak memory: 1556.7895584106445 MB
Time index, remove data from structure: 0.0018173533048780489
Time for querying: 0.0
Time for new slide: 0.09225173888414634
Time for expired slide: 0.013675719664634147
------------------------------------
Number clusters = 0.0
Max Number points in event queue = 0.0
Avg number points in clusters= 0.0
Avg Rmc size = 0.0
Avg Length exps= 0.0
#window: 165
Total #outliers: 1008
Average Time: 106.34297744242426 ms
Peak memory: 1596.714714050293 MB
Time index, remove data from structure: 0.0018198439575757574
Time for querying: 0.0
Time for new slide: 0.09258574798181818
Time for expired slide: 0.013753913242424243
------------------------------------
Number clusters = 0.0
Max Number points in event queue = 0.0
Avg number points in clusters= 0.0
Avg Rmc size = 0.0
Avg Length exps= 0.0
#window: 166
Total #outliers: 903
Average Time: 106.70281813855422 ms
Peak memory: 1596.714714050293 MB
Time index, remove data from structure: 0.0018251698192771084
Time for querying: 0.0
Time for new slide: 0.09293353656024096
Time for expired slide: 0.013765966993975903
------------------------------------
Number clusters = 0.0
Max Number points in event queue = 0.0
Avg number points in clusters= 0.0
Avg Rmc size = 0.0
Avg Length exps= 0.0
#window: 167
Total #outliers: 838
Average Time: 107.04123366467066 ms
Peak memory: 1636.6398696899414 MB
Time index, remove data from structure: 0.0018241982335329343
Time for querying: 0.0
Time for new slide: 0.09327054823952095
Time for expired slide: 0.013767371497005987
------------------------------------
Number clusters = 0.0
Max Number points in event queue = 0.0
Avg number points in clusters= 0.0
Avg Rmc size = 0.0
Avg Length exps= 0.0
#window: 168
Total #outliers: 834
Average Time: 107.37347855357142 ms
Peak memory: 1676.565040588379 MB
Time index, remove data from structure: 0.0018243655595238095
Time for querying: 0.0
Time for new slide: 0.09360078439880952
Time for expired slide: 0.013769380583333334
------------------------------------
Number clusters = 0.0
Max Number points in event queue = 0.0
Avg number points in clusters= 0.0
Avg Rmc size = 0.0
Avg Length exps= 0.0
#window: 169
Total #outliers: 854
Average Time: 107.73960769230769 ms
Peak memory: 1716.4901962280273 MB
Time index, remove data from structure: 0.0018241388402366863
Time for querying: 0.0
Time for new slide: 0.09396394186982249
Time for expired slide: 0.013772353390532545
------------------------------------
Number clusters = 0.0
Max Number points in event queue = 0.0
Avg number points in clusters= 0.0
Avg Rmc size = 0.0
Avg Length exps= 0.0
#window: 170
Total #outliers: 933
Average Time: 108.20897487058822 ms
Peak memory: 1756.4153518676758 MB
Time index, remove data from structure: 0.0018272762352941178
Time for querying: 0.0
Time for new slide: 0.09435276265294118
Time for expired slide: 0.013852900864705883
------------------------------------
Number clusters = 0.0
Max Number points in event queue = 0.0
Avg number points in clusters= 0.0
Avg Rmc size = 0.0
Avg Length exps= 0.0
#window: 171
Total #outliers: 928
Average Time: 108.54911461988304 ms
Peak memory: 1796.3405456542969 MB
Time index, remove data from structure: 0.0018310726549707601
Time for querying: 0.0
Time for new slide: 0.09469547701754387
Time for expired slide: 0.01385032792982456
------------------------------------
Number clusters = 0.0
Max Number points in event queue = 0.0
Avg number points in clusters= 0.0
Avg Rmc size = 0.0
Avg Length exps= 0.0
#window: 172
Total #outliers: 911
Average Time: 109.03840569186046 ms
Peak memory: 1836.2657012939453 MB
Time index, remove data from structure: 0.0018299026569767443
Time for querying: 0.0
Time for new slide: 0.09520344901162792
Time for expired slide: 0.013831648645348837
------------------------------------
Number clusters = 0.0
Max Number points in event queue = 0.0
Avg number points in clusters= 0.0
Avg Rmc size = 0.0
Avg Length exps= 0.0
#window: 173
Total #outliers: 1044
Average Time: 109.50532622543352 ms
Peak memory: 1836.2657012939453 MB
Time index, remove data from structure: 0.0018306053641618497
Time for querying: 0.0
Time for new slide: 0.09568361185549133
Time for expired slide: 0.013818408843930636
------------------------------------
Number clusters = 0.0
Max Number points in event queue = 0.0
Avg number points in clusters= 0.0
Avg Rmc size = 0.0
Avg Length exps= 0.0
#window: 174
Total #outliers: 1140
Average Time: 109.89962392528734 ms
Peak memory: 1876.1908569335938 MB
Time index, remove data from structure: 0.0018315637241379309
Time for querying: 0.0
Time for new slide: 0.09604179095977011
Time for expired slide: 0.01385452858045977
------------------------------------
Number clusters = 0.0
Max Number points in event queue = 0.0
Avg number points in clusters= 0.0
Avg Rmc size = 0.0
Avg Length exps= 0.0
#window: 175
Total #outliers: 1171
Average Time: 110.13691636571427 ms
Peak memory: 1916.1160125732422 MB
Time index, remove data from structure: 0.00183176864
Time for querying: 0.0
Time for new slide: 0.09624165085714285
Time for expired slide: 0.013891960342857142
------------------------------------
Number clusters = 0.0
Max Number points in event queue = 0.0
Avg number points in clusters= 0.0
Avg Rmc size = 0.0
Avg Length exps= 0.0
#window: 176
Total #outliers: 1103
Average Time: 110.26201521022726 ms
Peak memory: 1916.1160125732422 MB
Time index, remove data from structure: 0.0018316235738636362
Time for querying: 0.0
Time for new slide: 0.09637294283522727
Time for expired slide: 0.01388576865340909
------------------------------------
Number clusters = 0.0
Max Number points in event queue = 0.0
Avg number points in clusters= 0.0
Avg Rmc size = 0.0
Avg Length exps= 0.0
#window: 177
Total #outliers: 1073
Average Time: 110.36999821468925 ms
Peak memory: 1995.966323852539 MB
Time index, remove data from structure: 0.0018296609717514123
Time for querying: 0.0
Time for new slide: 0.096492550259887
Time for expired slide: 0.01387414704519774
------------------------------------
Number clusters = 0.0
Max Number points in event queue = 0.0
Avg number points in clusters= 0.0
Avg Rmc size = 0.0
Avg Length exps= 0.0
#window: 178
Total #outliers: 996
Average Time: 110.5276389213483 ms
Peak memory: 1995.966323852539 MB
Time index, remove data from structure: 0.0018273170505617978
Time for querying: 0.0
Time for new slide: 0.09666398524157303
Time for expired slide: 0.013860354735955056
------------------------------------
Number clusters = 0.0
Max Number points in event queue = 0.0
Avg number points in clusters= 0.0
Avg Rmc size = 0.0
Avg Length exps= 0.0
#window: 179
Total #outliers: 995
Average Time: 110.65031494972067 ms
Peak memory: 2035.8914794921875 MB
Time index, remove data from structure: 0.0018262883351955308
Time for querying: 0.0
Time for new slide: 0.0968029026480447
Time for expired slide: 0.013844115636871508
------------------------------------
Number clusters = 0.0
Max Number points in event queue = 0.0
Avg number points in clusters= 0.0
Avg Rmc size = 0.0
Avg Length exps= 0.0
#window: 180
Total #outliers: 988
Average Time: 110.81969027777777 ms
Peak memory: 2075.816635131836 MB
Time index, remove data from structure: 0.001825876561111111
Time for querying: 0.0
Time for new slide: 0.09698509106666667
Time for expired slide: 0.01383130443888889
------------------------------------
Number clusters = 0.0
Max Number points in event queue = 0.0
Avg number points in clusters= 0.0
Avg Rmc size = 0.0
Avg Length exps= 0.0
#window: 181
Total #outliers: 1034
Average Time: 110.96175406629834 ms
Peak memory: 2075.816635131836 MB
Time index, remove data from structure: 0.0018304975580110496
Time for querying: 0.0
Time for new slide: 0.09710723264640884
Time for expired slide: 0.013851228718232045
------------------------------------
Number clusters = 0.0
Max Number points in event queue = 0.0
Avg number points in clusters= 0.0
Avg Rmc size = 0.0
Avg Length exps= 0.0
#window: 182
Total #outliers: 1130
Average Time: 111.03203171978019 ms
Peak memory: 2115.7418365478516 MB
Time index, remove data from structure: 0.001831108412087912
Time for querying: 0.0
Time for new slide: 0.09719085338461537
Time for expired slide: 0.013837884917582416
------------------------------------
Number clusters = 0.0
Max Number points in event queue = 0.0
Avg number points in clusters= 0.0
Avg Rmc size = 0.0
Avg Length exps= 0.0
#window: 183
Total #outliers: 1083
Average Time: 110.96787594535517 ms
Peak memory: 2127.4837036132812 MB
Time index, remove data from structure: 0.001832225868852459
Time for querying: 0.0
Time for new slide: 0.09709198954644808
Time for expired slide: 0.013872594459016395
------------------------------------
Number clusters = 0.0
Max Number points in event queue = 0.0
Avg number points in clusters= 0.0
Avg Rmc size = 0.0
Avg Length exps= 0.0
#window: 184
Total #outliers: 1123
Average Time: 110.7520167173913 ms
Peak memory: 2127.4837036132812 MB
Time index, remove data from structure: 0.0018314294673913046
Time for querying: 0.0
Time for new slide: 0.09687004878804348
Time for expired slide: 0.013878675646739131
------------------------------------
Number clusters = 0.0
Max Number points in event queue = 0.0
Avg number points in clusters= 0.0
Avg Rmc size = 0.0
Avg Length exps= 0.0
#window: 185
Total #outliers: 1248
Average Time: 110.5569094108108 ms
Peak memory: 2127.4837036132812 MB
Time index, remove data from structure: 0.0018306914756756757
Time for querying: 0.0
Time for new slide: 0.09665497032972972
Time for expired slide: 0.013898649248648648
------------------------------------
Number clusters = 0.0
Max Number points in event queue = 0.0
Avg number points in clusters= 0.0
Avg Rmc size = 0.0
Avg Length exps= 0.0
#window: 186
Total #outliers: 1386
Average Time: 110.42739704838708 ms
Peak memory: 2127.4837036132812 MB
Time index, remove data from structure: 0.0018317794677419356
Time for querying: 0.0
Time for new slide: 0.09648898567204302
Time for expired slide: 0.013935123059139786
------------------------------------
Number clusters = 0.0
Max Number points in event queue = 0.0
Avg number points in clusters= 0.0
Avg Rmc size = 0.0
Avg Length exps= 0.0
#window: 187
Total #outliers: 1379
Average Time: 110.25457944385026 ms
Peak memory: 2127.4837036132812 MB
Time index, remove data from structure: 0.0018313853636363637
Time for querying: 0.0
Time for new slide: 0.09629926164705882
Time for expired slide: 0.013952030288770054
------------------------------------
Number clusters = 0.0
Max Number points in event queue = 0.0
Avg number points in clusters= 0.0
Avg Rmc size = 0.0
Avg Length exps= 0.0
#window: 188
Total #outliers: 1432
Average Time: 110.1804512819149 ms
Peak memory: 2127.4837036132812 MB
Time index, remove data from structure: 0.0018300721914893616
Time for querying: 0.0
Time for new slide: 0.09617896998404256
Time for expired slide: 0.013998196425531914
------------------------------------
Number clusters = 0.0
Max Number points in event queue = 0.0
Avg number points in clusters= 0.0
Avg Rmc size = 0.0
Avg Length exps= 0.0
#window: 189
Total #outliers: 1535
Average Time: 110.09127848148148 ms
Peak memory: 2127.4837036132812 MB
Time index, remove data from structure: 0.0018282464603174603
Time for querying: 0.0
Time for new slide: 0.09606667034391535
Time for expired slide: 0.014021327185185187
------------------------------------
Number clusters = 0.0
Max Number points in event queue = 0.0
Avg number points in clusters= 0.0
Avg Rmc size = 0.0
Avg Length exps= 0.0
#window: 190
Total #outliers: 1567
Average Time: 109.92717697894736 ms
Peak memory: 2127.4837036132812 MB
Time index, remove data from structure: 0.0018260790631578947
Time for querying: 0.0
Time for new slide: 0.0959034401263158
Time for expired slide: 0.014020456652631578
------------------------------------
Number clusters = 0.0
Max Number points in event queue = 0.0
Avg number points in clusters= 0.0
Avg Rmc size = 0.0
Avg Length exps= 0.0
Peak memory: 2127.4837036132812 MB
Average CPU time: 109.92717697894736 ms
