#window: 1
Total #outliers: 869
Average Time: 0.0 ms
Peak memory: 294.69458770751953 MB
Time index, remove data from structure: 0.0
Time for querying: 0.0
Time for new slide: 0.0
Time for expired slide: 0.0
------------------------------------
Number clusters = 0.0
Max Number points in event queue = 0.0
Avg number points in clusters= 0.0
Avg Rmc size = 0.0
Avg Length exps= 0.0
#window: 2
Total #outliers: 906
Average Time: 44.4155135 ms
Peak memory: 294.69458770751953 MB
Time index, remove data from structure: 0.001239203
Time for querying: 0.0
Time for new slide: 0.0378932385
Time for expired slide: 0.0065201695
------------------------------------
Number clusters = 0.0
Max Number points in event queue = 0.0
Avg number points in clusters= 0.0
Avg Rmc size = 0.0
Avg Length exps= 0.0
#window: 3
Total #outliers: 932
Average Time: 57.716016 ms
Peak memory: 294.69458770751953 MB
Time index, remove data from structure: 0.0014904949999999999
Time for querying: 0.0
Time for new slide: 0.04644337566666667
Time for expired slide: 0.011270036333333332
------------------------------------
Number clusters = 0.0
Max Number points in event queue = 0.0
Avg number points in clusters= 0.0
Avg Rmc size = 0.0
Avg Length exps= 0.0
#window: 4
Total #outliers: 993
Average Time: 72.4765655 ms
Peak memory: 359.23941802978516 MB
Time index, remove data from structure: 0.001572905
Time for querying: 0.0
Time for new slide: 0.06097710075
Time for expired slide: 0.01149660625
------------------------------------
Number clusters = 0.0
Max Number points in event queue = 0.0
Avg number points in clusters= 0.0
Avg Rmc size = 0.0
Avg Length exps= 0.0
#window: 5
Total #outliers: 1029
Average Time: 85.5561058 ms
Peak memory: 378.77880096435547 MB
Time index, remove data from structure: 0.0017826158000000003
Time for querying: 0.0
Time for new slide: 0.0696016914
Time for expired slide: 0.015951475200000002
------------------------------------
Number clusters = 0.0
Max Number points in event queue = 0.0
Avg number points in clusters= 0.0
Avg Rmc size = 0.0
Avg Length exps= 0.0
#window: 6
Total #outliers: 972
Average Time: 93.66586516666668 ms
Peak memory: 408.08787536621094 MB
Time index, remove data from structure: 0.0021231635
Time for querying: 0.0
Time for new slide: 0.073983754
Time for expired slide: 0.019679152666666668
------------------------------------
Number clusters = 0.0
Max Number points in event queue = 0.0
Avg number points in clusters= 0.0
Avg Rmc size = 0.0
Avg Length exps= 0.0
#window: 7
Total #outliers: 1016
Average Time: 97.32146814285716 ms
Peak memory: 466.70604705810547 MB
Time index, remove data from structure: 0.002195098285714286
Time for querying: 0.0
Time for new slide: 0.07692116442857143
Time for expired slide: 0.02039518842857143
------------------------------------
Number clusters = 0.0
Max Number points in event queue = 0.0
Avg number points in clusters= 0.0
Avg Rmc size = 0.0
Avg Length exps= 0.0
#window: 8
Total #outliers: 1184
Average Time: 102.093607875 ms
Peak memory: 496.01512145996094 MB
Time index, remove data from structure: 0.002319328625
Time for querying: 0.0
Time for new slide: 0.080412648
Time for expired slide: 0.021675948375
------------------------------------
Number clusters = 0.0
Max Number points in event queue = 0.0
Avg number points in clusters= 0.0
Avg Rmc size = 0.0
Avg Length exps= 0.0
#window: 9
Total #outliers: 1245
Average Time: 106.01223377777778 ms
Peak memory: 515.5576477050781 MB
Time index, remove data from structure: 0.002367866888888889
Time for querying: 0.0
Time for new slide: 0.08338925433333333
Time for expired slide: 0.022618157333333333
------------------------------------
Number clusters = 0.0
Max Number points in event queue = 0.0
Avg number points in clusters= 0.0
Avg Rmc size = 0.0
Avg Length exps= 0.0
#window: 10
Total #outliers: 1313
Average Time: 108.80400110000002 ms
Peak memory: 574.175895690918 MB
Time index, remove data from structure: 0.0024331472
Time for querying: 0.0
Time for new slide: 0.08560732130000001
Time for expired slide: 0.023192034
------------------------------------
Number clusters = 0.0
Max Number points in event queue = 0.0
Avg number points in clusters= 0.0
Avg Rmc size = 0.0
Avg Length exps= 0.0
#window: 11
Total #outliers: 1399
Average Time: 111.71594309090911 ms
Peak memory: 593.7153244018555 MB
Time index, remove data from structure: 0.0025485981818181816
Time for querying: 0.0
Time for new slide: 0.08750800481818183
Time for expired slide: 0.02420342309090909
------------------------------------
Number clusters = 0.0
Max Number points in event queue = 0.0
Avg number points in clusters= 0.0
Avg Rmc size = 0.0
Avg Length exps= 0.0
#window: 12
Total #outliers: 1440
Average Time: 110.80182116666668 ms
Peak memory: 593.7153244018555 MB
Time index, remove data from structure: 0.0025809471666666667
Time for querying: 0.0
Time for new slide: 0.08618547166666667
Time for expired slide: 0.024611945166666666
------------------------------------
Number clusters = 0.0
Max Number points in event queue = 0.0
Avg number points in clusters= 0.0
Avg Rmc size = 0.0
Avg Length exps= 0.0
#window: 13
Total #outliers: 1481
Average Time: 113.83844184615386 ms
Peak memory: 593.7153244018555 MB
Time index, remove data from structure: 0.0025871392307692306
Time for querying: 0.0
Time for new slide: 0.08621235984615384
Time for expired slide: 0.02762177530769231
------------------------------------
Number clusters = 0.0
Max Number points in event queue = 0.0
Avg number points in clusters= 0.0
Avg Rmc size = 0.0
Avg Length exps= 0.0
#window: 14
Total #outliers: 1493
Average Time: 115.82048200000001 ms
Peak memory: 593.7153244018555 MB
Time index, remove data from structure: 0.0025871491428571427
Time for querying: 0.0
Time for new slide: 0.08860686885714286
Time for expired slide: 0.02720939757142857
------------------------------------
Number clusters = 0.0
Max Number points in event queue = 0.0
Avg number points in clusters= 0.0
Avg Rmc size = 0.0
Avg Length exps= 0.0
#window: 15
Total #outliers: 1488
Average Time: 119.89089873333334 ms
Peak memory: 593.7153244018555 MB
Time index, remove data from structure: 0.002539207266666667
Time for querying: 0.0
Time for new slide: 0.09315929233333334
Time for expired slide: 0.026725785933333336
------------------------------------
Number clusters = 0.0
Max Number points in event queue = 0.0
Avg number points in clusters= 0.0
Avg Rmc size = 0.0
Avg Length exps= 0.0
#window: 16
Total #outliers: 1526
Average Time: 122.18620925 ms
Peak memory: 593.7153244018555 MB
Time index, remove data from structure: 0.0025028239375
Time for querying: 0.0
Time for new slide: 0.0954410194375
Time for expired slide: 0.026739519
------------------------------------
Number clusters = 0.0
Max Number points in event queue = 0.0
Avg number points in clusters= 0.0
Avg Rmc size = 0.0
Avg Length exps= 0.0
#window: 17
Total #outliers: 1590
Average Time: 126.61398811764707 ms
Peak memory: 593.7153244018555 MB
Time index, remove data from structure: 0.0024874577647058826
Time for querying: 0.0
Time for new slide: 0.09934916394117646
Time for expired slide: 0.027259281470588235
------------------------------------
Number clusters = 0.0
Max Number points in event queue = 0.0
Avg number points in clusters= 0.0
Avg Rmc size = 0.0
Avg Length exps= 0.0
#window: 18
Total #outliers: 1708
Average Time: 127.77634027777779 ms
Peak memory: 593.7153244018555 MB
Time index, remove data from structure: 0.0024807014444444444
Time for querying: 0.0
Time for new slide: 0.10025753883333334
Time for expired slide: 0.0275133335
------------------------------------
Number clusters = 0.0
Max Number points in event queue = 0.0
Avg number points in clusters= 0.0
Avg Rmc size = 0.0
Avg Length exps= 0.0
#window: 19
Total #outliers: 1763
Average Time: 128.00653852631584 ms
Peak memory: 593.7153244018555 MB
Time index, remove data from structure: 0.002461588210526316
Time for querying: 0.0
Time for new slide: 0.10079287605263158
Time for expired slide: 0.027208313473684215
------------------------------------
Number clusters = 0.0
Max Number points in event queue = 0.0
Avg number points in clusters= 0.0
Avg Rmc size = 0.0
Avg Length exps= 0.0
#window: 20
Total #outliers: 1699
Average Time: 128.68239530000002 ms
Peak memory: 593.7153244018555 MB
Time index, remove data from structure: 0.00245549205
Time for querying: 0.0
Time for new slide: 0.10094899939999999
Time for expired slide: 0.027728155799999998
------------------------------------
Number clusters = 0.0
Max Number points in event queue = 0.0
Avg number points in clusters= 0.0
Avg Rmc size = 0.0
Avg Length exps= 0.0
#window: 21
Total #outliers: 1771
Average Time: 128.53187819047622 ms
Peak memory: 593.7153244018555 MB
Time index, remove data from structure: 0.0025072828095238095
Time for querying: 0.0
Time for new slide: 0.10024062714285716
Time for expired slide: 0.028286091714285713
------------------------------------
Number clusters = 0.0
Max Number points in event queue = 0.0
Avg number points in clusters= 0.0
Avg Rmc size = 0.0
Avg Length exps= 0.0
#window: 22
Total #outliers: 1703
Average Time: 127.50053545454548 ms
Peak memory: 593.7153244018555 MB
Time index, remove data from structure: 0.002510327681818182
Time for querying: 0.0
Time for new slide: 0.099454116
Time for expired slide: 0.02804130540909091
------------------------------------
Number clusters = 0.0
Max Number points in event queue = 0.0
Avg number points in clusters= 0.0
Avg Rmc size = 0.0
Avg Length exps= 0.0
#window: 23
Total #outliers: 1655
Average Time: 126.23230443478265 ms
Peak memory: 593.7153244018555 MB
Time index, remove data from structure: 0.002481949956521739
Time for querying: 0.0
Time for new slide: 0.09861833308695653
Time for expired slide: 0.027608901173913042
------------------------------------
Number clusters = 0.0
Max Number points in event queue = 0.0
Avg number points in clusters= 0.0
Avg Rmc size = 0.0
Avg Length exps= 0.0
#window: 24
Total #outliers: 1596
Average Time: 125.1665415416667 ms
Peak memory: 593.7153244018555 MB
Time index, remove data from structure: 0.0024423431666666666
Time for querying: 0.0
Time for new slide: 0.098014308
Time for expired slide: 0.027146937333333333
------------------------------------
Number clusters = 0.0
Max Number points in event queue = 0.0
Avg number points in clusters= 0.0
Avg Rmc size = 0.0
Avg Length exps= 0.0
#window: 25
Total #outliers: 1722
Average Time: 125.02660104000002 ms
Peak memory: 593.7153244018555 MB
Time index, remove data from structure: 0.0024482654400000002
Time for querying: 0.0
Time for new slide: 0.09730677123999999
Time for expired slide: 0.027714618240000002
------------------------------------
Number clusters = 0.0
Max Number points in event queue = 0.0
Avg number points in clusters= 0.0
Avg Rmc size = 0.0
Avg Length exps= 0.0
#window: 26
Total #outliers: 1673
Average Time: 125.81035461538464 ms
Peak memory: 593.7153244018555 MB
Time index, remove data from structure: 0.002533564846153846
Time for querying: 0.0
Time for new slide: 0.09683274961538461
Time for expired slide: 0.028972465961538463
------------------------------------
Number clusters = 0.0
Max Number points in event queue = 0.0
Avg number points in clusters= 0.0
Avg Rmc size = 0.0
Avg Length exps= 0.0
#window: 27
Total #outliers: 1717
Average Time: 125.88226748148149 ms
Peak memory: 599.3008880615234 MB
Time index, remove data from structure: 0.002575932259259259
Time for querying: 0.0
Time for new slide: 0.09667817933333334
Time for expired slide: 0.02919901674074074
------------------------------------
Number clusters = 0.0
Max Number points in event queue = 0.0
Avg number points in clusters= 0.0
Avg Rmc size = 0.0
Avg Length exps= 0.0
#window: 28
Total #outliers: 1772
Average Time: 127.35993246428573 ms
Peak memory: 609.9954605102539 MB
Time index, remove data from structure: 0.0026437217857142857
Time for querying: 0.0
Time for new slide: 0.09719116207142857
Time for expired slide: 0.03016377532142857
------------------------------------
Number clusters = 0.0
Max Number points in event queue = 0.0
Avg number points in clusters= 0.0
Avg Rmc size = 0.0
Avg Length exps= 0.0
#window: 29
Total #outliers: 1754
Average Time: 129.01344955172416 ms
Peak memory: 609.9954605102539 MB
Time index, remove data from structure: 0.002628866551724138
Time for querying: 0.0
Time for new slide: 0.09874116310344828
Time for expired slide: 0.030267350931034484
------------------------------------
Number clusters = 0.0
Max Number points in event queue = 0.0
Avg number points in clusters= 0.0
Avg Rmc size = 0.0
Avg Length exps= 0.0
#window: 30
Total #outliers: 1673
Average Time: 129.30612726666672 ms
Peak memory: 609.9954605102539 MB
Time index, remove data from structure: 0.0025930788333333333
Time for querying: 0.0
Time for new slide: 0.0994441902
Time for expired slide: 0.029857066766666666
------------------------------------
Number clusters = 0.0
Max Number points in event queue = 0.0
Avg number points in clusters= 0.0
Avg Rmc size = 0.0
Avg Length exps= 0.0
#window: 31
Total #outliers: 1611
Average Time: 128.69717641935486 ms
Peak memory: 609.9954605102539 MB
Time index, remove data from structure: 0.0025589868387096777
Time for querying: 0.0
Time for new slide: 0.0991127025483871
Time for expired slide: 0.029579651032258063
------------------------------------
Number clusters = 0.0
Max Number points in event queue = 0.0
Avg number points in clusters= 0.0
Avg Rmc size = 0.0
Avg Length exps= 0.0
#window: 32
Total #outliers: 1515
Average Time: 127.27917059375002 ms
Peak memory: 609.9954605102539 MB
Time index, remove data from structure: 0.00252911465625
Time for querying: 0.0
Time for new slide: 0.098072707
Time for expired slide: 0.0292016991875
------------------------------------
Number clusters = 0.0
Max Number points in event queue = 0.0
Avg number points in clusters= 0.0
Avg Rmc size = 0.0
Avg Length exps= 0.0
#window: 33
Total #outliers: 1457
Average Time: 125.74023566666668 ms
Peak memory: 609.9954605102539 MB
Time index, remove data from structure: 0.0024990941515151514
Time for querying: 0.0
Time for new slide: 0.09668886963636364
Time for expired slide: 0.029046655272727272
------------------------------------
Number clusters = 0.0
Max Number points in event queue = 0.0
Avg number points in clusters= 0.0
Avg Rmc size = 0.0
Avg Length exps= 0.0
#window: 34
Total #outliers: 1481
Average Time: 124.62871188235295 ms
Peak memory: 609.9954605102539 MB
Time index, remove data from structure: 0.0024717184411764707
Time for querying: 0.0
Time for new slide: 0.09600412520588236
Time for expired slide: 0.028619931205882354
------------------------------------
Number clusters = 0.0
Max Number points in event queue = 0.0
Avg number points in clusters= 0.0
Avg Rmc size = 0.0
Avg Length exps= 0.0
#window: 35
Total #outliers: 1496
Average Time: 123.99178522857144 ms
Peak memory: 609.9954605102539 MB
Time index, remove data from structure: 0.0024402820285714284
Time for querying: 0.0
Time for new slide: 0.09577936762857144
Time for expired slide: 0.028207808942857144
------------------------------------
Number clusters = 0.0
Max Number points in event queue = 0.0
Avg number points in clusters= 0.0
Avg Rmc size = 0.0
Avg Length exps= 0.0
#window: 36
Total #outliers: 1523
Average Time: 123.51113886111114 ms
Peak memory: 609.9954605102539 MB
Time index, remove data from structure: 0.0024131320833333334
Time for querying: 0.0
Time for new slide: 0.09568236963888889
Time for expired slide: 0.027824193305555554
------------------------------------
Number clusters = 0.0
Max Number points in event queue = 0.0
Avg number points in clusters= 0.0
Avg Rmc size = 0.0
Avg Length exps= 0.0
#window: 37
Total #outliers: 1578
Average Time: 123.17378508108109 ms
Peak memory: 609.9954605102539 MB
Time index, remove data from structure: 0.002403536594594595
Time for querying: 0.0
Time for new slide: 0.09522978208108107
Time for expired slide: 0.02793946518918919
------------------------------------
Number clusters = 0.0
Max Number points in event queue = 0.0
Avg number points in clusters= 0.0
Avg Rmc size = 0.0
Avg Length exps= 0.0
#window: 38
Total #outliers: 1519
Average Time: 122.82526413157898 ms
Peak memory: 609.9954605102539 MB
Time index, remove data from structure: 0.0023815857368421054
Time for querying: 0.0
Time for new slide: 0.09522047002631578
Time for expired slide: 0.027600279289473683
------------------------------------
Number clusters = 0.0
Max Number points in event queue = 0.0
Avg number points in clusters= 0.0
Avg Rmc size = 0.0
Avg Length exps= 0.0
#window: 39
Total #outliers: 1431
Average Time: 122.38257223076924 ms
Peak memory: 609.9954605102539 MB
Time index, remove data from structure: 0.002359429358974359
Time for querying: 0.0
Time for new slide: 0.09509918061538461
Time for expired slide: 0.027278895512820513
------------------------------------
Number clusters = 0.0
Max Number points in event queue = 0.0
Avg number points in clusters= 0.0
Avg Rmc size = 0.0
Avg Length exps= 0.0
#window: 40
Total #outliers: 1432
Average Time: 122.23781725 ms
Peak memory: 609.9954605102539 MB
Time index, remove data from structure: 0.0023352636
Time for querying: 0.0
Time for new slide: 0.095307722025
Time for expired slide: 0.02692563235
------------------------------------
Number clusters = 0.0
Max Number points in event queue = 0.0
Avg number points in clusters= 0.0
Avg Rmc size = 0.0
Avg Length exps= 0.0
#window: 41
Total #outliers: 1519
Average Time: 125.19398331707318 ms
Peak memory: 609.9954605102539 MB
Time index, remove data from structure: 0.0023130715609756096
Time for querying: 0.0
Time for new slide: 0.09859950090243902
Time for expired slide: 0.026590053853658535
------------------------------------
Number clusters = 0.0
Max Number points in event queue = 0.0
Avg number points in clusters= 0.0
Avg Rmc size = 0.0
Avg Length exps= 0.0
#window: 42
Total #outliers: 1508
Average Time: 126.32980966666668 ms
Peak memory: 609.9954605102539 MB
Time index, remove data from structure: 0.0023033234285714287
Time for querying: 0.0
Time for new slide: 0.09952810923809523
Time for expired slide: 0.026797305095238096
------------------------------------
Number clusters = 0.0
Max Number points in event queue = 0.0
Avg number points in clusters= 0.0
Avg Rmc size = 0.0
Avg Length exps= 0.0
#window: 43
Total #outliers: 1357
Average Time: 127.7628678372093 ms
Peak memory: 609.9954605102539 MB
Time index, remove data from structure: 0.0022929259069767445
Time for querying: 0.0
Time for new slide: 0.10110815330232557
Time for expired slide: 0.02665034930232558
------------------------------------
Number clusters = 0.0
Max Number points in event queue = 0.0
Avg number points in clusters= 0.0
Avg Rmc size = 0.0
Avg Length exps= 0.0
#window: 44
Total #outliers: 1406
Average Time: 128.1864789772727 ms
Peak memory: 609.9954605102539 MB
Time index, remove data from structure: 0.0022736886363636365
Time for querying: 0.0
Time for new slide: 0.10175264770454545
Time for expired slide: 0.026429501272727272
------------------------------------
Number clusters = 0.0
Max Number points in event queue = 0.0
Avg number points in clusters= 0.0
Avg Rmc size = 0.0
Avg Length exps= 0.0
#window: 45
Total #outliers: 1272
Average Time: 128.71028786666668 ms
Peak memory: 612.938591003418 MB
Time index, remove data from structure: 0.0022612748222222223
Time for querying: 0.0
Time for new slide: 0.1022906582
Time for expired slide: 0.02641532671111111
------------------------------------
Number clusters = 0.0
Max Number points in event queue = 0.0
Avg number points in clusters= 0.0
Avg Rmc size = 0.0
Avg Length exps= 0.0
#window: 46
Total #outliers: 1049
Average Time: 128.93086013043478 ms
Peak memory: 632.6553192138672 MB
Time index, remove data from structure: 0.0022404611086956523
Time for querying: 0.0
Time for new slide: 0.10280098452173912
Time for expired slide: 0.026125596956521738
------------------------------------
Number clusters = 0.0
Max Number points in event queue = 0.0
Avg number points in clusters= 0.0
Avg Rmc size = 0.0
Avg Length exps= 0.0
#window: 47
Total #outliers: 939
Average Time: 129.88208163829785 ms
Peak memory: 672.0887985229492 MB
Time index, remove data from structure: 0.0022229431063829786
Time for querying: 0.0
Time for new slide: 0.10408107155319149
Time for expired slide: 0.025796748
------------------------------------
Number clusters = 0.0
Max Number points in event queue = 0.0
Avg number points in clusters= 0.0
Avg Rmc size = 0.0
Avg Length exps= 0.0
#window: 48
Total #outliers: 995
Average Time: 131.0427161458333 ms
Peak memory: 711.5222549438477 MB
Time index, remove data from structure: 0.0022064390625
Time for querying: 0.0
Time for new slide: 0.10542748056250001
Time for expired slide: 0.0256109965
------------------------------------
Number clusters = 0.0
Max Number points in event queue = 0.0
Avg number points in clusters= 0.0
Avg Rmc size = 0.0
Avg Length exps= 0.0
#window: 49
Total #outliers: 1058
Average Time: 131.31567851020407 ms
Peak memory: 731.2389831542969 MB
Time index, remove data from structure: 0.0021899851224489795
Time for querying: 0.0
Time for new slide: 0.10599013893877551
Time for expired slide: 0.025321316918367347
------------------------------------
Number clusters = 0.0
Max Number points in event queue = 0.0
Avg number points in clusters= 0.0
Avg Rmc size = 0.0
Avg Length exps= 0.0
#window: 50
Total #outliers: 1221
Average Time: 132.06491877999997 ms
Peak memory: 770.6724395751953 MB
Time index, remove data from structure: 0.00217446468
Time for querying: 0.0
Time for new slide: 0.10699819454
Time for expired slide: 0.0250625243
------------------------------------
Number clusters = 0.0
Max Number points in event queue = 0.0
Avg number points in clusters= 0.0
Avg Rmc size = 0.0
Avg Length exps= 0.0
#window: 51
Total #outliers: 2121
Average Time: 137.32223084313725 ms
Peak memory: 810.1068267822266 MB
Time index, remove data from structure: 0.0021587801960784316
Time for querying: 0.0
Time for new slide: 0.11244375096078432
Time for expired slide: 0.024874301215686272
------------------------------------
Number clusters = 0.0
Max Number points in event queue = 0.0
Avg number points in clusters= 0.0
Avg Rmc size = 0.0
Avg Length exps= 0.0
#window: 52
Total #outliers: 1563
Average Time: 150.4258970576923 ms
Peak memory: 849.5403518676758 MB
Time index, remove data from structure: 0.0021441744615384615
Time for querying: 0.0
Time for new slide: 0.12521681628846154
Time for expired slide: 0.025204928538461537
------------------------------------
Number clusters = 0.0
Max Number points in event queue = 0.0
Avg number points in clusters= 0.0
Avg Rmc size = 0.0
Avg Length exps= 0.0
#window: 53
Total #outliers: 1458
Average Time: 157.74972543396225 ms
Peak memory: 888.9738082885742 MB
Time index, remove data from structure: 0.002129775830188679
Time for querying: 0.0
Time for new slide: 0.13259132839622642
Time for expired slide: 0.025154268188679246
------------------------------------
Number clusters = 0.0
Max Number points in event queue = 0.0
Avg number points in clusters= 0.0
Avg Rmc size = 0.0
Avg Length exps= 0.0
#window: 54
Total #outliers: 1285
Average Time: 162.20039985185187 ms
Peak memory: 928.4072799682617 MB
Time index, remove data from structure: 0.0021185235
Time for querying: 0.0
Time for new slide: 0.13696895985185187
Time for expired slide: 0.025227333018518518
------------------------------------
Number clusters = 0.0
Max Number points in event queue = 0.0
Avg number points in clusters= 0.0
Avg Rmc size = 0.0
Avg Length exps= 0.0
#window: 55
Total #outliers: 1333
Average Time: 163.40802290909093 ms
Peak memory: 967.8407363891602 MB
Time index, remove data from structure: 0.002104308909090909
Time for querying: 0.0
Time for new slide: 0.13832372332727272
Time for expired slide: 0.025080207054545455
------------------------------------
Number clusters = 0.0
Max Number points in event queue = 0.0
Avg number points in clusters= 0.0
Avg Rmc size = 0.0
Avg Length exps= 0.0
#window: 56
Total #outliers: 1446
Average Time: 164.03823726785714 ms
Peak memory: 1026.9909210205078 MB
Time index, remove data from structure: 0.0020929091785714285
Time for querying: 0.0
Time for new slide: 0.13895093232142858
Time for expired slide: 0.02508323380357143
------------------------------------
Number clusters = 0.0
Max Number points in event queue = 0.0
Avg number points in clusters= 0.0
Avg Rmc size = 0.0
Avg Length exps= 0.0
#window: 57
Total #outliers: 1436
Average Time: 166.631037 ms
Peak memory: 1066.4243774414062 MB
Time index, remove data from structure: 0.0020910432280701755
Time for querying: 0.0
Time for new slide: 0.14129031017543858
Time for expired slide: 0.025336668771929825
------------------------------------
Number clusters = 0.0
Max Number points in event queue = 0.0
Avg number points in clusters= 0.0
Avg Rmc size = 0.0
Avg Length exps= 0.0
#window: 58
Total #outliers: 1738
Average Time: 172.59078118965516 ms
Peak memory: 1105.8578338623047 MB
Time index, remove data from structure: 0.0021243774827586206
Time for querying: 0.0
Time for new slide: 0.14665549806896552
Time for expired slide: 0.025931239068965516
------------------------------------
Number clusters = 0.0
Max Number points in event queue = 0.0
Avg number points in clusters= 0.0
Avg Rmc size = 0.0
Avg Length exps= 0.0
#window: 59
Total #outliers: 2369
Average Time: 177.760921220339 ms
Peak memory: 1124.0188751220703 MB
Time index, remove data from structure: 0.0022161924576271186
Time for querying: 0.0
Time for new slide: 0.1506339723898305
Time for expired slide: 0.027122921949152543
------------------------------------
Number clusters = 0.0
Max Number points in event queue = 0.0
Avg number points in clusters= 0.0
Avg Rmc size = 0.0
Avg Length exps= 0.0
#window: 60
Total #outliers: 2756
Average Time: 185.95635473333334 ms
Peak memory: 1124.0188751220703 MB
Time index, remove data from structure: 0.0022476835
Time for querying: 0.0
Time for new slide: 0.15800051681666666
Time for expired slide: 0.027951827166666665
------------------------------------
Number clusters = 0.0
Max Number points in event queue = 0.0
Avg number points in clusters= 0.0
Avg Rmc size = 0.0
Avg Length exps= 0.0
#window: 61
Total #outliers: 2631
Average Time: 195.89300449180328 ms
Peak memory: 1124.0188751220703 MB
Time index, remove data from structure: 0.0022422320819672132
Time for querying: 0.0
Time for new slide: 0.16717730365573769
Time for expired slide: 0.028711707393442625
------------------------------------
Number clusters = 0.0
Max Number points in event queue = 0.0
Avg number points in clusters= 0.0
Avg Rmc size = 0.0
Avg Length exps= 0.0
#window: 62
Total #outliers: 2393
Average Time: 205.1669199677419 ms
Peak memory: 1124.0188751220703 MB
Time index, remove data from structure: 0.0022571415483870964
Time for querying: 0.0
Time for new slide: 0.17588117677419357
Time for expired slide: 0.029281761596774192
------------------------------------
Number clusters = 0.0
Max Number points in event queue = 0.0
Avg number points in clusters= 0.0
Avg Rmc size = 0.0
Avg Length exps= 0.0
#window: 63
Total #outliers: 2252
Average Time: 212.44526128571425 ms
Peak memory: 1124.0188751220703 MB
Time index, remove data from structure: 0.0023273349682539682
Time for querying: 0.0
Time for new slide: 0.18239239803174603
Time for expired slide: 0.030048899063492066
------------------------------------
Number clusters = 0.0
Max Number points in event queue = 0.0
Avg number points in clusters= 0.0
Avg Rmc size = 0.0
Avg Length exps= 0.0
#window: 64
Total #outliers: 2022
Average Time: 217.234935953125 ms
Peak memory: 1124.0188751220703 MB
Time index, remove data from structure: 0.0024033565
Time for querying: 0.0
Time for new slide: 0.18647218771875
Time for expired slide: 0.030758802984375
------------------------------------
Number clusters = 0.0
Max Number points in event queue = 0.0
Avg number points in clusters= 0.0
Avg Rmc size = 0.0
Avg Length exps= 0.0
#window: 65
Total #outliers: 1857
Average Time: 219.38394006153845 ms
Peak memory: 1124.0188751220703 MB
Time index, remove data from structure: 0.0024888482615384616
Time for querying: 0.0
Time for new slide: 0.18810728832307694
Time for expired slide: 0.031272720999999996
------------------------------------
Number clusters = 0.0
Max Number points in event queue = 0.0
Avg number points in clusters= 0.0
Avg Rmc size = 0.0
Avg Length exps= 0.0
#window: 66
Total #outliers: 1857
Average Time: 221.5485803333333 ms
Peak memory: 1124.0188751220703 MB
Time index, remove data from structure: 0.0025047705303030306
Time for querying: 0.0
Time for new slide: 0.1899861601818182
Time for expired slide: 0.03155850196969697
------------------------------------
Number clusters = 0.0
Max Number points in event queue = 0.0
Avg number points in clusters= 0.0
Avg Rmc size = 0.0
Avg Length exps= 0.0
#window: 67
Total #outliers: 1860
Average Time: 223.01766350746266 ms
Peak memory: 1124.0188751220703 MB
Time index, remove data from structure: 0.002500611328358209
Time for querying: 0.0
Time for new slide: 0.1913952154477612
Time for expired slide: 0.03161853935820896
------------------------------------
Number clusters = 0.0
Max Number points in event queue = 0.0
Avg number points in clusters= 0.0
Avg Rmc size = 0.0
Avg Length exps= 0.0
#window: 68
Total #outliers: 1794
Average Time: 224.1055291470588 ms
Peak memory: 1124.0188751220703 MB
Time index, remove data from structure: 0.0024923696764705882
Time for querying: 0.0
Time for new slide: 0.19257235275
Time for expired slide: 0.031529276514705884
------------------------------------
Number clusters = 0.0
Max Number points in event queue = 0.0
Avg number points in clusters= 0.0
Avg Rmc size = 0.0
Avg Length exps= 0.0
#window: 69
Total #outliers: 1925
Average Time: 225.41647868115942 ms
Peak memory: 1124.0188751220703 MB
Time index, remove data from structure: 0.0025049584492753624
Time for querying: 0.0
Time for new slide: 0.19379031279710143
Time for expired slide: 0.03162228552173913
------------------------------------
Number clusters = 0.0
Max Number points in event queue = 0.0
Avg number points in clusters= 0.0
Avg Rmc size = 0.0
Avg Length exps= 0.0
#window: 70
Total #outliers: 1851
Average Time: 227.2519878142857 ms
Peak memory: 1124.0188751220703 MB
Time index, remove data from structure: 0.0025791998857142857
Time for querying: 0.0
Time for new slide: 0.19556170185714286
Time for expired slide: 0.03168641657142857
------------------------------------
Number clusters = 0.0
Max Number points in event queue = 0.0
Avg number points in clusters= 0.0
Avg Rmc size = 0.0
Avg Length exps= 0.0
#window: 71
Total #outliers: 1872
Average Time: 229.28306860563376 ms
Peak memory: 1124.0188751220703 MB
Time index, remove data from structure: 0.0025721140281690143
Time for querying: 0.0
Time for new slide: 0.197624855028169
Time for expired slide: 0.03165435333802817
------------------------------------
Number clusters = 0.0
Max Number points in event queue = 0.0
Avg number points in clusters= 0.0
Avg Rmc size = 0.0
Avg Length exps= 0.0
#window: 72
Total #outliers: 1842
Average Time: 231.56108724999993 ms
Peak memory: 1124.0188751220703 MB
Time index, remove data from structure: 0.002574232986111111
Time for querying: 0.0
Time for new slide: 0.19934176479166668
Time for expired slide: 0.032215471611111116
------------------------------------
Number clusters = 0.0
Max Number points in event queue = 0.0
Avg number points in clusters= 0.0
Avg Rmc size = 0.0
Avg Length exps= 0.0
#window: 73
Total #outliers: 1886
Average Time: 233.2731866164383 ms
Peak memory: 1124.0188751220703 MB
Time index, remove data from structure: 0.0025701905205479454
Time for querying: 0.0
Time for new slide: 0.20082425
Time for expired slide: 0.032445096794520546
------------------------------------
Number clusters = 0.0
Max Number points in event queue = 0.0
Avg number points in clusters= 0.0
Avg Rmc size = 0.0
Avg Length exps= 0.0
#window: 74
Total #outliers: 1889
Average Time: 235.48123743243235 ms
Peak memory: 1124.0188751220703 MB
Time index, remove data from structure: 0.0025782447432432434
Time for querying: 0.0
Time for new slide: 0.20267164678378377
Time for expired slide: 0.03280576151351351
------------------------------------
Number clusters = 0.0
Max Number points in event queue = 0.0
Avg number points in clusters= 0.0
Avg Rmc size = 0.0
Avg Length exps= 0.0
#window: 75
Total #outliers: 1805
Average Time: 237.21608873333324 ms
Peak memory: 1124.0188751220703 MB
Time index, remove data from structure: 0.0025705336666666666
Time for querying: 0.0
Time for new slide: 0.20413475261333333
Time for expired slide: 0.03307751153333333
------------------------------------
Number clusters = 0.0
Max Number points in event queue = 0.0
Avg number points in clusters= 0.0
Avg Rmc size = 0.0
Avg Length exps= 0.0
#window: 76
Total #outliers: 1675
Average Time: 238.76760492105257 ms
Peak memory: 1124.0188751220703 MB
Time index, remove data from structure: 0.002556589697368421
Time for querying: 0.0
Time for new slide: 0.2057124862763158
Time for expired slide: 0.03305129584210526
------------------------------------
Number clusters = 0.0
Max Number points in event queue = 0.0
Avg number points in clusters= 0.0
Avg Rmc size = 0.0
Avg Length exps= 0.0
#window: 77
Total #outliers: 1761
Average Time: 241.2905059870129 ms
Peak memory: 1124.0188751220703 MB
Time index, remove data from structure: 0.002555007181818182
Time for querying: 0.0
Time for new slide: 0.20801480411688314
Time for expired slide: 0.03327188314285714
------------------------------------
Number clusters = 0.0
Max Number points in event queue = 0.0
Avg number points in clusters= 0.0
Avg Rmc size = 0.0
Avg Length exps= 0.0
#window: 78
Total #outliers: 1861
Average Time: 244.4375734871794 ms
Peak memory: 1143.4865493774414 MB
Time index, remove data from structure: 0.0025951736923076926
Time for querying: 0.0
Time for new slide: 0.20958834165384616
Time for expired slide: 0.03484541955128205
------------------------------------
Number clusters = 0.0
Max Number points in event queue = 0.0
Avg number points in clusters= 0.0
Avg Rmc size = 0.0
Avg Length exps= 0.0
#window: 79
Total #outliers: 2037
Average Time: 244.6076787468354 ms
Peak memory: 1143.4865493774414 MB
Time index, remove data from structure: 0.0026267436962025318
Time for querying: 0.0
Time for new slide: 0.20868404374683544
Time for expired slide: 0.035919825569620256
------------------------------------
Number clusters = 0.0
Max Number points in event queue = 0.0
Avg number points in clusters= 0.0
Avg Rmc size = 0.0
Avg Length exps= 0.0
#window: 80
Total #outliers: 1908
Average Time: 244.79242539999993 ms
Peak memory: 1143.4865493774414 MB
Time index, remove data from structure: 0.0027091839874999997
Time for querying: 0.0
Time for new slide: 0.207976905175
Time for expired slide: 0.0368117162375
------------------------------------
Number clusters = 0.0
Max Number points in event queue = 0.0
Avg number points in clusters= 0.0
Avg Rmc size = 0.0
Avg Length exps= 0.0
#window: 81
Total #outliers: 1753
Average Time: 244.73696054320982 ms
Peak memory: 1143.4865493774414 MB
Time index, remove data from structure: 0.002781359308641975
Time for querying: 0.0
Time for new slide: 0.20723998569135801
Time for expired slide: 0.03749317639506173
------------------------------------
Number clusters = 0.0
Max Number points in event queue = 0.0
Avg number points in clusters= 0.0
Avg Rmc size = 0.0
Avg Length exps= 0.0
#window: 82
Total #outliers: 1692
Average Time: 244.113806304878 ms
Peak memory: 1143.4865493774414 MB
Time index, remove data from structure: 0.0028380498414634146
Time for querying: 0.0
Time for new slide: 0.20618412808536585
Time for expired slide: 0.037925886402439025
------------------------------------
Number clusters = 0.0
Max Number points in event queue = 0.0
Avg number points in clusters= 0.0
Avg Rmc size = 0.0
Avg Length exps= 0.0
#window: 83
Total #outliers: 1143
Average Time: 243.4632333975903 ms
Peak memory: 1143.4865493774414 MB
Time index, remove data from structure: 0.0029382327951807227
Time for querying: 0.0
Time for new slide: 0.2048409596626506
Time for expired slide: 0.038618486397590364
------------------------------------
Number clusters = 0.0
Max Number points in event queue = 0.0
Avg number points in clusters= 0.0
Avg Rmc size = 0.0
Avg Length exps= 0.0
#window: 84
Total #outliers: 1114
Average Time: 242.53416628571426 ms
Peak memory: 1143.4865493774414 MB
Time index, remove data from structure: 0.0029822269761904763
Time for querying: 0.0
Time for new slide: 0.20361416840476187
Time for expired slide: 0.038916216357142853
------------------------------------
Number clusters = 0.0
Max Number points in event queue = 0.0
Avg number points in clusters= 0.0
Avg Rmc size = 0.0
Avg Length exps= 0.0
#window: 85
Total #outliers: 1262
Average Time: 241.44841137647055 ms
Peak memory: 1143.4865493774414 MB
Time index, remove data from structure: 0.0030004702
Time for querying: 0.0
Time for new slide: 0.20233578867058824
Time for expired slide: 0.03910884464705882
------------------------------------
Number clusters = 0.0
Max Number points in event queue = 0.0
Avg number points in clusters= 0.0
Avg Rmc size = 0.0
Avg Length exps= 0.0
#window: 86
Total #outliers: 1320
Average Time: 240.2551388488372 ms
Peak memory: 1143.4865493774414 MB
Time index, remove data from structure: 0.002999833593023256
Time for querying: 0.0
Time for new slide: 0.20138072251162792
Time for expired slide: 0.03887064988372093
------------------------------------
Number clusters = 0.0
Max Number points in event queue = 0.0
Avg number points in clusters= 0.0
Avg Rmc size = 0.0
Avg Length exps= 0.0
#window: 87
Total #outliers: 1443
Average Time: 239.24571921839078 ms
Peak memory: 1143.4865493774414 MB
Time index, remove data from structure: 0.0030022461034482756
Time for querying: 0.0
Time for new slide: 0.20048231179310344
Time for expired slide: 0.03875964270114943
------------------------------------
Number clusters = 0.0
Max Number points in event queue = 0.0
Avg number points in clusters= 0.0
Avg Rmc size = 0.0
Avg Length exps= 0.0
#window: 88
Total #outliers: 1428
Average Time: 238.12487834090905 ms
Peak memory: 1143.4865493774414 MB
Time index, remove data from structure: 0.0030043655795454548
Time for querying: 0.0
Time for new slide: 0.19942476380681817
Time for expired slide: 0.03869635625
------------------------------------
Number clusters = 0.0
Max Number points in event queue = 0.0
Avg number points in clusters= 0.0
Avg Rmc size = 0.0
Avg Length exps= 0.0
#window: 89
Total #outliers: 1530
Average Time: 237.2701397191011 ms
Peak memory: 1143.4865493774414 MB
Time index, remove data from structure: 0.0030057246292134834
Time for querying: 0.0
Time for new slide: 0.19842126301123594
Time for expired slide: 0.03884512430337079
------------------------------------
Number clusters = 0.0
Max Number points in event queue = 0.0
Avg number points in clusters= 0.0
Avg Rmc size = 0.0
Avg Length exps= 0.0
#window: 90
Total #outliers: 1468
Average Time: 236.49811189999997 ms
Peak memory: 1143.4865493774414 MB
Time index, remove data from structure: 0.003016785822222222
Time for querying: 0.0
Time for new slide: 0.19752650707777775
Time for expired slide: 0.03896785858888889
------------------------------------
Number clusters = 0.0
Max Number points in event queue = 0.0
Avg number points in clusters= 0.0
Avg Rmc size = 0.0
Avg Length exps= 0.0
#window: 91
Total #outliers: 1355
Average Time: 236.5725112307692 ms
Peak memory: 1143.4865493774414 MB
Time index, remove data from structure: 0.0030138082967032967
Time for querying: 0.0
Time for new slide: 0.1976140690879121
Time for expired slide: 0.03895470073626374
------------------------------------
Number clusters = 0.0
Max Number points in event queue = 0.0
Avg number points in clusters= 0.0
Avg Rmc size = 0.0
Avg Length exps= 0.0
#window: 92
Total #outliers: 1272
Average Time: 236.0122181413043 ms
Peak memory: 1143.4865493774414 MB
Time index, remove data from structure: 0.0030083765760869565
Time for querying: 0.0
Time for new slide: 0.19706119817391304
Time for expired slide: 0.03894728543478261
------------------------------------
Number clusters = 0.0
Max Number points in event queue = 0.0
Avg number points in clusters= 0.0
Avg Rmc size = 0.0
Avg Length exps= 0.0
#window: 93
Total #outliers: 1097
Average Time: 235.133278344086 ms
Peak memory: 1143.4865493774414 MB
Time index, remove data from structure: 0.0030032281720430106
Time for querying: 0.0
Time for new slide: 0.19615397258064515
Time for expired slide: 0.03897557211827957
------------------------------------
Number clusters = 0.0
Max Number points in event queue = 0.0
Avg number points in clusters= 0.0
Avg Rmc size = 0.0
Avg Length exps= 0.0
#window: 94
Total #outliers: 963
Average Time: 234.30439114893613 ms
Peak memory: 1143.4865493774414 MB
Time index, remove data from structure: 0.0030028089574468085
Time for querying: 0.0
Time for new slide: 0.1953054275638298
Time for expired slide: 0.03899522492553192
------------------------------------
Number clusters = 0.0
Max Number points in event queue = 0.0
Avg number points in clusters= 0.0
Avg Rmc size = 0.0
Avg Length exps= 0.0
#window: 95
Total #outliers: 879
Average Time: 233.69338759999997 ms
Peak memory: 1143.4865493774414 MB
Time index, remove data from structure: 0.0030087162421052627
Time for querying: 0.0
Time for new slide: 0.19462197450526314
Time for expired slide: 0.03906767441052631
------------------------------------
Number clusters = 0.0
Max Number points in event queue = 0.0
Avg number points in clusters= 0.0
Avg Rmc size = 0.0
Avg Length exps= 0.0
#window: 96
Total #outliers: 825
Average Time: 232.70926646874997 ms
Peak memory: 1143.4865493774414 MB
Time index, remove data from structure: 0.0030202659687499998
Time for querying: 0.0
Time for new slide: 0.19368504476041667
Time for expired slide: 0.039020484791666664
------------------------------------
Number clusters = 0.0
Max Number points in event queue = 0.0
Avg number points in clusters= 0.0
Avg Rmc size = 0.0
Avg Length exps= 0.0
#window: 97
Total #outliers: 877
Average Time: 231.66776192783504 ms
Peak memory: 1143.4865493774414 MB
Time index, remove data from structure: 0.0030177868659793817
Time for querying: 0.0
Time for new slide: 0.19283142720618557
Time for expired slide: 0.0388325976185567
------------------------------------
Number clusters = 0.0
Max Number points in event queue = 0.0
Avg number points in clusters= 0.0
Avg Rmc size = 0.0
Avg Length exps= 0.0
#window: 98
Total #outliers: 984
Average Time: 230.76244864285715 ms
Peak memory: 1143.4865493774414 MB
Time index, remove data from structure: 0.0030080416530612244
Time for querying: 0.0
Time for new slide: 0.19204515216326531
Time for expired slide: 0.038713563806122446
------------------------------------
Number clusters = 0.0
Max Number points in event queue = 0.0
Avg number points in clusters= 0.0
Avg Rmc size = 0.0
Avg Length exps= 0.0
#window: 99
Total #outliers: 1019
Average Time: 229.80353225252526 ms
Peak memory: 1156.5275955200195 MB
Time index, remove data from structure: 0.0030102734545454546
Time for querying: 0.0
Time for new slide: 0.1911824422121212
Time for expired slide: 0.0386173626969697
------------------------------------
Number clusters = 0.0
Max Number points in event queue = 0.0
Avg number points in clusters= 0.0
Avg Rmc size = 0.0
Avg Length exps= 0.0
#window: 100
Total #outliers: 1035
Average Time: 228.73577533 ms
Peak memory: 1196.2217712402344 MB
Time index, remove data from structure: 0.00300529923
Time for querying: 0.0
Time for new slide: 0.19032708359
Time for expired slide: 0.038404966570000004
------------------------------------
Number clusters = 0.0
Max Number points in event queue = 0.0
Avg number points in clusters= 0.0
Avg Rmc size = 0.0
Avg Length exps= 0.0
#window: 101
Total #outliers: 1020
Average Time: 227.74819889108912 ms
Peak memory: 1196.2217712402344 MB
Time index, remove data from structure: 0.0030055648118811878
Time for querying: 0.0
Time for new slide: 0.1894389028019802
Time for expired slide: 0.038305565346534655
------------------------------------
Number clusters = 0.0
Max Number points in event queue = 0.0
Avg number points in clusters= 0.0
Avg Rmc size = 0.0
Avg Length exps= 0.0
#window: 102
Total #outliers: 1115
Average Time: 226.9648354411765 ms
Peak memory: 1275.6101455688477 MB
Time index, remove data from structure: 0.003005586
Time for querying: 0.0
Time for new slide: 0.18876138852941177
Time for expired slide: 0.038199721607843136
------------------------------------
Number clusters = 0.0
Max Number points in event queue = 0.0
Avg number points in clusters= 0.0
Avg Rmc size = 0.0
Avg Length exps= 0.0
#window: 103
Total #outliers: 1091
Average Time: 226.40000586407766 ms
Peak memory: 1315.3043212890625 MB
Time index, remove data from structure: 0.0030047916893203882
Time for querying: 0.0
Time for new slide: 0.18823308824271845
Time for expired slide: 0.03816319210679612
------------------------------------
Number clusters = 0.0
Max Number points in event queue = 0.0
Avg number points in clusters= 0.0
Avg Rmc size = 0.0
Avg Length exps= 0.0
#window: 104
Total #outliers: 1134
Average Time: 226.14965860576922 ms
Peak memory: 1354.9986877441406 MB
Time index, remove data from structure: 0.003004337961538462
Time for querying: 0.0
Time for new slide: 0.18788777876923077
Time for expired slide: 0.03825815391346154
------------------------------------
Number clusters = 0.0
Max Number points in event queue = 0.0
Avg number points in clusters= 0.0
Avg Rmc size = 0.0
Avg Length exps= 0.0
#window: 105
Total #outliers: 1143
Average Time: 225.7941924190476 ms
Peak memory: 1394.6929092407227 MB
Time index, remove data from structure: 0.00300898439047619
Time for querying: 0.0
Time for new slide: 0.1875385553047619
Time for expired slide: 0.038251913476190474
------------------------------------
Number clusters = 0.0
Max Number points in event queue = 0.0
Avg number points in clusters= 0.0
Avg Rmc size = 0.0
Avg Length exps= 0.0
#window: 106
Total #outliers: 1151
Average Time: 225.74912651886788 ms
Peak memory: 1434.3871002197266 MB
Time index, remove data from structure: 0.0030145734056603772
Time for querying: 0.0
Time for new slide: 0.18748312914150944
Time for expired slide: 0.03826227700943396
------------------------------------
Number clusters = 0.0
Max Number points in event queue = 0.0
Avg number points in clusters= 0.0
Avg Rmc size = 0.0
Avg Length exps= 0.0
#window: 107
Total #outliers: 1231
Average Time: 225.63407877570089 ms
Peak memory: 1474.0812759399414 MB
Time index, remove data from structure: 0.003015497570093458
Time for querying: 0.0
Time for new slide: 0.18737111011214952
Time for expired slide: 0.03825925114018691
------------------------------------
Number clusters = 0.0
Max Number points in event queue = 0.0
Avg number points in clusters= 0.0
Avg Rmc size = 0.0
Avg Length exps= 0.0
#window: 108
Total #outliers: 1193
Average Time: 225.45755270370367 ms
Peak memory: 1513.7754745483398 MB
Time index, remove data from structure: 0.0030157433333333336
Time for querying: 0.0
Time for new slide: 0.18712776942592593
Time for expired slide: 0.03832606941666667
------------------------------------
Number clusters = 0.0
Max Number points in event queue = 0.0
Avg number points in clusters= 0.0
Avg Rmc size = 0.0
Avg Length exps= 0.0
#window: 109
Total #outliers: 1076
Average Time: 225.2294632752293 ms
Peak memory: 1593.1638259887695 MB
Time index, remove data from structure: 0.003020123403669725
Time for querying: 0.0
Time for new slide: 0.18693661525688074
Time for expired slide: 0.03828913637614679
------------------------------------
Number clusters = 0.0
Max Number points in event queue = 0.0
Avg number points in clusters= 0.0
Avg Rmc size = 0.0
Avg Length exps= 0.0
#window: 110
Total #outliers: 1107
Average Time: 225.1286349545454 ms
Peak memory: 1632.8580169677734 MB
Time index, remove data from structure: 0.0030228181363636366
Time for querying: 0.0
Time for new slide: 0.1869218188
Time for expired slide: 0.03820310260909091
------------------------------------
Number clusters = 0.0
Max Number points in event queue = 0.0
Avg number points in clusters= 0.0
Avg Rmc size = 0.0
Avg Length exps= 0.0
#window: 111
Total #outliers: 1148
Average Time: 225.20475115315304 ms
Peak memory: 1632.8580169677734 MB
Time index, remove data from structure: 0.0030510743063063062
Time for querying: 0.0
Time for new slide: 0.1870394224864865
Time for expired slide: 0.038161615351351354
------------------------------------
Number clusters = 0.0
Max Number points in event queue = 0.0
Avg number points in clusters= 0.0
Avg Rmc size = 0.0
Avg Length exps= 0.0
#window: 112
Total #outliers: 1182
Average Time: 225.16966111607135 ms
Peak memory: 1672.552230834961 MB
Time index, remove data from structure: 0.0031205810089285713
Time for querying: 0.0
Time for new slide: 0.186913776125
Time for expired slide: 0.038252174901785715
------------------------------------
Number clusters = 0.0
Max Number points in event queue = 0.0
Avg number points in clusters= 0.0
Avg Rmc size = 0.0
Avg Length exps= 0.0
#window: 113
Total #outliers: 1240
Average Time: 225.3662261681415 ms
Peak memory: 1751.9406280517578 MB
Time index, remove data from structure: 0.0031675702743362835
Time for querying: 0.0
Time for new slide: 0.18686601199115047
Time for expired slide: 0.03849650671681416
------------------------------------
Number clusters = 0.0
Max Number points in event queue = 0.0
Avg number points in clusters= 0.0
Avg Rmc size = 0.0
Avg Length exps= 0.0
#window: 114
Total #outliers: 1367
Average Time: 225.0176347631578 ms
Peak memory: 1791.6379470825195 MB
Time index, remove data from structure: 0.0031804635789473685
Time for querying: 0.0
Time for new slide: 0.1865691453596491
Time for expired slide: 0.03844478290350877
------------------------------------
Number clusters = 0.0
Max Number points in event queue = 0.0
Avg number points in clusters= 0.0
Avg Rmc size = 0.0
Avg Length exps= 0.0
#window: 115
Total #outliers: 1540
Average Time: 224.97039493913033 ms
Peak memory: 1831.3321228027344 MB
Time index, remove data from structure: 0.003190898434782609
Time for querying: 0.0
Time for new slide: 0.18644677503478263
Time for expired slide: 0.0385199117826087
------------------------------------
Number clusters = 0.0
Max Number points in event queue = 0.0
Avg number points in clusters= 0.0
Avg Rmc size = 0.0
Avg Length exps= 0.0
#window: 116
Total #outliers: 1644
Average Time: 225.13248453448267 ms
Peak memory: 1871.0262985229492 MB
Time index, remove data from structure: 0.003200853155172414
Time for querying: 0.0
Time for new slide: 0.18646160175862067
Time for expired slide: 0.03866717650862069
------------------------------------
Number clusters = 0.0
Max Number points in event queue = 0.0
Avg number points in clusters= 0.0
Avg Rmc size = 0.0
Avg Length exps= 0.0
#window: 117
Total #outliers: 1728
Average Time: 225.34920129059822 ms
Peak memory: 1910.720474243164 MB
Time index, remove data from structure: 0.0032062113846153847
Time for querying: 0.0
Time for new slide: 0.18673641826495727
Time for expired slide: 0.03860908117094017
------------------------------------
Number clusters = 0.0
Max Number points in event queue = 0.0
Avg number points in clusters= 0.0
Avg Rmc size = 0.0
Avg Length exps= 0.0
#window: 118
Total #outliers: 1600
Average Time: 225.3552915677965 ms
Peak memory: 1950.414695739746 MB
Time index, remove data from structure: 0.0032101588220338983
Time for querying: 0.0
Time for new slide: 0.18674102958474575
Time for expired slide: 0.03861056254237288
------------------------------------
Number clusters = 0.0
Max Number points in event queue = 0.0
Avg number points in clusters= 0.0
Avg Rmc size = 0.0
Avg Length exps= 0.0
#window: 119
Total #outliers: 1438
Average Time: 225.15488163025202 ms
Peak memory: 1990.108871459961 MB
Time index, remove data from structure: 0.003206482974789916
Time for querying: 0.0
Time for new slide: 0.1865656046722689
Time for expired slide: 0.038585578579831935
------------------------------------
Number clusters = 0.0
Max Number points in event queue = 0.0
Avg number points in clusters= 0.0
Avg Rmc size = 0.0
Avg Length exps= 0.0
#window: 120
Total #outliers: 1317
Average Time: 224.68574505833325 ms
Peak memory: 2029.8030471801758 MB
Time index, remove data from structure: 0.003204320275
Time for querying: 0.0
Time for new slide: 0.18614144269166666
Time for expired slide: 0.038540608733333336
------------------------------------
Number clusters = 0.0
Max Number points in event queue = 0.0
Avg number points in clusters= 0.0
Avg Rmc size = 0.0
Avg Length exps= 0.0
#window: 121
Total #outliers: 1203
Average Time: 224.13433821487595 ms
Peak memory: 2029.8030471801758 MB
Time index, remove data from structure: 0.003194153396694215
Time for querying: 0.0
Time for new slide: 0.18576157632231405
Time for expired slide: 0.03836906852066116
------------------------------------
Number clusters = 0.0
Max Number points in event queue = 0.0
Avg number points in clusters= 0.0
Avg Rmc size = 0.0
Avg Length exps= 0.0
#window: 122
Total #outliers: 1068
Average Time: 223.41338887704913 ms
Peak memory: 2109.1913986206055 MB
Time index, remove data from structure: 0.0031871047540983606
Time for querying: 0.0
Time for new slide: 0.18519460178688524
Time for expired slide: 0.03821509613114754
------------------------------------
Number clusters = 0.0
Max Number points in event queue = 0.0
Avg number points in clusters= 0.0
Avg Rmc size = 0.0
Avg Length exps= 0.0
#window: 123
Total #outliers: 951
Average Time: 222.72257773983733 ms
Peak memory: 2148.8855743408203 MB
Time index, remove data from structure: 0.003181179317073171
Time for querying: 0.0
Time for new slide: 0.18463994683739837
Time for expired slide: 0.038078939162601626
------------------------------------
Number clusters = 0.0
Max Number points in event queue = 0.0
Avg number points in clusters= 0.0
Avg Rmc size = 0.0
Avg Length exps= 0.0
#window: 124
Total #outliers: 963
Average Time: 221.72374204032252 ms
Peak memory: 2148.8855743408203 MB
Time index, remove data from structure: 0.0031696831290322584
Time for querying: 0.0
Time for new slide: 0.18380994822580646
Time for expired slide: 0.037910101233870966
------------------------------------
Number clusters = 0.0
Max Number points in event queue = 0.0
Avg number points in clusters= 0.0
Avg Rmc size = 0.0
Avg Length exps= 0.0
#window: 125
Total #outliers: 1025
Average Time: 220.49522322399994 ms
Peak memory: 2148.8855743408203 MB
Time index, remove data from structure: 0.0031561748239999996
Time for querying: 0.0
Time for new slide: 0.18277511884800002
Time for expired slide: 0.037716418248
------------------------------------
Number clusters = 0.0
Max Number points in event queue = 0.0
Avg number points in clusters= 0.0
Avg Rmc size = 0.0
Avg Length exps= 0.0
#window: 126
Total #outliers: 1100
Average Time: 219.42859984920628 ms
Peak memory: 2148.8855743408203 MB
Time index, remove data from structure: 0.003142524753968254
Time for querying: 0.0
Time for new slide: 0.18189723781746034
Time for expired slide: 0.03752768269047619
------------------------------------
Number clusters = 0.0
Max Number points in event queue = 0.0
Avg number points in clusters= 0.0
Avg Rmc size = 0.0
Avg Length exps= 0.0
#window: 127
Total #outliers: 1231
Average Time: 218.35550829921254 ms
Peak memory: 2148.8855743408203 MB
Time index, remove data from structure: 0.0031285401417322834
Time for querying: 0.0
Time for new slide: 0.1809984600551181
Time for expired slide: 0.03735337162992126
------------------------------------
Number clusters = 0.0
Max Number points in event queue = 0.0
Avg number points in clusters= 0.0
Avg Rmc size = 0.0
Avg Length exps= 0.0
#window: 128
Total #outliers: 1273
Average Time: 217.28938745312496 ms
Peak memory: 2148.8855743408203 MB
Time index, remove data from structure: 0.0031145061015625
Time for querying: 0.0
Time for new slide: 0.180095480578125
Time for expired slide: 0.037190232546875
------------------------------------
Number clusters = 0.0
Max Number points in event queue = 0.0
Avg number points in clusters= 0.0
Avg Rmc size = 0.0
Avg Length exps= 0.0
#window: 129
Total #outliers: 1214
Average Time: 216.34461524031005 ms
Peak memory: 2148.8855743408203 MB
Time index, remove data from structure: 0.003101181550387597
Time for querying: 0.0
Time for new slide: 0.1793006618992248
Time for expired slide: 0.03704028360465116
------------------------------------
Number clusters = 0.0
Max Number points in event queue = 0.0
Avg number points in clusters= 0.0
Avg Rmc size = 0.0
Avg Length exps= 0.0
#window: 130
Total #outliers: 1124
Average Time: 215.34309261538456 ms
Peak memory: 2148.8855743408203 MB
Time index, remove data from structure: 0.0030877021615384613
Time for querying: 0.0
Time for new slide: 0.1784864501153846
Time for expired slide: 0.03685297864615385
------------------------------------
Number clusters = 0.0
Max Number points in event queue = 0.0
Avg number points in clusters= 0.0
Avg Rmc size = 0.0
Avg Length exps= 0.0
#window: 131
Total #outliers: 1112
Average Time: 214.37157468702287 ms
Peak memory: 2148.8855743408203 MB
Time index, remove data from structure: 0.003074846992366412
Time for querying: 0.0
Time for new slide: 0.1777046171145038
Time for expired slide: 0.0366632996259542
------------------------------------
Number clusters = 0.0
Max Number points in event queue = 0.0
Avg number points in clusters= 0.0
Avg Rmc size = 0.0
Avg Length exps= 0.0
#window: 132
Total #outliers: 1077
Average Time: 213.38785639393933 ms
Peak memory: 2148.8855743408203 MB
Time index, remove data from structure: 0.0030619008409090913
Time for querying: 0.0
Time for new slide: 0.1769086521818182
Time for expired slide: 0.036475551053030304
------------------------------------
Number clusters = 0.0
Max Number points in event queue = 0.0
Avg number points in clusters= 0.0
Avg Rmc size = 0.0
Avg Length exps= 0.0
#window: 133
Total #outliers: 1187
Average Time: 212.57538517293227 ms
Peak memory: 2148.8855743408203 MB
Time index, remove data from structure: 0.0030519575037593985
Time for querying: 0.0
Time for new slide: 0.17619278501503757
Time for expired slide: 0.036378948090225564
------------------------------------
Number clusters = 0.0
Max Number points in event queue = 0.0
Avg number points in clusters= 0.0
Avg Rmc size = 0.0
Avg Length exps= 0.0
#window: 134
Total #outliers: 1237
Average Time: 211.68259589552235 ms
Peak memory: 2148.8855743408203 MB
Time index, remove data from structure: 0.003040348641791045
Time for querying: 0.0
Time for new slide: 0.17540799628358208
Time for expired slide: 0.036270949000000004
------------------------------------
Number clusters = 0.0
Max Number points in event queue = 0.0
Avg number points in clusters= 0.0
Avg Rmc size = 0.0
Avg Length exps= 0.0
#window: 135
Total #outliers: 1255
Average Time: 210.66965948148146 ms
Peak memory: 2148.8855743408203 MB
Time index, remove data from structure: 0.003027363548148148
Time for querying: 0.0
Time for new slide: 0.1745676847777778
Time for expired slide: 0.036098326674074074
------------------------------------
Number clusters = 0.0
Max Number points in event queue = 0.0
Avg number points in clusters= 0.0
Avg Rmc size = 0.0
Avg Length exps= 0.0
#window: 136
Total #outliers: 1292
Average Time: 209.8632535735294 ms
Peak memory: 2148.8855743408203 MB
Time index, remove data from structure: 0.003016820448529412
Time for querying: 0.0
Time for new slide: 0.17385603050735293
Time for expired slide: 0.03600357522058823
------------------------------------
Number clusters = 0.0
Max Number points in event queue = 0.0
Avg number points in clusters= 0.0
Avg Rmc size = 0.0
Avg Length exps= 0.0
#window: 137
Total #outliers: 1598
Average Time: 209.1915235547445 ms
Peak memory: 2148.8855743408203 MB
Time index, remove data from structure: 0.003007107087591241
Time for querying: 0.0
Time for new slide: 0.17328179091240875
Time for expired slide: 0.0359060845620438
------------------------------------
Number clusters = 0.0
Max Number points in event queue = 0.0
Avg number points in clusters= 0.0
Avg Rmc size = 0.0
Avg Length exps= 0.0
#window: 138
Total #outliers: 1724
Average Time: 208.63550747826082 ms
Peak memory: 2148.8855743408203 MB
Time index, remove data from structure: 0.002996476913043478
Time for querying: 0.0
Time for new slide: 0.17280451999275362
Time for expired slide: 0.03582734044202899
------------------------------------
Number clusters = 0.0
Max Number points in event queue = 0.0
Avg number points in clusters= 0.0
Avg Rmc size = 0.0
Avg Length exps= 0.0
#window: 139
Total #outliers: 1883
Average Time: 208.32833011510786 ms
Peak memory: 2148.8855743408203 MB
Time index, remove data from structure: 0.0029929526546762586
Time for querying: 0.0
Time for new slide: 0.17234663526618704
Time for expired slide: 0.03597804945323741
------------------------------------
Number clusters = 0.0
Max Number points in event queue = 0.0
Avg number points in clusters= 0.0
Avg Rmc size = 0.0
Avg Length exps= 0.0
#window: 140
Total #outliers: 2033
Average Time: 208.29252872142854 ms
Peak memory: 2148.8855743408203 MB
Time index, remove data from structure: 0.0029863220428571428
Time for querying: 0.0
Time for new slide: 0.17233462198571428
Time for expired slide: 0.03595426317857143
------------------------------------
Number clusters = 0.0
Max Number points in event queue = 0.0
Avg number points in clusters= 0.0
Avg Rmc size = 0.0
Avg Length exps= 0.0
#window: 141
Total #outliers: 2053
Average Time: 208.70301356737585 ms
Peak memory: 2148.8855743408203 MB
Time index, remove data from structure: 0.0029774689503546097
Time for querying: 0.0
Time for new slide: 0.17260869404964538
Time for expired slide: 0.03609067529787234
------------------------------------
Number clusters = 0.0
Max Number points in event queue = 0.0
Avg number points in clusters= 0.0
Avg Rmc size = 0.0
Avg Length exps= 0.0
#window: 142
Total #outliers: 2162
Average Time: 209.10815963380279 ms
Peak memory: 2148.8855743408203 MB
Time index, remove data from structure: 0.0029692641549295775
Time for querying: 0.0
Time for new slide: 0.17272641764788732
Time for expired slide: 0.03637809582394366
------------------------------------
Number clusters = 0.0
Max Number points in event queue = 0.0
Avg number points in clusters= 0.0
Avg Rmc size = 0.0
Avg Length exps= 0.0
#window: 143
Total #outliers: 2066
Average Time: 209.9439546573426 ms
Peak memory: 2148.8855743408203 MB
Time index, remove data from structure: 0.0029601548601398604
Time for querying: 0.0
Time for new slide: 0.17342511804195804
Time for expired slide: 0.03651519346153846
------------------------------------
Number clusters = 0.0
Max Number points in event queue = 0.0
Avg number points in clusters= 0.0
Avg Rmc size = 0.0
Avg Length exps= 0.0
#window: 144
Total #outliers: 1948
Average Time: 210.12372402777774 ms
Peak memory: 2148.8855743408203 MB
Time index, remove data from structure: 0.0029496746875
Time for querying: 0.0
Time for new slide: 0.17352275836805556
Time for expired slide: 0.03659732160416666
------------------------------------
Number clusters = 0.0
Max Number points in event queue = 0.0
Avg number points in clusters= 0.0
Avg Rmc size = 0.0
Avg Length exps= 0.0
#window: 145
Total #outliers: 1960
Average Time: 210.37149651724135 ms
Peak memory: 2148.8855743408203 MB
Time index, remove data from structure: 0.002939780496551724
Time for querying: 0.0
Time for new slide: 0.17372561422068966
Time for expired slide: 0.036642239
------------------------------------
Number clusters = 0.0
Max Number points in event queue = 0.0
Avg number points in clusters= 0.0
Avg Rmc size = 0.0
Avg Length exps= 0.0
#window: 146
Total #outliers: 2056
Average Time: 210.74895608219174 ms
Peak memory: 2148.8855743408203 MB
Time index, remove data from structure: 0.002939364465753425
Time for querying: 0.0
Time for new slide: 0.1737794177191781
Time for expired slide: 0.03696589517808219
------------------------------------
Number clusters = 0.0
Max Number points in event queue = 0.0
Avg number points in clusters= 0.0
Avg Rmc size = 0.0
Avg Length exps= 0.0
#window: 147
Total #outliers: 2287
Average Time: 211.92086393877545 ms
Peak memory: 2148.8855743408203 MB
Time index, remove data from structure: 0.0029323227210884353
Time for querying: 0.0
Time for new slide: 0.17476017927891158
Time for expired slide: 0.037157042435374155
------------------------------------
Number clusters = 0.0
Max Number points in event queue = 0.0
Avg number points in clusters= 0.0
Avg Rmc size = 0.0
Avg Length exps= 0.0
#window: 148
Total #outliers: 2324
Average Time: 212.48498733108107 ms
Peak memory: 2148.8855743408203 MB
Time index, remove data from structure: 0.0029256601621621622
Time for querying: 0.0
Time for new slide: 0.17511127510810812
Time for expired slide: 0.03737007259459459
------------------------------------
Number clusters = 0.0
Max Number points in event queue = 0.0
Avg number points in clusters= 0.0
Avg Rmc size = 0.0
Avg Length exps= 0.0
#window: 149
Total #outliers: 2389
Average Time: 213.0364225167785 ms
Peak memory: 2148.8855743408203 MB
Time index, remove data from structure: 0.002917346463087248
Time for querying: 0.0
Time for new slide: 0.17543569340268456
Time for expired slide: 0.037597086516778525
------------------------------------
Number clusters = 0.0
Max Number points in event queue = 0.0
Avg number points in clusters= 0.0
Avg Rmc size = 0.0
Avg Length exps= 0.0
#window: 150
Total #outliers: 2469
Average Time: 213.97963164 ms
Peak memory: 2148.8855743408203 MB
Time index, remove data from structure: 0.0029098661466666668
Time for querying: 0.0
Time for new slide: 0.17611725515999999
Time for expired slide: 0.037858734586666665
------------------------------------
Number clusters = 0.0
Max Number points in event queue = 0.0
Avg number points in clusters= 0.0
Avg Rmc size = 0.0
Avg Length exps= 0.0
#window: 151
Total #outliers: 2424
Average Time: 214.68965296688742 ms
Peak memory: 2148.8855743408203 MB
Time index, remove data from structure: 0.0029029897549668875
Time for querying: 0.0
Time for new slide: 0.17626047229139072
Time for expired slide: 0.038425540337748344
------------------------------------
Number clusters = 0.0
Max Number points in event queue = 0.0
Avg number points in clusters= 0.0
Avg Rmc size = 0.0
Avg Length exps= 0.0
#window: 152
Total #outliers: 2472
Average Time: 214.9587127763158 ms
Peak memory: 2148.8855743408203 MB
Time index, remove data from structure: 0.002897220513157895
Time for querying: 0.0
Time for new slide: 0.17619133319078947
Time for expired slide: 0.038763740375
------------------------------------
Number clusters = 0.0
Max Number points in event queue = 0.0
Avg number points in clusters= 0.0
Avg Rmc size = 0.0
Avg Length exps= 0.0
#window: 153
Total #outliers: 2511
Average Time: 215.70254386928107 ms
Peak memory: 2148.8855743408203 MB
Time index, remove data from structure: 0.002892391745098039
Time for querying: 0.0
Time for new slide: 0.17659342615686274
Time for expired slide: 0.03910547837254902
------------------------------------
Number clusters = 0.0
Max Number points in event queue = 0.0
Avg number points in clusters= 0.0
Avg Rmc size = 0.0
Avg Length exps= 0.0
#window: 154
Total #outliers: 2609
Average Time: 216.26208053896102 ms
Peak memory: 2148.8855743408203 MB
Time index, remove data from structure: 0.0028861126753246752
Time for querying: 0.0
Time for new slide: 0.17676074016883117
Time for expired slide: 0.03949770222077922
------------------------------------
Number clusters = 0.0
Max Number points in event queue = 0.0
Avg number points in clusters= 0.0
Avg Rmc size = 0.0
Avg Length exps= 0.0
#window: 155
Total #outliers: 2610
Average Time: 216.5470458258064 ms
Peak memory: 2148.8855743408203 MB
Time index, remove data from structure: 0.002877445212903226
Time for querying: 0.0
Time for new slide: 0.17673977879354838
Time for expired slide: 0.03980362790322581
------------------------------------
Number clusters = 0.0
Max Number points in event queue = 0.0
Avg number points in clusters= 0.0
Avg Rmc size = 0.0
Avg Length exps= 0.0
#window: 156
Total #outliers: 2625
Average Time: 217.365810025641 ms
Peak memory: 2148.8855743408203 MB
Time index, remove data from structure: 0.002871985903846154
Time for querying: 0.0
Time for new slide: 0.1769425156153846
Time for expired slide: 0.0404196557948718
------------------------------------
Number clusters = 0.0
Max Number points in event queue = 0.0
Avg number points in clusters= 0.0
Avg Rmc size = 0.0
Avg Length exps= 0.0
#window: 157
Total #outliers: 2541
Average Time: 218.22011450955412 ms
Peak memory: 2148.8855743408203 MB
Time index, remove data from structure: 0.002867786515923567
Time for querying: 0.0
Time for new slide: 0.17725502399363058
Time for expired slide: 0.040961452707006366
------------------------------------
Number clusters = 0.0
Max Number points in event queue = 0.0
Avg number points in clusters= 0.0
Avg Rmc size = 0.0
Avg Length exps= 0.0
#window: 158
Total #outliers: 2628
Average Time: 219.6820398734177 ms
Peak memory: 2148.8855743408203 MB
Time index, remove data from structure: 0.002863856588607595
Time for querying: 0.0
Time for new slide: 0.17807824540506328
Time for expired slide: 0.04160015723417722
------------------------------------
Number clusters = 0.0
Max Number points in event queue = 0.0
Avg number points in clusters= 0.0
Avg Rmc size = 0.0
Avg Length exps= 0.0
#window: 159
Total #outliers: 2135
Average Time: 222.1700747924528 ms
Peak memory: 2148.8855743408203 MB
Time index, remove data from structure: 0.0028570989685534594
Time for querying: 0.0
Time for new slide: 0.18013076433333333
Time for expired slide: 0.04203567558490566
------------------------------------
Number clusters = 0.0
Max Number points in event queue = 0.0
Avg number points in clusters= 0.0
Avg Rmc size = 0.0
Avg Length exps= 0.0
#window: 160
Total #outliers: 1820
Average Time: 224.71317701874997 ms
Peak memory: 2148.8855743408203 MB
Time index, remove data from structure: 0.0028573040125
Time for querying: 0.0
Time for new slide: 0.1821127759
Time for expired slide: 0.0425967700875
------------------------------------
Number clusters = 0.0
Max Number points in event queue = 0.0
Avg number points in clusters= 0.0
Avg Rmc size = 0.0
Avg Length exps= 0.0
#window: 161
Total #outliers: 1773
Average Time: 227.21556298757758 ms
Peak memory: 2148.8855743408203 MB
Time index, remove data from structure: 0.002882910844720497
Time for querying: 0.0
Time for new slide: 0.18398390244099377
Time for expired slide: 0.04322803252173913
------------------------------------
Number clusters = 0.0
Max Number points in event queue = 0.0
Avg number points in clusters= 0.0
Avg Rmc size = 0.0
Avg Length exps= 0.0
#window: 162
Total #outliers: 1809
Average Time: 229.90713541975302 ms
Peak memory: 2148.8855743408203 MB
Time index, remove data from structure: 0.0028903712283950616
Time for querying: 0.0
Time for new slide: 0.18645048866049382
Time for expired slide: 0.04345302224691358
------------------------------------
Number clusters = 0.0
Max Number points in event queue = 0.0
Avg number points in clusters= 0.0
Avg Rmc size = 0.0
Avg Length exps= 0.0
#window: 163
Total #outliers: 2111
Average Time: 235.17544819631897 ms
Peak memory: 2148.8855743408203 MB
Time index, remove data from structure: 0.002908001073619632
Time for querying: 0.0
Time for new slide: 0.19150999652760736
Time for expired slide: 0.0436618275398773
------------------------------------
Number clusters = 0.0
Max Number points in event queue = 0.0
Avg number points in clusters= 0.0
Avg Rmc size = 0.0
Avg Length exps= 0.0
#window: 164
Total #outliers: 2146
Average Time: 239.5314173841463 ms
Peak memory: 2148.8855743408203 MB
Time index, remove data from structure: 0.0029141255304878048
Time for querying: 0.0
Time for new slide: 0.1955419035
Time for expired slide: 0.04398589321951219
------------------------------------
Number clusters = 0.0
Max Number points in event queue = 0.0
Avg number points in clusters= 0.0
Avg Rmc size = 0.0
Avg Length exps= 0.0
#window: 165
Total #outliers: 2261
Average Time: 244.30398301818175 ms
Peak memory: 2148.8855743408203 MB
Time index, remove data from structure: 0.002932576563636364
Time for querying: 0.0
Time for new slide: 0.19957116396363636
Time for expired slide: 0.04472919839393939
------------------------------------
Number clusters = 0.0
Max Number points in event queue = 0.0
Avg number points in clusters= 0.0
Avg Rmc size = 0.0
Avg Length exps= 0.0
#window: 166
Total #outliers: 2193
Average Time: 248.5595282710843 ms
Peak memory: 2148.8855743408203 MB
Time index, remove data from structure: 0.0029479875843373498
Time for querying: 0.0
Time for new slide: 0.20314411630120482
Time for expired slide: 0.04541179209036145
------------------------------------
Number clusters = 0.0
Max Number points in event queue = 0.0
Avg number points in clusters= 0.0
Avg Rmc size = 0.0
Avg Length exps= 0.0
#window: 167
Total #outliers: 2206
Average Time: 252.27444508982032 ms
Peak memory: 2148.8855743408203 MB
Time index, remove data from structure: 0.0029507740658682637
Time for querying: 0.0
Time for new slide: 0.20645588338922158
Time for expired slide: 0.04581494337724551
------------------------------------
Number clusters = 0.0
Max Number points in event queue = 0.0
Avg number points in clusters= 0.0
Avg Rmc size = 0.0
Avg Length exps= 0.0
#window: 168
Total #outliers: 2259
Average Time: 255.202905172619 ms
Peak memory: 2148.8855743408203 MB
Time index, remove data from structure: 0.0029513332023809523
Time for querying: 0.0
Time for new slide: 0.20910159480357143
Time for expired slide: 0.046097695541666664
------------------------------------
Number clusters = 0.0
Max Number points in event queue = 0.0
Avg number points in clusters= 0.0
Avg Rmc size = 0.0
Avg Length exps= 0.0
#window: 169
Total #outliers: 2244
Average Time: 258.9086401183432 ms
Peak memory: 2148.8855743408203 MB
Time index, remove data from structure: 0.002949171183431953
Time for querying: 0.0
Time for new slide: 0.21240002118343196
Time for expired slide: 0.04650500724260355
------------------------------------
Number clusters = 0.0
Max Number points in event queue = 0.0
Avg number points in clusters= 0.0
Avg Rmc size = 0.0
Avg Length exps= 0.0
#window: 170
Total #outliers: 2308
Average Time: 262.51405075294116 ms
Peak memory: 2148.8855743408203 MB
Time index, remove data from structure: 0.0029554786235294122
Time for querying: 0.0
Time for new slide: 0.21563315509411765
Time for expired slide: 0.04687728631764706
------------------------------------
Number clusters = 0.0
Max Number points in event queue = 0.0
Avg number points in clusters= 0.0
Avg Rmc size = 0.0
Avg Length exps= 0.0
#window: 171
Total #outliers: 2329
Average Time: 266.7981078362573 ms
Peak memory: 2148.8855743408203 MB
Time index, remove data from structure: 0.0029633721754385965
Time for querying: 0.0
Time for new slide: 0.21964390867251463
Time for expired slide: 0.0471505893625731
------------------------------------
Number clusters = 0.0
Max Number points in event queue = 0.0
Avg number points in clusters= 0.0
Avg Rmc size = 0.0
Avg Length exps= 0.0
#window: 172
Total #outliers: 2137
Average Time: 270.0873983023256 ms
Peak memory: 2148.8855743408203 MB
Time index, remove data from structure: 0.0029632926220930235
Time for querying: 0.0
Time for new slide: 0.2224238989244186
Time for expired slide: 0.04765988972093023
------------------------------------
Number clusters = 0.0
Max Number points in event queue = 0.0
Avg number points in clusters= 0.0
Avg Rmc size = 0.0
Avg Length exps= 0.0
#window: 173
Total #outliers: 2144
Average Time: 270.3792946763006 ms
Peak memory: 2148.8855743408203 MB
Time index, remove data from structure: 0.002957380167630058
Time for querying: 0.0
Time for new slide: 0.22282096427745662
Time for expired slide: 0.047554720132947974
------------------------------------
Number clusters = 0.0
Max Number points in event queue = 0.0
Avg number points in clusters= 0.0
Avg Rmc size = 0.0
Avg Length exps= 0.0
#window: 174
Total #outliers: 2142
Average Time: 270.29072548850576 ms
Peak memory: 2148.8855743408203 MB
Time index, remove data from structure: 0.0029524246896551723
Time for querying: 0.0
Time for new slide: 0.2228566082528736
Time for expired slide: 0.04743050758045977
------------------------------------
Number clusters = 0.0
Max Number points in event queue = 0.0
Avg number points in clusters= 0.0
Avg Rmc size = 0.0
Avg Length exps= 0.0
#window: 175
Total #outliers: 2023
Average Time: 270.0025863257143 ms
Peak memory: 2148.8855743408203 MB
Time index, remove data from structure: 0.0029485099714285715
Time for querying: 0.0
Time for new slide: 0.22258977434857144
Time for expired slide: 0.04740920412
------------------------------------
Number clusters = 0.0
Max Number points in event queue = 0.0
Avg number points in clusters= 0.0
Avg Rmc size = 0.0
Avg Length exps= 0.0
#window: 176
Total #outliers: 1900
Average Time: 269.4038902386364 ms
Peak memory: 2148.8855743408203 MB
Time index, remove data from structure: 0.0029446021988636367
Time for querying: 0.0
Time for new slide: 0.2220566928409091
Time for expired slide: 0.04734358955113637
------------------------------------
Number clusters = 0.0
Max Number points in event queue = 0.0
Avg number points in clusters= 0.0
Avg Rmc size = 0.0
Avg Length exps= 0.0
#window: 177
Total #outliers: 1824
Average Time: 268.87075529378535 ms
Peak memory: 2148.8855743408203 MB
Time index, remove data from structure: 0.00293623406779661
Time for querying: 0.0
Time for new slide: 0.22158348770056496
Time for expired slide: 0.04728365945762712
------------------------------------
Number clusters = 0.0
Max Number points in event queue = 0.0
Avg number points in clusters= 0.0
Avg Rmc size = 0.0
Avg Length exps= 0.0
#window: 178
Total #outliers: 1831
Average Time: 268.2201240955056 ms
Peak memory: 2148.8855743408203 MB
Time index, remove data from structure: 0.0029285996741573034
Time for querying: 0.0
Time for new slide: 0.22108955713483144
Time for expired slide: 0.0471269593483146
------------------------------------
Number clusters = 0.0
Max Number points in event queue = 0.0
Avg number points in clusters= 0.0
Avg Rmc size = 0.0
Avg Length exps= 0.0
#window: 179
Total #outliers: 1801
Average Time: 267.6550743798883 ms
Peak memory: 2148.8855743408203 MB
Time index, remove data from structure: 0.0029227109497206704
Time for querying: 0.0
Time for new slide: 0.22059727510614527
Time for expired slide: 0.047054193430167604
------------------------------------
Number clusters = 0.0
Max Number points in event queue = 0.0
Avg number points in clusters= 0.0
Avg Rmc size = 0.0
Avg Length exps= 0.0
#window: 180
Total #outliers: 1773
Average Time: 267.27673012222226 ms
Peak memory: 2148.8855743408203 MB
Time index, remove data from structure: 0.002918612911111111
Time for querying: 0.0
Time for new slide: 0.22026717850555555
Time for expired slide: 0.047005944805555554
------------------------------------
Number clusters = 0.0
Max Number points in event queue = 0.0
Avg number points in clusters= 0.0
Avg Rmc size = 0.0
Avg Length exps= 0.0
#window: 181
Total #outliers: 1807
Average Time: 266.7850604088398 ms
Peak memory: 2148.8855743408203 MB
Time index, remove data from structure: 0.002916567872928177
Time for querying: 0.0
Time for new slide: 0.21992368461878453
Time for expired slide: 0.046857769176795586
------------------------------------
Number clusters = 0.0
Max Number points in event queue = 0.0
Avg number points in clusters= 0.0
Avg Rmc size = 0.0
Avg Length exps= 0.0
#window: 182
Total #outliers: 1774
Average Time: 266.3439720494506 ms
Peak memory: 2148.8855743408203 MB
Time index, remove data from structure: 0.0029148082087912084
Time for querying: 0.0
Time for new slide: 0.21951671767582415
Time for expired slide: 0.04682365051648352
------------------------------------
Number clusters = 0.0
Max Number points in event queue = 0.0
Avg number points in clusters= 0.0
Avg Rmc size = 0.0
Avg Length exps= 0.0
#window: 183
Total #outliers: 1733
Average Time: 266.10444087431694 ms
Peak memory: 2148.8855743408203 MB
Time index, remove data from structure: 0.002913332300546448
Time for querying: 0.0
Time for new slide: 0.2192168447540984
Time for expired slide: 0.046883993857923495
------------------------------------
Number clusters = 0.0
Max Number points in event queue = 0.0
Avg number points in clusters= 0.0
Avg Rmc size = 0.0
Avg Length exps= 0.0
#window: 184
Total #outliers: 1819
Average Time: 266.0895067934783 ms
Peak memory: 2148.8855743408203 MB
Time index, remove data from structure: 0.0029169643858695652
Time for querying: 0.0
Time for new slide: 0.21915907636956522
Time for expired slide: 0.046926828010869566
------------------------------------
Number clusters = 0.0
Max Number points in event queue = 0.0
Avg number points in clusters= 0.0
Avg Rmc size = 0.0
Avg Length exps= 0.0
#window: 185
Total #outliers: 1912
Average Time: 266.15733959459465 ms
Peak memory: 2148.8855743408203 MB
Time index, remove data from structure: 0.002926961881081081
Time for querying: 0.0
Time for new slide: 0.21903113142162162
Time for expired slide: 0.04712260708648649
------------------------------------
Number clusters = 0.0
Max Number points in event queue = 0.0
Avg number points in clusters= 0.0
Avg Rmc size = 0.0
Avg Length exps= 0.0
#window: 186
Total #outliers: 1830
Average Time: 266.0794417688173 ms
Peak memory: 2148.8855743408203 MB
Time index, remove data from structure: 0.0029424274784946233
Time for querying: 0.0
Time for new slide: 0.21877500968817204
Time for expired slide: 0.04730083318817204
------------------------------------
Number clusters = 0.0
Max Number points in event queue = 0.0
Avg number points in clusters= 0.0
Avg Rmc size = 0.0
Avg Length exps= 0.0
#window: 187
Total #outliers: 1858
Average Time: 266.38678706417113 ms
Peak memory: 2148.8855743408203 MB
Time index, remove data from structure: 0.002952975016042781
Time for querying: 0.0
Time for new slide: 0.21897798378074868
Time for expired slide: 0.047405205010695194
------------------------------------
Number clusters = 0.0
Max Number points in event queue = 0.0
Avg number points in clusters= 0.0
Avg Rmc size = 0.0
Avg Length exps= 0.0
#window: 188
Total #outliers: 2002
Average Time: 266.7696051702128 ms
Peak memory: 2148.8855743408203 MB
Time index, remove data from structure: 0.00295884889893617
Time for querying: 0.0
Time for new slide: 0.2192351105212766
Time for expired slide: 0.047530898601063826
------------------------------------
Number clusters = 0.0
Max Number points in event queue = 0.0
Avg number points in clusters= 0.0
Avg Rmc size = 0.0
Avg Length exps= 0.0
#window: 189
Total #outliers: 2114
Average Time: 267.2671243968254 ms
Peak memory: 2148.8855743408203 MB
Time index, remove data from structure: 0.002967887814814815
Time for querying: 0.0
Time for new slide: 0.21939091260317461
Time for expired slide: 0.047872615111111114
------------------------------------
Number clusters = 0.0
Max Number points in event queue = 0.0
Avg number points in clusters= 0.0
Avg Rmc size = 0.0
Avg Length exps= 0.0
#window: 190
Total #outliers: 2150
Average Time: 268.0406767894737 ms
Peak memory: 2148.8855743408203 MB
Time index, remove data from structure: 0.0029754793999999998
Time for querying: 0.0
Time for new slide: 0.21987977912631582
Time for expired slide: 0.04815730245263158
------------------------------------
Number clusters = 0.0
Max Number points in event queue = 0.0
Avg number points in clusters= 0.0
Avg Rmc size = 0.0
Avg Length exps= 0.0
Peak memory: 2148.8855743408203 MB
Average CPU time: 268.0406767894737 ms
