#window: 1
Total #outliers: 804
Average Time: 0.0 ms
Peak memory: 582.7544708251953 MB
Time index, remove data from structure: 0.0
Time for querying: 0.0
Time for new slide: 0.0
Time for expired slide: 0.0
------------------------------------
Number clusters = 0.0
Max Number points in event queue = 0.0
Avg number points in clusters= 0.0
Avg Rmc size = 0.0
Avg Length exps= 0.0
#window: 2
Total #outliers: 770
Average Time: 10127.984411 ms
Peak memory: 742.2967910766602 MB
Time index, remove data from structure: 0.0641562385
Time for querying: 0.0
Time for new slide: 9.972799239
Time for expired slide: 0.1551828405
------------------------------------
Number clusters = 0.0
Max Number points in event queue = 0.0
Avg number points in clusters= 0.0
Avg Rmc size = 0.0
Avg Length exps= 0.0
#window: 3
Total #outliers: 770
Average Time: 13600.819156 ms
Peak memory: 1190.0393905639648 MB
Time index, remove data from structure: 0.09445379733333333
Time for querying: 0.0
Time for new slide: 13.378634907333334
Time for expired slide: 0.222179773
------------------------------------
Number clusters = 0.0
Max Number points in event queue = 0.0
Avg number points in clusters= 0.0
Avg Rmc size = 0.0
Avg Length exps= 0.0
#window: 4
Total #outliers: 829
Average Time: 15007.012237249999 ms
Peak memory: 1190.0393905639648 MB
Time index, remove data from structure: 0.112194955
Time for querying: 0.0
Time for new slide: 14.757997439
Time for expired slide: 0.24900983675
------------------------------------
Number clusters = 0.0
Max Number points in event queue = 0.0
Avg number points in clusters= 0.0
Avg Rmc size = 0.0
Avg Length exps= 0.0
#window: 5
Total #outliers: 861
Average Time: 16141.636044599998 ms
Peak memory: 1893.1608505249023 MB
Time index, remove data from structure: 0.12000520699999999
Time for querying: 0.0
Time for new slide: 15.878114565199999
Time for expired slide: 0.2635169264
------------------------------------
Number clusters = 0.0
Max Number points in event queue = 0.0
Avg number points in clusters= 0.0
Avg Rmc size = 0.0
Avg Length exps= 0.0
#window: 6
Total #outliers: 913
Average Time: 16408.261423 ms
Peak memory: 2184.0458755493164 MB
Time index, remove data from structure: 0.12744397433333335
Time for querying: 0.0
Time for new slide: 16.12723484
Time for expired slide: 0.2810223136666667
------------------------------------
Number clusters = 0.0
Max Number points in event queue = 0.0
Avg number points in clusters= 0.0
Avg Rmc size = 0.0
Avg Length exps= 0.0
#window: 7
Total #outliers: 748
Average Time: 17085.200175142854 ms
Peak memory: 2184.0458755493164 MB
Time index, remove data from structure: 0.13304664942857142
Time for querying: 0.0
Time for new slide: 16.796127518857144
Time for expired slide: 0.289068542
------------------------------------
Number clusters = 0.0
Max Number points in event queue = 0.0
Avg number points in clusters= 0.0
Avg Rmc size = 0.0
Avg Length exps= 0.0
#window: 8
Total #outliers: 925
Average Time: 16951.043033375 ms
Peak memory: 2184.0458755493164 MB
Time index, remove data from structure: 0.135480797875
Time for querying: 0.0
Time for new slide: 16.65838294025
Time for expired slide: 0.292656038125
------------------------------------
Number clusters = 0.0
Max Number points in event queue = 0.0
Avg number points in clusters= 0.0
Avg Rmc size = 0.0
Avg Length exps= 0.0
#window: 9
Total #outliers: 820
Average Time: 17440.113709111112 ms
Peak memory: 2184.0458755493164 MB
Time index, remove data from structure: 0.13778079377777777
Time for querying: 0.0
Time for new slide: 17.14323524888889
Time for expired slide: 0.29687442922222224
------------------------------------
Number clusters = 0.0
Max Number points in event queue = 0.0
Avg number points in clusters= 0.0
Avg Rmc size = 0.0
Avg Length exps= 0.0
#window: 10
Total #outliers: 808
Average Time: 17728.4748139 ms
Peak memory: 2672.496139526367 MB
Time index, remove data from structure: 0.13888106179999998
Time for querying: 0.0
Time for new slide: 17.4294747903
Time for expired slide: 0.29899604420000003
------------------------------------
Number clusters = 0.0
Max Number points in event queue = 0.0
Avg number points in clusters= 0.0
Avg Rmc size = 0.0
Avg Length exps= 0.0
Peak memory: 2672.496139526367 MB
Average CPU time: 17728.4748139 ms
