#window: 1
Total #outliers: 804
Average Time: 0.0 ms
Peak memory: 585.562255859375 MB
Time index, remove data from structure: 0.0
Time for querying: 0.0
Time for new slide: 0.0
Time for expired slide: 0.0
------------------------------------
Number clusters = 0.0
Max Number points in event queue = 0.0
Avg number points in clusters= 0.0
Avg Rmc size = 0.0
Avg Length exps= 0.0
#window: 2
Total #outliers: 804
Average Time: 431.568473 ms
Peak memory: 585.562255859375 MB
Time index, remove data from structure: 0.006467361
Time for querying: 0.0
Time for new slide: 0.3757937725
Time for expired slide: 0.055772567
------------------------------------
Number clusters = 0.0
Max Number points in event queue = 0.0
Avg number points in clusters= 0.0
Avg Rmc size = 0.0
Avg Length exps= 0.0
#window: 3
Total #outliers: 778
Average Time: 583.6316076666667 ms
Peak memory: 605.1667633056641 MB
Time index, remove data from structure: 0.008342664666666668
Time for querying: 0.0
Time for new slide: 0.489984054
Time for expired slide: 0.09364500433333334
------------------------------------
Number clusters = 0.0
Max Number points in event queue = 0.0
Avg number points in clusters= 0.0
Avg Rmc size = 0.0
Avg Length exps= 0.0
#window: 4
Total #outliers: 823
Average Time: 633.2423654999999 ms
Peak memory: 605.1667633056641 MB
Time index, remove data from structure: 0.0094246295
Time for querying: 0.0
Time for new slide: 0.5337009675
Time for expired slide: 0.099538677
------------------------------------
Number clusters = 0.0
Max Number points in event queue = 0.0
Avg number points in clusters= 0.0
Avg Rmc size = 0.0
Avg Length exps= 0.0
#window: 5
Total #outliers: 784
Average Time: 682.0226978 ms
Peak memory: 789.0666122436523 MB
Time index, remove data from structure: 0.0100218344
Time for querying: 0.0
Time for new slide: 0.576945526
Time for expired slide: 0.1050743588
------------------------------------
Number clusters = 0.0
Max Number points in event queue = 0.0
Avg number points in clusters= 0.0
Avg Rmc size = 0.0
Avg Length exps= 0.0
#window: 6
Total #outliers: 770
Average Time: 730.2427336666666 ms
Peak memory: 1086.3303527832031 MB
Time index, remove data from structure: 0.010629291666666667
Time for querying: 0.0
Time for new slide: 0.6218412481666666
Time for expired slide: 0.10839685650000001
------------------------------------
Number clusters = 0.0
Max Number points in event queue = 0.0
Avg number points in clusters= 0.0
Avg Rmc size = 0.0
Avg Length exps= 0.0
#window: 7
Total #outliers: 733
Average Time: 741.1281277142857 ms
Peak memory: 1145.7830505371094 MB
Time index, remove data from structure: 0.011113908857142857
Time for querying: 0.0
Time for new slide: 0.6289893931428571
Time for expired slide: 0.11213418485714285
------------------------------------
Number clusters = 0.0
Max Number points in event queue = 0.0
Avg number points in clusters= 0.0
Avg Rmc size = 0.0
Avg Length exps= 0.0
#window: 8
Total #outliers: 716
Average Time: 747.4905704999999 ms
Peak memory: 1145.7830505371094 MB
Time index, remove data from structure: 0.011097964
Time for querying: 0.0
Time for new slide: 0.634390556375
Time for expired slide: 0.113090959875
------------------------------------
Number clusters = 0.0
Max Number points in event queue = 0.0
Avg number points in clusters= 0.0
Avg Rmc size = 0.0
Avg Length exps= 0.0
#window: 9
Total #outliers: 744
Average Time: 750.7448684444444 ms
Peak memory: 1145.7830505371094 MB
Time index, remove data from structure: 0.011166755
Time for querying: 0.0
Time for new slide: 0.6394046145555555
Time for expired slide: 0.11133183244444443
------------------------------------
Number clusters = 0.0
Max Number points in event queue = 0.0
Avg number points in clusters= 0.0
Avg Rmc size = 0.0
Avg Length exps= 0.0
#window: 10
Total #outliers: 768
Average Time: 755.4636391999999 ms
Peak memory: 1149.9641418457031 MB
Time index, remove data from structure: 0.0112016274
Time for querying: 0.0
Time for new slide: 0.6428195371000001
Time for expired slide: 0.1126362015
------------------------------------
Number clusters = 0.0
Max Number points in event queue = 0.0
Avg number points in clusters= 0.0
Avg Rmc size = 0.0
Avg Length exps= 0.0
#window: 11
Total #outliers: 770
Average Time: 754.7652229090908 ms
Peak memory: 1149.9641418457031 MB
Time index, remove data from structure: 0.01118152609090909
Time for querying: 0.0
Time for new slide: 0.6414298274545455
Time for expired slide: 0.1133279280909091
------------------------------------
Number clusters = 0.0
Max Number points in event queue = 0.0
Avg number points in clusters= 0.0
Avg Rmc size = 0.0
Avg Length exps= 0.0
#window: 12
Total #outliers: 818
Average Time: 753.7159951666665 ms
Peak memory: 1149.9641418457031 MB
Time index, remove data from structure: 0.011152410750000001
Time for querying: 0.0
Time for new slide: 0.6419801855833334
Time for expired slide: 0.11172869616666666
------------------------------------
Number clusters = 0.0
Max Number points in event queue = 0.0
Avg number points in clusters= 0.0
Avg Rmc size = 0.0
Avg Length exps= 0.0
#window: 13
Total #outliers: 856
Average Time: 754.9567532307691 ms
Peak memory: 1177.9456253051758 MB
Time index, remove data from structure: 0.011095779384615385
Time for querying: 0.0
Time for new slide: 0.6448067935384615
Time for expired slide: 0.110143149
------------------------------------
Number clusters = 0.0
Max Number points in event queue = 0.0
Avg number points in clusters= 0.0
Avg Rmc size = 0.0
Avg Length exps= 0.0
#window: 14
Total #outliers: 846
Average Time: 763.8605952142855 ms
Peak memory: 1457.0951080322266 MB
Time index, remove data from structure: 0.011081102357142856
Time for querying: 0.0
Time for new slide: 0.6533578875
Time for expired slide: 0.11049617742857143
------------------------------------
Number clusters = 0.0
Max Number points in event queue = 0.0
Avg number points in clusters= 0.0
Avg Rmc size = 0.0
Avg Length exps= 0.0
#window: 15
Total #outliers: 862
Average Time: 772.8088637333333 ms
Peak memory: 1736.2445678710938 MB
Time index, remove data from structure: 0.011186128733333333
Time for querying: 0.0
Time for new slide: 0.6622074674
Time for expired slide: 0.11059509599999999
------------------------------------
Number clusters = 0.0
Max Number points in event queue = 0.0
Avg number points in clusters= 0.0
Avg Rmc size = 0.0
Avg Length exps= 0.0
#window: 16
Total #outliers: 829
Average Time: 780.0744491874999 ms
Peak memory: 2055.2725219726562 MB
Time index, remove data from structure: 0.01125043925
Time for querying: 0.0
Time for new slide: 0.6703879543125
Time for expired slide: 0.109680404375
------------------------------------
Number clusters = 0.0
Max Number points in event queue = 0.0
Avg number points in clusters= 0.0
Avg Rmc size = 0.0
Avg Length exps= 0.0
#window: 17
Total #outliers: 843
Average Time: 779.2005070588235 ms
Peak memory: 2185.982521057129 MB
Time index, remove data from structure: 0.011283149823529412
Time for querying: 0.0
Time for new slide: 0.6687452927058823
Time for expired slide: 0.1104492905882353
------------------------------------
Number clusters = 0.0
Max Number points in event queue = 0.0
Avg number points in clusters= 0.0
Avg Rmc size = 0.0
Avg Length exps= 0.0
#window: 18
Total #outliers: 822
Average Time: 772.4692116666666 ms
Peak memory: 2185.982521057129 MB
Time index, remove data from structure: 0.01114771038888889
Time for querying: 0.0
Time for new slide: 0.6640140028333333
Time for expired slide: 0.10844943655555556
------------------------------------
Number clusters = 0.0
Max Number points in event queue = 0.0
Avg number points in clusters= 0.0
Avg Rmc size = 0.0
Avg Length exps= 0.0
#window: 19
Total #outliers: 812
Average Time: 771.8560700526315 ms
Peak memory: 2185.982521057129 MB
Time index, remove data from structure: 0.011047469578947368
Time for querying: 0.0
Time for new slide: 0.6642747148947369
Time for expired slide: 0.10757573768421053
------------------------------------
Number clusters = 0.0
Max Number points in event queue = 0.0
Avg number points in clusters= 0.0
Avg Rmc size = 0.0
Avg Length exps= 0.0
#window: 20
Total #outliers: 792
Average Time: 773.5902317999999 ms
Peak memory: 2185.982521057129 MB
Time index, remove data from structure: 0.010992569300000001
Time for querying: 0.0
Time for new slide: 0.66522754325
Time for expired slide: 0.10835720659999999
------------------------------------
Number clusters = 0.0
Max Number points in event queue = 0.0
Avg number points in clusters= 0.0
Avg Rmc size = 0.0
Avg Length exps= 0.0
#window: 21
Total #outliers: 861
Average Time: 776.7473749523808 ms
Peak memory: 2185.982521057129 MB
Time index, remove data from structure: 0.010969869238095238
Time for querying: 0.0
Time for new slide: 0.669197170047619
Time for expired slide: 0.10754483833333332
------------------------------------
Number clusters = 0.0
Max Number points in event queue = 0.0
Avg number points in clusters= 0.0
Avg Rmc size = 0.0
Avg Length exps= 0.0
#window: 22
Total #outliers: 895
Average Time: 780.4044587727271 ms
Peak memory: 2185.982521057129 MB
Time index, remove data from structure: 0.010938484954545455
Time for querying: 0.0
Time for new slide: 0.6736059388181818
Time for expired slide: 0.10679324454545455
------------------------------------
Number clusters = 0.0
Max Number points in event queue = 0.0
Avg number points in clusters= 0.0
Avg Rmc size = 0.0
Avg Length exps= 0.0
#window: 23
Total #outliers: 919
Average Time: 784.9079825217389 ms
Peak memory: 2185.982521057129 MB
Time index, remove data from structure: 0.010960770434782609
Time for querying: 0.0
Time for new slide: 0.6777871212173913
Time for expired slide: 0.10711568199999999
------------------------------------
Number clusters = 0.0
Max Number points in event queue = 0.0
Avg number points in clusters= 0.0
Avg Rmc size = 0.0
Avg Length exps= 0.0
#window: 24
Total #outliers: 903
Average Time: 784.0577018749997 ms
Peak memory: 2185.982521057129 MB
Time index, remove data from structure: 0.011018871791666668
Time for querying: 0.0
Time for new slide: 0.6766877820833334
Time for expired slide: 0.10736482091666666
------------------------------------
Number clusters = 0.0
Max Number points in event queue = 0.0
Avg number points in clusters= 0.0
Avg Rmc size = 0.0
Avg Length exps= 0.0
#window: 25
Total #outliers: 884
Average Time: 781.6285969599996 ms
Peak memory: 2185.982521057129 MB
Time index, remove data from structure: 0.01093813876
Time for querying: 0.0
Time for new slide: 0.67512878768
Time for expired slide: 0.10649478999999999
------------------------------------
Number clusters = 0.0
Max Number points in event queue = 0.0
Avg number points in clusters= 0.0
Avg Rmc size = 0.0
Avg Length exps= 0.0
#window: 26
Total #outliers: 913
Average Time: 783.2596006153843 ms
Peak memory: 2185.982521057129 MB
Time index, remove data from structure: 0.01090700396153846
Time for querying: 0.0
Time for new slide: 0.6758282649230769
Time for expired slide: 0.10742639634615385
------------------------------------
Number clusters = 0.0
Max Number points in event queue = 0.0
Avg number points in clusters= 0.0
Avg Rmc size = 0.0
Avg Length exps= 0.0
#window: 27
Total #outliers: 837
Average Time: 783.270308185185 ms
Peak memory: 2185.982521057129 MB
Time index, remove data from structure: 0.010866693851851851
Time for querying: 0.0
Time for new slide: 0.6765080028148148
Time for expired slide: 0.10675743462962962
------------------------------------
Number clusters = 0.0
Max Number points in event queue = 0.0
Avg number points in clusters= 0.0
Avg Rmc size = 0.0
Avg Length exps= 0.0
#window: 28
Total #outliers: 765
Average Time: 783.8419078571427 ms
Peak memory: 2185.982521057129 MB
Time index, remove data from structure: 0.010864966392857143
Time for querying: 0.0
Time for new slide: 0.6773987452857143
Time for expired slide: 0.10643835407142857
------------------------------------
Number clusters = 0.0
Max Number points in event queue = 0.0
Avg number points in clusters= 0.0
Avg Rmc size = 0.0
Avg Length exps= 0.0
#window: 29
Total #outliers: 772
Average Time: 786.0971357931032 ms
Peak memory: 2185.982521057129 MB
Time index, remove data from structure: 0.010900248448275862
Time for querying: 0.0
Time for new slide: 0.6794893184482759
Time for expired slide: 0.10660307268965517
------------------------------------
Number clusters = 0.0
Max Number points in event queue = 0.0
Avg number points in clusters= 0.0
Avg Rmc size = 0.0
Avg Length exps= 0.0
#window: 30
Total #outliers: 800
Average Time: 788.1378528999999 ms
Peak memory: 2185.982521057129 MB
Time index, remove data from structure: 0.0109148988
Time for querying: 0.0
Time for new slide: 0.6807563657333334
Time for expired slide: 0.10737679983333333
------------------------------------
Number clusters = 0.0
Max Number points in event queue = 0.0
Avg number points in clusters= 0.0
Avg Rmc size = 0.0
Avg Length exps= 0.0
#window: 31
Total #outliers: 748
Average Time: 792.1531103548385 ms
Peak memory: 2460.3756942749023 MB
Time index, remove data from structure: 0.010950828354838708
Time for querying: 0.0
Time for new slide: 0.6844643572903226
Time for expired slide: 0.10768411587096774
------------------------------------
Number clusters = 0.0
Max Number points in event queue = 0.0
Avg number points in clusters= 0.0
Avg Rmc size = 0.0
Avg Length exps= 0.0
#window: 32
Total #outliers: 858
Average Time: 796.5769908437497 ms
Peak memory: 2707.755958557129 MB
Time index, remove data from structure: 0.01101311309375
Time for querying: 0.0
Time for new slide: 0.6882613175
Time for expired slide: 0.108311103
------------------------------------
Number clusters = 0.0
Max Number points in event queue = 0.0
Avg number points in clusters= 0.0
Avg Rmc size = 0.0
Avg Length exps= 0.0
#window: 33
Total #outliers: 938
Average Time: 795.0042050303027 ms
Peak memory: 2707.755958557129 MB
Time index, remove data from structure: 0.010960683636363636
Time for querying: 0.0
Time for new slide: 0.6864549105757576
Time for expired slide: 0.10854476993939395
------------------------------------
Number clusters = 0.0
Max Number points in event queue = 0.0
Avg number points in clusters= 0.0
Avg Rmc size = 0.0
Avg Length exps= 0.0
#window: 34
Total #outliers: 883
Average Time: 793.2168327647056 ms
Peak memory: 2707.755958557129 MB
Time index, remove data from structure: 0.010930560147058824
Time for querying: 0.0
Time for new slide: 0.6849833074117647
Time for expired slide: 0.10822903114705883
------------------------------------
Number clusters = 0.0
Max Number points in event queue = 0.0
Avg number points in clusters= 0.0
Avg Rmc size = 0.0
Avg Length exps= 0.0
#window: 35
Total #outliers: 877
Average Time: 792.529829942857 ms
Peak memory: 2707.755958557129 MB
Time index, remove data from structure: 0.010882864742857143
Time for querying: 0.0
Time for new slide: 0.6845187643714286
Time for expired slide: 0.10800660934285715
------------------------------------
Number clusters = 0.0
Max Number points in event queue = 0.0
Avg number points in clusters= 0.0
Avg Rmc size = 0.0
Avg Length exps= 0.0
#window: 36
Total #outliers: 925
Average Time: 792.0643808611109 ms
Peak memory: 2707.755958557129 MB
Time index, remove data from structure: 0.010849121166666666
Time for querying: 0.0
Time for new slide: 0.6846984436388889
Time for expired slide: 0.10736151480555556
------------------------------------
Number clusters = 0.0
Max Number points in event queue = 0.0
Avg number points in clusters= 0.0
Avg Rmc size = 0.0
Avg Length exps= 0.0
#window: 37
Total #outliers: 934
Average Time: 792.85557727027 ms
Peak memory: 2707.755958557129 MB
Time index, remove data from structure: 0.010835192594594594
Time for querying: 0.0
Time for new slide: 0.6856869336216217
Time for expired slide: 0.10716424859459459
------------------------------------
Number clusters = 0.0
Max Number points in event queue = 0.0
Avg number points in clusters= 0.0
Avg Rmc size = 0.0
Avg Length exps= 0.0
#window: 38
Total #outliers: 913
Average Time: 793.1142368684208 ms
Peak memory: 2707.755958557129 MB
Time index, remove data from structure: 0.010820334447368421
Time for querying: 0.0
Time for new slide: 0.6862452532368422
Time for expired slide: 0.10686462484210528
------------------------------------
Number clusters = 0.0
Max Number points in event queue = 0.0
Avg number points in clusters= 0.0
Avg Rmc size = 0.0
Avg Length exps= 0.0
#window: 39
Total #outliers: 935
Average Time: 793.6852699743587 ms
Peak memory: 2707.755958557129 MB
Time index, remove data from structure: 0.010834227512820512
Time for querying: 0.0
Time for new slide: 0.6872436844615384
Time for expired slide: 0.10643725064102565
------------------------------------
Number clusters = 0.0
Max Number points in event queue = 0.0
Avg number points in clusters= 0.0
Avg Rmc size = 0.0
Avg Length exps= 0.0
#window: 40
Total #outliers: 909
Average Time: 794.6562325999997 ms
Peak memory: 2707.755958557129 MB
Time index, remove data from structure: 0.01081025275
Time for querying: 0.0
Time for new slide: 0.688509721925
Time for expired slide: 0.106142209775
------------------------------------
Number clusters = 0.0
Max Number points in event queue = 0.0
Avg number points in clusters= 0.0
Avg Rmc size = 0.0
Avg Length exps= 0.0
#window: 41
Total #outliers: 820
Average Time: 793.7614434390241 ms
Peak memory: 2707.755958557129 MB
Time index, remove data from structure: 0.01079011556097561
Time for querying: 0.0
Time for new slide: 0.6876226155609756
Time for expired slide: 0.10613453924390244
------------------------------------
Number clusters = 0.0
Max Number points in event queue = 0.0
Avg number points in clusters= 0.0
Avg Rmc size = 0.0
Avg Length exps= 0.0
#window: 42
Total #outliers: 781
Average Time: 790.9374856428568 ms
Peak memory: 2707.755958557129 MB
Time index, remove data from structure: 0.01073301319047619
Time for querying: 0.0
Time for new slide: 0.6855269011428571
Time for expired slide: 0.10540632495238096
------------------------------------
Number clusters = 0.0
Max Number points in event queue = 0.0
Avg number points in clusters= 0.0
Avg Rmc size = 0.0
Avg Length exps= 0.0
#window: 43
Total #outliers: 800
Average Time: 789.2436070697671 ms
Peak memory: 2707.755958557129 MB
Time index, remove data from structure: 0.010681965860465116
Time for querying: 0.0
Time for new slide: 0.6838776661860465
Time for expired slide: 0.10536170590697674
------------------------------------
Number clusters = 0.0
Max Number points in event queue = 0.0
Avg number points in clusters= 0.0
Avg Rmc size = 0.0
Avg Length exps= 0.0
#window: 44
Total #outliers: 761
Average Time: 787.7156945909088 ms
Peak memory: 2707.755958557129 MB
Time index, remove data from structure: 0.010659407818181818
Time for querying: 0.0
Time for new slide: 0.6826905189090909
Time for expired slide: 0.10502096661363636
------------------------------------
Number clusters = 0.0
Max Number points in event queue = 0.0
Avg number points in clusters= 0.0
Avg Rmc size = 0.0
Avg Length exps= 0.0
#window: 45
Total #outliers: 792
Average Time: 787.4532497555552 ms
Peak memory: 2707.755958557129 MB
Time index, remove data from structure: 0.010658899688888888
Time for querying: 0.0
Time for new slide: 0.6825033545111111
Time for expired slide: 0.1049457036
------------------------------------
Number clusters = 0.0
Max Number points in event queue = 0.0
Avg number points in clusters= 0.0
Avg Rmc size = 0.0
Avg Length exps= 0.0
#window: 46
Total #outliers: 808
Average Time: 787.8960350217387 ms
Peak memory: 2707.755958557129 MB
Time index, remove data from structure: 0.010677480630434782
Time for querying: 0.0
Time for new slide: 0.6826445335652174
Time for expired slide: 0.10524733056521739
------------------------------------
Number clusters = 0.0
Max Number points in event queue = 0.0
Avg number points in clusters= 0.0
Avg Rmc size = 0.0
Avg Length exps= 0.0
Peak memory: 2707.755958557129 MB
Average CPU time: 787.8960350217387 ms
