#window: 1
Total #outliers: 169
Average Time: 0.0 ms
Peak memory: 251.97367095947266 MB
Time index, remove data from structure: 0.0
Time for querying: 0.0
Time for new slide: 0.0
Time for expired slide: 0.0
------------------------------------
Number clusters = 0.0
Max Number points in event queue = 0.0
Avg number points in clusters= 0.0
Avg Rmc size = 0.0
Avg Length exps= 0.0
#window: 2
Total #outliers: 149
Average Time: 59.0667625 ms
Peak memory: 251.97367095947266 MB
Time index, remove data from structure: 0.0017047175
Time for querying: 0.0
Time for new slide: 0.0510493805
Time for expired slide: 0.0080151115
------------------------------------
Number clusters = 0.0
Max Number points in event queue = 0.0
Avg number points in clusters= 0.0
Avg Rmc size = 0.0
Avg Length exps= 0.0
#window: 3
Total #outliers: 151
Average Time: 59.177976666666666 ms
Peak memory: 251.97367095947266 MB
Time index, remove data from structure: 0.0018605940000000001
Time for querying: 0.0
Time for new slide: 0.05165582466666666
Time for expired slide: 0.007519749666666666
------------------------------------
Number clusters = 0.0
Max Number points in event queue = 0.0
Avg number points in clusters= 0.0
Avg Rmc size = 0.0
Avg Length exps= 0.0
#window: 4
Total #outliers: 106
Average Time: 54.197939 ms
Peak memory: 251.97367095947266 MB
Time index, remove data from structure: 0.00185363825
Time for querying: 0.0
Time for new slide: 0.04697969775
Time for expired slide: 0.00721586275
------------------------------------
Number clusters = 0.0
Max Number points in event queue = 0.0
Avg number points in clusters= 0.0
Avg Rmc size = 0.0
Avg Length exps= 0.0
#window: 5
Total #outliers: 37
Average Time: 81.56295539999999 ms
Peak memory: 251.97367095947266 MB
Time index, remove data from structure: 0.0017814132
Time for querying: 0.0
Time for new slide: 0.0744303076
Time for expired slide: 0.0071302807999999995
------------------------------------
Number clusters = 0.0
Max Number points in event queue = 0.0
Avg number points in clusters= 0.0
Avg Rmc size = 0.0
Avg Length exps= 0.0
#window: 6
Total #outliers: 45
Average Time: 74.96738133333334 ms
Peak memory: 261.28526306152344 MB
Time index, remove data from structure: 0.0017345891666666667
Time for querying: 0.0
Time for new slide: 0.06799179033333333
Time for expired slide: 0.0069732208333333325
------------------------------------
Number clusters = 0.0
Max Number points in event queue = 0.0
Avg number points in clusters= 0.0
Avg Rmc size = 0.0
Avg Length exps= 0.0
#window: 7
Total #outliers: 29
Average Time: 75.77411042857142 ms
Peak memory: 261.28526306152344 MB
Time index, remove data from structure: 0.0016701790000000002
Time for querying: 0.0
Time for new slide: 0.06933125171428571
Time for expired slide: 0.0064405258571428575
------------------------------------
Number clusters = 0.0
Max Number points in event queue = 0.0
Avg number points in clusters= 0.0
Avg Rmc size = 0.0
Avg Length exps= 0.0
#window: 8
Total #outliers: 18
Average Time: 71.413836875 ms
Peak memory: 261.28526306152344 MB
Time index, remove data from structure: 0.001658850625
Time for querying: 0.0
Time for new slide: 0.065302901125
Time for expired slide: 0.006108586625
------------------------------------
Number clusters = 0.0
Max Number points in event queue = 0.0
Avg number points in clusters= 0.0
Avg Rmc size = 0.0
Avg Length exps= 0.0
#window: 9
Total #outliers: 20
Average Time: 70.49204755555554 ms
Peak memory: 261.28526306152344 MB
Time index, remove data from structure: 0.0016143397777777777
Time for querying: 0.0
Time for new slide: 0.06469422822222222
Time for expired slide: 0.005795458999999999
------------------------------------
Number clusters = 0.0
Max Number points in event queue = 0.0
Avg number points in clusters= 0.0
Avg Rmc size = 0.0
Avg Length exps= 0.0
#window: 10
Total #outliers: 5
Average Time: 67.79054980000001 ms
Peak memory: 261.28526306152344 MB
Time index, remove data from structure: 0.0015748408
Time for querying: 0.0
Time for new slide: 0.062074786199999996
Time for expired slide: 0.0057133115
------------------------------------
Number clusters = 0.0
Max Number points in event queue = 0.0
Avg number points in clusters= 0.0
Avg Rmc size = 0.0
Avg Length exps= 0.0
#window: 11
Total #outliers: 72
Average Time: 68.73363845454546 ms
Peak memory: 261.28526306152344 MB
Time index, remove data from structure: 0.001562935090909091
Time for querying: 0.0
Time for new slide: 0.06293076918181818
Time for expired slide: 0.0058004091818181815
------------------------------------
Number clusters = 0.0
Max Number points in event queue = 0.0
Avg number points in clusters= 0.0
Avg Rmc size = 0.0
Avg Length exps= 0.0
#window: 12
Total #outliers: 106
Average Time: 68.32145083333334 ms
Peak memory: 261.28526306152344 MB
Time index, remove data from structure: 0.0015440823333333334
Time for querying: 0.0
Time for new slide: 0.06264182316666667
Time for expired slide: 0.005677157666666666
------------------------------------
Number clusters = 0.0
Max Number points in event queue = 0.0
Avg number points in clusters= 0.0
Avg Rmc size = 0.0
Avg Length exps= 0.0
#window: 13
Total #outliers: 111
Average Time: 68.82496415384615 ms
Peak memory: 261.28526306152344 MB
Time index, remove data from structure: 0.001545562076923077
Time for querying: 0.0
Time for new slide: 0.0631062106923077
Time for expired slide: 0.005716245615384615
------------------------------------
Number clusters = 0.0
Max Number points in event queue = 0.0
Avg number points in clusters= 0.0
Avg Rmc size = 0.0
Avg Length exps= 0.0
#window: 14
Total #outliers: 82
Average Time: 65.8083025 ms
Peak memory: 261.28526306152344 MB
Time index, remove data from structure: 0.0015510727857142856
Time for querying: 0.0
Time for new slide: 0.060127906999999994
Time for expired slide: 0.0056778990714285715
------------------------------------
Number clusters = 0.0
Max Number points in event queue = 0.0
Avg number points in clusters= 0.0
Avg Rmc size = 0.0
Avg Length exps= 0.0
#window: 15
Total #outliers: 24
Average Time: 62.515340599999995 ms
Peak memory: 266.8546829223633 MB
Time index, remove data from structure: 0.0015337974666666666
Time for querying: 0.0
Time for new slide: 0.056943309266666665
Time for expired slide: 0.0055691836
------------------------------------
Number clusters = 0.0
Max Number points in event queue = 0.0
Avg number points in clusters= 0.0
Avg Rmc size = 0.0
Avg Length exps= 0.0
#window: 16
Total #outliers: 36
Average Time: 62.653750125 ms
Peak memory: 266.8546829223633 MB
Time index, remove data from structure: 0.00150866925
Time for querying: 0.0
Time for new slide: 0.0572402629375
Time for expired slide: 0.0054106286875
------------------------------------
Number clusters = 0.0
Max Number points in event queue = 0.0
Avg number points in clusters= 0.0
Avg Rmc size = 0.0
Avg Length exps= 0.0
#window: 17
Total #outliers: 44
Average Time: 62.717884294117646 ms
Peak memory: 344.78914642333984 MB
Time index, remove data from structure: 0.001491908
Time for querying: 0.0
Time for new slide: 0.0574575875882353
Time for expired slide: 0.0052574406470588236
------------------------------------
Number clusters = 0.0
Max Number points in event queue = 0.0
Avg number points in clusters= 0.0
Avg Rmc size = 0.0
Avg Length exps= 0.0
#window: 18
Total #outliers: 35
Average Time: 61.68945244444445 ms
Peak memory: 344.78914642333984 MB
Time index, remove data from structure: 0.0014768315
Time for querying: 0.0
Time for new slide: 0.05653180588888889
Time for expired slide: 0.0051548094999999995
------------------------------------
Number clusters = 0.0
Max Number points in event queue = 0.0
Avg number points in clusters= 0.0
Avg Rmc size = 0.0
Avg Length exps= 0.0
#window: 19
Total #outliers: 27
Average Time: 60.44310336842105 ms
Peak memory: 412.9770202636719 MB
Time index, remove data from structure: 0.0014646188947368421
Time for querying: 0.0
Time for new slide: 0.055154222894736836
Time for expired slide: 0.005286025736842105
------------------------------------
Number clusters = 0.0
Max Number points in event queue = 0.0
Avg number points in clusters= 0.0
Avg Rmc size = 0.0
Avg Length exps= 0.0
#window: 20
Total #outliers: 30
Average Time: 59.4076167 ms
Peak memory: 412.9770202636719 MB
Time index, remove data from structure: 0.00145091405
Time for querying: 0.0
Time for new slide: 0.05421573750000001
Time for expired slide: 0.005189027949999999
------------------------------------
Number clusters = 0.0
Max Number points in event queue = 0.0
Avg number points in clusters= 0.0
Avg Rmc size = 0.0
Avg Length exps= 0.0
#window: 21
Total #outliers: 27
Average Time: 58.255564380952386 ms
Peak memory: 412.9770202636719 MB
Time index, remove data from structure: 0.0014387277619047618
Time for querying: 0.0
Time for new slide: 0.05315646085714285
Time for expired slide: 0.005096237857142857
------------------------------------
Number clusters = 0.0
Max Number points in event queue = 0.0
Avg number points in clusters= 0.0
Avg Rmc size = 0.0
Avg Length exps= 0.0
#window: 22
Total #outliers: 64
Average Time: 59.254369181818184 ms
Peak memory: 473.5443115234375 MB
Time index, remove data from structure: 0.0014358339090909092
Time for querying: 0.0
Time for new slide: 0.05418608304545455
Time for expired slide: 0.0050654231818181815
------------------------------------
Number clusters = 0.0
Max Number points in event queue = 0.0
Avg number points in clusters= 0.0
Avg Rmc size = 0.0
Avg Length exps= 0.0
#window: 23
Total #outliers: 84
Average Time: 59.66462504347827 ms
Peak memory: 541.7512435913086 MB
Time index, remove data from structure: 0.0014349104347826087
Time for querying: 0.0
Time for new slide: 0.05466015573913043
Time for expired slide: 0.005001580086956522
------------------------------------
Number clusters = 0.0
Max Number points in event queue = 0.0
Avg number points in clusters= 0.0
Avg Rmc size = 0.0
Avg Length exps= 0.0
#window: 24
Total #outliers: 136
Average Time: 59.24179895833334 ms
Peak memory: 541.7512435913086 MB
Time index, remove data from structure: 0.0014259356666666667
Time for querying: 0.0
Time for new slide: 0.05430715116666667
Time for expired slide: 0.004931688541666666
------------------------------------
Number clusters = 0.0
Max Number points in event queue = 0.0
Avg number points in clusters= 0.0
Avg Rmc size = 0.0
Avg Length exps= 0.0
#window: 25
Total #outliers: 184
Average Time: 59.03810572000001 ms
Peak memory: 541.7512435913086 MB
Time index, remove data from structure: 0.0014193527999999999
Time for querying: 0.0
Time for new slide: 0.05418186724
Time for expired slide: 0.00485329388
------------------------------------
Number clusters = 0.0
Max Number points in event queue = 0.0
Avg number points in clusters= 0.0
Avg Rmc size = 0.0
Avg Length exps= 0.0
#window: 26
Total #outliers: 95
Average Time: 58.38132653846155 ms
Peak memory: 541.7512435913086 MB
Time index, remove data from structure: 0.0014111610384615384
Time for querying: 0.0
Time for new slide: 0.053558824846153846
Time for expired slide: 0.004819583884615384
------------------------------------
Number clusters = 0.0
Max Number points in event queue = 0.0
Avg number points in clusters= 0.0
Avg Rmc size = 0.0
Avg Length exps= 0.0
#window: 27
Total #outliers: 61
Average Time: 57.89085996296298 ms
Peak memory: 541.7512435913086 MB
Time index, remove data from structure: 0.001400354074074074
Time for querying: 0.0
Time for new slide: 0.053135165370370364
Time for expired slide: 0.0047527935555555555
------------------------------------
Number clusters = 0.0
Max Number points in event queue = 0.0
Avg number points in clusters= 0.0
Avg Rmc size = 0.0
Avg Length exps= 0.0
#window: 28
Total #outliers: 70
Average Time: 56.86104771428573 ms
Peak memory: 541.7512435913086 MB
Time index, remove data from structure: 0.0013923727857142857
Time for querying: 0.0
Time for new slide: 0.05210714328571429
Time for expired slide: 0.004751039357142857
------------------------------------
Number clusters = 0.0
Max Number points in event queue = 0.0
Avg number points in clusters= 0.0
Avg Rmc size = 0.0
Avg Length exps= 0.0
#window: 29
Total #outliers: 46
Average Time: 55.6270399310345 ms
Peak memory: 541.7512435913086 MB
Time index, remove data from structure: 0.0013849992413793102
Time for querying: 0.0
Time for new slide: 0.050937019413793104
Time for expired slide: 0.0046871982758620685
------------------------------------
Number clusters = 0.0
Max Number points in event queue = 0.0
Avg number points in clusters= 0.0
Avg Rmc size = 0.0
Avg Length exps= 0.0
#window: 30
Total #outliers: 60
Average Time: 54.749806800000016 ms
Peak memory: 541.7512435913086 MB
Time index, remove data from structure: 0.0013740302000000001
Time for querying: 0.0
Time for new slide: 0.05013733546666667
Time for expired slide: 0.0046096846666666665
------------------------------------
Number clusters = 0.0
Max Number points in event queue = 0.0
Avg number points in clusters= 0.0
Avg Rmc size = 0.0
Avg Length exps= 0.0
#window: 31
Total #outliers: 62
Average Time: 54.52606564516131 ms
Peak memory: 541.7512435913086 MB
Time index, remove data from structure: 0.0013634104516129031
Time for querying: 0.0
Time for new slide: 0.04995032064516129
Time for expired slide: 0.00457298235483871
------------------------------------
Number clusters = 0.0
Max Number points in event queue = 0.0
Avg number points in clusters= 0.0
Avg Rmc size = 0.0
Avg Length exps= 0.0
#window: 32
Total #outliers: 66
Average Time: 53.579138531250024 ms
Peak memory: 541.7512435913086 MB
Time index, remove data from structure: 0.00135801621875
Time for querying: 0.0
Time for new slide: 0.0490514735
Time for expired slide: 0.0045249265625
------------------------------------
Number clusters = 0.0
Max Number points in event queue = 0.0
Avg number points in clusters= 0.0
Avg Rmc size = 0.0
Avg Length exps= 0.0
#window: 33
Total #outliers: 97
Average Time: 53.022066121212134 ms
Peak memory: 541.7512435913086 MB
Time index, remove data from structure: 0.0013485117575757577
Time for querying: 0.0
Time for new slide: 0.04853116206060606
Time for expired slide: 0.004488199545454545
------------------------------------
Number clusters = 0.0
Max Number points in event queue = 0.0
Avg number points in clusters= 0.0
Avg Rmc size = 0.0
Avg Length exps= 0.0
#window: 34
Total #outliers: 86
Average Time: 52.49236814705884 ms
Peak memory: 541.7512435913086 MB
Time index, remove data from structure: 0.0013418724705882353
Time for querying: 0.0
Time for new slide: 0.04801036873529412
Time for expired slide: 0.004479320205882353
------------------------------------
Number clusters = 0.0
Max Number points in event queue = 0.0
Avg number points in clusters= 0.0
Avg Rmc size = 0.0
Avg Length exps= 0.0
#window: 35
Total #outliers: 42
Average Time: 52.0248482857143 ms
Peak memory: 541.7512435913086 MB
Time index, remove data from structure: 0.0013341054571428571
Time for querying: 0.0
Time for new slide: 0.047575176514285715
Time for expired slide: 0.004447013342857143
------------------------------------
Number clusters = 0.0
Max Number points in event queue = 0.0
Avg number points in clusters= 0.0
Avg Rmc size = 0.0
Avg Length exps= 0.0
#window: 36
Total #outliers: 27
Average Time: 51.661370583333344 ms
Peak memory: 541.7512435913086 MB
Time index, remove data from structure: 0.0013283204444444446
Time for querying: 0.0
Time for new slide: 0.04719162441666666
Time for expired slide: 0.004467104583333333
------------------------------------
Number clusters = 0.0
Max Number points in event queue = 0.0
Avg number points in clusters= 0.0
Avg Rmc size = 0.0
Avg Length exps= 0.0
#window: 37
Total #outliers: 17
Average Time: 50.84367021621623 ms
Peak memory: 541.7512435913086 MB
Time index, remove data from structure: 0.0013249763513513515
Time for querying: 0.0
Time for new slide: 0.04641436213513514
Time for expired slide: 0.004426687243243244
------------------------------------
Number clusters = 0.0
Max Number points in event queue = 0.0
Avg number points in clusters= 0.0
Avg Rmc size = 0.0
Avg Length exps= 0.0
#window: 38
Total #outliers: 1
Average Time: 50.26308734210528 ms
Peak memory: 541.7512435913086 MB
Time index, remove data from structure: 0.001318828789473684
Time for querying: 0.0
Time for new slide: 0.04583206907894737
Time for expired slide: 0.004428412052631579
------------------------------------
Number clusters = 0.0
Max Number points in event queue = 0.0
Avg number points in clusters= 0.0
Avg Rmc size = 0.0
Avg Length exps= 0.0
#window: 39
Total #outliers: 50
Average Time: 49.51128479487181 ms
Peak memory: 541.7512435913086 MB
Time index, remove data from structure: 0.0013133564102564103
Time for querying: 0.0
Time for new slide: 0.045106138000000004
Time for expired slide: 0.004402559769230769
------------------------------------
Number clusters = 0.0
Max Number points in event queue = 0.0
Avg number points in clusters= 0.0
Avg Rmc size = 0.0
Avg Length exps= 0.0
#window: 40
Total #outliers: 39
Average Time: 49.66715075000001 ms
Peak memory: 541.7512435913086 MB
Time index, remove data from structure: 0.001306296975
Time for querying: 0.0
Time for new slide: 0.045309023575
Time for expired slide: 0.004355544475
------------------------------------
Number clusters = 0.0
Max Number points in event queue = 0.0
Avg number points in clusters= 0.0
Avg Rmc size = 0.0
Avg Length exps= 0.0
#window: 41
Total #outliers: 26
Average Time: 49.45905726829269 ms
Peak memory: 544.8070526123047 MB
Time index, remove data from structure: 0.0013004453170731708
Time for querying: 0.0
Time for new slide: 0.04513942456097561
Time for expired slide: 0.004317057365853658
------------------------------------
Number clusters = 0.0
Max Number points in event queue = 0.0
Avg number points in clusters= 0.0
Avg Rmc size = 0.0
Avg Length exps= 0.0
#window: 42
Total #outliers: 10
Average Time: 49.3176792857143 ms
Peak memory: 544.8070526123047 MB
Time index, remove data from structure: 0.001295347880952381
Time for querying: 0.0
Time for new slide: 0.045034359928571424
Time for expired slide: 0.004280742523809523
------------------------------------
Number clusters = 0.0
Max Number points in event queue = 0.0
Avg number points in clusters= 0.0
Avg Rmc size = 0.0
Avg Length exps= 0.0
#window: 43
Total #outliers: 1
Average Time: 48.747732162790705 ms
Peak memory: 544.8070526123047 MB
Time index, remove data from structure: 0.001292351558139535
Time for querying: 0.0
Time for new slide: 0.044489965976744185
Time for expired slide: 0.004255193465116279
------------------------------------
Number clusters = 0.0
Max Number points in event queue = 0.0
Avg number points in clusters= 0.0
Avg Rmc size = 0.0
Avg Length exps= 0.0
#window: 44
Total #outliers: 0
Average Time: 48.45652406818182 ms
Peak memory: 544.8070526123047 MB
Time index, remove data from structure: 0.00128840225
Time for querying: 0.0
Time for new slide: 0.044222428295454544
Time for expired slide: 0.004231541681818182
------------------------------------
Number clusters = 0.0
Max Number points in event queue = 0.0
Avg number points in clusters= 0.0
Avg Rmc size = 0.0
Avg Length exps= 0.0
#window: 45
Total #outliers: 1
Average Time: 48.14022957777779 ms
Peak memory: 544.8070526123047 MB
Time index, remove data from structure: 0.0012830614888888888
Time for querying: 0.0
Time for new slide: 0.04394094493333334
Time for expired slide: 0.0041967434
------------------------------------
Number clusters = 0.0
Max Number points in event queue = 0.0
Avg number points in clusters= 0.0
Avg Rmc size = 0.0
Avg Length exps= 0.0
#window: 46
Total #outliers: 9
Average Time: 47.65008421739131 ms
Peak memory: 544.8070526123047 MB
Time index, remove data from structure: 0.001279311152173913
Time for querying: 0.0
Time for new slide: 0.04348890356521739
Time for expired slide: 0.004158652760869566
------------------------------------
Number clusters = 0.0
Max Number points in event queue = 0.0
Avg number points in clusters= 0.0
Avg Rmc size = 0.0
Avg Length exps= 0.0
#window: 47
Total #outliers: 32
Average Time: 47.71876134042554 ms
Peak memory: 544.8070526123047 MB
Time index, remove data from structure: 0.001275853829787234
Time for querying: 0.0
Time for new slide: 0.043589656085106385
Time for expired slide: 0.0041265812127659575
------------------------------------
Number clusters = 0.0
Max Number points in event queue = 0.0
Avg number points in clusters= 0.0
Avg Rmc size = 0.0
Avg Length exps= 0.0
#window: 48
Total #outliers: 21
Average Time: 47.44465856250001 ms
Peak memory: 544.8070526123047 MB
Time index, remove data from structure: 0.0012765089791666668
Time for querying: 0.0
Time for new slide: 0.04331074583333333
Time for expired slide: 0.004131387479166667
------------------------------------
Number clusters = 0.0
Max Number points in event queue = 0.0
Avg number points in clusters= 0.0
Avg Rmc size = 0.0
Avg Length exps= 0.0
#window: 49
Total #outliers: 53
Average Time: 47.22201573469389 ms
Peak memory: 544.8070526123047 MB
Time index, remove data from structure: 0.0012735525102040815
Time for querying: 0.0
Time for new slide: 0.04311175902040816
Time for expired slide: 0.004107740632653061
------------------------------------
Number clusters = 0.0
Max Number points in event queue = 0.0
Avg number points in clusters= 0.0
Avg Rmc size = 0.0
Avg Length exps= 0.0
#window: 50
Total #outliers: 55
Average Time: 47.452630880000015 ms
Peak memory: 544.8070526123047 MB
Time index, remove data from structure: 0.00127009912
Time for querying: 0.0
Time for new slide: 0.04330043976
Time for expired slide: 0.0041496742800000005
------------------------------------
Number clusters = 0.0
Max Number points in event queue = 0.0
Avg number points in clusters= 0.0
Avg Rmc size = 0.0
Avg Length exps= 0.0
#window: 51
Total #outliers: 20
Average Time: 47.17142062745099 ms
Peak memory: 544.8070526123047 MB
Time index, remove data from structure: 0.001269319254901961
Time for querying: 0.0
Time for new slide: 0.04303558290196078
Time for expired slide: 0.00413333125490196
------------------------------------
Number clusters = 0.0
Max Number points in event queue = 0.0
Avg number points in clusters= 0.0
Avg Rmc size = 0.0
Avg Length exps= 0.0
#window: 52
Total #outliers: 25
Average Time: 47.07175425000001 ms
Peak memory: 544.8070526123047 MB
Time index, remove data from structure: 0.0012667726730769232
Time for querying: 0.0
Time for new slide: 0.04296299478846154
Time for expired slide: 0.004106257326923077
------------------------------------
Number clusters = 0.0
Max Number points in event queue = 0.0
Avg number points in clusters= 0.0
Avg Rmc size = 0.0
Avg Length exps= 0.0
#window: 53
Total #outliers: 12
Average Time: 46.5833765283019 ms
Peak memory: 544.8070526123047 MB
Time index, remove data from structure: 0.0012654216226415094
Time for querying: 0.0
Time for new slide: 0.04248103024528301
Time for expired slide: 0.004099844283018868
------------------------------------
Number clusters = 0.0
Max Number points in event queue = 0.0
Avg number points in clusters= 0.0
Avg Rmc size = 0.0
Avg Length exps= 0.0
#window: 54
Total #outliers: 51
Average Time: 46.36668207407408 ms
Peak memory: 544.8070526123047 MB
Time index, remove data from structure: 0.001261915462962963
Time for querying: 0.0
Time for new slide: 0.04227432983333333
Time for expired slide: 0.004089853648148148
------------------------------------
Number clusters = 0.0
Max Number points in event queue = 0.0
Avg number points in clusters= 0.0
Avg Rmc size = 0.0
Avg Length exps= 0.0
#window: 55
Total #outliers: 94
Average Time: 46.60137658181819 ms
Peak memory: 544.8070526123047 MB
Time index, remove data from structure: 0.0012578912727272728
Time for querying: 0.0
Time for new slide: 0.0425399361090909
Time for expired slide: 0.004058936872727272
------------------------------------
Number clusters = 0.0
Max Number points in event queue = 0.0
Avg number points in clusters= 0.0
Avg Rmc size = 0.0
Avg Length exps= 0.0
#window: 56
Total #outliers: 83
Average Time: 46.582762928571434 ms
Peak memory: 544.8070526123047 MB
Time index, remove data from structure: 0.001256989875
Time for querying: 0.0
Time for new slide: 0.04253445842857143
Time for expired slide: 0.004045795410714286
------------------------------------
Number clusters = 0.0
Max Number points in event queue = 0.0
Avg number points in clusters= 0.0
Avg Rmc size = 0.0
Avg Length exps= 0.0
#window: 57
Total #outliers: 45
Average Time: 46.74526254385965 ms
Peak memory: 544.8070526123047 MB
Time index, remove data from structure: 0.0012545717192982456
Time for querying: 0.0
Time for new slide: 0.0427183878245614
Time for expired slide: 0.004024361543859649
------------------------------------
Number clusters = 0.0
Max Number points in event queue = 0.0
Avg number points in clusters= 0.0
Avg Rmc size = 0.0
Avg Length exps= 0.0
#window: 58
Total #outliers: 43
Average Time: 46.763274155172425 ms
Peak memory: 544.8070526123047 MB
Time index, remove data from structure: 0.0012533070862068964
Time for querying: 0.0
Time for new slide: 0.04273267070689655
Time for expired slide: 0.004028080327586206
------------------------------------
Number clusters = 0.0
Max Number points in event queue = 0.0
Avg number points in clusters= 0.0
Avg Rmc size = 0.0
Avg Length exps= 0.0
#window: 59
Total #outliers: 37
Average Time: 46.77713237288136 ms
Peak memory: 601.5244216918945 MB
Time index, remove data from structure: 0.001250609
Time for querying: 0.0
Time for new slide: 0.042766762067796615
Time for expired slide: 0.004007849440677966
------------------------------------
Number clusters = 0.0
Max Number points in event queue = 0.0
Avg number points in clusters= 0.0
Avg Rmc size = 0.0
Avg Length exps= 0.0
#window: 60
Total #outliers: 86
Average Time: 46.94776323333334 ms
Peak memory: 660.8579330444336 MB
Time index, remove data from structure: 0.0012487056833333334
Time for querying: 0.0
Time for new slide: 0.04294511775
Time for expired slide: 0.00400012655
------------------------------------
Number clusters = 0.0
Max Number points in event queue = 0.0
Avg number points in clusters= 0.0
Avg Rmc size = 0.0
Avg Length exps= 0.0
#window: 61
Total #outliers: 44
Average Time: 46.9104442295082 ms
Peak memory: 660.8579330444336 MB
Time index, remove data from structure: 0.001246447606557377
Time for querying: 0.0
Time for new slide: 0.042915190540983604
Time for expired slide: 0.0039927353114754096
------------------------------------
Number clusters = 0.0
Max Number points in event queue = 0.0
Avg number points in clusters= 0.0
Avg Rmc size = 0.0
Avg Length exps= 0.0
#window: 62
Total #outliers: 20
Average Time: 46.94318375806452 ms
Peak memory: 660.8579330444336 MB
Time index, remove data from structure: 0.0012457637419354837
Time for querying: 0.0
Time for new slide: 0.042892864048387096
Time for expired slide: 0.004047795016129032
------------------------------------
Number clusters = 0.0
Max Number points in event queue = 0.0
Avg number points in clusters= 0.0
Avg Rmc size = 0.0
Avg Length exps= 0.0
#window: 63
Total #outliers: 38
Average Time: 46.850249317460325 ms
Peak memory: 720.1891174316406 MB
Time index, remove data from structure: 0.0012434218412698413
Time for querying: 0.0
Time for new slide: 0.042801617698412696
Time for expired slide: 0.004046097603174603
------------------------------------
Number clusters = 0.0
Max Number points in event queue = 0.0
Avg number points in clusters= 0.0
Avg Rmc size = 0.0
Avg Length exps= 0.0
#window: 64
Total #outliers: 38
Average Time: 47.273609078125006 ms
Peak memory: 799.3099899291992 MB
Time index, remove data from structure: 0.001245023203125
Time for querying: 0.0
Time for new slide: 0.0431972764375
Time for expired slide: 0.004073798
------------------------------------
Number clusters = 0.0
Max Number points in event queue = 0.0
Avg number points in clusters= 0.0
Avg Rmc size = 0.0
Avg Length exps= 0.0
#window: 65
Total #outliers: 95
Average Time: 47.56953058461539 ms
Peak memory: 799.3099899291992 MB
Time index, remove data from structure: 0.0012450172615384616
Time for querying: 0.0
Time for new slide: 0.04349971698461538
Time for expired slide: 0.004067273153846154
------------------------------------
Number clusters = 0.0
Max Number points in event queue = 0.0
Avg number points in clusters= 0.0
Avg Rmc size = 0.0
Avg Length exps= 0.0
#window: 66
Total #outliers: 115
Average Time: 47.636793287878795 ms
Peak memory: 858.6411285400391 MB
Time index, remove data from structure: 0.0012485747272727272
Time for querying: 0.0
Time for new slide: 0.04354784822727273
Time for expired slide: 0.004086401878787879
------------------------------------
Number clusters = 0.0
Max Number points in event queue = 0.0
Avg number points in clusters= 0.0
Avg Rmc size = 0.0
Avg Length exps= 0.0
#window: 67
Total #outliers: 59
Average Time: 47.26411437313434 ms
Peak memory: 858.6411285400391 MB
Time index, remove data from structure: 0.0012489661641791043
Time for querying: 0.0
Time for new slide: 0.04319293365671642
Time for expired slide: 0.004068638835820895
------------------------------------
Number clusters = 0.0
Max Number points in event queue = 0.0
Avg number points in clusters= 0.0
Avg Rmc size = 0.0
Avg Length exps= 0.0
#window: 68
Total #outliers: 52
Average Time: 47.625344926470596 ms
Peak memory: 917.9723739624023 MB
Time index, remove data from structure: 0.0012479102205882353
Time for querying: 0.0
Time for new slide: 0.04355298838235294
Time for expired slide: 0.0040698092058823535
------------------------------------
Number clusters = 0.0
Max Number points in event queue = 0.0
Avg number points in clusters= 0.0
Avg Rmc size = 0.0
Avg Length exps= 0.0
#window: 69
Total #outliers: 58
Average Time: 47.45598486956523 ms
Peak memory: 917.9723739624023 MB
Time index, remove data from structure: 0.001245630579710145
Time for querying: 0.0
Time for new slide: 0.043403808724637685
Time for expired slide: 0.004049623536231884
------------------------------------
Number clusters = 0.0
Max Number points in event queue = 0.0
Avg number points in clusters= 0.0
Avg Rmc size = 0.0
Avg Length exps= 0.0
#window: 70
Total #outliers: 77
Average Time: 47.21066997142858 ms
Peak memory: 917.9723739624023 MB
Time index, remove data from structure: 0.0012434979571428573
Time for querying: 0.0
Time for new slide: 0.04317492052857143
Time for expired slide: 0.004033195414285714
------------------------------------
Number clusters = 0.0
Max Number points in event queue = 0.0
Avg number points in clusters= 0.0
Avg Rmc size = 0.0
Avg Length exps= 0.0
#window: 71
Total #outliers: 82
Average Time: 46.972777000000015 ms
Peak memory: 997.0947189331055 MB
Time index, remove data from structure: 0.001240828732394366
Time for querying: 0.0
Time for new slide: 0.04295540742253521
Time for expired slide: 0.004014820507042253
------------------------------------
Number clusters = 0.0
Max Number points in event queue = 0.0
Avg number points in clusters= 0.0
Avg Rmc size = 0.0
Avg Length exps= 0.0
#window: 72
Total #outliers: 32
Average Time: 46.88073620833335 ms
Peak memory: 997.0947189331055 MB
Time index, remove data from structure: 0.001238774625
Time for querying: 0.0
Time for new slide: 0.042880591625
Time for expired slide: 0.003997595347222222
------------------------------------
Number clusters = 0.0
Max Number points in event queue = 0.0
Avg number points in clusters= 0.0
Avg Rmc size = 0.0
Avg Length exps= 0.0
#window: 73
Total #outliers: 92
Average Time: 46.67058332876714 ms
Peak memory: 997.0947189331055 MB
Time index, remove data from structure: 0.0012376649452054795
Time for querying: 0.0
Time for new slide: 0.04269067752054794
Time for expired slide: 0.003977352273972602
------------------------------------
Number clusters = 0.0
Max Number points in event queue = 0.0
Avg number points in clusters= 0.0
Avg Rmc size = 0.0
Avg Length exps= 0.0
#window: 74
Total #outliers: 72
Average Time: 46.653575445945954 ms
Peak memory: 1048.9729309082031 MB
Time index, remove data from structure: 0.0012361075810810812
Time for querying: 0.0
Time for new slide: 0.04267364255405405
Time for expired slide: 0.003977375662162162
------------------------------------
Number clusters = 0.0
Max Number points in event queue = 0.0
Avg number points in clusters= 0.0
Avg Rmc size = 0.0
Avg Length exps= 0.0
#window: 75
Total #outliers: 73
Average Time: 46.77642825333335 ms
Peak memory: 1048.9729309082031 MB
Time index, remove data from structure: 0.0012341028266666667
Time for querying: 0.0
Time for new slide: 0.04278186653333333
Time for expired slide: 0.00399200576
------------------------------------
Number clusters = 0.0
Max Number points in event queue = 0.0
Avg number points in clusters= 0.0
Avg Rmc size = 0.0
Avg Length exps= 0.0
#window: 76
Total #outliers: 139
Average Time: 46.93601664473685 ms
Peak memory: 1048.9729309082031 MB
Time index, remove data from structure: 0.0012329538815789474
Time for querying: 0.0
Time for new slide: 0.04296205014473684
Time for expired slide: 0.003971412552631579
------------------------------------
Number clusters = 0.0
Max Number points in event queue = 0.0
Avg number points in clusters= 0.0
Avg Rmc size = 0.0
Avg Length exps= 0.0
#window: 77
Total #outliers: 144
Average Time: 46.75630458441559 ms
Peak memory: 1048.9729309082031 MB
Time index, remove data from structure: 0.0012339616363636365
Time for querying: 0.0
Time for new slide: 0.04278911931168831
Time for expired slide: 0.003964637350649351
------------------------------------
Number clusters = 0.0
Max Number points in event queue = 0.0
Avg number points in clusters= 0.0
Avg Rmc size = 0.0
Avg Length exps= 0.0
#window: 78
Total #outliers: 41
Average Time: 46.63481896153848 ms
Peak memory: 1048.9729309082031 MB
Time index, remove data from structure: 0.0012341413076923078
Time for querying: 0.0
Time for new slide: 0.042674707705128205
Time for expired slide: 0.00395756858974359
------------------------------------
Number clusters = 0.0
Max Number points in event queue = 0.0
Avg number points in clusters= 0.0
Avg Rmc size = 0.0
Avg Length exps= 0.0
#window: 79
Total #outliers: 47
Average Time: 46.81510001265824 ms
Peak memory: 1048.9729309082031 MB
Time index, remove data from structure: 0.0012320697594936708
Time for querying: 0.0
Time for new slide: 0.042875527645569615
Time for expired slide: 0.003937028518987342
------------------------------------
Number clusters = 0.0
Max Number points in event queue = 0.0
Avg number points in clusters= 0.0
Avg Rmc size = 0.0
Avg Length exps= 0.0
#window: 80
Total #outliers: 12
Average Time: 46.67561410000001 ms
Peak memory: 1048.9729309082031 MB
Time index, remove data from structure: 0.001230515575
Time for querying: 0.0
Time for new slide: 0.0427308548
Time for expired slide: 0.003942218125
------------------------------------
Number clusters = 0.0
Max Number points in event queue = 0.0
Avg number points in clusters= 0.0
Avg Rmc size = 0.0
Avg Length exps= 0.0
#window: 81
Total #outliers: 21
Average Time: 46.67354906172841 ms
Peak memory: 1048.9729309082031 MB
Time index, remove data from structure: 0.001228898901234568
Time for querying: 0.0
Time for new slide: 0.04274218903703704
Time for expired slide: 0.003928814518518518
------------------------------------
Number clusters = 0.0
Max Number points in event queue = 0.0
Avg number points in clusters= 0.0
Avg Rmc size = 0.0
Avg Length exps= 0.0
#window: 82
Total #outliers: 35
Average Time: 46.846727902439035 ms
Peak memory: 1048.9729309082031 MB
Time index, remove data from structure: 0.001228964731707317
Time for querying: 0.0
Time for new slide: 0.04291456808536585
Time for expired slide: 0.003929613256097561
------------------------------------
Number clusters = 0.0
Max Number points in event queue = 0.0
Avg number points in clusters= 0.0
Avg Rmc size = 0.0
Avg Length exps= 0.0
#window: 83
Total #outliers: 37
Average Time: 46.75876938554218 ms
Peak memory: 1048.9729309082031 MB
Time index, remove data from structure: 0.001227814156626506
Time for querying: 0.0
Time for new slide: 0.04284226569879518
Time for expired slide: 0.003913959156626506
------------------------------------
Number clusters = 0.0
Max Number points in event queue = 0.0
Avg number points in clusters= 0.0
Avg Rmc size = 0.0
Avg Length exps= 0.0
#window: 84
Total #outliers: 41
Average Time: 46.66452186904763 ms
Peak memory: 1048.9729309082031 MB
Time index, remove data from structure: 0.00122668425
Time for querying: 0.0
Time for new slide: 0.04272688185714286
Time for expired slide: 0.003935098583333334
------------------------------------
Number clusters = 0.0
Max Number points in event queue = 0.0
Avg number points in clusters= 0.0
Avg Rmc size = 0.0
Avg Length exps= 0.0
#window: 85
Total #outliers: 82
Average Time: 46.772185058823545 ms
Peak memory: 1048.9729309082031 MB
Time index, remove data from structure: 0.0012263263411764706
Time for querying: 0.0
Time for new slide: 0.04284716527058823
Time for expired slide: 0.003922479823529412
------------------------------------
Number clusters = 0.0
Max Number points in event queue = 0.0
Avg number points in clusters= 0.0
Avg Rmc size = 0.0
Avg Length exps= 0.0
#window: 86
Total #outliers: 91
Average Time: 46.88703495348839 ms
Peak memory: 1048.9729309082031 MB
Time index, remove data from structure: 0.0012270516744186046
Time for querying: 0.0
Time for new slide: 0.04292324472093023
Time for expired slide: 0.003961249255813953
------------------------------------
Number clusters = 0.0
Max Number points in event queue = 0.0
Avg number points in clusters= 0.0
Avg Rmc size = 0.0
Avg Length exps= 0.0
#window: 87
Total #outliers: 52
Average Time: 46.79096170114944 ms
Peak memory: 1048.9729309082031 MB
Time index, remove data from structure: 0.0012265408505747126
Time for querying: 0.0
Time for new slide: 0.042845715218390805
Time for expired slide: 0.00394270308045977
------------------------------------
Number clusters = 0.0
Max Number points in event queue = 0.0
Avg number points in clusters= 0.0
Avg Rmc size = 0.0
Avg Length exps= 0.0
#window: 88
Total #outliers: 33
Average Time: 46.67688586363638 ms
Peak memory: 1048.9729309082031 MB
Time index, remove data from structure: 0.0012261226818181818
Time for querying: 0.0
Time for new slide: 0.042750773931818184
Time for expired slide: 0.003923571261363636
------------------------------------
Number clusters = 0.0
Max Number points in event queue = 0.0
Avg number points in clusters= 0.0
Avg Rmc size = 0.0
Avg Length exps= 0.0
#window: 89
Total #outliers: 28
Average Time: 46.60140501123597 ms
Peak memory: 1048.9729309082031 MB
Time index, remove data from structure: 0.001226365808988764
Time for querying: 0.0
Time for new slide: 0.04269366537078652
Time for expired slide: 0.003905201988764045
------------------------------------
Number clusters = 0.0
Max Number points in event queue = 0.0
Avg number points in clusters= 0.0
Avg Rmc size = 0.0
Avg Length exps= 0.0
#window: 90
Total #outliers: 49
Average Time: 46.55019912222223 ms
Peak memory: 1048.9729309082031 MB
Time index, remove data from structure: 0.0012242432444444446
Time for querying: 0.0
Time for new slide: 0.04266352344444445
Time for expired slide: 0.0038841379444444447
------------------------------------
Number clusters = 0.0
Max Number points in event queue = 0.0
Avg number points in clusters= 0.0
Avg Rmc size = 0.0
Avg Length exps= 0.0
#window: 91
Total #outliers: 71
Average Time: 46.763059010989025 ms
Peak memory: 1048.9729309082031 MB
Time index, remove data from structure: 0.0012250824395604394
Time for querying: 0.0
Time for new slide: 0.042888097791208786
Time for expired slide: 0.0038724215604395607
------------------------------------
Number clusters = 0.0
Max Number points in event queue = 0.0
Avg number points in clusters= 0.0
Avg Rmc size = 0.0
Avg Length exps= 0.0
#window: 92
Total #outliers: 79
Average Time: 47.076799695652184 ms
Peak memory: 1048.9729309082031 MB
Time index, remove data from structure: 0.001224049956521739
Time for querying: 0.0
Time for new slide: 0.043211376
Time for expired slide: 0.0038628808586956523
------------------------------------
Number clusters = 0.0
Max Number points in event queue = 0.0
Avg number points in clusters= 0.0
Avg Rmc size = 0.0
Avg Length exps= 0.0
#window: 93
Total #outliers: 105
Average Time: 47.31323207526883 ms
Peak memory: 1048.9729309082031 MB
Time index, remove data from structure: 0.0012260871397849463
Time for querying: 0.0
Time for new slide: 0.043447096118279564
Time for expired slide: 0.0038635906451612904
------------------------------------
Number clusters = 0.0
Max Number points in event queue = 0.0
Avg number points in clusters= 0.0
Avg Rmc size = 0.0
Avg Length exps= 0.0
#window: 94
Total #outliers: 152
Average Time: 47.523008989361706 ms
Peak memory: 1048.9729309082031 MB
Time index, remove data from structure: 0.0012273282765957448
Time for querying: 0.0
Time for new slide: 0.04362809691489362
Time for expired slide: 0.003892364712765957
------------------------------------
Number clusters = 0.0
Max Number points in event queue = 0.0
Avg number points in clusters= 0.0
Avg Rmc size = 0.0
Avg Length exps= 0.0
#window: 95
Total #outliers: 195
Average Time: 47.75579302105264 ms
Peak memory: 1048.9729309082031 MB
Time index, remove data from structure: 0.001231756905263158
Time for querying: 0.0
Time for new slide: 0.04383337041052632
Time for expired slide: 0.0039198735157894736
------------------------------------
Number clusters = 0.0
Max Number points in event queue = 0.0
Avg number points in clusters= 0.0
Avg Rmc size = 0.0
Avg Length exps= 0.0
#window: 96
Total #outliers: 294
Average Time: 48.378274958333336 ms
Peak memory: 1048.9729309082031 MB
Time index, remove data from structure: 0.0012313413645833333
Time for querying: 0.0
Time for new slide: 0.04445423884375
Time for expired slide: 0.00392148140625
------------------------------------
Number clusters = 0.0
Max Number points in event queue = 0.0
Avg number points in clusters= 0.0
Avg Rmc size = 0.0
Avg Length exps= 0.0
#window: 97
Total #outliers: 250
Average Time: 48.71329636082475 ms
Peak memory: 1048.9729309082031 MB
Time index, remove data from structure: 0.0012341314639175258
Time for querying: 0.0
Time for new slide: 0.044775237546391754
Time for expired slide: 0.003935502804123711
------------------------------------
Number clusters = 0.0
Max Number points in event queue = 0.0
Avg number points in clusters= 0.0
Avg Rmc size = 0.0
Avg Length exps= 0.0
#window: 98
Total #outliers: 14
Average Time: 48.694350091836746 ms
Peak memory: 1048.9729309082031 MB
Time index, remove data from structure: 0.0012341763571428572
Time for querying: 0.0
Time for new slide: 0.044757006540816324
Time for expired slide: 0.003934788214285714
------------------------------------
Number clusters = 0.0
Max Number points in event queue = 0.0
Avg number points in clusters= 0.0
Avg Rmc size = 0.0
Avg Length exps= 0.0
#window: 99
Total #outliers: 0
Average Time: 48.76623626262627 ms
Peak memory: 1048.9729309082031 MB
Time index, remove data from structure: 0.0012328097373737374
Time for querying: 0.0
Time for new slide: 0.04484294472727273
Time for expired slide: 0.003920735383838384
------------------------------------
Number clusters = 0.0
Max Number points in event queue = 0.0
Avg number points in clusters= 0.0
Avg Rmc size = 0.0
Avg Length exps= 0.0
#window: 100
Total #outliers: 8
Average Time: 48.67941030000001 ms
Peak memory: 1048.9729309082031 MB
Time index, remove data from structure: 0.00123229888
Time for querying: 0.0
Time for new slide: 0.044764218019999996
Time for expired slide: 0.00391263478
------------------------------------
Number clusters = 0.0
Max Number points in event queue = 0.0
Avg number points in clusters= 0.0
Avg Rmc size = 0.0
Avg Length exps= 0.0
#window: 101
Total #outliers: 25
Average Time: 48.513503851485154 ms
Peak memory: 1048.9729309082031 MB
Time index, remove data from structure: 0.0012316982772277228
Time for querying: 0.0
Time for new slide: 0.044611412029702965
Time for expired slide: 0.0038995329900990095
------------------------------------
Number clusters = 0.0
Max Number points in event queue = 0.0
Avg number points in clusters= 0.0
Avg Rmc size = 0.0
Avg Length exps= 0.0
#window: 102
Total #outliers: 9
Average Time: 48.31519628431373 ms
Peak memory: 1048.9729309082031 MB
Time index, remove data from structure: 0.0012320879215686274
Time for querying: 0.0
Time for new slide: 0.04441887575490196
Time for expired slide: 0.0038937682352941177
------------------------------------
Number clusters = 0.0
Max Number points in event queue = 0.0
Avg number points in clusters= 0.0
Avg Rmc size = 0.0
Avg Length exps= 0.0
#window: 103
Total #outliers: 17
Average Time: 47.99324161165049 ms
Peak memory: 1048.9729309082031 MB
Time index, remove data from structure: 0.0012306237475728154
Time for querying: 0.0
Time for new slide: 0.04411209418446602
Time for expired slide: 0.0038786056699029125
------------------------------------
Number clusters = 0.0
Max Number points in event queue = 0.0
Avg number points in clusters= 0.0
Avg Rmc size = 0.0
Avg Length exps= 0.0
#window: 104
Total #outliers: 15
Average Time: 47.63764101923078 ms
Peak memory: 1048.9729309082031 MB
Time index, remove data from structure: 0.0012293636057692308
Time for querying: 0.0
Time for new slide: 0.04377252960576923
Time for expired slide: 0.0038625786923076927
------------------------------------
Number clusters = 0.0
Max Number points in event queue = 0.0
Avg number points in clusters= 0.0
Avg Rmc size = 0.0
Avg Length exps= 0.0
#window: 105
Total #outliers: 13
Average Time: 47.55548730476192 ms
Peak memory: 1048.9729309082031 MB
Time index, remove data from structure: 0.0012288241333333334
Time for querying: 0.0
Time for new slide: 0.043706591361904766
Time for expired slide: 0.0038463681904761906
------------------------------------
Number clusters = 0.0
Max Number points in event queue = 0.0
Avg number points in clusters= 0.0
Avg Rmc size = 0.0
Avg Length exps= 0.0
#window: 106
Total #outliers: 60
Average Time: 47.48860925471699 ms
Peak memory: 1048.9729309082031 MB
Time index, remove data from structure: 0.0012291686698113207
Time for querying: 0.0
Time for new slide: 0.04365417176415094
Time for expired slide: 0.0038319112264150945
------------------------------------
Number clusters = 0.0
Max Number points in event queue = 0.0
Avg number points in clusters= 0.0
Avg Rmc size = 0.0
Avg Length exps= 0.0
#window: 107
Total #outliers: 115
Average Time: 47.72040737383178 ms
Peak memory: 1048.9729309082031 MB
Time index, remove data from structure: 0.0012312466074766355
Time for querying: 0.0
Time for new slide: 0.04389815223364486
Time for expired slide: 0.0038197290373831777
------------------------------------
Number clusters = 0.0
Max Number points in event queue = 0.0
Avg number points in clusters= 0.0
Avg Rmc size = 0.0
Avg Length exps= 0.0
#window: 108
Total #outliers: 124
Average Time: 47.77211542592594 ms
Peak memory: 1048.9729309082031 MB
Time index, remove data from structure: 0.0012356682962962964
Time for querying: 0.0
Time for new slide: 0.043918884712962965
Time for expired slide: 0.003850705185185185
------------------------------------
Number clusters = 0.0
Max Number points in event queue = 0.0
Avg number points in clusters= 0.0
Avg Rmc size = 0.0
Avg Length exps= 0.0
#window: 109
Total #outliers: 56
Average Time: 47.6879416880734 ms
Peak memory: 1048.9729309082031 MB
Time index, remove data from structure: 0.0012355681284403669
Time for querying: 0.0
Time for new slide: 0.04384343537614679
Time for expired slide: 0.0038419794495412845
------------------------------------
Number clusters = 0.0
Max Number points in event queue = 0.0
Avg number points in clusters= 0.0
Avg Rmc size = 0.0
Avg Length exps= 0.0
#window: 110
Total #outliers: 27
Average Time: 47.80104284545455 ms
Peak memory: 1048.9729309082031 MB
Time index, remove data from structure: 0.0012345649363636362
Time for querying: 0.0
Time for new slide: 0.043968258163636365
Time for expired slide: 0.0038302555363636365
------------------------------------
Number clusters = 0.0
Max Number points in event queue = 0.0
Avg number points in clusters= 0.0
Avg Rmc size = 0.0
Avg Length exps= 0.0
#window: 111
Total #outliers: 29
Average Time: 47.671524576576594 ms
Peak memory: 1048.9729309082031 MB
Time index, remove data from structure: 0.0012322859459459458
Time for querying: 0.0
Time for new slide: 0.04385333899099099
Time for expired slide: 0.003815659027027027
------------------------------------
Number clusters = 0.0
Max Number points in event queue = 0.0
Avg number points in clusters= 0.0
Avg Rmc size = 0.0
Avg Length exps= 0.0
#window: 112
Total #outliers: 9
Average Time: 47.47589337500001 ms
Peak memory: 1048.9729309082031 MB
Time index, remove data from structure: 0.0012306851517857142
Time for querying: 0.0
Time for new slide: 0.043662197419642855
Time for expired slide: 0.0038111750446428575
------------------------------------
Number clusters = 0.0
Max Number points in event queue = 0.0
Avg number points in clusters= 0.0
Avg Rmc size = 0.0
Avg Length exps= 0.0
#window: 113
Total #outliers: 12
Average Time: 47.33885588495576 ms
Peak memory: 1048.9729309082031 MB
Time index, remove data from structure: 0.0012297640619469026
Time for querying: 0.0
Time for new slide: 0.04352658005309735
Time for expired slide: 0.003809756991150442
------------------------------------
Number clusters = 0.0
Max Number points in event queue = 0.0
Avg number points in clusters= 0.0
Avg Rmc size = 0.0
Avg Length exps= 0.0
#window: 114
Total #outliers: 14
Average Time: 47.150592754385976 ms
Peak memory: 1048.9729309082031 MB
Time index, remove data from structure: 0.0012289971666666667
Time for querying: 0.0
Time for new slide: 0.04334508254385965
Time for expired slide: 0.003802994192982456
------------------------------------
Number clusters = 0.0
Max Number points in event queue = 0.0
Avg number points in clusters= 0.0
Avg Rmc size = 0.0
Avg Length exps= 0.0
Peak memory: 1048.9729309082031 MB
Average CPU time: 47.150592754385976 ms
