#window: 1
Total #outliers: 149
Average Time: 0.0 ms
Peak memory: 104.15988159179688 MB
Time index, remove data from structure: 0.0
Time for querying: 0.0
Time for new slide: 0.0
Time for expired slide: 0.0
------------------------------------
Number clusters = 0.0
Max Number points in event queue = 0.0
Avg number points in clusters= 0.0
Avg Rmc size = 0.0
Avg Length exps= 0.0
#window: 2
Total #outliers: 117
Average Time: 22.076965 ms
Peak memory: 104.15988159179688 MB
Time index, remove data from structure: 0.0015251845
Time for querying: 0.0
Time for new slide: 0.014631878
Time for expired slide: 0.0074429455
------------------------------------
Number clusters = 0.0
Max Number points in event queue = 0.0
Avg number points in clusters= 0.0
Avg Rmc size = 0.0
Avg Length exps= 0.0
#window: 3
Total #outliers: 142
Average Time: 31.345635333333338 ms
Peak memory: 143.53695678710938 MB
Time index, remove data from structure: 0.0015651796666666668
Time for querying: 0.0
Time for new slide: 0.022914795333333335
Time for expired slide: 0.008428363999999999
------------------------------------
Number clusters = 0.0
Max Number points in event queue = 0.0
Avg number points in clusters= 0.0
Avg Rmc size = 0.0
Avg Length exps= 0.0
#window: 4
Total #outliers: 220
Average Time: 35.157329000000004 ms
Peak memory: 143.53695678710938 MB
Time index, remove data from structure: 0.00156557925
Time for querying: 0.0
Time for new slide: 0.02637010975
Time for expired slide: 0.0087847175
------------------------------------
Number clusters = 0.0
Max Number points in event queue = 0.0
Avg number points in clusters= 0.0
Avg Rmc size = 0.0
Avg Length exps= 0.0
#window: 5
Total #outliers: 208
Average Time: 39.3646022 ms
Peak memory: 187.83697509765625 MB
Time index, remove data from structure: 0.00156472
Time for querying: 0.0
Time for new slide: 0.0302407832
Time for expired slide: 0.00912129
------------------------------------
Number clusters = 0.0
Max Number points in event queue = 0.0
Avg number points in clusters= 0.0
Avg Rmc size = 0.0
Avg Length exps= 0.0
#window: 6
Total #outliers: 119
Average Time: 43.111657166666674 ms
Peak memory: 187.83697509765625 MB
Time index, remove data from structure: 0.0016567053333333334
Time for querying: 0.0
Time for new slide: 0.03306061083333333
Time for expired slide: 0.010048485166666668
------------------------------------
Number clusters = 0.0
Max Number points in event queue = 0.0
Avg number points in clusters= 0.0
Avg Rmc size = 0.0
Avg Length exps= 0.0
#window: 7
Total #outliers: 126
Average Time: 45.271314 ms
Peak memory: 227.33078002929688 MB
Time index, remove data from structure: 0.0016850475714285714
Time for querying: 0.0
Time for new slide: 0.034326670999999996
Time for expired slide: 0.010942042428571429
------------------------------------
Number clusters = 0.0
Max Number points in event queue = 0.0
Avg number points in clusters= 0.0
Avg Rmc size = 0.0
Avg Length exps= 0.0
#window: 8
Total #outliers: 132
Average Time: 45.277193874999995 ms
Peak memory: 227.33078002929688 MB
Time index, remove data from structure: 0.001699139625
Time for querying: 0.0
Time for new slide: 0.03398348275
Time for expired slide: 0.011291090375
------------------------------------
Number clusters = 0.0
Max Number points in event queue = 0.0
Avg number points in clusters= 0.0
Avg Rmc size = 0.0
Avg Length exps= 0.0
#window: 9
Total #outliers: 128
Average Time: 43.87358144444444 ms
Peak memory: 261.7868957519531 MB
Time index, remove data from structure: 0.0016823967777777778
Time for querying: 0.0
Time for new slide: 0.03293702344444444
Time for expired slide: 0.010933968555555555
------------------------------------
Number clusters = 0.0
Max Number points in event queue = 0.0
Avg number points in clusters= 0.0
Avg Rmc size = 0.0
Avg Length exps= 0.0
#window: 10
Total #outliers: 98
Average Time: 43.93308929999999 ms
Peak memory: 261.7868957519531 MB
Time index, remove data from structure: 0.0016732454
Time for querying: 0.0
Time for new slide: 0.0330825947
Time for expired slide: 0.0108478655
------------------------------------
Number clusters = 0.0
Max Number points in event queue = 0.0
Avg number points in clusters= 0.0
Avg Rmc size = 0.0
Avg Length exps= 0.0
#window: 11
Total #outliers: 105
Average Time: 44.149573909090904 ms
Peak memory: 300.7227020263672 MB
Time index, remove data from structure: 0.00165246
Time for querying: 0.0
Time for new slide: 0.033449829181818186
Time for expired slide: 0.010697101818181818
------------------------------------
Number clusters = 0.0
Max Number points in event queue = 0.0
Avg number points in clusters= 0.0
Avg Rmc size = 0.0
Avg Length exps= 0.0
#window: 12
Total #outliers: 86
Average Time: 44.16570616666666 ms
Peak memory: 300.7227020263672 MB
Time index, remove data from structure: 0.0016550025833333333
Time for querying: 0.0
Time for new slide: 0.03335737883333333
Time for expired slide: 0.01080563675
------------------------------------
Number clusters = 0.0
Max Number points in event queue = 0.0
Avg number points in clusters= 0.0
Avg Rmc size = 0.0
Avg Length exps= 0.0
#window: 13
Total #outliers: 74
Average Time: 43.87646061538461 ms
Peak memory: 300.7227020263672 MB
Time index, remove data from structure: 0.0016435839230769232
Time for querying: 0.0
Time for new slide: 0.03302926853846154
Time for expired slide: 0.010844521230769231
------------------------------------
Number clusters = 0.0
Max Number points in event queue = 0.0
Avg number points in clusters= 0.0
Avg Rmc size = 0.0
Avg Length exps= 0.0
#window: 14
Total #outliers: 93
Average Time: 42.75102371428571 ms
Peak memory: 300.7227020263672 MB
Time index, remove data from structure: 0.0016260595714285716
Time for querying: 0.0
Time for new slide: 0.032215851928571425
Time for expired slide: 0.010532535499999999
------------------------------------
Number clusters = 0.0
Max Number points in event queue = 0.0
Avg number points in clusters= 0.0
Avg Rmc size = 0.0
Avg Length exps= 0.0
#window: 15
Total #outliers: 99
Average Time: 41.81845646666667 ms
Peak memory: 300.7227020263672 MB
Time index, remove data from structure: 0.0016029356
Time for querying: 0.0
Time for new slide: 0.031574638466666666
Time for expired slide: 0.010240734866666667
------------------------------------
Number clusters = 0.0
Max Number points in event queue = 0.0
Avg number points in clusters= 0.0
Avg Rmc size = 0.0
Avg Length exps= 0.0
#window: 16
Total #outliers: 186
Average Time: 40.889285062499994 ms
Peak memory: 300.7227020263672 MB
Time index, remove data from structure: 0.0015820065625
Time for querying: 0.0
Time for new slide: 0.03098830825
Time for expired slide: 0.009897928125
------------------------------------
Number clusters = 0.0
Max Number points in event queue = 0.0
Avg number points in clusters= 0.0
Avg Rmc size = 0.0
Avg Length exps= 0.0
#window: 17
Total #outliers: 255
Average Time: 40.22532135294117 ms
Peak memory: 300.7227020263672 MB
Time index, remove data from structure: 0.0015600845294117646
Time for querying: 0.0
Time for new slide: 0.03066561423529412
Time for expired slide: 0.009556694705882352
------------------------------------
Number clusters = 0.0
Max Number points in event queue = 0.0
Avg number points in clusters= 0.0
Avg Rmc size = 0.0
Avg Length exps= 0.0
#window: 18
Total #outliers: 261
Average Time: 40.048723777777774 ms
Peak memory: 300.7227020263672 MB
Time index, remove data from structure: 0.0015410835
Time for querying: 0.0
Time for new slide: 0.03070374488888889
Time for expired slide: 0.009342011333333334
------------------------------------
Number clusters = 0.0
Max Number points in event queue = 0.0
Avg number points in clusters= 0.0
Avg Rmc size = 0.0
Avg Length exps= 0.0
#window: 19
Total #outliers: 267
Average Time: 39.72708142105263 ms
Peak memory: 300.7227020263672 MB
Time index, remove data from structure: 0.0015257762631578947
Time for querying: 0.0
Time for new slide: 0.030574780947368423
Time for expired slide: 0.009149359578947368
------------------------------------
Number clusters = 0.0
Max Number points in event queue = 0.0
Avg number points in clusters= 0.0
Avg Rmc size = 0.0
Avg Length exps= 0.0
#window: 20
Total #outliers: 291
Average Time: 40.13687319999999 ms
Peak memory: 300.7227020263672 MB
Time index, remove data from structure: 0.00151167445
Time for querying: 0.0
Time for new slide: 0.03110687605
Time for expired slide: 0.0090270766
------------------------------------
Number clusters = 0.0
Max Number points in event queue = 0.0
Avg number points in clusters= 0.0
Avg Rmc size = 0.0
Avg Length exps= 0.0
#window: 21
Total #outliers: 288
Average Time: 39.69049028571428 ms
Peak memory: 300.7227020263672 MB
Time index, remove data from structure: 0.0014992553333333335
Time for querying: 0.0
Time for new slide: 0.030816313476190477
Time for expired slide: 0.008871275952380952
------------------------------------
Number clusters = 0.0
Max Number points in event queue = 0.0
Avg number points in clusters= 0.0
Avg Rmc size = 0.0
Avg Length exps= 0.0
#window: 22
Total #outliers: 281
Average Time: 39.050468409090904 ms
Peak memory: 300.7227020263672 MB
Time index, remove data from structure: 0.001491477409090909
Time for querying: 0.0
Time for new slide: 0.030341704363636365
Time for expired slide: 0.008705863136363637
------------------------------------
Number clusters = 0.0
Max Number points in event queue = 0.0
Avg number points in clusters= 0.0
Avg Rmc size = 0.0
Avg Length exps= 0.0
#window: 23
Total #outliers: 327
Average Time: 38.709694173913036 ms
Peak memory: 300.7227020263672 MB
Time index, remove data from structure: 0.0014749698260869567
Time for querying: 0.0
Time for new slide: 0.03019075904347826
Time for expired slide: 0.008516027565217393
------------------------------------
Number clusters = 0.0
Max Number points in event queue = 0.0
Avg number points in clusters= 0.0
Avg Rmc size = 0.0
Avg Length exps= 0.0
#window: 24
Total #outliers: 226
Average Time: 38.96075920833333 ms
Peak memory: 300.7227020263672 MB
Time index, remove data from structure: 0.0014649342083333334
Time for querying: 0.0
Time for new slide: 0.03059039475
Time for expired slide: 0.008367456166666667
------------------------------------
Number clusters = 0.0
Max Number points in event queue = 0.0
Avg number points in clusters= 0.0
Avg Rmc size = 0.0
Avg Length exps= 0.0
#window: 25
Total #outliers: 260
Average Time: 38.89315068 ms
Peak memory: 300.7227020263672 MB
Time index, remove data from structure: 0.00145877248
Time for querying: 0.0
Time for new slide: 0.03051561748
Time for expired slide: 0.00837461588
------------------------------------
Number clusters = 0.0
Max Number points in event queue = 0.0
Avg number points in clusters= 0.0
Avg Rmc size = 0.0
Avg Length exps= 0.0
#window: 26
Total #outliers: 274
Average Time: 38.42174092307692 ms
Peak memory: 300.7227020263672 MB
Time index, remove data from structure: 0.0014530372692307693
Time for querying: 0.0
Time for new slide: 0.030132246615384613
Time for expired slide: 0.008286579615384615
------------------------------------
Number clusters = 0.0
Max Number points in event queue = 0.0
Avg number points in clusters= 0.0
Avg Rmc size = 0.0
Avg Length exps= 0.0
#window: 27
Total #outliers: 328
Average Time: 38.11393825925925 ms
Peak memory: 300.7227020263672 MB
Time index, remove data from structure: 0.0014406886296296298
Time for querying: 0.0
Time for new slide: 0.029924993074074074
Time for expired slide: 0.008185892222222222
------------------------------------
Number clusters = 0.0
Max Number points in event queue = 0.0
Avg number points in clusters= 0.0
Avg Rmc size = 0.0
Avg Length exps= 0.0
#window: 28
Total #outliers: 310
Average Time: 37.91744903571428 ms
Peak memory: 300.7227020263672 MB
Time index, remove data from structure: 0.0014279125357142856
Time for querying: 0.0
Time for new slide: 0.029856837285714286
Time for expired slide: 0.008057591607142856
------------------------------------
Number clusters = 0.0
Max Number points in event queue = 0.0
Avg number points in clusters= 0.0
Avg Rmc size = 0.0
Avg Length exps= 0.0
#window: 29
Total #outliers: 286
Average Time: 37.6001726551724 ms
Peak memory: 300.7227020263672 MB
Time index, remove data from structure: 0.0014179282758620688
Time for querying: 0.0
Time for new slide: 0.029666119827586206
Time for expired slide: 0.007931062275862068
------------------------------------
Number clusters = 0.0
Max Number points in event queue = 0.0
Avg number points in clusters= 0.0
Avg Rmc size = 0.0
Avg Length exps= 0.0
#window: 30
Total #outliers: 274
Average Time: 37.03790879999999 ms
Peak memory: 300.7227020263672 MB
Time index, remove data from structure: 0.0014059433666666666
Time for querying: 0.0
Time for new slide: 0.02925090953333333
Time for expired slide: 0.0077840431
------------------------------------
Number clusters = 0.0
Max Number points in event queue = 0.0
Avg number points in clusters= 0.0
Avg Rmc size = 0.0
Avg Length exps= 0.0
#window: 31
Total #outliers: 302
Average Time: 36.65050083870967 ms
Peak memory: 300.7227020263672 MB
Time index, remove data from structure: 0.0013927493548387098
Time for querying: 0.0
Time for new slide: 0.029000297032258062
Time for expired slide: 0.007647285387096774
------------------------------------
Number clusters = 0.0
Max Number points in event queue = 0.0
Avg number points in clusters= 0.0
Avg Rmc size = 0.0
Avg Length exps= 0.0
#window: 32
Total #outliers: 276
Average Time: 36.25023896874999 ms
Peak memory: 300.7227020263672 MB
Time index, remove data from structure: 0.00138358640625
Time for querying: 0.0
Time for new slide: 0.0287175405625
Time for expired slide: 0.007529809625
------------------------------------
Number clusters = 0.0
Max Number points in event queue = 0.0
Avg number points in clusters= 0.0
Avg Rmc size = 0.0
Avg Length exps= 0.0
#window: 33
Total #outliers: 199
Average Time: 35.75193384848484 ms
Peak memory: 300.7227020263672 MB
Time index, remove data from structure: 0.0013724857575757574
Time for querying: 0.0
Time for new slide: 0.028352011606060608
Time for expired slide: 0.007397063848484849
------------------------------------
Number clusters = 0.0
Max Number points in event queue = 0.0
Avg number points in clusters= 0.0
Avg Rmc size = 0.0
Avg Length exps= 0.0
#window: 34
Total #outliers: 217
Average Time: 35.283803058823516 ms
Peak memory: 300.7227020263672 MB
Time index, remove data from structure: 0.0013638296764705883
Time for querying: 0.0
Time for new slide: 0.027987981382352943
Time for expired slide: 0.0072929929705882355
------------------------------------
Number clusters = 0.0
Max Number points in event queue = 0.0
Avg number points in clusters= 0.0
Avg Rmc size = 0.0
Avg Length exps= 0.0
#window: 35
Total #outliers: 250
Average Time: 34.870286485714274 ms
Peak memory: 300.7227020263672 MB
Time index, remove data from structure: 0.0013540907142857144
Time for querying: 0.0
Time for new slide: 0.027696889771428573
Time for expired slide: 0.007170585771428571
------------------------------------
Number clusters = 0.0
Max Number points in event queue = 0.0
Avg number points in clusters= 0.0
Avg Rmc size = 0.0
Avg Length exps= 0.0
#window: 36
Total #outliers: 238
Average Time: 34.390393805555554 ms
Peak memory: 300.7227020263672 MB
Time index, remove data from structure: 0.0013448533333333334
Time for querying: 0.0
Time for new slide: 0.0273263225
Time for expired slide: 0.0070612845555555566
------------------------------------
Number clusters = 0.0
Max Number points in event queue = 0.0
Avg number points in clusters= 0.0
Avg Rmc size = 0.0
Avg Length exps= 0.0
#window: 37
Total #outliers: 235
Average Time: 33.93702672972972 ms
Peak memory: 300.7227020263672 MB
Time index, remove data from structure: 0.001339752918918919
Time for querying: 0.0
Time for new slide: 0.02696665745945946
Time for expired slide: 0.006967609378378379
------------------------------------
Number clusters = 0.0
Max Number points in event queue = 0.0
Avg number points in clusters= 0.0
Avg Rmc size = 0.0
Avg Length exps= 0.0
#window: 38
Total #outliers: 240
Average Time: 33.59360113157894 ms
Peak memory: 300.7227020263672 MB
Time index, remove data from structure: 0.0013323817368421052
Time for querying: 0.0
Time for new slide: 0.02670877094736842
Time for expired slide: 0.006882089842105263
------------------------------------
Number clusters = 0.0
Max Number points in event queue = 0.0
Avg number points in clusters= 0.0
Avg Rmc size = 0.0
Avg Length exps= 0.0
#window: 39
Total #outliers: 243
Average Time: 33.39732397435897 ms
Peak memory: 300.7227020263672 MB
Time index, remove data from structure: 0.0013255972564102565
Time for querying: 0.0
Time for new slide: 0.026583152307692304
Time for expired slide: 0.00681145817948718
------------------------------------
Number clusters = 0.0
Max Number points in event queue = 0.0
Avg number points in clusters= 0.0
Avg Rmc size = 0.0
Avg Length exps= 0.0
#window: 40
Total #outliers: 227
Average Time: 33.1643298 ms
Peak memory: 300.7227020263672 MB
Time index, remove data from structure: 0.00131882845
Time for querying: 0.0
Time for new slide: 0.02643401535
Time for expired slide: 0.006727622775
------------------------------------
Number clusters = 0.0
Max Number points in event queue = 0.0
Avg number points in clusters= 0.0
Avg Rmc size = 0.0
Avg Length exps= 0.0
#window: 41
Total #outliers: 234
Average Time: 32.98426129268293 ms
Peak memory: 300.7227020263672 MB
Time index, remove data from structure: 0.0013130200975609756
Time for querying: 0.0
Time for new slide: 0.02631705026829268
Time for expired slide: 0.006664535975609755
------------------------------------
Number clusters = 0.0
Max Number points in event queue = 0.0
Avg number points in clusters= 0.0
Avg Rmc size = 0.0
Avg Length exps= 0.0
#window: 42
Total #outliers: 268
Average Time: 32.77555795238095 ms
Peak memory: 300.7227020263672 MB
Time index, remove data from structure: 0.001306493523809524
Time for querying: 0.0
Time for new slide: 0.02617186676190476
Time for expired slide: 0.00660103669047619
------------------------------------
Number clusters = 0.0
Max Number points in event queue = 0.0
Avg number points in clusters= 0.0
Avg Rmc size = 0.0
Avg Length exps= 0.0
#window: 43
Total #outliers: 288
Average Time: 32.653826465116275 ms
Peak memory: 300.7227020263672 MB
Time index, remove data from structure: 0.0013012377441860466
Time for querying: 0.0
Time for new slide: 0.02609235958139535
Time for expired slide: 0.0065588297906976735
------------------------------------
Number clusters = 0.0
Max Number points in event queue = 0.0
Avg number points in clusters= 0.0
Avg Rmc size = 0.0
Avg Length exps= 0.0
#window: 44
Total #outliers: 293
Average Time: 32.57448013636363 ms
Peak memory: 300.7227020263672 MB
Time index, remove data from structure: 0.0012957139772727274
Time for querying: 0.0
Time for new slide: 0.02604913234090909
Time for expired slide: 0.006522729227272727
------------------------------------
Number clusters = 0.0
Max Number points in event queue = 0.0
Avg number points in clusters= 0.0
Avg Rmc size = 0.0
Avg Length exps= 0.0
#window: 45
Total #outliers: 239
Average Time: 32.45065224444444 ms
Peak memory: 300.7227020263672 MB
Time index, remove data from structure: 0.0012894792444444446
Time for querying: 0.0
Time for new slide: 0.025981273977777775
Time for expired slide: 0.0064667765777777775
------------------------------------
Number clusters = 0.0
Max Number points in event queue = 0.0
Avg number points in clusters= 0.0
Avg Rmc size = 0.0
Avg Length exps= 0.0
#window: 46
Total #outliers: 149
Average Time: 32.419932869565216 ms
Peak memory: 300.7227020263672 MB
Time index, remove data from structure: 0.0012842969782608695
Time for querying: 0.0
Time for new slide: 0.025996813717391303
Time for expired slide: 0.006420527239130435
------------------------------------
Number clusters = 0.0
Max Number points in event queue = 0.0
Avg number points in clusters= 0.0
Avg Rmc size = 0.0
Avg Length exps= 0.0
#window: 47
Total #outliers: 170
Average Time: 32.18193059574468 ms
Peak memory: 300.7227020263672 MB
Time index, remove data from structure: 0.001279812765957447
Time for querying: 0.0
Time for new slide: 0.02583125336170213
Time for expired slide: 0.006348094319148936
------------------------------------
Number clusters = 0.0
Max Number points in event queue = 0.0
Avg number points in clusters= 0.0
Avg Rmc size = 0.0
Avg Length exps= 0.0
#window: 48
Total #outliers: 161
Average Time: 32.00737272916666 ms
Peak memory: 300.7227020263672 MB
Time index, remove data from structure: 0.0012736895625
Time for querying: 0.0
Time for new slide: 0.025728868208333335
Time for expired slide: 0.006275934041666667
------------------------------------
Number clusters = 0.0
Max Number points in event queue = 0.0
Avg number points in clusters= 0.0
Avg Rmc size = 0.0
Avg Length exps= 0.0
#window: 49
Total #outliers: 137
Average Time: 31.737035979591834 ms
Peak memory: 319.1302490234375 MB
Time index, remove data from structure: 0.0012673919795918368
Time for querying: 0.0
Time for new slide: 0.02552532516326531
Time for expired slide: 0.006209155530612245
------------------------------------
Number clusters = 0.0
Max Number points in event queue = 0.0
Avg number points in clusters= 0.0
Avg Rmc size = 0.0
Avg Length exps= 0.0
#window: 50
Total #outliers: 139
Average Time: 31.474534079999998 ms
Peak memory: 319.1302490234375 MB
Time index, remove data from structure: 0.0012630541
Time for querying: 0.0
Time for new slide: 0.025320322200000002
Time for expired slide: 0.006151650440000001
------------------------------------
Number clusters = 0.0
Max Number points in event queue = 0.0
Avg number points in clusters= 0.0
Avg Rmc size = 0.0
Avg Length exps= 0.0
#window: 51
Total #outliers: 122
Average Time: 31.21423643137255 ms
Peak memory: 319.1302490234375 MB
Time index, remove data from structure: 0.0012584332549019609
Time for querying: 0.0
Time for new slide: 0.025114000529411762
Time for expired slide: 0.006097678647058824
------------------------------------
Number clusters = 0.0
Max Number points in event queue = 0.0
Avg number points in clusters= 0.0
Avg Rmc size = 0.0
Avg Length exps= 0.0
#window: 52
Total #outliers: 209
Average Time: 31.173520076923083 ms
Peak memory: 319.1302490234375 MB
Time index, remove data from structure: 0.0012542152499999998
Time for querying: 0.0
Time for new slide: 0.025129965096153846
Time for expired slide: 0.006041005057692308
------------------------------------
Number clusters = 0.0
Max Number points in event queue = 0.0
Avg number points in clusters= 0.0
Avg Rmc size = 0.0
Avg Length exps= 0.0
#window: 53
Total #outliers: 163
Average Time: 31.165555622641516 ms
Peak memory: 367.71866607666016 MB
Time index, remove data from structure: 0.0012508660566037738
Time for querying: 0.0
Time for new slide: 0.025152959905660376
Time for expired slide: 0.006010050264150944
------------------------------------
Number clusters = 0.0
Max Number points in event queue = 0.0
Avg number points in clusters= 0.0
Avg Rmc size = 0.0
Avg Length exps= 0.0
#window: 54
Total #outliers: 108
Average Time: 31.037454777777782 ms
Peak memory: 367.71866607666016 MB
Time index, remove data from structure: 0.0012476944814814816
Time for querying: 0.0
Time for new slide: 0.02507168859259259
Time for expired slide: 0.005963227981481482
------------------------------------
Number clusters = 0.0
Max Number points in event queue = 0.0
Avg number points in clusters= 0.0
Avg Rmc size = 0.0
Avg Length exps= 0.0
#window: 55
Total #outliers: 167
Average Time: 30.91370138181819 ms
Peak memory: 367.71866607666016 MB
Time index, remove data from structure: 0.0012439071272727273
Time for querying: 0.0
Time for new slide: 0.02499901187272727
Time for expired slide: 0.005912151745454545
------------------------------------
Number clusters = 0.0
Max Number points in event queue = 0.0
Avg number points in clusters= 0.0
Avg Rmc size = 0.0
Avg Length exps= 0.0
#window: 56
Total #outliers: 152
Average Time: 30.755053553571436 ms
Peak memory: 367.71866607666016 MB
Time index, remove data from structure: 0.0012402788035714286
Time for querying: 0.0
Time for new slide: 0.024882572410714288
Time for expired slide: 0.005869950857142857
------------------------------------
Number clusters = 0.0
Max Number points in event queue = 0.0
Avg number points in clusters= 0.0
Avg Rmc size = 0.0
Avg Length exps= 0.0
#window: 57
Total #outliers: 150
Average Time: 30.596974578947375 ms
Peak memory: 416.3031692504883 MB
Time index, remove data from structure: 0.0012370512105263159
Time for querying: 0.0
Time for new slide: 0.024761368192982455
Time for expired slide: 0.005833090385964912
------------------------------------
Number clusters = 0.0
Max Number points in event queue = 0.0
Avg number points in clusters= 0.0
Avg Rmc size = 0.0
Avg Length exps= 0.0
#window: 58
Total #outliers: 170
Average Time: 30.592170706896557 ms
Peak memory: 416.3031692504883 MB
Time index, remove data from structure: 0.001233980551724138
Time for querying: 0.0
Time for new slide: 0.024791674551724138
Time for expired slide: 0.005797988758620689
------------------------------------
Number clusters = 0.0
Max Number points in event queue = 0.0
Avg number points in clusters= 0.0
Avg Rmc size = 0.0
Avg Length exps= 0.0
#window: 59
Total #outliers: 187
Average Time: 30.645165016949157 ms
Peak memory: 416.3031692504883 MB
Time index, remove data from structure: 0.0012316626610169492
Time for querying: 0.0
Time for new slide: 0.02487555961016949
Time for expired slide: 0.0057671008644067795
------------------------------------
Number clusters = 0.0
Max Number points in event queue = 0.0
Avg number points in clusters= 0.0
Avg Rmc size = 0.0
Avg Length exps= 0.0
#window: 60
Total #outliers: 225
Average Time: 30.67091303333334 ms
Peak memory: 464.8846130371094 MB
Time index, remove data from structure: 0.0012305451
Time for querying: 0.0
Time for new slide: 0.024923898183333335
Time for expired slide: 0.005744516766666667
------------------------------------
Number clusters = 0.0
Max Number points in event queue = 0.0
Avg number points in clusters= 0.0
Avg Rmc size = 0.0
Avg Length exps= 0.0
#window: 61
Total #outliers: 128
Average Time: 30.78594773770492 ms
Peak memory: 464.8846130371094 MB
Time index, remove data from structure: 0.001230343737704918
Time for querying: 0.0
Time for new slide: 0.02506465149180328
Time for expired slide: 0.005718803819672131
------------------------------------
Number clusters = 0.0
Max Number points in event queue = 0.0
Avg number points in clusters= 0.0
Avg Rmc size = 0.0
Avg Length exps= 0.0
#window: 62
Total #outliers: 151
Average Time: 30.853336661290324 ms
Peak memory: 464.8846130371094 MB
Time index, remove data from structure: 0.0012288249516129032
Time for querying: 0.0
Time for new slide: 0.02515441843548387
Time for expired slide: 0.005696426419354838
------------------------------------
Number clusters = 0.0
Max Number points in event queue = 0.0
Avg number points in clusters= 0.0
Avg Rmc size = 0.0
Avg Length exps= 0.0
#window: 63
Total #outliers: 191
Average Time: 31.023757126984126 ms
Peak memory: 503.75677490234375 MB
Time index, remove data from structure: 0.0012288277142857144
Time for querying: 0.0
Time for new slide: 0.025300010999999997
Time for expired slide: 0.005721263968253968
------------------------------------
Number clusters = 0.0
Max Number points in event queue = 0.0
Avg number points in clusters= 0.0
Avg Rmc size = 0.0
Avg Length exps= 0.0
#window: 64
Total #outliers: 241
Average Time: 31.299798593750005 ms
Peak memory: 503.75677490234375 MB
Time index, remove data from structure: 0.001227502125
Time for querying: 0.0
Time for new slide: 0.025571210828125
Time for expired slide: 0.00572610615625
------------------------------------
Number clusters = 0.0
Max Number points in event queue = 0.0
Avg number points in clusters= 0.0
Avg Rmc size = 0.0
Avg Length exps= 0.0
#window: 65
Total #outliers: 281
Average Time: 31.47981018461539 ms
Peak memory: 532.9055938720703 MB
Time index, remove data from structure: 0.0012268755076923078
Time for querying: 0.0
Time for new slide: 0.02575233756923077
Time for expired slide: 0.005724988030769231
------------------------------------
Number clusters = 0.0
Max Number points in event queue = 0.0
Avg number points in clusters= 0.0
Avg Rmc size = 0.0
Avg Length exps= 0.0
#window: 66
Total #outliers: 286
Average Time: 31.49443572727273 ms
Peak memory: 532.9055938720703 MB
Time index, remove data from structure: 0.001226306393939394
Time for querying: 0.0
Time for new slide: 0.025773208272727274
Time for expired slide: 0.00571873603030303
------------------------------------
Number clusters = 0.0
Max Number points in event queue = 0.0
Avg number points in clusters= 0.0
Avg Rmc size = 0.0
Avg Length exps= 0.0
#window: 67
Total #outliers: 227
Average Time: 31.578888492537324 ms
Peak memory: 532.9055938720703 MB
Time index, remove data from structure: 0.001224968656716418
Time for querying: 0.0
Time for new slide: 0.025852205492537313
Time for expired slide: 0.005724183940298508
------------------------------------
Number clusters = 0.0
Max Number points in event queue = 0.0
Avg number points in clusters= 0.0
Avg Rmc size = 0.0
Avg Length exps= 0.0
#window: 68
Total #outliers: 287
Average Time: 31.731077205882364 ms
Peak memory: 532.9055938720703 MB
Time index, remove data from structure: 0.0012242355735294118
Time for querying: 0.0
Time for new slide: 0.026000376970588237
Time for expired slide: 0.005728206029411765
------------------------------------
Number clusters = 0.0
Max Number points in event queue = 0.0
Avg number points in clusters= 0.0
Avg Rmc size = 0.0
Avg Length exps= 0.0
#window: 69
Total #outliers: 270
Average Time: 32.89653573913044 ms
Peak memory: 532.9055938720703 MB
Time index, remove data from structure: 0.0012229640144927538
Time for querying: 0.0
Time for new slide: 0.027166478623188408
Time for expired slide: 0.005727557057971015
------------------------------------
Number clusters = 0.0
Max Number points in event queue = 0.0
Avg number points in clusters= 0.0
Avg Rmc size = 0.0
Avg Length exps= 0.0
#window: 70
Total #outliers: 274
Average Time: 33.49973462857143 ms
Peak memory: 532.9055938720703 MB
Time index, remove data from structure: 0.0012427433
Time for querying: 0.0
Time for new slide: 0.0276842416
Time for expired slide: 0.0058129771
------------------------------------
Number clusters = 0.0
Max Number points in event queue = 0.0
Avg number points in clusters= 0.0
Avg Rmc size = 0.0
Avg Length exps= 0.0
#window: 71
Total #outliers: 312
Average Time: 34.02858491549296 ms
Peak memory: 532.9055938720703 MB
Time index, remove data from structure: 0.0012505355352112676
Time for querying: 0.0
Time for new slide: 0.028035633943661972
Time for expired slide: 0.005990432957746479
------------------------------------
Number clusters = 0.0
Max Number points in event queue = 0.0
Avg number points in clusters= 0.0
Avg Rmc size = 0.0
Avg Length exps= 0.0
#window: 72
Total #outliers: 191
Average Time: 34.36223006944445 ms
Peak memory: 532.9055938720703 MB
Time index, remove data from structure: 0.0012576463888888888
Time for querying: 0.0
Time for new slide: 0.028287514208333333
Time for expired slide: 0.006072200958333333
------------------------------------
Number clusters = 0.0
Max Number points in event queue = 0.0
Avg number points in clusters= 0.0
Avg Rmc size = 0.0
Avg Length exps= 0.0
#window: 73
Total #outliers: 276
Average Time: 34.746289643835624 ms
Peak memory: 532.9055938720703 MB
Time index, remove data from structure: 0.0012642554520547946
Time for querying: 0.0
Time for new slide: 0.028522229616438355
Time for expired slide: 0.006221548068493151
------------------------------------
Number clusters = 0.0
Max Number points in event queue = 0.0
Avg number points in clusters= 0.0
Avg Rmc size = 0.0
Avg Length exps= 0.0
#window: 74
Total #outliers: 404
Average Time: 35.11963445945947 ms
Peak memory: 532.9055938720703 MB
Time index, remove data from structure: 0.0012690188243243243
Time for querying: 0.0
Time for new slide: 0.028826412756756757
Time for expired slide: 0.0062907125
------------------------------------
Number clusters = 0.0
Max Number points in event queue = 0.0
Avg number points in clusters= 0.0
Avg Rmc size = 0.0
Avg Length exps= 0.0
#window: 75
Total #outliers: 425
Average Time: 35.74113933333334 ms
Peak memory: 532.9055938720703 MB
Time index, remove data from structure: 0.0012745386399999998
Time for querying: 0.0
Time for new slide: 0.029370349706666663
Time for expired slide: 0.00636828296
------------------------------------
Number clusters = 0.0
Max Number points in event queue = 0.0
Avg number points in clusters= 0.0
Avg Rmc size = 0.0
Avg Length exps= 0.0
#window: 76
Total #outliers: 280
Average Time: 36.25233528947369 ms
Peak memory: 532.9055938720703 MB
Time index, remove data from structure: 0.0012775707631578947
Time for querying: 0.0
Time for new slide: 0.029826620421052635
Time for expired slide: 0.006423209223684211
------------------------------------
Number clusters = 0.0
Max Number points in event queue = 0.0
Avg number points in clusters= 0.0
Avg Rmc size = 0.0
Avg Length exps= 0.0
#window: 77
Total #outliers: 480
Average Time: 37.29504472727273 ms
Peak memory: 532.9055938720703 MB
Time index, remove data from structure: 0.0012855916883116885
Time for querying: 0.0
Time for new slide: 0.03067656831168831
Time for expired slide: 0.006615973402597402
------------------------------------
Number clusters = 0.0
Max Number points in event queue = 0.0
Avg number points in clusters= 0.0
Avg Rmc size = 0.0
Avg Length exps= 0.0
#window: 78
Total #outliers: 324
Average Time: 39.16734424358975 ms
Peak memory: 532.9055938720703 MB
Time index, remove data from structure: 0.0013121675256410256
Time for querying: 0.0
Time for new slide: 0.032172910128205126
Time for expired slide: 0.006991713448717949
------------------------------------
Number clusters = 0.0
Max Number points in event queue = 0.0
Avg number points in clusters= 0.0
Avg Rmc size = 0.0
Avg Length exps= 0.0
#window: 79
Total #outliers: 231
Average Time: 41.27798221518989 ms
Peak memory: 532.9055938720703 MB
Time index, remove data from structure: 0.0013622160506329114
Time for querying: 0.0
Time for new slide: 0.0335566826835443
Time for expired slide: 0.007718579392405063
------------------------------------
Number clusters = 0.0
Max Number points in event queue = 0.0
Avg number points in clusters= 0.0
Avg Rmc size = 0.0
Avg Length exps= 0.0
#window: 80
Total #outliers: 472
Average Time: 43.25202605000001 ms
Peak memory: 532.9055938720703 MB
Time index, remove data from structure: 0.0014276111625
Time for querying: 0.0
Time for new slide: 0.0349083291375
Time for expired slide: 0.008340974825
------------------------------------
Number clusters = 0.0
Max Number points in event queue = 0.0
Avg number points in clusters= 0.0
Avg Rmc size = 0.0
Avg Length exps= 0.0
#window: 81
Total #outliers: 672
Average Time: 44.93823624691358 ms
Peak memory: 532.9055938720703 MB
Time index, remove data from structure: 0.0014522136049382717
Time for querying: 0.0
Time for new slide: 0.03622061014814815
Time for expired slide: 0.008714906234567901
------------------------------------
Number clusters = 0.0
Max Number points in event queue = 0.0
Avg number points in clusters= 0.0
Avg Rmc size = 0.0
Avg Length exps= 0.0
#window: 82
Total #outliers: 461
Average Time: 46.3348642682927 ms
Peak memory: 532.9055938720703 MB
Time index, remove data from structure: 0.0014666057073170731
Time for querying: 0.0
Time for new slide: 0.03734313545121951
Time for expired slide: 0.008989012512195122
------------------------------------
Number clusters = 0.0
Max Number points in event queue = 0.0
Avg number points in clusters= 0.0
Avg Rmc size = 0.0
Avg Length exps= 0.0
#window: 83
Total #outliers: 326
Average Time: 47.06233149397591 ms
Peak memory: 532.9055938720703 MB
Time index, remove data from structure: 0.0014868407590361444
Time for querying: 0.0
Time for new slide: 0.0377727133373494
Time for expired slide: 0.009286906710843373
------------------------------------
Number clusters = 0.0
Max Number points in event queue = 0.0
Avg number points in clusters= 0.0
Avg Rmc size = 0.0
Avg Length exps= 0.0
#window: 84
Total #outliers: 342
Average Time: 47.221714440476205 ms
Peak memory: 532.9055938720703 MB
Time index, remove data from structure: 0.001488648488095238
Time for querying: 0.0
Time for new slide: 0.03788794273809524
Time for expired slide: 0.009331066821428572
------------------------------------
Number clusters = 0.0
Max Number points in event queue = 0.0
Avg number points in clusters= 0.0
Avg Rmc size = 0.0
Avg Length exps= 0.0
#window: 85
Total #outliers: 429
Average Time: 47.36686327058824 ms
Peak memory: 532.9055938720703 MB
Time index, remove data from structure: 0.0014899678588235295
Time for querying: 0.0
Time for new slide: 0.038008875011764705
Time for expired slide: 0.00935529154117647
------------------------------------
Number clusters = 0.0
Max Number points in event queue = 0.0
Avg number points in clusters= 0.0
Avg Rmc size = 0.0
Avg Length exps= 0.0
#window: 86
Total #outliers: 363
Average Time: 47.605831779069774 ms
Peak memory: 532.9055938720703 MB
Time index, remove data from structure: 0.0014888018372093024
Time for querying: 0.0
Time for new slide: 0.03814889898837209
Time for expired slide: 0.009454241139534884
------------------------------------
Number clusters = 0.0
Max Number points in event queue = 0.0
Avg number points in clusters= 0.0
Avg Rmc size = 0.0
Avg Length exps= 0.0
#window: 87
Total #outliers: 436
Average Time: 47.897457471264374 ms
Peak memory: 532.9055938720703 MB
Time index, remove data from structure: 0.0014881692298850575
Time for querying: 0.0
Time for new slide: 0.03836749020689655
Time for expired slide: 0.009527283448275862
------------------------------------
Number clusters = 0.0
Max Number points in event queue = 0.0
Avg number points in clusters= 0.0
Avg Rmc size = 0.0
Avg Length exps= 0.0
#window: 88
Total #outliers: 316
Average Time: 48.176906863636376 ms
Peak memory: 559.4716110229492 MB
Time index, remove data from structure: 0.0014873773295454547
Time for querying: 0.0
Time for new slide: 0.038562843897727274
Time for expired slide: 0.009611381579545454
------------------------------------
Number clusters = 0.0
Max Number points in event queue = 0.0
Avg number points in clusters= 0.0
Avg Rmc size = 0.0
Avg Length exps= 0.0
#window: 89
Total #outliers: 246
Average Time: 48.25381202247193 ms
Peak memory: 559.4716110229492 MB
Time index, remove data from structure: 0.0014859443033707867
Time for querying: 0.0
Time for new slide: 0.03862429993258427
Time for expired slide: 0.009626837382022472
------------------------------------
Number clusters = 0.0
Max Number points in event queue = 0.0
Avg number points in clusters= 0.0
Avg Rmc size = 0.0
Avg Length exps= 0.0
#window: 90
Total #outliers: 427
Average Time: 48.258677711111126 ms
Peak memory: 559.4716110229492 MB
Time index, remove data from structure: 0.0014838328888888887
Time for querying: 0.0
Time for new slide: 0.03863583973333333
Time for expired slide: 0.009620170322222222
------------------------------------
Number clusters = 0.0
Max Number points in event queue = 0.0
Avg number points in clusters= 0.0
Avg Rmc size = 0.0
Avg Length exps= 0.0
#window: 91
Total #outliers: 337
Average Time: 48.29720817582419 ms
Peak memory: 559.4716110229492 MB
Time index, remove data from structure: 0.0014828303626373627
Time for querying: 0.0
Time for new slide: 0.03861413442857143
Time for expired slide: 0.00968041510989011
------------------------------------
Number clusters = 0.0
Max Number points in event queue = 0.0
Avg number points in clusters= 0.0
Avg Rmc size = 0.0
Avg Length exps= 0.0
#window: 92
Total #outliers: 370
Average Time: 48.16839768478262 ms
Peak memory: 559.4716110229492 MB
Time index, remove data from structure: 0.0014793832065217393
Time for querying: 0.0
Time for new slide: 0.03852460288043478
Time for expired slide: 0.009641144826086957
------------------------------------
Number clusters = 0.0
Max Number points in event queue = 0.0
Avg number points in clusters= 0.0
Avg Rmc size = 0.0
Avg Length exps= 0.0
#window: 93
Total #outliers: 448
Average Time: 48.09333552688173 ms
Peak memory: 559.4716110229492 MB
Time index, remove data from structure: 0.001475664569892473
Time for querying: 0.0
Time for new slide: 0.03845674065591398
Time for expired slide: 0.009633951129032259
------------------------------------
Number clusters = 0.0
Max Number points in event queue = 0.0
Avg number points in clusters= 0.0
Avg Rmc size = 0.0
Avg Length exps= 0.0
#window: 94
Total #outliers: 446
Average Time: 48.01938147872342 ms
Peak memory: 559.4716110229492 MB
Time index, remove data from structure: 0.0014712488617021275
Time for querying: 0.0
Time for new slide: 0.0384049070212766
Time for expired slide: 0.009611838755319149
------------------------------------
Number clusters = 0.0
Max Number points in event queue = 0.0
Avg number points in clusters= 0.0
Avg Rmc size = 0.0
Avg Length exps= 0.0
#window: 95
Total #outliers: 365
Average Time: 47.81354414736844 ms
Peak memory: 559.4716110229492 MB
Time index, remove data from structure: 0.0014670900631578948
Time for querying: 0.0
Time for new slide: 0.038241417536842105
Time for expired slide: 0.009569498852631579
------------------------------------
Number clusters = 0.0
Max Number points in event queue = 0.0
Avg number points in clusters= 0.0
Avg Rmc size = 0.0
Avg Length exps= 0.0
#window: 96
Total #outliers: 418
Average Time: 47.591035718750014 ms
Peak memory: 559.4716110229492 MB
Time index, remove data from structure: 0.0014640034479166666
Time for querying: 0.0
Time for new slide: 0.03805834176041666
Time for expired slide: 0.00953007465625
------------------------------------
Number clusters = 0.0
Max Number points in event queue = 0.0
Avg number points in clusters= 0.0
Avg Rmc size = 0.0
Avg Length exps= 0.0
#window: 97
Total #outliers: 322
Average Time: 47.388045742268055 ms
Peak memory: 559.4716110229492 MB
Time index, remove data from structure: 0.0014601552989690722
Time for querying: 0.0
Time for new slide: 0.0379061640927835
Time for expired slide: 0.00947926775257732
------------------------------------
Number clusters = 0.0
Max Number points in event queue = 0.0
Avg number points in clusters= 0.0
Avg Rmc size = 0.0
Avg Length exps= 0.0
#window: 98
Total #outliers: 376
Average Time: 47.20059642857144 ms
Peak memory: 559.4716110229492 MB
Time index, remove data from structure: 0.0014557274183673468
Time for querying: 0.0
Time for new slide: 0.037768679285714285
Time for expired slide: 0.009429311122448979
------------------------------------
Number clusters = 0.0
Max Number points in event queue = 0.0
Avg number points in clusters= 0.0
Avg Rmc size = 0.0
Avg Length exps= 0.0
#window: 99
Total #outliers: 267
Average Time: 47.032441464646475 ms
Peak memory: 559.4716110229492 MB
Time index, remove data from structure: 0.00145164101010101
Time for querying: 0.0
Time for new slide: 0.03764510652525253
Time for expired slide: 0.009384735616161616
------------------------------------
Number clusters = 0.0
Max Number points in event queue = 0.0
Avg number points in clusters= 0.0
Avg Rmc size = 0.0
Avg Length exps= 0.0
#window: 100
Total #outliers: 300
Average Time: 46.965692800000014 ms
Peak memory: 559.4716110229492 MB
Time index, remove data from structure: 0.00144787476
Time for querying: 0.0
Time for new slide: 0.037626611410000003
Time for expired slide: 0.009336489529999999
------------------------------------
Number clusters = 0.0
Max Number points in event queue = 0.0
Avg number points in clusters= 0.0
Avg Rmc size = 0.0
Avg Length exps= 0.0
#window: 101
Total #outliers: 319
Average Time: 46.82441746534655 ms
Peak memory: 559.4716110229492 MB
Time index, remove data from structure: 0.0014439465841584159
Time for querying: 0.0
Time for new slide: 0.037537370415841584
Time for expired slide: 0.009284461613861386
------------------------------------
Number clusters = 0.0
Max Number points in event queue = 0.0
Avg number points in clusters= 0.0
Avg Rmc size = 0.0
Avg Length exps= 0.0
#window: 102
Total #outliers: 345
Average Time: 46.740353911764714 ms
Peak memory: 559.4716110229492 MB
Time index, remove data from structure: 0.0014397515392156862
Time for querying: 0.0
Time for new slide: 0.03749751009803921
Time for expired slide: 0.009240264294117647
------------------------------------
Number clusters = 0.0
Max Number points in event queue = 0.0
Avg number points in clusters= 0.0
Avg Rmc size = 0.0
Avg Length exps= 0.0
#window: 103
Total #outliers: 307
Average Time: 46.592780941747584 ms
Peak memory: 559.4716110229492 MB
Time index, remove data from structure: 0.0014360733398058254
Time for querying: 0.0
Time for new slide: 0.03739126476699029
Time for expired slide: 0.009198943310679612
------------------------------------
Number clusters = 0.0
Max Number points in event queue = 0.0
Avg number points in clusters= 0.0
Avg Rmc size = 0.0
Avg Length exps= 0.0
#window: 104
Total #outliers: 251
Average Time: 46.4840999423077 ms
Peak memory: 559.4716110229492 MB
Time index, remove data from structure: 0.0014323404134615385
Time for querying: 0.0
Time for new slide: 0.03732906399038462
Time for expired slide: 0.009152471701923078
------------------------------------
Number clusters = 0.0
Max Number points in event queue = 0.0
Avg number points in clusters= 0.0
Avg Rmc size = 0.0
Avg Length exps= 0.0
#window: 105
Total #outliers: 363
Average Time: 46.41427460000001 ms
Peak memory: 559.4716110229492 MB
Time index, remove data from structure: 0.001429001457142857
Time for querying: 0.0
Time for new slide: 0.037308411314285715
Time for expired slide: 0.009103304771428572
------------------------------------
Number clusters = 0.0
Max Number points in event queue = 0.0
Avg number points in clusters= 0.0
Avg Rmc size = 0.0
Avg Length exps= 0.0
#window: 106
Total #outliers: 389
Average Time: 46.33710857547171 ms
Peak memory: 559.4716110229492 MB
Time index, remove data from structure: 0.0014251721981132076
Time for querying: 0.0
Time for new slide: 0.03727750520754717
Time for expired slide: 0.009057048528301886
------------------------------------
Number clusters = 0.0
Max Number points in event queue = 0.0
Avg number points in clusters= 0.0
Avg Rmc size = 0.0
Avg Length exps= 0.0
#window: 107
Total #outliers: 444
Average Time: 46.3947260186916 ms
Peak memory: 559.4716110229492 MB
Time index, remove data from structure: 0.0014223668411214954
Time for querying: 0.0
Time for new slide: 0.037359800457943924
Time for expired slide: 0.009032375738317756
------------------------------------
Number clusters = 0.0
Max Number points in event queue = 0.0
Avg number points in clusters= 0.0
Avg Rmc size = 0.0
Avg Length exps= 0.0
#window: 108
Total #outliers: 385
Average Time: 46.33223019444445 ms
Peak memory: 559.4716110229492 MB
Time index, remove data from structure: 0.0014200687314814815
Time for querying: 0.0
Time for new slide: 0.03731285073148148
Time for expired slide: 0.00901683101851852
------------------------------------
Number clusters = 0.0
Max Number points in event queue = 0.0
Avg number points in clusters= 0.0
Avg Rmc size = 0.0
Avg Length exps= 0.0
#window: 109
Total #outliers: 421
Average Time: 46.285330266055055 ms
Peak memory: 559.4716110229492 MB
Time index, remove data from structure: 0.0014180522935779817
Time for querying: 0.0
Time for new slide: 0.03726872488073395
Time for expired slide: 0.009014060633027522
------------------------------------
Number clusters = 0.0
Max Number points in event queue = 0.0
Avg number points in clusters= 0.0
Avg Rmc size = 0.0
Avg Length exps= 0.0
#window: 110
Total #outliers: 467
Average Time: 46.346907490909096 ms
Peak memory: 559.4716110229492 MB
Time index, remove data from structure: 0.0014169064545454546
Time for querying: 0.0
Time for new slide: 0.03729659759090909
Time for expired slide: 0.009047768154545454
------------------------------------
Number clusters = 0.0
Max Number points in event queue = 0.0
Avg number points in clusters= 0.0
Avg Rmc size = 0.0
Avg Length exps= 0.0
#window: 111
Total #outliers: 299
Average Time: 46.36508764864865 ms
Peak memory: 559.4716110229492 MB
Time index, remove data from structure: 0.0014141323783783783
Time for querying: 0.0
Time for new slide: 0.03734216886486486
Time for expired slide: 0.009020383099099099
------------------------------------
Number clusters = 0.0
Max Number points in event queue = 0.0
Avg number points in clusters= 0.0
Avg Rmc size = 0.0
Avg Length exps= 0.0
#window: 112
Total #outliers: 131
Average Time: 46.306187973214286 ms
Peak memory: 559.4716110229492 MB
Time index, remove data from structure: 0.0014120310178571429
Time for querying: 0.0
Time for new slide: 0.03729983282142857
Time for expired slide: 0.009003824910714286
------------------------------------
Number clusters = 0.0
Max Number points in event queue = 0.0
Avg number points in clusters= 0.0
Avg Rmc size = 0.0
Avg Length exps= 0.0
#window: 113
Total #outliers: 121
Average Time: 46.26937128318584 ms
Peak memory: 559.4716110229492 MB
Time index, remove data from structure: 0.0014118459203539824
Time for querying: 0.0
Time for new slide: 0.03727582015044248
Time for expired slide: 0.00899102189380531
------------------------------------
Number clusters = 0.0
Max Number points in event queue = 0.0
Avg number points in clusters= 0.0
Avg Rmc size = 0.0
Avg Length exps= 0.0
#window: 114
Total #outliers: 182
Average Time: 46.25504852631579 ms
Peak memory: 559.4716110229492 MB
Time index, remove data from structure: 0.001410071298245614
Time for querying: 0.0
Time for new slide: 0.037260551236842104
Time for expired slide: 0.008991972552631579
------------------------------------
Number clusters = 0.0
Max Number points in event queue = 0.0
Avg number points in clusters= 0.0
Avg Rmc size = 0.0
Avg Length exps= 0.0
#window: 115
Total #outliers: 215
Average Time: 46.26425045217392 ms
Peak memory: 559.4716110229492 MB
Time index, remove data from structure: 0.0014086889999999999
Time for querying: 0.0
Time for new slide: 0.03727549710434783
Time for expired slide: 0.008986232930434782
------------------------------------
Number clusters = 0.0
Max Number points in event queue = 0.0
Avg number points in clusters= 0.0
Avg Rmc size = 0.0
Avg Length exps= 0.0
#window: 116
Total #outliers: 314
Average Time: 46.194279025862066 ms
Peak memory: 559.4716110229492 MB
Time index, remove data from structure: 0.0014063236465517242
Time for querying: 0.0
Time for new slide: 0.037234883344827586
Time for expired slide: 0.008956878784482758
------------------------------------
Number clusters = 0.0
Max Number points in event queue = 0.0
Avg number points in clusters= 0.0
Avg Rmc size = 0.0
Avg Length exps= 0.0
#window: 117
Total #outliers: 345
Average Time: 46.16425864102564 ms
Peak memory: 559.4716110229492 MB
Time index, remove data from structure: 0.0014052863076923076
Time for querying: 0.0
Time for new slide: 0.037224563880341885
Time for expired slide: 0.00893718141025641
------------------------------------
Number clusters = 0.0
Max Number points in event queue = 0.0
Avg number points in clusters= 0.0
Avg Rmc size = 0.0
Avg Length exps= 0.0
#window: 118
Total #outliers: 312
Average Time: 46.11456595762712 ms
Peak memory: 559.4716110229492 MB
Time index, remove data from structure: 0.001404242245762712
Time for querying: 0.0
Time for new slide: 0.03717536109322034
Time for expired slide: 0.008936697516949152
------------------------------------
Number clusters = 0.0
Max Number points in event queue = 0.0
Avg number points in clusters= 0.0
Avg Rmc size = 0.0
Avg Length exps= 0.0
#window: 119
Total #outliers: 373
Average Time: 46.016921319327736 ms
Peak memory: 559.4716110229492 MB
Time index, remove data from structure: 0.0014026305042016806
Time for querying: 0.0
Time for new slide: 0.03708923343697479
Time for expired slide: 0.008925184588235293
------------------------------------
Number clusters = 0.0
Max Number points in event queue = 0.0
Avg number points in clusters= 0.0
Avg Rmc size = 0.0
Avg Length exps= 0.0
#window: 120
Total #outliers: 305
Average Time: 45.88576205000001 ms
Peak memory: 559.4716110229492 MB
Time index, remove data from structure: 0.0014001788666666668
Time for querying: 0.0
Time for new slide: 0.03698821938333333
Time for expired slide: 0.008895041658333333
------------------------------------
Number clusters = 0.0
Max Number points in event queue = 0.0
Avg number points in clusters= 0.0
Avg Rmc size = 0.0
Avg Length exps= 0.0
#window: 121
Total #outliers: 241
Average Time: 45.78017955371901 ms
Peak memory: 559.4716110229492 MB
Time index, remove data from structure: 0.0013975549834710744
Time for querying: 0.0
Time for new slide: 0.036905288917355374
Time for expired slide: 0.008872391834710744
------------------------------------
Number clusters = 0.0
Max Number points in event queue = 0.0
Avg number points in clusters= 0.0
Avg Rmc size = 0.0
Avg Length exps= 0.0
#window: 122
Total #outliers: 213
Average Time: 45.711873860655736 ms
Peak memory: 559.4716110229492 MB
Time index, remove data from structure: 0.0013952511803278689
Time for querying: 0.0
Time for new slide: 0.036864920237704914
Time for expired slide: 0.008844457721311476
------------------------------------
Number clusters = 0.0
Max Number points in event queue = 0.0
Avg number points in clusters= 0.0
Avg Rmc size = 0.0
Avg Length exps= 0.0
#window: 123
Total #outliers: 155
Average Time: 45.59588717886179 ms
Peak memory: 559.4716110229492 MB
Time index, remove data from structure: 0.0013934446829268294
Time for querying: 0.0
Time for new slide: 0.036758105040650406
Time for expired slide: 0.008835289211382113
------------------------------------
Number clusters = 0.0
Max Number points in event queue = 0.0
Avg number points in clusters= 0.0
Avg Rmc size = 0.0
Avg Length exps= 0.0
#window: 124
Total #outliers: 222
Average Time: 45.47233120967742 ms
Peak memory: 573.3031997680664 MB
Time index, remove data from structure: 0.0013917839838709677
Time for querying: 0.0
Time for new slide: 0.036654770145161296
Time for expired slide: 0.008815073443548387
------------------------------------
Number clusters = 0.0
Max Number points in event queue = 0.0
Avg number points in clusters= 0.0
Avg Rmc size = 0.0
Avg Length exps= 0.0
#window: 125
Total #outliers: 191
Average Time: 45.344669128 ms
Peak memory: 573.3031997680664 MB
Time index, remove data from structure: 0.0013898186320000002
Time for querying: 0.0
Time for new slide: 0.036555854696
Time for expired slide: 0.008786332096
------------------------------------
Number clusters = 0.0
Max Number points in event queue = 0.0
Avg number points in clusters= 0.0
Avg Rmc size = 0.0
Avg Length exps= 0.0
#window: 126
Total #outliers: 222
Average Time: 45.21344974603175 ms
Peak memory: 573.3031997680664 MB
Time index, remove data from structure: 0.0013872370317460317
Time for querying: 0.0
Time for new slide: 0.036453392039682536
Time for expired slide: 0.008757580349206349
------------------------------------
Number clusters = 0.0
Max Number points in event queue = 0.0
Avg number points in clusters= 0.0
Avg Rmc size = 0.0
Avg Length exps= 0.0
#window: 127
Total #outliers: 262
Average Time: 45.12003797637795 ms
Peak memory: 632.5847778320312 MB
Time index, remove data from structure: 0.0013849818346456692
Time for querying: 0.0
Time for new slide: 0.03638337075590552
Time for expired slide: 0.008734192070866141
------------------------------------
Number clusters = 0.0
Max Number points in event queue = 0.0
Avg number points in clusters= 0.0
Avg Rmc size = 0.0
Avg Length exps= 0.0
#window: 128
Total #outliers: 265
Average Time: 45.02561575 ms
Peak memory: 632.5847778320312 MB
Time index, remove data from structure: 0.0013830356015625
Time for querying: 0.0
Time for new slide: 0.03631083378125
Time for expired slide: 0.0087123020234375
------------------------------------
Number clusters = 0.0
Max Number points in event queue = 0.0
Avg number points in clusters= 0.0
Avg Rmc size = 0.0
Avg Length exps= 0.0
#window: 129
Total #outliers: 281
Average Time: 44.99223472868217 ms
Peak memory: 632.5847778320312 MB
Time index, remove data from structure: 0.0013825162635658914
Time for querying: 0.0
Time for new slide: 0.03626820875968992
Time for expired slide: 0.00872154676744186
------------------------------------
Number clusters = 0.0
Max Number points in event queue = 0.0
Avg number points in clusters= 0.0
Avg Rmc size = 0.0
Avg Length exps= 0.0
#window: 130
Total #outliers: 288
Average Time: 44.9568153 ms
Peak memory: 672.105827331543 MB
Time index, remove data from structure: 0.0013807039923076922
Time for querying: 0.0
Time for new slide: 0.036236275400000004
Time for expired slide: 0.0087180642
------------------------------------
Number clusters = 0.0
Max Number points in event queue = 0.0
Avg number points in clusters= 0.0
Avg Rmc size = 0.0
Avg Length exps= 0.0
#window: 131
Total #outliers: 231
Average Time: 44.89194246564886 ms
Peak memory: 672.105827331543 MB
Time index, remove data from structure: 0.0013787744961832062
Time for querying: 0.0
Time for new slide: 0.03619558298473283
Time for expired slide: 0.0086938853129771
------------------------------------
Number clusters = 0.0
Max Number points in event queue = 0.0
Avg number points in clusters= 0.0
Avg Rmc size = 0.0
Avg Length exps= 0.0
#window: 132
Total #outliers: 196
Average Time: 44.815797992424244 ms
Peak memory: 672.105827331543 MB
Time index, remove data from structure: 0.001377198068181818
Time for querying: 0.0
Time for new slide: 0.03614757064393939
Time for expired slide: 0.008665752136363638
------------------------------------
Number clusters = 0.0
Max Number points in event queue = 0.0
Avg number points in clusters= 0.0
Avg Rmc size = 0.0
Avg Length exps= 0.0
#window: 133
Total #outliers: 230
Average Time: 44.76830915037594 ms
Peak memory: 711.6267929077148 MB
Time index, remove data from structure: 0.0013759969172932331
Time for querying: 0.0
Time for new slide: 0.0360975284962406
Time for expired slide: 0.00866830412781955
------------------------------------
Number clusters = 0.0
Max Number points in event queue = 0.0
Avg number points in clusters= 0.0
Avg Rmc size = 0.0
Avg Length exps= 0.0
#window: 134
Total #outliers: 223
Average Time: 44.830122828358206 ms
Peak memory: 711.6267929077148 MB
Time index, remove data from structure: 0.0013753656492537312
Time for querying: 0.0
Time for new slide: 0.036138859470149255
Time for expired slide: 0.008688785611940298
------------------------------------
Number clusters = 0.0
Max Number points in event queue = 0.0
Avg number points in clusters= 0.0
Avg Rmc size = 0.0
Avg Length exps= 0.0
#window: 135
Total #outliers: 254
Average Time: 44.857443533333324 ms
Peak memory: 751.1477813720703 MB
Time index, remove data from structure: 0.0013746194518518518
Time for querying: 0.0
Time for new slide: 0.036150515244444445
Time for expired slide: 0.008704450555555555
------------------------------------
Number clusters = 0.0
Max Number points in event queue = 0.0
Avg number points in clusters= 0.0
Avg Rmc size = 0.0
Avg Length exps= 0.0
#window: 136
Total #outliers: 312
Average Time: 44.888347169117644 ms
Peak memory: 751.1477813720703 MB
Time index, remove data from structure: 0.0013741410073529413
Time for querying: 0.0
Time for new slide: 0.03615875682352941
Time for expired slide: 0.008727111522058824
------------------------------------
Number clusters = 0.0
Max Number points in event queue = 0.0
Avg number points in clusters= 0.0
Avg Rmc size = 0.0
Avg Length exps= 0.0
#window: 137
Total #outliers: 173
Average Time: 44.863667970802915 ms
Peak memory: 790.6693725585938 MB
Time index, remove data from structure: 0.0013736952700729927
Time for querying: 0.0
Time for new slide: 0.03613327203649635
Time for expired slide: 0.008727918591240875
------------------------------------
Number clusters = 0.0
Max Number points in event queue = 0.0
Avg number points in clusters= 0.0
Avg Rmc size = 0.0
Avg Length exps= 0.0
#window: 138
Total #outliers: 162
Average Time: 44.88366500724637 ms
Peak memory: 790.6693725585938 MB
Time index, remove data from structure: 0.0013735089130434783
Time for querying: 0.0
Time for new slide: 0.036123117289855074
Time for expired slide: 0.008758069449275364
------------------------------------
Number clusters = 0.0
Max Number points in event queue = 0.0
Avg number points in clusters= 0.0
Avg Rmc size = 0.0
Avg Length exps= 0.0
#window: 139
Total #outliers: 113
Average Time: 44.87941856834532 ms
Peak memory: 810.4298934936523 MB
Time index, remove data from structure: 0.0013729891870503598
Time for querying: 0.0
Time for new slide: 0.03610641951079137
Time for expired slide: 0.008770521093525179
------------------------------------
Number clusters = 0.0
Max Number points in event queue = 0.0
Avg number points in clusters= 0.0
Avg Rmc size = 0.0
Avg Length exps= 0.0
#window: 140
Total #outliers: 98
Average Time: 44.794542835714275 ms
Peak memory: 810.4298934936523 MB
Time index, remove data from structure: 0.0013719313714285716
Time for querying: 0.0
Time for new slide: 0.03602554699285714
Time for expired slide: 0.008766519314285714
------------------------------------
Number clusters = 0.0
Max Number points in event queue = 0.0
Avg number points in clusters= 0.0
Avg Rmc size = 0.0
Avg Length exps= 0.0
#window: 141
Total #outliers: 138
Average Time: 44.723812184397154 ms
Peak memory: 810.4298934936523 MB
Time index, remove data from structure: 0.0013709179078014184
Time for querying: 0.0
Time for new slide: 0.03596194018439716
Time for expired slide: 0.008759395921985816
------------------------------------
Number clusters = 0.0
Max Number points in event queue = 0.0
Avg number points in clusters= 0.0
Avg Rmc size = 0.0
Avg Length exps= 0.0
#window: 142
Total #outliers: 157
Average Time: 44.6391013169014 ms
Peak memory: 869.7115325927734 MB
Time index, remove data from structure: 0.0013700104788732395
Time for querying: 0.0
Time for new slide: 0.03588661101408451
Time for expired slide: 0.00875001559859155
------------------------------------
Number clusters = 0.0
Max Number points in event queue = 0.0
Avg number points in clusters= 0.0
Avg Rmc size = 0.0
Avg Length exps= 0.0
#window: 143
Total #outliers: 231
Average Time: 44.57841619580419 ms
Peak memory: 869.7115325927734 MB
Time index, remove data from structure: 0.0013692708041958043
Time for querying: 0.0
Time for new slide: 0.03583086765034965
Time for expired slide: 0.008745075797202797
------------------------------------
Number clusters = 0.0
Max Number points in event queue = 0.0
Avg number points in clusters= 0.0
Avg Rmc size = 0.0
Avg Length exps= 0.0
#window: 144
Total #outliers: 285
Average Time: 44.510989131944434 ms
Peak memory: 869.7115325927734 MB
Time index, remove data from structure: 0.0013675568402777777
Time for querying: 0.0
Time for new slide: 0.03578166853472223
Time for expired slide: 0.00872685032638889
------------------------------------
Number clusters = 0.0
Max Number points in event queue = 0.0
Avg number points in clusters= 0.0
Avg Rmc size = 0.0
Avg Length exps= 0.0
#window: 145
Total #outliers: 357
Average Time: 44.466133034482745 ms
Peak memory: 909.2324981689453 MB
Time index, remove data from structure: 0.0013663393310344826
Time for querying: 0.0
Time for new slide: 0.0357500853862069
Time for expired slide: 0.00871358151724138
------------------------------------
Number clusters = 0.0
Max Number points in event queue = 0.0
Avg number points in clusters= 0.0
Avg Rmc size = 0.0
Avg Length exps= 0.0
#window: 146
Total #outliers: 383
Average Time: 44.48499039041095 ms
Peak memory: 909.2324981689453 MB
Time index, remove data from structure: 0.0013659411849315068
Time for querying: 0.0
Time for new slide: 0.035765469938356165
Time for expired slide: 0.008717057835616437
------------------------------------
Number clusters = 0.0
Max Number points in event queue = 0.0
Avg number points in clusters= 0.0
Avg Rmc size = 0.0
Avg Length exps= 0.0
#window: 147
Total #outliers: 385
Average Time: 44.49864178911564 ms
Peak memory: 948.7534637451172 MB
Time index, remove data from structure: 0.0013650695442176872
Time for querying: 0.0
Time for new slide: 0.035794243700680274
Time for expired slide: 0.008701938170068027
------------------------------------
Number clusters = 0.0
Max Number points in event queue = 0.0
Avg number points in clusters= 0.0
Avg Rmc size = 0.0
Avg Length exps= 0.0
#window: 148
Total #outliers: 253
Average Time: 44.472846594594586 ms
Peak memory: 948.7534637451172 MB
Time index, remove data from structure: 0.001363207527027027
Time for querying: 0.0
Time for new slide: 0.03578957314864865
Time for expired slide: 0.00868081593918919
------------------------------------
Number clusters = 0.0
Max Number points in event queue = 0.0
Avg number points in clusters= 0.0
Avg Rmc size = 0.0
Avg Length exps= 0.0
#window: 149
Total #outliers: 210
Average Time: 44.497366939597306 ms
Peak memory: 968.5139617919922 MB
Time index, remove data from structure: 0.0013625849731543624
Time for querying: 0.0
Time for new slide: 0.03581515824832215
Time for expired slide: 0.008679754979865771
------------------------------------
Number clusters = 0.0
Max Number points in event queue = 0.0
Avg number points in clusters= 0.0
Avg Rmc size = 0.0
Avg Length exps= 0.0
#window: 150
Total #outliers: 228
Average Time: 44.483426233333326 ms
Peak memory: 968.5139617919922 MB
Time index, remove data from structure: 0.00136164222
Time for querying: 0.0
Time for new slide: 0.03580967156
Time for expired slide: 0.008671301573333333
------------------------------------
Number clusters = 0.0
Max Number points in event queue = 0.0
Avg number points in clusters= 0.0
Avg Rmc size = 0.0
Avg Length exps= 0.0
#window: 151
Total #outliers: 409
Average Time: 44.543127569536416 ms
Peak memory: 1008.0349273681641 MB
Time index, remove data from structure: 0.0013606838476821193
Time for querying: 0.0
Time for new slide: 0.035888882258278146
Time for expired slide: 0.008651794264900661
------------------------------------
Number clusters = 0.0
Max Number points in event queue = 0.0
Avg number points in clusters= 0.0
Avg Rmc size = 0.0
Avg Length exps= 0.0
#window: 152
Total #outliers: 391
Average Time: 44.61324355921052 ms
Peak memory: 1008.0349273681641 MB
Time index, remove data from structure: 0.001359673072368421
Time for querying: 0.0
Time for new slide: 0.035947218921052626
Time for expired slide: 0.008663572980263158
------------------------------------
Number clusters = 0.0
Max Number points in event queue = 0.0
Avg number points in clusters= 0.0
Avg Rmc size = 0.0
Avg Length exps= 0.0
#window: 153
Total #outliers: 290
Average Time: 44.613203960784304 ms
Peak memory: 1047.5560913085938 MB
Time index, remove data from structure: 0.0013593533921568627
Time for querying: 0.0
Time for new slide: 0.03594156990196078
Time for expired slide: 0.008669182130718954
------------------------------------
Number clusters = 0.0
Max Number points in event queue = 0.0
Avg number points in clusters= 0.0
Avg Rmc size = 0.0
Avg Length exps= 0.0
#window: 154
Total #outliers: 315
Average Time: 44.63916925974025 ms
Peak memory: 1047.5560913085938 MB
Time index, remove data from structure: 0.0013589428181818182
Time for querying: 0.0
Time for new slide: 0.03595510178571429
Time for expired slide: 0.008681616077922078
------------------------------------
Number clusters = 0.0
Max Number points in event queue = 0.0
Avg number points in clusters= 0.0
Avg Rmc size = 0.0
Avg Length exps= 0.0
#window: 155
Total #outliers: 444
Average Time: 44.74078405806451 ms
Peak memory: 1047.5560913085938 MB
Time index, remove data from structure: 0.0013584567870967741
Time for querying: 0.0
Time for new slide: 0.03604261441935484
Time for expired slide: 0.008695716683870968
------------------------------------
Number clusters = 0.0
Max Number points in event queue = 0.0
Avg number points in clusters= 0.0
Avg Rmc size = 0.0
Avg Length exps= 0.0
#window: 156
Total #outliers: 497
Average Time: 44.91029477564102 ms
Peak memory: 1047.5560913085938 MB
Time index, remove data from structure: 0.001359302423076923
Time for querying: 0.0
Time for new slide: 0.036206254525641024
Time for expired slide: 0.008701588871794872
------------------------------------
Number clusters = 0.0
Max Number points in event queue = 0.0
Avg number points in clusters= 0.0
Avg Rmc size = 0.0
Avg Length exps= 0.0
#window: 157
Total #outliers: 531
Average Time: 45.02417996815286 ms
Peak memory: 1047.5560913085938 MB
Time index, remove data from structure: 0.0013594778407643312
Time for querying: 0.0
Time for new slide: 0.03631452452866242
Time for expired slide: 0.008707205305732485
------------------------------------
Number clusters = 0.0
Max Number points in event queue = 0.0
Avg number points in clusters= 0.0
Avg Rmc size = 0.0
Avg Length exps= 0.0
#window: 158
Total #outliers: 541
Average Time: 45.17975887341771 ms
Peak memory: 1047.5560913085938 MB
Time index, remove data from structure: 0.0013588848481012657
Time for querying: 0.0
Time for new slide: 0.03646877660126582
Time for expired slide: 0.00870853220886076
------------------------------------
Number clusters = 0.0
Max Number points in event queue = 0.0
Avg number points in clusters= 0.0
Avg Rmc size = 0.0
Avg Length exps= 0.0
#window: 159
Total #outliers: 487
Average Time: 45.289968327044015 ms
Peak memory: 1047.5560913085938 MB
Time index, remove data from structure: 0.0013581827672955974
Time for querying: 0.0
Time for new slide: 0.03657437782389937
Time for expired slide: 0.00871314196855346
------------------------------------
Number clusters = 0.0
Max Number points in event queue = 0.0
Avg number points in clusters= 0.0
Avg Rmc size = 0.0
Avg Length exps= 0.0
#window: 160
Total #outliers: 429
Average Time: 45.35177593124999 ms
Peak memory: 1047.5560913085938 MB
Time index, remove data from structure: 0.00135846505625
Time for querying: 0.0
Time for new slide: 0.036620338937500004
Time for expired slide: 0.0087289917875
------------------------------------
Number clusters = 0.0
Max Number points in event queue = 0.0
Avg number points in clusters= 0.0
Avg Rmc size = 0.0
Avg Length exps= 0.0
#window: 161
Total #outliers: 465
Average Time: 45.499834981366455 ms
Peak memory: 1047.5560913085938 MB
Time index, remove data from structure: 0.0013589748571428571
Time for querying: 0.0
Time for new slide: 0.036757487186335404
Time for expired slide: 0.008739904900621117
------------------------------------
Number clusters = 0.0
Max Number points in event queue = 0.0
Avg number points in clusters= 0.0
Avg Rmc size = 0.0
Avg Length exps= 0.0
#window: 162
Total #outliers: 325
Average Time: 45.48981712962962 ms
Peak memory: 1047.5560913085938 MB
Time index, remove data from structure: 0.0013581823395061728
Time for querying: 0.0
Time for new slide: 0.03675886654320988
Time for expired slide: 0.008728509783950617
------------------------------------
Number clusters = 0.0
Max Number points in event queue = 0.0
Avg number points in clusters= 0.0
Avg Rmc size = 0.0
Avg Length exps= 0.0
#window: 163
Total #outliers: 391
Average Time: 45.51122825153374 ms
Peak memory: 1047.5560913085938 MB
Time index, remove data from structure: 0.0013572671288343558
Time for querying: 0.0
Time for new slide: 0.036800451699386505
Time for expired slide: 0.008708337533742332
------------------------------------
Number clusters = 0.0
Max Number points in event queue = 0.0
Avg number points in clusters= 0.0
Avg Rmc size = 0.0
Avg Length exps= 0.0
#window: 164
Total #outliers: 490
Average Time: 45.53700434756097 ms
Peak memory: 1047.5560913085938 MB
Time index, remove data from structure: 0.00135566125
Time for querying: 0.0
Time for new slide: 0.03684720465853659
Time for expired slide: 0.008687363591463415
------------------------------------
Number clusters = 0.0
Max Number points in event queue = 0.0
Avg number points in clusters= 0.0
Avg Rmc size = 0.0
Avg Length exps= 0.0
#window: 165
Total #outliers: 448
Average Time: 45.595683690909084 ms
Peak memory: 1047.5560913085938 MB
Time index, remove data from structure: 0.001354392387878788
Time for querying: 0.0
Time for new slide: 0.03690914012727273
Time for expired slide: 0.00868411076969697
------------------------------------
Number clusters = 0.0
Max Number points in event queue = 0.0
Avg number points in clusters= 0.0
Avg Rmc size = 0.0
Avg Length exps= 0.0
#window: 166
Total #outliers: 392
Average Time: 45.613904999999995 ms
Peak memory: 1047.5560913085938 MB
Time index, remove data from structure: 0.0013538375421686746
Time for querying: 0.0
Time for new slide: 0.036922147608433736
Time for expired slide: 0.008689327927710842
------------------------------------
Number clusters = 0.0
Max Number points in event queue = 0.0
Avg number points in clusters= 0.0
Avg Rmc size = 0.0
Avg Length exps= 0.0
#window: 167
Total #outliers: 403
Average Time: 45.65246586227544 ms
Peak memory: 1047.5560913085938 MB
Time index, remove data from structure: 0.0013533054550898204
Time for querying: 0.0
Time for new slide: 0.03695838783233533
Time for expired slide: 0.008691651371257486
------------------------------------
Number clusters = 0.0
Max Number points in event queue = 0.0
Avg number points in clusters= 0.0
Avg Rmc size = 0.0
Avg Length exps= 0.0
#window: 168
Total #outliers: 465
Average Time: 45.72054064285714 ms
Peak memory: 1047.5560913085938 MB
Time index, remove data from structure: 0.001352788601190476
Time for querying: 0.0
Time for new slide: 0.03703350597619048
Time for expired slide: 0.008684609416666668
------------------------------------
Number clusters = 0.0
Max Number points in event queue = 0.0
Avg number points in clusters= 0.0
Avg Rmc size = 0.0
Avg Length exps= 0.0
#window: 169
Total #outliers: 425
Average Time: 45.80294272189348 ms
Peak memory: 1047.5560913085938 MB
Time index, remove data from structure: 0.0013517877100591717
Time for querying: 0.0
Time for new slide: 0.03711129877514793
Time for expired slide: 0.008689220230769231
------------------------------------
Number clusters = 0.0
Max Number points in event queue = 0.0
Avg number points in clusters= 0.0
Avg Rmc size = 0.0
Avg Length exps= 0.0
#window: 170
Total #outliers: 489
Average Time: 45.857329288235285 ms
Peak memory: 1047.5560913085938 MB
Time index, remove data from structure: 0.0013506144941176472
Time for querying: 0.0
Time for new slide: 0.03716491146470589
Time for expired slide: 0.008689995211764705
------------------------------------
Number clusters = 0.0
Max Number points in event queue = 0.0
Avg number points in clusters= 0.0
Avg Rmc size = 0.0
Avg Length exps= 0.0
#window: 171
Total #outliers: 460
Average Time: 45.89627273684209 ms
Peak memory: 1047.5560913085938 MB
Time index, remove data from structure: 0.0013499420877192982
Time for querying: 0.0
Time for new slide: 0.03720540592397661
Time for expired slide: 0.008688444233918128
------------------------------------
Number clusters = 0.0
Max Number points in event queue = 0.0
Avg number points in clusters= 0.0
Avg Rmc size = 0.0
Avg Length exps= 0.0
#window: 172
Total #outliers: 488
Average Time: 45.87093879651162 ms
Peak memory: 1047.5560913085938 MB
Time index, remove data from structure: 0.0013486973255813952
Time for querying: 0.0
Time for new slide: 0.03719861844186046
Time for expired slide: 0.008669898116279069
------------------------------------
Number clusters = 0.0
Max Number points in event queue = 0.0
Avg number points in clusters= 0.0
Avg Rmc size = 0.0
Avg Length exps= 0.0
#window: 173
Total #outliers: 556
Average Time: 45.8183743468208 ms
Peak memory: 1047.5560913085938 MB
Time index, remove data from structure: 0.0013474611213872831
Time for querying: 0.0
Time for new slide: 0.037153470184971095
Time for expired slide: 0.008662485213872834
------------------------------------
Number clusters = 0.0
Max Number points in event queue = 0.0
Avg number points in clusters= 0.0
Avg Rmc size = 0.0
Avg Length exps= 0.0
#window: 174
Total #outliers: 420
Average Time: 45.75213016666666 ms
Peak memory: 1047.5560913085938 MB
Time index, remove data from structure: 0.0013463593908045978
Time for querying: 0.0
Time for new slide: 0.03711057904022989
Time for expired slide: 0.008639134988505747
------------------------------------
Number clusters = 0.0
Max Number points in event queue = 0.0
Avg number points in clusters= 0.0
Avg Rmc size = 0.0
Avg Length exps= 0.0
#window: 175
Total #outliers: 365
Average Time: 45.67523170285714 ms
Peak memory: 1047.5560913085938 MB
Time index, remove data from structure: 0.0013447567657142857
Time for querying: 0.0
Time for new slide: 0.037059190994285715
Time for expired slide: 0.008613627394285714
------------------------------------
Number clusters = 0.0
Max Number points in event queue = 0.0
Avg number points in clusters= 0.0
Avg Rmc size = 0.0
Avg Length exps= 0.0
#window: 176
Total #outliers: 439
Average Time: 45.698413704545445 ms
Peak memory: 1047.5560913085938 MB
Time index, remove data from structure: 0.0013433923920454546
Time for querying: 0.0
Time for new slide: 0.03709604635795454
Time for expired slide: 0.00859995671590909
------------------------------------
Number clusters = 0.0
Max Number points in event queue = 0.0
Avg number points in clusters= 0.0
Avg Rmc size = 0.0
Avg Length exps= 0.0
#window: 177
Total #outliers: 359
Average Time: 45.88217107909603 ms
Peak memory: 1047.5560913085938 MB
Time index, remove data from structure: 0.0013420955649717514
Time for querying: 0.0
Time for new slide: 0.0372789734519774
Time for expired slide: 0.008600789265536724
------------------------------------
Number clusters = 0.0
Max Number points in event queue = 0.0
Avg number points in clusters= 0.0
Avg Rmc size = 0.0
Avg Length exps= 0.0
#window: 178
Total #outliers: 283
Average Time: 45.917254893258416 ms
Peak memory: 1047.5560913085938 MB
Time index, remove data from structure: 0.0013413580617977529
Time for querying: 0.0
Time for new slide: 0.03730133265168539
Time for expired slide: 0.008613516320224718
------------------------------------
Number clusters = 0.0
Max Number points in event queue = 0.0
Avg number points in clusters= 0.0
Avg Rmc size = 0.0
Avg Length exps= 0.0
#window: 179
Total #outliers: 278
Average Time: 45.897311106145246 ms
Peak memory: 1047.5560913085938 MB
Time index, remove data from structure: 0.00134049612849162
Time for querying: 0.0
Time for new slide: 0.037279048955307266
Time for expired slide: 0.008615859117318436
------------------------------------
Number clusters = 0.0
Max Number points in event queue = 0.0
Avg number points in clusters= 0.0
Avg Rmc size = 0.0
Avg Length exps= 0.0
#window: 180
Total #outliers: 341
Average Time: 45.974977011111115 ms
Peak memory: 1047.5560913085938 MB
Time index, remove data from structure: 0.0013400827333333333
Time for querying: 0.0
Time for new slide: 0.037342697433333336
Time for expired slide: 0.008629878083333334
------------------------------------
Number clusters = 0.0
Max Number points in event queue = 0.0
Avg number points in clusters= 0.0
Avg Rmc size = 0.0
Avg Length exps= 0.0
#window: 181
Total #outliers: 450
Average Time: 46.226716806629824 ms
Peak memory: 1047.5560913085938 MB
Time index, remove data from structure: 0.0013418108176795579
Time for querying: 0.0
Time for new slide: 0.03756257606077348
Time for expired slide: 0.008661740093922652
------------------------------------
Number clusters = 0.0
Max Number points in event queue = 0.0
Avg number points in clusters= 0.0
Avg Rmc size = 0.0
Avg Length exps= 0.0
#window: 182
Total #outliers: 465
Average Time: 46.50805354395603 ms
Peak memory: 1047.5560913085938 MB
Time index, remove data from structure: 0.001343377956043956
Time for querying: 0.0
Time for new slide: 0.037815614197802196
Time for expired slide: 0.008690039494505496
------------------------------------
Number clusters = 0.0
Max Number points in event queue = 0.0
Avg number points in clusters= 0.0
Avg Rmc size = 0.0
Avg Length exps= 0.0
#window: 183
Total #outliers: 460
Average Time: 46.7209819125683 ms
Peak memory: 1047.5560913085938 MB
Time index, remove data from structure: 0.0013453485519125683
Time for querying: 0.0
Time for new slide: 0.03799800254098361
Time for expired slide: 0.008720576469945356
------------------------------------
Number clusters = 0.0
Max Number points in event queue = 0.0
Avg number points in clusters= 0.0
Avg Rmc size = 0.0
Avg Length exps= 0.0
#window: 184
Total #outliers: 376
Average Time: 46.97598832065217 ms
Peak memory: 1047.5560913085938 MB
Time index, remove data from structure: 0.001347577820652174
Time for querying: 0.0
Time for new slide: 0.03819351726630435
Time for expired slide: 0.008780065570652173
------------------------------------
Number clusters = 0.0
Max Number points in event queue = 0.0
Avg number points in clusters= 0.0
Avg Rmc size = 0.0
Avg Length exps= 0.0
#window: 185
Total #outliers: 404
Average Time: 47.162872681081076 ms
Peak memory: 1047.5560913085938 MB
Time index, remove data from structure: 0.0013496935297297298
Time for querying: 0.0
Time for new slide: 0.03835660154054054
Time for expired slide: 0.008803865183783783
------------------------------------
Number clusters = 0.0
Max Number points in event queue = 0.0
Avg number points in clusters= 0.0
Avg Rmc size = 0.0
Avg Length exps= 0.0
#window: 186
Total #outliers: 411
Average Time: 47.33606616129032 ms
Peak memory: 1047.5560913085938 MB
Time index, remove data from structure: 0.001350927301075269
Time for querying: 0.0
Time for new slide: 0.03849134880107527
Time for expired slide: 0.008842311241935484
------------------------------------
Number clusters = 0.0
Max Number points in event queue = 0.0
Avg number points in clusters= 0.0
Avg Rmc size = 0.0
Avg Length exps= 0.0
#window: 187
Total #outliers: 311
Average Time: 47.46894964171123 ms
Peak memory: 1047.5560913085938 MB
Time index, remove data from structure: 0.0013521288502673797
Time for querying: 0.0
Time for new slide: 0.03859463984491979
Time for expired slide: 0.008871903411764706
------------------------------------
Number clusters = 0.0
Max Number points in event queue = 0.0
Avg number points in clusters= 0.0
Avg Rmc size = 0.0
Avg Length exps= 0.0
#window: 188
Total #outliers: 276
Average Time: 47.55583651595744 ms
Peak memory: 1047.5560913085938 MB
Time index, remove data from structure: 0.0013528494042553193
Time for querying: 0.0
Time for new slide: 0.03867107589893617
Time for expired slide: 0.008882355441489362
------------------------------------
Number clusters = 0.0
Max Number points in event queue = 0.0
Avg number points in clusters= 0.0
Avg Rmc size = 0.0
Avg Length exps= 0.0
#window: 189
Total #outliers: 365
Average Time: 47.645159746031744 ms
Peak memory: 1047.5560913085938 MB
Time index, remove data from structure: 0.0013538101111111112
Time for querying: 0.0
Time for new slide: 0.03876314001058201
Time for expired slide: 0.008879615396825396
------------------------------------
Number clusters = 0.0
Max Number points in event queue = 0.0
Avg number points in clusters= 0.0
Avg Rmc size = 0.0
Avg Length exps= 0.0
#window: 190
Total #outliers: 329
Average Time: 47.83022718421052 ms
Peak memory: 1047.5560913085938 MB
Time index, remove data from structure: 0.0013541933
Time for querying: 0.0
Time for new slide: 0.03893465361052632
Time for expired slide: 0.008893168389473684
------------------------------------
Number clusters = 0.0
Max Number points in event queue = 0.0
Avg number points in clusters= 0.0
Avg Rmc size = 0.0
Avg Length exps= 0.0
#window: 191
Total #outliers: 309
Average Time: 47.97130387958115 ms
Peak memory: 1047.5560913085938 MB
Time index, remove data from structure: 0.001355325282722513
Time for querying: 0.0
Time for new slide: 0.03904710720418848
Time for expired slide: 0.008921792094240837
------------------------------------
Number clusters = 0.0
Max Number points in event queue = 0.0
Avg number points in clusters= 0.0
Avg Rmc size = 0.0
Avg Length exps= 0.0
#window: 192
Total #outliers: 329
Average Time: 48.25025265104166 ms
Peak memory: 1047.5560913085938 MB
Time index, remove data from structure: 0.0013578163020833334
Time for querying: 0.0
Time for new slide: 0.03928641089583333
Time for expired slide: 0.008961437635416666
------------------------------------
Number clusters = 0.0
Max Number points in event queue = 0.0
Avg number points in clusters= 0.0
Avg Rmc size = 0.0
Avg Length exps= 0.0
#window: 193
Total #outliers: 334
Average Time: 48.53833024352332 ms
Peak memory: 1047.5560913085938 MB
Time index, remove data from structure: 0.0013614574611398962
Time for querying: 0.0
Time for new slide: 0.03954470213989637
Time for expired slide: 0.008991222730569948
------------------------------------
Number clusters = 0.0
Max Number points in event queue = 0.0
Avg number points in clusters= 0.0
Avg Rmc size = 0.0
Avg Length exps= 0.0
#window: 194
Total #outliers: 325
Average Time: 48.59693105670104 ms
Peak memory: 1047.5560913085938 MB
Time index, remove data from structure: 0.0013633301134020617
Time for querying: 0.0
Time for new slide: 0.03958833201546392
Time for expired slide: 0.009006193907216496
------------------------------------
Number clusters = 0.0
Max Number points in event queue = 0.0
Avg number points in clusters= 0.0
Avg Rmc size = 0.0
Avg Length exps= 0.0
#window: 195
Total #outliers: 263
Average Time: 48.654163261538464 ms
Peak memory: 1047.5560913085938 MB
Time index, remove data from structure: 0.0013640154256410258
Time for querying: 0.0
Time for new slide: 0.03963576267692308
Time for expired slide: 0.009015995892307692
------------------------------------
Number clusters = 0.0
Max Number points in event queue = 0.0
Avg number points in clusters= 0.0
Avg Rmc size = 0.0
Avg Length exps= 0.0
#window: 196
Total #outliers: 320
Average Time: 48.702337403061236 ms
Peak memory: 1047.5560913085938 MB
Time index, remove data from structure: 0.0013639700357142856
Time for querying: 0.0
Time for new slide: 0.03968149912755102
Time for expired slide: 0.009018434173469387
------------------------------------
Number clusters = 0.0
Max Number points in event queue = 0.0
Avg number points in clusters= 0.0
Avg Rmc size = 0.0
Avg Length exps= 0.0
#window: 197
Total #outliers: 295
Average Time: 48.74901294923858 ms
Peak memory: 1047.5560913085938 MB
Time index, remove data from structure: 0.0013633976497461927
Time for querying: 0.0
Time for new slide: 0.03972007981218274
Time for expired slide: 0.009026530634517766
------------------------------------
Number clusters = 0.0
Max Number points in event queue = 0.0
Avg number points in clusters= 0.0
Avg Rmc size = 0.0
Avg Length exps= 0.0
#window: 198
Total #outliers: 257
Average Time: 48.76751018686869 ms
Peak memory: 1047.5560913085938 MB
Time index, remove data from structure: 0.0013630610757575758
Time for querying: 0.0
Time for new slide: 0.03973932352020202
Time for expired slide: 0.009025785217171718
------------------------------------
Number clusters = 0.0
Max Number points in event queue = 0.0
Avg number points in clusters= 0.0
Avg Rmc size = 0.0
Avg Length exps= 0.0
#window: 199
Total #outliers: 318
Average Time: 48.82825267839197 ms
Peak memory: 1047.5560913085938 MB
Time index, remove data from structure: 0.001363732216080402
Time for querying: 0.0
Time for new slide: 0.03979185488944723
Time for expired slide: 0.009033996703517589
------------------------------------
Number clusters = 0.0
Max Number points in event queue = 0.0
Avg number points in clusters= 0.0
Avg Rmc size = 0.0
Avg Length exps= 0.0
#window: 200
Total #outliers: 317
Average Time: 48.836012345000015 ms
Peak memory: 1047.5560913085938 MB
Time index, remove data from structure: 0.001363502255
Time for querying: 0.0
Time for new slide: 0.03979719382
Time for expired slide: 0.009036417920000001
------------------------------------
Number clusters = 0.0
Max Number points in event queue = 0.0
Avg number points in clusters= 0.0
Avg Rmc size = 0.0
Avg Length exps= 0.0
#window: 201
Total #outliers: 335
Average Time: 48.81215436815922 ms
Peak memory: 1047.5560913085938 MB
Time index, remove data from structure: 0.0013631752935323383
Time for querying: 0.0
Time for new slide: 0.03977359014925373
Time for expired slide: 0.009036165139303482
------------------------------------
Number clusters = 0.0
Max Number points in event queue = 0.0
Avg number points in clusters= 0.0
Avg Rmc size = 0.0
Avg Length exps= 0.0
#window: 202
Total #outliers: 368
Average Time: 48.79129912376239 ms
Peak memory: 1047.5560913085938 MB
Time index, remove data from structure: 0.0013627055891089108
Time for querying: 0.0
Time for new slide: 0.03975567988613861
Time for expired slide: 0.009033221613861386
------------------------------------
Number clusters = 0.0
Max Number points in event queue = 0.0
Avg number points in clusters= 0.0
Avg Rmc size = 0.0
Avg Length exps= 0.0
#window: 203
Total #outliers: 419
Average Time: 48.84000878817736 ms
Peak memory: 1047.5560913085938 MB
Time index, remove data from structure: 0.0013620644926108374
Time for querying: 0.0
Time for new slide: 0.03979041790640394
Time for expired slide: 0.009047194950738916
------------------------------------
Number clusters = 0.0
Max Number points in event queue = 0.0
Avg number points in clusters= 0.0
Avg Rmc size = 0.0
Avg Length exps= 0.0
#window: 204
Total #outliers: 341
Average Time: 48.82319519117648 ms
Peak memory: 1047.5560913085938 MB
Time index, remove data from structure: 0.0013611943480392155
Time for querying: 0.0
Time for new slide: 0.03975854674509804
Time for expired slide: 0.009062254637254902
------------------------------------
Number clusters = 0.0
Max Number points in event queue = 0.0
Avg number points in clusters= 0.0
Avg Rmc size = 0.0
Avg Length exps= 0.0
#window: 205
Total #outliers: 295
Average Time: 48.77620757073172 ms
Peak memory: 1047.5560913085938 MB
Time index, remove data from structure: 0.0013601592097560976
Time for querying: 0.0
Time for new slide: 0.039709496999999996
Time for expired slide: 0.00906431715609756
------------------------------------
Number clusters = 0.0
Max Number points in event queue = 0.0
Avg number points in clusters= 0.0
Avg Rmc size = 0.0
Avg Length exps= 0.0
#window: 206
Total #outliers: 328
Average Time: 48.800040237864096 ms
Peak memory: 1047.5560913085938 MB
Time index, remove data from structure: 0.0013599533300970872
Time for querying: 0.0
Time for new slide: 0.039732470087378645
Time for expired slide: 0.009065177422330097
------------------------------------
Number clusters = 0.0
Max Number points in event queue = 0.0
Avg number points in clusters= 0.0
Avg Rmc size = 0.0
Avg Length exps= 0.0
#window: 207
Total #outliers: 368
Average Time: 48.90653142995171 ms
Peak memory: 1047.5560913085938 MB
Time index, remove data from structure: 0.001360518077294686
Time for querying: 0.0
Time for new slide: 0.039827723458937196
Time for expired slide: 0.009076415917874395
------------------------------------
Number clusters = 0.0
Max Number points in event queue = 0.0
Avg number points in clusters= 0.0
Avg Rmc size = 0.0
Avg Length exps= 0.0
#window: 208
Total #outliers: 392
Average Time: 49.0125209519231 ms
Peak memory: 1047.5560913085938 MB
Time index, remove data from structure: 0.001360875826923077
Time for querying: 0.0
Time for new slide: 0.03991460139903846
Time for expired slide: 0.00909552766826923
------------------------------------
Number clusters = 0.0
Max Number points in event queue = 0.0
Avg number points in clusters= 0.0
Avg Rmc size = 0.0
Avg Length exps= 0.0
Peak memory: 1047.5560913085938 MB
Average CPU time: 49.0125209519231 ms
