#window: 1
Total #outliers: 332
Average Time: 0.0 ms
Peak memory: 320.81851959228516 MB
Time index, remove data from structure: 0.0
Time for querying: 0.0
Time for new slide: 0.0
Time for expired slide: 0.0
------------------------------------
Number clusters = 0.0
Max Number points in event queue = 0.0
Avg number points in clusters= 0.0
Avg Rmc size = 0.0
Avg Length exps= 0.0
#window: 2
Total #outliers: 357
Average Time: 58.077434 ms
Peak memory: 320.81851959228516 MB
Time index, remove data from structure: 0.001771836
Time for querying: 0.0
Time for new slide: 0.053485222
Time for expired slide: 0.004590088
------------------------------------
Number clusters = 0.0
Max Number points in event queue = 0.0
Avg number points in clusters= 0.0
Avg Rmc size = 0.0
Avg Length exps= 0.0
#window: 3
Total #outliers: 374
Average Time: 78.34526433333333 ms
Peak memory: 320.81851959228516 MB
Time index, remove data from structure: 0.0019930303333333334
Time for querying: 0.0
Time for new slide: 0.07300284666666666
Time for expired slide: 0.005339747
------------------------------------
Number clusters = 0.0
Max Number points in event queue = 0.0
Avg number points in clusters= 0.0
Avg Rmc size = 0.0
Avg Length exps= 0.0
#window: 4
Total #outliers: 398
Average Time: 92.06839749999999 ms
Peak memory: 320.81851959228516 MB
Time index, remove data from structure: 0.0021958645
Time for querying: 0.0
Time for new slide: 0.086323972
Time for expired slide: 0.005741523
------------------------------------
Number clusters = 0.0
Max Number points in event queue = 0.0
Avg number points in clusters= 0.0
Avg Rmc size = 0.0
Avg Length exps= 0.0
#window: 5
Total #outliers: 359
Average Time: 101.0139212 ms
Peak memory: 320.81851959228516 MB
Time index, remove data from structure: 0.0022774251999999997
Time for querying: 0.0
Time for new slide: 0.095053901
Time for expired slide: 0.0059569306
------------------------------------
Number clusters = 0.0
Max Number points in event queue = 0.0
Avg number points in clusters= 0.0
Avg Rmc size = 0.0
Avg Length exps= 0.0
#window: 6
Total #outliers: 383
Average Time: 111.53959983333333 ms
Peak memory: 320.81851959228516 MB
Time index, remove data from structure: 0.002364640833333333
Time for querying: 0.0
Time for new slide: 0.10360093
Time for expired slide: 0.007935292166666667
------------------------------------
Number clusters = 0.0
Max Number points in event queue = 0.0
Avg number points in clusters= 0.0
Avg Rmc size = 0.0
Avg Length exps= 0.0
#window: 7
Total #outliers: 405
Average Time: 118.72096985714285 ms
Peak memory: 320.81851959228516 MB
Time index, remove data from structure: 0.002501228714285714
Time for querying: 0.0
Time for new slide: 0.110541409
Time for expired slide: 0.008176205857142857
------------------------------------
Number clusters = 0.0
Max Number points in event queue = 0.0
Avg number points in clusters= 0.0
Avg Rmc size = 0.0
Avg Length exps= 0.0
#window: 8
Total #outliers: 365
Average Time: 122.85157525 ms
Peak memory: 320.81851959228516 MB
Time index, remove data from structure: 0.002582325125
Time for querying: 0.0
Time for new slide: 0.114735243875
Time for expired slide: 0.00811299625
------------------------------------
Number clusters = 0.0
Max Number points in event queue = 0.0
Avg number points in clusters= 0.0
Avg Rmc size = 0.0
Avg Length exps= 0.0
#window: 9
Total #outliers: 362
Average Time: 128.5191761111111 ms
Peak memory: 335.5017318725586 MB
Time index, remove data from structure: 0.0026800158888888887
Time for querying: 0.0
Time for new slide: 0.1204513088888889
Time for expired slide: 0.008064491555555556
------------------------------------
Number clusters = 0.0
Max Number points in event queue = 0.0
Avg number points in clusters= 0.0
Avg Rmc size = 0.0
Avg Length exps= 0.0
#window: 10
Total #outliers: 366
Average Time: 132.6468887 ms
Peak memory: 345.2708206176758 MB
Time index, remove data from structure: 0.0027286719
Time for querying: 0.0
Time for new slide: 0.1246433277
Time for expired slide: 0.008000062300000001
------------------------------------
Number clusters = 0.0
Max Number points in event queue = 0.0
Avg number points in clusters= 0.0
Avg Rmc size = 0.0
Avg Length exps= 0.0
#window: 11
Total #outliers: 342
Average Time: 137.16237690909088 ms
Peak memory: 364.8090057373047 MB
Time index, remove data from structure: 0.002758742909090909
Time for querying: 0.0
Time for new slide: 0.12885110145454545
Time for expired slide: 0.008307691545454547
------------------------------------
Number clusters = 0.0
Max Number points in event queue = 0.0
Avg number points in clusters= 0.0
Avg Rmc size = 0.0
Avg Length exps= 0.0
#window: 12
Total #outliers: 348
Average Time: 141.95621 ms
Peak memory: 384.34716796875 MB
Time index, remove data from structure: 0.0027406585833333334
Time for querying: 0.0
Time for new slide: 0.13351605083333332
Time for expired slide: 0.00843661325
------------------------------------
Number clusters = 0.0
Max Number points in event queue = 0.0
Avg number points in clusters= 0.0
Avg Rmc size = 0.0
Avg Length exps= 0.0
#window: 13
Total #outliers: 347
Average Time: 147.15642938461536 ms
Peak memory: 394.11624908447266 MB
Time index, remove data from structure: 0.0027742806153846153
Time for querying: 0.0
Time for new slide: 0.13879695384615384
Time for expired slide: 0.00835593876923077
------------------------------------
Number clusters = 0.0
Max Number points in event queue = 0.0
Avg number points in clusters= 0.0
Avg Rmc size = 0.0
Avg Length exps= 0.0
#window: 14
Total #outliers: 356
Average Time: 150.49446192857144 ms
Peak memory: 403.8853302001953 MB
Time index, remove data from structure: 0.002817927642857143
Time for querying: 0.0
Time for new slide: 0.14215048992857143
Time for expired slide: 0.008340468214285714
------------------------------------
Number clusters = 0.0
Max Number points in event queue = 0.0
Avg number points in clusters= 0.0
Avg Rmc size = 0.0
Avg Length exps= 0.0
#window: 15
Total #outliers: 345
Average Time: 151.44078766666667 ms
Peak memory: 423.4235382080078 MB
Time index, remove data from structure: 0.0028600700666666667
Time for querying: 0.0
Time for new slide: 0.14312629913333333
Time for expired slide: 0.008309443666666668
------------------------------------
Number clusters = 0.0
Max Number points in event queue = 0.0
Avg number points in clusters= 0.0
Avg Rmc size = 0.0
Avg Length exps= 0.0
#window: 16
Total #outliers: 374
Average Time: 153.53127999999998 ms
Peak memory: 442.96173095703125 MB
Time index, remove data from structure: 0.0029092026875
Time for querying: 0.0
Time for new slide: 0.1452507389375
Time for expired slide: 0.008275555375
------------------------------------
Number clusters = 0.0
Max Number points in event queue = 0.0
Avg number points in clusters= 0.0
Avg Rmc size = 0.0
Avg Length exps= 0.0
#window: 17
Total #outliers: 407
Average Time: 155.48343905882354 ms
Peak memory: 452.7308349609375 MB
Time index, remove data from structure: 0.0029236906470588237
Time for querying: 0.0
Time for new slide: 0.14726739405882353
Time for expired slide: 0.00821112588235294
------------------------------------
Number clusters = 0.0
Max Number points in event queue = 0.0
Avg number points in clusters= 0.0
Avg Rmc size = 0.0
Avg Length exps= 0.0
#window: 18
Total #outliers: 392
Average Time: 157.52984177777776 ms
Peak memory: 472.2689971923828 MB
Time index, remove data from structure: 0.0029327290555555556
Time for querying: 0.0
Time for new slide: 0.14936778483333335
Time for expired slide: 0.008157206388888888
------------------------------------
Number clusters = 0.0
Max Number points in event queue = 0.0
Avg number points in clusters= 0.0
Avg Rmc size = 0.0
Avg Length exps= 0.0
#window: 19
Total #outliers: 401
Average Time: 159.6795594210526 ms
Peak memory: 482.03807830810547 MB
Time index, remove data from structure: 0.002959775894736842
Time for querying: 0.0
Time for new slide: 0.15145109999999998
Time for expired slide: 0.008223673105263158
------------------------------------
Number clusters = 0.0
Max Number points in event queue = 0.0
Avg number points in clusters= 0.0
Avg Rmc size = 0.0
Avg Length exps= 0.0
#window: 20
Total #outliers: 443
Average Time: 160.91664734999998 ms
Peak memory: 491.8071594238281 MB
Time index, remove data from structure: 0.00297763145
Time for querying: 0.0
Time for new slide: 0.1527068281
Time for expired slide: 0.0082050663
------------------------------------
Number clusters = 0.0
Max Number points in event queue = 0.0
Avg number points in clusters= 0.0
Avg Rmc size = 0.0
Avg Length exps= 0.0
#window: 21
Total #outliers: 463
Average Time: 162.17234885714285 ms
Peak memory: 511.34534454345703 MB
Time index, remove data from structure: 0.0029886
Time for querying: 0.0
Time for new slide: 0.1538827103809524
Time for expired slide: 0.008284928761904762
------------------------------------
Number clusters = 0.0
Max Number points in event queue = 0.0
Avg number points in clusters= 0.0
Avg Rmc size = 0.0
Avg Length exps= 0.0
#window: 22
Total #outliers: 476
Average Time: 164.26260999999997 ms
Peak memory: 530.8835144042969 MB
Time index, remove data from structure: 0.003018089136363637
Time for querying: 0.0
Time for new slide: 0.15578623195454544
Time for expired slide: 0.008471708954545455
------------------------------------
Number clusters = 0.0
Max Number points in event queue = 0.0
Avg number points in clusters= 0.0
Avg Rmc size = 0.0
Avg Length exps= 0.0
#window: 23
Total #outliers: 479
Average Time: 165.83892382608695 ms
Peak memory: 550.421745300293 MB
Time index, remove data from structure: 0.0030439834782608694
Time for querying: 0.0
Time for new slide: 0.1572619650869565
Time for expired slide: 0.008572336130434783
------------------------------------
Number clusters = 0.0
Max Number points in event queue = 0.0
Avg number points in clusters= 0.0
Avg Rmc size = 0.0
Avg Length exps= 0.0
#window: 24
Total #outliers: 482
Average Time: 167.14611233333332 ms
Peak memory: 560.1908721923828 MB
Time index, remove data from structure: 0.0030711955833333335
Time for querying: 0.0
Time for new slide: 0.15839614825
Time for expired slide: 0.0087450875
------------------------------------
Number clusters = 0.0
Max Number points in event queue = 0.0
Avg number points in clusters= 0.0
Avg Rmc size = 0.0
Avg Length exps= 0.0
#window: 25
Total #outliers: 476
Average Time: 168.55341832 ms
Peak memory: 579.7290344238281 MB
Time index, remove data from structure: 0.00309738348
Time for querying: 0.0
Time for new slide: 0.15977356388
Time for expired slide: 0.008775017000000001
------------------------------------
Number clusters = 0.0
Max Number points in event queue = 0.0
Avg number points in clusters= 0.0
Avg Rmc size = 0.0
Avg Length exps= 0.0
#window: 26
Total #outliers: 419
Average Time: 168.8775285384615 ms
Peak memory: 589.4981155395508 MB
Time index, remove data from structure: 0.0031158326153846155
Time for querying: 0.0
Time for new slide: 0.15985341023076924
Time for expired slide: 0.009019323653846154
------------------------------------
Number clusters = 0.0
Max Number points in event queue = 0.0
Avg number points in clusters= 0.0
Avg Rmc size = 0.0
Avg Length exps= 0.0
#window: 27
Total #outliers: 407
Average Time: 166.07914248148145 ms
Peak memory: 589.4981155395508 MB
Time index, remove data from structure: 0.0031262465555555556
Time for querying: 0.0
Time for new slide: 0.15712519474074074
Time for expired slide: 0.008949209148148148
------------------------------------
Number clusters = 0.0
Max Number points in event queue = 0.0
Avg number points in clusters= 0.0
Avg Rmc size = 0.0
Avg Length exps= 0.0
#window: 28
Total #outliers: 353
Average Time: 163.79574632142854 ms
Peak memory: 589.4981155395508 MB
Time index, remove data from structure: 0.0031415088571428574
Time for querying: 0.0
Time for new slide: 0.1548969835714286
Time for expired slide: 0.008894087142857143
------------------------------------
Number clusters = 0.0
Max Number points in event queue = 0.0
Avg number points in clusters= 0.0
Avg Rmc size = 0.0
Avg Length exps= 0.0
#window: 29
Total #outliers: 344
Average Time: 162.25234175862067 ms
Peak memory: 589.4981155395508 MB
Time index, remove data from structure: 0.003154769620689655
Time for querying: 0.0
Time for new slide: 0.15336971934482757
Time for expired slide: 0.00887798827586207
------------------------------------
Number clusters = 0.0
Max Number points in event queue = 0.0
Avg number points in clusters= 0.0
Avg Rmc size = 0.0
Avg Length exps= 0.0
#window: 30
Total #outliers: 462
Average Time: 160.50329966666663 ms
Peak memory: 589.4981155395508 MB
Time index, remove data from structure: 0.0031676802666666666
Time for querying: 0.0
Time for new slide: 0.15162680663333333
Time for expired slide: 0.008871920933333333
------------------------------------
Number clusters = 0.0
Max Number points in event queue = 0.0
Avg number points in clusters= 0.0
Avg Rmc size = 0.0
Avg Length exps= 0.0
#window: 31
Total #outliers: 529
Average Time: 159.5407940645161 ms
Peak memory: 589.4981155395508 MB
Time index, remove data from structure: 0.0031794386451612904
Time for querying: 0.0
Time for new slide: 0.1504815265483871
Time for expired slide: 0.009054755548387096
------------------------------------
Number clusters = 0.0
Max Number points in event queue = 0.0
Avg number points in clusters= 0.0
Avg Rmc size = 0.0
Avg Length exps= 0.0
#window: 32
Total #outliers: 495
Average Time: 157.99031003124998 ms
Peak memory: 589.4981155395508 MB
Time index, remove data from structure: 0.0031867809375
Time for querying: 0.0
Time for new slide: 0.148894715875
Time for expired slide: 0.009091111625
------------------------------------
Number clusters = 0.0
Max Number points in event queue = 0.0
Avg number points in clusters= 0.0
Avg Rmc size = 0.0
Avg Length exps= 0.0
#window: 33
Total #outliers: 517
Average Time: 155.93995584848483 ms
Peak memory: 589.4981155395508 MB
Time index, remove data from structure: 0.0031923595454545453
Time for querying: 0.0
Time for new slide: 0.14686303206060605
Time for expired slide: 0.00907246006060606
------------------------------------
Number clusters = 0.0
Max Number points in event queue = 0.0
Avg number points in clusters= 0.0
Avg Rmc size = 0.0
Avg Length exps= 0.0
#window: 34
Total #outliers: 503
Average Time: 153.96898338235292 ms
Peak memory: 589.4981155395508 MB
Time index, remove data from structure: 0.0031918852647058824
Time for querying: 0.0
Time for new slide: 0.14491091323529412
Time for expired slide: 0.009053639470588236
------------------------------------
Number clusters = 0.0
Max Number points in event queue = 0.0
Avg number points in clusters= 0.0
Avg Rmc size = 0.0
Avg Length exps= 0.0
#window: 35
Total #outliers: 489
Average Time: 152.48450174285713 ms
Peak memory: 589.4981155395508 MB
Time index, remove data from structure: 0.003186301542857143
Time for querying: 0.0
Time for new slide: 0.14345741605714285
Time for expired slide: 0.009022688314285715
------------------------------------
Number clusters = 0.0
Max Number points in event queue = 0.0
Avg number points in clusters= 0.0
Avg Rmc size = 0.0
Avg Length exps= 0.0
#window: 36
Total #outliers: 511
Average Time: 151.58165977777776 ms
Peak memory: 589.4981155395508 MB
Time index, remove data from structure: 0.0031794087222222225
Time for querying: 0.0
Time for new slide: 0.14258573008333333
Time for expired slide: 0.008991559055555555
------------------------------------
Number clusters = 0.0
Max Number points in event queue = 0.0
Avg number points in clusters= 0.0
Avg Rmc size = 0.0
Avg Length exps= 0.0
#window: 37
Total #outliers: 447
Average Time: 150.32293724324322 ms
Peak memory: 589.4981155395508 MB
Time index, remove data from structure: 0.0031721172162162163
Time for querying: 0.0
Time for new slide: 0.14132059002702702
Time for expired slide: 0.008998014243243244
------------------------------------
Number clusters = 0.0
Max Number points in event queue = 0.0
Avg number points in clusters= 0.0
Avg Rmc size = 0.0
Avg Length exps= 0.0
#window: 38
Total #outliers: 452
Average Time: 149.30551284210526 ms
Peak memory: 589.4981155395508 MB
Time index, remove data from structure: 0.0031697072368421053
Time for querying: 0.0
Time for new slide: 0.14033633281578947
Time for expired slide: 0.008964878894736843
------------------------------------
Number clusters = 0.0
Max Number points in event queue = 0.0
Avg number points in clusters= 0.0
Avg Rmc size = 0.0
Avg Length exps= 0.0
#window: 39
Total #outliers: 354
Average Time: 148.44608846153844 ms
Peak memory: 589.4981155395508 MB
Time index, remove data from structure: 0.003168773
Time for querying: 0.0
Time for new slide: 0.1395020726923077
Time for expired slide: 0.008939745692307691
------------------------------------
Number clusters = 0.0
Max Number points in event queue = 0.0
Avg number points in clusters= 0.0
Avg Rmc size = 0.0
Avg Length exps= 0.0
#window: 40
Total #outliers: 315
Average Time: 147.50544987499998 ms
Peak memory: 589.4981155395508 MB
Time index, remove data from structure: 0.0031681530499999997
Time for querying: 0.0
Time for new slide: 0.1385951054
Time for expired slide: 0.00890609815
------------------------------------
Number clusters = 0.0
Max Number points in event queue = 0.0
Avg number points in clusters= 0.0
Avg Rmc size = 0.0
Avg Length exps= 0.0
#window: 41
Total #outliers: 300
Average Time: 146.7402330731707 ms
Peak memory: 589.4981155395508 MB
Time index, remove data from structure: 0.0031699246585365853
Time for querying: 0.0
Time for new slide: 0.13782428036585365
Time for expired slide: 0.008911743146341463
------------------------------------
Number clusters = 0.0
Max Number points in event queue = 0.0
Avg number points in clusters= 0.0
Avg Rmc size = 0.0
Avg Length exps= 0.0
#window: 42
Total #outliers: 302
Average Time: 146.19321797619048 ms
Peak memory: 589.4981155395508 MB
Time index, remove data from structure: 0.0031799554761904763
Time for querying: 0.0
Time for new slide: 0.1372095085952381
Time for expired slide: 0.008979523904761904
------------------------------------
Number clusters = 0.0
Max Number points in event queue = 0.0
Avg number points in clusters= 0.0
Avg Rmc size = 0.0
Avg Length exps= 0.0
#window: 43
Total #outliers: 304
Average Time: 145.54437627906978 ms
Peak memory: 589.4981155395508 MB
Time index, remove data from structure: 0.0031816143953488367
Time for querying: 0.0
Time for new slide: 0.1364663934651163
Time for expired slide: 0.009073798139534883
------------------------------------
Number clusters = 0.0
Max Number points in event queue = 0.0
Avg number points in clusters= 0.0
Avg Rmc size = 0.0
Avg Length exps= 0.0
#window: 44
Total #outliers: 297
Average Time: 144.94903181818182 ms
Peak memory: 589.4981155395508 MB
Time index, remove data from structure: 0.0031851203863636364
Time for querying: 0.0
Time for new slide: 0.13583617197727274
Time for expired slide: 0.009108700181818181
------------------------------------
Number clusters = 0.0
Max Number points in event queue = 0.0
Avg number points in clusters= 0.0
Avg Rmc size = 0.0
Avg Length exps= 0.0
#window: 45
Total #outliers: 302
Average Time: 144.4504738222222 ms
Peak memory: 589.4981155395508 MB
Time index, remove data from structure: 0.003186119088888889
Time for querying: 0.0
Time for new slide: 0.13537417024444443
Time for expired slide: 0.009072145955555555
------------------------------------
Number clusters = 0.0
Max Number points in event queue = 0.0
Avg number points in clusters= 0.0
Avg Rmc size = 0.0
Avg Length exps= 0.0
#window: 46
Total #outliers: 300
Average Time: 144.05198845652174 ms
Peak memory: 593.9573516845703 MB
Time index, remove data from structure: 0.003188663586956522
Time for querying: 0.0
Time for new slide: 0.1350035161521739
Time for expired slide: 0.009044345782608695
------------------------------------
Number clusters = 0.0
Max Number points in event queue = 0.0
Avg number points in clusters= 0.0
Avg Rmc size = 0.0
Avg Length exps= 0.0
#window: 47
Total #outliers: 335
Average Time: 143.69473963829788 ms
Peak memory: 603.7404251098633 MB
Time index, remove data from structure: 0.0031898509361702127
Time for querying: 0.0
Time for new slide: 0.13467806031914895
Time for expired slide: 0.009012568021276595
------------------------------------
Number clusters = 0.0
Max Number points in event queue = 0.0
Avg number points in clusters= 0.0
Avg Rmc size = 0.0
Avg Length exps= 0.0
#window: 48
Total #outliers: 329
Average Time: 142.50125083333333 ms
Peak memory: 603.7404251098633 MB
Time index, remove data from structure: 0.0031858037083333335
Time for querying: 0.0
Time for new slide: 0.13351950197916665
Time for expired slide: 0.008977655874999999
------------------------------------
Number clusters = 0.0
Max Number points in event queue = 0.0
Avg number points in clusters= 0.0
Avg Rmc size = 0.0
Avg Length exps= 0.0
#window: 49
Total #outliers: 326
Average Time: 141.4194022244898 ms
Peak memory: 603.7404251098633 MB
Time index, remove data from structure: 0.003180461
Time for querying: 0.0
Time for new slide: 0.13246988420408162
Time for expired slide: 0.008945447673469388
------------------------------------
Number clusters = 0.0
Max Number points in event queue = 0.0
Avg number points in clusters= 0.0
Avg Rmc size = 0.0
Avg Length exps= 0.0
#window: 50
Total #outliers: 337
Average Time: 140.2551066 ms
Peak memory: 603.7404251098633 MB
Time index, remove data from structure: 0.00317804236
Time for querying: 0.0
Time for new slide: 0.13133341214
Time for expired slide: 0.00891764072
------------------------------------
Number clusters = 0.0
Max Number points in event queue = 0.0
Avg number points in clusters= 0.0
Avg Rmc size = 0.0
Avg Length exps= 0.0
#window: 51
Total #outliers: 333
Average Time: 139.04416935294117 ms
Peak memory: 603.7404251098633 MB
Time index, remove data from structure: 0.003175049156862745
Time for querying: 0.0
Time for new slide: 0.13015018998039216
Time for expired slide: 0.00888994194117647
------------------------------------
Number clusters = 0.0
Max Number points in event queue = 0.0
Avg number points in clusters= 0.0
Avg Rmc size = 0.0
Avg Length exps= 0.0
#window: 52
Total #outliers: 332
Average Time: 138.0082443846154 ms
Peak memory: 603.7404251098633 MB
Time index, remove data from structure: 0.0031723828846153845
Time for querying: 0.0
Time for new slide: 0.12910895901923075
Time for expired slide: 0.008895257903846154
------------------------------------
Number clusters = 0.0
Max Number points in event queue = 0.0
Avg number points in clusters= 0.0
Avg Rmc size = 0.0
Avg Length exps= 0.0
#window: 53
Total #outliers: 335
Average Time: 137.09630616981133 ms
Peak memory: 603.7404251098633 MB
Time index, remove data from structure: 0.003171122037735849
Time for querying: 0.0
Time for new slide: 0.12822470656603774
Time for expired slide: 0.008867584150943396
------------------------------------
Number clusters = 0.0
Max Number points in event queue = 0.0
Avg number points in clusters= 0.0
Avg Rmc size = 0.0
Avg Length exps= 0.0
#window: 54
Total #outliers: 337
Average Time: 136.12882877777778 ms
Peak memory: 603.7404251098633 MB
Time index, remove data from structure: 0.0031667104444444445
Time for querying: 0.0
Time for new slide: 0.12728807075925927
Time for expired slide: 0.00883676762962963
------------------------------------
Number clusters = 0.0
Max Number points in event queue = 0.0
Avg number points in clusters= 0.0
Avg Rmc size = 0.0
Avg Length exps= 0.0
#window: 55
Total #outliers: 328
Average Time: 135.14861865454546 ms
Peak memory: 603.7404251098633 MB
Time index, remove data from structure: 0.003154828036363636
Time for querying: 0.0
Time for new slide: 0.12634660032727274
Time for expired slide: 0.008798042054545456
------------------------------------
Number clusters = 0.0
Max Number points in event queue = 0.0
Avg number points in clusters= 0.0
Avg Rmc size = 0.0
Avg Length exps= 0.0
#window: 56
Total #outliers: 311
Average Time: 134.17833878571432 ms
Peak memory: 603.7404251098633 MB
Time index, remove data from structure: 0.003144445857142857
Time for querying: 0.0
Time for new slide: 0.125412381875
Time for expired slide: 0.008761984642857143
------------------------------------
Number clusters = 0.0
Max Number points in event queue = 0.0
Avg number points in clusters= 0.0
Avg Rmc size = 0.0
Avg Length exps= 0.0
#window: 57
Total #outliers: 313
Average Time: 133.30409629824564 ms
Peak memory: 603.7404251098633 MB
Time index, remove data from structure: 0.003134541947368421
Time for querying: 0.0
Time for new slide: 0.12457211184210526
Time for expired slide: 0.008728026087719299
------------------------------------
Number clusters = 0.0
Max Number points in event queue = 0.0
Avg number points in clusters= 0.0
Avg Rmc size = 0.0
Avg Length exps= 0.0
#window: 58
Total #outliers: 298
Average Time: 132.59686393103448 ms
Peak memory: 603.7404251098633 MB
Time index, remove data from structure: 0.0031240476896551724
Time for querying: 0.0
Time for new slide: 0.12389591701724137
Time for expired slide: 0.008697004310344827
------------------------------------
Number clusters = 0.0
Max Number points in event queue = 0.0
Avg number points in clusters= 0.0
Avg Rmc size = 0.0
Avg Length exps= 0.0
#window: 59
Total #outliers: 313
Average Time: 131.9480305423729 ms
Peak memory: 603.7404251098633 MB
Time index, remove data from structure: 0.003112301033898305
Time for querying: 0.0
Time for new slide: 0.1232836063898305
Time for expired slide: 0.008660487237288135
------------------------------------
Number clusters = 0.0
Max Number points in event queue = 0.0
Avg number points in clusters= 0.0
Avg Rmc size = 0.0
Avg Length exps= 0.0
#window: 60
Total #outliers: 319
Average Time: 131.31335681666667 ms
Peak memory: 603.7404251098633 MB
Time index, remove data from structure: 0.003097797466666667
Time for querying: 0.0
Time for new slide: 0.1226844197
Time for expired slide: 0.00862500995
------------------------------------
Number clusters = 0.0
Max Number points in event queue = 0.0
Avg number points in clusters= 0.0
Avg Rmc size = 0.0
Avg Length exps= 0.0
#window: 61
Total #outliers: 334
Average Time: 130.67470470491804 ms
Peak memory: 603.7404251098633 MB
Time index, remove data from structure: 0.00308537437704918
Time for querying: 0.0
Time for new slide: 0.12207869114754098
Time for expired slide: 0.008592089278688524
------------------------------------
Number clusters = 0.0
Max Number points in event queue = 0.0
Avg number points in clusters= 0.0
Avg Rmc size = 0.0
Avg Length exps= 0.0
#window: 62
Total #outliers: 348
Average Time: 130.19327979032258 ms
Peak memory: 603.7404251098633 MB
Time index, remove data from structure: 0.0030800524677419357
Time for querying: 0.0
Time for new slide: 0.12162050229032259
Time for expired slide: 0.008568860758064517
------------------------------------
Number clusters = 0.0
Max Number points in event queue = 0.0
Avg number points in clusters= 0.0
Avg Rmc size = 0.0
Avg Length exps= 0.0
#window: 63
Total #outliers: 352
Average Time: 129.83437704761906 ms
Peak memory: 603.7404251098633 MB
Time index, remove data from structure: 0.0030719816190476193
Time for querying: 0.0
Time for new slide: 0.12128490361904762
Time for expired slide: 0.008545564174603174
------------------------------------
Number clusters = 0.0
Max Number points in event queue = 0.0
Avg number points in clusters= 0.0
Avg Rmc size = 0.0
Avg Length exps= 0.0
#window: 64
Total #outliers: 377
Average Time: 129.59580809375 ms
Peak memory: 603.7404251098633 MB
Time index, remove data from structure: 0.0030665133125
Time for querying: 0.0
Time for new slide: 0.121019309109375
Time for expired slide: 0.00857260459375
------------------------------------
Number clusters = 0.0
Max Number points in event queue = 0.0
Avg number points in clusters= 0.0
Avg Rmc size = 0.0
Avg Length exps= 0.0
#window: 65
Total #outliers: 355
Average Time: 129.35376201538466 ms
Peak memory: 603.7404251098633 MB
Time index, remove data from structure: 0.0030597058153846155
Time for querying: 0.0
Time for new slide: 0.12077807609230769
Time for expired slide: 0.008571804338461539
------------------------------------
Number clusters = 0.0
Max Number points in event queue = 0.0
Avg number points in clusters= 0.0
Avg Rmc size = 0.0
Avg Length exps= 0.0
#window: 66
Total #outliers: 359
Average Time: 129.23198504545456 ms
Peak memory: 603.7404251098633 MB
Time index, remove data from structure: 0.0030506895303030303
Time for querying: 0.0
Time for new slide: 0.12068229443939393
Time for expired slide: 0.008545809484848484
------------------------------------
Number clusters = 0.0
Max Number points in event queue = 0.0
Avg number points in clusters= 0.0
Avg Rmc size = 0.0
Avg Length exps= 0.0
#window: 67
Total #outliers: 370
Average Time: 129.12899302985076 ms
Peak memory: 619.9548110961914 MB
Time index, remove data from structure: 0.0030394447462686568
Time for querying: 0.0
Time for new slide: 0.12060178570149252
Time for expired slide: 0.008523336925373133
------------------------------------
Number clusters = 0.0
Max Number points in event queue = 0.0
Avg number points in clusters= 0.0
Avg Rmc size = 0.0
Avg Length exps= 0.0
#window: 68
Total #outliers: 385
Average Time: 129.07376935294118 ms
Peak memory: 639.6909027099609 MB
Time index, remove data from structure: 0.0030286955588235296
Time for querying: 0.0
Time for new slide: 0.12056979489705884
Time for expired slide: 0.00850011075
------------------------------------
Number clusters = 0.0
Max Number points in event queue = 0.0
Avg number points in clusters= 0.0
Avg Rmc size = 0.0
Avg Length exps= 0.0
#window: 69
Total #outliers: 443
Average Time: 129.14845165217395 ms
Peak memory: 679.1630706787109 MB
Time index, remove data from structure: 0.0030199137101449276
Time for querying: 0.0
Time for new slide: 0.12066378611594204
Time for expired slide: 0.008480814202898552
------------------------------------
Number clusters = 0.0
Max Number points in event queue = 0.0
Avg number points in clusters= 0.0
Avg Rmc size = 0.0
Avg Length exps= 0.0
#window: 70
Total #outliers: 465
Average Time: 129.41247994285717 ms
Peak memory: 698.8991775512695 MB
Time index, remove data from structure: 0.003007868414285714
Time for querying: 0.0
Time for new slide: 0.12093287674285716
Time for expired slide: 0.008475767785714286
------------------------------------
Number clusters = 0.0
Max Number points in event queue = 0.0
Avg number points in clusters= 0.0
Avg Rmc size = 0.0
Avg Length exps= 0.0
#window: 71
Total #outliers: 427
Average Time: 129.2117537605634 ms
Peak memory: 718.6352615356445 MB
Time index, remove data from structure: 0.002989304985915493
Time for querying: 0.0
Time for new slide: 0.12074095126760563
Time for expired slide: 0.00846697566197183
------------------------------------
Number clusters = 0.0
Max Number points in event queue = 0.0
Avg number points in clusters= 0.0
Avg Rmc size = 0.0
Avg Length exps= 0.0
#window: 72
Total #outliers: 443
Average Time: 129.45187479166668 ms
Peak memory: 758.1074295043945 MB
Time index, remove data from structure: 0.0029713499444444444
Time for querying: 0.0
Time for new slide: 0.12099436561111111
Time for expired slide: 0.008453680902777778
------------------------------------
Number clusters = 0.0
Max Number points in event queue = 0.0
Avg number points in clusters= 0.0
Avg Rmc size = 0.0
Avg Length exps= 0.0
#window: 73
Total #outliers: 457
Average Time: 129.89009942465754 ms
Peak memory: 777.8435134887695 MB
Time index, remove data from structure: 0.0029547340273972603
Time for querying: 0.0
Time for new slide: 0.12144183708219178
Time for expired slide: 0.008444439821917808
------------------------------------
Number clusters = 0.0
Max Number points in event queue = 0.0
Avg number points in clusters= 0.0
Avg Rmc size = 0.0
Avg Length exps= 0.0
#window: 74
Total #outliers: 467
Average Time: 130.39666532432435 ms
Peak memory: 817.3156814575195 MB
Time index, remove data from structure: 0.002938362878378378
Time for querying: 0.0
Time for new slide: 0.12195488791891891
Time for expired slide: 0.008437960108108107
------------------------------------
Number clusters = 0.0
Max Number points in event queue = 0.0
Avg number points in clusters= 0.0
Avg Rmc size = 0.0
Avg Length exps= 0.0
#window: 75
Total #outliers: 521
Average Time: 130.80073873333336 ms
Peak memory: 837.0518035888672 MB
Time index, remove data from structure: 0.0029275029066666665
Time for querying: 0.0
Time for new slide: 0.12235721610666665
Time for expired slide: 0.008439711666666667
------------------------------------
Number clusters = 0.0
Max Number points in event queue = 0.0
Avg number points in clusters= 0.0
Avg Rmc size = 0.0
Avg Length exps= 0.0
#window: 76
Total #outliers: 518
Average Time: 131.32168047368424 ms
Peak memory: 856.7878875732422 MB
Time index, remove data from structure: 0.002921608868421053
Time for querying: 0.0
Time for new slide: 0.12287707711842105
Time for expired slide: 0.008440798368421053
------------------------------------
Number clusters = 0.0
Max Number points in event queue = 0.0
Avg number points in clusters= 0.0
Avg Rmc size = 0.0
Avg Length exps= 0.0
#window: 77
Total #outliers: 536
Average Time: 131.83503023376625 ms
Peak memory: 876.5239868164062 MB
Time index, remove data from structure: 0.002908879181818182
Time for querying: 0.0
Time for new slide: 0.12339218219480519
Time for expired slide: 0.008439045376623378
------------------------------------
Number clusters = 0.0
Max Number points in event queue = 0.0
Avg number points in clusters= 0.0
Avg Rmc size = 0.0
Avg Length exps= 0.0
#window: 78
Total #outliers: 654
Average Time: 132.4638567820513 ms
Peak memory: 915.9961547851562 MB
Time index, remove data from structure: 0.0028969568461538462
Time for querying: 0.0
Time for new slide: 0.12401726
Time for expired slide: 0.008442802756410257
------------------------------------
Number clusters = 0.0
Max Number points in event queue = 0.0
Avg number points in clusters= 0.0
Avg Rmc size = 0.0
Avg Length exps= 0.0
#window: 79
Total #outliers: 660
Average Time: 133.27112956962026 ms
Peak memory: 935.7322387695312 MB
Time index, remove data from structure: 0.002884488012658228
Time for querying: 0.0
Time for new slide: 0.12470014739240508
Time for expired slide: 0.008567190291139242
------------------------------------
Number clusters = 0.0
Max Number points in event queue = 0.0
Avg number points in clusters= 0.0
Avg Rmc size = 0.0
Avg Length exps= 0.0
#window: 80
Total #outliers: 701
Average Time: 134.318497425 ms
Peak memory: 975.2044448852539 MB
Time index, remove data from structure: 0.0028884946125
Time for querying: 0.0
Time for new slide: 0.12535971485
Time for expired slide: 0.008954997737500001
------------------------------------
Number clusters = 0.0
Max Number points in event queue = 0.0
Avg number points in clusters= 0.0
Avg Rmc size = 0.0
Avg Length exps= 0.0
#window: 81
Total #outliers: 908
Average Time: 135.24555603703706 ms
Peak memory: 994.9405670166016 MB
Time index, remove data from structure: 0.0028919091975308643
Time for querying: 0.0
Time for new slide: 0.12617195550617286
Time for expired slide: 0.009069820308641976
------------------------------------
Number clusters = 0.0
Max Number points in event queue = 0.0
Avg number points in clusters= 0.0
Avg Rmc size = 0.0
Avg Length exps= 0.0
#window: 82
Total #outliers: 855
Average Time: 136.245490695122 ms
Peak memory: 1014.6766510009766 MB
Time index, remove data from structure: 0.0028896623658536584
Time for querying: 0.0
Time for new slide: 0.12713485987804876
Time for expired slide: 0.009106854134146343
------------------------------------
Number clusters = 0.0
Max Number points in event queue = 0.0
Avg number points in clusters= 0.0
Avg Rmc size = 0.0
Avg Length exps= 0.0
#window: 83
Total #outliers: 740
Average Time: 137.13873285542172 ms
Peak memory: 1034.4127502441406 MB
Time index, remove data from structure: 0.0028980689759036146
Time for querying: 0.0
Time for new slide: 0.12783653414457832
Time for expired slide: 0.009298426578313253
------------------------------------
Number clusters = 0.0
Max Number points in event queue = 0.0
Avg number points in clusters= 0.0
Avg Rmc size = 0.0
Avg Length exps= 0.0
#window: 84
Total #outliers: 636
Average Time: 137.71805342857147 ms
Peak memory: 1054.1488342285156 MB
Time index, remove data from structure: 0.0028949041904761906
Time for querying: 0.0
Time for new slide: 0.12838517513095238
Time for expired slide: 0.009329110523809523
------------------------------------
Number clusters = 0.0
Max Number points in event queue = 0.0
Avg number points in clusters= 0.0
Avg Rmc size = 0.0
Avg Length exps= 0.0
#window: 85
Total #outliers: 627
Average Time: 138.39054764705887 ms
Peak memory: 1073.8849182128906 MB
Time index, remove data from structure: 0.0028895154352941176
Time for querying: 0.0
Time for new slide: 0.12901972110588236
Time for expired slide: 0.009367067305882352
------------------------------------
Number clusters = 0.0
Max Number points in event queue = 0.0
Avg number points in clusters= 0.0
Avg Rmc size = 0.0
Avg Length exps= 0.0
#window: 86
Total #outliers: 647
Average Time: 139.0695868023256 ms
Peak memory: 1093.6210021972656 MB
Time index, remove data from structure: 0.0028838870930232557
Time for querying: 0.0
Time for new slide: 0.12971490191860466
Time for expired slide: 0.009350930244186047
------------------------------------
Number clusters = 0.0
Max Number points in event queue = 0.0
Avg number points in clusters= 0.0
Avg Rmc size = 0.0
Avg Length exps= 0.0
#window: 87
Total #outliers: 662
Average Time: 139.84158285057475 ms
Peak memory: 1113.357276916504 MB
Time index, remove data from structure: 0.002882209057471264
Time for querying: 0.0
Time for new slide: 0.13039737766666668
Time for expired slide: 0.009440458022988506
------------------------------------
Number clusters = 0.0
Max Number points in event queue = 0.0
Avg number points in clusters= 0.0
Avg Rmc size = 0.0
Avg Length exps= 0.0
#window: 88
Total #outliers: 683
Average Time: 140.18762761363638 ms
Peak memory: 1130.0420837402344 MB
Time index, remove data from structure: 0.0028793838977272724
Time for querying: 0.0
Time for new slide: 0.13072812923863636
Time for expired slide: 0.009455747170454545
------------------------------------
Number clusters = 0.0
Max Number points in event queue = 0.0
Avg number points in clusters= 0.0
Avg Rmc size = 0.0
Avg Length exps= 0.0
#window: 89
Total #outliers: 657
Average Time: 139.72665160674157 ms
Peak memory: 1130.0420837402344 MB
Time index, remove data from structure: 0.0028755546067415734
Time for querying: 0.0
Time for new slide: 0.13020950656179775
Time for expired slide: 0.009513393280898877
------------------------------------
Number clusters = 0.0
Max Number points in event queue = 0.0
Avg number points in clusters= 0.0
Avg Rmc size = 0.0
Avg Length exps= 0.0
#window: 90
Total #outliers: 667
Average Time: 139.3448630777778 ms
Peak memory: 1130.0420837402344 MB
Time index, remove data from structure: 0.0028702976555555555
Time for querying: 0.0
Time for new slide: 0.12978220966666665
Time for expired slide: 0.009558910777777778
------------------------------------
Number clusters = 0.0
Max Number points in event queue = 0.0
Avg number points in clusters= 0.0
Avg Rmc size = 0.0
Avg Length exps= 0.0
#window: 91
Total #outliers: 577
Average Time: 139.042628978022 ms
Peak memory: 1130.0420837402344 MB
Time index, remove data from structure: 0.00286455910989011
Time for querying: 0.0
Time for new slide: 0.12945596243956045
Time for expired slide: 0.009582926637362639
------------------------------------
Number clusters = 0.0
Max Number points in event queue = 0.0
Avg number points in clusters= 0.0
Avg Rmc size = 0.0
Avg Length exps= 0.0
#window: 92
Total #outliers: 531
Average Time: 138.5568412608696 ms
Peak memory: 1130.0420837402344 MB
Time index, remove data from structure: 0.0028603419456521735
Time for querying: 0.0
Time for new slide: 0.12890277585869567
Time for expired slide: 0.009650315902173913
------------------------------------
Number clusters = 0.0
Max Number points in event queue = 0.0
Avg number points in clusters= 0.0
Avg Rmc size = 0.0
Avg Length exps= 0.0
#window: 93
Total #outliers: 555
Average Time: 137.93542207526886 ms
Peak memory: 1130.0420837402344 MB
Time index, remove data from structure: 0.0028563128387096774
Time for querying: 0.0
Time for new slide: 0.12829923377419356
Time for expired slide: 0.009632444666666667
------------------------------------
Number clusters = 0.0
Max Number points in event queue = 0.0
Avg number points in clusters= 0.0
Avg Rmc size = 0.0
Avg Length exps= 0.0
#window: 94
Total #outliers: 552
Average Time: 137.4258797021277 ms
Peak memory: 1130.0420837402344 MB
Time index, remove data from structure: 0.0028501961170212765
Time for querying: 0.0
Time for new slide: 0.12778060900000002
Time for expired slide: 0.009641526457446809
------------------------------------
Number clusters = 0.0
Max Number points in event queue = 0.0
Avg number points in clusters= 0.0
Avg Rmc size = 0.0
Avg Length exps= 0.0
#window: 95
Total #outliers: 524
Average Time: 136.93211247368424 ms
Peak memory: 1130.0420837402344 MB
Time index, remove data from structure: 0.002842475378947369
Time for querying: 0.0
Time for new slide: 0.12731747701052631
Time for expired slide: 0.00961089522105263
------------------------------------
Number clusters = 0.0
Max Number points in event queue = 0.0
Avg number points in clusters= 0.0
Avg Rmc size = 0.0
Avg Length exps= 0.0
#window: 96
Total #outliers: 513
Average Time: 136.47424902083335 ms
Peak memory: 1130.0420837402344 MB
Time index, remove data from structure: 0.0028372472916666663
Time for querying: 0.0
Time for new slide: 0.12686167490625
Time for expired slide: 0.00960882878125
------------------------------------
Number clusters = 0.0
Max Number points in event queue = 0.0
Avg number points in clusters= 0.0
Avg Rmc size = 0.0
Avg Length exps= 0.0
#window: 97
Total #outliers: 541
Average Time: 136.08441267010312 ms
Peak memory: 1130.0420837402344 MB
Time index, remove data from structure: 0.0028322302680412375
Time for querying: 0.0
Time for new slide: 0.12648817477319588
Time for expired slide: 0.009592492773195876
------------------------------------
Number clusters = 0.0
Max Number points in event queue = 0.0
Avg number points in clusters= 0.0
Avg Rmc size = 0.0
Avg Length exps= 0.0
#window: 98
Total #outliers: 580
Average Time: 135.7000359081633 ms
Peak memory: 1130.0420837402344 MB
Time index, remove data from structure: 0.0028275544489795917
Time for querying: 0.0
Time for new slide: 0.1261300875408163
Time for expired slide: 0.009566203397959184
------------------------------------
Number clusters = 0.0
Max Number points in event queue = 0.0
Avg number points in clusters= 0.0
Avg Rmc size = 0.0
Avg Length exps= 0.0
#window: 99
Total #outliers: 600
Average Time: 135.37579563636368 ms
Peak memory: 1130.0420837402344 MB
Time index, remove data from structure: 0.0028229277373737374
Time for querying: 0.0
Time for new slide: 0.1258003422828283
Time for expired slide: 0.009571699121212121
------------------------------------
Number clusters = 0.0
Max Number points in event queue = 0.0
Avg number points in clusters= 0.0
Avg Rmc size = 0.0
Avg Length exps= 0.0
#window: 100
Total #outliers: 610
Average Time: 135.08011294000002 ms
Peak memory: 1130.0420837402344 MB
Time index, remove data from structure: 0.00281815698
Time for querying: 0.0
Time for new slide: 0.12552776977000002
Time for expired slide: 0.0095485886
------------------------------------
Number clusters = 0.0
Max Number points in event queue = 0.0
Avg number points in clusters= 0.0
Avg Rmc size = 0.0
Avg Length exps= 0.0
#window: 101
Total #outliers: 634
Average Time: 134.77859253465348 ms
Peak memory: 1130.0420837402344 MB
Time index, remove data from structure: 0.002814221227722772
Time for querying: 0.0
Time for new slide: 0.12524851623762376
Time for expired slide: 0.009526321366336634
------------------------------------
Number clusters = 0.0
Max Number points in event queue = 0.0
Avg number points in clusters= 0.0
Avg Rmc size = 0.0
Avg Length exps= 0.0
#window: 102
Total #outliers: 627
Average Time: 134.57133133333335 ms
Peak memory: 1130.0420837402344 MB
Time index, remove data from structure: 0.002809610431372549
Time for querying: 0.0
Time for new slide: 0.12504879661764706
Time for expired slide: 0.009518785333333333
------------------------------------
Number clusters = 0.0
Max Number points in event queue = 0.0
Avg number points in clusters= 0.0
Avg Rmc size = 0.0
Avg Length exps= 0.0
#window: 103
Total #outliers: 642
Average Time: 134.38938660194177 ms
Peak memory: 1130.0420837402344 MB
Time index, remove data from structure: 0.0028061573398058255
Time for querying: 0.0
Time for new slide: 0.12486304638834951
Time for expired slide: 0.009522593388349515
------------------------------------
Number clusters = 0.0
Max Number points in event queue = 0.0
Avg number points in clusters= 0.0
Avg Rmc size = 0.0
Avg Length exps= 0.0
#window: 104
Total #outliers: 714
Average Time: 134.26921749038462 ms
Peak memory: 1130.0420837402344 MB
Time index, remove data from structure: 0.0028030414615384616
Time for querying: 0.0
Time for new slide: 0.12476176063461539
Time for expired slide: 0.009503708326923077
------------------------------------
Number clusters = 0.0
Max Number points in event queue = 0.0
Avg number points in clusters= 0.0
Avg Rmc size = 0.0
Avg Length exps= 0.0
#window: 105
Total #outliers: 740
Average Time: 134.18110140000002 ms
Peak memory: 1130.0420837402344 MB
Time index, remove data from structure: 0.0027983246285714285
Time for querying: 0.0
Time for new slide: 0.12468908459047619
Time for expired slide: 0.009488267142857143
------------------------------------
Number clusters = 0.0
Max Number points in event queue = 0.0
Avg number points in clusters= 0.0
Avg Rmc size = 0.0
Avg Length exps= 0.0
#window: 106
Total #outliers: 665
Average Time: 134.07300112264153 ms
Peak memory: 1130.0420837402344 MB
Time index, remove data from structure: 0.0027954397358490564
Time for querying: 0.0
Time for new slide: 0.12459510459433963
Time for expired slide: 0.009474151150943397
------------------------------------
Number clusters = 0.0
Max Number points in event queue = 0.0
Avg number points in clusters= 0.0
Avg Rmc size = 0.0
Avg Length exps= 0.0
#window: 107
Total #outliers: 636
Average Time: 133.91832775700934 ms
Peak memory: 1130.0420837402344 MB
Time index, remove data from structure: 0.002790956813084112
Time for querying: 0.0
Time for new slide: 0.1244573444859813
Time for expired slide: 0.009457243719626168
------------------------------------
Number clusters = 0.0
Max Number points in event queue = 0.0
Avg number points in clusters= 0.0
Avg Rmc size = 0.0
Avg Length exps= 0.0
#window: 108
Total #outliers: 565
Average Time: 133.87014869444448 ms
Peak memory: 1130.0420837402344 MB
Time index, remove data from structure: 0.00278764675
Time for querying: 0.0
Time for new slide: 0.1244123916851852
Time for expired slide: 0.009454022574074074
------------------------------------
Number clusters = 0.0
Max Number points in event queue = 0.0
Avg number points in clusters= 0.0
Avg Rmc size = 0.0
Avg Length exps= 0.0
#window: 109
Total #outliers: 558
Average Time: 133.9131253669725 ms
Peak memory: 1130.0420837402344 MB
Time index, remove data from structure: 0.0027848197155963305
Time for querying: 0.0
Time for new slide: 0.12444687057798166
Time for expired slide: 0.009462518926605505
------------------------------------
Number clusters = 0.0
Max Number points in event queue = 0.0
Avg number points in clusters= 0.0
Avg Rmc size = 0.0
Avg Length exps= 0.0
#window: 110
Total #outliers: 605
Average Time: 133.94963606363638 ms
Peak memory: 1130.0420837402344 MB
Time index, remove data from structure: 0.0027830527
Time for querying: 0.0
Time for new slide: 0.12448438055454546
Time for expired slide: 0.009461517809090908
------------------------------------
Number clusters = 0.0
Max Number points in event queue = 0.0
Avg number points in clusters= 0.0
Avg Rmc size = 0.0
Avg Length exps= 0.0
#window: 111
Total #outliers: 637
Average Time: 134.0556660900901 ms
Peak memory: 1130.0420837402344 MB
Time index, remove data from structure: 0.0027742231441441442
Time for querying: 0.0
Time for new slide: 0.12459537697297297
Time for expired slide: 0.009456553288288287
------------------------------------
Number clusters = 0.0
Max Number points in event queue = 0.0
Avg number points in clusters= 0.0
Avg Rmc size = 0.0
Avg Length exps= 0.0
#window: 112
Total #outliers: 636
Average Time: 134.10617050892859 ms
Peak memory: 1130.0420837402344 MB
Time index, remove data from structure: 0.002769159473214286
Time for querying: 0.0
Time for new slide: 0.12464191096428572
Time for expired slide: 0.009460517973214287
------------------------------------
Number clusters = 0.0
Max Number points in event queue = 0.0
Avg number points in clusters= 0.0
Avg Rmc size = 0.0
Avg Length exps= 0.0
#window: 113
Total #outliers: 636
Average Time: 134.070912840708 ms
Peak memory: 1130.0420837402344 MB
Time index, remove data from structure: 0.002769267725663717
Time for querying: 0.0
Time for new slide: 0.12461879299115045
Time for expired slide: 0.00944837924778761
------------------------------------
Number clusters = 0.0
Max Number points in event queue = 0.0
Avg number points in clusters= 0.0
Avg Rmc size = 0.0
Avg Length exps= 0.0
#window: 114
Total #outliers: 651
Average Time: 134.0652897894737 ms
Peak memory: 1130.0420837402344 MB
Time index, remove data from structure: 0.0027686575789473687
Time for querying: 0.0
Time for new slide: 0.12462373848245614
Time for expired slide: 0.009437809850877193
------------------------------------
Number clusters = 0.0
Max Number points in event queue = 0.0
Avg number points in clusters= 0.0
Avg Rmc size = 0.0
Avg Length exps= 0.0
#window: 115
Total #outliers: 666
Average Time: 134.1592254782609 ms
Peak memory: 1130.0420837402344 MB
Time index, remove data from structure: 0.0027668879043478262
Time for querying: 0.0
Time for new slide: 0.12471741730434782
Time for expired slide: 0.009438066417391304
------------------------------------
Number clusters = 0.0
Max Number points in event queue = 0.0
Avg number points in clusters= 0.0
Avg Rmc size = 0.0
Avg Length exps= 0.0
#window: 116
Total #outliers: 648
Average Time: 134.21287829310347 ms
Peak memory: 1130.0420837402344 MB
Time index, remove data from structure: 0.0027651204913793108
Time for querying: 0.0
Time for new slide: 0.12478708212068966
Time for expired slide: 0.009422057862068966
------------------------------------
Number clusters = 0.0
Max Number points in event queue = 0.0
Avg number points in clusters= 0.0
Avg Rmc size = 0.0
Avg Length exps= 0.0
#window: 117
Total #outliers: 611
Average Time: 134.2993025641026 ms
Peak memory: 1130.0420837402344 MB
Time index, remove data from structure: 0.002763450982905983
Time for querying: 0.0
Time for new slide: 0.12487785795726496
Time for expired slide: 0.009417705076923077
------------------------------------
Number clusters = 0.0
Max Number points in event queue = 0.0
Avg number points in clusters= 0.0
Avg Rmc size = 0.0
Avg Length exps= 0.0
#window: 118
Total #outliers: 620
Average Time: 134.41138750847458 ms
Peak memory: 1130.0420837402344 MB
Time index, remove data from structure: 0.0027606916779661017
Time for querying: 0.0
Time for new slide: 0.1250072077457627
Time for expired slide: 0.009400442228813559
------------------------------------
Number clusters = 0.0
Max Number points in event queue = 0.0
Avg number points in clusters= 0.0
Avg Rmc size = 0.0
Avg Length exps= 0.0
#window: 119
Total #outliers: 557
Average Time: 134.6651031764706 ms
Peak memory: 1130.0420837402344 MB
Time index, remove data from structure: 0.002758533394957983
Time for querying: 0.0
Time for new slide: 0.12526468314285713
Time for expired slide: 0.009396680260504203
------------------------------------
Number clusters = 0.0
Max Number points in event queue = 0.0
Avg number points in clusters= 0.0
Avg Rmc size = 0.0
Avg Length exps= 0.0
#window: 120
Total #outliers: 575
Average Time: 134.88128596666667 ms
Peak memory: 1130.0420837402344 MB
Time index, remove data from structure: 0.002757249725
Time for querying: 0.0
Time for new slide: 0.12547968246666666
Time for expired slide: 0.009397859858333333
------------------------------------
Number clusters = 0.0
Max Number points in event queue = 0.0
Avg number points in clusters= 0.0
Avg Rmc size = 0.0
Avg Length exps= 0.0
#window: 121
Total #outliers: 594
Average Time: 135.01041242975208 ms
Peak memory: 1130.0420837402344 MB
Time index, remove data from structure: 0.002756536107438017
Time for querying: 0.0
Time for new slide: 0.12560517403305785
Time for expired slide: 0.009401491685950414
------------------------------------
Number clusters = 0.0
Max Number points in event queue = 0.0
Avg number points in clusters= 0.0
Avg Rmc size = 0.0
Avg Length exps= 0.0
#window: 122
Total #outliers: 569
Average Time: 135.2332422622951 ms
Peak memory: 1130.0420837402344 MB
Time index, remove data from structure: 0.0027546650901639344
Time for querying: 0.0
Time for new slide: 0.12584484395081968
Time for expired slide: 0.009384651442622951
------------------------------------
Number clusters = 0.0
Max Number points in event queue = 0.0
Avg number points in clusters= 0.0
Avg Rmc size = 0.0
Avg Length exps= 0.0
#window: 123
Total #outliers: 576
Average Time: 135.4055533658537 ms
Peak memory: 1130.0420837402344 MB
Time index, remove data from structure: 0.002752207951219512
Time for querying: 0.0
Time for new slide: 0.12603413059349594
Time for expired slide: 0.009367672609756099
------------------------------------
Number clusters = 0.0
Max Number points in event queue = 0.0
Avg number points in clusters= 0.0
Avg Rmc size = 0.0
Avg Length exps= 0.0
#window: 124
Total #outliers: 573
Average Time: 135.66703825000005 ms
Peak memory: 1130.0420837402344 MB
Time index, remove data from structure: 0.0027497262258064517
Time for querying: 0.0
Time for new slide: 0.1263106446370968
Time for expired slide: 0.009352644951612903
------------------------------------
Number clusters = 0.0
Max Number points in event queue = 0.0
Avg number points in clusters= 0.0
Avg Rmc size = 0.0
Avg Length exps= 0.0
#window: 125
Total #outliers: 603
Average Time: 135.90046361600002 ms
Peak memory: 1130.0420837402344 MB
Time index, remove data from structure: 0.0027477970319999996
Time for querying: 0.0
Time for new slide: 0.12655839276
Time for expired slide: 0.009338322384
------------------------------------
Number clusters = 0.0
Max Number points in event queue = 0.0
Avg number points in clusters= 0.0
Avg Rmc size = 0.0
Avg Length exps= 0.0
#window: 126
Total #outliers: 600
Average Time: 136.2433673571429 ms
Peak memory: 1130.0420837402344 MB
Time index, remove data from structure: 0.002746226253968254
Time for querying: 0.0
Time for new slide: 0.1269135446984127
Time for expired slide: 0.009326078158730159
------------------------------------
Number clusters = 0.0
Max Number points in event queue = 0.0
Avg number points in clusters= 0.0
Avg Rmc size = 0.0
Avg Length exps= 0.0
#window: 127
Total #outliers: 564
Average Time: 136.56933039370082 ms
Peak memory: 1130.0420837402344 MB
Time index, remove data from structure: 0.002743911881889764
Time for querying: 0.0
Time for new slide: 0.12725245784251968
Time for expired slide: 0.009313126897637795
------------------------------------
Number clusters = 0.0
Max Number points in event queue = 0.0
Avg number points in clusters= 0.0
Avg Rmc size = 0.0
Avg Length exps= 0.0
#window: 128
Total #outliers: 572
Average Time: 136.9611920546875 ms
Peak memory: 1130.0420837402344 MB
Time index, remove data from structure: 0.002741550203125
Time for querying: 0.0
Time for new slide: 0.127659082875
Time for expired slide: 0.0092983606328125
------------------------------------
Number clusters = 0.0
Max Number points in event queue = 0.0
Avg number points in clusters= 0.0
Avg Rmc size = 0.0
Avg Length exps= 0.0
#window: 129
Total #outliers: 583
Average Time: 137.3499490620155 ms
Peak memory: 1130.0420837402344 MB
Time index, remove data from structure: 0.002739923062015504
Time for querying: 0.0
Time for new slide: 0.12806031831782946
Time for expired slide: 0.009285886015503876
------------------------------------
Number clusters = 0.0
Max Number points in event queue = 0.0
Avg number points in clusters= 0.0
Avg Rmc size = 0.0
Avg Length exps= 0.0
#window: 130
Total #outliers: 574
Average Time: 137.6797495153846 ms
Peak memory: 1130.0420837402344 MB
Time index, remove data from structure: 0.0027382894307692307
Time for querying: 0.0
Time for new slide: 0.12840073216923076
Time for expired slide: 0.009275273446153845
------------------------------------
Number clusters = 0.0
Max Number points in event queue = 0.0
Avg number points in clusters= 0.0
Avg Rmc size = 0.0
Avg Length exps= 0.0
#window: 131
Total #outliers: 578
Average Time: 138.03846410687024 ms
Peak memory: 1130.0420837402344 MB
Time index, remove data from structure: 0.002735160809160305
Time for querying: 0.0
Time for new slide: 0.1287725768625954
Time for expired slide: 0.009262142320610688
------------------------------------
Number clusters = 0.0
Max Number points in event queue = 0.0
Avg number points in clusters= 0.0
Avg Rmc size = 0.0
Avg Length exps= 0.0
#window: 132
Total #outliers: 598
Average Time: 138.42855209848486 ms
Peak memory: 1130.0420837402344 MB
Time index, remove data from structure: 0.0027326563712121213
Time for querying: 0.0
Time for new slide: 0.12917592615151513
Time for expired slide: 0.009248883507575759
------------------------------------
Number clusters = 0.0
Max Number points in event queue = 0.0
Avg number points in clusters= 0.0
Avg Rmc size = 0.0
Avg Length exps= 0.0
#window: 133
Total #outliers: 566
Average Time: 138.7599087368421 ms
Peak memory: 1130.0420837402344 MB
Time index, remove data from structure: 0.002729887646616541
Time for querying: 0.0
Time for new slide: 0.12951752139849623
Time for expired slide: 0.009238642075187969
------------------------------------
Number clusters = 0.0
Max Number points in event queue = 0.0
Avg number points in clusters= 0.0
Avg Rmc size = 0.0
Avg Length exps= 0.0
#window: 134
Total #outliers: 528
Average Time: 139.14682712686567 ms
Peak memory: 1130.0420837402344 MB
Time index, remove data from structure: 0.0027266973582089553
Time for querying: 0.0
Time for new slide: 0.12991725504477614
Time for expired slide: 0.009225817835820896
------------------------------------
Number clusters = 0.0
Max Number points in event queue = 0.0
Avg number points in clusters= 0.0
Avg Rmc size = 0.0
Avg Length exps= 0.0
#window: 135
Total #outliers: 547
Average Time: 139.54883196296296 ms
Peak memory: 1130.0420837402344 MB
Time index, remove data from structure: 0.0027238020962962965
Time for querying: 0.0
Time for new slide: 0.13033291379999998
Time for expired slide: 0.009212162074074074
------------------------------------
Number clusters = 0.0
Max Number points in event queue = 0.0
Avg number points in clusters= 0.0
Avg Rmc size = 0.0
Avg Length exps= 0.0
#window: 136
Total #outliers: 559
Average Time: 139.904006125 ms
Peak memory: 1130.0420837402344 MB
Time index, remove data from structure: 0.0027210451102941176
Time for querying: 0.0
Time for new slide: 0.13070175635294118
Time for expired slide: 0.009198490933823529
------------------------------------
Number clusters = 0.0
Max Number points in event queue = 0.0
Avg number points in clusters= 0.0
Avg Rmc size = 0.0
Avg Length exps= 0.0
#window: 137
Total #outliers: 556
Average Time: 140.27405835036495 ms
Peak memory: 1130.0420837402344 MB
Time index, remove data from structure: 0.002717858386861314
Time for querying: 0.0
Time for new slide: 0.1310849914890511
Time for expired slide: 0.009185302642335767
------------------------------------
Number clusters = 0.0
Max Number points in event queue = 0.0
Avg number points in clusters= 0.0
Avg Rmc size = 0.0
Avg Length exps= 0.0
#window: 138
Total #outliers: 537
Average Time: 140.63838200000004 ms
Peak memory: 1130.0420837402344 MB
Time index, remove data from structure: 0.0027147555869565217
Time for querying: 0.0
Time for new slide: 0.1314618335652174
Time for expired slide: 0.009172786847826086
------------------------------------
Number clusters = 0.0
Max Number points in event queue = 0.0
Avg number points in clusters= 0.0
Avg Rmc size = 0.0
Avg Length exps= 0.0
#window: 139
Total #outliers: 554
Average Time: 140.90024485611514 ms
Peak memory: 1130.0420837402344 MB
Time index, remove data from structure: 0.002711946697841727
Time for querying: 0.0
Time for new slide: 0.13173727805755397
Time for expired slide: 0.009159202165467627
------------------------------------
Number clusters = 0.0
Max Number points in event queue = 0.0
Avg number points in clusters= 0.0
Avg Rmc size = 0.0
Avg Length exps= 0.0
#window: 140
Total #outliers: 543
Average Time: 140.58120860714288 ms
Peak memory: 1130.0420837402344 MB
Time index, remove data from structure: 0.0027094780785714284
Time for querying: 0.0
Time for new slide: 0.13143015219999998
Time for expired slide: 0.009147290335714285
------------------------------------
Number clusters = 0.0
Max Number points in event queue = 0.0
Avg number points in clusters= 0.0
Avg Rmc size = 0.0
Avg Length exps= 0.0
#window: 141
Total #outliers: 544
Average Time: 140.09036081560285 ms
Peak memory: 1130.0420837402344 MB
Time index, remove data from structure: 0.002706957695035461
Time for querying: 0.0
Time for new slide: 0.13095310978723404
Time for expired slide: 0.009133489737588651
------------------------------------
Number clusters = 0.0
Max Number points in event queue = 0.0
Avg number points in clusters= 0.0
Avg Rmc size = 0.0
Avg Length exps= 0.0
#window: 142
Total #outliers: 524
Average Time: 139.6475180070423 ms
Peak memory: 1130.0420837402344 MB
Time index, remove data from structure: 0.0027045745492957746
Time for querying: 0.0
Time for new slide: 0.13052363146478874
Time for expired slide: 0.009120131281690142
------------------------------------
Number clusters = 0.0
Max Number points in event queue = 0.0
Avg number points in clusters= 0.0
Avg Rmc size = 0.0
Avg Length exps= 0.0
#window: 143
Total #outliers: 513
Average Time: 139.2452650769231 ms
Peak memory: 1130.0420837402344 MB
Time index, remove data from structure: 0.002701519111888112
Time for querying: 0.0
Time for new slide: 0.13013713153146853
Time for expired slide: 0.009104384825174826
------------------------------------
Number clusters = 0.0
Max Number points in event queue = 0.0
Avg number points in clusters= 0.0
Avg Rmc size = 0.0
Avg Length exps= 0.0
#window: 144
Total #outliers: 563
Average Time: 138.8600783402778 ms
Peak memory: 1130.0420837402344 MB
Time index, remove data from structure: 0.0026988686944444448
Time for querying: 0.0
Time for new slide: 0.12976649359722223
Time for expired slide: 0.0090898404375
------------------------------------
Number clusters = 0.0
Max Number points in event queue = 0.0
Avg number points in clusters= 0.0
Avg Rmc size = 0.0
Avg Length exps= 0.0
#window: 145
Total #outliers: 562
Average Time: 138.54880002758622 ms
Peak memory: 1130.0420837402344 MB
Time index, remove data from structure: 0.0026958740275862068
Time for querying: 0.0
Time for new slide: 0.12946945400689655
Time for expired slide: 0.009075604751724139
------------------------------------
Number clusters = 0.0
Max Number points in event queue = 0.0
Avg number points in clusters= 0.0
Avg Rmc size = 0.0
Avg Length exps= 0.0
#window: 146
Total #outliers: 558
Average Time: 138.22148481506852 ms
Peak memory: 1130.0420837402344 MB
Time index, remove data from structure: 0.002692479424657534
Time for querying: 0.0
Time for new slide: 0.1291558070410959
Time for expired slide: 0.009061930705479452
------------------------------------
Number clusters = 0.0
Max Number points in event queue = 0.0
Avg number points in clusters= 0.0
Avg Rmc size = 0.0
Avg Length exps= 0.0
#window: 147
Total #outliers: 516
Average Time: 137.83568168707487 ms
Peak memory: 1130.0420837402344 MB
Time index, remove data from structure: 0.0026885801904761907
Time for querying: 0.0
Time for new slide: 0.12878292200680272
Time for expired slide: 0.009049014557823129
------------------------------------
Number clusters = 0.0
Max Number points in event queue = 0.0
Avg number points in clusters= 0.0
Avg Rmc size = 0.0
Avg Length exps= 0.0
#window: 148
Total #outliers: 533
Average Time: 137.4576352837838 ms
Peak memory: 1130.0420837402344 MB
Time index, remove data from structure: 0.0026853942972972973
Time for querying: 0.0
Time for new slide: 0.12841763675675674
Time for expired slide: 0.009036250743243242
------------------------------------
Number clusters = 0.0
Max Number points in event queue = 0.0
Avg number points in clusters= 0.0
Avg Rmc size = 0.0
Avg Length exps= 0.0
#window: 149
Total #outliers: 540
Average Time: 137.1225799194631 ms
Peak memory: 1130.0420837402344 MB
Time index, remove data from structure: 0.0026818070469798658
Time for querying: 0.0
Time for new slide: 0.12809642826174497
Time for expired slide: 0.009022409664429529
------------------------------------
Number clusters = 0.0
Max Number points in event queue = 0.0
Avg number points in clusters= 0.0
Avg Rmc size = 0.0
Avg Length exps= 0.0
#window: 150
Total #outliers: 538
Average Time: 136.7942481 ms
Peak memory: 1130.0420837402344 MB
Time index, remove data from structure: 0.0026785275333333332
Time for querying: 0.0
Time for new slide: 0.12778140308
Time for expired slide: 0.009009105253333333
------------------------------------
Number clusters = 0.0
Max Number points in event queue = 0.0
Avg number points in clusters= 0.0
Avg Rmc size = 0.0
Avg Length exps= 0.0
#window: 151
Total #outliers: 567
Average Time: 136.4881422317881 ms
Peak memory: 1130.0420837402344 MB
Time index, remove data from structure: 0.0026750672980132453
Time for querying: 0.0
Time for new slide: 0.12748757458940396
Time for expired slide: 0.008996826735099337
------------------------------------
Number clusters = 0.0
Max Number points in event queue = 0.0
Avg number points in clusters= 0.0
Avg Rmc size = 0.0
Avg Length exps= 0.0
#window: 152
Total #outliers: 525
Average Time: 136.22826639473686 ms
Peak memory: 1130.0420837402344 MB
Time index, remove data from structure: 0.002670956407894737
Time for querying: 0.0
Time for new slide: 0.12723954439473684
Time for expired slide: 0.008984985210526314
------------------------------------
Number clusters = 0.0
Max Number points in event queue = 0.0
Avg number points in clusters= 0.0
Avg Rmc size = 0.0
Avg Length exps= 0.0
#window: 153
Total #outliers: 460
Average Time: 135.9947147647059 ms
Peak memory: 1130.0420837402344 MB
Time index, remove data from structure: 0.0026672937385620915
Time for querying: 0.0
Time for new slide: 0.12700692495424837
Time for expired slide: 0.008984052751633987
------------------------------------
Number clusters = 0.0
Max Number points in event queue = 0.0
Avg number points in clusters= 0.0
Avg Rmc size = 0.0
Avg Length exps= 0.0
#window: 154
Total #outliers: 486
Average Time: 135.73598203896103 ms
Peak memory: 1130.0420837402344 MB
Time index, remove data from structure: 0.002663641253246753
Time for querying: 0.0
Time for new slide: 0.12676327252597402
Time for expired slide: 0.008968974876623376
------------------------------------
Number clusters = 0.0
Max Number points in event queue = 0.0
Avg number points in clusters= 0.0
Avg Rmc size = 0.0
Avg Length exps= 0.0
#window: 155
Total #outliers: 520
Average Time: 135.55157981935483 ms
Peak memory: 1130.0420837402344 MB
Time index, remove data from structure: 0.0026600355741935484
Time for querying: 0.0
Time for new slide: 0.12659253277419355
Time for expired slide: 0.008955313916129033
------------------------------------
Number clusters = 0.0
Max Number points in event queue = 0.0
Avg number points in clusters= 0.0
Avg Rmc size = 0.0
Avg Length exps= 0.0
#window: 156
Total #outliers: 523
Average Time: 135.38830289102563 ms
Peak memory: 1130.0420837402344 MB
Time index, remove data from structure: 0.0026564613333333333
Time for querying: 0.0
Time for new slide: 0.12644016948717948
Time for expired slide: 0.00894439916025641
------------------------------------
Number clusters = 0.0
Max Number points in event queue = 0.0
Avg number points in clusters= 0.0
Avg Rmc size = 0.0
Avg Length exps= 0.0
#window: 157
Total #outliers: 568
Average Time: 135.27182447770699 ms
Peak memory: 1130.0420837402344 MB
Time index, remove data from structure: 0.0026535254267515923
Time for querying: 0.0
Time for new slide: 0.1263070285987261
Time for expired slide: 0.008961061560509555
------------------------------------
Number clusters = 0.0
Max Number points in event queue = 0.0
Avg number points in clusters= 0.0
Avg Rmc size = 0.0
Avg Length exps= 0.0
#window: 158
Total #outliers: 586
Average Time: 135.13712706962025 ms
Peak memory: 1130.0420837402344 MB
Time index, remove data from structure: 0.0026499780379746836
Time for querying: 0.0
Time for new slide: 0.12618350155696204
Time for expired slide: 0.008949892075949366
------------------------------------
Number clusters = 0.0
Max Number points in event queue = 0.0
Avg number points in clusters= 0.0
Avg Rmc size = 0.0
Avg Length exps= 0.0
#window: 159
Total #outliers: 598
Average Time: 135.01157111949684 ms
Peak memory: 1130.0420837402344 MB
Time index, remove data from structure: 0.002646311685534591
Time for querying: 0.0
Time for new slide: 0.12606822319496855
Time for expired slide: 0.008939616213836479
------------------------------------
Number clusters = 0.0
Max Number points in event queue = 0.0
Avg number points in clusters= 0.0
Avg Rmc size = 0.0
Avg Length exps= 0.0
#window: 160
Total #outliers: 619
Average Time: 134.9670751375 ms
Peak memory: 1130.0420837402344 MB
Time index, remove data from structure: 0.002642399825
Time for querying: 0.0
Time for new slide: 0.1260333833375
Time for expired slide: 0.008929962956249999
------------------------------------
Number clusters = 0.0
Max Number points in event queue = 0.0
Avg number points in clusters= 0.0
Avg Rmc size = 0.0
Avg Length exps= 0.0
#window: 161
Total #outliers: 614
Average Time: 134.9522395217391 ms
Peak memory: 1130.0420837402344 MB
Time index, remove data from structure: 0.0026385781925465836
Time for querying: 0.0
Time for new slide: 0.12601706639130436
Time for expired slide: 0.00893144501863354
------------------------------------
Number clusters = 0.0
Max Number points in event queue = 0.0
Avg number points in clusters= 0.0
Avg Rmc size = 0.0
Avg Length exps= 0.0
#window: 162
Total #outliers: 696
Average Time: 134.9748430185185 ms
Peak memory: 1130.0420837402344 MB
Time index, remove data from structure: 0.002635558
Time for querying: 0.0
Time for new slide: 0.12603337222839506
Time for expired slide: 0.008937745820987655
------------------------------------
Number clusters = 0.0
Max Number points in event queue = 0.0
Avg number points in clusters= 0.0
Avg Rmc size = 0.0
Avg Length exps= 0.0
#window: 163
Total #outliers: 751
Average Time: 134.89724792024538 ms
Peak memory: 1130.0420837402344 MB
Time index, remove data from structure: 0.0026320811042944785
Time for querying: 0.0
Time for new slide: 0.12596253572392638
Time for expired slide: 0.00893099101226994
------------------------------------
Number clusters = 0.0
Max Number points in event queue = 0.0
Avg number points in clusters= 0.0
Avg Rmc size = 0.0
Avg Length exps= 0.0
#window: 164
Total #outliers: 780
Average Time: 134.7621959146341 ms
Peak memory: 1130.0420837402344 MB
Time index, remove data from structure: 0.00262841475
Time for querying: 0.0
Time for new slide: 0.12582649785365854
Time for expired slide: 0.008931978640243903
------------------------------------
Number clusters = 0.0
Max Number points in event queue = 0.0
Avg number points in clusters= 0.0
Avg Rmc size = 0.0
Avg Length exps= 0.0
#window: 165
Total #outliers: 811
Average Time: 134.63087787272724 ms
Peak memory: 1130.0420837402344 MB
Time index, remove data from structure: 0.0026249536363636364
Time for querying: 0.0
Time for new slide: 0.12569287953333333
Time for expired slide: 0.00893427766060606
------------------------------------
Number clusters = 0.0
Max Number points in event queue = 0.0
Avg number points in clusters= 0.0
Avg Rmc size = 0.0
Avg Length exps= 0.0
#window: 166
Total #outliers: 882
Average Time: 134.49254031325296 ms
Peak memory: 1130.0420837402344 MB
Time index, remove data from structure: 0.002623252084337349
Time for querying: 0.0
Time for new slide: 0.12554988077108434
Time for expired slide: 0.008938944186746988
------------------------------------
Number clusters = 0.0
Max Number points in event queue = 0.0
Avg number points in clusters= 0.0
Avg Rmc size = 0.0
Avg Length exps= 0.0
#window: 167
Total #outliers: 890
Average Time: 134.3624565628742 ms
Peak memory: 1130.0420837402344 MB
Time index, remove data from structure: 0.0026210406706586825
Time for querying: 0.0
Time for new slide: 0.12539314974251498
Time for expired slide: 0.008965595916167666
------------------------------------
Number clusters = 0.0
Max Number points in event queue = 0.0
Avg number points in clusters= 0.0
Avg Rmc size = 0.0
Avg Length exps= 0.0
#window: 168
Total #outliers: 877
Average Time: 134.2742461071428 ms
Peak memory: 1130.0420837402344 MB
Time index, remove data from structure: 0.0026189022142857144
Time for querying: 0.0
Time for new slide: 0.1252886720892857
Time for expired slide: 0.008981864434523808
------------------------------------
Number clusters = 0.0
Max Number points in event queue = 0.0
Avg number points in clusters= 0.0
Avg Rmc size = 0.0
Avg Length exps= 0.0
#window: 169
Total #outliers: 869
Average Time: 134.1919417869822 ms
Peak memory: 1130.0420837402344 MB
Time index, remove data from structure: 0.0026170035798816567
Time for querying: 0.0
Time for new slide: 0.1251904514378698
Time for expired slide: 0.00899778276331361
------------------------------------
Number clusters = 0.0
Max Number points in event queue = 0.0
Avg number points in clusters= 0.0
Avg Rmc size = 0.0
Avg Length exps= 0.0
#window: 170
Total #outliers: 846
Average Time: 134.12935409411762 ms
Peak memory: 1130.0420837402344 MB
Time index, remove data from structure: 0.0026141256294117646
Time for querying: 0.0
Time for new slide: 0.12512949498235293
Time for expired slide: 0.008996151352941175
------------------------------------
Number clusters = 0.0
Max Number points in event queue = 0.0
Avg number points in clusters= 0.0
Avg Rmc size = 0.0
Avg Length exps= 0.0
Peak memory: 1130.0420837402344 MB
Average CPU time: 134.12935409411762 ms
