#window: 1
Total #outliers: 391
Average Time: 0.0 ms
Peak memory: 292.4769515991211 MB
Time index, remove data from structure: 0.0
Time for querying: 0.0
Time for new slide: 0.0
Time for expired slide: 0.0
------------------------------------
Number clusters = 0.0
Max Number points in event queue = 0.0
Avg number points in clusters= 0.0
Avg Rmc size = 0.0
Avg Length exps= 0.0
#window: 2
Total #outliers: 383
Average Time: 39.5247855 ms
Peak memory: 292.4769515991211 MB
Time index, remove data from structure: 0.001630459
Time for querying: 0.0
Time for new slide: 0.0348546935
Time for expired slide: 0.004667986
------------------------------------
Number clusters = 0.0
Max Number points in event queue = 0.0
Avg number points in clusters= 0.0
Avg Rmc size = 0.0
Avg Length exps= 0.0
#window: 3
Total #outliers: 359
Average Time: 46.41148566666667 ms
Peak memory: 292.4769515991211 MB
Time index, remove data from structure: 0.0016991983333333332
Time for querying: 0.0
Time for new slide: 0.041312867999999996
Time for expired slide: 0.005096204333333333
------------------------------------
Number clusters = 0.0
Max Number points in event queue = 0.0
Avg number points in clusters= 0.0
Avg Rmc size = 0.0
Avg Length exps= 0.0
#window: 4
Total #outliers: 339
Average Time: 53.28704175 ms
Peak memory: 292.4769515991211 MB
Time index, remove data from structure: 0.00178883675
Time for querying: 0.0
Time for new slide: 0.04800038175
Time for expired slide: 0.00528389425
------------------------------------
Number clusters = 0.0
Max Number points in event queue = 0.0
Avg number points in clusters= 0.0
Avg Rmc size = 0.0
Avg Length exps= 0.0
#window: 5
Total #outliers: 330
Average Time: 60.84299719999999 ms
Peak memory: 292.4769515991211 MB
Time index, remove data from structure: 0.0018435922
Time for querying: 0.0
Time for new slide: 0.0554700588
Time for expired slide: 0.0053700974
------------------------------------
Number clusters = 0.0
Max Number points in event queue = 0.0
Avg number points in clusters= 0.0
Avg Rmc size = 0.0
Avg Length exps= 0.0
#window: 6
Total #outliers: 345
Average Time: 69.1469495 ms
Peak memory: 292.4769515991211 MB
Time index, remove data from structure: 0.0020642971666666667
Time for querying: 0.0
Time for new slide: 0.061774099500000006
Time for expired slide: 0.007369908833333333
------------------------------------
Number clusters = 0.0
Max Number points in event queue = 0.0
Avg number points in clusters= 0.0
Avg Rmc size = 0.0
Avg Length exps= 0.0
#window: 7
Total #outliers: 332
Average Time: 72.74633557142857 ms
Peak memory: 292.4769515991211 MB
Time index, remove data from structure: 0.00208027
Time for querying: 0.0
Time for new slide: 0.06525943928571429
Time for expired slide: 0.007483820285714286
------------------------------------
Number clusters = 0.0
Max Number points in event queue = 0.0
Avg number points in clusters= 0.0
Avg Rmc size = 0.0
Avg Length exps= 0.0
#window: 8
Total #outliers: 332
Average Time: 75.73941225 ms
Peak memory: 292.4769515991211 MB
Time index, remove data from structure: 0.00208350725
Time for querying: 0.0
Time for new slide: 0.068407153625
Time for expired slide: 0.007329052875
------------------------------------
Number clusters = 0.0
Max Number points in event queue = 0.0
Avg number points in clusters= 0.0
Avg Rmc size = 0.0
Avg Length exps= 0.0
#window: 9
Total #outliers: 320
Average Time: 77.50678533333333 ms
Peak memory: 292.4769515991211 MB
Time index, remove data from structure: 0.0020965354444444444
Time for querying: 0.0
Time for new slide: 0.07032287799999999
Time for expired slide: 0.007180679999999999
------------------------------------
Number clusters = 0.0
Max Number points in event queue = 0.0
Avg number points in clusters= 0.0
Avg Rmc size = 0.0
Avg Length exps= 0.0
#window: 10
Total #outliers: 331
Average Time: 77.3999829 ms
Peak memory: 292.4769515991211 MB
Time index, remove data from structure: 0.0020896398
Time for querying: 0.0
Time for new slide: 0.07037027209999999
Time for expired slide: 0.0070265252
------------------------------------
Number clusters = 0.0
Max Number points in event queue = 0.0
Avg number points in clusters= 0.0
Avg Rmc size = 0.0
Avg Length exps= 0.0
#window: 11
Total #outliers: 317
Average Time: 78.49401972727273 ms
Peak memory: 292.4769515991211 MB
Time index, remove data from structure: 0.002075738909090909
Time for querying: 0.0
Time for new slide: 0.07160154527272727
Time for expired slide: 0.006889286909090909
------------------------------------
Number clusters = 0.0
Max Number points in event queue = 0.0
Avg number points in clusters= 0.0
Avg Rmc size = 0.0
Avg Length exps= 0.0
#window: 12
Total #outliers: 340
Average Time: 80.37777191666666 ms
Peak memory: 302.2113037109375 MB
Time index, remove data from structure: 0.002080695
Time for querying: 0.0
Time for new slide: 0.07317971708333333
Time for expired slide: 0.0071948356666666664
------------------------------------
Number clusters = 0.0
Max Number points in event queue = 0.0
Avg number points in clusters= 0.0
Avg Rmc size = 0.0
Avg Length exps= 0.0
#window: 13
Total #outliers: 379
Average Time: 81.52405876923076 ms
Peak memory: 316.64772033691406 MB
Time index, remove data from structure: 0.002076548692307692
Time for querying: 0.0
Time for new slide: 0.074292679
Time for expired slide: 0.007228144769230769
------------------------------------
Number clusters = 0.0
Max Number points in event queue = 0.0
Avg number points in clusters= 0.0
Avg Rmc size = 0.0
Avg Length exps= 0.0
#window: 14
Total #outliers: 374
Average Time: 82.38016614285714 ms
Peak memory: 316.64772033691406 MB
Time index, remove data from structure: 0.002093730214285714
Time for querying: 0.0
Time for new slide: 0.07502718342857143
Time for expired slide: 0.0073497229285714285
------------------------------------
Number clusters = 0.0
Max Number points in event queue = 0.0
Avg number points in clusters= 0.0
Avg Rmc size = 0.0
Avg Length exps= 0.0
#window: 15
Total #outliers: 347
Average Time: 80.8186188 ms
Peak memory: 316.64772033691406 MB
Time index, remove data from structure: 0.002096841066666667
Time for querying: 0.0
Time for new slide: 0.0735721814
Time for expired slide: 0.0072425777999999994
------------------------------------
Number clusters = 0.0
Max Number points in event queue = 0.0
Avg number points in clusters= 0.0
Avg Rmc size = 0.0
Avg Length exps= 0.0
#window: 16
Total #outliers: 330
Average Time: 79.5383888125 ms
Peak memory: 316.64772033691406 MB
Time index, remove data from structure: 0.0021049506875
Time for querying: 0.0
Time for new slide: 0.0723983499375
Time for expired slide: 0.0071362255
------------------------------------
Number clusters = 0.0
Max Number points in event queue = 0.0
Avg number points in clusters= 0.0
Avg Rmc size = 0.0
Avg Length exps= 0.0
#window: 17
Total #outliers: 329
Average Time: 78.45117211764706 ms
Peak memory: 316.64772033691406 MB
Time index, remove data from structure: 0.002101754411764706
Time for querying: 0.0
Time for new slide: 0.07142700129411765
Time for expired slide: 0.007020368352941176
------------------------------------
Number clusters = 0.0
Max Number points in event queue = 0.0
Avg number points in clusters= 0.0
Avg Rmc size = 0.0
Avg Length exps= 0.0
#window: 18
Total #outliers: 302
Average Time: 77.68831827777778 ms
Peak memory: 316.64772033691406 MB
Time index, remove data from structure: 0.0020932025555555557
Time for querying: 0.0
Time for new slide: 0.07076546933333333
Time for expired slide: 0.006919025166666666
------------------------------------
Number clusters = 0.0
Max Number points in event queue = 0.0
Avg number points in clusters= 0.0
Avg Rmc size = 0.0
Avg Length exps= 0.0
#window: 19
Total #outliers: 291
Average Time: 77.00959831578948 ms
Peak memory: 316.64772033691406 MB
Time index, remove data from structure: 0.0020935834210526316
Time for querying: 0.0
Time for new slide: 0.07017142610526317
Time for expired slide: 0.006834383473684211
------------------------------------
Number clusters = 0.0
Max Number points in event queue = 0.0
Avg number points in clusters= 0.0
Avg Rmc size = 0.0
Avg Length exps= 0.0
#window: 20
Total #outliers: 298
Average Time: 76.8084904 ms
Peak memory: 316.64772033691406 MB
Time index, remove data from structure: 0.00209084805
Time for querying: 0.0
Time for new slide: 0.06993641715
Time for expired slide: 0.0068683145
------------------------------------
Number clusters = 0.0
Max Number points in event queue = 0.0
Avg number points in clusters= 0.0
Avg Rmc size = 0.0
Avg Length exps= 0.0
#window: 21
Total #outliers: 283
Average Time: 76.81381976190475 ms
Peak memory: 316.64772033691406 MB
Time index, remove data from structure: 0.002081640761904762
Time for querying: 0.0
Time for new slide: 0.07002260214285713
Time for expired slide: 0.006787480714285714
------------------------------------
Number clusters = 0.0
Max Number points in event queue = 0.0
Avg number points in clusters= 0.0
Avg Rmc size = 0.0
Avg Length exps= 0.0
#window: 22
Total #outliers: 320
Average Time: 76.98948213636363 ms
Peak memory: 316.64772033691406 MB
Time index, remove data from structure: 0.0020848636363636364
Time for querying: 0.0
Time for new slide: 0.07016175286363636
Time for expired slide: 0.006823992909090909
------------------------------------
Number clusters = 0.0
Max Number points in event queue = 0.0
Avg number points in clusters= 0.0
Avg Rmc size = 0.0
Avg Length exps= 0.0
#window: 23
Total #outliers: 339
Average Time: 77.49779956521739 ms
Peak memory: 316.64772033691406 MB
Time index, remove data from structure: 0.0020853161739130435
Time for querying: 0.0
Time for new slide: 0.07071641591304348
Time for expired slide: 0.006776968782608695
------------------------------------
Number clusters = 0.0
Max Number points in event queue = 0.0
Avg number points in clusters= 0.0
Avg Rmc size = 0.0
Avg Length exps= 0.0
#window: 24
Total #outliers: 378
Average Time: 78.270805125 ms
Peak memory: 316.64772033691406 MB
Time index, remove data from structure: 0.002083996208333333
Time for querying: 0.0
Time for new slide: 0.07143597833333333
Time for expired slide: 0.006830173375000001
------------------------------------
Number clusters = 0.0
Max Number points in event queue = 0.0
Avg number points in clusters= 0.0
Avg Rmc size = 0.0
Avg Length exps= 0.0
#window: 25
Total #outliers: 391
Average Time: 79.04316711999999 ms
Peak memory: 316.64772033691406 MB
Time index, remove data from structure: 0.00209247248
Time for querying: 0.0
Time for new slide: 0.07216524083999999
Time for expired slide: 0.006873325919999999
------------------------------------
Number clusters = 0.0
Max Number points in event queue = 0.0
Avg number points in clusters= 0.0
Avg Rmc size = 0.0
Avg Length exps= 0.0
#window: 26
Total #outliers: 378
Average Time: 80.22577484615384 ms
Peak memory: 316.64772033691406 MB
Time index, remove data from structure: 0.002089674384615385
Time for querying: 0.0
Time for new slide: 0.0733027155
Time for expired slide: 0.006918490807692307
------------------------------------
Number clusters = 0.0
Max Number points in event queue = 0.0
Avg number points in clusters= 0.0
Avg Rmc size = 0.0
Avg Length exps= 0.0
#window: 27
Total #outliers: 362
Average Time: 81.06383592592593 ms
Peak memory: 316.64772033691406 MB
Time index, remove data from structure: 0.0020847617407407405
Time for querying: 0.0
Time for new slide: 0.07421824674074075
Time for expired slide: 0.006841087444444444
------------------------------------
Number clusters = 0.0
Max Number points in event queue = 0.0
Avg number points in clusters= 0.0
Avg Rmc size = 0.0
Avg Length exps= 0.0
#window: 28
Total #outliers: 278
Average Time: 82.09437632142857 ms
Peak memory: 316.64772033691406 MB
Time index, remove data from structure: 0.0020897905714285714
Time for querying: 0.0
Time for new slide: 0.07516156975
Time for expired slide: 0.006928330785714286
------------------------------------
Number clusters = 0.0
Max Number points in event queue = 0.0
Avg number points in clusters= 0.0
Avg Rmc size = 0.0
Avg Length exps= 0.0
#window: 29
Total #outliers: 263
Average Time: 83.19367448275862 ms
Peak memory: 316.64772033691406 MB
Time index, remove data from structure: 0.002094288620689655
Time for querying: 0.0
Time for new slide: 0.0762903071724138
Time for expired slide: 0.006898956620689655
------------------------------------
Number clusters = 0.0
Max Number points in event queue = 0.0
Avg number points in clusters= 0.0
Avg Rmc size = 0.0
Avg Length exps= 0.0
#window: 30
Total #outliers: 249
Average Time: 84.34868853333333 ms
Peak memory: 316.64772033691406 MB
Time index, remove data from structure: 0.0021082139666666667
Time for querying: 0.0
Time for new slide: 0.07736813333333334
Time for expired slide: 0.006976194533333333
------------------------------------
Number clusters = 0.0
Max Number points in event queue = 0.0
Avg number points in clusters= 0.0
Avg Rmc size = 0.0
Avg Length exps= 0.0
#window: 31
Total #outliers: 224
Average Time: 85.50354629032257 ms
Peak memory: 327.82628631591797 MB
Time index, remove data from structure: 0.0021133108064516127
Time for querying: 0.0
Time for new slide: 0.07850791019354839
Time for expired slide: 0.0069913364838709675
------------------------------------
Number clusters = 0.0
Max Number points in event queue = 0.0
Avg number points in clusters= 0.0
Avg Rmc size = 0.0
Avg Length exps= 0.0
#window: 32
Total #outliers: 211
Average Time: 86.686504125 ms
Peak memory: 337.5152130126953 MB
Time index, remove data from structure: 0.00211917325
Time for querying: 0.0
Time for new slide: 0.0797241899375
Time for expired slide: 0.00695803590625
------------------------------------
Number clusters = 0.0
Max Number points in event queue = 0.0
Avg number points in clusters= 0.0
Avg Rmc size = 0.0
Avg Length exps= 0.0
#window: 33
Total #outliers: 245
Average Time: 88.07535672727272 ms
Peak memory: 347.20418548583984 MB
Time index, remove data from structure: 0.0021268479696969697
Time for querying: 0.0
Time for new slide: 0.08113752151515151
Time for expired slide: 0.006933587030303031
------------------------------------
Number clusters = 0.0
Max Number points in event queue = 0.0
Avg number points in clusters= 0.0
Avg Rmc size = 0.0
Avg Length exps= 0.0
#window: 34
Total #outliers: 306
Average Time: 89.2252278235294 ms
Peak memory: 347.20418548583984 MB
Time index, remove data from structure: 0.0021270301470588233
Time for querying: 0.0
Time for new slide: 0.08235026744117648
Time for expired slide: 0.006870732235294118
------------------------------------
Number clusters = 0.0
Max Number points in event queue = 0.0
Avg number points in clusters= 0.0
Avg Rmc size = 0.0
Avg Length exps= 0.0
#window: 35
Total #outliers: 290
Average Time: 89.6888070285714 ms
Peak memory: 356.8931579589844 MB
Time index, remove data from structure: 0.0021223611999999998
Time for querying: 0.0
Time for new slide: 0.08287090731428572
Time for expired slide: 0.0068137116285714285
------------------------------------
Number clusters = 0.0
Max Number points in event queue = 0.0
Avg number points in clusters= 0.0
Avg Rmc size = 0.0
Avg Length exps= 0.0
#window: 36
Total #outliers: 326
Average Time: 90.5348169722222 ms
Peak memory: 385.95994567871094 MB
Time index, remove data from structure: 0.0021216220555555555
Time for querying: 0.0
Time for new slide: 0.08372431933333332
Time for expired slide: 0.006806340944444444
------------------------------------
Number clusters = 0.0
Max Number points in event queue = 0.0
Avg number points in clusters= 0.0
Avg Rmc size = 0.0
Avg Length exps= 0.0
#window: 37
Total #outliers: 319
Average Time: 91.33957183783781 ms
Peak memory: 395.64891052246094 MB
Time index, remove data from structure: 0.002121212189189189
Time for querying: 0.0
Time for new slide: 0.08452978372972972
Time for expired slide: 0.00680565127027027
------------------------------------
Number clusters = 0.0
Max Number points in event queue = 0.0
Avg number points in clusters= 0.0
Avg Rmc size = 0.0
Avg Length exps= 0.0
#window: 38
Total #outliers: 330
Average Time: 92.14944597368418 ms
Peak memory: 405.33787536621094 MB
Time index, remove data from structure: 0.002122334842105263
Time for querying: 0.0
Time for new slide: 0.08537596886842105
Time for expired slide: 0.006769364157894736
------------------------------------
Number clusters = 0.0
Max Number points in event queue = 0.0
Avg number points in clusters= 0.0
Avg Rmc size = 0.0
Avg Length exps= 0.0
#window: 39
Total #outliers: 326
Average Time: 92.93707953846152 ms
Peak memory: 415.02684020996094 MB
Time index, remove data from structure: 0.002125627
Time for querying: 0.0
Time for new slide: 0.08619210064102564
Time for expired slide: 0.006740874897435897
------------------------------------
Number clusters = 0.0
Max Number points in event queue = 0.0
Avg number points in clusters= 0.0
Avg Rmc size = 0.0
Avg Length exps= 0.0
#window: 40
Total #outliers: 373
Average Time: 93.45570507499998 ms
Peak memory: 415.02684020996094 MB
Time index, remove data from structure: 0.002129414025
Time for querying: 0.0
Time for new slide: 0.08673497770000001
Time for expired slide: 0.0067166334
------------------------------------
Number clusters = 0.0
Max Number points in event queue = 0.0
Avg number points in clusters= 0.0
Avg Rmc size = 0.0
Avg Length exps= 0.0
#window: 41
Total #outliers: 403
Average Time: 94.23008958536585 ms
Peak memory: 444.0937042236328 MB
Time index, remove data from structure: 0.0021344914146341465
Time for querying: 0.0
Time for new slide: 0.08746080590243903
Time for expired slide: 0.0067652068780487806
------------------------------------
Number clusters = 0.0
Max Number points in event queue = 0.0
Avg number points in clusters= 0.0
Avg Rmc size = 0.0
Avg Length exps= 0.0
#window: 42
Total #outliers: 433
Average Time: 95.16059726190474 ms
Peak memory: 453.78265380859375 MB
Time index, remove data from structure: 0.0021471184999999997
Time for querying: 0.0
Time for new slide: 0.08835071502380953
Time for expired slide: 0.006805824285714286
------------------------------------
Number clusters = 0.0
Max Number points in event queue = 0.0
Avg number points in clusters= 0.0
Avg Rmc size = 0.0
Avg Length exps= 0.0
#window: 43
Total #outliers: 481
Average Time: 95.94796006976743 ms
Peak memory: 463.47159576416016 MB
Time index, remove data from structure: 0.002150501069767442
Time for querying: 0.0
Time for new slide: 0.08910168427906977
Time for expired slide: 0.006842244813953489
------------------------------------
Number clusters = 0.0
Max Number points in event queue = 0.0
Avg number points in clusters= 0.0
Avg Rmc size = 0.0
Avg Length exps= 0.0
#window: 44
Total #outliers: 440
Average Time: 96.53980574999999 ms
Peak memory: 482.8494644165039 MB
Time index, remove data from structure: 0.002152468818181818
Time for querying: 0.0
Time for new slide: 0.08970584468181818
Time for expired slide: 0.006829947795454546
------------------------------------
Number clusters = 0.0
Max Number points in event queue = 0.0
Avg number points in clusters= 0.0
Avg Rmc size = 0.0
Avg Length exps= 0.0
#window: 45
Total #outliers: 425
Average Time: 97.10684095555554 ms
Peak memory: 492.53841400146484 MB
Time index, remove data from structure: 0.0021537192444444444
Time for querying: 0.0
Time for new slide: 0.09026915582222222
Time for expired slide: 0.006833701333333333
------------------------------------
Number clusters = 0.0
Max Number points in event queue = 0.0
Avg number points in clusters= 0.0
Avg Rmc size = 0.0
Avg Length exps= 0.0
#window: 46
Total #outliers: 414
Average Time: 97.69347917391302 ms
Peak memory: 502.2273406982422 MB
Time index, remove data from structure: 0.0021587952173913044
Time for querying: 0.0
Time for new slide: 0.0908668152173913
Time for expired slide: 0.006822706782608696
------------------------------------
Number clusters = 0.0
Max Number points in event queue = 0.0
Avg number points in clusters= 0.0
Avg Rmc size = 0.0
Avg Length exps= 0.0
#window: 47
Total #outliers: 352
Average Time: 98.0894134255319 ms
Peak memory: 511.91626739501953 MB
Time index, remove data from structure: 0.0021612399574468086
Time for querying: 0.0
Time for new slide: 0.09128072321276595
Time for expired slide: 0.006804741787234042
------------------------------------
Number clusters = 0.0
Max Number points in event queue = 0.0
Avg number points in clusters= 0.0
Avg Rmc size = 0.0
Avg Length exps= 0.0
#window: 48
Total #outliers: 337
Average Time: 98.33775339583332 ms
Peak memory: 531.295051574707 MB
Time index, remove data from structure: 0.0021599405208333334
Time for querying: 0.0
Time for new slide: 0.09155416758333333
Time for expired slide: 0.006779658145833333
------------------------------------
Number clusters = 0.0
Max Number points in event queue = 0.0
Avg number points in clusters= 0.0
Avg Rmc size = 0.0
Avg Length exps= 0.0
#window: 49
Total #outliers: 278
Average Time: 98.89386465306121 ms
Peak memory: 550.6729049682617 MB
Time index, remove data from structure: 0.0021588612653061223
Time for querying: 0.0
Time for new slide: 0.09213280281632652
Time for expired slide: 0.00675716012244898
------------------------------------
Number clusters = 0.0
Max Number points in event queue = 0.0
Avg number points in clusters= 0.0
Avg Rmc size = 0.0
Avg Length exps= 0.0
#window: 50
Total #outliers: 399
Average Time: 99.03796872 ms
Peak memory: 570.05078125 MB
Time index, remove data from structure: 0.0021582828200000003
Time for querying: 0.0
Time for new slide: 0.09230156826
Time for expired slide: 0.00673252492
------------------------------------
Number clusters = 0.0
Max Number points in event queue = 0.0
Avg number points in clusters= 0.0
Avg Rmc size = 0.0
Avg Length exps= 0.0
#window: 51
Total #outliers: 457
Average Time: 98.90166727450979 ms
Peak memory: 570.05078125 MB
Time index, remove data from structure: 0.0021583707254901963
Time for querying: 0.0
Time for new slide: 0.09217920578431371
Time for expired slide: 0.0067186105882352945
------------------------------------
Number clusters = 0.0
Max Number points in event queue = 0.0
Avg number points in clusters= 0.0
Avg Rmc size = 0.0
Avg Length exps= 0.0
#window: 52
Total #outliers: 436
Average Time: 98.18791428846153 ms
Peak memory: 570.05078125 MB
Time index, remove data from structure: 0.0021571615192307694
Time for querying: 0.0
Time for new slide: 0.09148566621153845
Time for expired slide: 0.006698425
------------------------------------
Number clusters = 0.0
Max Number points in event queue = 0.0
Avg number points in clusters= 0.0
Avg Rmc size = 0.0
Avg Length exps= 0.0
#window: 53
Total #outliers: 429
Average Time: 97.32104152830188 ms
Peak memory: 570.05078125 MB
Time index, remove data from structure: 0.0021571741509433962
Time for querying: 0.0
Time for new slide: 0.0906314232264151
Time for expired slide: 0.006685804471698113
------------------------------------
Number clusters = 0.0
Max Number points in event queue = 0.0
Avg number points in clusters= 0.0
Avg Rmc size = 0.0
Avg Length exps= 0.0
#window: 54
Total #outliers: 366
Average Time: 96.43983427777778 ms
Peak memory: 570.05078125 MB
Time index, remove data from structure: 0.0021533182592592594
Time for querying: 0.0
Time for new slide: 0.08976886362962963
Time for expired slide: 0.006667173777777778
------------------------------------
Number clusters = 0.0
Max Number points in event queue = 0.0
Avg number points in clusters= 0.0
Avg Rmc size = 0.0
Avg Length exps= 0.0
#window: 55
Total #outliers: 420
Average Time: 95.56627765454543 ms
Peak memory: 570.05078125 MB
Time index, remove data from structure: 0.0021458693454545455
Time for querying: 0.0
Time for new slide: 0.08892224696363636
Time for expired slide: 0.006640259490909091
------------------------------------
Number clusters = 0.0
Max Number points in event queue = 0.0
Avg number points in clusters= 0.0
Avg Rmc size = 0.0
Avg Length exps= 0.0
#window: 56
Total #outliers: 385
Average Time: 94.89011107142856 ms
Peak memory: 570.05078125 MB
Time index, remove data from structure: 0.002138598107142857
Time for querying: 0.0
Time for new slide: 0.08826852383928571
Time for expired slide: 0.006617824857142857
------------------------------------
Number clusters = 0.0
Max Number points in event queue = 0.0
Avg number points in clusters= 0.0
Avg Rmc size = 0.0
Avg Length exps= 0.0
#window: 57
Total #outliers: 321
Average Time: 94.22119428070175 ms
Peak memory: 570.05078125 MB
Time index, remove data from structure: 0.0021323160877192984
Time for querying: 0.0
Time for new slide: 0.0876227947368421
Time for expired slide: 0.006594653877192982
------------------------------------
Number clusters = 0.0
Max Number points in event queue = 0.0
Avg number points in clusters= 0.0
Avg Rmc size = 0.0
Avg Length exps= 0.0
#window: 58
Total #outliers: 307
Average Time: 93.71272417241379 ms
Peak memory: 570.05078125 MB
Time index, remove data from structure: 0.0021251664655172415
Time for querying: 0.0
Time for new slide: 0.08714161934482759
Time for expired slide: 0.006567369568965518
------------------------------------
Number clusters = 0.0
Max Number points in event queue = 0.0
Avg number points in clusters= 0.0
Avg Rmc size = 0.0
Avg Length exps= 0.0
#window: 59
Total #outliers: 483
Average Time: 93.41441486440678 ms
Peak memory: 570.05078125 MB
Time index, remove data from structure: 0.0021190975932203386
Time for querying: 0.0
Time for new slide: 0.0868520856779661
Time for expired slide: 0.006558608101694915
------------------------------------
Number clusters = 0.0
Max Number points in event queue = 0.0
Avg number points in clusters= 0.0
Avg Rmc size = 0.0
Avg Length exps= 0.0
#window: 60
Total #outliers: 389
Average Time: 93.50774204999999 ms
Peak memory: 570.05078125 MB
Time index, remove data from structure: 0.0021101746333333335
Time for querying: 0.0
Time for new slide: 0.08695495873333334
Time for expired slide: 0.0065490766166666665
------------------------------------
Number clusters = 0.0
Max Number points in event queue = 0.0
Avg number points in clusters= 0.0
Avg Rmc size = 0.0
Avg Length exps= 0.0
#window: 61
Total #outliers: 310
Average Time: 93.30011844262296 ms
Peak memory: 570.05078125 MB
Time index, remove data from structure: 0.0021033713278688524
Time for querying: 0.0
Time for new slide: 0.08675413542622952
Time for expired slide: 0.006542286573770492
------------------------------------
Number clusters = 0.0
Max Number points in event queue = 0.0
Avg number points in clusters= 0.0
Avg Rmc size = 0.0
Avg Length exps= 0.0
#window: 62
Total #outliers: 314
Average Time: 92.99077067741936 ms
Peak memory: 570.05078125 MB
Time index, remove data from structure: 0.002096267435483871
Time for querying: 0.0
Time for new slide: 0.08646025912903225
Time for expired slide: 0.006526829290322581
------------------------------------
Number clusters = 0.0
Max Number points in event queue = 0.0
Avg number points in clusters= 0.0
Avg Rmc size = 0.0
Avg Length exps= 0.0
#window: 63
Total #outliers: 321
Average Time: 92.8311372063492 ms
Peak memory: 570.05078125 MB
Time index, remove data from structure: 0.0021046832698412695
Time for querying: 0.0
Time for new slide: 0.08618643506349206
Time for expired slide: 0.0066410363333333335
------------------------------------
Number clusters = 0.0
Max Number points in event queue = 0.0
Avg number points in clusters= 0.0
Avg Rmc size = 0.0
Avg Length exps= 0.0
#window: 64
Total #outliers: 446
Average Time: 92.724237359375 ms
Peak memory: 570.05078125 MB
Time index, remove data from structure: 0.00211278346875
Time for querying: 0.0
Time for new slide: 0.085998240796875
Time for expired slide: 0.00672235134375
------------------------------------
Number clusters = 0.0
Max Number points in event queue = 0.0
Avg number points in clusters= 0.0
Avg Rmc size = 0.0
Avg Length exps= 0.0
#window: 65
Total #outliers: 418
Average Time: 92.49862752307692 ms
Peak memory: 570.05078125 MB
Time index, remove data from structure: 0.002117360307692308
Time for querying: 0.0
Time for new slide: 0.08574498555384615
Time for expired slide: 0.006750012215384615
------------------------------------
Number clusters = 0.0
Max Number points in event queue = 0.0
Avg number points in clusters= 0.0
Avg Rmc size = 0.0
Avg Length exps= 0.0
#window: 66
Total #outliers: 439
Average Time: 92.23272215151515 ms
Peak memory: 570.05078125 MB
Time index, remove data from structure: 0.0021142905909090908
Time for querying: 0.0
Time for new slide: 0.08545700407575758
Time for expired slide: 0.006772102893939394
------------------------------------
Number clusters = 0.0
Max Number points in event queue = 0.0
Avg number points in clusters= 0.0
Avg Rmc size = 0.0
Avg Length exps= 0.0
#window: 67
Total #outliers: 447
Average Time: 92.04439056716419 ms
Peak memory: 570.05078125 MB
Time index, remove data from structure: 0.002105333358208955
Time for querying: 0.0
Time for new slide: 0.08528281801492538
Time for expired slide: 0.006757975373134328
------------------------------------
Number clusters = 0.0
Max Number points in event queue = 0.0
Avg number points in clusters= 0.0
Avg Rmc size = 0.0
Avg Length exps= 0.0
#window: 68
Total #outliers: 451
Average Time: 92.02092951470588 ms
Peak memory: 570.05078125 MB
Time index, remove data from structure: 0.0020966076470588235
Time for querying: 0.0
Time for new slide: 0.08527360051470588
Time for expired slide: 0.006743749455882353
------------------------------------
Number clusters = 0.0
Max Number points in event queue = 0.0
Avg number points in clusters= 0.0
Avg Rmc size = 0.0
Avg Length exps= 0.0
#window: 69
Total #outliers: 452
Average Time: 92.01980547826088 ms
Peak memory: 570.05078125 MB
Time index, remove data from structure: 0.002089198695652174
Time for querying: 0.0
Time for new slide: 0.08528478304347827
Time for expired slide: 0.006731452449275362
------------------------------------
Number clusters = 0.0
Max Number points in event queue = 0.0
Avg number points in clusters= 0.0
Avg Rmc size = 0.0
Avg Length exps= 0.0
#window: 70
Total #outliers: 472
Average Time: 91.97095901428571 ms
Peak memory: 570.05078125 MB
Time index, remove data from structure: 0.002085795142857143
Time for querying: 0.0
Time for new slide: 0.08516814644285714
Time for expired slide: 0.006799257157142857
------------------------------------
Number clusters = 0.0
Max Number points in event queue = 0.0
Avg number points in clusters= 0.0
Avg Rmc size = 0.0
Avg Length exps= 0.0
#window: 71
Total #outliers: 484
Average Time: 91.79408212676057 ms
Peak memory: 570.05078125 MB
Time index, remove data from structure: 0.0020747771690140847
Time for querying: 0.0
Time for new slide: 0.08500205183098591
Time for expired slide: 0.006788490830985915
------------------------------------
Number clusters = 0.0
Max Number points in event queue = 0.0
Avg number points in clusters= 0.0
Avg Rmc size = 0.0
Avg Length exps= 0.0
#window: 72
Total #outliers: 496
Average Time: 91.68353725 ms
Peak memory: 570.05078125 MB
Time index, remove data from structure: 0.0020646023750000003
Time for querying: 0.0
Time for new slide: 0.08489928380555556
Time for expired slide: 0.006780719833333334
------------------------------------
Number clusters = 0.0
Max Number points in event queue = 0.0
Avg number points in clusters= 0.0
Avg Rmc size = 0.0
Avg Length exps= 0.0
#window: 73
Total #outliers: 504
Average Time: 91.53962289041095 ms
Peak memory: 581.811408996582 MB
Time index, remove data from structure: 0.0020542148630136987
Time for querying: 0.0
Time for new slide: 0.0847646295068493
Time for expired slide: 0.006771461657534247
------------------------------------
Number clusters = 0.0
Max Number points in event queue = 0.0
Avg number points in clusters= 0.0
Avg Rmc size = 0.0
Avg Length exps= 0.0
#window: 74
Total #outliers: 509
Average Time: 90.94548344594595 ms
Peak memory: 581.811408996582 MB
Time index, remove data from structure: 0.002043775878378378
Time for querying: 0.0
Time for new slide: 0.08418160948648648
Time for expired slide: 0.00676035272972973
------------------------------------
Number clusters = 0.0
Max Number points in event queue = 0.0
Avg number points in clusters= 0.0
Avg Rmc size = 0.0
Avg Length exps= 0.0
#window: 75
Total #outliers: 465
Average Time: 90.40901089333333 ms
Peak memory: 581.811408996582 MB
Time index, remove data from structure: 0.0020354556266666667
Time for querying: 0.0
Time for new slide: 0.08365398322666666
Time for expired slide: 0.00675151812
------------------------------------
Number clusters = 0.0
Max Number points in event queue = 0.0
Avg number points in clusters= 0.0
Avg Rmc size = 0.0
Avg Length exps= 0.0
#window: 76
Total #outliers: 308
Average Time: 89.90813884210527 ms
Peak memory: 581.811408996582 MB
Time index, remove data from structure: 0.0020289853947368422
Time for querying: 0.0
Time for new slide: 0.08316821594736842
Time for expired slide: 0.0067364231184210525
------------------------------------
Number clusters = 0.0
Max Number points in event queue = 0.0
Avg number points in clusters= 0.0
Avg Rmc size = 0.0
Avg Length exps= 0.0
#window: 77
Total #outliers: 318
Average Time: 89.51101393506494 ms
Peak memory: 581.811408996582 MB
Time index, remove data from structure: 0.0020205515194805196
Time for querying: 0.0
Time for new slide: 0.08278866155844157
Time for expired slide: 0.006718857324675324
------------------------------------
Number clusters = 0.0
Max Number points in event queue = 0.0
Avg number points in clusters= 0.0
Avg Rmc size = 0.0
Avg Length exps= 0.0
#window: 78
Total #outliers: 346
Average Time: 89.13959780769231 ms
Peak memory: 581.811408996582 MB
Time index, remove data from structure: 0.0020118661025641024
Time for querying: 0.0
Time for new slide: 0.0824293912051282
Time for expired slide: 0.006706721217948719
------------------------------------
Number clusters = 0.0
Max Number points in event queue = 0.0
Avg number points in clusters= 0.0
Avg Rmc size = 0.0
Avg Length exps= 0.0
#window: 79
Total #outliers: 343
Average Time: 88.8653266329114 ms
Peak memory: 581.811408996582 MB
Time index, remove data from structure: 0.002004352974683544
Time for querying: 0.0
Time for new slide: 0.08213217886075949
Time for expired slide: 0.0067296640632911395
------------------------------------
Number clusters = 0.0
Max Number points in event queue = 0.0
Avg number points in clusters= 0.0
Avg Rmc size = 0.0
Avg Length exps= 0.0
#window: 80
Total #outliers: 354
Average Time: 88.92990782500002 ms
Peak memory: 581.811408996582 MB
Time index, remove data from structure: 0.0020068054750000002
Time for querying: 0.0
Time for new slide: 0.0819863950125
Time for expired slide: 0.0069400367625
------------------------------------
Number clusters = 0.0
Max Number points in event queue = 0.0
Avg number points in clusters= 0.0
Avg Rmc size = 0.0
Avg Length exps= 0.0
#window: 81
Total #outliers: 596
Average Time: 88.87612497530866 ms
Peak memory: 581.811408996582 MB
Time index, remove data from structure: 0.002005869049382716
Time for querying: 0.0
Time for new slide: 0.0818948361234568
Time for expired slide: 0.006977819222222222
------------------------------------
Number clusters = 0.0
Max Number points in event queue = 0.0
Avg number points in clusters= 0.0
Avg Rmc size = 0.0
Avg Length exps= 0.0
#window: 82
Total #outliers: 505
Average Time: 88.7480561585366 ms
Peak memory: 581.811408996582 MB
Time index, remove data from structure: 0.0020012478536585365
Time for querying: 0.0
Time for new slide: 0.08177052052439025
Time for expired slide: 0.006974071865853659
------------------------------------
Number clusters = 0.0
Max Number points in event queue = 0.0
Avg number points in clusters= 0.0
Avg Rmc size = 0.0
Avg Length exps= 0.0
#window: 83
Total #outliers: 391
Average Time: 88.74022207228917 ms
Peak memory: 581.811408996582 MB
Time index, remove data from structure: 0.0020030164457831325
Time for querying: 0.0
Time for new slide: 0.08168574345783132
Time for expired slide: 0.007051014325301205
------------------------------------
Number clusters = 0.0
Max Number points in event queue = 0.0
Avg number points in clusters= 0.0
Avg Rmc size = 0.0
Avg Length exps= 0.0
#window: 84
Total #outliers: 313
Average Time: 88.66958910714287 ms
Peak memory: 581.811408996582 MB
Time index, remove data from structure: 0.0019975058571428572
Time for querying: 0.0
Time for new slide: 0.08162076620238096
Time for expired slide: 0.007045367154761905
------------------------------------
Number clusters = 0.0
Max Number points in event queue = 0.0
Avg number points in clusters= 0.0
Avg Rmc size = 0.0
Avg Length exps= 0.0
#window: 85
Total #outliers: 311
Average Time: 88.6747919882353 ms
Peak memory: 581.811408996582 MB
Time index, remove data from structure: 0.0019928309058823528
Time for querying: 0.0
Time for new slide: 0.08163759316470588
Time for expired slide: 0.007033749741176471
------------------------------------
Number clusters = 0.0
Max Number points in event queue = 0.0
Avg number points in clusters= 0.0
Avg Rmc size = 0.0
Avg Length exps= 0.0
#window: 86
Total #outliers: 300
Average Time: 88.70242658139536 ms
Peak memory: 581.811408996582 MB
Time index, remove data from structure: 0.0019884723604651163
Time for querying: 0.0
Time for new slide: 0.08169165839534884
Time for expired slide: 0.007007325918604651
------------------------------------
Number clusters = 0.0
Max Number points in event queue = 0.0
Avg number points in clusters= 0.0
Avg Rmc size = 0.0
Avg Length exps= 0.0
#window: 87
Total #outliers: 301
Average Time: 88.74123957471265 ms
Peak memory: 581.811408996582 MB
Time index, remove data from structure: 0.001987224977011494
Time for querying: 0.0
Time for new slide: 0.08170748224137932
Time for expired slide: 0.007030315068965518
------------------------------------
Number clusters = 0.0
Max Number points in event queue = 0.0
Avg number points in clusters= 0.0
Avg Rmc size = 0.0
Avg Length exps= 0.0
#window: 88
Total #outliers: 323
Average Time: 88.90484073863637 ms
Peak memory: 581.811408996582 MB
Time index, remove data from structure: 0.0019840024659090907
Time for querying: 0.0
Time for new slide: 0.08188398506818183
Time for expired slide: 0.007017417568181818
------------------------------------
Number clusters = 0.0
Max Number points in event queue = 0.0
Avg number points in clusters= 0.0
Avg Rmc size = 0.0
Avg Length exps= 0.0
#window: 89
Total #outliers: 374
Average Time: 89.04570935955057 ms
Peak memory: 581.811408996582 MB
Time index, remove data from structure: 0.0019821011011235956
Time for querying: 0.0
Time for new slide: 0.08200902350561798
Time for expired slide: 0.007033255471910112
------------------------------------
Number clusters = 0.0
Max Number points in event queue = 0.0
Avg number points in clusters= 0.0
Avg Rmc size = 0.0
Avg Length exps= 0.0
#window: 90
Total #outliers: 451
Average Time: 89.21867251111111 ms
Peak memory: 581.811408996582 MB
Time index, remove data from structure: 0.0019796128444444444
Time for querying: 0.0
Time for new slide: 0.08216710062222222
Time for expired slide: 0.007048149911111111
------------------------------------
Number clusters = 0.0
Max Number points in event queue = 0.0
Avg number points in clusters= 0.0
Avg Rmc size = 0.0
Avg Length exps= 0.0
#window: 91
Total #outliers: 369
Average Time: 88.9913910989011 ms
Peak memory: 581.811408996582 MB
Time index, remove data from structure: 0.001976243186813187
Time for querying: 0.0
Time for new slide: 0.08193039030769231
Time for expired slide: 0.007057584131868131
------------------------------------
Number clusters = 0.0
Max Number points in event queue = 0.0
Avg number points in clusters= 0.0
Avg Rmc size = 0.0
Avg Length exps= 0.0
#window: 92
Total #outliers: 348
Average Time: 88.98971164130435 ms
Peak memory: 581.811408996582 MB
Time index, remove data from structure: 0.001973358173913044
Time for querying: 0.0
Time for new slide: 0.08189310373913043
Time for expired slide: 0.007093200043478261
------------------------------------
Number clusters = 0.0
Max Number points in event queue = 0.0
Avg number points in clusters= 0.0
Avg Rmc size = 0.0
Avg Length exps= 0.0
#window: 93
Total #outliers: 428
Average Time: 89.25764670967743 ms
Peak memory: 581.811408996582 MB
Time index, remove data from structure: 0.001970293795698925
Time for querying: 0.0
Time for new slide: 0.08217575813978495
Time for expired slide: 0.007078479892473118
------------------------------------
Number clusters = 0.0
Max Number points in event queue = 0.0
Avg number points in clusters= 0.0
Avg Rmc size = 0.0
Avg Length exps= 0.0
#window: 94
Total #outliers: 427
Average Time: 89.57248944680853 ms
Peak memory: 581.811408996582 MB
Time index, remove data from structure: 0.0019670538936170214
Time for querying: 0.0
Time for new slide: 0.08248175462765957
Time for expired slide: 0.0070873291702127665
------------------------------------
Number clusters = 0.0
Max Number points in event queue = 0.0
Avg number points in clusters= 0.0
Avg Rmc size = 0.0
Avg Length exps= 0.0
#window: 95
Total #outliers: 393
Average Time: 89.75242806315791 ms
Peak memory: 581.811408996582 MB
Time index, remove data from structure: 0.0019623590631578946
Time for querying: 0.0
Time for new slide: 0.08268131326315789
Time for expired slide: 0.007067713810526316
------------------------------------
Number clusters = 0.0
Max Number points in event queue = 0.0
Avg number points in clusters= 0.0
Avg Rmc size = 0.0
Avg Length exps= 0.0
#window: 96
Total #outliers: 403
Average Time: 90.01276762500001 ms
Peak memory: 586.6698379516602 MB
Time index, remove data from structure: 0.0019588866875
Time for querying: 0.0
Time for new slide: 0.08294403476041666
Time for expired slide: 0.007065337895833333
------------------------------------
Number clusters = 0.0
Max Number points in event queue = 0.0
Avg number points in clusters= 0.0
Avg Rmc size = 0.0
Avg Length exps= 0.0
#window: 97
Total #outliers: 409
Average Time: 90.25298039175259 ms
Peak memory: 586.6698379516602 MB
Time index, remove data from structure: 0.0019553015979381443
Time for querying: 0.0
Time for new slide: 0.08320261842268041
Time for expired slide: 0.007046963979381444
------------------------------------
Number clusters = 0.0
Max Number points in event queue = 0.0
Avg number points in clusters= 0.0
Avg Rmc size = 0.0
Avg Length exps= 0.0
#window: 98
Total #outliers: 528
Average Time: 90.55493487755102 ms
Peak memory: 606.4530563354492 MB
Time index, remove data from structure: 0.0019521823673469387
Time for querying: 0.0
Time for new slide: 0.0835217993877551
Time for expired slide: 0.007029733999999999
------------------------------------
Number clusters = 0.0
Max Number points in event queue = 0.0
Avg number points in clusters= 0.0
Avg Rmc size = 0.0
Avg Length exps= 0.0
#window: 99
Total #outliers: 527
Average Time: 90.85911210101011 ms
Peak memory: 626.2362899780273 MB
Time index, remove data from structure: 0.0019503251414141412
Time for querying: 0.0
Time for new slide: 0.08380382414141413
Time for expired slide: 0.0070518831313131315
------------------------------------
Number clusters = 0.0
Max Number points in event queue = 0.0
Avg number points in clusters= 0.0
Avg Rmc size = 0.0
Avg Length exps= 0.0
#window: 100
Total #outliers: 535
Average Time: 91.1356542 ms
Peak memory: 646.0195083618164 MB
Time index, remove data from structure: 0.00194820154
Time for querying: 0.0
Time for new slide: 0.08408876724
Time for expired slide: 0.0070434865000000004
------------------------------------
Number clusters = 0.0
Max Number points in event queue = 0.0
Avg number points in clusters= 0.0
Avg Rmc size = 0.0
Avg Length exps= 0.0
#window: 101
Total #outliers: 521
Average Time: 91.5012474059406 ms
Peak memory: 665.8027267456055 MB
Time index, remove data from structure: 0.0019467945445544555
Time for querying: 0.0
Time for new slide: 0.08445850618811881
Time for expired slide: 0.0070393380495049505
------------------------------------
Number clusters = 0.0
Max Number points in event queue = 0.0
Avg number points in clusters= 0.0
Avg Rmc size = 0.0
Avg Length exps= 0.0
#window: 102
Total #outliers: 546
Average Time: 91.9458618137255 ms
Peak memory: 685.5859451293945 MB
Time index, remove data from structure: 0.0019499161666666667
Time for querying: 0.0
Time for new slide: 0.0848927544607843
Time for expired slide: 0.007049698176470588
------------------------------------
Number clusters = 0.0
Max Number points in event queue = 0.0
Avg number points in clusters= 0.0
Avg Rmc size = 0.0
Avg Length exps= 0.0
#window: 103
Total #outliers: 544
Average Time: 92.3242263300971 ms
Peak memory: 685.5859451293945 MB
Time index, remove data from structure: 0.001948820796116505
Time for querying: 0.0
Time for new slide: 0.08524947887378642
Time for expired slide: 0.007071341087378641
------------------------------------
Number clusters = 0.0
Max Number points in event queue = 0.0
Avg number points in clusters= 0.0
Avg Rmc size = 0.0
Avg Length exps= 0.0
#window: 104
Total #outliers: 559
Average Time: 92.6498427596154 ms
Peak memory: 725.1524124145508 MB
Time index, remove data from structure: 0.0019482570384615383
Time for querying: 0.0
Time for new slide: 0.08557661277884615
Time for expired slide: 0.007069825826923077
------------------------------------
Number clusters = 0.0
Max Number points in event queue = 0.0
Avg number points in clusters= 0.0
Avg Rmc size = 0.0
Avg Length exps= 0.0
#window: 105
Total #outliers: 552
Average Time: 92.96831012380953 ms
Peak memory: 744.9370269775391 MB
Time index, remove data from structure: 0.0019461241523809525
Time for querying: 0.0
Time for new slide: 0.08589847395238095
Time for expired slide: 0.007066432171428572
------------------------------------
Number clusters = 0.0
Max Number points in event queue = 0.0
Avg number points in clusters= 0.0
Avg Rmc size = 0.0
Avg Length exps= 0.0
#window: 106
Total #outliers: 555
Average Time: 93.19011473584906 ms
Peak memory: 749.1789474487305 MB
Time index, remove data from structure: 0.001944019575471698
Time for querying: 0.0
Time for new slide: 0.08612585098113208
Time for expired slide: 0.007060854849056604
------------------------------------
Number clusters = 0.0
Max Number points in event queue = 0.0
Avg number points in clusters= 0.0
Avg Rmc size = 0.0
Avg Length exps= 0.0
#window: 107
Total #outliers: 573
Average Time: 93.40518679439253 ms
Peak memory: 768.9621658325195 MB
Time index, remove data from structure: 0.001941988785046729
Time for querying: 0.0
Time for new slide: 0.08634461897196262
Time for expired slide: 0.007057162214953271
------------------------------------
Number clusters = 0.0
Max Number points in event queue = 0.0
Avg number points in clusters= 0.0
Avg Rmc size = 0.0
Avg Length exps= 0.0
#window: 108
Total #outliers: 519
Average Time: 93.57269495370372 ms
Peak memory: 788.7455749511719 MB
Time index, remove data from structure: 0.0019410482962962964
Time for querying: 0.0
Time for new slide: 0.08650033085185184
Time for expired slide: 0.007068960481481482
------------------------------------
Number clusters = 0.0
Max Number points in event queue = 0.0
Avg number points in clusters= 0.0
Avg Rmc size = 0.0
Avg Length exps= 0.0
#window: 109
Total #outliers: 492
Average Time: 93.76449779816515 ms
Peak memory: 808.5287933349609 MB
Time index, remove data from structure: 0.001940359743119266
Time for querying: 0.0
Time for new slide: 0.08666677055963302
Time for expired slide: 0.007094329302752294
------------------------------------
Number clusters = 0.0
Max Number points in event queue = 0.0
Avg number points in clusters= 0.0
Avg Rmc size = 0.0
Avg Length exps= 0.0
#window: 110
Total #outliers: 474
Average Time: 93.94085670909091 ms
Peak memory: 828.31201171875 MB
Time index, remove data from structure: 0.0019396388545454544
Time for querying: 0.0
Time for new slide: 0.08683405087272728
Time for expired slide: 0.007103411427272727
------------------------------------
Number clusters = 0.0
Max Number points in event queue = 0.0
Avg number points in clusters= 0.0
Avg Rmc size = 0.0
Avg Length exps= 0.0
#window: 111
Total #outliers: 452
Average Time: 94.06499781981984 ms
Peak memory: 848.0952453613281 MB
Time index, remove data from structure: 0.0019348685765765766
Time for querying: 0.0
Time for new slide: 0.08695813346846847
Time for expired slide: 0.007103474018018018
------------------------------------
Number clusters = 0.0
Max Number points in event queue = 0.0
Avg number points in clusters= 0.0
Avg Rmc size = 0.0
Avg Length exps= 0.0
#window: 112
Total #outliers: 458
Average Time: 94.22334948214286 ms
Peak memory: 867.8785018920898 MB
Time index, remove data from structure: 0.001933692267857143
Time for querying: 0.0
Time for new slide: 0.08710183170535714
Time for expired slide: 0.007118131428571428
------------------------------------
Number clusters = 0.0
Max Number points in event queue = 0.0
Avg number points in clusters= 0.0
Avg Rmc size = 0.0
Avg Length exps= 0.0
#window: 113
Total #outliers: 425
Average Time: 94.32874076106195 ms
Peak memory: 887.6617202758789 MB
Time index, remove data from structure: 0.001934389778761062
Time for querying: 0.0
Time for new slide: 0.08721116525663718
Time for expired slide: 0.0071141920619469026
------------------------------------
Number clusters = 0.0
Max Number points in event queue = 0.0
Avg number points in clusters= 0.0
Avg Rmc size = 0.0
Avg Length exps= 0.0
#window: 114
Total #outliers: 437
Average Time: 94.41918176315791 ms
Peak memory: 911.6868896484375 MB
Time index, remove data from structure: 0.0019333028421052631
Time for querying: 0.0
Time for new slide: 0.08731036943859649
Time for expired slide: 0.0071054309912280695
------------------------------------
Number clusters = 0.0
Max Number points in event queue = 0.0
Avg number points in clusters= 0.0
Avg Rmc size = 0.0
Avg Length exps= 0.0
#window: 115
Total #outliers: 409
Average Time: 94.63365052173914 ms
Peak memory: 911.6868896484375 MB
Time index, remove data from structure: 0.0019324712695652174
Time for querying: 0.0
Time for new slide: 0.0875021555652174
Time for expired slide: 0.0071281178
------------------------------------
Number clusters = 0.0
Max Number points in event queue = 0.0
Avg number points in clusters= 0.0
Avg Rmc size = 0.0
Avg Length exps= 0.0
#window: 116
Total #outliers: 387
Average Time: 94.81235766379311 ms
Peak memory: 931.4701080322266 MB
Time index, remove data from structure: 0.0019313773706896552
Time for querying: 0.0
Time for new slide: 0.0876796324913793
Time for expired slide: 0.00712935275862069
------------------------------------
Number clusters = 0.0
Max Number points in event queue = 0.0
Avg number points in clusters= 0.0
Avg Rmc size = 0.0
Avg Length exps= 0.0
#window: 117
Total #outliers: 404
Average Time: 94.99502898290599 ms
Peak memory: 951.2533264160156 MB
Time index, remove data from structure: 0.001931518769230769
Time for querying: 0.0
Time for new slide: 0.08784355966666667
Time for expired slide: 0.007148100367521368
------------------------------------
Number clusters = 0.0
Max Number points in event queue = 0.0
Avg number points in clusters= 0.0
Avg Rmc size = 0.0
Avg Length exps= 0.0
#window: 118
Total #outliers: 437
Average Time: 95.1863264322034 ms
Peak memory: 971.0365447998047 MB
Time index, remove data from structure: 0.0019321890338983051
Time for querying: 0.0
Time for new slide: 0.08798605961016949
Time for expired slide: 0.007196902000000001
------------------------------------
Number clusters = 0.0
Max Number points in event queue = 0.0
Avg number points in clusters= 0.0
Avg Rmc size = 0.0
Avg Length exps= 0.0
#window: 119
Total #outliers: 432
Average Time: 95.37405074789916 ms
Peak memory: 990.8198089599609 MB
Time index, remove data from structure: 0.001934541857142857
Time for querying: 0.0
Time for new slide: 0.08810421918487396
Time for expired slide: 0.007266468991596639
------------------------------------
Number clusters = 0.0
Max Number points in event queue = 0.0
Avg number points in clusters= 0.0
Avg Rmc size = 0.0
Avg Length exps= 0.0
#window: 120
Total #outliers: 501
Average Time: 95.50252216666668 ms
Peak memory: 1010.60302734375 MB
Time index, remove data from structure: 0.001934897
Time for querying: 0.0
Time for new slide: 0.08823278510833334
Time for expired slide: 0.007266376041666666
------------------------------------
Number clusters = 0.0
Max Number points in event queue = 0.0
Avg number points in clusters= 0.0
Avg Rmc size = 0.0
Avg Length exps= 0.0
#window: 121
Total #outliers: 566
Average Time: 95.62289488429752 ms
Peak memory: 1010.60302734375 MB
Time index, remove data from structure: 0.001934393520661157
Time for querying: 0.0
Time for new slide: 0.0883503579338843
Time for expired slide: 0.007269183314049587
------------------------------------
Number clusters = 0.0
Max Number points in event queue = 0.0
Avg number points in clusters= 0.0
Avg Rmc size = 0.0
Avg Length exps= 0.0
#window: 122
Total #outliers: 585
Average Time: 95.76803286885246 ms
Peak memory: 1030.3862838745117 MB
Time index, remove data from structure: 0.0019342414590163934
Time for querying: 0.0
Time for new slide: 0.08849167281967213
Time for expired slide: 0.007273005893442623
------------------------------------
Number clusters = 0.0
Max Number points in event queue = 0.0
Avg number points in clusters= 0.0
Avg Rmc size = 0.0
Avg Length exps= 0.0
#window: 123
Total #outliers: 602
Average Time: 95.90023156097561 ms
Peak memory: 1050.1695022583008 MB
Time index, remove data from structure: 0.0019336087723577236
Time for querying: 0.0
Time for new slide: 0.08859650451219513
Time for expired slide: 0.0073003744471544715
------------------------------------
Number clusters = 0.0
Max Number points in event queue = 0.0
Avg number points in clusters= 0.0
Avg Rmc size = 0.0
Avg Length exps= 0.0
#window: 124
Total #outliers: 617
Average Time: 96.07541076612904 ms
Peak memory: 1069.9527206420898 MB
Time index, remove data from structure: 0.0019317819677419355
Time for querying: 0.0
Time for new slide: 0.08877735312096775
Time for expired slide: 0.007294707903225807
------------------------------------
Number clusters = 0.0
Max Number points in event queue = 0.0
Avg number points in clusters= 0.0
Avg Rmc size = 0.0
Avg Length exps= 0.0
#window: 125
Total #outliers: 651
Average Time: 96.253991368 ms
Peak memory: 1089.735939025879 MB
Time index, remove data from structure: 0.001930807736
Time for querying: 0.0
Time for new slide: 0.088960525408
Time for expired slide: 0.007290119368
------------------------------------
Number clusters = 0.0
Max Number points in event queue = 0.0
Avg number points in clusters= 0.0
Avg Rmc size = 0.0
Avg Length exps= 0.0
#window: 126
Total #outliers: 690
Average Time: 96.4461083015873 ms
Peak memory: 1096.0855407714844 MB
Time index, remove data from structure: 0.0019295797936507938
Time for querying: 0.0
Time for new slide: 0.08915658607142857
Time for expired slide: 0.00728617923015873
------------------------------------
Number clusters = 0.0
Max Number points in event queue = 0.0
Avg number points in clusters= 0.0
Avg Rmc size = 0.0
Avg Length exps= 0.0
#window: 127
Total #outliers: 651
Average Time: 96.10203733070865 ms
Peak memory: 1096.0855407714844 MB
Time index, remove data from structure: 0.0019280687086614173
Time for querying: 0.0
Time for new slide: 0.08881903692913386
Time for expired slide: 0.007279659527559055
------------------------------------
Number clusters = 0.0
Max Number points in event queue = 0.0
Avg number points in clusters= 0.0
Avg Rmc size = 0.0
Avg Length exps= 0.0
#window: 128
Total #outliers: 665
Average Time: 95.77117928125 ms
Peak memory: 1096.0855407714844 MB
Time index, remove data from structure: 0.001925723265625
Time for querying: 0.0
Time for new slide: 0.0884982328359375
Time for expired slide: 0.0072696071875
------------------------------------
Number clusters = 0.0
Max Number points in event queue = 0.0
Avg number points in clusters= 0.0
Avg Rmc size = 0.0
Avg Length exps= 0.0
#window: 129
Total #outliers: 653
Average Time: 95.4869888604651 ms
Peak memory: 1096.0855407714844 MB
Time index, remove data from structure: 0.0019239698682170542
Time for querying: 0.0
Time for new slide: 0.08822138086046512
Time for expired slide: 0.0072622703410852715
------------------------------------
Number clusters = 0.0
Max Number points in event queue = 0.0
Avg number points in clusters= 0.0
Avg Rmc size = 0.0
Avg Length exps= 0.0
#window: 130
Total #outliers: 611
Average Time: 95.24084243076922 ms
Peak memory: 1096.0855407714844 MB
Time index, remove data from structure: 0.001921572246153846
Time for querying: 0.0
Time for new slide: 0.08798493166923076
Time for expired slide: 0.007252575915384615
------------------------------------
Number clusters = 0.0
Max Number points in event queue = 0.0
Avg number points in clusters= 0.0
Avg Rmc size = 0.0
Avg Length exps= 0.0
#window: 131
Total #outliers: 596
Average Time: 94.96814554198473 ms
Peak memory: 1096.0855407714844 MB
Time index, remove data from structure: 0.0019194252061068703
Time for querying: 0.0
Time for new slide: 0.08772166496183206
Time for expired slide: 0.007243144320610687
------------------------------------
Number clusters = 0.0
Max Number points in event queue = 0.0
Avg number points in clusters= 0.0
Avg Rmc size = 0.0
Avg Length exps= 0.0
#window: 132
Total #outliers: 576
Average Time: 94.71833050757574 ms
Peak memory: 1096.0855407714844 MB
Time index, remove data from structure: 0.0019169615909090908
Time for querying: 0.0
Time for new slide: 0.08748224518939395
Time for expired slide: 0.007232753356060606
------------------------------------
Number clusters = 0.0
Max Number points in event queue = 0.0
Avg number points in clusters= 0.0
Avg Rmc size = 0.0
Avg Length exps= 0.0
#window: 133
Total #outliers: 583
Average Time: 94.39694780451127 ms
Peak memory: 1096.0855407714844 MB
Time index, remove data from structure: 0.001914842947368421
Time for querying: 0.0
Time for new slide: 0.08717046094736841
Time for expired slide: 0.007223157894736842
------------------------------------
Number clusters = 0.0
Max Number points in event queue = 0.0
Avg number points in clusters= 0.0
Avg Rmc size = 0.0
Avg Length exps= 0.0
#window: 134
Total #outliers: 567
Average Time: 94.06502115671641 ms
Peak memory: 1096.0855407714844 MB
Time index, remove data from structure: 0.0019121812164179105
Time for querying: 0.0
Time for new slide: 0.08684859464925372
Time for expired slide: 0.007213096917910448
------------------------------------
Number clusters = 0.0
Max Number points in event queue = 0.0
Avg number points in clusters= 0.0
Avg Rmc size = 0.0
Avg Length exps= 0.0
#window: 135
Total #outliers: 574
Average Time: 93.77019588148147 ms
Peak memory: 1096.0855407714844 MB
Time index, remove data from structure: 0.001909569711111111
Time for querying: 0.0
Time for new slide: 0.08656381209629631
Time for expired slide: 0.007203057407407408
------------------------------------
Number clusters = 0.0
Max Number points in event queue = 0.0
Avg number points in clusters= 0.0
Avg Rmc size = 0.0
Avg Length exps= 0.0
#window: 136
Total #outliers: 588
Average Time: 93.50328202941176 ms
Peak memory: 1096.0855407714844 MB
Time index, remove data from structure: 0.0019073253014705884
Time for querying: 0.0
Time for new slide: 0.08630685641911764
Time for expired slide: 0.007193104345588236
------------------------------------
Number clusters = 0.0
Max Number points in event queue = 0.0
Avg number points in clusters= 0.0
Avg Rmc size = 0.0
Avg Length exps= 0.0
#window: 137
Total #outliers: 577
Average Time: 93.3037086058394 ms
Peak memory: 1096.0855407714844 MB
Time index, remove data from structure: 0.0019047911970802918
Time for querying: 0.0
Time for new slide: 0.08611667388321168
Time for expired slide: 0.0071837163065693425
------------------------------------
Number clusters = 0.0
Max Number points in event queue = 0.0
Avg number points in clusters= 0.0
Avg Rmc size = 0.0
Avg Length exps= 0.0
#window: 138
Total #outliers: 494
Average Time: 93.15954989130434 ms
Peak memory: 1096.0855407714844 MB
Time index, remove data from structure: 0.0019020397246376811
Time for querying: 0.0
Time for new slide: 0.08598203526086957
Time for expired slide: 0.0071741967318840584
------------------------------------
Number clusters = 0.0
Max Number points in event queue = 0.0
Avg number points in clusters= 0.0
Avg Rmc size = 0.0
Avg Length exps= 0.0
#window: 139
Total #outliers: 539
Average Time: 93.01621204316545 ms
Peak memory: 1096.0855407714844 MB
Time index, remove data from structure: 0.0019000656115107913
Time for querying: 0.0
Time for new slide: 0.08584946935251798
Time for expired slide: 0.007163426784172662
------------------------------------
Number clusters = 0.0
Max Number points in event queue = 0.0
Avg number points in clusters= 0.0
Avg Rmc size = 0.0
Avg Length exps= 0.0
#window: 140
Total #outliers: 476
Average Time: 92.90333627857143 ms
Peak memory: 1096.0855407714844 MB
Time index, remove data from structure: 0.0018980624714285716
Time for querying: 0.0
Time for new slide: 0.08574571313571429
Time for expired slide: 0.007154309857142857
------------------------------------
Number clusters = 0.0
Max Number points in event queue = 0.0
Avg number points in clusters= 0.0
Avg Rmc size = 0.0
Avg Length exps= 0.0
#window: 141
Total #outliers: 491
Average Time: 92.83324633333334 ms
Peak memory: 1096.0855407714844 MB
Time index, remove data from structure: 0.0018972856737588654
Time for querying: 0.0
Time for new slide: 0.08568453575177305
Time for expired slide: 0.007145401687943262
------------------------------------
Number clusters = 0.0
Max Number points in event queue = 0.0
Avg number points in clusters= 0.0
Avg Rmc size = 0.0
Avg Length exps= 0.0
#window: 142
Total #outliers: 514
Average Time: 92.81358192957747 ms
Peak memory: 1096.0855407714844 MB
Time index, remove data from structure: 0.0018949011760563382
Time for querying: 0.0
Time for new slide: 0.08567479764084507
Time for expired slide: 0.00713547623943662
------------------------------------
Number clusters = 0.0
Max Number points in event queue = 0.0
Avg number points in clusters= 0.0
Avg Rmc size = 0.0
Avg Length exps= 0.0
#window: 143
Total #outliers: 485
Average Time: 92.80523607692308 ms
Peak memory: 1096.0855407714844 MB
Time index, remove data from structure: 0.0018923355314685315
Time for querying: 0.0
Time for new slide: 0.08567668588811189
Time for expired slide: 0.007125243776223776
------------------------------------
Number clusters = 0.0
Max Number points in event queue = 0.0
Avg number points in clusters= 0.0
Avg Rmc size = 0.0
Avg Length exps= 0.0
#window: 144
Total #outliers: 523
Average Time: 92.81726479166667 ms
Peak memory: 1096.0855407714844 MB
Time index, remove data from structure: 0.0018897477083333332
Time for querying: 0.0
Time for new slide: 0.0856994944375
Time for expired slide: 0.007114461902777778
------------------------------------
Number clusters = 0.0
Max Number points in event queue = 0.0
Avg number points in clusters= 0.0
Avg Rmc size = 0.0
Avg Length exps= 0.0
#window: 145
Total #outliers: 551
Average Time: 92.81214843448276 ms
Peak memory: 1096.0855407714844 MB
Time index, remove data from structure: 0.0018868446827586206
Time for querying: 0.0
Time for new slide: 0.08570423071034483
Time for expired slide: 0.007104609613793103
------------------------------------
Number clusters = 0.0
Max Number points in event queue = 0.0
Avg number points in clusters= 0.0
Avg Rmc size = 0.0
Avg Length exps= 0.0
#window: 146
Total #outliers: 552
Average Time: 92.8272145890411 ms
Peak memory: 1096.0855407714844 MB
Time index, remove data from structure: 0.0018843115342465754
Time for querying: 0.0
Time for new slide: 0.08572795534931507
Time for expired slide: 0.007095950767123287
------------------------------------
Number clusters = 0.0
Max Number points in event queue = 0.0
Avg number points in clusters= 0.0
Avg Rmc size = 0.0
Avg Length exps= 0.0
#window: 147
Total #outliers: 506
Average Time: 92.80107797959184 ms
Peak memory: 1096.0855407714844 MB
Time index, remove data from structure: 0.0018817788979591838
Time for querying: 0.0
Time for new slide: 0.08570983026530613
Time for expired slide: 0.007087940244897959
------------------------------------
Number clusters = 0.0
Max Number points in event queue = 0.0
Avg number points in clusters= 0.0
Avg Rmc size = 0.0
Avg Length exps= 0.0
#window: 148
Total #outliers: 542
Average Time: 92.83727130405406 ms
Peak memory: 1096.0855407714844 MB
Time index, remove data from structure: 0.0018802677837837837
Time for querying: 0.0
Time for new slide: 0.08572757664864865
Time for expired slide: 0.00710638425
------------------------------------
Number clusters = 0.0
Max Number points in event queue = 0.0
Avg number points in clusters= 0.0
Avg Rmc size = 0.0
Avg Length exps= 0.0
#window: 149
Total #outliers: 531
Average Time: 92.9095939194631 ms
Peak memory: 1096.0855407714844 MB
Time index, remove data from structure: 0.0018783164496644295
Time for querying: 0.0
Time for new slide: 0.08580761067785235
Time for expired slide: 0.007098668718120806
------------------------------------
Number clusters = 0.0
Max Number points in event queue = 0.0
Avg number points in clusters= 0.0
Avg Rmc size = 0.0
Avg Length exps= 0.0
#window: 150
Total #outliers: 519
Average Time: 92.95349814666669 ms
Peak memory: 1096.0855407714844 MB
Time index, remove data from structure: 0.0018770949733333334
Time for querying: 0.0
Time for new slide: 0.08582695716
Time for expired slide: 0.007123214873333333
------------------------------------
Number clusters = 0.0
Max Number points in event queue = 0.0
Avg number points in clusters= 0.0
Avg Rmc size = 0.0
Avg Length exps= 0.0
#window: 151
Total #outliers: 526
Average Time: 93.012615986755 ms
Peak memory: 1096.0855407714844 MB
Time index, remove data from structure: 0.001876527370860927
Time for querying: 0.0
Time for new slide: 0.08586228731125828
Time for expired slide: 0.007147003099337749
------------------------------------
Number clusters = 0.0
Max Number points in event queue = 0.0
Avg number points in clusters= 0.0
Avg Rmc size = 0.0
Avg Length exps= 0.0
#window: 152
Total #outliers: 585
Average Time: 93.0732109276316 ms
Peak memory: 1096.0855407714844 MB
Time index, remove data from structure: 0.0018759484144736842
Time for querying: 0.0
Time for new slide: 0.08589764215789474
Time for expired slide: 0.007172243059210526
------------------------------------
Number clusters = 0.0
Max Number points in event queue = 0.0
Avg number points in clusters= 0.0
Avg Rmc size = 0.0
Avg Length exps= 0.0
#window: 153
Total #outliers: 594
Average Time: 93.13875489542487 ms
Peak memory: 1096.0855407714844 MB
Time index, remove data from structure: 0.0018754192156862743
Time for querying: 0.0
Time for new slide: 0.08595711911764706
Time for expired slide: 0.007178310725490196
------------------------------------
Number clusters = 0.0
Max Number points in event queue = 0.0
Avg number points in clusters= 0.0
Avg Rmc size = 0.0
Avg Length exps= 0.0
#window: 154
Total #outliers: 551
Average Time: 93.18101005194808 ms
Peak memory: 1096.0855407714844 MB
Time index, remove data from structure: 0.00187445137012987
Time for querying: 0.0
Time for new slide: 0.08600362492857143
Time for expired slide: 0.007174061331168831
------------------------------------
Number clusters = 0.0
Max Number points in event queue = 0.0
Avg number points in clusters= 0.0
Avg Rmc size = 0.0
Avg Length exps= 0.0
#window: 155
Total #outliers: 549
Average Time: 93.28225118064519 ms
Peak memory: 1096.0855407714844 MB
Time index, remove data from structure: 0.0018735281612903226
Time for querying: 0.0
Time for new slide: 0.08611067066451612
Time for expired slide: 0.0071682590193548395
------------------------------------
Number clusters = 0.0
Max Number points in event queue = 0.0
Avg number points in clusters= 0.0
Avg Rmc size = 0.0
Avg Length exps= 0.0
#window: 156
Total #outliers: 569
Average Time: 93.36107663461542 ms
Peak memory: 1096.0855407714844 MB
Time index, remove data from structure: 0.0018722234551282052
Time for querying: 0.0
Time for new slide: 0.08619485059615385
Time for expired slide: 0.007162905096153846
------------------------------------
Number clusters = 0.0
Max Number points in event queue = 0.0
Avg number points in clusters= 0.0
Avg Rmc size = 0.0
Avg Length exps= 0.0
#window: 157
Total #outliers: 567
Average Time: 93.44127219108283 ms
Peak memory: 1096.0855407714844 MB
Time index, remove data from structure: 0.0018717368535031845
Time for querying: 0.0
Time for new slide: 0.08626831941401274
Time for expired slide: 0.007169627484076433
------------------------------------
Number clusters = 0.0
Max Number points in event queue = 0.0
Avg number points in clusters= 0.0
Avg Rmc size = 0.0
Avg Length exps= 0.0
#window: 158
Total #outliers: 597
Average Time: 93.50503590506332 ms
Peak memory: 1096.0855407714844 MB
Time index, remove data from structure: 0.0018715906075949366
Time for querying: 0.0
Time for new slide: 0.08632116789873417
Time for expired slide: 0.0071805440316455695
------------------------------------
Number clusters = 0.0
Max Number points in event queue = 0.0
Avg number points in clusters= 0.0
Avg Rmc size = 0.0
Avg Length exps= 0.0
#window: 159
Total #outliers: 590
Average Time: 93.52758473584908 ms
Peak memory: 1096.0855407714844 MB
Time index, remove data from structure: 0.0018705711194968552
Time for querying: 0.0
Time for new slide: 0.08634943635220126
Time for expired slide: 0.007174824628930819
------------------------------------
Number clusters = 0.0
Max Number points in event queue = 0.0
Avg number points in clusters= 0.0
Avg Rmc size = 0.0
Avg Length exps= 0.0
#window: 160
Total #outliers: 538
Average Time: 93.56959758125002 ms
Peak memory: 1096.0855407714844 MB
Time index, remove data from structure: 0.00186996304375
Time for querying: 0.0
Time for new slide: 0.08638504664999999
Time for expired slide: 0.00718122559375
------------------------------------
Number clusters = 0.0
Max Number points in event queue = 0.0
Avg number points in clusters= 0.0
Avg Rmc size = 0.0
Avg Length exps= 0.0
#window: 161
Total #outliers: 534
Average Time: 93.59095691925468 ms
Peak memory: 1096.0855407714844 MB
Time index, remove data from structure: 0.0018688751863354036
Time for querying: 0.0
Time for new slide: 0.08640013878881989
Time for expired slide: 0.007187493546583851
------------------------------------
Number clusters = 0.0
Max Number points in event queue = 0.0
Avg number points in clusters= 0.0
Avg Rmc size = 0.0
Avg Length exps= 0.0
#window: 162
Total #outliers: 495
Average Time: 93.58111783333335 ms
Peak memory: 1096.0855407714844 MB
Time index, remove data from structure: 0.0018684096419753085
Time for querying: 0.0
Time for new slide: 0.08637139312345679
Time for expired slide: 0.007206401339506173
------------------------------------
Number clusters = 0.0
Max Number points in event queue = 0.0
Avg number points in clusters= 0.0
Avg Rmc size = 0.0
Avg Length exps= 0.0
#window: 163
Total #outliers: 570
Average Time: 93.5541429263804 ms
Peak memory: 1096.0855407714844 MB
Time index, remove data from structure: 0.001868162417177914
Time for querying: 0.0
Time for new slide: 0.08632491341104294
Time for expired slide: 0.007225909938650306
------------------------------------
Number clusters = 0.0
Max Number points in event queue = 0.0
Avg number points in clusters= 0.0
Avg Rmc size = 0.0
Avg Length exps= 0.0
#window: 164
Total #outliers: 484
Average Time: 93.49466871341467 ms
Peak memory: 1096.0855407714844 MB
Time index, remove data from structure: 0.0018673636768292683
Time for querying: 0.0
Time for new slide: 0.0862699632012195
Time for expired slide: 0.007221387689024391
------------------------------------
Number clusters = 0.0
Max Number points in event queue = 0.0
Avg number points in clusters= 0.0
Avg Rmc size = 0.0
Avg Length exps= 0.0
#window: 165
Total #outliers: 395
Average Time: 93.48751764848487 ms
Peak memory: 1096.0855407714844 MB
Time index, remove data from structure: 0.0018657703454545453
Time for querying: 0.0
Time for new slide: 0.0862597808848485
Time for expired slide: 0.007224420781818182
------------------------------------
Number clusters = 0.0
Max Number points in event queue = 0.0
Avg number points in clusters= 0.0
Avg Rmc size = 0.0
Avg Length exps= 0.0
#window: 166
Total #outliers: 464
Average Time: 93.48531671084339 ms
Peak memory: 1096.0855407714844 MB
Time index, remove data from structure: 0.0018657743855421687
Time for querying: 0.0
Time for new slide: 0.08625881369879518
Time for expired slide: 0.007223187530120481
------------------------------------
Number clusters = 0.0
Max Number points in event queue = 0.0
Avg number points in clusters= 0.0
Avg Rmc size = 0.0
Avg Length exps= 0.0
#window: 167
Total #outliers: 462
Average Time: 93.45329652694613 ms
Peak memory: 1096.0855407714844 MB
Time index, remove data from structure: 0.0018646603592814373
Time for querying: 0.0
Time for new slide: 0.08621430276047905
Time for expired slide: 0.007235676443113772
------------------------------------
Number clusters = 0.0
Max Number points in event queue = 0.0
Avg number points in clusters= 0.0
Avg Rmc size = 0.0
Avg Length exps= 0.0
#window: 168
Total #outliers: 471
Average Time: 93.42567123809526 ms
Peak memory: 1096.0855407714844 MB
Time index, remove data from structure: 0.0018631298154761905
Time for querying: 0.0
Time for new slide: 0.08619578629761905
Time for expired slide: 0.007226562261904762
------------------------------------
Number clusters = 0.0
Max Number points in event queue = 0.0
Avg number points in clusters= 0.0
Avg Rmc size = 0.0
Avg Length exps= 0.0
#window: 169
Total #outliers: 465
Average Time: 93.43658401775151 ms
Peak memory: 1096.0855407714844 MB
Time index, remove data from structure: 0.001861732650887574
Time for querying: 0.0
Time for new slide: 0.08620302276331361
Time for expired slide: 0.00723024175147929
------------------------------------
Number clusters = 0.0
Max Number points in event queue = 0.0
Avg number points in clusters= 0.0
Avg Rmc size = 0.0
Avg Length exps= 0.0
#window: 170
Total #outliers: 491
Average Time: 93.41705769411767 ms
Peak memory: 1096.0855407714844 MB
Time index, remove data from structure: 0.0018602598352941177
Time for querying: 0.0
Time for new slide: 0.08618072940588235
Time for expired slide: 0.007233010929411764
------------------------------------
Number clusters = 0.0
Max Number points in event queue = 0.0
Avg number points in clusters= 0.0
Avg Rmc size = 0.0
Avg Length exps= 0.0
#window: 171
Total #outliers: 503
Average Time: 93.38592325730995 ms
Peak memory: 1096.0855407714844 MB
Time index, remove data from structure: 0.0018584454912280702
Time for querying: 0.0
Time for new slide: 0.08615823774853802
Time for expired slide: 0.007224368175438596
------------------------------------
Number clusters = 0.0
Max Number points in event queue = 0.0
Avg number points in clusters= 0.0
Avg Rmc size = 0.0
Avg Length exps= 0.0
#window: 172
Total #outliers: 505
Average Time: 93.33563272093026 ms
Peak memory: 1096.0855407714844 MB
Time index, remove data from structure: 0.0018563690872093024
Time for querying: 0.0
Time for new slide: 0.08611626099418604
Time for expired slide: 0.007216055761627907
------------------------------------
Number clusters = 0.0
Max Number points in event queue = 0.0
Avg number points in clusters= 0.0
Avg Rmc size = 0.0
Avg Length exps= 0.0
#window: 173
Total #outliers: 525
Average Time: 93.32502915606939 ms
Peak memory: 1096.0855407714844 MB
Time index, remove data from structure: 0.0018550872427745666
Time for querying: 0.0
Time for new slide: 0.08610247943930636
Time for expired slide: 0.007219234809248555
------------------------------------
Number clusters = 0.0
Max Number points in event queue = 0.0
Avg number points in clusters= 0.0
Avg Rmc size = 0.0
Avg Length exps= 0.0
#window: 174
Total #outliers: 556
Average Time: 93.34425316666669 ms
Peak memory: 1096.0855407714844 MB
Time index, remove data from structure: 0.0018540130517241378
Time for querying: 0.0
Time for new slide: 0.08611127974137932
Time for expired slide: 0.007229662264367815
------------------------------------
Number clusters = 0.0
Max Number points in event queue = 0.0
Avg number points in clusters= 0.0
Avg Rmc size = 0.0
Avg Length exps= 0.0
#window: 175
Total #outliers: 603
Average Time: 93.33478163428575 ms
Peak memory: 1096.0855407714844 MB
Time index, remove data from structure: 0.0018530666
Time for querying: 0.0
Time for new slide: 0.08606815956000001
Time for expired slide: 0.007263311685714286
------------------------------------
Number clusters = 0.0
Max Number points in event queue = 0.0
Avg number points in clusters= 0.0
Avg Rmc size = 0.0
Avg Length exps= 0.0
#window: 176
Total #outliers: 648
Average Time: 93.30109511363639 ms
Peak memory: 1096.0855407714844 MB
Time index, remove data from structure: 0.0018517395738636365
Time for querying: 0.0
Time for new slide: 0.08603988335227274
Time for expired slide: 0.0072579019602272725
------------------------------------
Number clusters = 0.0
Max Number points in event queue = 0.0
Avg number points in clusters= 0.0
Avg Rmc size = 0.0
Avg Length exps= 0.0
#window: 177
Total #outliers: 676
Average Time: 93.27936900564974 ms
Peak memory: 1096.0855407714844 MB
Time index, remove data from structure: 0.001850358548022599
Time for querying: 0.0
Time for new slide: 0.08601208098305084
Time for expired slide: 0.007263979502824858
------------------------------------
Number clusters = 0.0
Max Number points in event queue = 0.0
Avg number points in clusters= 0.0
Avg Rmc size = 0.0
Avg Length exps= 0.0
#window: 178
Total #outliers: 681
Average Time: 93.28085293820227 ms
Peak memory: 1096.0855407714844 MB
Time index, remove data from structure: 0.001848657724719101
Time for querying: 0.0
Time for new slide: 0.08601778076404494
Time for expired slide: 0.007259762589887641
------------------------------------
Number clusters = 0.0
Max Number points in event queue = 0.0
Avg number points in clusters= 0.0
Avg Rmc size = 0.0
Avg Length exps= 0.0
#window: 179
Total #outliers: 661
Average Time: 93.27857975977658 ms
Peak memory: 1096.0855407714844 MB
Time index, remove data from structure: 0.001847340653631285
Time for querying: 0.0
Time for new slide: 0.08600982541899442
Time for expired slide: 0.007265446251396648
------------------------------------
Number clusters = 0.0
Max Number points in event queue = 0.0
Avg number points in clusters= 0.0
Avg Rmc size = 0.0
Avg Length exps= 0.0
#window: 180
Total #outliers: 690
Average Time: 93.2783944166667 ms
Peak memory: 1096.0855407714844 MB
Time index, remove data from structure: 0.0018466252
Time for querying: 0.0
Time for new slide: 0.08599967664444444
Time for expired slide: 0.007275412544444445
------------------------------------
Number clusters = 0.0
Max Number points in event queue = 0.0
Avg number points in clusters= 0.0
Avg Rmc size = 0.0
Avg Length exps= 0.0
#window: 181
Total #outliers: 785
Average Time: 93.2714797127072 ms
Peak memory: 1096.0855407714844 MB
Time index, remove data from structure: 0.0018469070331491714
Time for querying: 0.0
Time for new slide: 0.08598781108839779
Time for expired slide: 0.007280364397790055
------------------------------------
Number clusters = 0.0
Max Number points in event queue = 0.0
Avg number points in clusters= 0.0
Avg Rmc size = 0.0
Avg Length exps= 0.0
#window: 182
Total #outliers: 819
Average Time: 93.28128574725278 ms
Peak memory: 1096.0855407714844 MB
Time index, remove data from structure: 0.0018461432142857143
Time for querying: 0.0
Time for new slide: 0.0859775176978022
Time for expired slide: 0.007300461054945055
------------------------------------
Number clusters = 0.0
Max Number points in event queue = 0.0
Avg number points in clusters= 0.0
Avg Rmc size = 0.0
Avg Length exps= 0.0
#window: 183
Total #outliers: 860
Average Time: 93.04419341530058 ms
Peak memory: 1096.0855407714844 MB
Time index, remove data from structure: 0.0018442740546448088
Time for querying: 0.0
Time for new slide: 0.08574198608743169
Time for expired slide: 0.007298900010928961
------------------------------------
Number clusters = 0.0
Max Number points in event queue = 0.0
Avg number points in clusters= 0.0
Avg Rmc size = 0.0
Avg Length exps= 0.0
#window: 184
Total #outliers: 871
Average Time: 92.83023797282613 ms
Peak memory: 1096.0855407714844 MB
Time index, remove data from structure: 0.0018431838478260869
Time for querying: 0.0
Time for new slide: 0.0854977709673913
Time for expired slide: 0.007329163521739131
------------------------------------
Number clusters = 0.0
Max Number points in event queue = 0.0
Avg number points in clusters= 0.0
Avg Rmc size = 0.0
Avg Length exps= 0.0
#window: 185
Total #outliers: 877
Average Time: 92.65353032432435 ms
Peak memory: 1096.0855407714844 MB
Time index, remove data from structure: 0.0018413903405405407
Time for querying: 0.0
Time for new slide: 0.08532191392972972
Time for expired slide: 0.007328314918918919
------------------------------------
Number clusters = 0.0
Max Number points in event queue = 0.0
Avg number points in clusters= 0.0
Avg Rmc size = 0.0
Avg Length exps= 0.0
#window: 186
Total #outliers: 881
Average Time: 92.5251112634409 ms
Peak memory: 1096.0855407714844 MB
Time index, remove data from structure: 0.0018405884032258063
Time for querying: 0.0
Time for new slide: 0.08514749072580645
Time for expired slide: 0.00737432226344086
------------------------------------
Number clusters = 0.0
Max Number points in event queue = 0.0
Avg number points in clusters= 0.0
Avg Rmc size = 0.0
Avg Length exps= 0.0
#window: 187
Total #outliers: 867
Average Time: 92.40305745989308 ms
Peak memory: 1096.0855407714844 MB
Time index, remove data from structure: 0.0018395333262032087
Time for querying: 0.0
Time for new slide: 0.08499937578609626
Time for expired slide: 0.007400386518716578
------------------------------------
Number clusters = 0.0
Max Number points in event queue = 0.0
Avg number points in clusters= 0.0
Avg Rmc size = 0.0
Avg Length exps= 0.0
#window: 188
Total #outliers: 859
Average Time: 92.27248538297876 ms
Peak memory: 1096.0855407714844 MB
Time index, remove data from structure: 0.0018375662180851065
Time for querying: 0.0
Time for new slide: 0.08486917064893616
Time for expired slide: 0.007400020904255319
------------------------------------
Number clusters = 0.0
Max Number points in event queue = 0.0
Avg number points in clusters= 0.0
Avg Rmc size = 0.0
Avg Length exps= 0.0
#window: 189
Total #outliers: 843
Average Time: 92.10226828042333 ms
Peak memory: 1096.0855407714844 MB
Time index, remove data from structure: 0.0018351738148148146
Time for querying: 0.0
Time for new slide: 0.0846999982116402
Time for expired slide: 0.007398976513227513
------------------------------------
Number clusters = 0.0
Max Number points in event queue = 0.0
Avg number points in clusters= 0.0
Avg Rmc size = 0.0
Avg Length exps= 0.0
#window: 190
Total #outliers: 808
Average Time: 91.94585226315795 ms
Peak memory: 1096.0855407714844 MB
Time index, remove data from structure: 0.0018329803263157894
Time for querying: 0.0
Time for new slide: 0.08453770296315789
Time for expired slide: 0.007404858952631578
------------------------------------
Number clusters = 0.0
Max Number points in event queue = 0.0
Avg number points in clusters= 0.0
Avg Rmc size = 0.0
Avg Length exps= 0.0
Peak memory: 1096.0855407714844 MB
Average CPU time: 91.94585226315795 ms
