#window: 1
Total #outliers: 330
Average Time: 0.0 ms
Peak memory: 300.2461395263672 MB
Time index, remove data from structure: 0.0
Time for querying: 0.0
Time for new slide: 0.0
Time for expired slide: 0.0
------------------------------------
Number clusters = 0.0
Max Number points in event queue = 0.0
Avg number points in clusters= 0.0
Avg Rmc size = 0.0
Avg Length exps= 0.0
#window: 2
Total #outliers: 343
Average Time: 50.46358 ms
Peak memory: 300.2461395263672 MB
Time index, remove data from structure: 0.0017240025
Time for querying: 0.0
Time for new slide: 0.045822319
Time for expired slide: 0.004639425
------------------------------------
Number clusters = 0.0
Max Number points in event queue = 0.0
Avg number points in clusters= 0.0
Avg Rmc size = 0.0
Avg Length exps= 0.0
#window: 3
Total #outliers: 363
Average Time: 65.65272800000001 ms
Peak memory: 315.5776901245117 MB
Time index, remove data from structure: 0.0018573469999999999
Time for querying: 0.0
Time for new slide: 0.060437094
Time for expired slide: 0.005213486333333333
------------------------------------
Number clusters = 0.0
Max Number points in event queue = 0.0
Avg number points in clusters= 0.0
Avg Rmc size = 0.0
Avg Length exps= 0.0
#window: 4
Total #outliers: 355
Average Time: 70.86512 ms
Peak memory: 315.5776901245117 MB
Time index, remove data from structure: 0.00198342225
Time for querying: 0.0
Time for new slide: 0.065364256
Time for expired slide: 0.0054984505
------------------------------------
Number clusters = 0.0
Max Number points in event queue = 0.0
Avg number points in clusters= 0.0
Avg Rmc size = 0.0
Avg Length exps= 0.0
#window: 5
Total #outliers: 325
Average Time: 72.3426808 ms
Peak memory: 315.5776901245117 MB
Time index, remove data from structure: 0.0021350488
Time for querying: 0.0
Time for new slide: 0.0649983288
Time for expired slide: 0.0073418296
------------------------------------
Number clusters = 0.0
Max Number points in event queue = 0.0
Avg number points in clusters= 0.0
Avg Rmc size = 0.0
Avg Length exps= 0.0
#window: 6
Total #outliers: 374
Average Time: 73.22901966666667 ms
Peak memory: 315.5776901245117 MB
Time index, remove data from structure: 0.002199266666666667
Time for querying: 0.0
Time for new slide: 0.06484776766666667
Time for expired slide: 0.008378601666666667
------------------------------------
Number clusters = 0.0
Max Number points in event queue = 0.0
Avg number points in clusters= 0.0
Avg Rmc size = 0.0
Avg Length exps= 0.0
#window: 7
Total #outliers: 370
Average Time: 74.49516457142857 ms
Peak memory: 315.5776901245117 MB
Time index, remove data from structure: 0.0022775761428571427
Time for querying: 0.0
Time for new slide: 0.06610057485714285
Time for expired slide: 0.008391833999999999
------------------------------------
Number clusters = 0.0
Max Number points in event queue = 0.0
Avg number points in clusters= 0.0
Avg Rmc size = 0.0
Avg Length exps= 0.0
#window: 8
Total #outliers: 349
Average Time: 74.57774675 ms
Peak memory: 315.5776901245117 MB
Time index, remove data from structure: 0.002328395875
Time for querying: 0.0
Time for new slide: 0.066367472375
Time for expired slide: 0.008207493625
------------------------------------
Number clusters = 0.0
Max Number points in event queue = 0.0
Avg number points in clusters= 0.0
Avg Rmc size = 0.0
Avg Length exps= 0.0
#window: 9
Total #outliers: 337
Average Time: 74.56310311111112 ms
Peak memory: 315.5776901245117 MB
Time index, remove data from structure: 0.0023766641111111113
Time for querying: 0.0
Time for new slide: 0.06652292177777779
Time for expired slide: 0.008037314333333333
------------------------------------
Number clusters = 0.0
Max Number points in event queue = 0.0
Avg number points in clusters= 0.0
Avg Rmc size = 0.0
Avg Length exps= 0.0
#window: 10
Total #outliers: 351
Average Time: 75.4078047 ms
Peak memory: 315.5776901245117 MB
Time index, remove data from structure: 0.0023967569
Time for querying: 0.0
Time for new slide: 0.0675292586
Time for expired slide: 0.0078755899
------------------------------------
Number clusters = 0.0
Max Number points in event queue = 0.0
Avg number points in clusters= 0.0
Avg Rmc size = 0.0
Avg Length exps= 0.0
#window: 11
Total #outliers: 343
Average Time: 77.09327927272727 ms
Peak memory: 315.5776901245117 MB
Time index, remove data from structure: 0.0023953150000000003
Time for querying: 0.0
Time for new slide: 0.06916997800000001
Time for expired slide: 0.007920340727272728
------------------------------------
Number clusters = 0.0
Max Number points in event queue = 0.0
Avg number points in clusters= 0.0
Avg Rmc size = 0.0
Avg Length exps= 0.0
#window: 12
Total #outliers: 365
Average Time: 78.65406533333334 ms
Peak memory: 315.5776901245117 MB
Time index, remove data from structure: 0.00238601525
Time for querying: 0.0
Time for new slide: 0.07069914149999999
Time for expired slide: 0.007951937666666667
------------------------------------
Number clusters = 0.0
Max Number points in event queue = 0.0
Avg number points in clusters= 0.0
Avg Rmc size = 0.0
Avg Length exps= 0.0
#window: 13
Total #outliers: 378
Average Time: 80.502294 ms
Peak memory: 315.5776901245117 MB
Time index, remove data from structure: 0.002396832538461538
Time for querying: 0.0
Time for new slide: 0.07264846646153846
Time for expired slide: 0.007850809
------------------------------------
Number clusters = 0.0
Max Number points in event queue = 0.0
Avg number points in clusters= 0.0
Avg Rmc size = 0.0
Avg Length exps= 0.0
#window: 14
Total #outliers: 419
Average Time: 82.80654000000001 ms
Peak memory: 315.5776901245117 MB
Time index, remove data from structure: 0.002411972428571429
Time for querying: 0.0
Time for new slide: 0.07501569364285714
Time for expired slide: 0.007787817642857143
------------------------------------
Number clusters = 0.0
Max Number points in event queue = 0.0
Avg number points in clusters= 0.0
Avg Rmc size = 0.0
Avg Length exps= 0.0
#window: 15
Total #outliers: 407
Average Time: 85.02293706666669 ms
Peak memory: 315.5776901245117 MB
Time index, remove data from structure: 0.0024308337999999997
Time for querying: 0.0
Time for new slide: 0.07729271273333334
Time for expired slide: 0.0077265274000000005
------------------------------------
Number clusters = 0.0
Max Number points in event queue = 0.0
Avg number points in clusters= 0.0
Avg Rmc size = 0.0
Avg Length exps= 0.0
#window: 16
Total #outliers: 416
Average Time: 87.55206250000002 ms
Peak memory: 315.5776901245117 MB
Time index, remove data from structure: 0.0024552958125
Time for querying: 0.0
Time for new slide: 0.079887329
Time for expired slide: 0.0076610285625
------------------------------------
Number clusters = 0.0
Max Number points in event queue = 0.0
Avg number points in clusters= 0.0
Avg Rmc size = 0.0
Avg Length exps= 0.0
#window: 17
Total #outliers: 407
Average Time: 90.11224129411765 ms
Peak memory: 315.5776901245117 MB
Time index, remove data from structure: 0.0024633922352941175
Time for querying: 0.0
Time for new slide: 0.08252067152941177
Time for expired slide: 0.007587850470588235
------------------------------------
Number clusters = 0.0
Max Number points in event queue = 0.0
Avg number points in clusters= 0.0
Avg Rmc size = 0.0
Avg Length exps= 0.0
#window: 18
Total #outliers: 349
Average Time: 92.18275066666668 ms
Peak memory: 315.5776901245117 MB
Time index, remove data from structure: 0.002460146166666667
Time for querying: 0.0
Time for new slide: 0.08467884811111111
Time for expired slide: 0.007500190222222223
------------------------------------
Number clusters = 0.0
Max Number points in event queue = 0.0
Avg number points in clusters= 0.0
Avg Rmc size = 0.0
Avg Length exps= 0.0
#window: 19
Total #outliers: 310
Average Time: 94.81207342105265 ms
Peak memory: 326.8419952392578 MB
Time index, remove data from structure: 0.002475311
Time for querying: 0.0
Time for new slide: 0.08728293763157895
Time for expired slide: 0.007525458842105264
------------------------------------
Number clusters = 0.0
Max Number points in event queue = 0.0
Avg number points in clusters= 0.0
Avg Rmc size = 0.0
Avg Length exps= 0.0
#window: 20
Total #outliers: 304
Average Time: 97.02545790000002 ms
Peak memory: 336.55311584472656 MB
Time index, remove data from structure: 0.00248074075
Time for querying: 0.0
Time for new slide: 0.08956424275
Time for expired slide: 0.0074575375
------------------------------------
Number clusters = 0.0
Max Number points in event queue = 0.0
Avg number points in clusters= 0.0
Avg Rmc size = 0.0
Avg Length exps= 0.0
#window: 21
Total #outliers: 273
Average Time: 99.79062190476192 ms
Peak memory: 355.99119567871094 MB
Time index, remove data from structure: 0.002481882333333333
Time for querying: 0.0
Time for new slide: 0.09231351538095238
Time for expired slide: 0.007473362190476191
------------------------------------
Number clusters = 0.0
Max Number points in event queue = 0.0
Avg number points in clusters= 0.0
Avg Rmc size = 0.0
Avg Length exps= 0.0
#window: 22
Total #outliers: 301
Average Time: 102.25799072727273 ms
Peak memory: 365.7023010253906 MB
Time index, remove data from structure: 0.0024975755
Time for querying: 0.0
Time for new slide: 0.09474920145454546
Time for expired slide: 0.0075050269545454545
------------------------------------
Number clusters = 0.0
Max Number points in event queue = 0.0
Avg number points in clusters= 0.0
Avg Rmc size = 0.0
Avg Length exps= 0.0
#window: 23
Total #outliers: 306
Average Time: 105.10168091304348 ms
Peak memory: 385.12449645996094 MB
Time index, remove data from structure: 0.0025162865652173915
Time for querying: 0.0
Time for new slide: 0.09757496013043479
Time for expired slide: 0.007522989000000001
------------------------------------
Number clusters = 0.0
Max Number points in event queue = 0.0
Avg number points in clusters= 0.0
Avg Rmc size = 0.0
Avg Length exps= 0.0
#window: 24
Total #outliers: 352
Average Time: 107.54495479166665 ms
Peak memory: 404.54669189453125 MB
Time index, remove data from structure: 0.002536906791666667
Time for querying: 0.0
Time for new slide: 0.099916465375
Time for expired slide: 0.0076244997499999995
------------------------------------
Number clusters = 0.0
Max Number points in event queue = 0.0
Avg number points in clusters= 0.0
Avg Rmc size = 0.0
Avg Length exps= 0.0
#window: 25
Total #outliers: 301
Average Time: 108.76112612 ms
Peak memory: 414.2577896118164 MB
Time index, remove data from structure: 0.00255748008
Time for querying: 0.0
Time for new slide: 0.10113457031999999
Time for expired slide: 0.00762262032
------------------------------------
Number clusters = 0.0
Max Number points in event queue = 0.0
Avg number points in clusters= 0.0
Avg Rmc size = 0.0
Avg Length exps= 0.0
#window: 26
Total #outliers: 328
Average Time: 110.6389603076923 ms
Peak memory: 433.6905746459961 MB
Time index, remove data from structure: 0.002565773961538461
Time for querying: 0.0
Time for new slide: 0.10286589165384616
Time for expired slide: 0.007769152076923077
------------------------------------
Number clusters = 0.0
Max Number points in event queue = 0.0
Avg number points in clusters= 0.0
Avg Rmc size = 0.0
Avg Length exps= 0.0
#window: 27
Total #outliers: 374
Average Time: 112.04079766666666 ms
Peak memory: 443.40167236328125 MB
Time index, remove data from structure: 0.0025728460370370372
Time for querying: 0.0
Time for new slide: 0.10431922696296297
Time for expired slide: 0.007717694592592593
------------------------------------
Number clusters = 0.0
Max Number points in event queue = 0.0
Avg number points in clusters= 0.0
Avg Rmc size = 0.0
Avg Length exps= 0.0
#window: 28
Total #outliers: 332
Average Time: 113.85293067857141 ms
Peak memory: 462.82386779785156 MB
Time index, remove data from structure: 0.0025929148214285714
Time for querying: 0.0
Time for new slide: 0.10592797203571427
Time for expired slide: 0.007921110535714286
------------------------------------
Number clusters = 0.0
Max Number points in event queue = 0.0
Avg number points in clusters= 0.0
Avg Rmc size = 0.0
Avg Length exps= 0.0
#window: 29
Total #outliers: 347
Average Time: 115.53266968965515 ms
Peak memory: 462.82386779785156 MB
Time index, remove data from structure: 0.0026077570344827583
Time for querying: 0.0
Time for new slide: 0.10760464472413793
Time for expired slide: 0.007924185965517241
------------------------------------
Number clusters = 0.0
Max Number points in event queue = 0.0
Avg number points in clusters= 0.0
Avg Rmc size = 0.0
Avg Length exps= 0.0
#window: 30
Total #outliers: 389
Average Time: 116.96102693333334 ms
Peak memory: 482.24607849121094 MB
Time index, remove data from structure: 0.0026228040666666664
Time for querying: 0.0
Time for new slide: 0.108976341
Time for expired slide: 0.007980856133333334
------------------------------------
Number clusters = 0.0
Max Number points in event queue = 0.0
Avg number points in clusters= 0.0
Avg Rmc size = 0.0
Avg Length exps= 0.0
#window: 31
Total #outliers: 421
Average Time: 118.33682396774194 ms
Peak memory: 491.9571990966797 MB
Time index, remove data from structure: 0.0026344
Time for querying: 0.0
Time for new slide: 0.11028390251612903
Time for expired slide: 0.008049110806451612
------------------------------------
Number clusters = 0.0
Max Number points in event queue = 0.0
Avg number points in clusters= 0.0
Avg Rmc size = 0.0
Avg Length exps= 0.0
#window: 32
Total #outliers: 387
Average Time: 119.942754625 ms
Peak memory: 511.37939453125 MB
Time index, remove data from structure: 0.00264646896875
Time for querying: 0.0
Time for new slide: 0.1118647501875
Time for expired slide: 0.00807422571875
------------------------------------
Number clusters = 0.0
Max Number points in event queue = 0.0
Avg number points in clusters= 0.0
Avg Rmc size = 0.0
Avg Length exps= 0.0
#window: 33
Total #outliers: 421
Average Time: 121.15415054545456 ms
Peak memory: 530.8015899658203 MB
Time index, remove data from structure: 0.002656114515151515
Time for querying: 0.0
Time for new slide: 0.11309217487878788
Time for expired slide: 0.008058214212121212
------------------------------------
Number clusters = 0.0
Max Number points in event queue = 0.0
Avg number points in clusters= 0.0
Avg Rmc size = 0.0
Avg Length exps= 0.0
#window: 34
Total #outliers: 446
Average Time: 122.23522314705885 ms
Peak memory: 540.5126876831055 MB
Time index, remove data from structure: 0.0026587141176470587
Time for querying: 0.0
Time for new slide: 0.114203976
Time for expired slide: 0.008027492882352941
------------------------------------
Number clusters = 0.0
Max Number points in event queue = 0.0
Avg number points in clusters= 0.0
Avg Rmc size = 0.0
Avg Length exps= 0.0
#window: 35
Total #outliers: 457
Average Time: 123.82031180000003 ms
Peak memory: 550.2237854003906 MB
Time index, remove data from structure: 0.002660367942857143
Time for querying: 0.0
Time for new slide: 0.11580660345714285
Time for expired slide: 0.008009966685714286
------------------------------------
Number clusters = 0.0
Max Number points in event queue = 0.0
Avg number points in clusters= 0.0
Avg Rmc size = 0.0
Avg Length exps= 0.0
#window: 36
Total #outliers: 424
Average Time: 125.06915361111115 ms
Peak memory: 569.6459884643555 MB
Time index, remove data from structure: 0.0026605549722222223
Time for querying: 0.0
Time for new slide: 0.11707712166666667
Time for expired slide: 0.007988296222222222
------------------------------------
Number clusters = 0.0
Max Number points in event queue = 0.0
Avg number points in clusters= 0.0
Avg Rmc size = 0.0
Avg Length exps= 0.0
#window: 37
Total #outliers: 352
Average Time: 125.98462983783784 ms
Peak memory: 579.3570861816406 MB
Time index, remove data from structure: 0.002659291945945946
Time for querying: 0.0
Time for new slide: 0.11798632235135136
Time for expired slide: 0.007994582405405406
------------------------------------
Number clusters = 0.0
Max Number points in event queue = 0.0
Avg number points in clusters= 0.0
Avg Rmc size = 0.0
Avg Length exps= 0.0
#window: 38
Total #outliers: 351
Average Time: 125.02587860526317 ms
Peak memory: 586.0644226074219 MB
Time index, remove data from structure: 0.0026617896315789475
Time for querying: 0.0
Time for new slide: 0.11706101018421051
Time for expired slide: 0.007961157078947368
------------------------------------
Number clusters = 0.0
Max Number points in event queue = 0.0
Avg number points in clusters= 0.0
Avg Rmc size = 0.0
Avg Length exps= 0.0
#window: 39
Total #outliers: 314
Average Time: 123.77501564102566 ms
Peak memory: 586.0644226074219 MB
Time index, remove data from structure: 0.0026601532307692307
Time for querying: 0.0
Time for new slide: 0.11586570079487178
Time for expired slide: 0.00790560735897436
------------------------------------
Number clusters = 0.0
Max Number points in event queue = 0.0
Avg number points in clusters= 0.0
Avg Rmc size = 0.0
Avg Length exps= 0.0
#window: 40
Total #outliers: 425
Average Time: 122.48965785000003 ms
Peak memory: 586.0644226074219 MB
Time index, remove data from structure: 0.002663923425
Time for querying: 0.0
Time for new slide: 0.114628143675
Time for expired slide: 0.007857814975
------------------------------------
Number clusters = 0.0
Max Number points in event queue = 0.0
Avg number points in clusters= 0.0
Avg Rmc size = 0.0
Avg Length exps= 0.0
#window: 41
Total #outliers: 488
Average Time: 121.85319717073173 ms
Peak memory: 586.0644226074219 MB
Time index, remove data from structure: 0.0026658389756097564
Time for querying: 0.0
Time for new slide: 0.11399947734146341
Time for expired slide: 0.007850041219512195
------------------------------------
Number clusters = 0.0
Max Number points in event queue = 0.0
Avg number points in clusters= 0.0
Avg Rmc size = 0.0
Avg Length exps= 0.0
#window: 42
Total #outliers: 490
Average Time: 121.00935402380955 ms
Peak memory: 586.0644226074219 MB
Time index, remove data from structure: 0.0026670353095238097
Time for querying: 0.0
Time for new slide: 0.11315525226190476
Time for expired slide: 0.007850446095238096
------------------------------------
Number clusters = 0.0
Max Number points in event queue = 0.0
Avg number points in clusters= 0.0
Avg Rmc size = 0.0
Avg Length exps= 0.0
#window: 43
Total #outliers: 524
Average Time: 119.91445302325586 ms
Peak memory: 586.0644226074219 MB
Time index, remove data from structure: 0.0026659717674418605
Time for querying: 0.0
Time for new slide: 0.11204478686046511
Time for expired slide: 0.007866029465116279
------------------------------------
Number clusters = 0.0
Max Number points in event queue = 0.0
Avg number points in clusters= 0.0
Avg Rmc size = 0.0
Avg Length exps= 0.0
#window: 44
Total #outliers: 517
Average Time: 118.74016013636367 ms
Peak memory: 586.0644226074219 MB
Time index, remove data from structure: 0.0026652147727272727
Time for querying: 0.0
Time for new slide: 0.1108877800909091
Time for expired slide: 0.007848748272727272
------------------------------------
Number clusters = 0.0
Max Number points in event queue = 0.0
Avg number points in clusters= 0.0
Avg Rmc size = 0.0
Avg Length exps= 0.0
#window: 45
Total #outliers: 527
Average Time: 117.78914651111114 ms
Peak memory: 586.0644226074219 MB
Time index, remove data from structure: 0.0026634183555555553
Time for querying: 0.0
Time for new slide: 0.10993252382222221
Time for expired slide: 0.007853004822222221
------------------------------------
Number clusters = 0.0
Max Number points in event queue = 0.0
Avg number points in clusters= 0.0
Avg Rmc size = 0.0
Avg Length exps= 0.0
#window: 46
Total #outliers: 532
Average Time: 117.20048710869568 ms
Peak memory: 586.0644226074219 MB
Time index, remove data from structure: 0.002666701847826087
Time for querying: 0.0
Time for new slide: 0.10935249660869564
Time for expired slide: 0.007844369108695652
------------------------------------
Number clusters = 0.0
Max Number points in event queue = 0.0
Avg number points in clusters= 0.0
Avg Rmc size = 0.0
Avg Length exps= 0.0
#window: 47
Total #outliers: 522
Average Time: 116.46412080851069 ms
Peak memory: 586.0644226074219 MB
Time index, remove data from structure: 0.002669177234042553
Time for querying: 0.0
Time for new slide: 0.10862861089361703
Time for expired slide: 0.00783188114893617
------------------------------------
Number clusters = 0.0
Max Number points in event queue = 0.0
Avg number points in clusters= 0.0
Avg Rmc size = 0.0
Avg Length exps= 0.0
#window: 48
Total #outliers: 503
Average Time: 115.95058154166671 ms
Peak memory: 586.0644226074219 MB
Time index, remove data from structure: 0.0026665617916666663
Time for querying: 0.0
Time for new slide: 0.10812982118749999
Time for expired slide: 0.007817148770833332
------------------------------------
Number clusters = 0.0
Max Number points in event queue = 0.0
Avg number points in clusters= 0.0
Avg Rmc size = 0.0
Avg Length exps= 0.0
#window: 49
Total #outliers: 461
Average Time: 115.56933773469392 ms
Peak memory: 586.0644226074219 MB
Time index, remove data from structure: 0.002661825224489796
Time for querying: 0.0
Time for new slide: 0.10776386010204082
Time for expired slide: 0.007801883408163265
------------------------------------
Number clusters = 0.0
Max Number points in event queue = 0.0
Avg number points in clusters= 0.0
Avg Rmc size = 0.0
Avg Length exps= 0.0
#window: 50
Total #outliers: 319
Average Time: 115.32296812000004 ms
Peak memory: 586.0644226074219 MB
Time index, remove data from structure: 0.00265856172
Time for querying: 0.0
Time for new slide: 0.10753185904000001
Time for expired slide: 0.00778753048
------------------------------------
Number clusters = 0.0
Max Number points in event queue = 0.0
Avg number points in clusters= 0.0
Avg Rmc size = 0.0
Avg Length exps= 0.0
#window: 51
Total #outliers: 305
Average Time: 114.94160137254906 ms
Peak memory: 586.0644226074219 MB
Time index, remove data from structure: 0.0026550193921568628
Time for querying: 0.0
Time for new slide: 0.10717259215686274
Time for expired slide: 0.007765439784313726
------------------------------------
Number clusters = 0.0
Max Number points in event queue = 0.0
Avg number points in clusters= 0.0
Avg Rmc size = 0.0
Avg Length exps= 0.0
#window: 52
Total #outliers: 308
Average Time: 114.44225950000003 ms
Peak memory: 586.0644226074219 MB
Time index, remove data from structure: 0.002649951769230769
Time for querying: 0.0
Time for new slide: 0.10670207351923076
Time for expired slide: 0.007736627461538461
------------------------------------
Number clusters = 0.0
Max Number points in event queue = 0.0
Avg number points in clusters= 0.0
Avg Rmc size = 0.0
Avg Length exps= 0.0
#window: 53
Total #outliers: 312
Average Time: 113.95691226415097 ms
Peak memory: 586.0644226074219 MB
Time index, remove data from structure: 0.002647881943396226
Time for querying: 0.0
Time for new slide: 0.10623808147169811
Time for expired slide: 0.007715278528301887
------------------------------------
Number clusters = 0.0
Max Number points in event queue = 0.0
Avg number points in clusters= 0.0
Avg Rmc size = 0.0
Avg Length exps= 0.0
#window: 54
Total #outliers: 311
Average Time: 113.5543273518519 ms
Peak memory: 586.0644226074219 MB
Time index, remove data from structure: 0.0026411655370370372
Time for querying: 0.0
Time for new slide: 0.1058608545925926
Time for expired slide: 0.0076899326851851855
------------------------------------
Number clusters = 0.0
Max Number points in event queue = 0.0
Avg number points in clusters= 0.0
Avg Rmc size = 0.0
Avg Length exps= 0.0
#window: 55
Total #outliers: 313
Average Time: 113.20609561818185 ms
Peak memory: 586.0644226074219 MB
Time index, remove data from structure: 0.0026302477636363634
Time for querying: 0.0
Time for new slide: 0.10554240527272728
Time for expired slide: 0.007660158018181818
------------------------------------
Number clusters = 0.0
Max Number points in event queue = 0.0
Avg number points in clusters= 0.0
Avg Rmc size = 0.0
Avg Length exps= 0.0
#window: 56
Total #outliers: 313
Average Time: 112.91514800000003 ms
Peak memory: 586.0644226074219 MB
Time index, remove data from structure: 0.0026201485
Time for querying: 0.0
Time for new slide: 0.10527951701785714
Time for expired slide: 0.007632107821428571
------------------------------------
Number clusters = 0.0
Max Number points in event queue = 0.0
Avg number points in clusters= 0.0
Avg Rmc size = 0.0
Avg Length exps= 0.0
#window: 57
Total #outliers: 313
Average Time: 112.77607614035091 ms
Peak memory: 586.0644226074219 MB
Time index, remove data from structure: 0.0026098974912280703
Time for querying: 0.0
Time for new slide: 0.10516661394736843
Time for expired slide: 0.007605952245614034
------------------------------------
Number clusters = 0.0
Max Number points in event queue = 0.0
Avg number points in clusters= 0.0
Avg Rmc size = 0.0
Avg Length exps= 0.0
#window: 58
Total #outliers: 314
Average Time: 112.8504566206897 ms
Peak memory: 586.0644226074219 MB
Time index, remove data from structure: 0.0026005155517241376
Time for querying: 0.0
Time for new slide: 0.10522958831034482
Time for expired slide: 0.007617361120689655
------------------------------------
Number clusters = 0.0
Max Number points in event queue = 0.0
Avg number points in clusters= 0.0
Avg Rmc size = 0.0
Avg Length exps= 0.0
#window: 59
Total #outliers: 316
Average Time: 112.86214061016952 ms
Peak memory: 595.9783935546875 MB
Time index, remove data from structure: 0.002592465559322034
Time for querying: 0.0
Time for new slide: 0.10524837199999999
Time for expired slide: 0.007610270491525424
------------------------------------
Number clusters = 0.0
Max Number points in event queue = 0.0
Avg number points in clusters= 0.0
Avg Rmc size = 0.0
Avg Length exps= 0.0
#window: 60
Total #outliers: 327
Average Time: 111.92593258333336 ms
Peak memory: 595.9783935546875 MB
Time index, remove data from structure: 0.0025814294833333335
Time for querying: 0.0
Time for new slide: 0.10433931535
Time for expired slide: 0.007583133183333333
------------------------------------
Number clusters = 0.0
Max Number points in event queue = 0.0
Avg number points in clusters= 0.0
Avg Rmc size = 0.0
Avg Length exps= 0.0
#window: 61
Total #outliers: 327
Average Time: 110.97336077049184 ms
Peak memory: 595.9783935546875 MB
Time index, remove data from structure: 0.0025710351967213117
Time for querying: 0.0
Time for new slide: 0.10341459749180328
Time for expired slide: 0.007555279229508197
------------------------------------
Number clusters = 0.0
Max Number points in event queue = 0.0
Avg number points in clusters= 0.0
Avg Rmc size = 0.0
Avg Length exps= 0.0
#window: 62
Total #outliers: 327
Average Time: 110.1041383387097 ms
Peak memory: 595.9783935546875 MB
Time index, remove data from structure: 0.0025644231451612907
Time for querying: 0.0
Time for new slide: 0.1025677740967742
Time for expired slide: 0.007532888080645161
------------------------------------
Number clusters = 0.0
Max Number points in event queue = 0.0
Avg number points in clusters= 0.0
Avg Rmc size = 0.0
Avg Length exps= 0.0
#window: 63
Total #outliers: 339
Average Time: 109.46228541269844 ms
Peak memory: 595.9783935546875 MB
Time index, remove data from structure: 0.0025606517936507932
Time for querying: 0.0
Time for new slide: 0.10182082147619047
Time for expired slide: 0.007637998587301587
------------------------------------
Number clusters = 0.0
Max Number points in event queue = 0.0
Avg number points in clusters= 0.0
Avg Rmc size = 0.0
Avg Length exps= 0.0
#window: 64
Total #outliers: 447
Average Time: 108.82738082812503 ms
Peak memory: 595.9783935546875 MB
Time index, remove data from structure: 0.00256387490625
Time for querying: 0.0
Time for new slide: 0.101109701515625
Time for expired slide: 0.007714228515625
------------------------------------
Number clusters = 0.0
Max Number points in event queue = 0.0
Avg number points in clusters= 0.0
Avg Rmc size = 0.0
Avg Length exps= 0.0
#window: 65
Total #outliers: 476
Average Time: 108.14653713846158 ms
Peak memory: 595.9783935546875 MB
Time index, remove data from structure: 0.002563400553846154
Time for querying: 0.0
Time for new slide: 0.10039925960000001
Time for expired slide: 0.007743837415384616
------------------------------------
Number clusters = 0.0
Max Number points in event queue = 0.0
Avg number points in clusters= 0.0
Avg Rmc size = 0.0
Avg Length exps= 0.0
#window: 66
Total #outliers: 448
Average Time: 107.53933957575761 ms
Peak memory: 595.9783935546875 MB
Time index, remove data from structure: 0.0025571269848484847
Time for querying: 0.0
Time for new slide: 0.09980447354545455
Time for expired slide: 0.007731432712121212
------------------------------------
Number clusters = 0.0
Max Number points in event queue = 0.0
Avg number points in clusters= 0.0
Avg Rmc size = 0.0
Avg Length exps= 0.0
#window: 67
Total #outliers: 426
Average Time: 107.02693464179107 ms
Peak memory: 595.9783935546875 MB
Time index, remove data from structure: 0.002547575880597015
Time for querying: 0.0
Time for new slide: 0.0993085512238806
Time for expired slide: 0.007714953492537314
------------------------------------
Number clusters = 0.0
Max Number points in event queue = 0.0
Avg number points in clusters= 0.0
Avg Rmc size = 0.0
Avg Length exps= 0.0
#window: 68
Total #outliers: 430
Average Time: 106.51386170588239 ms
Peak memory: 595.9783935546875 MB
Time index, remove data from structure: 0.0025392433235294117
Time for querying: 0.0
Time for new slide: 0.09881267866176471
Time for expired slide: 0.007697756147058824
------------------------------------
Number clusters = 0.0
Max Number points in event queue = 0.0
Avg number points in clusters= 0.0
Avg Rmc size = 0.0
Avg Length exps= 0.0
#window: 69
Total #outliers: 442
Average Time: 106.08873055072466 ms
Peak memory: 595.9783935546875 MB
Time index, remove data from structure: 0.002531552420289855
Time for querying: 0.0
Time for new slide: 0.09840460756521739
Time for expired slide: 0.007680701753623188
------------------------------------
Number clusters = 0.0
Max Number points in event queue = 0.0
Avg number points in clusters= 0.0
Avg Rmc size = 0.0
Avg Length exps= 0.0
#window: 70
Total #outliers: 428
Average Time: 105.72981634285718 ms
Peak memory: 595.9783935546875 MB
Time index, remove data from structure: 0.0025207872285714287
Time for querying: 0.0
Time for new slide: 0.09806467497142857
Time for expired slide: 0.007661720528571428
------------------------------------
Number clusters = 0.0
Max Number points in event queue = 0.0
Avg number points in clusters= 0.0
Avg Rmc size = 0.0
Avg Length exps= 0.0
#window: 71
Total #outliers: 419
Average Time: 105.4164771126761 ms
Peak memory: 595.9783935546875 MB
Time index, remove data from structure: 0.00250526161971831
Time for querying: 0.0
Time for new slide: 0.09777078981690142
Time for expired slide: 0.00764226390140845
------------------------------------
Number clusters = 0.0
Max Number points in event queue = 0.0
Avg number points in clusters= 0.0
Avg Rmc size = 0.0
Avg Length exps= 0.0
#window: 72
Total #outliers: 426
Average Time: 105.11799659722226 ms
Peak memory: 595.9783935546875 MB
Time index, remove data from structure: 0.0024911324444444444
Time for querying: 0.0
Time for new slide: 0.09749343594444444
Time for expired slide: 0.007621139166666667
------------------------------------
Number clusters = 0.0
Max Number points in event queue = 0.0
Avg number points in clusters= 0.0
Avg Rmc size = 0.0
Avg Length exps= 0.0
#window: 73
Total #outliers: 397
Average Time: 104.90323646575347 ms
Peak memory: 595.9783935546875 MB
Time index, remove data from structure: 0.0024776125342465755
Time for querying: 0.0
Time for new slide: 0.09729926015068492
Time for expired slide: 0.007600564287671233
------------------------------------
Number clusters = 0.0
Max Number points in event queue = 0.0
Avg number points in clusters= 0.0
Avg Rmc size = 0.0
Avg Length exps= 0.0
#window: 74
Total #outliers: 376
Average Time: 104.72922310810814 ms
Peak memory: 595.9783935546875 MB
Time index, remove data from structure: 0.0024644326621621622
Time for querying: 0.0
Time for new slide: 0.09714535362162162
Time for expired slide: 0.007580461121621622
------------------------------------
Number clusters = 0.0
Max Number points in event queue = 0.0
Avg number points in clusters= 0.0
Avg Rmc size = 0.0
Avg Length exps= 0.0
#window: 75
Total #outliers: 460
Average Time: 104.6397659866667 ms
Peak memory: 595.9783935546875 MB
Time index, remove data from structure: 0.00245445788
Time for querying: 0.0
Time for new slide: 0.09707630754666667
Time for expired slide: 0.0075600530133333324
------------------------------------
Number clusters = 0.0
Max Number points in event queue = 0.0
Avg number points in clusters= 0.0
Avg Rmc size = 0.0
Avg Length exps= 0.0
#window: 76
Total #outliers: 405
Average Time: 104.62358625000005 ms
Peak memory: 595.9783935546875 MB
Time index, remove data from structure: 0.0024473876710526315
Time for querying: 0.0
Time for new slide: 0.09707565915789473
Time for expired slide: 0.007544517578947369
------------------------------------
Number clusters = 0.0
Max Number points in event queue = 0.0
Avg number points in clusters= 0.0
Avg Rmc size = 0.0
Avg Length exps= 0.0
#window: 77
Total #outliers: 414
Average Time: 104.65689492207797 ms
Peak memory: 595.9783935546875 MB
Time index, remove data from structure: 0.002436907922077922
Time for querying: 0.0
Time for new slide: 0.0971264592987013
Time for expired slide: 0.007527033000000001
------------------------------------
Number clusters = 0.0
Max Number points in event queue = 0.0
Avg number points in clusters= 0.0
Avg Rmc size = 0.0
Avg Length exps= 0.0
#window: 78
Total #outliers: 431
Average Time: 104.75837051282055 ms
Peak memory: 595.9783935546875 MB
Time index, remove data from structure: 0.002426796294871795
Time for querying: 0.0
Time for new slide: 0.09723928780769231
Time for expired slide: 0.0075156793974358975
------------------------------------
Number clusters = 0.0
Max Number points in event queue = 0.0
Avg number points in clusters= 0.0
Avg Rmc size = 0.0
Avg Length exps= 0.0
#window: 79
Total #outliers: 475
Average Time: 104.95748518987345 ms
Peak memory: 609.7744369506836 MB
Time index, remove data from structure: 0.0024165961645569623
Time for querying: 0.0
Time for new slide: 0.09739404892405062
Time for expired slide: 0.0075600305189873415
------------------------------------
Number clusters = 0.0
Max Number points in event queue = 0.0
Avg number points in clusters= 0.0
Avg Rmc size = 0.0
Avg Length exps= 0.0
#window: 80
Total #outliers: 526
Average Time: 105.39972157500003 ms
Peak memory: 629.5565490722656 MB
Time index, remove data from structure: 0.0024157885125
Time for querying: 0.0
Time for new slide: 0.0975906874
Time for expired slide: 0.007805620637500001
------------------------------------
Number clusters = 0.0
Max Number points in event queue = 0.0
Avg number points in clusters= 0.0
Avg Rmc size = 0.0
Avg Length exps= 0.0
#window: 81
Total #outliers: 689
Average Time: 105.37871218518522 ms
Peak memory: 649.3386611938477 MB
Time index, remove data from structure: 0.0024143044320987656
Time for querying: 0.0
Time for new slide: 0.09750701295061728
Time for expired slide: 0.007868283580246915
------------------------------------
Number clusters = 0.0
Max Number points in event queue = 0.0
Avg number points in clusters= 0.0
Avg Rmc size = 0.0
Avg Length exps= 0.0
#window: 82
Total #outliers: 614
Average Time: 105.52067812195126 ms
Peak memory: 688.9028854370117 MB
Time index, remove data from structure: 0.0024101629390243903
Time for querying: 0.0
Time for new slide: 0.09762792254878049
Time for expired slide: 0.007889350414634146
------------------------------------
Number clusters = 0.0
Max Number points in event queue = 0.0
Avg number points in clusters= 0.0
Avg Rmc size = 0.0
Avg Length exps= 0.0
#window: 83
Total #outliers: 527
Average Time: 106.0496603855422 ms
Peak memory: 708.6849975585938 MB
Time index, remove data from structure: 0.0024126531445783136
Time for querying: 0.0
Time for new slide: 0.09804055134939758
Time for expired slide: 0.008005696469879519
------------------------------------
Number clusters = 0.0
Max Number points in event queue = 0.0
Avg number points in clusters= 0.0
Avg Rmc size = 0.0
Avg Length exps= 0.0
#window: 84
Total #outliers: 474
Average Time: 106.6058240476191 ms
Peak memory: 728.4671096801758 MB
Time index, remove data from structure: 0.0024088581785714287
Time for querying: 0.0
Time for new slide: 0.09857819313095237
Time for expired slide: 0.00802421494047619
------------------------------------
Number clusters = 0.0
Max Number points in event queue = 0.0
Avg number points in clusters= 0.0
Avg Rmc size = 0.0
Avg Length exps= 0.0
#window: 85
Total #outliers: 437
Average Time: 107.08897118823533 ms
Peak memory: 748.2492370605469 MB
Time index, remove data from structure: 0.002403449623529412
Time for querying: 0.0
Time for new slide: 0.09905643069411765
Time for expired slide: 0.008029126505882353
------------------------------------
Number clusters = 0.0
Max Number points in event queue = 0.0
Avg number points in clusters= 0.0
Avg Rmc size = 0.0
Avg Length exps= 0.0
#window: 86
Total #outliers: 477
Average Time: 107.73508979069773 ms
Peak memory: 768.0313491821289 MB
Time index, remove data from structure: 0.0023988071860465117
Time for querying: 0.0
Time for new slide: 0.09972005855813952
Time for expired slide: 0.008011625232558139
------------------------------------
Number clusters = 0.0
Max Number points in event queue = 0.0
Avg number points in clusters= 0.0
Avg Rmc size = 0.0
Avg Length exps= 0.0
#window: 87
Total #outliers: 511
Average Time: 108.32559865517247 ms
Peak memory: 787.8135070800781 MB
Time index, remove data from structure: 0.002397530471264368
Time for querying: 0.0
Time for new slide: 0.10024872416091954
Time for expired slide: 0.008073473586206897
------------------------------------
Number clusters = 0.0
Max Number points in event queue = 0.0
Avg number points in clusters= 0.0
Avg Rmc size = 0.0
Avg Length exps= 0.0
#window: 88
Total #outliers: 627
Average Time: 108.82838372727278 ms
Peak memory: 827.3777313232422 MB
Time index, remove data from structure: 0.0023954174545454546
Time for querying: 0.0
Time for new slide: 0.10074439343181818
Time for expired slide: 0.008080595443181819
------------------------------------
Number clusters = 0.0
Max Number points in event queue = 0.0
Avg number points in clusters= 0.0
Avg Rmc size = 0.0
Avg Length exps= 0.0
#window: 89
Total #outliers: 625
Average Time: 109.40624594382028 ms
Peak memory: 847.1598434448242 MB
Time index, remove data from structure: 0.0023942666741573033
Time for querying: 0.0
Time for new slide: 0.10124345949438202
Time for expired slide: 0.008159397595505618
------------------------------------
Number clusters = 0.0
Max Number points in event queue = 0.0
Avg number points in clusters= 0.0
Avg Rmc size = 0.0
Avg Length exps= 0.0
#window: 90
Total #outliers: 680
Average Time: 110.03581055555561 ms
Peak memory: 866.9419555664062 MB
Time index, remove data from structure: 0.0023940777888888888
Time for querying: 0.0
Time for new slide: 0.1017802831111111
Time for expired slide: 0.008252145399999999
------------------------------------
Number clusters = 0.0
Max Number points in event queue = 0.0
Avg number points in clusters= 0.0
Avg Rmc size = 0.0
Avg Length exps= 0.0
#window: 91
Total #outliers: 639
Average Time: 110.67233605494512 ms
Peak memory: 886.7240676879883 MB
Time index, remove data from structure: 0.0023916984615384614
Time for querying: 0.0
Time for new slide: 0.10238794372527472
Time for expired slide: 0.00828101089010989
------------------------------------
Number clusters = 0.0
Max Number points in event queue = 0.0
Avg number points in clusters= 0.0
Avg Rmc size = 0.0
Avg Length exps= 0.0
#window: 92
Total #outliers: 645
Average Time: 111.3141456739131 ms
Peak memory: 906.5061798095703 MB
Time index, remove data from structure: 0.0023904315869565217
Time for querying: 0.0
Time for new slide: 0.10293563427173913
Time for expired slide: 0.008375133010869566
------------------------------------
Number clusters = 0.0
Max Number points in event queue = 0.0
Avg number points in clusters= 0.0
Avg Rmc size = 0.0
Avg Length exps= 0.0
#window: 93
Total #outliers: 678
Average Time: 111.80175520430113 ms
Peak memory: 926.2882919311523 MB
Time index, remove data from structure: 0.002390666064516129
Time for querying: 0.0
Time for new slide: 0.10341318003225806
Time for expired slide: 0.008385197655913978
------------------------------------
Number clusters = 0.0
Max Number points in event queue = 0.0
Avg number points in clusters= 0.0
Avg Rmc size = 0.0
Avg Length exps= 0.0
#window: 94
Total #outliers: 640
Average Time: 112.16537223404261 ms
Peak memory: 946.0704040527344 MB
Time index, remove data from structure: 0.002388636329787234
Time for querying: 0.0
Time for new slide: 0.10373445123404255
Time for expired slide: 0.008427542010638299
------------------------------------
Number clusters = 0.0
Max Number points in event queue = 0.0
Avg number points in clusters= 0.0
Avg Rmc size = 0.0
Avg Length exps= 0.0
#window: 95
Total #outliers: 606
Average Time: 112.52105762105268 ms
Peak memory: 946.0704040527344 MB
Time index, remove data from structure: 0.002384566294736842
Time for querying: 0.0
Time for new slide: 0.1040992725368421
Time for expired slide: 0.00841840494736842
------------------------------------
Number clusters = 0.0
Max Number points in event queue = 0.0
Avg number points in clusters= 0.0
Avg Rmc size = 0.0
Avg Length exps= 0.0
#window: 96
Total #outliers: 594
Average Time: 112.92834314583338 ms
Peak memory: 985.634651184082 MB
Time index, remove data from structure: 0.002381174770833333
Time for querying: 0.0
Time for new slide: 0.1044861779375
Time for expired slide: 0.008438787104166666
------------------------------------
Number clusters = 0.0
Max Number points in event queue = 0.0
Avg number points in clusters= 0.0
Avg Rmc size = 0.0
Avg Length exps= 0.0
#window: 97
Total #outliers: 593
Average Time: 113.34394011340213 ms
Peak memory: 985.634651184082 MB
Time index, remove data from structure: 0.002378068494845361
Time for querying: 0.0
Time for new slide: 0.10489448996907216
Time for expired slide: 0.008446074257731959
------------------------------------
Number clusters = 0.0
Max Number points in event queue = 0.0
Avg number points in clusters= 0.0
Avg Rmc size = 0.0
Avg Length exps= 0.0
#window: 98
Total #outliers: 612
Average Time: 113.75635206122455 ms
Peak memory: 1025.198875427246 MB
Time index, remove data from structure: 0.0023751622244897958
Time for querying: 0.0
Time for new slide: 0.10531688331632653
Time for expired slide: 0.008436093336734694
------------------------------------
Number clusters = 0.0
Max Number points in event queue = 0.0
Avg number points in clusters= 0.0
Avg Rmc size = 0.0
Avg Length exps= 0.0
#window: 99
Total #outliers: 604
Average Time: 114.24473935353541 ms
Peak memory: 1025.198875427246 MB
Time index, remove data from structure: 0.0023727777171717174
Time for querying: 0.0
Time for new slide: 0.10577396306060606
Time for expired slide: 0.008467401595959595
------------------------------------
Number clusters = 0.0
Max Number points in event queue = 0.0
Avg number points in clusters= 0.0
Avg Rmc size = 0.0
Avg Length exps= 0.0
#window: 100
Total #outliers: 591
Average Time: 114.66143265000005 ms
Peak memory: 1064.7631225585938 MB
Time index, remove data from structure: 0.0023696412799999998
Time for querying: 0.0
Time for new slide: 0.10619892740999999
Time for expired slide: 0.00845913105
------------------------------------
Number clusters = 0.0
Max Number points in event queue = 0.0
Avg number points in clusters= 0.0
Avg Rmc size = 0.0
Avg Length exps= 0.0
#window: 101
Total #outliers: 529
Average Time: 115.00467532673272 ms
Peak memory: 1071.2826385498047 MB
Time index, remove data from structure: 0.00236708398019802
Time for querying: 0.0
Time for new slide: 0.10655094503960395
Time for expired slide: 0.008450356148514852
------------------------------------
Number clusters = 0.0
Max Number points in event queue = 0.0
Avg number points in clusters= 0.0
Avg Rmc size = 0.0
Avg Length exps= 0.0
#window: 102
Total #outliers: 513
Average Time: 115.34072280392164 ms
Peak memory: 1110.8468627929688 MB
Time index, remove data from structure: 0.0023647540882352942
Time for querying: 0.0
Time for new slide: 0.1068825146372549
Time for expired slide: 0.008454839098039216
------------------------------------
Number clusters = 0.0
Max Number points in event queue = 0.0
Avg number points in clusters= 0.0
Avg Rmc size = 0.0
Avg Length exps= 0.0
#window: 103
Total #outliers: 495
Average Time: 115.64634388349519 ms
Peak memory: 1110.8468627929688 MB
Time index, remove data from structure: 0.0023633091553398058
Time for querying: 0.0
Time for new slide: 0.10717119047572815
Time for expired slide: 0.008471781
------------------------------------
Number clusters = 0.0
Max Number points in event queue = 0.0
Avg number points in clusters= 0.0
Avg Rmc size = 0.0
Avg Length exps= 0.0
#window: 104
Total #outliers: 583
Average Time: 115.07748394230774 ms
Peak memory: 1110.8468627929688 MB
Time index, remove data from structure: 0.0023606692307692307
Time for querying: 0.0
Time for new slide: 0.10662307900961537
Time for expired slide: 0.00845103739423077
------------------------------------
Number clusters = 0.0
Max Number points in event queue = 0.0
Avg number points in clusters= 0.0
Avg Rmc size = 0.0
Avg Length exps= 0.0
#window: 105
Total #outliers: 582
Average Time: 114.52349900000004 ms
Peak memory: 1110.8468627929688 MB
Time index, remove data from structure: 0.0023568761714285714
Time for querying: 0.0
Time for new slide: 0.10608709532380953
Time for expired slide: 0.008433040571428572
------------------------------------
Number clusters = 0.0
Max Number points in event queue = 0.0
Avg number points in clusters= 0.0
Avg Rmc size = 0.0
Avg Length exps= 0.0
#window: 106
Total #outliers: 596
Average Time: 113.98065001886796 ms
Peak memory: 1110.8468627929688 MB
Time index, remove data from structure: 0.00235439420754717
Time for querying: 0.0
Time for new slide: 0.10556155327358491
Time for expired slide: 0.008415733943396227
------------------------------------
Number clusters = 0.0
Max Number points in event queue = 0.0
Avg number points in clusters= 0.0
Avg Rmc size = 0.0
Avg Length exps= 0.0
#window: 107
Total #outliers: 627
Average Time: 113.49802760747667 ms
Peak memory: 1110.8468627929688 MB
Time index, remove data from structure: 0.0023518112523364487
Time for querying: 0.0
Time for new slide: 0.10509459413084113
Time for expired slide: 0.008400075121495328
------------------------------------
Number clusters = 0.0
Max Number points in event queue = 0.0
Avg number points in clusters= 0.0
Avg Rmc size = 0.0
Avg Length exps= 0.0
#window: 108
Total #outliers: 581
Average Time: 113.05518403703708 ms
Peak memory: 1110.8468627929688 MB
Time index, remove data from structure: 0.0023486969351851853
Time for querying: 0.0
Time for new slide: 0.10465594186111112
Time for expired slide: 0.00839588563888889
------------------------------------
Number clusters = 0.0
Max Number points in event queue = 0.0
Avg number points in clusters= 0.0
Avg Rmc size = 0.0
Avg Length exps= 0.0
#window: 109
Total #outliers: 572
Average Time: 112.66644798165142 ms
Peak memory: 1110.8468627929688 MB
Time index, remove data from structure: 0.0023461237889908252
Time for querying: 0.0
Time for new slide: 0.1042597254587156
Time for expired slide: 0.008403364266055046
------------------------------------
Number clusters = 0.0
Max Number points in event queue = 0.0
Avg number points in clusters= 0.0
Avg Rmc size = 0.0
Avg Length exps= 0.0
#window: 110
Total #outliers: 574
Average Time: 112.3806103545455 ms
Peak memory: 1110.8468627929688 MB
Time index, remove data from structure: 0.0023460002454545456
Time for querying: 0.0
Time for new slide: 0.103966796
Time for expired slide: 0.008410450954545455
------------------------------------
Number clusters = 0.0
Max Number points in event queue = 0.0
Avg number points in clusters= 0.0
Avg Rmc size = 0.0
Avg Length exps= 0.0
#window: 111
Total #outliers: 587
Average Time: 112.05241590090094 ms
Peak memory: 1110.8468627929688 MB
Time index, remove data from structure: 0.002338365882882883
Time for querying: 0.0
Time for new slide: 0.10364959777477477
Time for expired slide: 0.008399451279279279
------------------------------------
Number clusters = 0.0
Max Number points in event queue = 0.0
Avg number points in clusters= 0.0
Avg Rmc size = 0.0
Avg Length exps= 0.0
#window: 112
Total #outliers: 579
Average Time: 111.79419844642861 ms
Peak memory: 1110.8468627929688 MB
Time index, remove data from structure: 0.002333798098214286
Time for querying: 0.0
Time for new slide: 0.10339442292857144
Time for expired slide: 0.008396408910714286
------------------------------------
Number clusters = 0.0
Max Number points in event queue = 0.0
Avg number points in clusters= 0.0
Avg Rmc size = 0.0
Avg Length exps= 0.0
#window: 113
Total #outliers: 576
Average Time: 111.54601076106199 ms
Peak memory: 1110.8468627929688 MB
Time index, remove data from structure: 0.002333624389380531
Time for querying: 0.0
Time for new slide: 0.10315904255752212
Time for expired slide: 0.00838360171681416
------------------------------------
Number clusters = 0.0
Max Number points in event queue = 0.0
Avg number points in clusters= 0.0
Avg Rmc size = 0.0
Avg Length exps= 0.0
#window: 114
Total #outliers: 594
Average Time: 111.35915814035093 ms
Peak memory: 1110.8468627929688 MB
Time index, remove data from structure: 0.0023319931842105267
Time for querying: 0.0
Time for new slide: 0.10298551815789474
Time for expired slide: 0.008370277166666667
------------------------------------
Number clusters = 0.0
Max Number points in event queue = 0.0
Avg number points in clusters= 0.0
Avg Rmc size = 0.0
Avg Length exps= 0.0
#window: 115
Total #outliers: 594
Average Time: 111.25290623478266 ms
Peak memory: 1110.8468627929688 MB
Time index, remove data from structure: 0.002331235286956522
Time for querying: 0.0
Time for new slide: 0.10287601191304348
Time for expired slide: 0.008373537478260869
------------------------------------
Number clusters = 0.0
Max Number points in event queue = 0.0
Avg number points in clusters= 0.0
Avg Rmc size = 0.0
Avg Length exps= 0.0
#window: 116
Total #outliers: 571
Average Time: 111.13130618965522 ms
Peak memory: 1110.8468627929688 MB
Time index, remove data from structure: 0.002329760698275862
Time for querying: 0.0
Time for new slide: 0.10276943197413793
Time for expired slide: 0.008358518603448276
------------------------------------
Number clusters = 0.0
Max Number points in event queue = 0.0
Avg number points in clusters= 0.0
Avg Rmc size = 0.0
Avg Length exps= 0.0
#window: 117
Total #outliers: 528
Average Time: 110.97852500000003 ms
Peak memory: 1110.8468627929688 MB
Time index, remove data from structure: 0.0023282974358974358
Time for querying: 0.0
Time for new slide: 0.10260868252991452
Time for expired slide: 0.008366486521367521
------------------------------------
Number clusters = 0.0
Max Number points in event queue = 0.0
Avg number points in clusters= 0.0
Avg Rmc size = 0.0
Avg Length exps= 0.0
#window: 118
Total #outliers: 567
Average Time: 110.93393257627123 ms
Peak memory: 1110.8468627929688 MB
Time index, remove data from structure: 0.002326998508474576
Time for querying: 0.0
Time for new slide: 0.10250806633050848
Time for expired slide: 0.00842251163559322
------------------------------------
Number clusters = 0.0
Max Number points in event queue = 0.0
Avg number points in clusters= 0.0
Avg Rmc size = 0.0
Avg Length exps= 0.0
#window: 119
Total #outliers: 560
Average Time: 110.9632280084034 ms
Peak memory: 1110.8468627929688 MB
Time index, remove data from structure: 0.002326528764705882
Time for querying: 0.0
Time for new slide: 0.10248047816806723
Time for expired slide: 0.008479390512605042
------------------------------------
Number clusters = 0.0
Max Number points in event queue = 0.0
Avg number points in clusters= 0.0
Avg Rmc size = 0.0
Avg Length exps= 0.0
#window: 120
Total #outliers: 608
Average Time: 110.97934368333337 ms
Peak memory: 1110.8468627929688 MB
Time index, remove data from structure: 0.002325061275
Time for querying: 0.0
Time for new slide: 0.10250498615833334
Time for expired slide: 0.008471000625
------------------------------------
Number clusters = 0.0
Max Number points in event queue = 0.0
Avg number points in clusters= 0.0
Avg Rmc size = 0.0
Avg Length exps= 0.0
#window: 121
Total #outliers: 708
Average Time: 110.99878713223146 ms
Peak memory: 1110.8468627929688 MB
Time index, remove data from structure: 0.0023235756446280988
Time for querying: 0.0
Time for new slide: 0.10253874257851239
Time for expired slide: 0.008456686636363635
------------------------------------
Number clusters = 0.0
Max Number points in event queue = 0.0
Avg number points in clusters= 0.0
Avg Rmc size = 0.0
Avg Length exps= 0.0
#window: 122
Total #outliers: 717
Average Time: 111.00909022131151 ms
Peak memory: 1110.8468627929688 MB
Time index, remove data from structure: 0.002322990557377049
Time for querying: 0.0
Time for new slide: 0.10253880374590163
Time for expired slide: 0.008466928278688524
------------------------------------
Number clusters = 0.0
Max Number points in event queue = 0.0
Avg number points in clusters= 0.0
Avg Rmc size = 0.0
Avg Length exps= 0.0
#window: 123
Total #outliers: 739
Average Time: 110.9016486260163 ms
Peak memory: 1110.8468627929688 MB
Time index, remove data from structure: 0.002321091674796748
Time for querying: 0.0
Time for new slide: 0.10244311968292684
Time for expired slide: 0.008455165910569107
------------------------------------
Number clusters = 0.0
Max Number points in event queue = 0.0
Avg number points in clusters= 0.0
Avg Rmc size = 0.0
Avg Length exps= 0.0
#window: 124
Total #outliers: 748
Average Time: 110.81458854838715 ms
Peak memory: 1110.8468627929688 MB
Time index, remove data from structure: 0.0023188321935483872
Time for querying: 0.0
Time for new slide: 0.10235069183064516
Time for expired slide: 0.008460536483870967
------------------------------------
Number clusters = 0.0
Max Number points in event queue = 0.0
Avg number points in clusters= 0.0
Avg Rmc size = 0.0
Avg Length exps= 0.0
#window: 125
Total #outliers: 769
Average Time: 110.77029593600004 ms
Peak memory: 1110.8468627929688 MB
Time index, remove data from structure: 0.002317431088
Time for querying: 0.0
Time for new slide: 0.1023145538
Time for expired slide: 0.008452382224
------------------------------------
Number clusters = 0.0
Max Number points in event queue = 0.0
Avg number points in clusters= 0.0
Avg Rmc size = 0.0
Avg Length exps= 0.0
#window: 126
Total #outliers: 779
Average Time: 110.7415271746032 ms
Peak memory: 1110.8468627929688 MB
Time index, remove data from structure: 0.002316241126984127
Time for querying: 0.0
Time for new slide: 0.10229181293650794
Time for expired slide: 0.008446356698412698
------------------------------------
Number clusters = 0.0
Max Number points in event queue = 0.0
Avg number points in clusters= 0.0
Avg Rmc size = 0.0
Avg Length exps= 0.0
#window: 127
Total #outliers: 624
Average Time: 110.78584625196854 ms
Peak memory: 1110.8468627929688 MB
Time index, remove data from structure: 0.002314273653543307
Time for querying: 0.0
Time for new slide: 0.10234245906299212
Time for expired slide: 0.0084400248503937
------------------------------------
Number clusters = 0.0
Max Number points in event queue = 0.0
Avg number points in clusters= 0.0
Avg Rmc size = 0.0
Avg Length exps= 0.0
#window: 128
Total #outliers: 645
Average Time: 110.94841991406254 ms
Peak memory: 1110.8468627929688 MB
Time index, remove data from structure: 0.002312047984375
Time for querying: 0.0
Time for new slide: 0.102517154546875
Time for expired slide: 0.0084278993359375
------------------------------------
Number clusters = 0.0
Max Number points in event queue = 0.0
Avg number points in clusters= 0.0
Avg Rmc size = 0.0
Avg Length exps= 0.0
#window: 129
Total #outliers: 552
Average Time: 111.04432538759694 ms
Peak memory: 1110.8468627929688 MB
Time index, remove data from structure: 0.002311163069767442
Time for querying: 0.0
Time for new slide: 0.10262021573643411
Time for expired slide: 0.008420746798449612
------------------------------------
Number clusters = 0.0
Max Number points in event queue = 0.0
Avg number points in clusters= 0.0
Avg Rmc size = 0.0
Avg Length exps= 0.0
#window: 130
Total #outliers: 548
Average Time: 111.12355422307697 ms
Peak memory: 1110.8468627929688 MB
Time index, remove data from structure: 0.0023102011923076923
Time for querying: 0.0
Time for new slide: 0.10269483553846155
Time for expired slide: 0.008425355438461539
------------------------------------
Number clusters = 0.0
Max Number points in event queue = 0.0
Avg number points in clusters= 0.0
Avg Rmc size = 0.0
Avg Length exps= 0.0
#window: 131
Total #outliers: 553
Average Time: 111.2268762137405 ms
Peak memory: 1110.8468627929688 MB
Time index, remove data from structure: 0.002309363717557252
Time for querying: 0.0
Time for new slide: 0.10279381382442748
Time for expired slide: 0.008429696977099237
------------------------------------
Number clusters = 0.0
Max Number points in event queue = 0.0
Avg number points in clusters= 0.0
Avg Rmc size = 0.0
Avg Length exps= 0.0
#window: 132
Total #outliers: 570
Average Time: 111.37822843181823 ms
Peak memory: 1110.8468627929688 MB
Time index, remove data from structure: 0.002307462583333333
Time for querying: 0.0
Time for new slide: 0.10295803321969697
Time for expired slide: 0.008416825628787879
------------------------------------
Number clusters = 0.0
Max Number points in event queue = 0.0
Avg number points in clusters= 0.0
Avg Rmc size = 0.0
Avg Length exps= 0.0
#window: 133
Total #outliers: 571
Average Time: 111.5282183909775 ms
Peak memory: 1110.8468627929688 MB
Time index, remove data from structure: 0.0023062225263157893
Time for querying: 0.0
Time for new slide: 0.10311844310526315
Time for expired slide: 0.008406405639097744
------------------------------------
Number clusters = 0.0
Max Number points in event queue = 0.0
Avg number points in clusters= 0.0
Avg Rmc size = 0.0
Avg Length exps= 0.0
#window: 134
Total #outliers: 552
Average Time: 111.68303943283587 ms
Peak memory: 1110.8468627929688 MB
Time index, remove data from structure: 0.0023032925597014924
Time for querying: 0.0
Time for new slide: 0.10328558714925373
Time for expired slide: 0.008394078298507463
------------------------------------
Number clusters = 0.0
Max Number points in event queue = 0.0
Avg number points in clusters= 0.0
Avg Rmc size = 0.0
Avg Length exps= 0.0
#window: 135
Total #outliers: 579
Average Time: 111.78921557037043 ms
Peak memory: 1110.8468627929688 MB
Time index, remove data from structure: 0.002300632251851852
Time for querying: 0.0
Time for new slide: 0.10340384037777778
Time for expired slide: 0.008382000533333333
------------------------------------
Number clusters = 0.0
Max Number points in event queue = 0.0
Avg number points in clusters= 0.0
Avg Rmc size = 0.0
Avg Length exps= 0.0
#window: 136
Total #outliers: 521
Average Time: 111.97443695588241 ms
Peak memory: 1110.8468627929688 MB
Time index, remove data from structure: 0.0022984285220588236
Time for querying: 0.0
Time for new slide: 0.1036005499264706
Time for expired slide: 0.008370511169117648
------------------------------------
Number clusters = 0.0
Max Number points in event queue = 0.0
Avg number points in clusters= 0.0
Avg Rmc size = 0.0
Avg Length exps= 0.0
#window: 137
Total #outliers: 500
Average Time: 112.10198673722634 ms
Peak memory: 1110.8468627929688 MB
Time index, remove data from structure: 0.0022955561897810223
Time for querying: 0.0
Time for new slide: 0.1037419079270073
Time for expired slide: 0.008356698554744526
------------------------------------
Number clusters = 0.0
Max Number points in event queue = 0.0
Avg number points in clusters= 0.0
Avg Rmc size = 0.0
Avg Length exps= 0.0
#window: 138
Total #outliers: 489
Average Time: 112.29157891304355 ms
Peak memory: 1110.8468627929688 MB
Time index, remove data from structure: 0.0022928223985507245
Time for querying: 0.0
Time for new slide: 0.10394485243478262
Time for expired slide: 0.008343343717391306
------------------------------------
Number clusters = 0.0
Max Number points in event queue = 0.0
Avg number points in clusters= 0.0
Avg Rmc size = 0.0
Avg Length exps= 0.0
#window: 139
Total #outliers: 505
Average Time: 112.47953652517992 ms
Peak memory: 1110.8468627929688 MB
Time index, remove data from structure: 0.0022906674892086334
Time for querying: 0.0
Time for new slide: 0.10414611983453238
Time for expired slide: 0.008330036669064749
------------------------------------
Number clusters = 0.0
Max Number points in event queue = 0.0
Avg number points in clusters= 0.0
Avg Rmc size = 0.0
Avg Length exps= 0.0
#window: 140
Total #outliers: 508
Average Time: 112.64517185000005 ms
Peak memory: 1110.8468627929688 MB
Time index, remove data from structure: 0.002288873035714286
Time for querying: 0.0
Time for new slide: 0.10432345831428572
Time for expired slide: 0.008318329507142857
------------------------------------
Number clusters = 0.0
Max Number points in event queue = 0.0
Avg number points in clusters= 0.0
Avg Rmc size = 0.0
Avg Length exps= 0.0
#window: 141
Total #outliers: 538
Average Time: 112.8374962624114 ms
Peak memory: 1110.8468627929688 MB
Time index, remove data from structure: 0.0022879243617021277
Time for querying: 0.0
Time for new slide: 0.10452520690780141
Time for expired slide: 0.008308905617021278
------------------------------------
Number clusters = 0.0
Max Number points in event queue = 0.0
Avg number points in clusters= 0.0
Avg Rmc size = 0.0
Avg Length exps= 0.0
#window: 142
Total #outliers: 555
Average Time: 113.05975337323949 ms
Peak memory: 1110.8468627929688 MB
Time index, remove data from structure: 0.0022866343028169014
Time for querying: 0.0
Time for new slide: 0.10475609676056338
Time for expired slide: 0.008300266429577464
------------------------------------
Number clusters = 0.0
Max Number points in event queue = 0.0
Avg number points in clusters= 0.0
Avg Rmc size = 0.0
Avg Length exps= 0.0
#window: 143
Total #outliers: 521
Average Time: 113.27081486013992 ms
Peak memory: 1110.8468627929688 MB
Time index, remove data from structure: 0.0022846116993006996
Time for querying: 0.0
Time for new slide: 0.10497674908391608
Time for expired slide: 0.008290676293706294
------------------------------------
Number clusters = 0.0
Max Number points in event queue = 0.0
Avg number points in clusters= 0.0
Avg Rmc size = 0.0
Avg Length exps= 0.0
#window: 144
Total #outliers: 531
Average Time: 113.48096920138894 ms
Peak memory: 1110.8468627929688 MB
Time index, remove data from structure: 0.0022828191666666667
Time for querying: 0.0
Time for new slide: 0.10519731520833334
Time for expired slide: 0.008280261888888888
------------------------------------
Number clusters = 0.0
Max Number points in event queue = 0.0
Avg number points in clusters= 0.0
Avg Rmc size = 0.0
Avg Length exps= 0.0
#window: 145
Total #outliers: 508
Average Time: 113.68232744827591 ms
Peak memory: 1110.8468627929688 MB
Time index, remove data from structure: 0.0022811518827586205
Time for querying: 0.0
Time for new slide: 0.10540809690344828
Time for expired slide: 0.0082708364
------------------------------------
Number clusters = 0.0
Max Number points in event queue = 0.0
Avg number points in clusters= 0.0
Avg Rmc size = 0.0
Avg Length exps= 0.0
#window: 146
Total #outliers: 538
Average Time: 113.8963162465754 ms
Peak memory: 1110.8468627929688 MB
Time index, remove data from structure: 0.0022792249657534245
Time for querying: 0.0
Time for new slide: 0.10561877439726028
Time for expired slide: 0.008274144308219178
------------------------------------
Number clusters = 0.0
Max Number points in event queue = 0.0
Avg number points in clusters= 0.0
Avg Rmc size = 0.0
Avg Length exps= 0.0
#window: 147
Total #outliers: 567
Average Time: 114.1265074693878 ms
Peak memory: 1110.8468627929688 MB
Time index, remove data from structure: 0.0022763346598639453
Time for querying: 0.0
Time for new slide: 0.10585947257142857
Time for expired slide: 0.008263630959183673
------------------------------------
Number clusters = 0.0
Max Number points in event queue = 0.0
Avg number points in clusters= 0.0
Avg Rmc size = 0.0
Avg Length exps= 0.0
#window: 148
Total #outliers: 610
Average Time: 114.31817649324329 ms
Peak memory: 1110.8468627929688 MB
Time index, remove data from structure: 0.0022740097905405406
Time for querying: 0.0
Time for new slide: 0.10606081377702703
Time for expired slide: 0.008253961763513513
------------------------------------
Number clusters = 0.0
Max Number points in event queue = 0.0
Avg number points in clusters= 0.0
Avg Rmc size = 0.0
Avg Length exps= 0.0
#window: 149
Total #outliers: 648
Average Time: 114.46120210067119 ms
Peak memory: 1110.8468627929688 MB
Time index, remove data from structure: 0.002272245087248322
Time for querying: 0.0
Time for new slide: 0.10621165225503357
Time for expired slide: 0.008246149704697987
------------------------------------
Number clusters = 0.0
Max Number points in event queue = 0.0
Avg number points in clusters= 0.0
Avg Rmc size = 0.0
Avg Length exps= 0.0
#window: 150
Total #outliers: 641
Average Time: 114.59311030666672 ms
Peak memory: 1110.8468627929688 MB
Time index, remove data from structure: 0.00227017058
Time for querying: 0.0
Time for new slide: 0.10635026601333333
Time for expired slide: 0.008239445946666667
------------------------------------
Number clusters = 0.0
Max Number points in event queue = 0.0
Avg number points in clusters= 0.0
Avg Rmc size = 0.0
Avg Length exps= 0.0
#window: 151
Total #outliers: 621
Average Time: 114.70028725827818 ms
Peak memory: 1110.8468627929688 MB
Time index, remove data from structure: 0.0022680386490066223
Time for querying: 0.0
Time for new slide: 0.10646423247019868
Time for expired slide: 0.008232653258278145
------------------------------------
Number clusters = 0.0
Max Number points in event queue = 0.0
Avg number points in clusters= 0.0
Avg Rmc size = 0.0
Avg Length exps= 0.0
#window: 152
Total #outliers: 600
Average Time: 114.76794023684212 ms
Peak memory: 1110.8468627929688 MB
Time index, remove data from structure: 0.0022656935131578947
Time for querying: 0.0
Time for new slide: 0.10652413963815788
Time for expired slide: 0.008240400407894737
------------------------------------
Number clusters = 0.0
Max Number points in event queue = 0.0
Avg number points in clusters= 0.0
Avg Rmc size = 0.0
Avg Length exps= 0.0
#window: 153
Total #outliers: 541
Average Time: 114.86709394771245 ms
Peak memory: 1110.8468627929688 MB
Time index, remove data from structure: 0.0022643251241830065
Time for querying: 0.0
Time for new slide: 0.10661652283660131
Time for expired slide: 0.00824717277124183
------------------------------------
Number clusters = 0.0
Max Number points in event queue = 0.0
Avg number points in clusters= 0.0
Avg Rmc size = 0.0
Avg Length exps= 0.0
#window: 154
Total #outliers: 545
Average Time: 114.94107224675328 ms
Peak memory: 1110.8468627929688 MB
Time index, remove data from structure: 0.0022622692337662337
Time for querying: 0.0
Time for new slide: 0.10669999919480519
Time for expired slide: 0.008237675831168832
------------------------------------
Number clusters = 0.0
Max Number points in event queue = 0.0
Avg number points in clusters= 0.0
Avg Rmc size = 0.0
Avg Length exps= 0.0
#window: 155
Total #outliers: 545
Average Time: 115.05371834838712 ms
Peak memory: 1110.8468627929688 MB
Time index, remove data from structure: 0.0022605529999999998
Time for querying: 0.0
Time for new slide: 0.10682150846451613
Time for expired slide: 0.008228813677419355
------------------------------------
Number clusters = 0.0
Max Number points in event queue = 0.0
Avg number points in clusters= 0.0
Avg Rmc size = 0.0
Avg Length exps= 0.0
#window: 156
Total #outliers: 534
Average Time: 115.18181995512823 ms
Peak memory: 1114.1040344238281 MB
Time index, remove data from structure: 0.002258443032051282
Time for querying: 0.0
Time for new slide: 0.10695891511538462
Time for expired slide: 0.008219512564102563
------------------------------------
Number clusters = 0.0
Max Number points in event queue = 0.0
Avg number points in clusters= 0.0
Avg Rmc size = 0.0
Avg Length exps= 0.0
#window: 157
Total #outliers: 493
Average Time: 114.92903445222933 ms
Peak memory: 1114.1040344238281 MB
Time index, remove data from structure: 0.002257029566878981
Time for querying: 0.0
Time for new slide: 0.10668068440127387
Time for expired slide: 0.008244959649681529
------------------------------------
Number clusters = 0.0
Max Number points in event queue = 0.0
Avg number points in clusters= 0.0
Avg Rmc size = 0.0
Avg Length exps= 0.0
#window: 158
Total #outliers: 537
Average Time: 114.71594243037977 ms
Peak memory: 1114.1040344238281 MB
Time index, remove data from structure: 0.0022550012025316455
Time for querying: 0.0
Time for new slide: 0.10648083475316455
Time for expired slide: 0.008231719253164557
------------------------------------
Number clusters = 0.0
Max Number points in event queue = 0.0
Avg number points in clusters= 0.0
Avg Rmc size = 0.0
Avg Length exps= 0.0
#window: 159
Total #outliers: 533
Average Time: 114.45446500628933 ms
Peak memory: 1114.1040344238281 MB
Time index, remove data from structure: 0.0022530945220125788
Time for querying: 0.0
Time for new slide: 0.1062297195408805
Time for expired slide: 0.00822135920754717
------------------------------------
Number clusters = 0.0
Max Number points in event queue = 0.0
Avg number points in clusters= 0.0
Avg Rmc size = 0.0
Avg Length exps= 0.0
#window: 160
Total #outliers: 511
Average Time: 114.19904170625001 ms
Peak memory: 1114.1040344238281 MB
Time index, remove data from structure: 0.00225044290625
Time for querying: 0.0
Time for new slide: 0.1059861951625
Time for expired slide: 0.008209459325
------------------------------------
Number clusters = 0.0
Max Number points in event queue = 0.0
Avg number points in clusters= 0.0
Avg Rmc size = 0.0
Avg Length exps= 0.0
#window: 161
Total #outliers: 544
Average Time: 113.96629223602487 ms
Peak memory: 1114.1040344238281 MB
Time index, remove data from structure: 0.002247890950310559
Time for querying: 0.0
Time for new slide: 0.10574745011180123
Time for expired slide: 0.008215457217391305
------------------------------------
Number clusters = 0.0
Max Number points in event queue = 0.0
Avg number points in clusters= 0.0
Avg Rmc size = 0.0
Avg Length exps= 0.0
#window: 162
Total #outliers: 550
Average Time: 113.73438803703705 ms
Peak memory: 1114.1040344238281 MB
Time index, remove data from structure: 0.0022452602345679014
Time for querying: 0.0
Time for new slide: 0.10552687549382717
Time for expired slide: 0.008204127141975309
------------------------------------
Number clusters = 0.0
Max Number points in event queue = 0.0
Avg number points in clusters= 0.0
Avg Rmc size = 0.0
Avg Length exps= 0.0
#window: 163
Total #outliers: 590
Average Time: 113.50630622699387 ms
Peak memory: 1114.1040344238281 MB
Time index, remove data from structure: 0.002243410055214724
Time for querying: 0.0
Time for new slide: 0.10529543793251533
Time for expired slide: 0.00820748335582822
------------------------------------
Number clusters = 0.0
Max Number points in event queue = 0.0
Avg number points in clusters= 0.0
Avg Rmc size = 0.0
Avg Length exps= 0.0
#window: 164
Total #outliers: 609
Average Time: 113.29544159756098 ms
Peak memory: 1114.1040344238281 MB
Time index, remove data from structure: 0.0022402930914634145
Time for querying: 0.0
Time for new slide: 0.10509636601219513
Time for expired slide: 0.008195690329268292
------------------------------------
Number clusters = 0.0
Max Number points in event queue = 0.0
Avg number points in clusters= 0.0
Avg Rmc size = 0.0
Avg Length exps= 0.0
#window: 165
Total #outliers: 604
Average Time: 113.0013080848485 ms
Peak memory: 1114.1040344238281 MB
Time index, remove data from structure: 0.0022366972
Time for querying: 0.0
Time for new slide: 0.1048126160121212
Time for expired slide: 0.00818530963030303
------------------------------------
Number clusters = 0.0
Max Number points in event queue = 0.0
Avg number points in clusters= 0.0
Avg Rmc size = 0.0
Avg Length exps= 0.0
#window: 166
Total #outliers: 688
Average Time: 112.76661625903617 ms
Peak memory: 1114.1040344238281 MB
Time index, remove data from structure: 0.0022349177590361446
Time for querying: 0.0
Time for new slide: 0.10457397960843373
Time for expired slide: 0.008189254843373494
------------------------------------
Number clusters = 0.0
Max Number points in event queue = 0.0
Avg number points in clusters= 0.0
Avg Rmc size = 0.0
Avg Length exps= 0.0
#window: 167
Total #outliers: 711
Average Time: 112.57498937125752 ms
Peak memory: 1114.1040344238281 MB
Time index, remove data from structure: 0.0022330073473053893
Time for querying: 0.0
Time for new slide: 0.10437778120359281
Time for expired slide: 0.008193828748502994
------------------------------------
Number clusters = 0.0
Max Number points in event queue = 0.0
Avg number points in clusters= 0.0
Avg Rmc size = 0.0
Avg Length exps= 0.0
#window: 168
Total #outliers: 717
Average Time: 112.40309570833335 ms
Peak memory: 1114.1040344238281 MB
Time index, remove data from structure: 0.002231321767857143
Time for querying: 0.0
Time for new slide: 0.1041994489404762
Time for expired slide: 0.008200268404761905
------------------------------------
Number clusters = 0.0
Max Number points in event queue = 0.0
Avg number points in clusters= 0.0
Avg Rmc size = 0.0
Avg Length exps= 0.0
#window: 169
Total #outliers: 726
Average Time: 112.23594584023672 ms
Peak memory: 1114.1040344238281 MB
Time index, remove data from structure: 0.002229854698224852
Time for querying: 0.0
Time for new slide: 0.1040128848816568
Time for expired slide: 0.008219682923076923
------------------------------------
Number clusters = 0.0
Max Number points in event queue = 0.0
Avg number points in clusters= 0.0
Avg Rmc size = 0.0
Avg Length exps= 0.0
#window: 170
Total #outliers: 715
Average Time: 112.09272042352944 ms
Peak memory: 1114.1040344238281 MB
Time index, remove data from structure: 0.0022279475235294117
Time for querying: 0.0
Time for new slide: 0.10386118272352941
Time for expired slide: 0.008228160747058823
------------------------------------
Number clusters = 0.0
Max Number points in event queue = 0.0
Avg number points in clusters= 0.0
Avg Rmc size = 0.0
Avg Length exps= 0.0
#window: 171
Total #outliers: 718
Average Time: 111.98909043274855 ms
Peak memory: 1114.1040344238281 MB
Time index, remove data from structure: 0.0022263017894736843
Time for querying: 0.0
Time for new slide: 0.10374837025730994
Time for expired slide: 0.008237340678362574
------------------------------------
Number clusters = 0.0
Max Number points in event queue = 0.0
Avg number points in clusters= 0.0
Avg Rmc size = 0.0
Avg Length exps= 0.0
#window: 172
Total #outliers: 727
Average Time: 111.90472466279073 ms
Peak memory: 1114.1040344238281 MB
Time index, remove data from structure: 0.0022250810348837208
Time for querying: 0.0
Time for new slide: 0.10365943618023256
Time for expired slide: 0.008241906697674418
------------------------------------
Number clusters = 0.0
Max Number points in event queue = 0.0
Avg number points in clusters= 0.0
Avg Rmc size = 0.0
Avg Length exps= 0.0
#window: 173
Total #outliers: 787
Average Time: 111.78682919075148 ms
Peak memory: 1114.1040344238281 MB
Time index, remove data from structure: 0.002224169
Time for querying: 0.0
Time for new slide: 0.10353047628901733
Time for expired slide: 0.008252972
------------------------------------
Number clusters = 0.0
Max Number points in event queue = 0.0
Avg number points in clusters= 0.0
Avg Rmc size = 0.0
Avg Length exps= 0.0
#window: 174
Total #outliers: 806
Average Time: 111.65815046551728 ms
Peak memory: 1114.1040344238281 MB
Time index, remove data from structure: 0.0022228809137931032
Time for querying: 0.0
Time for new slide: 0.10338980674712643
Time for expired slide: 0.008264957936781609
------------------------------------
Number clusters = 0.0
Max Number points in event queue = 0.0
Avg number points in clusters= 0.0
Avg Rmc size = 0.0
Avg Length exps= 0.0
#window: 175
Total #outliers: 859
Average Time: 111.52364582285718 ms
Peak memory: 1114.1040344238281 MB
Time index, remove data from structure: 0.0022215156342857145
Time for querying: 0.0
Time for new slide: 0.10323528219428571
Time for expired slide: 0.008284975851428572
------------------------------------
Number clusters = 0.0
Max Number points in event queue = 0.0
Avg number points in clusters= 0.0
Avg Rmc size = 0.0
Avg Length exps= 0.0
#window: 176
Total #outliers: 866
Average Time: 111.41512938636366 ms
Peak memory: 1114.1040344238281 MB
Time index, remove data from structure: 0.0022206733920454545
Time for querying: 0.0
Time for new slide: 0.10307608623295454
Time for expired slide: 0.008335652261363636
------------------------------------
Number clusters = 0.0
Max Number points in event queue = 0.0
Avg number points in clusters= 0.0
Avg Rmc size = 0.0
Avg Length exps= 0.0
#window: 177
Total #outliers: 917
Average Time: 111.27258062711867 ms
Peak memory: 1114.1040344238281 MB
Time index, remove data from structure: 0.002219893593220339
Time for querying: 0.0
Time for new slide: 0.10293311353107346
Time for expired slide: 0.008336078231638419
------------------------------------
Number clusters = 0.0
Max Number points in event queue = 0.0
Avg number points in clusters= 0.0
Avg Rmc size = 0.0
Avg Length exps= 0.0
#window: 178
Total #outliers: 913
Average Time: 111.16816912359553 ms
Peak memory: 1114.1040344238281 MB
Time index, remove data from structure: 0.002219027488764045
Time for querying: 0.0
Time for new slide: 0.10282592254494383
Time for expired slide: 0.00833886008988764
------------------------------------
Number clusters = 0.0
Max Number points in event queue = 0.0
Avg number points in clusters= 0.0
Avg Rmc size = 0.0
Avg Length exps= 0.0
#window: 179
Total #outliers: 934
Average Time: 111.10862592737433 ms
Peak memory: 1114.1040344238281 MB
Time index, remove data from structure: 0.0022183459106145252
Time for querying: 0.0
Time for new slide: 0.10272905511731845
Time for expired slide: 0.008376183536312849
------------------------------------
Number clusters = 0.0
Max Number points in event queue = 0.0
Avg number points in clusters= 0.0
Avg Rmc size = 0.0
Avg Length exps= 0.0
#window: 180
Total #outliers: 951
Average Time: 111.07138233333337 ms
Peak memory: 1114.1040344238281 MB
Time index, remove data from structure: 0.002218127361111111
Time for querying: 0.0
Time for new slide: 0.10268056564444444
Time for expired slide: 0.008387430805555556
------------------------------------
Number clusters = 0.0
Max Number points in event queue = 0.0
Avg number points in clusters= 0.0
Avg Rmc size = 0.0
Avg Length exps= 0.0
Peak memory: 1114.1040344238281 MB
Average CPU time: 111.07138233333337 ms
